<?xml version="1.0" encoding="UTF-8" ?>
<testsuite tests="3" failures="0" name="org.solent.com504.project.impl.service.test.ServiceFacadeJpaTest" time="0.032" errors="3" skipped="0">
  <properties>
    <property name="java.runtime.name" value="Java(TM) SE Runtime Environment"/>
    <property name="sun.boot.library.path" value="C:\Program Files\Java\jdk1.8.0_202\jre\bin"/>
    <property name="java.vm.version" value="25.202-b08"/>
    <property name="java.vm.vendor" value="Oracle Corporation"/>
    <property name="maven.multiModuleProjectDirectory" value="C:\Users\3moulj69\Repos\temp\SOFTWARE-SYSTEMS-DEVELOPMENT\Josh\Andres-Project\project"/>
    <property name="java.vendor.url" value="http://java.oracle.com/"/>
    <property name="path.separator" value=";"/>
    <property name="guice.disable.misplaced.annotation.check" value="true"/>
    <property name="java.vm.name" value="Java HotSpot(TM) 64-Bit Server VM"/>
    <property name="file.encoding.pkg" value="sun.io"/>
    <property name="user.script" value=""/>
    <property name="user.country" value="GB"/>
    <property name="sun.java.launcher" value="SUN_STANDARD"/>
    <property name="sun.os.patch.level" value=""/>
    <property name="java.vm.specification.name" value="Java Virtual Machine Specification"/>
    <property name="user.dir" value="C:\Users\3moulj69\Repos\temp\SOFTWARE-SYSTEMS-DEVELOPMENT\Josh\Andres-Project\project"/>
    <property name="java.runtime.version" value="1.8.0_202-b08"/>
    <property name="java.awt.graphicsenv" value="sun.awt.Win32GraphicsEnvironment"/>
    <property name="java.endorsed.dirs" value="C:\Program Files\Java\jdk1.8.0_202\jre\lib\endorsed"/>
    <property name="os.arch" value="amd64"/>
    <property name="java.io.tmpdir" value="C:\Users\3moulj69\AppData\Local\Temp\"/>
    <property name="line.separator" value="
"/>
    <property name="java.vm.specification.vendor" value="Oracle Corporation"/>
    <property name="user.variant" value=""/>
    <property name="os.name" value="Windows 10"/>
    <property name="classworlds.conf" value="c:\Program Files\Apache\Maven\bin\..\bin\m2.conf"/>
    <property name="sun.jnu.encoding" value="Cp1252"/>
    <property name="java.library.path" value="C:\Program Files\Java\jdk1.8.0_202\bin;C:\WINDOWS\Sun\Java\bin;C:\WINDOWS\system32;C:\WINDOWS;C:\Program Files (x86)\Python37-32\Scripts\;C:\Program Files (x86)\Python37-32\;C:\Program Files (x86)\Common Files\Oracle\Java\javapath;C:\Program Files (x86)\NVIDIA Corporation\PhysX\Common;C:\WINDOWS\system32;C:\WINDOWS;C:\WINDOWS\System32\Wbem;C:\WINDOWS\System32\WindowsPowerShell\v1.0\;C:\WINDOWS\System32\OpenSSH\;C:\Program Files\Microsoft SQL Server\120\Tools\Binn\;C:\Program Files (x86)\Brackets\command;C:\Program Files (x86)\Common Files\Sage SData\;C:\Program Files\Csound6_x64\bin;C:\Program Files\Git\cmd;C:\Program Files\MiKTeX 2.9\miktex\bin\x64\;C:\Program Files\nodejs\;C:\Program Files\Microsoft VS Code\bin;C:\Program Files\Java\jdk1.8.0_202\bin;c:\program files\apache\maven\bin;C:\Program Files (x86)\Windows Kits\8.1\Windows Performance Toolkit\;C:\Program Files\MATLAB\R2017a\runtime\win64;C:\Program Files\MATLAB\R2017a\bin;C:\Users\3moulj69\AppData\Local\Microsoft\WindowsApps;;."/>
    <property name="maven.conf" value="c:\Program Files\Apache\Maven\bin\../conf"/>
    <property name="java.specification.name" value="Java Platform API Specification"/>
    <property name="java.class.version" value="52.0"/>
    <property name="sun.management.compiler" value="HotSpot 64-Bit Tiered Compilers"/>
    <property name="os.version" value="10.0"/>
    <property name="library.jansi.path" value="c:\Program Files\Apache\Maven\bin\..\lib\jansi-native"/>
    <property name="user.home" value="C:\Users\3moulj69"/>
    <property name="user.timezone" value="Europe/London"/>
    <property name="java.awt.printerjob" value="sun.awt.windows.WPrinterJob"/>
    <property name="java.specification.version" value="1.8"/>
    <property name="file.encoding" value="Cp1252"/>
    <property name="user.name" value="3moulj69"/>
    <property name="java.class.path" value="c:\Program Files\Apache\Maven\bin\..\boot\plexus-classworlds-2.5.2.jar"/>
    <property name="java.vm.specification.version" value="1.8"/>
    <property name="sun.arch.data.model" value="64"/>
    <property name="java.home" value="C:\Program Files\Java\jdk1.8.0_202\jre"/>
    <property name="sun.java.command" value="org.codehaus.plexus.classworlds.launcher.Launcher clean install"/>
    <property name="java.specification.vendor" value="Oracle Corporation"/>
    <property name="user.language" value="en"/>
    <property name="awt.toolkit" value="sun.awt.windows.WToolkit"/>
    <property name="java.vm.info" value="mixed mode"/>
    <property name="java.version" value="1.8.0_202"/>
    <property name="java.ext.dirs" value="C:\Program Files\Java\jdk1.8.0_202\jre\lib\ext;C:\WINDOWS\Sun\Java\lib\ext"/>
    <property name="sun.boot.class.path" value="C:\Program Files\Java\jdk1.8.0_202\jre\lib\resources.jar;C:\Program Files\Java\jdk1.8.0_202\jre\lib\rt.jar;C:\Program Files\Java\jdk1.8.0_202\jre\lib\sunrsasign.jar;C:\Program Files\Java\jdk1.8.0_202\jre\lib\jsse.jar;C:\Program Files\Java\jdk1.8.0_202\jre\lib\jce.jar;C:\Program Files\Java\jdk1.8.0_202\jre\lib\charsets.jar;C:\Program Files\Java\jdk1.8.0_202\jre\lib\jfr.jar;C:\Program Files\Java\jdk1.8.0_202\jre\classes"/>
    <property name="sun.stderr.encoding" value="cp850"/>
    <property name="java.vendor" value="Oracle Corporation"/>
    <property name="maven.home" value="c:\Program Files\Apache\Maven\bin\.."/>
    <property name="file.separator" value="\"/>
    <property name="java.vendor.url.bug" value="http://bugreport.sun.com/bugreport/"/>
    <property name="sun.cpu.endian" value="little"/>
    <property name="sun.io.unicode.encoding" value="UnicodeLittle"/>
    <property name="sun.stdout.encoding" value="cp850"/>
    <property name="sun.desktop" value="windows"/>
    <property name="sun.cpu.isalist" value="amd64"/>
  </properties>
  <testcase classname="org.solent.com504.project.impl.service.test.ServiceFacadeJpaTest" name="testFactory" time="0.032">
    <error message="Failed to load ApplicationContext" type="java.lang.IllegalStateException">java.lang.IllegalStateException: Failed to load ApplicationContext
	at org.springframework.test.context.cache.DefaultCacheAwareContextLoaderDelegate.loadContext(DefaultCacheAwareContextLoaderDelegate.java:132)
	at org.springframework.test.context.support.DefaultTestContext.getApplicationContext(DefaultTestContext.java:123)
	at org.springframework.test.context.support.DependencyInjectionTestExecutionListener.injectDependencies(DependencyInjectionTestExecutionListener.java:118)
	at org.springframework.test.context.support.DependencyInjectionTestExecutionListener.prepareTestInstance(DependencyInjectionTestExecutionListener.java:83)
	at org.springframework.test.context.TestContextManager.prepareTestInstance(TestContextManager.java:244)
	at org.springframework.test.context.junit4.SpringJUnit4ClassRunner.createTest(SpringJUnit4ClassRunner.java:227)
	at org.springframework.test.context.junit4.SpringJUnit4ClassRunner$1.runReflectiveCall(SpringJUnit4ClassRunner.java:289)
	at org.junit.internal.runners.model.ReflectiveCallable.run(ReflectiveCallable.java:12)
	at org.springframework.test.context.junit4.SpringJUnit4ClassRunner.methodBlock(SpringJUnit4ClassRunner.java:291)
	at org.springframework.test.context.junit4.SpringJUnit4ClassRunner.runChild(SpringJUnit4ClassRunner.java:246)
	at org.springframework.test.context.junit4.SpringJUnit4ClassRunner.runChild(SpringJUnit4ClassRunner.java:97)
	at org.junit.runners.ParentRunner$3.run(ParentRunner.java:290)
	at org.junit.runners.ParentRunner$1.schedule(ParentRunner.java:71)
	at org.junit.runners.ParentRunner.runChildren(ParentRunner.java:288)
	at org.junit.runners.ParentRunner.access$000(ParentRunner.java:58)
	at org.junit.runners.ParentRunner$2.evaluate(ParentRunner.java:268)
	at org.springframework.test.context.junit4.statements.RunBeforeTestClassCallbacks.evaluate(RunBeforeTestClassCallbacks.java:61)
	at org.springframework.test.context.junit4.statements.RunAfterTestClassCallbacks.evaluate(RunAfterTestClassCallbacks.java:70)
	at org.junit.runners.ParentRunner.run(ParentRunner.java:363)
	at org.springframework.test.context.junit4.SpringJUnit4ClassRunner.run(SpringJUnit4ClassRunner.java:190)
	at org.apache.maven.surefire.junit4.JUnit4Provider.execute(JUnit4Provider.java:252)
	at org.apache.maven.surefire.junit4.JUnit4Provider.executeTestSet(JUnit4Provider.java:141)
	at org.apache.maven.surefire.junit4.JUnit4Provider.invoke(JUnit4Provider.java:112)
	at sun.reflect.NativeMethodAccessorImpl.invoke0(Native Method)
	at sun.reflect.NativeMethodAccessorImpl.invoke(NativeMethodAccessorImpl.java:62)
	at sun.reflect.DelegatingMethodAccessorImpl.invoke(DelegatingMethodAccessorImpl.java:43)
	at java.lang.reflect.Method.invoke(Method.java:498)
	at org.apache.maven.surefire.util.ReflectionUtils.invokeMethodWithArray(ReflectionUtils.java:189)
	at org.apache.maven.surefire.booter.ProviderFactory$ProviderProxy.invoke(ProviderFactory.java:165)
	at org.apache.maven.surefire.booter.ProviderFactory.invokeProvider(ProviderFactory.java:85)
	at org.apache.maven.surefire.booter.ForkedBooter.runSuitesInProcess(ForkedBooter.java:115)
	at org.apache.maven.surefire.booter.ForkedBooter.main(ForkedBooter.java:75)
Caused by: org.springframework.beans.factory.UnsatisfiedDependencyException: Error creating bean with name &apos;auctionService&apos;: Unsatisfied dependency expressed through field &apos;auctionDao&apos;; nested exception is org.springframework.beans.factory.UnsatisfiedDependencyException: Error creating bean with name &apos;auctionDAOImplSpring&apos;: Unsatisfied dependency expressed through field &apos;auctionRepository&apos;; nested exception is org.springframework.beans.factory.NoSuchBeanDefinitionException: No qualifying bean of type &apos;org.solent.com504.project.impl.dao.auction.springdata.AuctionRepository&apos; available: expected at least 1 bean which qualifies as autowire candidate. Dependency annotations: {@org.springframework.beans.factory.annotation.Autowired(required=true)}
	at org.springframework.beans.factory.annotation.AutowiredAnnotationBeanPostProcessor$AutowiredFieldElement.inject(AutowiredAnnotationBeanPostProcessor.java:639)
	at org.springframework.beans.factory.annotation.InjectionMetadata.inject(InjectionMetadata.java:116)
	at org.springframework.beans.factory.annotation.AutowiredAnnotationBeanPostProcessor.postProcessProperties(AutowiredAnnotationBeanPostProcessor.java:397)
	at org.springframework.beans.factory.support.AbstractAutowireCapableBeanFactory.populateBean(AbstractAutowireCapableBeanFactory.java:1429)
	at org.springframework.beans.factory.support.AbstractAutowireCapableBeanFactory.doCreateBean(AbstractAutowireCapableBeanFactory.java:594)
	at org.springframework.beans.factory.support.AbstractAutowireCapableBeanFactory.createBean(AbstractAutowireCapableBeanFactory.java:517)
	at org.springframework.beans.factory.support.AbstractBeanFactory.lambda$doGetBean$0(AbstractBeanFactory.java:323)
	at org.springframework.beans.factory.support.DefaultSingletonBeanRegistry.getSingleton(DefaultSingletonBeanRegistry.java:222)
	at org.springframework.beans.factory.support.AbstractBeanFactory.doGetBean(AbstractBeanFactory.java:321)
	at org.springframework.beans.factory.support.AbstractBeanFactory.getBean(AbstractBeanFactory.java:202)
	at org.springframework.beans.factory.support.DefaultListableBeanFactory.preInstantiateSingletons(DefaultListableBeanFactory.java:879)
	at org.springframework.context.support.AbstractApplicationContext.finishBeanFactoryInitialization(AbstractApplicationContext.java:878)
	at org.springframework.context.support.AbstractApplicationContext.refresh(AbstractApplicationContext.java:550)
	at org.springframework.test.context.support.AbstractGenericContextLoader.loadContext(AbstractGenericContextLoader.java:128)
	at org.springframework.test.context.support.AbstractGenericContextLoader.loadContext(AbstractGenericContextLoader.java:60)
	at org.springframework.test.context.support.AbstractDelegatingSmartContextLoader.delegateLoading(AbstractDelegatingSmartContextLoader.java:275)
	at org.springframework.test.context.support.AbstractDelegatingSmartContextLoader.loadContext(AbstractDelegatingSmartContextLoader.java:243)
	at org.springframework.test.context.cache.DefaultCacheAwareContextLoaderDelegate.loadContextInternal(DefaultCacheAwareContextLoaderDelegate.java:99)
	at org.springframework.test.context.cache.DefaultCacheAwareContextLoaderDelegate.loadContext(DefaultCacheAwareContextLoaderDelegate.java:124)
	... 31 more
Caused by: org.springframework.beans.factory.UnsatisfiedDependencyException: Error creating bean with name &apos;auctionDAOImplSpring&apos;: Unsatisfied dependency expressed through field &apos;auctionRepository&apos;; nested exception is org.springframework.beans.factory.NoSuchBeanDefinitionException: No qualifying bean of type &apos;org.solent.com504.project.impl.dao.auction.springdata.AuctionRepository&apos; available: expected at least 1 bean which qualifies as autowire candidate. Dependency annotations: {@org.springframework.beans.factory.annotation.Autowired(required=true)}
	at org.springframework.beans.factory.annotation.AutowiredAnnotationBeanPostProcessor$AutowiredFieldElement.inject(AutowiredAnnotationBeanPostProcessor.java:639)
	at org.springframework.beans.factory.annotation.InjectionMetadata.inject(InjectionMetadata.java:116)
	at org.springframework.beans.factory.annotation.AutowiredAnnotationBeanPostProcessor.postProcessProperties(AutowiredAnnotationBeanPostProcessor.java:397)
	at org.springframework.beans.factory.support.AbstractAutowireCapableBeanFactory.populateBean(AbstractAutowireCapableBeanFactory.java:1429)
	at org.springframework.beans.factory.support.AbstractAutowireCapableBeanFactory.doCreateBean(AbstractAutowireCapableBeanFactory.java:594)
	at org.springframework.beans.factory.support.AbstractAutowireCapableBeanFactory.createBean(AbstractAutowireCapableBeanFactory.java:517)
	at org.springframework.beans.factory.support.AbstractBeanFactory.lambda$doGetBean$0(AbstractBeanFactory.java:323)
	at org.springframework.beans.factory.support.DefaultSingletonBeanRegistry.getSingleton(DefaultSingletonBeanRegistry.java:222)
	at org.springframework.beans.factory.support.AbstractBeanFactory.doGetBean(AbstractBeanFactory.java:321)
	at org.springframework.beans.factory.support.AbstractBeanFactory.getBean(AbstractBeanFactory.java:202)
	at org.springframework.beans.factory.config.DependencyDescriptor.resolveCandidate(DependencyDescriptor.java:276)
	at org.springframework.beans.factory.support.DefaultListableBeanFactory.doResolveDependency(DefaultListableBeanFactory.java:1287)
	at org.springframework.beans.factory.support.DefaultListableBeanFactory.resolveDependency(DefaultListableBeanFactory.java:1207)
	at org.springframework.beans.factory.annotation.AutowiredAnnotationBeanPostProcessor$AutowiredFieldElement.inject(AutowiredAnnotationBeanPostProcessor.java:636)
	... 49 more
Caused by: org.springframework.beans.factory.NoSuchBeanDefinitionException: No qualifying bean of type &apos;org.solent.com504.project.impl.dao.auction.springdata.AuctionRepository&apos; available: expected at least 1 bean which qualifies as autowire candidate. Dependency annotations: {@org.springframework.beans.factory.annotation.Autowired(required=true)}
	at org.springframework.beans.factory.support.DefaultListableBeanFactory.raiseNoMatchingBeanFound(DefaultListableBeanFactory.java:1695)
	at org.springframework.beans.factory.support.DefaultListableBeanFactory.doResolveDependency(DefaultListableBeanFactory.java:1253)
	at org.springframework.beans.factory.support.DefaultListableBeanFactory.resolveDependency(DefaultListableBeanFactory.java:1207)
	at org.springframework.beans.factory.annotation.AutowiredAnnotationBeanPostProcessor$AutowiredFieldElement.inject(AutowiredAnnotationBeanPostProcessor.java:636)
	... 62 more
</error>
    <system-out>12:23:01.358 [main] [o.s.t.c.j.SpringJUnit4ClassRunner] DEBUG org.springframework.test.context.junit4.SpringJUnit4ClassRunner - SpringJUnit4ClassRunner constructor called with [class org.solent.com504.project.impl.service.test.ServiceFacadeJpaTest]
12:23:01.374 [main] [o.s.t.c.BootstrapUtils] DEBUG org.springframework.test.context.BootstrapUtils - Instantiating CacheAwareContextLoaderDelegate from class [org.springframework.test.context.cache.DefaultCacheAwareContextLoaderDelegate]
12:23:01.405 [main] [o.s.t.c.BootstrapUtils] DEBUG org.springframework.test.context.BootstrapUtils - Instantiating BootstrapContext using constructor [public org.springframework.test.context.support.DefaultBootstrapContext(java.lang.Class,org.springframework.test.context.CacheAwareContextLoaderDelegate)]
12:23:01.468 [main] [o.s.t.c.BootstrapUtils] DEBUG org.springframework.test.context.BootstrapUtils - Instantiating TestContextBootstrapper for test class [org.solent.com504.project.impl.service.test.ServiceFacadeJpaTest] from class [org.springframework.test.context.support.DefaultTestContextBootstrapper]
12:23:01.530 [main] [o.s.t.c.s.AbstractDelegatingSmartContextLoader] DEBUG org.springframework.test.context.support.AbstractDelegatingSmartContextLoader - Delegating to GenericXmlContextLoader to process context configuration [ContextConfigurationAttributes@38c6f217 declaringClass = &apos;org.solent.com504.project.impl.service.test.ServiceFacadeJpaTest&apos;, classes = &apos;{}&apos;, locations = &apos;{/appconfig-service.xml}&apos;, inheritLocations = true, initializers = &apos;{}&apos;, inheritInitializers = true, name = [null], contextLoaderClass = &apos;org.springframework.test.context.ContextLoader&apos;].
12:23:01.561 [main] [o.s.t.c.s.ActiveProfilesUtils] DEBUG org.springframework.test.context.support.ActiveProfilesUtils - Could not find an &apos;annotation declaring class&apos; for annotation type [org.springframework.test.context.ActiveProfiles] and class [org.solent.com504.project.impl.service.test.ServiceFacadeJpaTest]
12:23:01.561 [main] [o.s.t.c.s.DefaultTestContextBootstrapper] DEBUG org.springframework.test.context.support.DefaultTestContextBootstrapper - @TestExecutionListeners is not present for class [org.solent.com504.project.impl.service.test.ServiceFacadeJpaTest]: using defaults.
12:23:01.577 [main] [o.s.t.c.s.DefaultTestContextBootstrapper] INFO  org.springframework.test.context.support.DefaultTestContextBootstrapper - Loaded default TestExecutionListener class names from location [META-INF/spring.factories]: [org.springframework.test.context.web.ServletTestExecutionListener, org.springframework.test.context.support.DirtiesContextBeforeModesTestExecutionListener, org.springframework.test.context.support.DependencyInjectionTestExecutionListener, org.springframework.test.context.support.DirtiesContextTestExecutionListener, org.springframework.test.context.transaction.TransactionalTestExecutionListener, org.springframework.test.context.jdbc.SqlScriptsTestExecutionListener, org.springframework.test.context.event.EventPublishingTestExecutionListener]
12:23:01.593 [main] [o.s.t.c.s.DefaultTestContextBootstrapper] DEBUG org.springframework.test.context.support.DefaultTestContextBootstrapper - Skipping candidate TestExecutionListener [org.springframework.test.context.web.ServletTestExecutionListener] due to a missing dependency. Specify custom listener classes or make the default listener classes and their required dependencies available. Offending class: [org/springframework/web/context/request/RequestAttributes]
12:23:01.608 [main] [o.s.t.c.s.DefaultTestContextBootstrapper] INFO  org.springframework.test.context.support.DefaultTestContextBootstrapper - Using TestExecutionListeners: [org.springframework.test.context.support.DirtiesContextBeforeModesTestExecutionListener@6a6cb05c, org.springframework.test.context.support.DependencyInjectionTestExecutionListener@40a4337a, org.springframework.test.context.support.DirtiesContextTestExecutionListener@6025e1b6, org.springframework.test.context.transaction.TransactionalTestExecutionListener@22ff4249, org.springframework.test.context.jdbc.SqlScriptsTestExecutionListener@2d1ef81a, org.springframework.test.context.event.EventPublishingTestExecutionListener@4c402120]
12:23:01.608 [main] [o.s.t.a.ProfileValueUtils] DEBUG org.springframework.test.annotation.ProfileValueUtils - Retrieved @ProfileValueSourceConfiguration [null] for test class [org.solent.com504.project.impl.service.test.ServiceFacadeJpaTest]
12:23:01.608 [main] [o.s.t.a.ProfileValueUtils] DEBUG org.springframework.test.annotation.ProfileValueUtils - Retrieved ProfileValueSource type [class org.springframework.test.annotation.SystemProfileValueSource] for class [org.solent.com504.project.impl.service.test.ServiceFacadeJpaTest]
12:23:01.624 [main] [o.s.t.a.ProfileValueUtils] DEBUG org.springframework.test.annotation.ProfileValueUtils - Retrieved @ProfileValueSourceConfiguration [null] for test class [org.solent.com504.project.impl.service.test.ServiceFacadeJpaTest]
12:23:01.624 [main] [o.s.t.a.ProfileValueUtils] DEBUG org.springframework.test.annotation.ProfileValueUtils - Retrieved ProfileValueSource type [class org.springframework.test.annotation.SystemProfileValueSource] for class [org.solent.com504.project.impl.service.test.ServiceFacadeJpaTest]
12:23:01.624 [main] [o.s.t.c.s.AbstractDirtiesContextTestExecutionListener] DEBUG org.springframework.test.context.support.AbstractDirtiesContextTestExecutionListener - Before test class: context [DefaultTestContext@385c9627 testClass = ServiceFacadeJpaTest, testInstance = [null], testMethod = [null], testException = [null], mergedContextConfiguration = [MergedContextConfiguration@139982de testClass = ServiceFacadeJpaTest, locations = &apos;{classpath:/appconfig-service.xml}&apos;, classes = &apos;{}&apos;, contextInitializerClasses = &apos;[]&apos;, activeProfiles = &apos;{}&apos;, propertySourceLocations = &apos;{}&apos;, propertySourceProperties = &apos;{}&apos;, contextCustomizers = set[[empty]], contextLoader = &apos;org.springframework.test.context.support.DelegatingSmartContextLoader&apos;, parent = [null]], attributes = map[[empty]]], class annotated with @DirtiesContext [false] with mode [null].
12:23:01.624 [main] [o.s.t.a.ProfileValueUtils] DEBUG org.springframework.test.annotation.ProfileValueUtils - Retrieved @ProfileValueSourceConfiguration [null] for test class [org.solent.com504.project.impl.service.test.ServiceFacadeJpaTest]
12:23:01.624 [main] [o.s.t.a.ProfileValueUtils] DEBUG org.springframework.test.annotation.ProfileValueUtils - Retrieved ProfileValueSource type [class org.springframework.test.annotation.SystemProfileValueSource] for class [org.solent.com504.project.impl.service.test.ServiceFacadeJpaTest]
12:23:01.640 [main] [o.s.t.c.s.DependencyInjectionTestExecutionListener] DEBUG org.springframework.test.context.support.DependencyInjectionTestExecutionListener - Performing dependency injection for test context [[DefaultTestContext@385c9627 testClass = ServiceFacadeJpaTest, testInstance = org.solent.com504.project.impl.service.test.ServiceFacadeJpaTest@179ece50, testMethod = [null], testException = [null], mergedContextConfiguration = [MergedContextConfiguration@139982de testClass = ServiceFacadeJpaTest, locations = &apos;{classpath:/appconfig-service.xml}&apos;, classes = &apos;{}&apos;, contextInitializerClasses = &apos;[]&apos;, activeProfiles = &apos;{}&apos;, propertySourceLocations = &apos;{}&apos;, propertySourceProperties = &apos;{}&apos;, contextCustomizers = set[[empty]], contextLoader = &apos;org.springframework.test.context.support.DelegatingSmartContextLoader&apos;, parent = [null]], attributes = map[[empty]]]].
12:23:01.640 [main] [o.s.t.c.s.AbstractDelegatingSmartContextLoader] DEBUG org.springframework.test.context.support.AbstractDelegatingSmartContextLoader - Delegating to GenericXmlContextLoader to load context from [MergedContextConfiguration@139982de testClass = ServiceFacadeJpaTest, locations = &apos;{classpath:/appconfig-service.xml}&apos;, classes = &apos;{}&apos;, contextInitializerClasses = &apos;[]&apos;, activeProfiles = &apos;{}&apos;, propertySourceLocations = &apos;{}&apos;, propertySourceProperties = &apos;{}&apos;, contextCustomizers = set[[empty]], contextLoader = &apos;org.springframework.test.context.support.DelegatingSmartContextLoader&apos;, parent = [null]].
12:23:01.640 [main] [o.s.t.c.s.AbstractGenericContextLoader] DEBUG org.springframework.test.context.support.AbstractGenericContextLoader - Loading ApplicationContext for merged context configuration [[MergedContextConfiguration@139982de testClass = ServiceFacadeJpaTest, locations = &apos;{classpath:/appconfig-service.xml}&apos;, classes = &apos;{}&apos;, contextInitializerClasses = &apos;[]&apos;, activeProfiles = &apos;{}&apos;, propertySourceLocations = &apos;{}&apos;, propertySourceProperties = &apos;{}&apos;, contextCustomizers = set[[empty]], contextLoader = &apos;org.springframework.test.context.support.DelegatingSmartContextLoader&apos;, parent = [null]]].
12:23:01.749 [main] [o.s.c.e.StandardEnvironment] DEBUG org.springframework.core.env.StandardEnvironment - Activating profiles []
12:23:02.124 [main] [o.s.c.a.ClassPathBeanDefinitionScanner] DEBUG org.springframework.context.annotation.ClassPathBeanDefinitionScanner - Identified candidate component class: file [C:\Users\3moulj69\Repos\temp\SOFTWARE-SYSTEMS-DEVELOPMENT\Josh\Andres-Project\project\service\target\classes\org\solent\com504\project\impl\service\AuctionServiceImpl.class]
12:23:02.124 [main] [o.s.c.a.ClassPathBeanDefinitionScanner] DEBUG org.springframework.context.annotation.ClassPathBeanDefinitionScanner - Identified candidate component class: file [C:\Users\3moulj69\Repos\temp\SOFTWARE-SYSTEMS-DEVELOPMENT\Josh\Andres-Project\project\service\target\classes\org\solent\com504\project\impl\service\ServiceFacadeImpl.class]
12:23:02.171 [main] [o.s.c.a.ClassPathBeanDefinitionScanner] DEBUG org.springframework.context.annotation.ClassPathBeanDefinitionScanner - Identified candidate component class: file [C:\Users\3moulj69\Repos\temp\SOFTWARE-SYSTEMS-DEVELOPMENT\Josh\Andres-Project\project\service\target\classes\org\solent\com504\project\impl\user\service\SecurityServiceImpl.class]
12:23:02.171 [main] [o.s.c.a.ClassPathBeanDefinitionScanner] DEBUG org.springframework.context.annotation.ClassPathBeanDefinitionScanner - Identified candidate component class: file [C:\Users\3moulj69\Repos\temp\SOFTWARE-SYSTEMS-DEVELOPMENT\Josh\Andres-Project\project\service\target\classes\org\solent\com504\project\impl\user\service\UserServiceImpl.class]
12:23:02.186 [main] [o.s.c.a.ClassPathBeanDefinitionScanner] DEBUG org.springframework.context.annotation.ClassPathBeanDefinitionScanner - Identified candidate component class: URL [jar:file:/C:/Users/3moulj69/Repos/temp/SOFTWARE-SYSTEMS-DEVELOPMENT/Josh/Andres-Project/project/dao-springdata-jpa/target/project-dao-springdata-jpa-1.5-SNAPSHOT.jar!/org/solent/com504/project/impl/dao/auction/spring/AuctionDAOImplSpring.class]
12:23:02.202 [main] [o.s.c.a.ClassPathBeanDefinitionScanner] DEBUG org.springframework.context.annotation.ClassPathBeanDefinitionScanner - Ignored because not a concrete top-level class: URL [jar:file:/C:/Users/3moulj69/Repos/temp/SOFTWARE-SYSTEMS-DEVELOPMENT/Josh/Andres-Project/project/dao-springdata-jpa/target/project-dao-springdata-jpa-1.5-SNAPSHOT.jar!/org/solent/com504/project/impl/dao/auction/springdata/AuctionRepository.class]
12:23:02.202 [main] [o.s.c.a.ClassPathBeanDefinitionScanner] DEBUG org.springframework.context.annotation.ClassPathBeanDefinitionScanner - Identified candidate component class: URL [jar:file:/C:/Users/3moulj69/Repos/temp/SOFTWARE-SYSTEMS-DEVELOPMENT/Josh/Andres-Project/project/dao-springdata-jpa/target/project-dao-springdata-jpa-1.5-SNAPSHOT.jar!/org/solent/com504/project/impl/dao/party/spring/PartyDAOImplSpring.class]
12:23:02.218 [main] [o.s.c.a.ClassPathBeanDefinitionScanner] DEBUG org.springframework.context.annotation.ClassPathBeanDefinitionScanner - Ignored because not a concrete top-level class: URL [jar:file:/C:/Users/3moulj69/Repos/temp/SOFTWARE-SYSTEMS-DEVELOPMENT/Josh/Andres-Project/project/dao-springdata-jpa/target/project-dao-springdata-jpa-1.5-SNAPSHOT.jar!/org/solent/com504/project/impl/dao/party/springdata/PartyRepository.class]
12:23:02.218 [main] [o.s.c.a.ClassPathBeanDefinitionScanner] DEBUG org.springframework.context.annotation.ClassPathBeanDefinitionScanner - Identified candidate component class: URL [jar:file:/C:/Users/3moulj69/Repos/temp/SOFTWARE-SYSTEMS-DEVELOPMENT/Josh/Andres-Project/project/dao-springdata-jpa/target/project-dao-springdata-jpa-1.5-SNAPSHOT.jar!/org/solent/com504/project/impl/dao/user/spring/RoleDAOImplSpring.class]
12:23:02.218 [main] [o.s.c.a.ClassPathBeanDefinitionScanner] DEBUG org.springframework.context.annotation.ClassPathBeanDefinitionScanner - Identified candidate component class: URL [jar:file:/C:/Users/3moulj69/Repos/temp/SOFTWARE-SYSTEMS-DEVELOPMENT/Josh/Andres-Project/project/dao-springdata-jpa/target/project-dao-springdata-jpa-1.5-SNAPSHOT.jar!/org/solent/com504/project/impl/dao/user/spring/UserDAOImplSpring.class]
12:23:02.218 [main] [o.s.c.a.ClassPathBeanDefinitionScanner] DEBUG org.springframework.context.annotation.ClassPathBeanDefinitionScanner - Identified candidate component class: file [C:\Users\3moulj69\Repos\temp\SOFTWARE-SYSTEMS-DEVELOPMENT\Josh\Andres-Project\project\service\target\classes\org\solent\com504\project\impl\party\service\PartyServiceImpl.class]
12:23:02.358 [main] [o.s.d.r.c.RepositoryConfigurationDelegate] INFO  org.springframework.data.repository.config.RepositoryConfigurationDelegate - Bootstrapping Spring Data JPA repositories in DEFAULT mode.
12:23:02.389 [main] [o.s.d.r.c.RepositoryConfigurationDelegate] DEBUG org.springframework.data.repository.config.RepositoryConfigurationDelegate - Scanning for JPA repositories in packages org.solent.com504.project.impl.dao.user.springdata, org.solent.com504.project.impl.dao.party.springdata, org.solent.com504.project.impl.dao.springdata.
12:23:02.421 [main] [o.s.d.r.c.RepositoryComponentProvider] DEBUG org.springframework.data.repository.config.RepositoryComponentProvider - Identified candidate component class: URL [jar:file:/C:/Users/3moulj69/Repos/temp/SOFTWARE-SYSTEMS-DEVELOPMENT/Josh/Andres-Project/project/dao-springdata-jpa/target/project-dao-springdata-jpa-1.5-SNAPSHOT.jar!/org/solent/com504/project/impl/dao/user/springdata/RoleRepository.class]
12:23:02.421 [main] [o.s.d.r.c.RepositoryComponentProvider] DEBUG org.springframework.data.repository.config.RepositoryComponentProvider - Identified candidate component class: URL [jar:file:/C:/Users/3moulj69/Repos/temp/SOFTWARE-SYSTEMS-DEVELOPMENT/Josh/Andres-Project/project/dao-springdata-jpa/target/project-dao-springdata-jpa-1.5-SNAPSHOT.jar!/org/solent/com504/project/impl/dao/user/springdata/UserRepository.class]
12:23:02.514 [main] [o.s.d.r.c.RepositoryComponentProvider] DEBUG org.springframework.data.repository.config.RepositoryComponentProvider - Identified candidate component class: URL [jar:file:/C:/Users/3moulj69/Repos/temp/SOFTWARE-SYSTEMS-DEVELOPMENT/Josh/Andres-Project/project/dao-springdata-jpa/target/project-dao-springdata-jpa-1.5-SNAPSHOT.jar!/org/solent/com504/project/impl/dao/party/springdata/PartyRepository.class]
12:23:02.593 [main] [o.s.d.r.c.RepositoryConfigurationDelegate] INFO  org.springframework.data.repository.config.RepositoryConfigurationDelegate - Finished Spring Data repository scanning in 192ms. Found 3 JPA repository interfaces.
12:23:02.624 [main] [o.s.b.f.x.XmlBeanDefinitionReader] DEBUG org.springframework.beans.factory.xml.XmlBeanDefinitionReader - Loaded 33 bean definitions from class path resource [appconfig-data.xml]
12:23:02.671 [main] [o.s.s.c.SpringSecurityCoreVersion] INFO  org.springframework.security.core.SpringSecurityCoreVersion - You are running with Spring Security Core 5.2.1.RELEASE
12:23:02.686 [main] [o.s.s.c.SecurityNamespaceHandler] INFO  org.springframework.security.config.SecurityNamespaceHandler - Spring Security &apos;config&apos; module version is 5.2.1.RELEASE
12:23:02.718 [main] [o.s.b.f.x.XmlBeanDefinitionReader] DEBUG org.springframework.beans.factory.xml.XmlBeanDefinitionReader - Loaded 5 bean definitions from class path resource [appconfig-security.xml]
12:23:02.718 [main] [o.s.c.a.ClassPathBeanDefinitionScanner] DEBUG org.springframework.context.annotation.ClassPathBeanDefinitionScanner - Identified candidate component class: file [C:\Users\3moulj69\Repos\temp\SOFTWARE-SYSTEMS-DEVELOPMENT\Josh\Andres-Project\project\service\target\classes\org\solent\com504\project\impl\service\AuctionServiceImpl.class]
12:23:02.718 [main] [o.s.c.a.ClassPathBeanDefinitionScanner] DEBUG org.springframework.context.annotation.ClassPathBeanDefinitionScanner - Identified candidate component class: file [C:\Users\3moulj69\Repos\temp\SOFTWARE-SYSTEMS-DEVELOPMENT\Josh\Andres-Project\project\service\target\classes\org\solent\com504\project\impl\service\ServiceFacadeImpl.class]
12:23:02.733 [main] [o.s.c.a.ClassPathBeanDefinitionScanner] DEBUG org.springframework.context.annotation.ClassPathBeanDefinitionScanner - Identified candidate component class: file [C:\Users\3moulj69\Repos\temp\SOFTWARE-SYSTEMS-DEVELOPMENT\Josh\Andres-Project\project\service\target\classes\org\solent\com504\project\impl\user\service\SecurityServiceImpl.class]
12:23:02.733 [main] [o.s.c.a.ClassPathBeanDefinitionScanner] DEBUG org.springframework.context.annotation.ClassPathBeanDefinitionScanner - Identified candidate component class: file [C:\Users\3moulj69\Repos\temp\SOFTWARE-SYSTEMS-DEVELOPMENT\Josh\Andres-Project\project\service\target\classes\org\solent\com504\project\impl\user\service\UserServiceImpl.class]
12:23:02.733 [main] [o.s.c.a.ClassPathBeanDefinitionScanner] DEBUG org.springframework.context.annotation.ClassPathBeanDefinitionScanner - Identified candidate component class: file [C:\Users\3moulj69\Repos\temp\SOFTWARE-SYSTEMS-DEVELOPMENT\Josh\Andres-Project\project\service\target\classes\org\solent\com504\project\impl\party\service\PartyServiceImpl.class]
12:23:02.733 [main] [o.s.b.f.x.XmlBeanDefinitionReader] DEBUG org.springframework.beans.factory.xml.XmlBeanDefinitionReader - Loaded 39 bean definitions from class path resource [appconfig-service.xml]
12:23:02.733 [main] [o.s.c.s.GenericApplicationContext] DEBUG org.springframework.context.support.GenericApplicationContext - Refreshing org.springframework.context.support.GenericApplicationContext@d35dea7
12:23:02.811 [main] [o.s.b.f.s.DefaultListableBeanFactory] DEBUG org.springframework.beans.factory.support.DefaultListableBeanFactory - Creating shared instance of singleton bean &apos;org.springframework.context.annotation.internalConfigurationAnnotationProcessor&apos;
12:23:02.952 [main] [o.s.b.f.s.DefaultListableBeanFactory] DEBUG org.springframework.beans.factory.support.DefaultListableBeanFactory - Creating shared instance of singleton bean &apos;emBeanDefinitionRegistrarPostProcessor&apos;
12:23:02.968 [main] [o.s.b.f.s.DefaultListableBeanFactory] DEBUG org.springframework.beans.factory.support.DefaultListableBeanFactory - Creating shared instance of singleton bean &apos;org.springframework.context.event.internalEventListenerProcessor&apos;
12:23:02.983 [main] [o.s.b.f.s.DefaultListableBeanFactory] DEBUG org.springframework.beans.factory.support.DefaultListableBeanFactory - Creating shared instance of singleton bean &apos;org.springframework.context.event.internalEventListenerFactory&apos;
12:23:02.983 [main] [o.s.b.f.s.DefaultListableBeanFactory] DEBUG org.springframework.beans.factory.support.DefaultListableBeanFactory - Creating shared instance of singleton bean &apos;org.springframework.transaction.config.internalTransactionalEventListenerFactory&apos;
12:23:02.983 [main] [o.s.b.f.s.DefaultListableBeanFactory] DEBUG org.springframework.beans.factory.support.DefaultListableBeanFactory - Creating shared instance of singleton bean &apos;org.springframework.context.annotation.internalAutowiredAnnotationProcessor&apos;
12:23:02.983 [main] [o.s.b.f.s.DefaultListableBeanFactory] DEBUG org.springframework.beans.factory.support.DefaultListableBeanFactory - Creating shared instance of singleton bean &apos;org.springframework.context.annotation.internalCommonAnnotationProcessor&apos;
12:23:02.999 [main] [o.s.b.f.s.DefaultListableBeanFactory] DEBUG org.springframework.beans.factory.support.DefaultListableBeanFactory - Creating shared instance of singleton bean &apos;org.springframework.context.annotation.internalPersistenceAnnotationProcessor&apos;
12:23:02.999 [main] [o.s.b.f.s.DefaultListableBeanFactory] DEBUG org.springframework.beans.factory.support.DefaultListableBeanFactory - Creating shared instance of singleton bean &apos;org.springframework.aop.config.internalAutoProxyCreator&apos;
12:23:03.139 [main] [o.s.b.f.s.DefaultListableBeanFactory] DEBUG org.springframework.beans.factory.support.DefaultListableBeanFactory - Creating shared instance of singleton bean &apos;entityManagerFactory&apos;
12:23:03.202 [main] [o.j.logging] DEBUG org.jboss.logging - Logging Provider: org.jboss.logging.Log4j2LoggerProvider
12:23:03.233 [main] [o.s.b.f.s.DefaultListableBeanFactory] DEBUG org.springframework.beans.factory.support.DefaultListableBeanFactory - Creating shared instance of singleton bean &apos;org.springframework.transaction.config.internalTransactionAdvisor&apos;
12:23:03.233 [main] [o.s.b.f.s.DefaultListableBeanFactory] DEBUG org.springframework.beans.factory.support.DefaultListableBeanFactory - Creating shared instance of singleton bean &apos;org.springframework.transaction.annotation.AnnotationTransactionAttributeSource#0&apos;
12:23:03.296 [main] [o.s.b.f.s.DefaultListableBeanFactory] DEBUG org.springframework.beans.factory.support.DefaultListableBeanFactory - Creating shared instance of singleton bean &apos;dataSource&apos;
12:23:03.436 [main] [o.s.j.d.DriverManagerDataSource] DEBUG org.springframework.jdbc.datasource.DriverManagerDataSource - Loaded JDBC driver: org.hsqldb.jdbcDriver
12:23:03.483 [main] [o.s.o.j.LocalContainerEntityManagerFactoryBean] DEBUG org.springframework.orm.jpa.LocalContainerEntityManagerFactoryBean - Building JPA container EntityManagerFactory for persistence unit &apos;default&apos;
12:23:03.530 [main] [o.h.j.i.u.LogHelper] DEBUG org.hibernate.jpa.internal.util.LogHelper - PersistenceUnitInfo [
	name: default
	persistence provider classname: null
	classloader: sun.misc.Launcher$AppClassLoader@42a57993
	excludeUnlistedClasses: true
	JTA datasource: null
	Non JTA datasource: org.springframework.jdbc.datasource.DriverManagerDataSource@19553973
	Transaction type: RESOURCE_LOCAL
	PU root URL: file:/C:/Users/3moulj69/Repos/temp/SOFTWARE-SYSTEMS-DEVELOPMENT/Josh/Andres-Project/project/model/target/project-model-1.5-SNAPSHOT.jar
	Shared Cache Mode: UNSPECIFIED
	Validation Mode: AUTO
	Jar files URLs []
	Managed classes names [
		org.solent.com504.project.model.auction.dto.Auction
		org.solent.com504.project.model.bid.dto.Bid
		org.solent.com504.project.model.lot.dto.Lot
		org.solent.com504.project.model.party.dto.Address
		org.solent.com504.project.model.party.dto.Party
		org.solent.com504.project.model.user.dto.Role
		org.solent.com504.project.model.user.dto.User]
	Mapping files names []
	Properties []
12:23:03.561 [main] [o.h.i.i.IntegratorServiceImpl] DEBUG org.hibernate.integrator.internal.IntegratorServiceImpl - Adding Integrator [org.hibernate.cfg.beanvalidation.BeanValidationIntegrator].
12:23:03.561 [main] [o.h.i.i.IntegratorServiceImpl] DEBUG org.hibernate.integrator.internal.IntegratorServiceImpl - Adding Integrator [org.hibernate.secure.spi.JaccIntegrator].
12:23:03.577 [main] [o.h.i.i.IntegratorServiceImpl] DEBUG org.hibernate.integrator.internal.IntegratorServiceImpl - Adding Integrator [org.hibernate.cache.internal.CollectionCacheInvalidator].
12:23:03.577 [main] [o.h.i.i.IntegratorServiceImpl] DEBUG org.hibernate.integrator.internal.IntegratorServiceImpl - Adding Integrator [org.hibernate.jpa.event.spi.JpaIntegrator].
12:23:03.733 [main] [o.h.Version] INFO  org.hibernate.Version - HHH000412: Hibernate Core {5.2.17.Final}
12:23:03.733 [main] [o.h.c.Environment] INFO  org.hibernate.cfg.Environment - HHH000206: hibernate.properties not found
12:23:03.764 [main] [o.h.s.s.ServiceBinding] DEBUG org.hibernate.service.spi.ServiceBinding - Overriding existing service binding [org.hibernate.secure.spi.JaccService]
12:23:03.827 [main] [o.h.c.i.RegionFactoryInitiator] DEBUG org.hibernate.cache.internal.RegionFactoryInitiator - Cache region factory : org.hibernate.cache.internal.NoCachingRegionFactory
12:23:03.843 [main] [o.h.a.c.Version] INFO  org.hibernate.annotations.common.Version - HCANN000001: Hibernate Commons Annotations {5.0.1.Final}
12:23:03.999 [main] [o.h.t.BasicTypeRegistry] DEBUG org.hibernate.type.BasicTypeRegistry - Adding type registration boolean -&gt; org.hibernate.type.BooleanType@48f5bde6
12:23:03.999 [main] [o.h.t.BasicTypeRegistry] DEBUG org.hibernate.type.BasicTypeRegistry - Adding type registration boolean -&gt; org.hibernate.type.BooleanType@48f5bde6
12:23:03.999 [main] [o.h.t.BasicTypeRegistry] DEBUG org.hibernate.type.BasicTypeRegistry - Adding type registration java.lang.Boolean -&gt; org.hibernate.type.BooleanType@48f5bde6
12:23:03.999 [main] [o.h.t.BasicTypeRegistry] DEBUG org.hibernate.type.BasicTypeRegistry - Adding type registration numeric_boolean -&gt; org.hibernate.type.NumericBooleanType@2ca65ce4
12:23:03.999 [main] [o.h.t.BasicTypeRegistry] DEBUG org.hibernate.type.BasicTypeRegistry - Adding type registration true_false -&gt; org.hibernate.type.TrueFalseType@2970a5bc
12:23:03.999 [main] [o.h.t.BasicTypeRegistry] DEBUG org.hibernate.type.BasicTypeRegistry - Adding type registration yes_no -&gt; org.hibernate.type.YesNoType@6d511b5f
12:23:04.014 [main] [o.h.t.BasicTypeRegistry] DEBUG org.hibernate.type.BasicTypeRegistry - Adding type registration byte -&gt; org.hibernate.type.ByteType@13579834
12:23:04.014 [main] [o.h.t.BasicTypeRegistry] DEBUG org.hibernate.type.BasicTypeRegistry - Adding type registration byte -&gt; org.hibernate.type.ByteType@13579834
12:23:04.014 [main] [o.h.t.BasicTypeRegistry] DEBUG org.hibernate.type.BasicTypeRegistry - Adding type registration java.lang.Byte -&gt; org.hibernate.type.ByteType@13579834
12:23:04.014 [main] [o.h.t.BasicTypeRegistry] DEBUG org.hibernate.type.BasicTypeRegistry - Adding type registration character -&gt; org.hibernate.type.CharacterType@70d2e40b
12:23:04.014 [main] [o.h.t.BasicTypeRegistry] DEBUG org.hibernate.type.BasicTypeRegistry - Adding type registration char -&gt; org.hibernate.type.CharacterType@70d2e40b
12:23:04.014 [main] [o.h.t.BasicTypeRegistry] DEBUG org.hibernate.type.BasicTypeRegistry - Adding type registration java.lang.Character -&gt; org.hibernate.type.CharacterType@70d2e40b
12:23:04.014 [main] [o.h.t.BasicTypeRegistry] DEBUG org.hibernate.type.BasicTypeRegistry - Adding type registration short -&gt; org.hibernate.type.ShortType@70e29e14
12:23:04.014 [main] [o.h.t.BasicTypeRegistry] DEBUG org.hibernate.type.BasicTypeRegistry - Adding type registration short -&gt; org.hibernate.type.ShortType@70e29e14
12:23:04.014 [main] [o.h.t.BasicTypeRegistry] DEBUG org.hibernate.type.BasicTypeRegistry - Adding type registration java.lang.Short -&gt; org.hibernate.type.ShortType@70e29e14
12:23:04.014 [main] [o.h.t.BasicTypeRegistry] DEBUG org.hibernate.type.BasicTypeRegistry - Adding type registration integer -&gt; org.hibernate.type.IntegerType@42a9a63e
12:23:04.014 [main] [o.h.t.BasicTypeRegistry] DEBUG org.hibernate.type.BasicTypeRegistry - Adding type registration int -&gt; org.hibernate.type.IntegerType@42a9a63e
12:23:04.014 [main] [o.h.t.BasicTypeRegistry] DEBUG org.hibernate.type.BasicTypeRegistry - Adding type registration java.lang.Integer -&gt; org.hibernate.type.IntegerType@42a9a63e
12:23:04.030 [main] [o.h.t.BasicTypeRegistry] DEBUG org.hibernate.type.BasicTypeRegistry - Adding type registration long -&gt; org.hibernate.type.LongType@6b9267b
12:23:04.030 [main] [o.h.t.BasicTypeRegistry] DEBUG org.hibernate.type.BasicTypeRegistry - Adding type registration long -&gt; org.hibernate.type.LongType@6b9267b
12:23:04.030 [main] [o.h.t.BasicTypeRegistry] DEBUG org.hibernate.type.BasicTypeRegistry - Adding type registration java.lang.Long -&gt; org.hibernate.type.LongType@6b9267b
12:23:04.030 [main] [o.h.t.BasicTypeRegistry] DEBUG org.hibernate.type.BasicTypeRegistry - Adding type registration float -&gt; org.hibernate.type.FloatType@14bb2297
12:23:04.030 [main] [o.h.t.BasicTypeRegistry] DEBUG org.hibernate.type.BasicTypeRegistry - Adding type registration float -&gt; org.hibernate.type.FloatType@14bb2297
12:23:04.030 [main] [o.h.t.BasicTypeRegistry] DEBUG org.hibernate.type.BasicTypeRegistry - Adding type registration java.lang.Float -&gt; org.hibernate.type.FloatType@14bb2297
12:23:04.030 [main] [o.h.t.BasicTypeRegistry] DEBUG org.hibernate.type.BasicTypeRegistry - Adding type registration double -&gt; org.hibernate.type.DoubleType@5bd1ceca
12:23:04.030 [main] [o.h.t.BasicTypeRegistry] DEBUG org.hibernate.type.BasicTypeRegistry - Adding type registration double -&gt; org.hibernate.type.DoubleType@5bd1ceca
12:23:04.030 [main] [o.h.t.BasicTypeRegistry] DEBUG org.hibernate.type.BasicTypeRegistry - Adding type registration java.lang.Double -&gt; org.hibernate.type.DoubleType@5bd1ceca
12:23:04.030 [main] [o.h.t.BasicTypeRegistry] DEBUG org.hibernate.type.BasicTypeRegistry - Adding type registration big_decimal -&gt; org.hibernate.type.BigDecimalType@615f972
12:23:04.030 [main] [o.h.t.BasicTypeRegistry] DEBUG org.hibernate.type.BasicTypeRegistry - Adding type registration java.math.BigDecimal -&gt; org.hibernate.type.BigDecimalType@615f972
12:23:04.046 [main] [o.h.t.BasicTypeRegistry] DEBUG org.hibernate.type.BasicTypeRegistry - Adding type registration big_integer -&gt; org.hibernate.type.BigIntegerType@48e64352
12:23:04.046 [main] [o.h.t.BasicTypeRegistry] DEBUG org.hibernate.type.BasicTypeRegistry - Adding type registration java.math.BigInteger -&gt; org.hibernate.type.BigIntegerType@48e64352
12:23:04.046 [main] [o.h.t.BasicTypeRegistry] DEBUG org.hibernate.type.BasicTypeRegistry - Adding type registration string -&gt; org.hibernate.type.StringType@200606de
12:23:04.046 [main] [o.h.t.BasicTypeRegistry] DEBUG org.hibernate.type.BasicTypeRegistry - Adding type registration java.lang.String -&gt; org.hibernate.type.StringType@200606de
12:23:04.046 [main] [o.h.t.BasicTypeRegistry] DEBUG org.hibernate.type.BasicTypeRegistry - Adding type registration nstring -&gt; org.hibernate.type.StringNVarcharType@24f43aa3
12:23:04.046 [main] [o.h.t.BasicTypeRegistry] DEBUG org.hibernate.type.BasicTypeRegistry - Adding type registration ncharacter -&gt; org.hibernate.type.CharacterNCharType@7957dc72
12:23:04.061 [main] [o.h.t.BasicTypeRegistry] DEBUG org.hibernate.type.BasicTypeRegistry - Adding type registration url -&gt; org.hibernate.type.UrlType@5be82d43
12:23:04.061 [main] [o.h.t.BasicTypeRegistry] DEBUG org.hibernate.type.BasicTypeRegistry - Adding type registration java.net.URL -&gt; org.hibernate.type.UrlType@5be82d43
12:23:04.061 [main] [o.h.t.BasicTypeRegistry] DEBUG org.hibernate.type.BasicTypeRegistry - Adding type registration Duration -&gt; org.hibernate.type.DurationType@473b3b7a
12:23:04.061 [main] [o.h.t.BasicTypeRegistry] DEBUG org.hibernate.type.BasicTypeRegistry - Adding type registration java.time.Duration -&gt; org.hibernate.type.DurationType@473b3b7a
12:23:04.077 [main] [o.h.t.BasicTypeRegistry] DEBUG org.hibernate.type.BasicTypeRegistry - Adding type registration Instant -&gt; org.hibernate.type.InstantType@47747fb9
12:23:04.077 [main] [o.h.t.BasicTypeRegistry] DEBUG org.hibernate.type.BasicTypeRegistry - Adding type registration java.time.Instant -&gt; org.hibernate.type.InstantType@47747fb9
12:23:04.077 [main] [o.h.t.BasicTypeRegistry] DEBUG org.hibernate.type.BasicTypeRegistry - Adding type registration LocalDateTime -&gt; org.hibernate.type.LocalDateTimeType@20312893
12:23:04.077 [main] [o.h.t.BasicTypeRegistry] DEBUG org.hibernate.type.BasicTypeRegistry - Adding type registration java.time.LocalDateTime -&gt; org.hibernate.type.LocalDateTimeType@20312893
12:23:04.077 [main] [o.h.t.BasicTypeRegistry] DEBUG org.hibernate.type.BasicTypeRegistry - Adding type registration LocalDate -&gt; org.hibernate.type.LocalDateType@2a551a63
12:23:04.092 [main] [o.h.t.BasicTypeRegistry] DEBUG org.hibernate.type.BasicTypeRegistry - Adding type registration java.time.LocalDate -&gt; org.hibernate.type.LocalDateType@2a551a63
12:23:04.092 [main] [o.h.t.BasicTypeRegistry] DEBUG org.hibernate.type.BasicTypeRegistry - Adding type registration LocalTime -&gt; org.hibernate.type.LocalTimeType@32f61a31
12:23:04.092 [main] [o.h.t.BasicTypeRegistry] DEBUG org.hibernate.type.BasicTypeRegistry - Adding type registration java.time.LocalTime -&gt; org.hibernate.type.LocalTimeType@32f61a31
12:23:04.092 [main] [o.h.t.BasicTypeRegistry] DEBUG org.hibernate.type.BasicTypeRegistry - Adding type registration OffsetDateTime -&gt; org.hibernate.type.OffsetDateTimeType@3dddbe65
12:23:04.092 [main] [o.h.t.BasicTypeRegistry] DEBUG org.hibernate.type.BasicTypeRegistry - Adding type registration java.time.OffsetDateTime -&gt; org.hibernate.type.OffsetDateTimeType@3dddbe65
12:23:04.108 [main] [o.h.t.BasicTypeRegistry] DEBUG org.hibernate.type.BasicTypeRegistry - Adding type registration OffsetTime -&gt; org.hibernate.type.OffsetTimeType@4d9d1b69
12:23:04.108 [main] [o.h.t.BasicTypeRegistry] DEBUG org.hibernate.type.BasicTypeRegistry - Adding type registration java.time.OffsetTime -&gt; org.hibernate.type.OffsetTimeType@4d9d1b69
12:23:04.108 [main] [o.h.t.BasicTypeRegistry] DEBUG org.hibernate.type.BasicTypeRegistry - Adding type registration ZonedDateTime -&gt; org.hibernate.type.ZonedDateTimeType@ecf9fb3
12:23:04.108 [main] [o.h.t.BasicTypeRegistry] DEBUG org.hibernate.type.BasicTypeRegistry - Adding type registration java.time.ZonedDateTime -&gt; org.hibernate.type.ZonedDateTimeType@ecf9fb3
12:23:04.124 [main] [o.h.t.BasicTypeRegistry] DEBUG org.hibernate.type.BasicTypeRegistry - Adding type registration date -&gt; org.hibernate.type.DateType@22db8f4
12:23:04.124 [main] [o.h.t.BasicTypeRegistry] DEBUG org.hibernate.type.BasicTypeRegistry - Adding type registration java.sql.Date -&gt; org.hibernate.type.DateType@22db8f4
12:23:04.124 [main] [o.h.t.BasicTypeRegistry] DEBUG org.hibernate.type.BasicTypeRegistry - Adding type registration time -&gt; org.hibernate.type.TimeType@5851bd4f
12:23:04.124 [main] [o.h.t.BasicTypeRegistry] DEBUG org.hibernate.type.BasicTypeRegistry - Adding type registration java.sql.Time -&gt; org.hibernate.type.TimeType@5851bd4f
12:23:04.124 [main] [o.h.t.BasicTypeRegistry] DEBUG org.hibernate.type.BasicTypeRegistry - Adding type registration timestamp -&gt; org.hibernate.type.TimestampType@1804f60d
12:23:04.124 [main] [o.h.t.BasicTypeRegistry] DEBUG org.hibernate.type.BasicTypeRegistry - Adding type registration java.sql.Timestamp -&gt; org.hibernate.type.TimestampType@1804f60d
12:23:04.124 [main] [o.h.t.BasicTypeRegistry] DEBUG org.hibernate.type.BasicTypeRegistry - Adding type registration java.util.Date -&gt; org.hibernate.type.TimestampType@1804f60d
12:23:04.124 [main] [o.h.t.BasicTypeRegistry] DEBUG org.hibernate.type.BasicTypeRegistry - Adding type registration dbtimestamp -&gt; org.hibernate.type.DbTimestampType@1c807b1d
12:23:04.139 [main] [o.h.t.BasicTypeRegistry] DEBUG org.hibernate.type.BasicTypeRegistry - Adding type registration calendar -&gt; org.hibernate.type.CalendarType@588ab592
12:23:04.139 [main] [o.h.t.BasicTypeRegistry] DEBUG org.hibernate.type.BasicTypeRegistry - Adding type registration java.util.Calendar -&gt; org.hibernate.type.CalendarType@588ab592
12:23:04.139 [main] [o.h.t.BasicTypeRegistry] DEBUG org.hibernate.type.BasicTypeRegistry - Adding type registration java.util.GregorianCalendar -&gt; org.hibernate.type.CalendarType@588ab592
12:23:04.139 [main] [o.h.t.BasicTypeRegistry] DEBUG org.hibernate.type.BasicTypeRegistry - Adding type registration calendar_date -&gt; org.hibernate.type.CalendarDateType@2d8f2f3a
12:23:04.139 [main] [o.h.t.BasicTypeRegistry] DEBUG org.hibernate.type.BasicTypeRegistry - Adding type registration locale -&gt; org.hibernate.type.LocaleType@5949eba8
12:23:04.139 [main] [o.h.t.BasicTypeRegistry] DEBUG org.hibernate.type.BasicTypeRegistry - Adding type registration java.util.Locale -&gt; org.hibernate.type.LocaleType@5949eba8
12:23:04.139 [main] [o.h.t.BasicTypeRegistry] DEBUG org.hibernate.type.BasicTypeRegistry - Adding type registration currency -&gt; org.hibernate.type.CurrencyType@2d0566ba
12:23:04.139 [main] [o.h.t.BasicTypeRegistry] DEBUG org.hibernate.type.BasicTypeRegistry - Adding type registration java.util.Currency -&gt; org.hibernate.type.CurrencyType@2d0566ba
12:23:04.139 [main] [o.h.t.BasicTypeRegistry] DEBUG org.hibernate.type.BasicTypeRegistry - Adding type registration timezone -&gt; org.hibernate.type.TimeZoneType@1cfd1875
12:23:04.139 [main] [o.h.t.BasicTypeRegistry] DEBUG org.hibernate.type.BasicTypeRegistry - Adding type registration java.util.TimeZone -&gt; org.hibernate.type.TimeZoneType@1cfd1875
12:23:04.155 [main] [o.h.t.BasicTypeRegistry] DEBUG org.hibernate.type.BasicTypeRegistry - Adding type registration class -&gt; org.hibernate.type.ClassType@436390f4
12:23:04.155 [main] [o.h.t.BasicTypeRegistry] DEBUG org.hibernate.type.BasicTypeRegistry - Adding type registration java.lang.Class -&gt; org.hibernate.type.ClassType@436390f4
12:23:04.155 [main] [o.h.t.BasicTypeRegistry] DEBUG org.hibernate.type.BasicTypeRegistry - Adding type registration uuid-binary -&gt; org.hibernate.type.UUIDBinaryType@3c8bdd5b
12:23:04.155 [main] [o.h.t.BasicTypeRegistry] DEBUG org.hibernate.type.BasicTypeRegistry - Adding type registration java.util.UUID -&gt; org.hibernate.type.UUIDBinaryType@3c8bdd5b
12:23:04.155 [main] [o.h.t.BasicTypeRegistry] DEBUG org.hibernate.type.BasicTypeRegistry - Adding type registration uuid-char -&gt; org.hibernate.type.UUIDCharType@58783f6c
12:23:04.155 [main] [o.h.t.BasicTypeRegistry] DEBUG org.hibernate.type.BasicTypeRegistry - Adding type registration binary -&gt; org.hibernate.type.BinaryType@1bc53649
12:23:04.155 [main] [o.h.t.BasicTypeRegistry] DEBUG org.hibernate.type.BasicTypeRegistry - Adding type registration byte[] -&gt; org.hibernate.type.BinaryType@1bc53649
12:23:04.155 [main] [o.h.t.BasicTypeRegistry] DEBUG org.hibernate.type.BasicTypeRegistry - Adding type registration [B -&gt; org.hibernate.type.BinaryType@1bc53649
12:23:04.171 [main] [o.h.t.BasicTypeRegistry] DEBUG org.hibernate.type.BasicTypeRegistry - Adding type registration wrapper-binary -&gt; org.hibernate.type.WrapperBinaryType@160c3ec1
12:23:04.171 [main] [o.h.t.BasicTypeRegistry] DEBUG org.hibernate.type.BasicTypeRegistry - Adding type registration Byte[] -&gt; org.hibernate.type.WrapperBinaryType@160c3ec1
12:23:04.171 [main] [o.h.t.BasicTypeRegistry] DEBUG org.hibernate.type.BasicTypeRegistry - Adding type registration [Ljava.lang.Byte; -&gt; org.hibernate.type.WrapperBinaryType@160c3ec1
12:23:04.171 [main] [o.h.t.BasicTypeRegistry] DEBUG org.hibernate.type.BasicTypeRegistry - Adding type registration row_version -&gt; org.hibernate.type.RowVersionType@3704122f
12:23:04.171 [main] [o.h.t.BasicTypeRegistry] DEBUG org.hibernate.type.BasicTypeRegistry - Adding type registration image -&gt; org.hibernate.type.ImageType@10b3df93
12:23:04.171 [main] [o.h.t.BasicTypeRegistry] DEBUG org.hibernate.type.BasicTypeRegistry - Adding type registration characters -&gt; org.hibernate.type.CharArrayType@1dfd5f51
12:23:04.171 [main] [o.h.t.BasicTypeRegistry] DEBUG org.hibernate.type.BasicTypeRegistry - Adding type registration char[] -&gt; org.hibernate.type.CharArrayType@1dfd5f51
12:23:04.171 [main] [o.h.t.BasicTypeRegistry] DEBUG org.hibernate.type.BasicTypeRegistry - Adding type registration [C -&gt; org.hibernate.type.CharArrayType@1dfd5f51
12:23:04.171 [main] [o.h.t.BasicTypeRegistry] DEBUG org.hibernate.type.BasicTypeRegistry - Adding type registration wrapper-characters -&gt; org.hibernate.type.CharacterArrayType@610db97e
12:23:04.171 [main] [o.h.t.BasicTypeRegistry] DEBUG org.hibernate.type.BasicTypeRegistry - Adding type registration [Ljava.lang.Character; -&gt; org.hibernate.type.CharacterArrayType@610db97e
12:23:04.171 [main] [o.h.t.BasicTypeRegistry] DEBUG org.hibernate.type.BasicTypeRegistry - Adding type registration Character[] -&gt; org.hibernate.type.CharacterArrayType@610db97e
12:23:04.186 [main] [o.h.t.BasicTypeRegistry] DEBUG org.hibernate.type.BasicTypeRegistry - Adding type registration text -&gt; org.hibernate.type.TextType@4ced35ed
12:23:04.186 [main] [o.h.t.BasicTypeRegistry] DEBUG org.hibernate.type.BasicTypeRegistry - Adding type registration ntext -&gt; org.hibernate.type.NTextType@6831d8fd
12:23:04.186 [main] [o.h.t.BasicTypeRegistry] DEBUG org.hibernate.type.BasicTypeRegistry - Adding type registration blob -&gt; org.hibernate.type.BlobType@4acf72b6
12:23:04.186 [main] [o.h.t.BasicTypeRegistry] DEBUG org.hibernate.type.BasicTypeRegistry - Adding type registration java.sql.Blob -&gt; org.hibernate.type.BlobType@4acf72b6
12:23:04.202 [main] [o.h.t.BasicTypeRegistry] DEBUG org.hibernate.type.BasicTypeRegistry - Adding type registration materialized_blob -&gt; org.hibernate.type.MaterializedBlobType@24b52d3e
12:23:04.202 [main] [o.h.t.BasicTypeRegistry] DEBUG org.hibernate.type.BasicTypeRegistry - Adding type registration clob -&gt; org.hibernate.type.ClobType@4b770e40
12:23:04.202 [main] [o.h.t.BasicTypeRegistry] DEBUG org.hibernate.type.BasicTypeRegistry - Adding type registration java.sql.Clob -&gt; org.hibernate.type.ClobType@4b770e40
12:23:04.217 [main] [o.h.t.BasicTypeRegistry] DEBUG org.hibernate.type.BasicTypeRegistry - Adding type registration nclob -&gt; org.hibernate.type.NClobType@4102b1b1
12:23:04.217 [main] [o.h.t.BasicTypeRegistry] DEBUG org.hibernate.type.BasicTypeRegistry - Adding type registration java.sql.NClob -&gt; org.hibernate.type.NClobType@4102b1b1
12:23:04.217 [main] [o.h.t.BasicTypeRegistry] DEBUG org.hibernate.type.BasicTypeRegistry - Adding type registration materialized_clob -&gt; org.hibernate.type.MaterializedClobType@5b69fd74
12:23:04.217 [main] [o.h.t.BasicTypeRegistry] DEBUG org.hibernate.type.BasicTypeRegistry - Adding type registration materialized_nclob -&gt; org.hibernate.type.MaterializedNClobType@77b325b3
12:23:04.217 [main] [o.h.t.BasicTypeRegistry] DEBUG org.hibernate.type.BasicTypeRegistry - Adding type registration serializable -&gt; org.hibernate.type.SerializableType@51abf713
12:23:04.233 [main] [o.h.t.BasicTypeRegistry] DEBUG org.hibernate.type.BasicTypeRegistry - Adding type registration object -&gt; org.hibernate.type.ObjectType@308a6984
12:23:04.233 [main] [o.h.t.BasicTypeRegistry] DEBUG org.hibernate.type.BasicTypeRegistry - Adding type registration java.lang.Object -&gt; org.hibernate.type.ObjectType@308a6984
12:23:04.233 [main] [o.h.t.BasicTypeRegistry] DEBUG org.hibernate.type.BasicTypeRegistry - Adding type registration imm_date -&gt; org.hibernate.type.AdaptedImmutableType@58cd06cb
12:23:04.233 [main] [o.h.t.BasicTypeRegistry] DEBUG org.hibernate.type.BasicTypeRegistry - Adding type registration imm_time -&gt; org.hibernate.type.AdaptedImmutableType@3be8821f
12:23:04.249 [main] [o.h.t.BasicTypeRegistry] DEBUG org.hibernate.type.BasicTypeRegistry - Adding type registration imm_timestamp -&gt; org.hibernate.type.AdaptedImmutableType@64b31700
12:23:04.249 [main] [o.h.t.BasicTypeRegistry] DEBUG org.hibernate.type.BasicTypeRegistry - Adding type registration imm_dbtimestamp -&gt; org.hibernate.type.AdaptedImmutableType@3b65e559
12:23:04.249 [main] [o.h.t.BasicTypeRegistry] DEBUG org.hibernate.type.BasicTypeRegistry - Adding type registration imm_calendar -&gt; org.hibernate.type.AdaptedImmutableType@bae47a0
12:23:04.249 [main] [o.h.t.BasicTypeRegistry] DEBUG org.hibernate.type.BasicTypeRegistry - Adding type registration imm_calendar_date -&gt; org.hibernate.type.AdaptedImmutableType@74a9c4b0
12:23:04.249 [main] [o.h.t.BasicTypeRegistry] DEBUG org.hibernate.type.BasicTypeRegistry - Adding type registration imm_binary -&gt; org.hibernate.type.AdaptedImmutableType@85ec632
12:23:04.249 [main] [o.h.t.BasicTypeRegistry] DEBUG org.hibernate.type.BasicTypeRegistry - Adding type registration imm_serializable -&gt; org.hibernate.type.AdaptedImmutableType@1c05a54d
12:23:04.264 [main] [o.s.j.d.DriverManagerDataSource] DEBUG org.springframework.jdbc.datasource.DriverManagerDataSource - Creating new JDBC DriverManager Connection to [jdbc:hsqldb:file:C:\Users\3moulj69\AppData\Local\Temp\/hsqldb/productDb;shutdown=true]
12:23:04.936 [main] [o.h.e.j.e.i.JdbcEnvironmentInitiator] DEBUG org.hibernate.engine.jdbc.env.internal.JdbcEnvironmentInitiator - Database -&gt;
       name : HSQL Database Engine
    version : 2.2.4
      major : 2
      minor : 2
12:23:04.936 [main] [o.h.e.j.e.i.JdbcEnvironmentInitiator] DEBUG org.hibernate.engine.jdbc.env.internal.JdbcEnvironmentInitiator - Driver -&gt;
       name : HSQL Database Engine Driver
    version : 2.2.4
      major : 2
      minor : 2
12:23:04.936 [main] [o.h.e.j.e.i.JdbcEnvironmentInitiator] DEBUG org.hibernate.engine.jdbc.env.internal.JdbcEnvironmentInitiator - JDBC version : 4.0
12:23:04.967 [main] [o.h.d.Dialect] INFO  org.hibernate.dialect.Dialect - HHH000400: Using dialect: org.hibernate.dialect.HSQLDialect
12:23:05.030 [main] [o.h.e.j.e.s.IdentifierHelperBuilder] DEBUG org.hibernate.engine.jdbc.env.spi.IdentifierHelperBuilder - JDBC driver metadata reported database stores quoted identifiers in neither upper, lower nor mixed case
12:23:05.233 [main] [o.h.i.f.i.DefaultIdentifierGeneratorFactory] DEBUG org.hibernate.id.factory.internal.DefaultIdentifierGeneratorFactory - Registering IdentifierGenerator strategy [uuid2] -&gt; [org.hibernate.id.UUIDGenerator]
12:23:05.233 [main] [o.h.i.f.i.DefaultIdentifierGeneratorFactory] DEBUG org.hibernate.id.factory.internal.DefaultIdentifierGeneratorFactory - Registering IdentifierGenerator strategy [guid] -&gt; [org.hibernate.id.GUIDGenerator]
12:23:05.249 [main] [o.h.i.f.i.DefaultIdentifierGeneratorFactory] DEBUG org.hibernate.id.factory.internal.DefaultIdentifierGeneratorFactory - Registering IdentifierGenerator strategy [uuid] -&gt; [org.hibernate.id.UUIDHexGenerator]
12:23:05.249 [main] [o.h.i.f.i.DefaultIdentifierGeneratorFactory] DEBUG org.hibernate.id.factory.internal.DefaultIdentifierGeneratorFactory - Registering IdentifierGenerator strategy [uuid.hex] -&gt; [org.hibernate.id.UUIDHexGenerator]
12:23:05.249 [main] [o.h.i.f.i.DefaultIdentifierGeneratorFactory] DEBUG org.hibernate.id.factory.internal.DefaultIdentifierGeneratorFactory - Registering IdentifierGenerator strategy [assigned] -&gt; [org.hibernate.id.Assigned]
12:23:05.249 [main] [o.h.i.f.i.DefaultIdentifierGeneratorFactory] DEBUG org.hibernate.id.factory.internal.DefaultIdentifierGeneratorFactory - Registering IdentifierGenerator strategy [identity] -&gt; [org.hibernate.id.IdentityGenerator]
12:23:05.249 [main] [o.h.i.f.i.DefaultIdentifierGeneratorFactory] DEBUG org.hibernate.id.factory.internal.DefaultIdentifierGeneratorFactory - Registering IdentifierGenerator strategy [select] -&gt; [org.hibernate.id.SelectGenerator]
12:23:05.249 [main] [o.h.i.f.i.DefaultIdentifierGeneratorFactory] DEBUG org.hibernate.id.factory.internal.DefaultIdentifierGeneratorFactory - Registering IdentifierGenerator strategy [sequence] -&gt; [org.hibernate.id.enhanced.SequenceStyleGenerator]
12:23:05.249 [main] [o.h.i.f.i.DefaultIdentifierGeneratorFactory] DEBUG org.hibernate.id.factory.internal.DefaultIdentifierGeneratorFactory - Registering IdentifierGenerator strategy [seqhilo] -&gt; [org.hibernate.id.SequenceHiLoGenerator]
12:23:05.249 [main] [o.h.i.f.i.DefaultIdentifierGeneratorFactory] DEBUG org.hibernate.id.factory.internal.DefaultIdentifierGeneratorFactory - Registering IdentifierGenerator strategy [increment] -&gt; [org.hibernate.id.IncrementGenerator]
12:23:05.249 [main] [o.h.i.f.i.DefaultIdentifierGeneratorFactory] DEBUG org.hibernate.id.factory.internal.DefaultIdentifierGeneratorFactory - Registering IdentifierGenerator strategy [foreign] -&gt; [org.hibernate.id.ForeignGenerator]
12:23:05.249 [main] [o.h.i.f.i.DefaultIdentifierGeneratorFactory] DEBUG org.hibernate.id.factory.internal.DefaultIdentifierGeneratorFactory - Registering IdentifierGenerator strategy [sequence-identity] -&gt; [org.hibernate.id.SequenceIdentityGenerator]
12:23:05.249 [main] [o.h.i.f.i.DefaultIdentifierGeneratorFactory] DEBUG org.hibernate.id.factory.internal.DefaultIdentifierGeneratorFactory - Registering IdentifierGenerator strategy [enhanced-sequence] -&gt; [org.hibernate.id.enhanced.SequenceStyleGenerator]
12:23:05.264 [main] [o.h.i.f.i.DefaultIdentifierGeneratorFactory] DEBUG org.hibernate.id.factory.internal.DefaultIdentifierGeneratorFactory - Registering IdentifierGenerator strategy [enhanced-table] -&gt; [org.hibernate.id.enhanced.TableGenerator]
12:23:05.327 [main] [o.h.b.m.r.Namespace] DEBUG org.hibernate.boot.model.relational.Namespace - Created database namespace [logicalName=Name{catalog=null, schema=null}, physicalName=Name{catalog=null, schema=null}]
12:23:05.389 [main] [o.h.c.AnnotationBinder] DEBUG org.hibernate.cfg.AnnotationBinder - Binding entity from annotated class: org.solent.com504.project.model.bid.dto.Bid
12:23:05.421 [main] [o.h.c.Ejb3Column] DEBUG org.hibernate.cfg.Ejb3Column - Binding column: Ejb3DiscriminatorColumn{logicalColumnName&apos;DTYPE&apos;, discriminatorTypeName=&apos;string&apos;}
12:23:05.436 [main] [o.h.c.a.EntityBinder] DEBUG org.hibernate.cfg.annotations.EntityBinder - Import with entity name Bid
12:23:05.452 [main] [o.h.c.a.EntityBinder] DEBUG org.hibernate.cfg.annotations.EntityBinder - Bind entity org.solent.com504.project.model.bid.dto.Bid on table Bid
12:23:05.499 [main] [o.h.c.Ejb3Column] DEBUG org.hibernate.cfg.Ejb3Column - Binding column: Ejb3Column{table=org.hibernate.mapping.Table(Bid), mappingColumn=id, insertable=true, updatable=true, unique=false}
12:23:05.514 [main] [o.h.c.a.PropertyBinder] DEBUG org.hibernate.cfg.annotations.PropertyBinder - MetadataSourceProcessor property id with lazy=false
12:23:05.514 [main] [o.h.c.AbstractPropertyHolder] DEBUG org.hibernate.cfg.AbstractPropertyHolder - Attempting to locate auto-apply AttributeConverter for property [org.solent.com504.project.model.bid.dto.Bid:id]
12:23:05.514 [main] [o.h.c.a.SimpleValueBinder] DEBUG org.hibernate.cfg.annotations.SimpleValueBinder - building SimpleValue for id
12:23:05.514 [main] [o.h.c.a.PropertyBinder] DEBUG org.hibernate.cfg.annotations.PropertyBinder - Building property id
12:23:05.530 [main] [o.h.c.Ejb3Column] DEBUG org.hibernate.cfg.Ejb3Column - Binding column: Ejb3JoinColumn{logicalColumnName=&apos;null&apos;, referencedColumn=&apos;null&apos;, mappedBy=&apos;null&apos;}
12:23:05.530 [main] [o.h.c.Ejb3Column] DEBUG org.hibernate.cfg.Ejb3Column - Binding column: Ejb3Column{table=org.hibernate.mapping.Table(Bid), mappingColumn=lot, insertable=true, updatable=true, unique=false}
12:23:05.530 [main] [o.h.c.a.PropertyBinder] DEBUG org.hibernate.cfg.annotations.PropertyBinder - Building property lot
12:23:05.530 [main] [o.h.c.Ejb3Column] DEBUG org.hibernate.cfg.Ejb3Column - Binding column: Ejb3Column{table=org.hibernate.mapping.Table(Bid), mappingColumn=partyId, insertable=true, updatable=true, unique=false}
12:23:05.530 [main] [o.h.c.a.PropertyBinder] DEBUG org.hibernate.cfg.annotations.PropertyBinder - MetadataSourceProcessor property partyId with lazy=false
12:23:05.530 [main] [o.h.c.AbstractPropertyHolder] DEBUG org.hibernate.cfg.AbstractPropertyHolder - Attempting to locate auto-apply AttributeConverter for property [org.solent.com504.project.model.bid.dto.Bid:partyId]
12:23:05.530 [main] [o.h.c.a.SimpleValueBinder] DEBUG org.hibernate.cfg.annotations.SimpleValueBinder - building SimpleValue for partyId
12:23:05.530 [main] [o.h.c.a.PropertyBinder] DEBUG org.hibernate.cfg.annotations.PropertyBinder - Building property partyId
12:23:05.530 [main] [o.h.c.Ejb3Column] DEBUG org.hibernate.cfg.Ejb3Column - Binding column: Ejb3Column{table=org.hibernate.mapping.Table(Bid), mappingColumn=timeStamp, insertable=true, updatable=true, unique=false}
12:23:05.530 [main] [o.h.c.a.PropertyBinder] DEBUG org.hibernate.cfg.annotations.PropertyBinder - MetadataSourceProcessor property timeStamp with lazy=false
12:23:05.530 [main] [o.h.c.AbstractPropertyHolder] DEBUG org.hibernate.cfg.AbstractPropertyHolder - Attempting to locate auto-apply AttributeConverter for property [org.solent.com504.project.model.bid.dto.Bid:timeStamp]
12:23:05.530 [main] [o.h.c.a.SimpleValueBinder] DEBUG org.hibernate.cfg.annotations.SimpleValueBinder - building SimpleValue for timeStamp
12:23:05.530 [main] [o.h.c.a.PropertyBinder] DEBUG org.hibernate.cfg.annotations.PropertyBinder - Building property timeStamp
12:23:05.530 [main] [o.h.c.Ejb3Column] DEBUG org.hibernate.cfg.Ejb3Column - Binding column: Ejb3Column{table=org.hibernate.mapping.Table(Bid), mappingColumn=value, insertable=true, updatable=true, unique=false}
12:23:05.546 [main] [o.h.c.a.PropertyBinder] DEBUG org.hibernate.cfg.annotations.PropertyBinder - MetadataSourceProcessor property value with lazy=false
12:23:05.546 [main] [o.h.c.AbstractPropertyHolder] DEBUG org.hibernate.cfg.AbstractPropertyHolder - Attempting to locate auto-apply AttributeConverter for property [org.solent.com504.project.model.bid.dto.Bid:value]
12:23:05.546 [main] [o.h.c.a.SimpleValueBinder] DEBUG org.hibernate.cfg.annotations.SimpleValueBinder - building SimpleValue for value
12:23:05.546 [main] [o.h.c.a.PropertyBinder] DEBUG org.hibernate.cfg.annotations.PropertyBinder - Building property value
12:23:05.546 [main] [o.h.c.AnnotationBinder] DEBUG org.hibernate.cfg.AnnotationBinder - Binding entity from annotated class: org.solent.com504.project.model.user.dto.Role
12:23:05.546 [main] [o.h.c.Ejb3Column] DEBUG org.hibernate.cfg.Ejb3Column - Binding column: Ejb3DiscriminatorColumn{logicalColumnName&apos;DTYPE&apos;, discriminatorTypeName=&apos;string&apos;}
12:23:05.546 [main] [o.h.c.a.EntityBinder] DEBUG org.hibernate.cfg.annotations.EntityBinder - Import with entity name Role
12:23:05.546 [main] [o.h.c.a.EntityBinder] DEBUG org.hibernate.cfg.annotations.EntityBinder - Bind entity org.solent.com504.project.model.user.dto.Role on table role
12:23:05.546 [main] [o.h.c.Ejb3Column] DEBUG org.hibernate.cfg.Ejb3Column - Binding column: Ejb3Column{table=org.hibernate.mapping.Table(role), mappingColumn=id, insertable=true, updatable=true, unique=false}
12:23:05.546 [main] [o.h.c.a.PropertyBinder] DEBUG org.hibernate.cfg.annotations.PropertyBinder - MetadataSourceProcessor property id with lazy=false
12:23:05.546 [main] [o.h.c.AbstractPropertyHolder] DEBUG org.hibernate.cfg.AbstractPropertyHolder - Attempting to locate auto-apply AttributeConverter for property [org.solent.com504.project.model.user.dto.Role:id]
12:23:05.546 [main] [o.h.c.a.SimpleValueBinder] DEBUG org.hibernate.cfg.annotations.SimpleValueBinder - building SimpleValue for id
12:23:05.546 [main] [o.h.c.a.PropertyBinder] DEBUG org.hibernate.cfg.annotations.PropertyBinder - Building property id
12:23:05.546 [main] [o.h.c.Ejb3Column] DEBUG org.hibernate.cfg.Ejb3Column - Binding column: Ejb3Column{table=org.hibernate.mapping.Table(role), mappingColumn=name, insertable=true, updatable=true, unique=false}
12:23:05.546 [main] [o.h.c.a.PropertyBinder] DEBUG org.hibernate.cfg.annotations.PropertyBinder - MetadataSourceProcessor property name with lazy=false
12:23:05.546 [main] [o.h.c.AbstractPropertyHolder] DEBUG org.hibernate.cfg.AbstractPropertyHolder - Attempting to locate auto-apply AttributeConverter for property [org.solent.com504.project.model.user.dto.Role:name]
12:23:05.546 [main] [o.h.c.a.SimpleValueBinder] DEBUG org.hibernate.cfg.annotations.SimpleValueBinder - building SimpleValue for name
12:23:05.546 [main] [o.h.c.a.PropertyBinder] DEBUG org.hibernate.cfg.annotations.PropertyBinder - Building property name
12:23:05.561 [main] [o.h.c.Ejb3Column] DEBUG org.hibernate.cfg.Ejb3Column - Binding column: Ejb3Column{table=org.hibernate.mapping.Table(role), mappingColumn=null, insertable=true, updatable=true, unique=false}
12:23:05.577 [main] [o.h.c.Ejb3Column] DEBUG org.hibernate.cfg.Ejb3Column - Binding column: Ejb3Column{table=org.hibernate.mapping.Table(role), mappingColumn=element, insertable=true, updatable=true, unique=false}
12:23:05.577 [main] [o.h.c.Ejb3Column] DEBUG org.hibernate.cfg.Ejb3Column - Binding column: Ejb3Column{table=org.hibernate.mapping.Table(role), mappingColumn=users_KEY, insertable=true, updatable=true, unique=false}
12:23:05.577 [main] [o.h.c.Ejb3Column] DEBUG org.hibernate.cfg.Ejb3Column - Binding column: Ejb3JoinColumn{logicalColumnName=&apos;users_KEY&apos;, referencedColumn=&apos;null&apos;, mappedBy=&apos;null&apos;}
12:23:05.577 [main] [o.h.c.Ejb3Column] DEBUG org.hibernate.cfg.Ejb3Column - Binding column: Ejb3JoinColumn{logicalColumnName=&apos;null&apos;, referencedColumn=&apos;null&apos;, mappedBy=&apos;roles&apos;}
12:23:05.577 [main] [o.h.c.Ejb3Column] DEBUG org.hibernate.cfg.Ejb3Column - Binding column: Ejb3JoinColumn{logicalColumnName=&apos;null&apos;, referencedColumn=&apos;null&apos;, mappedBy=&apos;roles&apos;}
12:23:05.577 [main] [o.h.c.a.CollectionBinder] DEBUG org.hibernate.cfg.annotations.CollectionBinder - Collection role: org.solent.com504.project.model.user.dto.Role.users
12:23:05.592 [main] [o.h.c.a.PropertyBinder] DEBUG org.hibernate.cfg.annotations.PropertyBinder - Building property users
12:23:05.592 [main] [o.h.c.AnnotationBinder] DEBUG org.hibernate.cfg.AnnotationBinder - Binding entity from annotated class: org.solent.com504.project.model.auction.dto.Auction
12:23:05.592 [main] [o.h.c.Ejb3Column] DEBUG org.hibernate.cfg.Ejb3Column - Binding column: Ejb3DiscriminatorColumn{logicalColumnName&apos;DTYPE&apos;, discriminatorTypeName=&apos;string&apos;}
12:23:05.592 [main] [o.h.c.a.EntityBinder] DEBUG org.hibernate.cfg.annotations.EntityBinder - Import with entity name Auction
12:23:05.592 [main] [o.h.c.a.EntityBinder] DEBUG org.hibernate.cfg.annotations.EntityBinder - Bind entity org.solent.com504.project.model.auction.dto.Auction on table Auction
12:23:05.592 [main] [o.h.c.Ejb3Column] DEBUG org.hibernate.cfg.Ejb3Column - Binding column: Ejb3Column{table=org.hibernate.mapping.Table(Auction), mappingColumn=id, insertable=true, updatable=true, unique=false}
12:23:05.592 [main] [o.h.c.a.PropertyBinder] DEBUG org.hibernate.cfg.annotations.PropertyBinder - MetadataSourceProcessor property id with lazy=false
12:23:05.592 [main] [o.h.c.AbstractPropertyHolder] DEBUG org.hibernate.cfg.AbstractPropertyHolder - Attempting to locate auto-apply AttributeConverter for property [org.solent.com504.project.model.auction.dto.Auction:id]
12:23:05.592 [main] [o.h.c.a.SimpleValueBinder] DEBUG org.hibernate.cfg.annotations.SimpleValueBinder - building SimpleValue for id
12:23:05.592 [main] [o.h.c.a.PropertyBinder] DEBUG org.hibernate.cfg.annotations.PropertyBinder - Building property id
12:23:05.592 [main] [o.h.c.Ejb3Column] DEBUG org.hibernate.cfg.Ejb3Column - Binding column: Ejb3Column{table=org.hibernate.mapping.Table(Auction), mappingColumn=auctionType, insertable=true, updatable=true, unique=false}
12:23:05.592 [main] [o.h.c.a.PropertyBinder] DEBUG org.hibernate.cfg.annotations.PropertyBinder - MetadataSourceProcessor property auctionType with lazy=false
12:23:05.592 [main] [o.h.c.AbstractPropertyHolder] DEBUG org.hibernate.cfg.AbstractPropertyHolder - Attempting to locate auto-apply AttributeConverter for property [org.solent.com504.project.model.auction.dto.Auction:auctionType]
12:23:05.608 [main] [o.h.c.a.SimpleValueBinder] DEBUG org.hibernate.cfg.annotations.SimpleValueBinder - building SimpleValue for auctionType
12:23:05.608 [main] [o.h.c.a.PropertyBinder] DEBUG org.hibernate.cfg.annotations.PropertyBinder - Building property auctionType
12:23:05.608 [main] [o.h.c.Ejb3Column] DEBUG org.hibernate.cfg.Ejb3Column - Binding column: Ejb3JoinColumn{logicalColumnName=&apos;null&apos;, referencedColumn=&apos;null&apos;, mappedBy=&apos;&apos;}
12:23:05.608 [main] [o.h.c.Ejb3Column] DEBUG org.hibernate.cfg.Ejb3Column - Binding column: Ejb3Column{table=org.hibernate.mapping.Table(Auction), mappingColumn=lots, insertable=true, updatable=true, unique=false}
12:23:05.608 [main] [o.h.c.Ejb3Column] DEBUG org.hibernate.cfg.Ejb3Column - Binding column: Ejb3Column{table=org.hibernate.mapping.Table(Auction), mappingColumn=null, insertable=true, updatable=true, unique=false}
12:23:05.608 [main] [o.h.c.Ejb3Column] DEBUG org.hibernate.cfg.Ejb3Column - Binding column: Ejb3Column{table=org.hibernate.mapping.Table(Auction), mappingColumn=element, insertable=true, updatable=true, unique=false}
12:23:05.608 [main] [o.h.c.Ejb3Column] DEBUG org.hibernate.cfg.Ejb3Column - Binding column: Ejb3Column{table=org.hibernate.mapping.Table(Auction), mappingColumn=lots_KEY, insertable=true, updatable=true, unique=false}
12:23:05.608 [main] [o.h.c.Ejb3Column] DEBUG org.hibernate.cfg.Ejb3Column - Binding column: Ejb3JoinColumn{logicalColumnName=&apos;lots_KEY&apos;, referencedColumn=&apos;null&apos;, mappedBy=&apos;null&apos;}
12:23:05.608 [main] [o.h.c.Ejb3Column] DEBUG org.hibernate.cfg.Ejb3Column - Binding column: Ejb3JoinColumn{logicalColumnName=&apos;null&apos;, referencedColumn=&apos;null&apos;, mappedBy=&apos;&apos;}
12:23:05.608 [main] [o.h.c.Ejb3Column] DEBUG org.hibernate.cfg.Ejb3Column - Binding column: Ejb3JoinColumn{logicalColumnName=&apos;null&apos;, referencedColumn=&apos;null&apos;, mappedBy=&apos;&apos;}
12:23:05.608 [main] [o.h.c.a.CollectionBinder] DEBUG org.hibernate.cfg.annotations.CollectionBinder - Collection role: org.solent.com504.project.model.auction.dto.Auction.lots
12:23:05.608 [main] [o.h.c.a.PropertyBinder] DEBUG org.hibernate.cfg.annotations.PropertyBinder - Building property lots
12:23:05.608 [main] [o.h.c.Ejb3Column] DEBUG org.hibernate.cfg.Ejb3Column - Binding column: Ejb3Column{table=org.hibernate.mapping.Table(Auction), mappingColumn=startTime, insertable=true, updatable=true, unique=false}
12:23:05.608 [main] [o.h.c.a.PropertyBinder] DEBUG org.hibernate.cfg.annotations.PropertyBinder - MetadataSourceProcessor property startTime with lazy=false
12:23:05.608 [main] [o.h.c.AbstractPropertyHolder] DEBUG org.hibernate.cfg.AbstractPropertyHolder - Attempting to locate auto-apply AttributeConverter for property [org.solent.com504.project.model.auction.dto.Auction:startTime]
12:23:05.608 [main] [o.h.c.a.SimpleValueBinder] DEBUG org.hibernate.cfg.annotations.SimpleValueBinder - building SimpleValue for startTime
12:23:05.608 [main] [o.h.c.a.PropertyBinder] DEBUG org.hibernate.cfg.annotations.PropertyBinder - Building property startTime
12:23:05.608 [main] [o.h.c.Ejb3Column] DEBUG org.hibernate.cfg.Ejb3Column - Binding column: Ejb3Column{table=org.hibernate.mapping.Table(Auction), mappingColumn=type, insertable=true, updatable=true, unique=false}
12:23:05.608 [main] [o.h.c.a.PropertyBinder] DEBUG org.hibernate.cfg.annotations.PropertyBinder - MetadataSourceProcessor property type with lazy=false
12:23:05.608 [main] [o.h.c.AbstractPropertyHolder] DEBUG org.hibernate.cfg.AbstractPropertyHolder - Attempting to locate auto-apply AttributeConverter for property [org.solent.com504.project.model.auction.dto.Auction:type]
12:23:05.608 [main] [o.h.c.a.SimpleValueBinder] DEBUG org.hibernate.cfg.annotations.SimpleValueBinder - building SimpleValue for type
12:23:05.608 [main] [o.h.c.a.PropertyBinder] DEBUG org.hibernate.cfg.annotations.PropertyBinder - Building property type
12:23:05.608 [main] [o.h.c.AnnotationBinder] DEBUG org.hibernate.cfg.AnnotationBinder - Binding entity from annotated class: org.solent.com504.project.model.lot.dto.Lot
12:23:05.608 [main] [o.h.c.Ejb3Column] DEBUG org.hibernate.cfg.Ejb3Column - Binding column: Ejb3DiscriminatorColumn{logicalColumnName&apos;DTYPE&apos;, discriminatorTypeName=&apos;string&apos;}
12:23:05.608 [main] [o.h.c.a.EntityBinder] DEBUG org.hibernate.cfg.annotations.EntityBinder - Import with entity name Lot
12:23:05.608 [main] [o.h.c.a.EntityBinder] DEBUG org.hibernate.cfg.annotations.EntityBinder - Bind entity org.solent.com504.project.model.lot.dto.Lot on table Lot
12:23:05.608 [main] [o.h.c.Ejb3Column] DEBUG org.hibernate.cfg.Ejb3Column - Binding column: Ejb3Column{table=org.hibernate.mapping.Table(Lot), mappingColumn=id, insertable=true, updatable=true, unique=false}
12:23:05.608 [main] [o.h.c.a.PropertyBinder] DEBUG org.hibernate.cfg.annotations.PropertyBinder - MetadataSourceProcessor property id with lazy=false
12:23:05.608 [main] [o.h.c.AbstractPropertyHolder] DEBUG org.hibernate.cfg.AbstractPropertyHolder - Attempting to locate auto-apply AttributeConverter for property [org.solent.com504.project.model.lot.dto.Lot:id]
12:23:05.608 [main] [o.h.c.a.SimpleValueBinder] DEBUG org.hibernate.cfg.annotations.SimpleValueBinder - building SimpleValue for id
12:23:05.608 [main] [o.h.c.a.PropertyBinder] DEBUG org.hibernate.cfg.annotations.PropertyBinder - Building property id
12:23:05.608 [main] [o.h.c.Ejb3Column] DEBUG org.hibernate.cfg.Ejb3Column - Binding column: Ejb3JoinColumn{logicalColumnName=&apos;null&apos;, referencedColumn=&apos;null&apos;, mappedBy=&apos;&apos;}
12:23:05.608 [main] [o.h.c.Ejb3Column] DEBUG org.hibernate.cfg.Ejb3Column - Binding column: Ejb3Column{table=org.hibernate.mapping.Table(Lot), mappingColumn=bids, insertable=true, updatable=true, unique=false}
12:23:05.608 [main] [o.h.c.Ejb3Column] DEBUG org.hibernate.cfg.Ejb3Column - Binding column: Ejb3Column{table=org.hibernate.mapping.Table(Lot), mappingColumn=null, insertable=true, updatable=true, unique=false}
12:23:05.608 [main] [o.h.c.Ejb3Column] DEBUG org.hibernate.cfg.Ejb3Column - Binding column: Ejb3Column{table=org.hibernate.mapping.Table(Lot), mappingColumn=element, insertable=true, updatable=true, unique=false}
12:23:05.608 [main] [o.h.c.Ejb3Column] DEBUG org.hibernate.cfg.Ejb3Column - Binding column: Ejb3Column{table=org.hibernate.mapping.Table(Lot), mappingColumn=bids_KEY, insertable=true, updatable=true, unique=false}
12:23:05.608 [main] [o.h.c.Ejb3Column] DEBUG org.hibernate.cfg.Ejb3Column - Binding column: Ejb3JoinColumn{logicalColumnName=&apos;bids_KEY&apos;, referencedColumn=&apos;null&apos;, mappedBy=&apos;null&apos;}
12:23:05.608 [main] [o.h.c.Ejb3Column] DEBUG org.hibernate.cfg.Ejb3Column - Binding column: Ejb3JoinColumn{logicalColumnName=&apos;null&apos;, referencedColumn=&apos;null&apos;, mappedBy=&apos;&apos;}
12:23:05.608 [main] [o.h.c.Ejb3Column] DEBUG org.hibernate.cfg.Ejb3Column - Binding column: Ejb3JoinColumn{logicalColumnName=&apos;null&apos;, referencedColumn=&apos;null&apos;, mappedBy=&apos;&apos;}
12:23:05.608 [main] [o.h.c.a.CollectionBinder] DEBUG org.hibernate.cfg.annotations.CollectionBinder - Collection role: org.solent.com504.project.model.lot.dto.Lot.bids
12:23:05.608 [main] [o.h.c.a.PropertyBinder] DEBUG org.hibernate.cfg.annotations.PropertyBinder - Building property bids
12:23:05.608 [main] [o.h.c.Ejb3Column] DEBUG org.hibernate.cfg.Ejb3Column - Binding column: Ejb3Column{table=org.hibernate.mapping.Table(Lot), mappingColumn=duration, insertable=true, updatable=true, unique=false}
12:23:05.608 [main] [o.h.c.a.PropertyBinder] DEBUG org.hibernate.cfg.annotations.PropertyBinder - MetadataSourceProcessor property duration with lazy=false
12:23:05.608 [main] [o.h.c.AbstractPropertyHolder] DEBUG org.hibernate.cfg.AbstractPropertyHolder - Attempting to locate auto-apply AttributeConverter for property [org.solent.com504.project.model.lot.dto.Lot:duration]
12:23:05.608 [main] [o.h.c.a.SimpleValueBinder] DEBUG org.hibernate.cfg.annotations.SimpleValueBinder - building SimpleValue for duration
12:23:05.608 [main] [o.h.c.a.PropertyBinder] DEBUG org.hibernate.cfg.annotations.PropertyBinder - Building property duration
12:23:05.608 [main] [o.h.c.Ejb3Column] DEBUG org.hibernate.cfg.Ejb3Column - Binding column: Ejb3Column{table=org.hibernate.mapping.Table(Lot), mappingColumn=grade, insertable=true, updatable=true, unique=false}
12:23:05.608 [main] [o.h.c.a.PropertyBinder] DEBUG org.hibernate.cfg.annotations.PropertyBinder - MetadataSourceProcessor property grade with lazy=false
12:23:05.608 [main] [o.h.c.AbstractPropertyHolder] DEBUG org.hibernate.cfg.AbstractPropertyHolder - Attempting to locate auto-apply AttributeConverter for property [org.solent.com504.project.model.lot.dto.Lot:grade]
12:23:05.608 [main] [o.h.c.a.SimpleValueBinder] DEBUG org.hibernate.cfg.annotations.SimpleValueBinder - building SimpleValue for grade
12:23:05.608 [main] [o.h.c.a.PropertyBinder] DEBUG org.hibernate.cfg.annotations.PropertyBinder - Building property grade
12:23:05.608 [main] [o.h.c.Ejb3Column] DEBUG org.hibernate.cfg.Ejb3Column - Binding column: Ejb3Column{table=org.hibernate.mapping.Table(Lot), mappingColumn=highestBidPrice, insertable=true, updatable=true, unique=false}
12:23:05.608 [main] [o.h.c.a.PropertyBinder] DEBUG org.hibernate.cfg.annotations.PropertyBinder - MetadataSourceProcessor property highestBidPrice with lazy=false
12:23:05.608 [main] [o.h.c.AbstractPropertyHolder] DEBUG org.hibernate.cfg.AbstractPropertyHolder - Attempting to locate auto-apply AttributeConverter for property [org.solent.com504.project.model.lot.dto.Lot:highestBidPrice]
12:23:05.608 [main] [o.h.c.a.SimpleValueBinder] DEBUG org.hibernate.cfg.annotations.SimpleValueBinder - building SimpleValue for highestBidPrice
12:23:05.608 [main] [o.h.c.a.PropertyBinder] DEBUG org.hibernate.cfg.annotations.PropertyBinder - Building property highestBidPrice
12:23:05.608 [main] [o.h.c.Ejb3Column] DEBUG org.hibernate.cfg.Ejb3Column - Binding column: Ejb3Column{table=org.hibernate.mapping.Table(Lot), mappingColumn=life_days, insertable=true, updatable=true, unique=false}
12:23:05.608 [main] [o.h.c.a.PropertyBinder] DEBUG org.hibernate.cfg.annotations.PropertyBinder - MetadataSourceProcessor property life_days with lazy=false
12:23:05.608 [main] [o.h.c.AbstractPropertyHolder] DEBUG org.hibernate.cfg.AbstractPropertyHolder - Attempting to locate auto-apply AttributeConverter for property [org.solent.com504.project.model.lot.dto.Lot:life_days]
12:23:05.608 [main] [o.h.c.a.SimpleValueBinder] DEBUG org.hibernate.cfg.annotations.SimpleValueBinder - building SimpleValue for life_days
12:23:05.608 [main] [o.h.c.a.PropertyBinder] DEBUG org.hibernate.cfg.annotations.PropertyBinder - Building property life_days
12:23:05.624 [main] [o.h.c.Ejb3Column] DEBUG org.hibernate.cfg.Ejb3Column - Binding column: Ejb3Column{table=org.hibernate.mapping.Table(Lot), mappingColumn=pickdate, insertable=true, updatable=true, unique=false}
12:23:05.624 [main] [o.h.c.a.PropertyBinder] DEBUG org.hibernate.cfg.annotations.PropertyBinder - MetadataSourceProcessor property pickdate with lazy=false
12:23:05.624 [main] [o.h.c.AbstractPropertyHolder] DEBUG org.hibernate.cfg.AbstractPropertyHolder - Attempting to locate auto-apply AttributeConverter for property [org.solent.com504.project.model.lot.dto.Lot:pickdate]
12:23:05.624 [main] [o.h.c.a.SimpleValueBinder] DEBUG org.hibernate.cfg.annotations.SimpleValueBinder - building SimpleValue for pickdate
12:23:05.624 [main] [o.h.c.a.PropertyBinder] DEBUG org.hibernate.cfg.annotations.PropertyBinder - Building property pickdate
12:23:05.624 [main] [o.h.c.Ejb3Column] DEBUG org.hibernate.cfg.Ejb3Column - Binding column: Ejb3Column{table=org.hibernate.mapping.Table(Lot), mappingColumn=quantity, insertable=true, updatable=true, unique=false}
12:23:05.624 [main] [o.h.c.a.PropertyBinder] DEBUG org.hibernate.cfg.annotations.PropertyBinder - MetadataSourceProcessor property quantity with lazy=false
12:23:05.624 [main] [o.h.c.AbstractPropertyHolder] DEBUG org.hibernate.cfg.AbstractPropertyHolder - Attempting to locate auto-apply AttributeConverter for property [org.solent.com504.project.model.lot.dto.Lot:quantity]
12:23:05.624 [main] [o.h.c.a.SimpleValueBinder] DEBUG org.hibernate.cfg.annotations.SimpleValueBinder - building SimpleValue for quantity
12:23:05.624 [main] [o.h.c.a.PropertyBinder] DEBUG org.hibernate.cfg.annotations.PropertyBinder - Building property quantity
12:23:05.624 [main] [o.h.c.Ejb3Column] DEBUG org.hibernate.cfg.Ejb3Column - Binding column: Ejb3Column{table=org.hibernate.mapping.Table(Lot), mappingColumn=reservedPrice, insertable=true, updatable=true, unique=false}
12:23:05.624 [main] [o.h.c.a.PropertyBinder] DEBUG org.hibernate.cfg.annotations.PropertyBinder - MetadataSourceProcessor property reservedPrice with lazy=false
12:23:05.624 [main] [o.h.c.AbstractPropertyHolder] DEBUG org.hibernate.cfg.AbstractPropertyHolder - Attempting to locate auto-apply AttributeConverter for property [org.solent.com504.project.model.lot.dto.Lot:reservedPrice]
12:23:05.624 [main] [o.h.c.a.SimpleValueBinder] DEBUG org.hibernate.cfg.annotations.SimpleValueBinder - building SimpleValue for reservedPrice
12:23:05.624 [main] [o.h.c.a.PropertyBinder] DEBUG org.hibernate.cfg.annotations.PropertyBinder - Building property reservedPrice
12:23:05.624 [main] [o.h.c.AnnotationBinder] DEBUG org.hibernate.cfg.AnnotationBinder - Binding entity from annotated class: org.solent.com504.project.model.party.dto.Party
12:23:05.624 [main] [o.h.c.Ejb3Column] DEBUG org.hibernate.cfg.Ejb3Column - Binding column: Ejb3DiscriminatorColumn{logicalColumnName&apos;DTYPE&apos;, discriminatorTypeName=&apos;string&apos;}
12:23:05.624 [main] [o.h.c.a.EntityBinder] DEBUG org.hibernate.cfg.annotations.EntityBinder - Import with entity name Party
12:23:05.624 [main] [o.h.c.a.EntityBinder] DEBUG org.hibernate.cfg.annotations.EntityBinder - Bind entity org.solent.com504.project.model.party.dto.Party on table Party
12:23:05.624 [main] [o.h.c.Ejb3Column] DEBUG org.hibernate.cfg.Ejb3Column - Binding column: Ejb3Column{table=org.hibernate.mapping.Table(Party), mappingColumn=id, insertable=true, updatable=true, unique=false}
12:23:05.624 [main] [o.h.c.a.PropertyBinder] DEBUG org.hibernate.cfg.annotations.PropertyBinder - MetadataSourceProcessor property id with lazy=false
12:23:05.624 [main] [o.h.c.AbstractPropertyHolder] DEBUG org.hibernate.cfg.AbstractPropertyHolder - Attempting to locate auto-apply AttributeConverter for property [org.solent.com504.project.model.party.dto.Party:id]
12:23:05.624 [main] [o.h.c.a.SimpleValueBinder] DEBUG org.hibernate.cfg.annotations.SimpleValueBinder - building SimpleValue for id
12:23:05.624 [main] [o.h.c.a.PropertyBinder] DEBUG org.hibernate.cfg.annotations.PropertyBinder - Building property id
12:23:05.624 [main] [o.h.c.Ejb3Column] DEBUG org.hibernate.cfg.Ejb3Column - Binding column: Ejb3Column{table=org.hibernate.mapping.Table(Party), mappingColumn=address, insertable=true, updatable=true, unique=false}
12:23:05.639 [main] [o.h.c.Ejb3Column] DEBUG org.hibernate.cfg.Ejb3Column - Binding column: Ejb3Column{table=org.hibernate.mapping.Table(Party), mappingColumn=addressLine1, insertable=true, updatable=true, unique=false}
12:23:05.639 [main] [o.h.c.a.PropertyBinder] DEBUG org.hibernate.cfg.annotations.PropertyBinder - MetadataSourceProcessor property addressLine1 with lazy=false
12:23:05.639 [main] [o.h.c.AbstractPropertyHolder] DEBUG org.hibernate.cfg.AbstractPropertyHolder - Attempting to locate auto-apply AttributeConverter for property [org.solent.com504.project.model.party.dto.Party.address:addressLine1]
12:23:05.639 [main] [o.h.c.a.SimpleValueBinder] DEBUG org.hibernate.cfg.annotations.SimpleValueBinder - building SimpleValue for addressLine1
12:23:05.639 [main] [o.h.c.a.PropertyBinder] DEBUG org.hibernate.cfg.annotations.PropertyBinder - Building property addressLine1
12:23:05.639 [main] [o.h.c.Ejb3Column] DEBUG org.hibernate.cfg.Ejb3Column - Binding column: Ejb3Column{table=org.hibernate.mapping.Table(Party), mappingColumn=addressLine2, insertable=true, updatable=true, unique=false}
12:23:05.639 [main] [o.h.c.a.PropertyBinder] DEBUG org.hibernate.cfg.annotations.PropertyBinder - MetadataSourceProcessor property addressLine2 with lazy=false
12:23:05.639 [main] [o.h.c.AbstractPropertyHolder] DEBUG org.hibernate.cfg.AbstractPropertyHolder - Attempting to locate auto-apply AttributeConverter for property [org.solent.com504.project.model.party.dto.Party.address:addressLine2]
12:23:05.639 [main] [o.h.c.a.SimpleValueBinder] DEBUG org.hibernate.cfg.annotations.SimpleValueBinder - building SimpleValue for addressLine2
12:23:05.639 [main] [o.h.c.a.PropertyBinder] DEBUG org.hibernate.cfg.annotations.PropertyBinder - Building property addressLine2
12:23:05.639 [main] [o.h.c.Ejb3Column] DEBUG org.hibernate.cfg.Ejb3Column - Binding column: Ejb3Column{table=org.hibernate.mapping.Table(Party), mappingColumn=country, insertable=true, updatable=true, unique=false}
12:23:05.639 [main] [o.h.c.a.PropertyBinder] DEBUG org.hibernate.cfg.annotations.PropertyBinder - MetadataSourceProcessor property country with lazy=false
12:23:05.639 [main] [o.h.c.AbstractPropertyHolder] DEBUG org.hibernate.cfg.AbstractPropertyHolder - Attempting to locate auto-apply AttributeConverter for property [org.solent.com504.project.model.party.dto.Party.address:country]
12:23:05.639 [main] [o.h.c.a.SimpleValueBinder] DEBUG org.hibernate.cfg.annotations.SimpleValueBinder - building SimpleValue for country
12:23:05.639 [main] [o.h.c.a.PropertyBinder] DEBUG org.hibernate.cfg.annotations.PropertyBinder - Building property country
12:23:05.639 [main] [o.h.c.Ejb3Column] DEBUG org.hibernate.cfg.Ejb3Column - Binding column: Ejb3Column{table=org.hibernate.mapping.Table(Party), mappingColumn=county, insertable=true, updatable=true, unique=false}
12:23:05.639 [main] [o.h.c.a.PropertyBinder] DEBUG org.hibernate.cfg.annotations.PropertyBinder - MetadataSourceProcessor property county with lazy=false
12:23:05.639 [main] [o.h.c.AbstractPropertyHolder] DEBUG org.hibernate.cfg.AbstractPropertyHolder - Attempting to locate auto-apply AttributeConverter for property [org.solent.com504.project.model.party.dto.Party.address:county]
12:23:05.639 [main] [o.h.c.a.SimpleValueBinder] DEBUG org.hibernate.cfg.annotations.SimpleValueBinder - building SimpleValue for county
12:23:05.639 [main] [o.h.c.a.PropertyBinder] DEBUG org.hibernate.cfg.annotations.PropertyBinder - Building property county
12:23:05.639 [main] [o.h.c.Ejb3Column] DEBUG org.hibernate.cfg.Ejb3Column - Binding column: Ejb3Column{table=org.hibernate.mapping.Table(Party), mappingColumn=latitude, insertable=true, updatable=true, unique=false}
12:23:05.639 [main] [o.h.c.a.PropertyBinder] DEBUG org.hibernate.cfg.annotations.PropertyBinder - MetadataSourceProcessor property latitude with lazy=false
12:23:05.639 [main] [o.h.c.AbstractPropertyHolder] DEBUG org.hibernate.cfg.AbstractPropertyHolder - Attempting to locate auto-apply AttributeConverter for property [org.solent.com504.project.model.party.dto.Party.address:latitude]
12:23:05.639 [main] [o.h.c.a.SimpleValueBinder] DEBUG org.hibernate.cfg.annotations.SimpleValueBinder - building SimpleValue for latitude
12:23:05.639 [main] [o.h.c.a.PropertyBinder] DEBUG org.hibernate.cfg.annotations.PropertyBinder - Building property latitude
12:23:05.639 [main] [o.h.c.Ejb3Column] DEBUG org.hibernate.cfg.Ejb3Column - Binding column: Ejb3Column{table=org.hibernate.mapping.Table(Party), mappingColumn=longitude, insertable=true, updatable=true, unique=false}
12:23:05.639 [main] [o.h.c.a.PropertyBinder] DEBUG org.hibernate.cfg.annotations.PropertyBinder - MetadataSourceProcessor property longitude with lazy=false
12:23:05.639 [main] [o.h.c.AbstractPropertyHolder] DEBUG org.hibernate.cfg.AbstractPropertyHolder - Attempting to locate auto-apply AttributeConverter for property [org.solent.com504.project.model.party.dto.Party.address:longitude]
12:23:05.655 [main] [o.h.c.a.SimpleValueBinder] DEBUG org.hibernate.cfg.annotations.SimpleValueBinder - building SimpleValue for longitude
12:23:05.655 [main] [o.h.c.a.PropertyBinder] DEBUG org.hibernate.cfg.annotations.PropertyBinder - Building property longitude
12:23:05.655 [main] [o.h.c.Ejb3Column] DEBUG org.hibernate.cfg.Ejb3Column - Binding column: Ejb3Column{table=org.hibernate.mapping.Table(Party), mappingColumn=mobile, insertable=true, updatable=true, unique=false}
12:23:05.655 [main] [o.h.c.a.PropertyBinder] DEBUG org.hibernate.cfg.annotations.PropertyBinder - MetadataSourceProcessor property mobile with lazy=false
12:23:05.655 [main] [o.h.c.AbstractPropertyHolder] DEBUG org.hibernate.cfg.AbstractPropertyHolder - Attempting to locate auto-apply AttributeConverter for property [org.solent.com504.project.model.party.dto.Party.address:mobile]
12:23:05.655 [main] [o.h.c.a.SimpleValueBinder] DEBUG org.hibernate.cfg.annotations.SimpleValueBinder - building SimpleValue for mobile
12:23:05.655 [main] [o.h.c.a.PropertyBinder] DEBUG org.hibernate.cfg.annotations.PropertyBinder - Building property mobile
12:23:05.655 [main] [o.h.c.Ejb3Column] DEBUG org.hibernate.cfg.Ejb3Column - Binding column: Ejb3Column{table=org.hibernate.mapping.Table(Party), mappingColumn=number, insertable=true, updatable=true, unique=false}
12:23:05.655 [main] [o.h.c.a.PropertyBinder] DEBUG org.hibernate.cfg.annotations.PropertyBinder - MetadataSourceProcessor property number with lazy=false
12:23:05.655 [main] [o.h.c.AbstractPropertyHolder] DEBUG org.hibernate.cfg.AbstractPropertyHolder - Attempting to locate auto-apply AttributeConverter for property [org.solent.com504.project.model.party.dto.Party.address:number]
12:23:05.655 [main] [o.h.c.a.SimpleValueBinder] DEBUG org.hibernate.cfg.annotations.SimpleValueBinder - building SimpleValue for number
12:23:05.655 [main] [o.h.c.a.PropertyBinder] DEBUG org.hibernate.cfg.annotations.PropertyBinder - Building property number
12:23:05.655 [main] [o.h.c.Ejb3Column] DEBUG org.hibernate.cfg.Ejb3Column - Binding column: Ejb3Column{table=org.hibernate.mapping.Table(Party), mappingColumn=postcode, insertable=true, updatable=true, unique=false}
12:23:05.655 [main] [o.h.c.a.PropertyBinder] DEBUG org.hibernate.cfg.annotations.PropertyBinder - MetadataSourceProcessor property postcode with lazy=false
12:23:05.655 [main] [o.h.c.AbstractPropertyHolder] DEBUG org.hibernate.cfg.AbstractPropertyHolder - Attempting to locate auto-apply AttributeConverter for property [org.solent.com504.project.model.party.dto.Party.address:postcode]
12:23:05.655 [main] [o.h.c.a.SimpleValueBinder] DEBUG org.hibernate.cfg.annotations.SimpleValueBinder - building SimpleValue for postcode
12:23:05.655 [main] [o.h.c.a.PropertyBinder] DEBUG org.hibernate.cfg.annotations.PropertyBinder - Building property postcode
12:23:05.655 [main] [o.h.c.Ejb3Column] DEBUG org.hibernate.cfg.Ejb3Column - Binding column: Ejb3Column{table=org.hibernate.mapping.Table(Party), mappingColumn=telephone, insertable=true, updatable=true, unique=false}
12:23:05.655 [main] [o.h.c.a.PropertyBinder] DEBUG org.hibernate.cfg.annotations.PropertyBinder - MetadataSourceProcessor property telephone with lazy=false
12:23:05.655 [main] [o.h.c.AbstractPropertyHolder] DEBUG org.hibernate.cfg.AbstractPropertyHolder - Attempting to locate auto-apply AttributeConverter for property [org.solent.com504.project.model.party.dto.Party.address:telephone]
12:23:05.655 [main] [o.h.c.a.SimpleValueBinder] DEBUG org.hibernate.cfg.annotations.SimpleValueBinder - building SimpleValue for telephone
12:23:05.655 [main] [o.h.c.a.PropertyBinder] DEBUG org.hibernate.cfg.annotations.PropertyBinder - Building property telephone
12:23:05.655 [main] [o.h.c.a.PropertyBinder] DEBUG org.hibernate.cfg.annotations.PropertyBinder - Building property address
12:23:05.655 [main] [o.h.c.Ejb3Column] DEBUG org.hibernate.cfg.Ejb3Column - Binding column: Ejb3Column{table=org.hibernate.mapping.Table(Party), mappingColumn=enabled, insertable=true, updatable=true, unique=false}
12:23:05.655 [main] [o.h.c.a.PropertyBinder] DEBUG org.hibernate.cfg.annotations.PropertyBinder - MetadataSourceProcessor property enabled with lazy=false
12:23:05.655 [main] [o.h.c.AbstractPropertyHolder] DEBUG org.hibernate.cfg.AbstractPropertyHolder - Attempting to locate auto-apply AttributeConverter for property [org.solent.com504.project.model.party.dto.Party:enabled]
12:23:05.655 [main] [o.h.c.a.SimpleValueBinder] DEBUG org.hibernate.cfg.annotations.SimpleValueBinder - building SimpleValue for enabled
12:23:05.655 [main] [o.h.c.a.PropertyBinder] DEBUG org.hibernate.cfg.annotations.PropertyBinder - Building property enabled
12:23:05.655 [main] [o.h.c.Ejb3Column] DEBUG org.hibernate.cfg.Ejb3Column - Binding column: Ejb3Column{table=org.hibernate.mapping.Table(Party), mappingColumn=firstName, insertable=true, updatable=true, unique=false}
12:23:05.655 [main] [o.h.c.a.PropertyBinder] DEBUG org.hibernate.cfg.annotations.PropertyBinder - MetadataSourceProcessor property firstName with lazy=false
12:23:05.655 [main] [o.h.c.AbstractPropertyHolder] DEBUG org.hibernate.cfg.AbstractPropertyHolder - Attempting to locate auto-apply AttributeConverter for property [org.solent.com504.project.model.party.dto.Party:firstName]
12:23:05.655 [main] [o.h.c.a.SimpleValueBinder] DEBUG org.hibernate.cfg.annotations.SimpleValueBinder - building SimpleValue for firstName
12:23:05.655 [main] [o.h.c.a.PropertyBinder] DEBUG org.hibernate.cfg.annotations.PropertyBinder - Building property firstName
12:23:05.655 [main] [o.h.c.Ejb3Column] DEBUG org.hibernate.cfg.Ejb3Column - Binding column: Ejb3Column{table=org.hibernate.mapping.Table(Party), mappingColumn=partyRole, insertable=true, updatable=true, unique=false}
12:23:05.655 [main] [o.h.c.a.PropertyBinder] DEBUG org.hibernate.cfg.annotations.PropertyBinder - MetadataSourceProcessor property partyRole with lazy=false
12:23:05.655 [main] [o.h.c.AbstractPropertyHolder] DEBUG org.hibernate.cfg.AbstractPropertyHolder - Attempting to locate auto-apply AttributeConverter for property [org.solent.com504.project.model.party.dto.Party:partyRole]
12:23:05.655 [main] [o.h.c.a.SimpleValueBinder] DEBUG org.hibernate.cfg.annotations.SimpleValueBinder - building SimpleValue for partyRole
12:23:05.655 [main] [o.h.c.a.PropertyBinder] DEBUG org.hibernate.cfg.annotations.PropertyBinder - Building property partyRole
12:23:05.655 [main] [o.h.c.Ejb3Column] DEBUG org.hibernate.cfg.Ejb3Column - Binding column: Ejb3Column{table=org.hibernate.mapping.Table(Party), mappingColumn=partyStatus, insertable=true, updatable=true, unique=false}
12:23:05.655 [main] [o.h.c.a.PropertyBinder] DEBUG org.hibernate.cfg.annotations.PropertyBinder - MetadataSourceProcessor property partyStatus with lazy=false
12:23:05.655 [main] [o.h.c.AbstractPropertyHolder] DEBUG org.hibernate.cfg.AbstractPropertyHolder - Attempting to locate auto-apply AttributeConverter for property [org.solent.com504.project.model.party.dto.Party:partyStatus]
12:23:05.655 [main] [o.h.c.a.SimpleValueBinder] DEBUG org.hibernate.cfg.annotations.SimpleValueBinder - building SimpleValue for partyStatus
12:23:05.655 [main] [o.h.c.a.PropertyBinder] DEBUG org.hibernate.cfg.annotations.PropertyBinder - Building property partyStatus
12:23:05.655 [main] [o.h.c.Ejb3Column] DEBUG org.hibernate.cfg.Ejb3Column - Binding column: Ejb3Column{table=org.hibernate.mapping.Table(Party), mappingColumn=secondName, insertable=true, updatable=true, unique=false}
12:23:05.655 [main] [o.h.c.a.PropertyBinder] DEBUG org.hibernate.cfg.annotations.PropertyBinder - MetadataSourceProcessor property secondName with lazy=false
12:23:05.655 [main] [o.h.c.AbstractPropertyHolder] DEBUG org.hibernate.cfg.AbstractPropertyHolder - Attempting to locate auto-apply AttributeConverter for property [org.solent.com504.project.model.party.dto.Party:secondName]
12:23:05.655 [main] [o.h.c.a.SimpleValueBinder] DEBUG org.hibernate.cfg.annotations.SimpleValueBinder - building SimpleValue for secondName
12:23:05.655 [main] [o.h.c.a.PropertyBinder] DEBUG org.hibernate.cfg.annotations.PropertyBinder - Building property secondName
12:23:05.655 [main] [o.h.c.Ejb3Column] DEBUG org.hibernate.cfg.Ejb3Column - Binding column: Ejb3Column{table=org.hibernate.mapping.Table(Party), mappingColumn=null, insertable=true, updatable=true, unique=false}
12:23:05.655 [main] [o.h.c.Ejb3Column] DEBUG org.hibernate.cfg.Ejb3Column - Binding column: Ejb3Column{table=org.hibernate.mapping.Table(Party), mappingColumn=element, insertable=true, updatable=true, unique=false}
12:23:05.655 [main] [o.h.c.Ejb3Column] DEBUG org.hibernate.cfg.Ejb3Column - Binding column: Ejb3Column{table=org.hibernate.mapping.Table(Party), mappingColumn=users_KEY, insertable=true, updatable=true, unique=false}
12:23:05.655 [main] [o.h.c.Ejb3Column] DEBUG org.hibernate.cfg.Ejb3Column - Binding column: Ejb3JoinColumn{logicalColumnName=&apos;users_KEY&apos;, referencedColumn=&apos;null&apos;, mappedBy=&apos;null&apos;}
12:23:05.655 [main] [o.h.c.Ejb3Column] DEBUG org.hibernate.cfg.Ejb3Column - Binding column: Ejb3JoinColumn{logicalColumnName=&apos;user_id&apos;, referencedColumn=&apos;&apos;, mappedBy=&apos;&apos;}
12:23:05.655 [main] [o.h.c.Ejb3Column] DEBUG org.hibernate.cfg.Ejb3Column - Binding column: Ejb3JoinColumn{logicalColumnName=&apos;party_id&apos;, referencedColumn=&apos;&apos;, mappedBy=&apos;&apos;}
12:23:05.655 [main] [o.h.c.a.CollectionBinder] DEBUG org.hibernate.cfg.annotations.CollectionBinder - Collection role: org.solent.com504.project.model.party.dto.Party.users
12:23:05.655 [main] [o.h.c.a.PropertyBinder] DEBUG org.hibernate.cfg.annotations.PropertyBinder - Building property users
12:23:05.655 [main] [o.h.c.Ejb3Column] DEBUG org.hibernate.cfg.Ejb3Column - Binding column: Ejb3Column{table=org.hibernate.mapping.Table(Party), mappingColumn=uuid, insertable=true, updatable=true, unique=false}
12:23:05.655 [main] [o.h.c.a.PropertyBinder] DEBUG org.hibernate.cfg.annotations.PropertyBinder - MetadataSourceProcessor property uuid with lazy=false
12:23:05.655 [main] [o.h.c.AbstractPropertyHolder] DEBUG org.hibernate.cfg.AbstractPropertyHolder - Attempting to locate auto-apply AttributeConverter for property [org.solent.com504.project.model.party.dto.Party:uuid]
12:23:05.655 [main] [o.h.c.a.SimpleValueBinder] DEBUG org.hibernate.cfg.annotations.SimpleValueBinder - building SimpleValue for uuid
12:23:05.655 [main] [o.h.c.a.PropertyBinder] DEBUG org.hibernate.cfg.annotations.PropertyBinder - Building property uuid
12:23:05.655 [main] [o.h.c.AnnotationBinder] DEBUG org.hibernate.cfg.AnnotationBinder - Binding entity from annotated class: org.solent.com504.project.model.user.dto.User
12:23:05.655 [main] [o.h.c.Ejb3Column] DEBUG org.hibernate.cfg.Ejb3Column - Binding column: Ejb3DiscriminatorColumn{logicalColumnName&apos;DTYPE&apos;, discriminatorTypeName=&apos;string&apos;}
12:23:05.655 [main] [o.h.c.a.EntityBinder] DEBUG org.hibernate.cfg.annotations.EntityBinder - Import with entity name User
12:23:05.655 [main] [o.h.c.a.EntityBinder] DEBUG org.hibernate.cfg.annotations.EntityBinder - Bind entity org.solent.com504.project.model.user.dto.User on table user
12:23:05.671 [main] [o.h.c.Ejb3Column] DEBUG org.hibernate.cfg.Ejb3Column - Binding column: Ejb3Column{table=org.hibernate.mapping.Table(user), mappingColumn=id, insertable=true, updatable=true, unique=false}
12:23:05.671 [main] [o.h.c.a.PropertyBinder] DEBUG org.hibernate.cfg.annotations.PropertyBinder - MetadataSourceProcessor property id with lazy=false
12:23:05.671 [main] [o.h.c.AbstractPropertyHolder] DEBUG org.hibernate.cfg.AbstractPropertyHolder - Attempting to locate auto-apply AttributeConverter for property [org.solent.com504.project.model.user.dto.User:id]
12:23:05.671 [main] [o.h.c.a.SimpleValueBinder] DEBUG org.hibernate.cfg.annotations.SimpleValueBinder - building SimpleValue for id
12:23:05.671 [main] [o.h.c.a.PropertyBinder] DEBUG org.hibernate.cfg.annotations.PropertyBinder - Building property id
12:23:05.671 [main] [o.h.c.Ejb3Column] DEBUG org.hibernate.cfg.Ejb3Column - Binding column: Ejb3Column{table=org.hibernate.mapping.Table(user), mappingColumn=address, insertable=true, updatable=true, unique=false}
12:23:05.671 [main] [o.h.c.Ejb3Column] DEBUG org.hibernate.cfg.Ejb3Column - Binding column: Ejb3Column{table=org.hibernate.mapping.Table(user), mappingColumn=addressLine1, insertable=true, updatable=true, unique=false}
12:23:05.671 [main] [o.h.c.a.PropertyBinder] DEBUG org.hibernate.cfg.annotations.PropertyBinder - MetadataSourceProcessor property addressLine1 with lazy=false
12:23:05.671 [main] [o.h.c.AbstractPropertyHolder] DEBUG org.hibernate.cfg.AbstractPropertyHolder - Attempting to locate auto-apply AttributeConverter for property [org.solent.com504.project.model.user.dto.User.address:addressLine1]
12:23:05.671 [main] [o.h.c.a.SimpleValueBinder] DEBUG org.hibernate.cfg.annotations.SimpleValueBinder - building SimpleValue for addressLine1
12:23:05.671 [main] [o.h.c.a.PropertyBinder] DEBUG org.hibernate.cfg.annotations.PropertyBinder - Building property addressLine1
12:23:05.671 [main] [o.h.c.Ejb3Column] DEBUG org.hibernate.cfg.Ejb3Column - Binding column: Ejb3Column{table=org.hibernate.mapping.Table(user), mappingColumn=addressLine2, insertable=true, updatable=true, unique=false}
12:23:05.671 [main] [o.h.c.a.PropertyBinder] DEBUG org.hibernate.cfg.annotations.PropertyBinder - MetadataSourceProcessor property addressLine2 with lazy=false
12:23:05.671 [main] [o.h.c.AbstractPropertyHolder] DEBUG org.hibernate.cfg.AbstractPropertyHolder - Attempting to locate auto-apply AttributeConverter for property [org.solent.com504.project.model.user.dto.User.address:addressLine2]
12:23:05.671 [main] [o.h.c.a.SimpleValueBinder] DEBUG org.hibernate.cfg.annotations.SimpleValueBinder - building SimpleValue for addressLine2
12:23:05.671 [main] [o.h.c.a.PropertyBinder] DEBUG org.hibernate.cfg.annotations.PropertyBinder - Building property addressLine2
12:23:05.671 [main] [o.h.c.Ejb3Column] DEBUG org.hibernate.cfg.Ejb3Column - Binding column: Ejb3Column{table=org.hibernate.mapping.Table(user), mappingColumn=country, insertable=true, updatable=true, unique=false}
12:23:05.671 [main] [o.h.c.a.PropertyBinder] DEBUG org.hibernate.cfg.annotations.PropertyBinder - MetadataSourceProcessor property country with lazy=false
12:23:05.671 [main] [o.h.c.AbstractPropertyHolder] DEBUG org.hibernate.cfg.AbstractPropertyHolder - Attempting to locate auto-apply AttributeConverter for property [org.solent.com504.project.model.user.dto.User.address:country]
12:23:05.671 [main] [o.h.c.a.SimpleValueBinder] DEBUG org.hibernate.cfg.annotations.SimpleValueBinder - building SimpleValue for country
12:23:05.671 [main] [o.h.c.a.PropertyBinder] DEBUG org.hibernate.cfg.annotations.PropertyBinder - Building property country
12:23:05.671 [main] [o.h.c.Ejb3Column] DEBUG org.hibernate.cfg.Ejb3Column - Binding column: Ejb3Column{table=org.hibernate.mapping.Table(user), mappingColumn=county, insertable=true, updatable=true, unique=false}
12:23:05.671 [main] [o.h.c.a.PropertyBinder] DEBUG org.hibernate.cfg.annotations.PropertyBinder - MetadataSourceProcessor property county with lazy=false
12:23:05.671 [main] [o.h.c.AbstractPropertyHolder] DEBUG org.hibernate.cfg.AbstractPropertyHolder - Attempting to locate auto-apply AttributeConverter for property [org.solent.com504.project.model.user.dto.User.address:county]
12:23:05.671 [main] [o.h.c.a.SimpleValueBinder] DEBUG org.hibernate.cfg.annotations.SimpleValueBinder - building SimpleValue for county
12:23:05.671 [main] [o.h.c.a.PropertyBinder] DEBUG org.hibernate.cfg.annotations.PropertyBinder - Building property county
12:23:05.671 [main] [o.h.c.Ejb3Column] DEBUG org.hibernate.cfg.Ejb3Column - Binding column: Ejb3Column{table=org.hibernate.mapping.Table(user), mappingColumn=latitude, insertable=true, updatable=true, unique=false}
12:23:05.671 [main] [o.h.c.a.PropertyBinder] DEBUG org.hibernate.cfg.annotations.PropertyBinder - MetadataSourceProcessor property latitude with lazy=false
12:23:05.671 [main] [o.h.c.AbstractPropertyHolder] DEBUG org.hibernate.cfg.AbstractPropertyHolder - Attempting to locate auto-apply AttributeConverter for property [org.solent.com504.project.model.user.dto.User.address:latitude]
12:23:05.671 [main] [o.h.c.a.SimpleValueBinder] DEBUG org.hibernate.cfg.annotations.SimpleValueBinder - building SimpleValue for latitude
12:23:05.671 [main] [o.h.c.a.PropertyBinder] DEBUG org.hibernate.cfg.annotations.PropertyBinder - Building property latitude
12:23:05.671 [main] [o.h.c.Ejb3Column] DEBUG org.hibernate.cfg.Ejb3Column - Binding column: Ejb3Column{table=org.hibernate.mapping.Table(user), mappingColumn=longitude, insertable=true, updatable=true, unique=false}
12:23:05.671 [main] [o.h.c.a.PropertyBinder] DEBUG org.hibernate.cfg.annotations.PropertyBinder - MetadataSourceProcessor property longitude with lazy=false
12:23:05.671 [main] [o.h.c.AbstractPropertyHolder] DEBUG org.hibernate.cfg.AbstractPropertyHolder - Attempting to locate auto-apply AttributeConverter for property [org.solent.com504.project.model.user.dto.User.address:longitude]
12:23:05.671 [main] [o.h.c.a.SimpleValueBinder] DEBUG org.hibernate.cfg.annotations.SimpleValueBinder - building SimpleValue for longitude
12:23:05.671 [main] [o.h.c.a.PropertyBinder] DEBUG org.hibernate.cfg.annotations.PropertyBinder - Building property longitude
12:23:05.671 [main] [o.h.c.Ejb3Column] DEBUG org.hibernate.cfg.Ejb3Column - Binding column: Ejb3Column{table=org.hibernate.mapping.Table(user), mappingColumn=mobile, insertable=true, updatable=true, unique=false}
12:23:05.671 [main] [o.h.c.a.PropertyBinder] DEBUG org.hibernate.cfg.annotations.PropertyBinder - MetadataSourceProcessor property mobile with lazy=false
12:23:05.671 [main] [o.h.c.AbstractPropertyHolder] DEBUG org.hibernate.cfg.AbstractPropertyHolder - Attempting to locate auto-apply AttributeConverter for property [org.solent.com504.project.model.user.dto.User.address:mobile]
12:23:05.671 [main] [o.h.c.a.SimpleValueBinder] DEBUG org.hibernate.cfg.annotations.SimpleValueBinder - building SimpleValue for mobile
12:23:05.671 [main] [o.h.c.a.PropertyBinder] DEBUG org.hibernate.cfg.annotations.PropertyBinder - Building property mobile
12:23:05.671 [main] [o.h.c.Ejb3Column] DEBUG org.hibernate.cfg.Ejb3Column - Binding column: Ejb3Column{table=org.hibernate.mapping.Table(user), mappingColumn=number, insertable=true, updatable=true, unique=false}
12:23:05.671 [main] [o.h.c.a.PropertyBinder] DEBUG org.hibernate.cfg.annotations.PropertyBinder - MetadataSourceProcessor property number with lazy=false
12:23:05.686 [main] [o.h.c.AbstractPropertyHolder] DEBUG org.hibernate.cfg.AbstractPropertyHolder - Attempting to locate auto-apply AttributeConverter for property [org.solent.com504.project.model.user.dto.User.address:number]
12:23:05.686 [main] [o.h.c.a.SimpleValueBinder] DEBUG org.hibernate.cfg.annotations.SimpleValueBinder - building SimpleValue for number
12:23:05.686 [main] [o.h.c.a.PropertyBinder] DEBUG org.hibernate.cfg.annotations.PropertyBinder - Building property number
12:23:05.686 [main] [o.h.c.Ejb3Column] DEBUG org.hibernate.cfg.Ejb3Column - Binding column: Ejb3Column{table=org.hibernate.mapping.Table(user), mappingColumn=postcode, insertable=true, updatable=true, unique=false}
12:23:05.686 [main] [o.h.c.a.PropertyBinder] DEBUG org.hibernate.cfg.annotations.PropertyBinder - MetadataSourceProcessor property postcode with lazy=false
12:23:05.686 [main] [o.h.c.AbstractPropertyHolder] DEBUG org.hibernate.cfg.AbstractPropertyHolder - Attempting to locate auto-apply AttributeConverter for property [org.solent.com504.project.model.user.dto.User.address:postcode]
12:23:05.686 [main] [o.h.c.a.SimpleValueBinder] DEBUG org.hibernate.cfg.annotations.SimpleValueBinder - building SimpleValue for postcode
12:23:05.686 [main] [o.h.c.a.PropertyBinder] DEBUG org.hibernate.cfg.annotations.PropertyBinder - Building property postcode
12:23:05.686 [main] [o.h.c.Ejb3Column] DEBUG org.hibernate.cfg.Ejb3Column - Binding column: Ejb3Column{table=org.hibernate.mapping.Table(user), mappingColumn=telephone, insertable=true, updatable=true, unique=false}
12:23:05.686 [main] [o.h.c.a.PropertyBinder] DEBUG org.hibernate.cfg.annotations.PropertyBinder - MetadataSourceProcessor property telephone with lazy=false
12:23:05.686 [main] [o.h.c.AbstractPropertyHolder] DEBUG org.hibernate.cfg.AbstractPropertyHolder - Attempting to locate auto-apply AttributeConverter for property [org.solent.com504.project.model.user.dto.User.address:telephone]
12:23:05.686 [main] [o.h.c.a.SimpleValueBinder] DEBUG org.hibernate.cfg.annotations.SimpleValueBinder - building SimpleValue for telephone
12:23:05.686 [main] [o.h.c.a.PropertyBinder] DEBUG org.hibernate.cfg.annotations.PropertyBinder - Building property telephone
12:23:05.686 [main] [o.h.c.a.PropertyBinder] DEBUG org.hibernate.cfg.annotations.PropertyBinder - Building property address
12:23:05.686 [main] [o.h.c.Ejb3Column] DEBUG org.hibernate.cfg.Ejb3Column - Binding column: Ejb3Column{table=org.hibernate.mapping.Table(user), mappingColumn=enabled, insertable=true, updatable=true, unique=false}
12:23:05.686 [main] [o.h.c.a.PropertyBinder] DEBUG org.hibernate.cfg.annotations.PropertyBinder - MetadataSourceProcessor property enabled with lazy=false
12:23:05.686 [main] [o.h.c.AbstractPropertyHolder] DEBUG org.hibernate.cfg.AbstractPropertyHolder - Attempting to locate auto-apply AttributeConverter for property [org.solent.com504.project.model.user.dto.User:enabled]
12:23:05.686 [main] [o.h.c.a.SimpleValueBinder] DEBUG org.hibernate.cfg.annotations.SimpleValueBinder - building SimpleValue for enabled
12:23:05.686 [main] [o.h.c.a.PropertyBinder] DEBUG org.hibernate.cfg.annotations.PropertyBinder - Building property enabled
12:23:05.686 [main] [o.h.c.Ejb3Column] DEBUG org.hibernate.cfg.Ejb3Column - Binding column: Ejb3Column{table=org.hibernate.mapping.Table(user), mappingColumn=firstName, insertable=true, updatable=true, unique=false}
12:23:05.686 [main] [o.h.c.a.PropertyBinder] DEBUG org.hibernate.cfg.annotations.PropertyBinder - MetadataSourceProcessor property firstName with lazy=false
12:23:05.686 [main] [o.h.c.AbstractPropertyHolder] DEBUG org.hibernate.cfg.AbstractPropertyHolder - Attempting to locate auto-apply AttributeConverter for property [org.solent.com504.project.model.user.dto.User:firstName]
12:23:05.686 [main] [o.h.c.a.SimpleValueBinder] DEBUG org.hibernate.cfg.annotations.SimpleValueBinder - building SimpleValue for firstName
12:23:05.686 [main] [o.h.c.a.PropertyBinder] DEBUG org.hibernate.cfg.annotations.PropertyBinder - Building property firstName
12:23:05.686 [main] [o.h.c.Ejb3Column] DEBUG org.hibernate.cfg.Ejb3Column - Binding column: Ejb3Column{table=org.hibernate.mapping.Table(user), mappingColumn=null, insertable=true, updatable=true, unique=false}
12:23:05.686 [main] [o.h.c.Ejb3Column] DEBUG org.hibernate.cfg.Ejb3Column - Binding column: Ejb3Column{table=org.hibernate.mapping.Table(user), mappingColumn=element, insertable=true, updatable=true, unique=false}
12:23:05.686 [main] [o.h.c.Ejb3Column] DEBUG org.hibernate.cfg.Ejb3Column - Binding column: Ejb3Column{table=org.hibernate.mapping.Table(user), mappingColumn=parties_KEY, insertable=true, updatable=true, unique=false}
12:23:05.686 [main] [o.h.c.Ejb3Column] DEBUG org.hibernate.cfg.Ejb3Column - Binding column: Ejb3JoinColumn{logicalColumnName=&apos;parties_KEY&apos;, referencedColumn=&apos;null&apos;, mappedBy=&apos;null&apos;}
12:23:05.686 [main] [o.h.c.Ejb3Column] DEBUG org.hibernate.cfg.Ejb3Column - Binding column: Ejb3JoinColumn{logicalColumnName=&apos;null&apos;, referencedColumn=&apos;null&apos;, mappedBy=&apos;users&apos;}
12:23:05.686 [main] [o.h.c.Ejb3Column] DEBUG org.hibernate.cfg.Ejb3Column - Binding column: Ejb3JoinColumn{logicalColumnName=&apos;null&apos;, referencedColumn=&apos;null&apos;, mappedBy=&apos;users&apos;}
12:23:05.686 [main] [o.h.c.a.CollectionBinder] DEBUG org.hibernate.cfg.annotations.CollectionBinder - Collection role: org.solent.com504.project.model.user.dto.User.parties
12:23:05.686 [main] [o.h.c.a.PropertyBinder] DEBUG org.hibernate.cfg.annotations.PropertyBinder - Building property parties
12:23:05.686 [main] [o.h.c.Ejb3Column] DEBUG org.hibernate.cfg.Ejb3Column - Binding column: Ejb3Column{table=org.hibernate.mapping.Table(user), mappingColumn=password, insertable=true, updatable=true, unique=false}
12:23:05.686 [main] [o.h.c.a.PropertyBinder] DEBUG org.hibernate.cfg.annotations.PropertyBinder - MetadataSourceProcessor property password with lazy=false
12:23:05.686 [main] [o.h.c.AbstractPropertyHolder] DEBUG org.hibernate.cfg.AbstractPropertyHolder - Attempting to locate auto-apply AttributeConverter for property [org.solent.com504.project.model.user.dto.User:password]
12:23:05.686 [main] [o.h.c.a.SimpleValueBinder] DEBUG org.hibernate.cfg.annotations.SimpleValueBinder - building SimpleValue for password
12:23:05.686 [main] [o.h.c.a.PropertyBinder] DEBUG org.hibernate.cfg.annotations.PropertyBinder - Building property password
12:23:05.686 [main] [o.h.c.Ejb3Column] DEBUG org.hibernate.cfg.Ejb3Column - Binding column: Ejb3Column{table=org.hibernate.mapping.Table(user), mappingColumn=null, insertable=true, updatable=true, unique=false}
12:23:05.686 [main] [o.h.c.Ejb3Column] DEBUG org.hibernate.cfg.Ejb3Column - Binding column: Ejb3Column{table=org.hibernate.mapping.Table(user), mappingColumn=element, insertable=true, updatable=true, unique=false}
12:23:05.686 [main] [o.h.c.Ejb3Column] DEBUG org.hibernate.cfg.Ejb3Column - Binding column: Ejb3Column{table=org.hibernate.mapping.Table(user), mappingColumn=roles_KEY, insertable=true, updatable=true, unique=false}
12:23:05.686 [main] [o.h.c.Ejb3Column] DEBUG org.hibernate.cfg.Ejb3Column - Binding column: Ejb3JoinColumn{logicalColumnName=&apos;roles_KEY&apos;, referencedColumn=&apos;null&apos;, mappedBy=&apos;null&apos;}
12:23:05.686 [main] [o.h.c.Ejb3Column] DEBUG org.hibernate.cfg.Ejb3Column - Binding column: Ejb3JoinColumn{logicalColumnName=&apos;user_id&apos;, referencedColumn=&apos;&apos;, mappedBy=&apos;&apos;}
12:23:05.686 [main] [o.h.c.Ejb3Column] DEBUG org.hibernate.cfg.Ejb3Column - Binding column: Ejb3JoinColumn{logicalColumnName=&apos;role_id&apos;, referencedColumn=&apos;&apos;, mappedBy=&apos;&apos;}
12:23:05.686 [main] [o.h.c.a.CollectionBinder] DEBUG org.hibernate.cfg.annotations.CollectionBinder - Collection role: org.solent.com504.project.model.user.dto.User.roles
12:23:05.686 [main] [o.h.c.a.PropertyBinder] DEBUG org.hibernate.cfg.annotations.PropertyBinder - Building property roles
12:23:05.686 [main] [o.h.c.Ejb3Column] DEBUG org.hibernate.cfg.Ejb3Column - Binding column: Ejb3Column{table=org.hibernate.mapping.Table(user), mappingColumn=secondName, insertable=true, updatable=true, unique=false}
12:23:05.686 [main] [o.h.c.a.PropertyBinder] DEBUG org.hibernate.cfg.annotations.PropertyBinder - MetadataSourceProcessor property secondName with lazy=false
12:23:05.686 [main] [o.h.c.AbstractPropertyHolder] DEBUG org.hibernate.cfg.AbstractPropertyHolder - Attempting to locate auto-apply AttributeConverter for property [org.solent.com504.project.model.user.dto.User:secondName]
12:23:05.686 [main] [o.h.c.a.SimpleValueBinder] DEBUG org.hibernate.cfg.annotations.SimpleValueBinder - building SimpleValue for secondName
12:23:05.686 [main] [o.h.c.a.PropertyBinder] DEBUG org.hibernate.cfg.annotations.PropertyBinder - Building property secondName
12:23:05.686 [main] [o.h.c.Ejb3Column] DEBUG org.hibernate.cfg.Ejb3Column - Binding column: Ejb3Column{table=org.hibernate.mapping.Table(user), mappingColumn=username, insertable=true, updatable=true, unique=false}
12:23:05.686 [main] [o.h.c.a.PropertyBinder] DEBUG org.hibernate.cfg.annotations.PropertyBinder - MetadataSourceProcessor property username with lazy=false
12:23:05.686 [main] [o.h.c.AbstractPropertyHolder] DEBUG org.hibernate.cfg.AbstractPropertyHolder - Attempting to locate auto-apply AttributeConverter for property [org.solent.com504.project.model.user.dto.User:username]
12:23:05.686 [main] [o.h.c.a.SimpleValueBinder] DEBUG org.hibernate.cfg.annotations.SimpleValueBinder - building SimpleValue for username
12:23:05.686 [main] [o.h.c.a.PropertyBinder] DEBUG org.hibernate.cfg.annotations.PropertyBinder - Building property username
12:23:05.702 [main] [o.h.c.a.SimpleValueBinder] DEBUG org.hibernate.cfg.annotations.SimpleValueBinder - Starting fillSimpleValue for id
12:23:05.702 [main] [o.h.c.a.SimpleValueBinder] DEBUG org.hibernate.cfg.annotations.SimpleValueBinder - Starting fillSimpleValue for partyId
12:23:05.702 [main] [o.h.c.a.SimpleValueBinder] DEBUG org.hibernate.cfg.annotations.SimpleValueBinder - Starting fillSimpleValue for timeStamp
12:23:05.702 [main] [o.h.c.a.SimpleValueBinder] DEBUG org.hibernate.cfg.annotations.SimpleValueBinder - Starting fillSimpleValue for value
12:23:05.702 [main] [o.h.c.a.SimpleValueBinder] DEBUG org.hibernate.cfg.annotations.SimpleValueBinder - Starting fillSimpleValue for id
12:23:05.702 [main] [o.h.c.a.SimpleValueBinder] DEBUG org.hibernate.cfg.annotations.SimpleValueBinder - Starting fillSimpleValue for name
12:23:05.702 [main] [o.h.c.a.SimpleValueBinder] DEBUG org.hibernate.cfg.annotations.SimpleValueBinder - Starting fillSimpleValue for id
12:23:05.702 [main] [o.h.c.a.SimpleValueBinder] DEBUG org.hibernate.cfg.annotations.SimpleValueBinder - Starting fillSimpleValue for auctionType
12:23:05.702 [main] [o.h.c.a.SimpleValueBinder] DEBUG org.hibernate.cfg.annotations.SimpleValueBinder - Starting fillSimpleValue for startTime
12:23:05.702 [main] [o.h.c.a.SimpleValueBinder] DEBUG org.hibernate.cfg.annotations.SimpleValueBinder - Starting fillSimpleValue for type
12:23:05.702 [main] [o.h.c.a.SimpleValueBinder] DEBUG org.hibernate.cfg.annotations.SimpleValueBinder - Starting fillSimpleValue for id
12:23:05.702 [main] [o.h.c.a.SimpleValueBinder] DEBUG org.hibernate.cfg.annotations.SimpleValueBinder - Starting fillSimpleValue for duration
12:23:05.702 [main] [o.h.c.a.SimpleValueBinder] DEBUG org.hibernate.cfg.annotations.SimpleValueBinder - Starting fillSimpleValue for grade
12:23:05.702 [main] [o.h.c.a.SimpleValueBinder] DEBUG org.hibernate.cfg.annotations.SimpleValueBinder - Starting fillSimpleValue for highestBidPrice
12:23:05.702 [main] [o.h.c.a.SimpleValueBinder] DEBUG org.hibernate.cfg.annotations.SimpleValueBinder - Starting fillSimpleValue for life_days
12:23:05.702 [main] [o.h.c.a.SimpleValueBinder] DEBUG org.hibernate.cfg.annotations.SimpleValueBinder - Starting fillSimpleValue for pickdate
12:23:05.702 [main] [o.h.c.a.SimpleValueBinder] DEBUG org.hibernate.cfg.annotations.SimpleValueBinder - Starting fillSimpleValue for quantity
12:23:05.702 [main] [o.h.c.a.SimpleValueBinder] DEBUG org.hibernate.cfg.annotations.SimpleValueBinder - Starting fillSimpleValue for reservedPrice
12:23:05.702 [main] [o.h.c.a.SimpleValueBinder] DEBUG org.hibernate.cfg.annotations.SimpleValueBinder - Starting fillSimpleValue for id
12:23:05.702 [main] [o.h.c.a.SimpleValueBinder] DEBUG org.hibernate.cfg.annotations.SimpleValueBinder - Starting fillSimpleValue for addressLine1
12:23:05.702 [main] [o.h.c.a.SimpleValueBinder] DEBUG org.hibernate.cfg.annotations.SimpleValueBinder - Starting fillSimpleValue for addressLine2
12:23:05.702 [main] [o.h.c.a.SimpleValueBinder] DEBUG org.hibernate.cfg.annotations.SimpleValueBinder - Starting fillSimpleValue for country
12:23:05.702 [main] [o.h.c.a.SimpleValueBinder] DEBUG org.hibernate.cfg.annotations.SimpleValueBinder - Starting fillSimpleValue for county
12:23:05.702 [main] [o.h.c.a.SimpleValueBinder] DEBUG org.hibernate.cfg.annotations.SimpleValueBinder - Starting fillSimpleValue for latitude
12:23:05.702 [main] [o.h.c.a.SimpleValueBinder] DEBUG org.hibernate.cfg.annotations.SimpleValueBinder - Starting fillSimpleValue for longitude
12:23:05.702 [main] [o.h.c.a.SimpleValueBinder] DEBUG org.hibernate.cfg.annotations.SimpleValueBinder - Starting fillSimpleValue for mobile
12:23:05.702 [main] [o.h.c.a.SimpleValueBinder] DEBUG org.hibernate.cfg.annotations.SimpleValueBinder - Starting fillSimpleValue for number
12:23:05.702 [main] [o.h.c.a.SimpleValueBinder] DEBUG org.hibernate.cfg.annotations.SimpleValueBinder - Starting fillSimpleValue for postcode
12:23:05.702 [main] [o.h.c.a.SimpleValueBinder] DEBUG org.hibernate.cfg.annotations.SimpleValueBinder - Starting fillSimpleValue for telephone
12:23:05.702 [main] [o.h.c.a.SimpleValueBinder] DEBUG org.hibernate.cfg.annotations.SimpleValueBinder - Starting fillSimpleValue for enabled
12:23:05.702 [main] [o.h.c.a.SimpleValueBinder] DEBUG org.hibernate.cfg.annotations.SimpleValueBinder - Starting fillSimpleValue for firstName
12:23:05.702 [main] [o.h.c.a.SimpleValueBinder] DEBUG org.hibernate.cfg.annotations.SimpleValueBinder - Starting fillSimpleValue for partyRole
12:23:05.702 [main] [o.h.c.a.SimpleValueBinder] DEBUG org.hibernate.cfg.annotations.SimpleValueBinder - Starting fillSimpleValue for partyStatus
12:23:05.702 [main] [o.h.c.a.SimpleValueBinder] DEBUG org.hibernate.cfg.annotations.SimpleValueBinder - Starting fillSimpleValue for secondName
12:23:05.702 [main] [o.h.c.a.SimpleValueBinder] DEBUG org.hibernate.cfg.annotations.SimpleValueBinder - Starting fillSimpleValue for uuid
12:23:05.702 [main] [o.h.c.a.SimpleValueBinder] DEBUG org.hibernate.cfg.annotations.SimpleValueBinder - Starting fillSimpleValue for id
12:23:05.702 [main] [o.h.c.a.SimpleValueBinder] DEBUG org.hibernate.cfg.annotations.SimpleValueBinder - Starting fillSimpleValue for addressLine1
12:23:05.702 [main] [o.h.c.a.SimpleValueBinder] DEBUG org.hibernate.cfg.annotations.SimpleValueBinder - Starting fillSimpleValue for addressLine2
12:23:05.702 [main] [o.h.c.a.SimpleValueBinder] DEBUG org.hibernate.cfg.annotations.SimpleValueBinder - Starting fillSimpleValue for country
12:23:05.702 [main] [o.h.c.a.SimpleValueBinder] DEBUG org.hibernate.cfg.annotations.SimpleValueBinder - Starting fillSimpleValue for county
12:23:05.702 [main] [o.h.c.a.SimpleValueBinder] DEBUG org.hibernate.cfg.annotations.SimpleValueBinder - Starting fillSimpleValue for latitude
12:23:05.702 [main] [o.h.c.a.SimpleValueBinder] DEBUG org.hibernate.cfg.annotations.SimpleValueBinder - Starting fillSimpleValue for longitude
12:23:05.702 [main] [o.h.c.a.SimpleValueBinder] DEBUG org.hibernate.cfg.annotations.SimpleValueBinder - Starting fillSimpleValue for mobile
12:23:05.702 [main] [o.h.c.a.SimpleValueBinder] DEBUG org.hibernate.cfg.annotations.SimpleValueBinder - Starting fillSimpleValue for number
12:23:05.702 [main] [o.h.c.a.SimpleValueBinder] DEBUG org.hibernate.cfg.annotations.SimpleValueBinder - Starting fillSimpleValue for postcode
12:23:05.702 [main] [o.h.c.a.SimpleValueBinder] DEBUG org.hibernate.cfg.annotations.SimpleValueBinder - Starting fillSimpleValue for telephone
12:23:05.702 [main] [o.h.c.a.SimpleValueBinder] DEBUG org.hibernate.cfg.annotations.SimpleValueBinder - Starting fillSimpleValue for enabled
12:23:05.702 [main] [o.h.c.a.SimpleValueBinder] DEBUG org.hibernate.cfg.annotations.SimpleValueBinder - Starting fillSimpleValue for firstName
12:23:05.702 [main] [o.h.c.a.SimpleValueBinder] DEBUG org.hibernate.cfg.annotations.SimpleValueBinder - Starting fillSimpleValue for password
12:23:05.702 [main] [o.h.c.a.SimpleValueBinder] DEBUG org.hibernate.cfg.annotations.SimpleValueBinder - Starting fillSimpleValue for secondName
12:23:05.702 [main] [o.h.c.a.SimpleValueBinder] DEBUG org.hibernate.cfg.annotations.SimpleValueBinder - Starting fillSimpleValue for username
12:23:05.717 [main] [o.h.m.PrimaryKey] DEBUG org.hibernate.mapping.PrimaryKey - Forcing column [id] to be non-null as it is part of the primary key for table [bid]
12:23:05.717 [main] [o.h.m.PrimaryKey] DEBUG org.hibernate.mapping.PrimaryKey - Forcing column [id] to be non-null as it is part of the primary key for table [role]
12:23:05.717 [main] [o.h.m.PrimaryKey] DEBUG org.hibernate.mapping.PrimaryKey - Forcing column [id] to be non-null as it is part of the primary key for table [auction]
12:23:05.717 [main] [o.h.m.PrimaryKey] DEBUG org.hibernate.mapping.PrimaryKey - Forcing column [id] to be non-null as it is part of the primary key for table [lot]
12:23:05.717 [main] [o.h.m.PrimaryKey] DEBUG org.hibernate.mapping.PrimaryKey - Forcing column [id] to be non-null as it is part of the primary key for table [party]
12:23:05.717 [main] [o.h.m.PrimaryKey] DEBUG org.hibernate.mapping.PrimaryKey - Forcing column [id] to be non-null as it is part of the primary key for table [user]
12:23:05.717 [main] [o.h.c.CollectionSecondPass] DEBUG org.hibernate.cfg.CollectionSecondPass - Second pass for collection: org.solent.com504.project.model.user.dto.User.roles
12:23:05.717 [main] [o.h.c.a.CollectionBinder] DEBUG org.hibernate.cfg.annotations.CollectionBinder - Binding as ManyToMany: org.solent.com504.project.model.user.dto.User.roles
12:23:05.733 [main] [o.h.m.PrimaryKey] DEBUG org.hibernate.mapping.PrimaryKey - Forcing column [user_id] to be non-null as it is part of the primary key for table [user_role]
12:23:05.733 [main] [o.h.m.PrimaryKey] DEBUG org.hibernate.mapping.PrimaryKey - Forcing column [role_id] to be non-null as it is part of the primary key for table [user_role]
12:23:05.733 [main] [o.h.c.CollectionSecondPass] DEBUG org.hibernate.cfg.CollectionSecondPass - Mapped collection key: user_id, element: role_id
12:23:05.733 [main] [o.h.c.CollectionSecondPass] DEBUG org.hibernate.cfg.CollectionSecondPass - Second pass for collection: org.solent.com504.project.model.party.dto.Party.users
12:23:05.733 [main] [o.h.c.a.CollectionBinder] DEBUG org.hibernate.cfg.annotations.CollectionBinder - Binding as ManyToMany: org.solent.com504.project.model.party.dto.Party.users
12:23:05.733 [main] [o.h.m.PrimaryKey] DEBUG org.hibernate.mapping.PrimaryKey - Forcing column [user_id] to be non-null as it is part of the primary key for table [user_party]
12:23:05.733 [main] [o.h.m.PrimaryKey] DEBUG org.hibernate.mapping.PrimaryKey - Forcing column [party_id] to be non-null as it is part of the primary key for table [user_party]
12:23:05.733 [main] [o.h.c.CollectionSecondPass] DEBUG org.hibernate.cfg.CollectionSecondPass - Mapped collection key: user_id, element: party_id
12:23:05.733 [main] [o.h.c.CollectionSecondPass] DEBUG org.hibernate.cfg.CollectionSecondPass - Second pass for collection: org.solent.com504.project.model.lot.dto.Lot.bids
12:23:05.733 [main] [o.h.c.a.CollectionBinder] DEBUG org.hibernate.cfg.annotations.CollectionBinder - Binding a OneToMany: org.solent.com504.project.model.lot.dto.Lot.bids through an association table
12:23:05.733 [main] [o.h.c.CollectionSecondPass] DEBUG org.hibernate.cfg.CollectionSecondPass - Mapped collection key: Lot_id, element: bids_id
12:23:05.733 [main] [o.h.c.CollectionSecondPass] DEBUG org.hibernate.cfg.CollectionSecondPass - Second pass for collection: org.solent.com504.project.model.auction.dto.Auction.lots
12:23:05.733 [main] [o.h.c.a.CollectionBinder] DEBUG org.hibernate.cfg.annotations.CollectionBinder - Binding a OneToMany: org.solent.com504.project.model.auction.dto.Auction.lots through an association table
12:23:05.749 [main] [o.h.m.PrimaryKey] DEBUG org.hibernate.mapping.PrimaryKey - Forcing column [auction_id] to be non-null as it is part of the primary key for table [auction_lot]
12:23:05.749 [main] [o.h.m.PrimaryKey] DEBUG org.hibernate.mapping.PrimaryKey - Forcing column [lots_id] to be non-null as it is part of the primary key for table [auction_lot]
12:23:05.749 [main] [o.h.c.CollectionSecondPass] DEBUG org.hibernate.cfg.CollectionSecondPass - Mapped collection key: Auction_id, element: lots_id
12:23:05.749 [main] [o.h.c.CollectionSecondPass] DEBUG org.hibernate.cfg.CollectionSecondPass - Second pass for collection: org.solent.com504.project.model.user.dto.Role.users
12:23:05.749 [main] [o.h.c.a.CollectionBinder] DEBUG org.hibernate.cfg.annotations.CollectionBinder - Binding as ManyToMany: org.solent.com504.project.model.user.dto.Role.users
12:23:05.749 [main] [o.h.c.a.TableBinder] DEBUG org.hibernate.cfg.annotations.TableBinder - Retrieving property org.solent.com504.project.model.user.dto.User.roles
12:23:05.749 [main] [o.h.c.CollectionSecondPass] DEBUG org.hibernate.cfg.CollectionSecondPass - Mapped collection key: role_id, element: user_id
12:23:05.749 [main] [o.h.c.CollectionSecondPass] DEBUG org.hibernate.cfg.CollectionSecondPass - Second pass for collection: org.solent.com504.project.model.user.dto.User.parties
12:23:05.749 [main] [o.h.c.a.CollectionBinder] DEBUG org.hibernate.cfg.annotations.CollectionBinder - Binding as ManyToMany: org.solent.com504.project.model.user.dto.User.parties
12:23:05.749 [main] [o.h.c.a.TableBinder] DEBUG org.hibernate.cfg.annotations.TableBinder - Retrieving property org.solent.com504.project.model.party.dto.Party.users
12:23:05.749 [main] [o.h.c.CollectionSecondPass] DEBUG org.hibernate.cfg.CollectionSecondPass - Mapped collection key: party_id, element: user_id
12:23:05.749 [main] [o.h.b.i.InFlightMetadataCollectorImpl] DEBUG org.hibernate.boot.internal.InFlightMetadataCollectorImpl - Resolving reference to class: org.solent.com504.project.model.lot.dto.Lot
12:23:05.749 [main] [o.h.b.i.InFlightMetadataCollectorImpl] DEBUG org.hibernate.boot.internal.InFlightMetadataCollectorImpl - Resolving reference to class: org.solent.com504.project.model.auction.dto.Auction
12:23:05.749 [main] [o.h.b.i.InFlightMetadataCollectorImpl] DEBUG org.hibernate.boot.internal.InFlightMetadataCollectorImpl - Resolving reference to class: org.solent.com504.project.model.lot.dto.Lot
12:23:05.749 [main] [o.h.b.i.InFlightMetadataCollectorImpl] DEBUG org.hibernate.boot.internal.InFlightMetadataCollectorImpl - Resolving reference to class: org.solent.com504.project.model.bid.dto.Bid
12:23:05.749 [main] [o.h.b.i.InFlightMetadataCollectorImpl] DEBUG org.hibernate.boot.internal.InFlightMetadataCollectorImpl - Resolving reference to class: org.solent.com504.project.model.lot.dto.Lot
12:23:05.749 [main] [o.h.b.i.InFlightMetadataCollectorImpl] DEBUG org.hibernate.boot.internal.InFlightMetadataCollectorImpl - Resolving reference to class: org.solent.com504.project.model.user.dto.User
12:23:05.749 [main] [o.h.b.i.InFlightMetadataCollectorImpl] DEBUG org.hibernate.boot.internal.InFlightMetadataCollectorImpl - Resolving reference to class: org.solent.com504.project.model.party.dto.Party
12:23:05.749 [main] [o.h.b.i.InFlightMetadataCollectorImpl] DEBUG org.hibernate.boot.internal.InFlightMetadataCollectorImpl - Resolving reference to class: org.solent.com504.project.model.user.dto.Role
12:23:05.749 [main] [o.h.b.i.InFlightMetadataCollectorImpl] DEBUG org.hibernate.boot.internal.InFlightMetadataCollectorImpl - Resolving reference to class: org.solent.com504.project.model.user.dto.User
12:23:05.749 [main] [o.h.b.i.InFlightMetadataCollectorImpl] DEBUG org.hibernate.boot.internal.InFlightMetadataCollectorImpl - Resolving reference to class: org.solent.com504.project.model.lot.dto.Lot
12:23:05.749 [main] [o.h.b.i.InFlightMetadataCollectorImpl] DEBUG org.hibernate.boot.internal.InFlightMetadataCollectorImpl - Resolving reference to class: org.solent.com504.project.model.auction.dto.Auction
12:23:05.749 [main] [o.h.b.i.InFlightMetadataCollectorImpl] DEBUG org.hibernate.boot.internal.InFlightMetadataCollectorImpl - Resolving reference to class: org.solent.com504.project.model.lot.dto.Lot
12:23:05.749 [main] [o.h.b.i.InFlightMetadataCollectorImpl] DEBUG org.hibernate.boot.internal.InFlightMetadataCollectorImpl - Resolving reference to class: org.solent.com504.project.model.bid.dto.Bid
12:23:05.749 [main] [o.h.b.i.InFlightMetadataCollectorImpl] DEBUG org.hibernate.boot.internal.InFlightMetadataCollectorImpl - Resolving reference to class: org.solent.com504.project.model.lot.dto.Lot
12:23:05.749 [main] [o.h.b.i.InFlightMetadataCollectorImpl] DEBUG org.hibernate.boot.internal.InFlightMetadataCollectorImpl - Resolving reference to class: org.solent.com504.project.model.user.dto.User
12:23:05.749 [main] [o.h.b.i.InFlightMetadataCollectorImpl] DEBUG org.hibernate.boot.internal.InFlightMetadataCollectorImpl - Resolving reference to class: org.solent.com504.project.model.party.dto.Party
12:23:05.749 [main] [o.h.b.i.InFlightMetadataCollectorImpl] DEBUG org.hibernate.boot.internal.InFlightMetadataCollectorImpl - Resolving reference to class: org.solent.com504.project.model.user.dto.Role
12:23:05.749 [main] [o.h.b.i.InFlightMetadataCollectorImpl] DEBUG org.hibernate.boot.internal.InFlightMetadataCollectorImpl - Resolving reference to class: org.solent.com504.project.model.user.dto.User
12:23:05.889 [main] [o.h.i.SessionFactoryImpl] DEBUG org.hibernate.internal.SessionFactoryImpl - Building session factory
12:23:05.889 [main] [o.h.c.Settings] DEBUG org.hibernate.cfg.Settings - SessionFactory name : null
12:23:05.889 [main] [o.h.c.Settings] DEBUG org.hibernate.cfg.Settings - Automatic flush during beforeCompletion(): enabled
12:23:05.889 [main] [o.h.c.Settings] DEBUG org.hibernate.cfg.Settings - Automatic session close at end of transaction: disabled
12:23:05.889 [main] [o.h.c.Settings] DEBUG org.hibernate.cfg.Settings - Statistics: disabled
12:23:05.889 [main] [o.h.c.Settings] DEBUG org.hibernate.cfg.Settings - Deleted entity synthetic identifier rollback: disabled
12:23:05.889 [main] [o.h.c.Settings] DEBUG org.hibernate.cfg.Settings - Default entity-mode: pojo
12:23:05.889 [main] [o.h.c.Settings] DEBUG org.hibernate.cfg.Settings - Check Nullability in Core (should be disabled when Bean Validation is on): enabled
12:23:05.889 [main] [o.h.c.Settings] DEBUG org.hibernate.cfg.Settings - Allow initialization of lazy state outside session : disabled
12:23:05.889 [main] [o.h.c.Settings] DEBUG org.hibernate.cfg.Settings - Using BatchFetchStyle : LEGACY
12:23:05.889 [main] [o.h.c.Settings] DEBUG org.hibernate.cfg.Settings - Default batch fetch size: -1
12:23:05.889 [main] [o.h.c.Settings] DEBUG org.hibernate.cfg.Settings - Maximum outer join fetch depth: null
12:23:05.889 [main] [o.h.c.Settings] DEBUG org.hibernate.cfg.Settings - Default null ordering: NONE
12:23:05.889 [main] [o.h.c.Settings] DEBUG org.hibernate.cfg.Settings - Order SQL updates by primary key: disabled
12:23:05.889 [main] [o.h.c.Settings] DEBUG org.hibernate.cfg.Settings - Order SQL inserts for batching: disabled
12:23:05.889 [main] [o.h.c.Settings] DEBUG org.hibernate.cfg.Settings - multi-tenancy strategy : NONE
12:23:05.889 [main] [o.h.c.Settings] DEBUG org.hibernate.cfg.Settings - JTA Track by Thread: enabled
12:23:05.889 [main] [o.h.c.Settings] DEBUG org.hibernate.cfg.Settings - Query language substitutions: {}
12:23:05.889 [main] [o.h.c.Settings] DEBUG org.hibernate.cfg.Settings - JPA query language strict compliance: disabled
12:23:05.889 [main] [o.h.c.Settings] DEBUG org.hibernate.cfg.Settings - Named query checking : enabled
12:23:05.889 [main] [o.h.c.Settings] DEBUG org.hibernate.cfg.Settings - Second-level cache: disabled
12:23:05.889 [main] [o.h.c.Settings] DEBUG org.hibernate.cfg.Settings - Second-level query cache: disabled
12:23:05.889 [main] [o.h.c.Settings] DEBUG org.hibernate.cfg.Settings - Second-level query cache factory: null
12:23:05.889 [main] [o.h.c.Settings] DEBUG org.hibernate.cfg.Settings - Second-level cache region prefix: null
12:23:05.889 [main] [o.h.c.Settings] DEBUG org.hibernate.cfg.Settings - Optimize second-level cache for minimal puts: disabled
12:23:05.889 [main] [o.h.c.Settings] DEBUG org.hibernate.cfg.Settings - Structured second-level cache entries: disabled
12:23:05.889 [main] [o.h.c.Settings] DEBUG org.hibernate.cfg.Settings - Second-level cache direct-reference entries: disabled
12:23:05.889 [main] [o.h.c.Settings] DEBUG org.hibernate.cfg.Settings - Automatic eviction of collection cache: disabled
12:23:05.889 [main] [o.h.c.Settings] DEBUG org.hibernate.cfg.Settings - JDBC batch size: 15
12:23:05.889 [main] [o.h.c.Settings] DEBUG org.hibernate.cfg.Settings - JDBC batch updates for versioned data: enabled
12:23:05.889 [main] [o.h.c.Settings] DEBUG org.hibernate.cfg.Settings - Scrollable result sets: enabled
12:23:05.889 [main] [o.h.c.Settings] DEBUG org.hibernate.cfg.Settings - Wrap result sets: disabled
12:23:05.889 [main] [o.h.c.Settings] DEBUG org.hibernate.cfg.Settings - JDBC3 getGeneratedKeys(): enabled
12:23:05.889 [main] [o.h.c.Settings] DEBUG org.hibernate.cfg.Settings - JDBC result set fetch size: null
12:23:05.889 [main] [o.h.c.Settings] DEBUG org.hibernate.cfg.Settings - Connection release mode: ON_CLOSE
12:23:05.889 [main] [o.h.c.Settings] DEBUG org.hibernate.cfg.Settings - Generate SQL with comments: disabled
12:23:05.999 [main] [o.h.i.SessionFactoryImpl] DEBUG org.hibernate.internal.SessionFactoryImpl - Session factory constructed with filter configurations : {}
12:23:05.999 [main] [o.h.i.SessionFactoryImpl] DEBUG org.hibernate.internal.SessionFactoryImpl - Instantiating session factory with properties: {sun.desktop=windows, awt.toolkit=sun.awt.windows.WToolkit, file.encoding.pkg=sun.io, java.specification.version=1.8, hibernate.connection.handling_mode=DELAYED_ACQUISITION_AND_HOLD, sun.cpu.isalist=amd64, sun.jnu.encoding=Cp1252, hibernate.dialect=org.hibernate.dialect.HSQLDialect, java.class.path=C:\Users\3moulj69\Repos\temp\SOFTWARE-SYSTEMS-DEVELOPMENT\Josh\Andres-Project\project\service\target\test-classes;C:\Users\3moulj69\Repos\temp\SOFTWARE-SYSTEMS-DEVELOPMENT\Josh\Andres-Project\project\service\target\classes;C:\Users\3moulj69\Repos\temp\SOFTWARE-SYSTEMS-DEVELOPMENT\Josh\Andres-Project\project\model\target\project-model-1.5-SNAPSHOT.jar;C:\Users\3moulj69\Repos\temp\SOFTWARE-SYSTEMS-DEVELOPMENT\Josh\Andres-Project\project\dao-springdata-jpa\target\project-dao-springdata-jpa-1.5-SNAPSHOT.jar;C:\Users\3moulj69\.m2\repository\org\springframework\spring-orm\5.2.3.RELEASE\spring-orm-5.2.3.RELEASE.jar;C:\Users\3moulj69\.m2\repository\org\springframework\spring-jdbc\5.2.3.RELEASE\spring-jdbc-5.2.3.RELEASE.jar;C:\Users\3moulj69\.m2\repository\org\springframework\spring-tx\5.2.3.RELEASE\spring-tx-5.2.3.RELEASE.jar;C:\Users\3moulj69\.m2\repository\org\springframework\data\spring-data-jpa\2.2.3.RELEASE\spring-data-jpa-2.2.3.RELEASE.jar;C:\Users\3moulj69\.m2\repository\org\springframework\data\spring-data-commons\2.2.3.RELEASE\spring-data-commons-2.2.3.RELEASE.jar;C:\Users\3moulj69\.m2\repository\org\aspectj\aspectjrt\1.9.5\aspectjrt-1.9.5.jar;C:\Users\3moulj69\.m2\repository\org\hibernate\hibernate-core\5.2.17.Final\hibernate-core-5.2.17.Final.jar;C:\Users\3moulj69\.m2\repository\org\jboss\logging\jboss-logging\3.3.1.Final\jboss-logging-3.3.1.Final.jar;C:\Users\3moulj69\.m2\repository\org\hibernate\javax\persistence\hibernate-jpa-2.1-api\1.0.0.Final\hibernate-jpa-2.1-api-1.0.0.Final.jar;C:\Users\3moulj69\.m2\repository\org\javassist\javassist\3.22.0-GA\javassist-3.22.0-GA.jar;C:\Users\3moulj69\.m2\repository\antlr\antlr\2.7.7\antlr-2.7.7.jar;C:\Users\3moulj69\.m2\repository\org\jboss\spec\javax\transaction\jboss-transaction-api_1.2_spec\1.0.1.Final\jboss-transaction-api_1.2_spec-1.0.1.Final.jar;C:\Users\3moulj69\.m2\repository\org\jboss\jandex\2.0.3.Final\jandex-2.0.3.Final.jar;C:\Users\3moulj69\.m2\repository\com\fasterxml\classmate\1.3.0\classmate-1.3.0.jar;C:\Users\3moulj69\.m2\repository\dom4j\dom4j\1.6.1\dom4j-1.6.1.jar;C:\Users\3moulj69\.m2\repository\org\hibernate\common\hibernate-commons-annotations\5.0.1.Final\hibernate-commons-annotations-5.0.1.Final.jar;C:\Users\3moulj69\.m2\repository\org\hibernate\hibernate-entitymanager\5.2.17.Final\hibernate-entitymanager-5.2.17.Final.jar;C:\Users\3moulj69\.m2\repository\net\bytebuddy\byte-buddy\1.6.14\byte-buddy-1.6.14.jar;C:\Users\3moulj69\.m2\repository\org\hsqldb\hsqldb\2.2.4\hsqldb-2.2.4.jar;C:\Users\3moulj69\.m2\repository\org\springframework\security\spring-security-config\5.2.1.RELEASE\spring-security-config-5.2.1.RELEASE.jar;C:\Users\3moulj69\.m2\repository\org\springframework\security\spring-security-core\5.2.1.RELEASE\spring-security-core-5.2.1.RELEASE.jar;C:\Users\3moulj69\.m2\repository\org\springframework\spring-aop\5.2.1.RELEASE\spring-aop-5.2.1.RELEASE.jar;C:\Users\3moulj69\.m2\repository\org\springframework\spring-beans\5.2.1.RELEASE\spring-beans-5.2.1.RELEASE.jar;C:\Users\3moulj69\.m2\repository\javax\servlet\javax.servlet-api\3.1.0\javax.servlet-api-3.1.0.jar;C:\Users\3moulj69\.m2\repository\org\springframework\spring-core\5.2.3.RELEASE\spring-core-5.2.3.RELEASE.jar;C:\Users\3moulj69\.m2\repository\org\springframework\spring-jcl\5.2.3.RELEASE\spring-jcl-5.2.3.RELEASE.jar;C:\Users\3moulj69\.m2\repository\org\springframework\spring-context\5.2.3.RELEASE\spring-context-5.2.3.RELEASE.jar;C:\Users\3moulj69\.m2\repository\org\springframework\spring-expression\5.2.3.RELEASE\spring-expression-5.2.3.RELEASE.jar;C:\Users\3moulj69\.m2\repository\org\springframework\spring-test\5.2.3.RELEASE\spring-test-5.2.3.RELEASE.jar;C:\Users\3moulj69\.m2\repository\org\slf4j\slf4j-api\1.7.12\slf4j-api-1.7.12.jar;C:\Users\3moulj69\.m2\repository\org\slf4j\jcl-over-slf4j\1.7.12\jcl-over-slf4j-1.7.12.jar;C:\Users\3moulj69\.m2\repository\org\apache\logging\log4j\log4j-slf4j-impl\2.12.1\log4j-slf4j-impl-2.12.1.jar;C:\Users\3moulj69\.m2\repository\org\apache\logging\log4j\log4j-api\2.12.1\log4j-api-2.12.1.jar;C:\Users\3moulj69\.m2\repository\org\apache\logging\log4j\log4j-core\2.12.1\log4j-core-2.12.1.jar;C:\Users\3moulj69\.m2\repository\junit\junit\4.12\junit-4.12.jar;C:\Users\3moulj69\.m2\repository\org\hamcrest\hamcrest-core\1.3\hamcrest-core-1.3.jar;, java.vm.vendor=Oracle Corporation, sun.arch.data.model=64, user.variant=, java.vendor.url=http://java.oracle.com/, user.timezone=Europe/London, os.name=Windows 10, java.vm.specification.version=1.8, org.apache.logging.log4j.assignedSequences=2868, javax.persistence.validation.mode=AUTO, user.country=GB, sun.java.launcher=SUN_STANDARD, sun.boot.library.path=C:\Program Files\Java\jdk1.8.0_202\jre\bin, sun.java.command=C:\Users\3moulj69\Repos\temp\SOFTWARE-SYSTEMS-DEVELOPMENT\Josh\Andres-Project\project\service\target\surefire\surefirebooter3177549076182581859.jar C:\Users\3moulj69\Repos\temp\SOFTWARE-SYSTEMS-DEVELOPMENT\Josh\Andres-Project\project\service\target\surefire\surefire1466935621808437960tmp C:\Users\3moulj69\Repos\temp\SOFTWARE-SYSTEMS-DEVELOPMENT\Josh\Andres-Project\project\service\target\surefire\surefire_21610677784229838450tmp, javax.persistence.sharedCache.mode=UNSPECIFIED, surefire.test.class.path=C:\Users\3moulj69\Repos\temp\SOFTWARE-SYSTEMS-DEVELOPMENT\Josh\Andres-Project\project\service\target\test-classes;C:\Users\3moulj69\Repos\temp\SOFTWARE-SYSTEMS-DEVELOPMENT\Josh\Andres-Project\project\service\target\classes;C:\Users\3moulj69\Repos\temp\SOFTWARE-SYSTEMS-DEVELOPMENT\Josh\Andres-Project\project\model\target\project-model-1.5-SNAPSHOT.jar;C:\Users\3moulj69\Repos\temp\SOFTWARE-SYSTEMS-DEVELOPMENT\Josh\Andres-Project\project\dao-springdata-jpa\target\project-dao-springdata-jpa-1.5-SNAPSHOT.jar;C:\Users\3moulj69\.m2\repository\org\springframework\spring-orm\5.2.3.RELEASE\spring-orm-5.2.3.RELEASE.jar;C:\Users\3moulj69\.m2\repository\org\springframework\spring-jdbc\5.2.3.RELEASE\spring-jdbc-5.2.3.RELEASE.jar;C:\Users\3moulj69\.m2\repository\org\springframework\spring-tx\5.2.3.RELEASE\spring-tx-5.2.3.RELEASE.jar;C:\Users\3moulj69\.m2\repository\org\springframework\data\spring-data-jpa\2.2.3.RELEASE\spring-data-jpa-2.2.3.RELEASE.jar;C:\Users\3moulj69\.m2\repository\org\springframework\data\spring-data-commons\2.2.3.RELEASE\spring-data-commons-2.2.3.RELEASE.jar;C:\Users\3moulj69\.m2\repository\org\aspectj\aspectjrt\1.9.5\aspectjrt-1.9.5.jar;C:\Users\3moulj69\.m2\repository\org\hibernate\hibernate-core\5.2.17.Final\hibernate-core-5.2.17.Final.jar;C:\Users\3moulj69\.m2\repository\org\jboss\logging\jboss-logging\3.3.1.Final\jboss-logging-3.3.1.Final.jar;C:\Users\3moulj69\.m2\repository\org\hibernate\javax\persistence\hibernate-jpa-2.1-api\1.0.0.Final\hibernate-jpa-2.1-api-1.0.0.Final.jar;C:\Users\3moulj69\.m2\repository\org\javassist\javassist\3.22.0-GA\javassist-3.22.0-GA.jar;C:\Users\3moulj69\.m2\repository\antlr\antlr\2.7.7\antlr-2.7.7.jar;C:\Users\3moulj69\.m2\repository\org\jboss\spec\javax\transaction\jboss-transaction-api_1.2_spec\1.0.1.Final\jboss-transaction-api_1.2_spec-1.0.1.Final.jar;C:\Users\3moulj69\.m2\repository\org\jboss\jandex\2.0.3.Final\jandex-2.0.3.Final.jar;C:\Users\3moulj69\.m2\repository\com\fasterxml\classmate\1.3.0\classmate-1.3.0.jar;C:\Users\3moulj69\.m2\repository\dom4j\dom4j\1.6.1\dom4j-1.6.1.jar;C:\Users\3moulj69\.m2\repository\org\hibernate\common\hibernate-commons-annotations\5.0.1.Final\hibernate-commons-annotations-5.0.1.Final.jar;C:\Users\3moulj69\.m2\repository\org\hibernate\hibernate-entitymanager\5.2.17.Final\hibernate-entitymanager-5.2.17.Final.jar;C:\Users\3moulj69\.m2\repository\net\bytebuddy\byte-buddy\1.6.14\byte-buddy-1.6.14.jar;C:\Users\3moulj69\.m2\repository\org\hsqldb\hsqldb\2.2.4\hsqldb-2.2.4.jar;C:\Users\3moulj69\.m2\repository\org\springframework\security\spring-security-config\5.2.1.RELEASE\spring-security-config-5.2.1.RELEASE.jar;C:\Users\3moulj69\.m2\repository\org\springframework\security\spring-security-core\5.2.1.RELEASE\spring-security-core-5.2.1.RELEASE.jar;C:\Users\3moulj69\.m2\repository\org\springframework\spring-aop\5.2.1.RELEASE\spring-aop-5.2.1.RELEASE.jar;C:\Users\3moulj69\.m2\repository\org\springframework\spring-beans\5.2.1.RELEASE\spring-beans-5.2.1.RELEASE.jar;C:\Users\3moulj69\.m2\repository\javax\servlet\javax.servlet-api\3.1.0\javax.servlet-api-3.1.0.jar;C:\Users\3moulj69\.m2\repository\org\springframework\spring-core\5.2.3.RELEASE\spring-core-5.2.3.RELEASE.jar;C:\Users\3moulj69\.m2\repository\org\springframework\spring-jcl\5.2.3.RELEASE\spring-jcl-5.2.3.RELEASE.jar;C:\Users\3moulj69\.m2\repository\org\springframework\spring-context\5.2.3.RELEASE\spring-context-5.2.3.RELEASE.jar;C:\Users\3moulj69\.m2\repository\org\springframework\spring-expression\5.2.3.RELEASE\spring-expression-5.2.3.RELEASE.jar;C:\Users\3moulj69\.m2\repository\org\springframework\spring-test\5.2.3.RELEASE\spring-test-5.2.3.RELEASE.jar;C:\Users\3moulj69\.m2\repository\org\slf4j\slf4j-api\1.7.12\slf4j-api-1.7.12.jar;C:\Users\3moulj69\.m2\repository\org\slf4j\jcl-over-slf4j\1.7.12\jcl-over-slf4j-1.7.12.jar;C:\Users\3moulj69\.m2\repository\org\apache\logging\log4j\log4j-slf4j-impl\2.12.1\log4j-slf4j-impl-2.12.1.jar;C:\Users\3moulj69\.m2\repository\org\apache\logging\log4j\log4j-api\2.12.1\log4j-api-2.12.1.jar;C:\Users\3moulj69\.m2\repository\org\apache\logging\log4j\log4j-core\2.12.1\log4j-core-2.12.1.jar;C:\Users\3moulj69\.m2\repository\junit\junit\4.12\junit-4.12.jar;C:\Users\3moulj69\.m2\repository\org\hamcrest\hamcrest-core\1.3\hamcrest-core-1.3.jar;, sun.cpu.endian=little, user.home=C:\Users\3moulj69, user.language=en, java.specification.vendor=Oracle Corporation, java.home=C:\Program Files\Java\jdk1.8.0_202\jre, basedir=C:\Users\3moulj69\Repos\temp\SOFTWARE-SYSTEMS-DEVELOPMENT\Josh\Andres-Project\project\service, file.separator=\, line.separator=
, java.vm.specification.vendor=Oracle Corporation, java.specification.name=Java Platform API Specification, hibernate.transaction.coordinator_class=class org.hibernate.resource.transaction.backend.jdbc.internal.JdbcResourceLocalTransactionCoordinatorBuilderImpl, java.awt.graphicsenv=sun.awt.Win32GraphicsEnvironment, surefire.real.class.path=C:\Users\3moulj69\Repos\temp\SOFTWARE-SYSTEMS-DEVELOPMENT\Josh\Andres-Project\project\service\target\surefire\surefirebooter3177549076182581859.jar, sun.boot.class.path=C:\Program Files\Java\jdk1.8.0_202\jre\lib\resources.jar;C:\Program Files\Java\jdk1.8.0_202\jre\lib\rt.jar;C:\Program Files\Java\jdk1.8.0_202\jre\lib\sunrsasign.jar;C:\Program Files\Java\jdk1.8.0_202\jre\lib\jsse.jar;C:\Program Files\Java\jdk1.8.0_202\jre\lib\jce.jar;C:\Program Files\Java\jdk1.8.0_202\jre\lib\charsets.jar;C:\Program Files\Java\jdk1.8.0_202\jre\lib\jfr.jar;C:\Program Files\Java\jdk1.8.0_202\jre\classes, hibernate.hbm2ddl.auto=update, user.script=, sun.management.compiler=HotSpot 64-Bit Tiered Compilers, java.runtime.version=1.8.0_202-b08, user.name=3moulj69, path.separator=;, os.version=10.0, java.endorsed.dirs=C:\Program Files\Java\jdk1.8.0_202\jre\lib\endorsed, java.runtime.name=Java(TM) SE Runtime Environment, hibernate.ejb.persistenceUnitName=default, file.encoding=Cp1252, java.vm.name=Java HotSpot(TM) 64-Bit Server VM, hibernate.show_sql=true, localRepository=C:\Users\3moulj69\.m2\repository, java.vendor.url.bug=http://bugreport.sun.com/bugreport/, java.io.tmpdir=C:\Users\3moulj69\AppData\Local\Temp\, java.version=1.8.0_202, user.dir=C:\Users\3moulj69\Repos\temp\SOFTWARE-SYSTEMS-DEVELOPMENT\Josh\Andres-Project\project\service, os.arch=amd64, java.vm.specification.name=Java Virtual Machine Specification, java.awt.printerjob=sun.awt.windows.WPrinterJob, sun.os.patch.level=, hibernate.boot.CfgXmlAccessService.key=org.hibernate.boot.cfgxml.spi.LoadedConfig@39c1fe0b, java.library.path=C:\Program Files\Java\jdk1.8.0_202\jre\bin;C:\WINDOWS\Sun\Java\bin;C:\WINDOWS\system32;C:\WINDOWS;C:\Program Files (x86)\Python37-32\Scripts\;C:\Program Files (x86)\Python37-32\;C:\Program Files (x86)\Common Files\Oracle\Java\javapath;C:\Program Files (x86)\NVIDIA Corporation\PhysX\Common;C:\WINDOWS\system32;C:\WINDOWS;C:\WINDOWS\System32\Wbem;C:\WINDOWS\System32\WindowsPowerShell\v1.0\;C:\WINDOWS\System32\OpenSSH\;C:\Program Files\Microsoft SQL Server\120\Tools\Binn\;C:\Program Files (x86)\Brackets\command;C:\Program Files (x86)\Common Files\Sage SData\;C:\Program Files\Csound6_x64\bin;C:\Program Files\Git\cmd;C:\Program Files\MiKTeX 2.9\miktex\bin\x64\;C:\Program Files\nodejs\;C:\Program Files\Microsoft VS Code\bin;C:\Program Files\Java\jdk1.8.0_202\bin;c:\program files\apache\maven\bin;C:\Program Files (x86)\Windows Kits\8.1\Windows Performance Toolkit\;C:\Program Files\MATLAB\R2017a\runtime\win64;C:\Program Files\MATLAB\R2017a\bin;C:\Users\3moulj69\AppData\Local\Microsoft\WindowsApps;;., java.vm.info=mixed mode, java.vendor=Oracle Corporation, java.vm.version=25.202-b08, hibernate.bytecode.use_reflection_optimizer=false, hibernate.connection.datasource=org.springframework.jdbc.datasource.DriverManagerDataSource@19553973, java.ext.dirs=C:\Program Files\Java\jdk1.8.0_202\jre\lib\ext;C:\WINDOWS\Sun\Java\lib\ext, sun.io.unicode.encoding=UnicodeLittle, java.class.version=52.0}
12:23:06.045 [main] [o.h.s.s.JaccIntegrator] DEBUG org.hibernate.secure.spi.JaccIntegrator - Skipping JACC integration as it was not enabled
12:23:06.045 [main] [o.h.e.s.CascadeStyles] DEBUG org.hibernate.engine.spi.CascadeStyles - External cascade style registration [persist : STYLE_PERSIST_SKIPLAZY] overrode base registration [STYLE_PERSIST]
12:23:06.108 [main] [o.h.i.SessionFactoryImpl] DEBUG org.hibernate.internal.SessionFactoryImpl - Instantiated session factory
12:23:06.217 [main] [o.h.b.i.ClassLoaderAccessImpl] DEBUG org.hibernate.boot.internal.ClassLoaderAccessImpl - Not known whether passed class name [org.solent.com504.project.model.bid.dto.Bid] is safe
12:23:06.217 [main] [o.h.b.i.ClassLoaderAccessImpl] DEBUG org.hibernate.boot.internal.ClassLoaderAccessImpl - No temp ClassLoader provided; using live ClassLoader for loading potentially unsafe class : org.solent.com504.project.model.bid.dto.Bid
12:23:06.233 [main] [o.h.b.i.ClassLoaderAccessImpl] DEBUG org.hibernate.boot.internal.ClassLoaderAccessImpl - Not known whether passed class name [org.solent.com504.project.model.bid.dto.Bid] is safe
12:23:06.233 [main] [o.h.b.i.ClassLoaderAccessImpl] DEBUG org.hibernate.boot.internal.ClassLoaderAccessImpl - No temp ClassLoader provided; using live ClassLoader for loading potentially unsafe class : org.solent.com504.project.model.bid.dto.Bid
12:23:06.311 [main] [o.h.b.i.ClassLoaderAccessImpl] DEBUG org.hibernate.boot.internal.ClassLoaderAccessImpl - Not known whether passed class name [org.solent.com504.project.model.user.dto.Role] is safe
12:23:06.311 [main] [o.h.b.i.ClassLoaderAccessImpl] DEBUG org.hibernate.boot.internal.ClassLoaderAccessImpl - No temp ClassLoader provided; using live ClassLoader for loading potentially unsafe class : org.solent.com504.project.model.user.dto.Role
12:23:06.311 [main] [o.h.b.i.ClassLoaderAccessImpl] DEBUG org.hibernate.boot.internal.ClassLoaderAccessImpl - Not known whether passed class name [org.solent.com504.project.model.user.dto.Role] is safe
12:23:06.311 [main] [o.h.b.i.ClassLoaderAccessImpl] DEBUG org.hibernate.boot.internal.ClassLoaderAccessImpl - No temp ClassLoader provided; using live ClassLoader for loading potentially unsafe class : org.solent.com504.project.model.user.dto.Role
12:23:06.311 [main] [o.h.b.i.ClassLoaderAccessImpl] DEBUG org.hibernate.boot.internal.ClassLoaderAccessImpl - Not known whether passed class name [org.solent.com504.project.model.auction.dto.Auction] is safe
12:23:06.311 [main] [o.h.b.i.ClassLoaderAccessImpl] DEBUG org.hibernate.boot.internal.ClassLoaderAccessImpl - No temp ClassLoader provided; using live ClassLoader for loading potentially unsafe class : org.solent.com504.project.model.auction.dto.Auction
12:23:06.311 [main] [o.h.b.i.ClassLoaderAccessImpl] DEBUG org.hibernate.boot.internal.ClassLoaderAccessImpl - Not known whether passed class name [org.solent.com504.project.model.auction.dto.Auction] is safe
12:23:06.311 [main] [o.h.b.i.ClassLoaderAccessImpl] DEBUG org.hibernate.boot.internal.ClassLoaderAccessImpl - No temp ClassLoader provided; using live ClassLoader for loading potentially unsafe class : org.solent.com504.project.model.auction.dto.Auction
12:23:06.311 [main] [o.h.b.i.ClassLoaderAccessImpl] DEBUG org.hibernate.boot.internal.ClassLoaderAccessImpl - Not known whether passed class name [org.solent.com504.project.model.lot.dto.Lot] is safe
12:23:06.311 [main] [o.h.b.i.ClassLoaderAccessImpl] DEBUG org.hibernate.boot.internal.ClassLoaderAccessImpl - No temp ClassLoader provided; using live ClassLoader for loading potentially unsafe class : org.solent.com504.project.model.lot.dto.Lot
12:23:06.311 [main] [o.h.b.i.ClassLoaderAccessImpl] DEBUG org.hibernate.boot.internal.ClassLoaderAccessImpl - Not known whether passed class name [org.solent.com504.project.model.lot.dto.Lot] is safe
12:23:06.311 [main] [o.h.b.i.ClassLoaderAccessImpl] DEBUG org.hibernate.boot.internal.ClassLoaderAccessImpl - No temp ClassLoader provided; using live ClassLoader for loading potentially unsafe class : org.solent.com504.project.model.lot.dto.Lot
12:23:06.327 [main] [o.h.b.i.ClassLoaderAccessImpl] DEBUG org.hibernate.boot.internal.ClassLoaderAccessImpl - Not known whether passed class name [org.solent.com504.project.model.party.dto.Party] is safe
12:23:06.327 [main] [o.h.b.i.ClassLoaderAccessImpl] DEBUG org.hibernate.boot.internal.ClassLoaderAccessImpl - No temp ClassLoader provided; using live ClassLoader for loading potentially unsafe class : org.solent.com504.project.model.party.dto.Party
12:23:06.327 [main] [o.h.b.i.ClassLoaderAccessImpl] DEBUG org.hibernate.boot.internal.ClassLoaderAccessImpl - Not known whether passed class name [org.solent.com504.project.model.party.dto.Party] is safe
12:23:06.327 [main] [o.h.b.i.ClassLoaderAccessImpl] DEBUG org.hibernate.boot.internal.ClassLoaderAccessImpl - No temp ClassLoader provided; using live ClassLoader for loading potentially unsafe class : org.solent.com504.project.model.party.dto.Party
12:23:06.342 [main] [o.h.b.i.ClassLoaderAccessImpl] DEBUG org.hibernate.boot.internal.ClassLoaderAccessImpl - Not known whether passed class name [org.solent.com504.project.model.user.dto.User] is safe
12:23:06.342 [main] [o.h.b.i.ClassLoaderAccessImpl] DEBUG org.hibernate.boot.internal.ClassLoaderAccessImpl - No temp ClassLoader provided; using live ClassLoader for loading potentially unsafe class : org.solent.com504.project.model.user.dto.User
12:23:06.342 [main] [o.h.b.i.ClassLoaderAccessImpl] DEBUG org.hibernate.boot.internal.ClassLoaderAccessImpl - Not known whether passed class name [org.solent.com504.project.model.user.dto.User] is safe
12:23:06.342 [main] [o.h.b.i.ClassLoaderAccessImpl] DEBUG org.hibernate.boot.internal.ClassLoaderAccessImpl - No temp ClassLoader provided; using live ClassLoader for loading potentially unsafe class : org.solent.com504.project.model.user.dto.User
12:23:06.374 [main] [o.h.p.c.AbstractCollectionPersister] DEBUG org.hibernate.persister.collection.AbstractCollectionPersister - Static SQL for collection: org.solent.com504.project.model.user.dto.User.roles
12:23:06.374 [main] [o.h.p.c.AbstractCollectionPersister] DEBUG org.hibernate.persister.collection.AbstractCollectionPersister -  Row insert: insert into user_role (user_id, role_id) values (?, ?)
12:23:06.374 [main] [o.h.p.c.AbstractCollectionPersister] DEBUG org.hibernate.persister.collection.AbstractCollectionPersister -  Row update: update user_role set role_id=? where user_id=? and role_id=?
12:23:06.374 [main] [o.h.p.c.AbstractCollectionPersister] DEBUG org.hibernate.persister.collection.AbstractCollectionPersister -  Row delete: delete from user_role where user_id=? and role_id=?
12:23:06.374 [main] [o.h.p.c.AbstractCollectionPersister] DEBUG org.hibernate.persister.collection.AbstractCollectionPersister -  One-shot delete: delete from user_role where user_id=?
12:23:06.374 [main] [o.h.p.c.AbstractCollectionPersister] DEBUG org.hibernate.persister.collection.AbstractCollectionPersister - Static SQL for collection: org.solent.com504.project.model.user.dto.Role.users
12:23:06.374 [main] [o.h.p.c.AbstractCollectionPersister] DEBUG org.hibernate.persister.collection.AbstractCollectionPersister -  Row insert: insert into user_role (role_id, user_id) values (?, ?)
12:23:06.374 [main] [o.h.p.c.AbstractCollectionPersister] DEBUG org.hibernate.persister.collection.AbstractCollectionPersister -  Row update: update user_role set user_id=? where role_id=? and user_id=?
12:23:06.374 [main] [o.h.p.c.AbstractCollectionPersister] DEBUG org.hibernate.persister.collection.AbstractCollectionPersister -  Row delete: delete from user_role where role_id=? and user_id=?
12:23:06.374 [main] [o.h.p.c.AbstractCollectionPersister] DEBUG org.hibernate.persister.collection.AbstractCollectionPersister -  One-shot delete: delete from user_role where role_id=?
12:23:06.374 [main] [o.h.p.c.AbstractCollectionPersister] DEBUG org.hibernate.persister.collection.AbstractCollectionPersister - Static SQL for collection: org.solent.com504.project.model.auction.dto.Auction.lots
12:23:06.374 [main] [o.h.p.c.AbstractCollectionPersister] DEBUG org.hibernate.persister.collection.AbstractCollectionPersister -  Row insert: insert into Auction_Lot (Auction_id, lots_id) values (?, ?)
12:23:06.374 [main] [o.h.p.c.AbstractCollectionPersister] DEBUG org.hibernate.persister.collection.AbstractCollectionPersister -  Row update: update Auction_Lot set lots_id=? where Auction_id=? and lots_id=?
12:23:06.374 [main] [o.h.p.c.AbstractCollectionPersister] DEBUG org.hibernate.persister.collection.AbstractCollectionPersister -  Row delete: delete from Auction_Lot where Auction_id=? and lots_id=?
12:23:06.374 [main] [o.h.p.c.AbstractCollectionPersister] DEBUG org.hibernate.persister.collection.AbstractCollectionPersister -  One-shot delete: delete from Auction_Lot where Auction_id=?
12:23:06.374 [main] [o.h.p.c.AbstractCollectionPersister] DEBUG org.hibernate.persister.collection.AbstractCollectionPersister - Static SQL for collection: org.solent.com504.project.model.party.dto.Party.users
12:23:06.374 [main] [o.h.p.c.AbstractCollectionPersister] DEBUG org.hibernate.persister.collection.AbstractCollectionPersister -  Row insert: insert into user_party (user_id, party_id) values (?, ?)
12:23:06.374 [main] [o.h.p.c.AbstractCollectionPersister] DEBUG org.hibernate.persister.collection.AbstractCollectionPersister -  Row update: update user_party set party_id=? where user_id=? and party_id=?
12:23:06.374 [main] [o.h.p.c.AbstractCollectionPersister] DEBUG org.hibernate.persister.collection.AbstractCollectionPersister -  Row delete: delete from user_party where user_id=? and party_id=?
12:23:06.374 [main] [o.h.p.c.AbstractCollectionPersister] DEBUG org.hibernate.persister.collection.AbstractCollectionPersister -  One-shot delete: delete from user_party where user_id=?
12:23:06.374 [main] [o.h.p.c.AbstractCollectionPersister] DEBUG org.hibernate.persister.collection.AbstractCollectionPersister - Static SQL for collection: org.solent.com504.project.model.lot.dto.Lot.bids
12:23:06.374 [main] [o.h.p.c.AbstractCollectionPersister] DEBUG org.hibernate.persister.collection.AbstractCollectionPersister -  Row insert: insert into Lot_Bid (Lot_id, bids_id) values (?, ?)
12:23:06.374 [main] [o.h.p.c.AbstractCollectionPersister] DEBUG org.hibernate.persister.collection.AbstractCollectionPersister -  Row update: update Lot_Bid set bids_id=? where Lot_id=? and bids_id=?
12:23:06.374 [main] [o.h.p.c.AbstractCollectionPersister] DEBUG org.hibernate.persister.collection.AbstractCollectionPersister -  Row delete: delete from Lot_Bid where Lot_id=? and bids_id=?
12:23:06.374 [main] [o.h.p.c.AbstractCollectionPersister] DEBUG org.hibernate.persister.collection.AbstractCollectionPersister -  One-shot delete: delete from Lot_Bid where Lot_id=?
12:23:06.374 [main] [o.h.p.c.AbstractCollectionPersister] DEBUG org.hibernate.persister.collection.AbstractCollectionPersister - Static SQL for collection: org.solent.com504.project.model.user.dto.User.parties
12:23:06.374 [main] [o.h.p.c.AbstractCollectionPersister] DEBUG org.hibernate.persister.collection.AbstractCollectionPersister -  Row insert: insert into user_party (party_id, user_id) values (?, ?)
12:23:06.374 [main] [o.h.p.c.AbstractCollectionPersister] DEBUG org.hibernate.persister.collection.AbstractCollectionPersister -  Row update: update user_party set user_id=? where party_id=? and user_id=?
12:23:06.374 [main] [o.h.p.c.AbstractCollectionPersister] DEBUG org.hibernate.persister.collection.AbstractCollectionPersister -  Row delete: delete from user_party where party_id=? and user_id=?
12:23:06.374 [main] [o.h.p.c.AbstractCollectionPersister] DEBUG org.hibernate.persister.collection.AbstractCollectionPersister -  One-shot delete: delete from user_party where party_id=?
12:23:06.389 [main] [o.h.p.e.AbstractEntityPersister] DEBUG org.hibernate.persister.entity.AbstractEntityPersister - Static SQL for entity: org.solent.com504.project.model.bid.dto.Bid
12:23:06.389 [main] [o.h.p.e.AbstractEntityPersister] DEBUG org.hibernate.persister.entity.AbstractEntityPersister -  Version select: select id from Bid where id =?
12:23:06.389 [main] [o.h.p.e.AbstractEntityPersister] DEBUG org.hibernate.persister.entity.AbstractEntityPersister -  Snapshot select: select bid_.id, bid_.lot_id as lot_id5_2_, bid_.partyId as partyId2_2_, bid_.timeStamp as timeStam3_2_, bid_.value as value4_2_ from Bid bid_ where bid_.id=?
12:23:06.389 [main] [o.h.p.e.AbstractEntityPersister] DEBUG org.hibernate.persister.entity.AbstractEntityPersister -  Insert 0: insert into Bid (lot_id, partyId, timeStamp, value, id) values (?, ?, ?, ?, ?)
12:23:06.389 [main] [o.h.p.e.AbstractEntityPersister] DEBUG org.hibernate.persister.entity.AbstractEntityPersister -  Update 0: update Bid set lot_id=?, partyId=?, timeStamp=?, value=? where id=?
12:23:06.389 [main] [o.h.p.e.AbstractEntityPersister] DEBUG org.hibernate.persister.entity.AbstractEntityPersister -  Delete 0: delete from Bid where id=?
12:23:06.420 [main] [o.h.l.p.b.i.s.QuerySpacesImpl] DEBUG org.hibernate.loader.plan.build.internal.spaces.QuerySpacesImpl - Adding QuerySpace : uid = &lt;gen:0&gt; -&gt; org.hibernate.loader.plan.build.internal.spaces.EntityQuerySpaceImpl@15dc339f]
12:23:06.436 [main] [o.h.p.w.s.MetamodelGraphWalker] DEBUG org.hibernate.persister.walking.spi.MetamodelGraphWalker - Visiting attribute path : lot
12:23:06.436 [main] [o.h.l.p.b.i.s.QuerySpacesImpl] DEBUG org.hibernate.loader.plan.build.internal.spaces.QuerySpacesImpl - Adding QuerySpace : uid = &lt;gen:1&gt; -&gt; org.hibernate.loader.plan.build.internal.spaces.EntityQuerySpaceImpl@44550792]
12:23:06.436 [main] [o.h.p.w.s.MetamodelGraphWalker] DEBUG org.hibernate.persister.walking.spi.MetamodelGraphWalker - Visiting attribute path : lot.bids
12:23:06.436 [main] [o.h.l.p.b.i.s.QuerySpacesImpl] DEBUG org.hibernate.loader.plan.build.internal.spaces.QuerySpacesImpl - Adding QuerySpace : uid = &lt;gen:2&gt; -&gt; org.hibernate.loader.plan.build.internal.spaces.CollectionQuerySpaceImpl@1317b708]
12:23:06.436 [main] [o.h.l.p.b.i.s.QuerySpacesImpl] DEBUG org.hibernate.loader.plan.build.internal.spaces.QuerySpacesImpl - Adding QuerySpace : uid = &lt;gen:3&gt; -&gt; org.hibernate.loader.plan.build.internal.spaces.EntityQuerySpaceImpl@4743a322]
12:23:06.436 [main] [o.h.p.w.s.MetamodelGraphWalker] DEBUG org.hibernate.persister.walking.spi.MetamodelGraphWalker - Visiting attribute path : lot.duration
12:23:06.436 [main] [o.h.p.w.s.MetamodelGraphWalker] DEBUG org.hibernate.persister.walking.spi.MetamodelGraphWalker - Visiting attribute path : lot.grade
12:23:06.452 [main] [o.h.p.w.s.MetamodelGraphWalker] DEBUG org.hibernate.persister.walking.spi.MetamodelGraphWalker - Visiting attribute path : lot.highestBidPrice
12:23:06.452 [main] [o.h.p.w.s.MetamodelGraphWalker] DEBUG org.hibernate.persister.walking.spi.MetamodelGraphWalker - Visiting attribute path : lot.life_days
12:23:06.452 [main] [o.h.p.w.s.MetamodelGraphWalker] DEBUG org.hibernate.persister.walking.spi.MetamodelGraphWalker - Visiting attribute path : lot.pickdate
12:23:06.452 [main] [o.h.p.w.s.MetamodelGraphWalker] DEBUG org.hibernate.persister.walking.spi.MetamodelGraphWalker - Visiting attribute path : lot.quantity
12:23:06.452 [main] [o.h.p.w.s.MetamodelGraphWalker] DEBUG org.hibernate.persister.walking.spi.MetamodelGraphWalker - Visiting attribute path : lot.reservedPrice
12:23:06.452 [main] [o.h.p.w.s.MetamodelGraphWalker] DEBUG org.hibernate.persister.walking.spi.MetamodelGraphWalker - Visiting attribute path : partyId
12:23:06.452 [main] [o.h.p.w.s.MetamodelGraphWalker] DEBUG org.hibernate.persister.walking.spi.MetamodelGraphWalker - Visiting attribute path : timeStamp
12:23:06.452 [main] [o.h.p.w.s.MetamodelGraphWalker] DEBUG org.hibernate.persister.walking.spi.MetamodelGraphWalker - Visiting attribute path : value
12:23:06.452 [main] [o.h.l.p.b.i.FetchStyleLoadPlanBuildingAssociationVisitationStrategy] DEBUG org.hibernate.loader.plan.build.internal.FetchStyleLoadPlanBuildingAssociationVisitationStrategy - Building LoadPlan...
12:23:06.467 [main] [o.h.l.p.e.i.LoadQueryJoinAndFetchProcessor] DEBUG org.hibernate.loader.plan.exec.internal.LoadQueryJoinAndFetchProcessor - processing queryspace &lt;gen:0&gt;
12:23:06.483 [main] [o.h.l.p.b.s.LoadPlanTreePrinter] DEBUG org.hibernate.loader.plan.build.spi.LoadPlanTreePrinter - LoadPlan(entity=org.solent.com504.project.model.bid.dto.Bid)
    - Returns
       - EntityReturnImpl(entity=org.solent.com504.project.model.bid.dto.Bid, querySpaceUid=&lt;gen:0&gt;, path=org.solent.com504.project.model.bid.dto.Bid)
          - EntityAttributeFetchImpl(entity=org.solent.com504.project.model.lot.dto.Lot, querySpaceUid=&lt;gen:1&gt;, path=org.solent.com504.project.model.bid.dto.Bid.lot)
             - CollectionAttributeFetchImpl(collection=org.solent.com504.project.model.lot.dto.Lot.bids, querySpaceUid=&lt;gen:2&gt;, path=org.solent.com504.project.model.bid.dto.Bid.lot.bids)
                - (collection element) CollectionFetchableElementEntityGraph(entity=org.solent.com504.project.model.bid.dto.Bid, querySpaceUid=&lt;gen:3&gt;, path=org.solent.com504.project.model.bid.dto.Bid.lot.bids.&lt;elements&gt;)
    - QuerySpaces
       - EntityQuerySpaceImpl(uid=&lt;gen:0&gt;, entity=org.solent.com504.project.model.bid.dto.Bid)
          - SQL table alias mapping - bid0_
          - alias suffix - 0_
          - suffixed key columns - {id1_2_0_}
          - JOIN (JoinDefinedByMetadata(lot)) : &lt;gen:0&gt; -&gt; &lt;gen:1&gt;
             - EntityQuerySpaceImpl(uid=&lt;gen:1&gt;, entity=org.solent.com504.project.model.lot.dto.Lot)
                - SQL table alias mapping - lot1_
                - alias suffix - 1_
                - suffixed key columns - {id1_3_1_}

12:23:06.499 [main] [o.h.l.e.p.EntityLoader] DEBUG org.hibernate.loader.entity.plan.EntityLoader - Static select for entity org.solent.com504.project.model.bid.dto.Bid [NONE]: select bid0_.id as id1_2_0_, bid0_.lot_id as lot_id5_2_0_, bid0_.partyId as partyId2_2_0_, bid0_.timeStamp as timeStam3_2_0_, bid0_.value as value4_2_0_, lot1_.id as id1_3_1_, lot1_.duration as duration2_3_1_, lot1_.grade as grade3_3_1_, lot1_.highestBidPrice as highestB4_3_1_, lot1_.life_days as life_day5_3_1_, lot1_.pickdate as pickdate6_3_1_, lot1_.quantity as quantity7_3_1_, lot1_.reservedPrice as reserved8_3_1_ from Bid bid0_ left outer join Lot lot1_ on bid0_.lot_id=lot1_.id where bid0_.id=?
12:23:06.499 [main] [o.h.l.p.b.i.s.QuerySpacesImpl] DEBUG org.hibernate.loader.plan.build.internal.spaces.QuerySpacesImpl - Adding QuerySpace : uid = &lt;gen:0&gt; -&gt; org.hibernate.loader.plan.build.internal.spaces.EntityQuerySpaceImpl@3e47a03]
12:23:06.499 [main] [o.h.p.w.s.MetamodelGraphWalker] DEBUG org.hibernate.persister.walking.spi.MetamodelGraphWalker - Visiting attribute path : lot
12:23:06.499 [main] [o.h.l.p.b.i.s.QuerySpacesImpl] DEBUG org.hibernate.loader.plan.build.internal.spaces.QuerySpacesImpl - Adding QuerySpace : uid = &lt;gen:1&gt; -&gt; org.hibernate.loader.plan.build.internal.spaces.EntityQuerySpaceImpl@8deb645]
12:23:06.499 [main] [o.h.p.w.s.MetamodelGraphWalker] DEBUG org.hibernate.persister.walking.spi.MetamodelGraphWalker - Visiting attribute path : lot.bids
12:23:06.499 [main] [o.h.l.p.b.i.s.QuerySpacesImpl] DEBUG org.hibernate.loader.plan.build.internal.spaces.QuerySpacesImpl - Adding QuerySpace : uid = &lt;gen:2&gt; -&gt; org.hibernate.loader.plan.build.internal.spaces.CollectionQuerySpaceImpl@5d425813]
12:23:06.499 [main] [o.h.l.p.b.i.s.QuerySpacesImpl] DEBUG org.hibernate.loader.plan.build.internal.spaces.QuerySpacesImpl - Adding QuerySpace : uid = &lt;gen:3&gt; -&gt; org.hibernate.loader.plan.build.internal.spaces.EntityQuerySpaceImpl@1702830d]
12:23:06.499 [main] [o.h.p.w.s.MetamodelGraphWalker] DEBUG org.hibernate.persister.walking.spi.MetamodelGraphWalker - Visiting attribute path : lot.duration
12:23:06.499 [main] [o.h.p.w.s.MetamodelGraphWalker] DEBUG org.hibernate.persister.walking.spi.MetamodelGraphWalker - Visiting attribute path : lot.grade
12:23:06.499 [main] [o.h.p.w.s.MetamodelGraphWalker] DEBUG org.hibernate.persister.walking.spi.MetamodelGraphWalker - Visiting attribute path : lot.highestBidPrice
12:23:06.499 [main] [o.h.p.w.s.MetamodelGraphWalker] DEBUG org.hibernate.persister.walking.spi.MetamodelGraphWalker - Visiting attribute path : lot.life_days
12:23:06.499 [main] [o.h.p.w.s.MetamodelGraphWalker] DEBUG org.hibernate.persister.walking.spi.MetamodelGraphWalker - Visiting attribute path : lot.pickdate
12:23:06.499 [main] [o.h.p.w.s.MetamodelGraphWalker] DEBUG org.hibernate.persister.walking.spi.MetamodelGraphWalker - Visiting attribute path : lot.quantity
12:23:06.499 [main] [o.h.p.w.s.MetamodelGraphWalker] DEBUG org.hibernate.persister.walking.spi.MetamodelGraphWalker - Visiting attribute path : lot.reservedPrice
12:23:06.499 [main] [o.h.p.w.s.MetamodelGraphWalker] DEBUG org.hibernate.persister.walking.spi.MetamodelGraphWalker - Visiting attribute path : partyId
12:23:06.499 [main] [o.h.p.w.s.MetamodelGraphWalker] DEBUG org.hibernate.persister.walking.spi.MetamodelGraphWalker - Visiting attribute path : timeStamp
12:23:06.499 [main] [o.h.p.w.s.MetamodelGraphWalker] DEBUG org.hibernate.persister.walking.spi.MetamodelGraphWalker - Visiting attribute path : value
12:23:06.499 [main] [o.h.l.p.b.i.FetchStyleLoadPlanBuildingAssociationVisitationStrategy] DEBUG org.hibernate.loader.plan.build.internal.FetchStyleLoadPlanBuildingAssociationVisitationStrategy - Building LoadPlan...
12:23:06.499 [main] [o.h.l.p.e.i.LoadQueryJoinAndFetchProcessor] DEBUG org.hibernate.loader.plan.exec.internal.LoadQueryJoinAndFetchProcessor - processing queryspace &lt;gen:0&gt;
12:23:06.499 [main] [o.h.l.p.b.s.LoadPlanTreePrinter] DEBUG org.hibernate.loader.plan.build.spi.LoadPlanTreePrinter - LoadPlan(entity=org.solent.com504.project.model.bid.dto.Bid)
    - Returns
       - EntityReturnImpl(entity=org.solent.com504.project.model.bid.dto.Bid, querySpaceUid=&lt;gen:0&gt;, path=org.solent.com504.project.model.bid.dto.Bid)
          - EntityAttributeFetchImpl(entity=org.solent.com504.project.model.lot.dto.Lot, querySpaceUid=&lt;gen:1&gt;, path=org.solent.com504.project.model.bid.dto.Bid.lot)
             - CollectionAttributeFetchImpl(collection=org.solent.com504.project.model.lot.dto.Lot.bids, querySpaceUid=&lt;gen:2&gt;, path=org.solent.com504.project.model.bid.dto.Bid.lot.bids)
                - (collection element) CollectionFetchableElementEntityGraph(entity=org.solent.com504.project.model.bid.dto.Bid, querySpaceUid=&lt;gen:3&gt;, path=org.solent.com504.project.model.bid.dto.Bid.lot.bids.&lt;elements&gt;)
    - QuerySpaces
       - EntityQuerySpaceImpl(uid=&lt;gen:0&gt;, entity=org.solent.com504.project.model.bid.dto.Bid)
          - SQL table alias mapping - bid0_
          - alias suffix - 0_
          - suffixed key columns - {id1_2_0_}
          - JOIN (JoinDefinedByMetadata(lot)) : &lt;gen:0&gt; -&gt; &lt;gen:1&gt;
             - EntityQuerySpaceImpl(uid=&lt;gen:1&gt;, entity=org.solent.com504.project.model.lot.dto.Lot)
                - SQL table alias mapping - lot1_
                - alias suffix - 1_
                - suffixed key columns - {id1_3_1_}

12:23:06.499 [main] [o.h.l.e.p.EntityLoader] DEBUG org.hibernate.loader.entity.plan.EntityLoader - Static select for entity org.solent.com504.project.model.bid.dto.Bid [READ]: select bid0_.id as id1_2_0_, bid0_.lot_id as lot_id5_2_0_, bid0_.partyId as partyId2_2_0_, bid0_.timeStamp as timeStam3_2_0_, bid0_.value as value4_2_0_, lot1_.id as id1_3_1_, lot1_.duration as duration2_3_1_, lot1_.grade as grade3_3_1_, lot1_.highestBidPrice as highestB4_3_1_, lot1_.life_days as life_day5_3_1_, lot1_.pickdate as pickdate6_3_1_, lot1_.quantity as quantity7_3_1_, lot1_.reservedPrice as reserved8_3_1_ from Bid bid0_ left outer join Lot lot1_ on bid0_.lot_id=lot1_.id where bid0_.id=?
12:23:06.499 [main] [o.h.l.p.b.i.s.QuerySpacesImpl] DEBUG org.hibernate.loader.plan.build.internal.spaces.QuerySpacesImpl - Adding QuerySpace : uid = &lt;gen:0&gt; -&gt; org.hibernate.loader.plan.build.internal.spaces.EntityQuerySpaceImpl@6a937336]
12:23:06.499 [main] [o.h.p.w.s.MetamodelGraphWalker] DEBUG org.hibernate.persister.walking.spi.MetamodelGraphWalker - Visiting attribute path : lot
12:23:06.499 [main] [o.h.l.p.b.i.s.QuerySpacesImpl] DEBUG org.hibernate.loader.plan.build.internal.spaces.QuerySpacesImpl - Adding QuerySpace : uid = &lt;gen:1&gt; -&gt; org.hibernate.loader.plan.build.internal.spaces.EntityQuerySpaceImpl@684b31de]
12:23:06.499 [main] [o.h.p.w.s.MetamodelGraphWalker] DEBUG org.hibernate.persister.walking.spi.MetamodelGraphWalker - Visiting attribute path : partyId
12:23:06.499 [main] [o.h.p.w.s.MetamodelGraphWalker] DEBUG org.hibernate.persister.walking.spi.MetamodelGraphWalker - Visiting attribute path : timeStamp
12:23:06.499 [main] [o.h.p.w.s.MetamodelGraphWalker] DEBUG org.hibernate.persister.walking.spi.MetamodelGraphWalker - Visiting attribute path : value
12:23:06.499 [main] [o.h.l.p.b.i.FetchStyleLoadPlanBuildingAssociationVisitationStrategy] DEBUG org.hibernate.loader.plan.build.internal.FetchStyleLoadPlanBuildingAssociationVisitationStrategy - Building LoadPlan...
12:23:06.499 [main] [o.h.l.p.e.i.LoadQueryJoinAndFetchProcessor] DEBUG org.hibernate.loader.plan.exec.internal.LoadQueryJoinAndFetchProcessor - processing queryspace &lt;gen:0&gt;
12:23:06.499 [main] [o.h.l.p.b.s.LoadPlanTreePrinter] DEBUG org.hibernate.loader.plan.build.spi.LoadPlanTreePrinter - LoadPlan(entity=org.solent.com504.project.model.bid.dto.Bid)
    - Returns
       - EntityReturnImpl(entity=org.solent.com504.project.model.bid.dto.Bid, querySpaceUid=&lt;gen:0&gt;, path=org.solent.com504.project.model.bid.dto.Bid)
          - EntityAttributeFetchImpl(entity=org.solent.com504.project.model.lot.dto.Lot, querySpaceUid=&lt;gen:1&gt;, path=org.solent.com504.project.model.bid.dto.Bid.lot)
    - QuerySpaces
       - EntityQuerySpaceImpl(uid=&lt;gen:0&gt;, entity=org.solent.com504.project.model.bid.dto.Bid)
          - SQL table alias mapping - bid0_
          - alias suffix - 0_
          - suffixed key columns - {id1_2_0_}

12:23:06.499 [main] [o.h.l.e.p.EntityLoader] DEBUG org.hibernate.loader.entity.plan.EntityLoader - Static select for entity org.solent.com504.project.model.bid.dto.Bid [UPGRADE]: select bid0_.id as id1_2_0_, bid0_.lot_id as lot_id5_2_0_, bid0_.partyId as partyId2_2_0_, bid0_.timeStamp as timeStam3_2_0_, bid0_.value as value4_2_0_ from Bid bid0_ where bid0_.id=? for update
12:23:06.499 [main] [o.h.l.p.b.i.s.QuerySpacesImpl] DEBUG org.hibernate.loader.plan.build.internal.spaces.QuerySpacesImpl - Adding QuerySpace : uid = &lt;gen:0&gt; -&gt; org.hibernate.loader.plan.build.internal.spaces.EntityQuerySpaceImpl@6b52dd31]
12:23:06.499 [main] [o.h.p.w.s.MetamodelGraphWalker] DEBUG org.hibernate.persister.walking.spi.MetamodelGraphWalker - Visiting attribute path : lot
12:23:06.499 [main] [o.h.l.p.b.i.s.QuerySpacesImpl] DEBUG org.hibernate.loader.plan.build.internal.spaces.QuerySpacesImpl - Adding QuerySpace : uid = &lt;gen:1&gt; -&gt; org.hibernate.loader.plan.build.internal.spaces.EntityQuerySpaceImpl@e042c99]
12:23:06.499 [main] [o.h.p.w.s.MetamodelGraphWalker] DEBUG org.hibernate.persister.walking.spi.MetamodelGraphWalker - Visiting attribute path : partyId
12:23:06.499 [main] [o.h.p.w.s.MetamodelGraphWalker] DEBUG org.hibernate.persister.walking.spi.MetamodelGraphWalker - Visiting attribute path : timeStamp
12:23:06.499 [main] [o.h.p.w.s.MetamodelGraphWalker] DEBUG org.hibernate.persister.walking.spi.MetamodelGraphWalker - Visiting attribute path : value
12:23:06.499 [main] [o.h.l.p.b.i.FetchStyleLoadPlanBuildingAssociationVisitationStrategy] DEBUG org.hibernate.loader.plan.build.internal.FetchStyleLoadPlanBuildingAssociationVisitationStrategy - Building LoadPlan...
12:23:06.499 [main] [o.h.l.p.e.i.LoadQueryJoinAndFetchProcessor] DEBUG org.hibernate.loader.plan.exec.internal.LoadQueryJoinAndFetchProcessor - processing queryspace &lt;gen:0&gt;
12:23:06.499 [main] [o.h.l.p.b.s.LoadPlanTreePrinter] DEBUG org.hibernate.loader.plan.build.spi.LoadPlanTreePrinter - LoadPlan(entity=org.solent.com504.project.model.bid.dto.Bid)
    - Returns
       - EntityReturnImpl(entity=org.solent.com504.project.model.bid.dto.Bid, querySpaceUid=&lt;gen:0&gt;, path=org.solent.com504.project.model.bid.dto.Bid)
          - EntityAttributeFetchImpl(entity=org.solent.com504.project.model.lot.dto.Lot, querySpaceUid=&lt;gen:1&gt;, path=org.solent.com504.project.model.bid.dto.Bid.lot)
    - QuerySpaces
       - EntityQuerySpaceImpl(uid=&lt;gen:0&gt;, entity=org.solent.com504.project.model.bid.dto.Bid)
          - SQL table alias mapping - bid0_
          - alias suffix - 0_
          - suffixed key columns - {id1_2_0_}

12:23:06.499 [main] [o.h.l.e.p.EntityLoader] DEBUG org.hibernate.loader.entity.plan.EntityLoader - Static select for entity org.solent.com504.project.model.bid.dto.Bid [UPGRADE_NOWAIT]: select bid0_.id as id1_2_0_, bid0_.lot_id as lot_id5_2_0_, bid0_.partyId as partyId2_2_0_, bid0_.timeStamp as timeStam3_2_0_, bid0_.value as value4_2_0_ from Bid bid0_ where bid0_.id=? for update
12:23:06.499 [main] [o.h.l.p.b.i.s.QuerySpacesImpl] DEBUG org.hibernate.loader.plan.build.internal.spaces.QuerySpacesImpl - Adding QuerySpace : uid = &lt;gen:0&gt; -&gt; org.hibernate.loader.plan.build.internal.spaces.EntityQuerySpaceImpl@3f702946]
12:23:06.499 [main] [o.h.p.w.s.MetamodelGraphWalker] DEBUG org.hibernate.persister.walking.spi.MetamodelGraphWalker - Visiting attribute path : lot
12:23:06.499 [main] [o.h.l.p.b.i.s.QuerySpacesImpl] DEBUG org.hibernate.loader.plan.build.internal.spaces.QuerySpacesImpl - Adding QuerySpace : uid = &lt;gen:1&gt; -&gt; org.hibernate.loader.plan.build.internal.spaces.EntityQuerySpaceImpl@1000d54d]
12:23:06.499 [main] [o.h.p.w.s.MetamodelGraphWalker] DEBUG org.hibernate.persister.walking.spi.MetamodelGraphWalker - Visiting attribute path : partyId
12:23:06.499 [main] [o.h.p.w.s.MetamodelGraphWalker] DEBUG org.hibernate.persister.walking.spi.MetamodelGraphWalker - Visiting attribute path : timeStamp
12:23:06.499 [main] [o.h.p.w.s.MetamodelGraphWalker] DEBUG org.hibernate.persister.walking.spi.MetamodelGraphWalker - Visiting attribute path : value
12:23:06.499 [main] [o.h.l.p.b.i.FetchStyleLoadPlanBuildingAssociationVisitationStrategy] DEBUG org.hibernate.loader.plan.build.internal.FetchStyleLoadPlanBuildingAssociationVisitationStrategy - Building LoadPlan...
12:23:06.499 [main] [o.h.l.p.e.i.LoadQueryJoinAndFetchProcessor] DEBUG org.hibernate.loader.plan.exec.internal.LoadQueryJoinAndFetchProcessor - processing queryspace &lt;gen:0&gt;
12:23:06.499 [main] [o.h.l.p.b.s.LoadPlanTreePrinter] DEBUG org.hibernate.loader.plan.build.spi.LoadPlanTreePrinter - LoadPlan(entity=org.solent.com504.project.model.bid.dto.Bid)
    - Returns
       - EntityReturnImpl(entity=org.solent.com504.project.model.bid.dto.Bid, querySpaceUid=&lt;gen:0&gt;, path=org.solent.com504.project.model.bid.dto.Bid)
          - EntityAttributeFetchImpl(entity=org.solent.com504.project.model.lot.dto.Lot, querySpaceUid=&lt;gen:1&gt;, path=org.solent.com504.project.model.bid.dto.Bid.lot)
    - QuerySpaces
       - EntityQuerySpaceImpl(uid=&lt;gen:0&gt;, entity=org.solent.com504.project.model.bid.dto.Bid)
          - SQL table alias mapping - bid0_
          - alias suffix - 0_
          - suffixed key columns - {id1_2_0_}

12:23:06.499 [main] [o.h.l.e.p.EntityLoader] DEBUG org.hibernate.loader.entity.plan.EntityLoader - Static select for entity org.solent.com504.project.model.bid.dto.Bid [UPGRADE_SKIPLOCKED]: select bid0_.id as id1_2_0_, bid0_.lot_id as lot_id5_2_0_, bid0_.partyId as partyId2_2_0_, bid0_.timeStamp as timeStam3_2_0_, bid0_.value as value4_2_0_ from Bid bid0_ where bid0_.id=? for update
12:23:06.499 [main] [o.h.l.p.b.i.s.QuerySpacesImpl] DEBUG org.hibernate.loader.plan.build.internal.spaces.QuerySpacesImpl - Adding QuerySpace : uid = &lt;gen:0&gt; -&gt; org.hibernate.loader.plan.build.internal.spaces.EntityQuerySpaceImpl@3f4f5330]
12:23:06.499 [main] [o.h.p.w.s.MetamodelGraphWalker] DEBUG org.hibernate.persister.walking.spi.MetamodelGraphWalker - Visiting attribute path : lot
12:23:06.499 [main] [o.h.l.p.b.i.s.QuerySpacesImpl] DEBUG org.hibernate.loader.plan.build.internal.spaces.QuerySpacesImpl - Adding QuerySpace : uid = &lt;gen:1&gt; -&gt; org.hibernate.loader.plan.build.internal.spaces.EntityQuerySpaceImpl@750ff7d3]
12:23:06.499 [main] [o.h.p.w.s.MetamodelGraphWalker] DEBUG org.hibernate.persister.walking.spi.MetamodelGraphWalker - Visiting attribute path : partyId
12:23:06.499 [main] [o.h.p.w.s.MetamodelGraphWalker] DEBUG org.hibernate.persister.walking.spi.MetamodelGraphWalker - Visiting attribute path : timeStamp
12:23:06.499 [main] [o.h.p.w.s.MetamodelGraphWalker] DEBUG org.hibernate.persister.walking.spi.MetamodelGraphWalker - Visiting attribute path : value
12:23:06.499 [main] [o.h.l.p.b.i.FetchStyleLoadPlanBuildingAssociationVisitationStrategy] DEBUG org.hibernate.loader.plan.build.internal.FetchStyleLoadPlanBuildingAssociationVisitationStrategy - Building LoadPlan...
12:23:06.499 [main] [o.h.l.p.e.i.LoadQueryJoinAndFetchProcessor] DEBUG org.hibernate.loader.plan.exec.internal.LoadQueryJoinAndFetchProcessor - processing queryspace &lt;gen:0&gt;
12:23:06.499 [main] [o.h.l.p.b.s.LoadPlanTreePrinter] DEBUG org.hibernate.loader.plan.build.spi.LoadPlanTreePrinter - LoadPlan(entity=org.solent.com504.project.model.bid.dto.Bid)
    - Returns
       - EntityReturnImpl(entity=org.solent.com504.project.model.bid.dto.Bid, querySpaceUid=&lt;gen:0&gt;, path=org.solent.com504.project.model.bid.dto.Bid)
          - EntityAttributeFetchImpl(entity=org.solent.com504.project.model.lot.dto.Lot, querySpaceUid=&lt;gen:1&gt;, path=org.solent.com504.project.model.bid.dto.Bid.lot)
    - QuerySpaces
       - EntityQuerySpaceImpl(uid=&lt;gen:0&gt;, entity=org.solent.com504.project.model.bid.dto.Bid)
          - SQL table alias mapping - bid0_
          - alias suffix - 0_
          - suffixed key columns - {id1_2_0_}

12:23:06.499 [main] [o.h.l.e.p.EntityLoader] DEBUG org.hibernate.loader.entity.plan.EntityLoader - Static select for entity org.solent.com504.project.model.bid.dto.Bid [FORCE]: select bid0_.id as id1_2_0_, bid0_.lot_id as lot_id5_2_0_, bid0_.partyId as partyId2_2_0_, bid0_.timeStamp as timeStam3_2_0_, bid0_.value as value4_2_0_ from Bid bid0_ where bid0_.id=? for update
12:23:06.499 [main] [o.h.l.p.b.i.s.QuerySpacesImpl] DEBUG org.hibernate.loader.plan.build.internal.spaces.QuerySpacesImpl - Adding QuerySpace : uid = &lt;gen:0&gt; -&gt; org.hibernate.loader.plan.build.internal.spaces.EntityQuerySpaceImpl@63b3ee82]
12:23:06.499 [main] [o.h.p.w.s.MetamodelGraphWalker] DEBUG org.hibernate.persister.walking.spi.MetamodelGraphWalker - Visiting attribute path : lot
12:23:06.514 [main] [o.h.l.p.b.i.s.QuerySpacesImpl] DEBUG org.hibernate.loader.plan.build.internal.spaces.QuerySpacesImpl - Adding QuerySpace : uid = &lt;gen:1&gt; -&gt; org.hibernate.loader.plan.build.internal.spaces.EntityQuerySpaceImpl@7c8d5312]
12:23:06.514 [main] [o.h.p.w.s.MetamodelGraphWalker] DEBUG org.hibernate.persister.walking.spi.MetamodelGraphWalker - Visiting attribute path : partyId
12:23:06.514 [main] [o.h.p.w.s.MetamodelGraphWalker] DEBUG org.hibernate.persister.walking.spi.MetamodelGraphWalker - Visiting attribute path : timeStamp
12:23:06.514 [main] [o.h.p.w.s.MetamodelGraphWalker] DEBUG org.hibernate.persister.walking.spi.MetamodelGraphWalker - Visiting attribute path : value
12:23:06.514 [main] [o.h.l.p.b.i.FetchStyleLoadPlanBuildingAssociationVisitationStrategy] DEBUG org.hibernate.loader.plan.build.internal.FetchStyleLoadPlanBuildingAssociationVisitationStrategy - Building LoadPlan...
12:23:06.514 [main] [o.h.l.p.e.i.LoadQueryJoinAndFetchProcessor] DEBUG org.hibernate.loader.plan.exec.internal.LoadQueryJoinAndFetchProcessor - processing queryspace &lt;gen:0&gt;
12:23:06.514 [main] [o.h.l.p.b.s.LoadPlanTreePrinter] DEBUG org.hibernate.loader.plan.build.spi.LoadPlanTreePrinter - LoadPlan(entity=org.solent.com504.project.model.bid.dto.Bid)
    - Returns
       - EntityReturnImpl(entity=org.solent.com504.project.model.bid.dto.Bid, querySpaceUid=&lt;gen:0&gt;, path=org.solent.com504.project.model.bid.dto.Bid)
          - EntityAttributeFetchImpl(entity=org.solent.com504.project.model.lot.dto.Lot, querySpaceUid=&lt;gen:1&gt;, path=org.solent.com504.project.model.bid.dto.Bid.lot)
    - QuerySpaces
       - EntityQuerySpaceImpl(uid=&lt;gen:0&gt;, entity=org.solent.com504.project.model.bid.dto.Bid)
          - SQL table alias mapping - bid0_
          - alias suffix - 0_
          - suffixed key columns - {id1_2_0_}

12:23:06.514 [main] [o.h.l.e.p.EntityLoader] DEBUG org.hibernate.loader.entity.plan.EntityLoader - Static select for entity org.solent.com504.project.model.bid.dto.Bid [PESSIMISTIC_READ]: select bid0_.id as id1_2_0_, bid0_.lot_id as lot_id5_2_0_, bid0_.partyId as partyId2_2_0_, bid0_.timeStamp as timeStam3_2_0_, bid0_.value as value4_2_0_ from Bid bid0_ where bid0_.id=? for update
12:23:06.514 [main] [o.h.l.p.b.i.s.QuerySpacesImpl] DEBUG org.hibernate.loader.plan.build.internal.spaces.QuerySpacesImpl - Adding QuerySpace : uid = &lt;gen:0&gt; -&gt; org.hibernate.loader.plan.build.internal.spaces.EntityQuerySpaceImpl@7636823f]
12:23:06.514 [main] [o.h.p.w.s.MetamodelGraphWalker] DEBUG org.hibernate.persister.walking.spi.MetamodelGraphWalker - Visiting attribute path : lot
12:23:06.514 [main] [o.h.l.p.b.i.s.QuerySpacesImpl] DEBUG org.hibernate.loader.plan.build.internal.spaces.QuerySpacesImpl - Adding QuerySpace : uid = &lt;gen:1&gt; -&gt; org.hibernate.loader.plan.build.internal.spaces.EntityQuerySpaceImpl@2b34e38c]
12:23:06.514 [main] [o.h.p.w.s.MetamodelGraphWalker] DEBUG org.hibernate.persister.walking.spi.MetamodelGraphWalker - Visiting attribute path : partyId
12:23:06.514 [main] [o.h.p.w.s.MetamodelGraphWalker] DEBUG org.hibernate.persister.walking.spi.MetamodelGraphWalker - Visiting attribute path : timeStamp
12:23:06.514 [main] [o.h.p.w.s.MetamodelGraphWalker] DEBUG org.hibernate.persister.walking.spi.MetamodelGraphWalker - Visiting attribute path : value
12:23:06.514 [main] [o.h.l.p.b.i.FetchStyleLoadPlanBuildingAssociationVisitationStrategy] DEBUG org.hibernate.loader.plan.build.internal.FetchStyleLoadPlanBuildingAssociationVisitationStrategy - Building LoadPlan...
12:23:06.514 [main] [o.h.l.p.e.i.LoadQueryJoinAndFetchProcessor] DEBUG org.hibernate.loader.plan.exec.internal.LoadQueryJoinAndFetchProcessor - processing queryspace &lt;gen:0&gt;
12:23:06.514 [main] [o.h.l.p.b.s.LoadPlanTreePrinter] DEBUG org.hibernate.loader.plan.build.spi.LoadPlanTreePrinter - LoadPlan(entity=org.solent.com504.project.model.bid.dto.Bid)
    - Returns
       - EntityReturnImpl(entity=org.solent.com504.project.model.bid.dto.Bid, querySpaceUid=&lt;gen:0&gt;, path=org.solent.com504.project.model.bid.dto.Bid)
          - EntityAttributeFetchImpl(entity=org.solent.com504.project.model.lot.dto.Lot, querySpaceUid=&lt;gen:1&gt;, path=org.solent.com504.project.model.bid.dto.Bid.lot)
    - QuerySpaces
       - EntityQuerySpaceImpl(uid=&lt;gen:0&gt;, entity=org.solent.com504.project.model.bid.dto.Bid)
          - SQL table alias mapping - bid0_
          - alias suffix - 0_
          - suffixed key columns - {id1_2_0_}

12:23:06.514 [main] [o.h.l.e.p.EntityLoader] DEBUG org.hibernate.loader.entity.plan.EntityLoader - Static select for entity org.solent.com504.project.model.bid.dto.Bid [PESSIMISTIC_WRITE]: select bid0_.id as id1_2_0_, bid0_.lot_id as lot_id5_2_0_, bid0_.partyId as partyId2_2_0_, bid0_.timeStamp as timeStam3_2_0_, bid0_.value as value4_2_0_ from Bid bid0_ where bid0_.id=? for update
12:23:06.514 [main] [o.h.l.p.b.i.s.QuerySpacesImpl] DEBUG org.hibernate.loader.plan.build.internal.spaces.QuerySpacesImpl - Adding QuerySpace : uid = &lt;gen:0&gt; -&gt; org.hibernate.loader.plan.build.internal.spaces.EntityQuerySpaceImpl@3d37203b]
12:23:06.514 [main] [o.h.p.w.s.MetamodelGraphWalker] DEBUG org.hibernate.persister.walking.spi.MetamodelGraphWalker - Visiting attribute path : lot
12:23:06.514 [main] [o.h.l.p.b.i.s.QuerySpacesImpl] DEBUG org.hibernate.loader.plan.build.internal.spaces.QuerySpacesImpl - Adding QuerySpace : uid = &lt;gen:1&gt; -&gt; org.hibernate.loader.plan.build.internal.spaces.EntityQuerySpaceImpl@1894593a]
12:23:06.514 [main] [o.h.p.w.s.MetamodelGraphWalker] DEBUG org.hibernate.persister.walking.spi.MetamodelGraphWalker - Visiting attribute path : partyId
12:23:06.514 [main] [o.h.p.w.s.MetamodelGraphWalker] DEBUG org.hibernate.persister.walking.spi.MetamodelGraphWalker - Visiting attribute path : timeStamp
12:23:06.514 [main] [o.h.p.w.s.MetamodelGraphWalker] DEBUG org.hibernate.persister.walking.spi.MetamodelGraphWalker - Visiting attribute path : value
12:23:06.514 [main] [o.h.l.p.b.i.FetchStyleLoadPlanBuildingAssociationVisitationStrategy] DEBUG org.hibernate.loader.plan.build.internal.FetchStyleLoadPlanBuildingAssociationVisitationStrategy - Building LoadPlan...
12:23:06.514 [main] [o.h.l.p.e.i.LoadQueryJoinAndFetchProcessor] DEBUG org.hibernate.loader.plan.exec.internal.LoadQueryJoinAndFetchProcessor - processing queryspace &lt;gen:0&gt;
12:23:06.514 [main] [o.h.l.p.b.s.LoadPlanTreePrinter] DEBUG org.hibernate.loader.plan.build.spi.LoadPlanTreePrinter - LoadPlan(entity=org.solent.com504.project.model.bid.dto.Bid)
    - Returns
       - EntityReturnImpl(entity=org.solent.com504.project.model.bid.dto.Bid, querySpaceUid=&lt;gen:0&gt;, path=org.solent.com504.project.model.bid.dto.Bid)
          - EntityAttributeFetchImpl(entity=org.solent.com504.project.model.lot.dto.Lot, querySpaceUid=&lt;gen:1&gt;, path=org.solent.com504.project.model.bid.dto.Bid.lot)
    - QuerySpaces
       - EntityQuerySpaceImpl(uid=&lt;gen:0&gt;, entity=org.solent.com504.project.model.bid.dto.Bid)
          - SQL table alias mapping - bid0_
          - alias suffix - 0_
          - suffixed key columns - {id1_2_0_}

12:23:06.514 [main] [o.h.l.e.p.EntityLoader] DEBUG org.hibernate.loader.entity.plan.EntityLoader - Static select for entity org.solent.com504.project.model.bid.dto.Bid [PESSIMISTIC_FORCE_INCREMENT]: select bid0_.id as id1_2_0_, bid0_.lot_id as lot_id5_2_0_, bid0_.partyId as partyId2_2_0_, bid0_.timeStamp as timeStam3_2_0_, bid0_.value as value4_2_0_ from Bid bid0_ where bid0_.id=? for update
12:23:06.514 [main] [o.h.l.p.b.i.s.QuerySpacesImpl] DEBUG org.hibernate.loader.plan.build.internal.spaces.QuerySpacesImpl - Adding QuerySpace : uid = &lt;gen:0&gt; -&gt; org.hibernate.loader.plan.build.internal.spaces.EntityQuerySpaceImpl@14b0e127]
12:23:06.514 [main] [o.h.p.w.s.MetamodelGraphWalker] DEBUG org.hibernate.persister.walking.spi.MetamodelGraphWalker - Visiting attribute path : lot
12:23:06.514 [main] [o.h.l.p.b.i.s.QuerySpacesImpl] DEBUG org.hibernate.loader.plan.build.internal.spaces.QuerySpacesImpl - Adding QuerySpace : uid = &lt;gen:1&gt; -&gt; org.hibernate.loader.plan.build.internal.spaces.EntityQuerySpaceImpl@7cea0110]
12:23:06.514 [main] [o.h.p.w.s.MetamodelGraphWalker] DEBUG org.hibernate.persister.walking.spi.MetamodelGraphWalker - Visiting attribute path : partyId
12:23:06.514 [main] [o.h.p.w.s.MetamodelGraphWalker] DEBUG org.hibernate.persister.walking.spi.MetamodelGraphWalker - Visiting attribute path : timeStamp
12:23:06.514 [main] [o.h.p.w.s.MetamodelGraphWalker] DEBUG org.hibernate.persister.walking.spi.MetamodelGraphWalker - Visiting attribute path : value
12:23:06.514 [main] [o.h.l.p.b.i.FetchStyleLoadPlanBuildingAssociationVisitationStrategy] DEBUG org.hibernate.loader.plan.build.internal.FetchStyleLoadPlanBuildingAssociationVisitationStrategy - Building LoadPlan...
12:23:06.514 [main] [o.h.l.p.e.i.LoadQueryJoinAndFetchProcessor] DEBUG org.hibernate.loader.plan.exec.internal.LoadQueryJoinAndFetchProcessor - processing queryspace &lt;gen:0&gt;
12:23:06.514 [main] [o.h.l.p.b.s.LoadPlanTreePrinter] DEBUG org.hibernate.loader.plan.build.spi.LoadPlanTreePrinter - LoadPlan(entity=org.solent.com504.project.model.bid.dto.Bid)
    - Returns
       - EntityReturnImpl(entity=org.solent.com504.project.model.bid.dto.Bid, querySpaceUid=&lt;gen:0&gt;, path=org.solent.com504.project.model.bid.dto.Bid)
          - EntityAttributeFetchImpl(entity=org.solent.com504.project.model.lot.dto.Lot, querySpaceUid=&lt;gen:1&gt;, path=org.solent.com504.project.model.bid.dto.Bid.lot)
    - QuerySpaces
       - EntityQuerySpaceImpl(uid=&lt;gen:0&gt;, entity=org.solent.com504.project.model.bid.dto.Bid)
          - SQL table alias mapping - bid0_
          - alias suffix - 0_
          - suffixed key columns - {id1_2_0_}

12:23:06.514 [main] [o.h.l.e.p.EntityLoader] DEBUG org.hibernate.loader.entity.plan.EntityLoader - Static select for entity org.solent.com504.project.model.bid.dto.Bid [OPTIMISTIC]: select bid0_.id as id1_2_0_, bid0_.lot_id as lot_id5_2_0_, bid0_.partyId as partyId2_2_0_, bid0_.timeStamp as timeStam3_2_0_, bid0_.value as value4_2_0_ from Bid bid0_ where bid0_.id=?
12:23:06.514 [main] [o.h.l.p.b.i.s.QuerySpacesImpl] DEBUG org.hibernate.loader.plan.build.internal.spaces.QuerySpacesImpl - Adding QuerySpace : uid = &lt;gen:0&gt; -&gt; org.hibernate.loader.plan.build.internal.spaces.EntityQuerySpaceImpl@468dda3e]
12:23:06.514 [main] [o.h.p.w.s.MetamodelGraphWalker] DEBUG org.hibernate.persister.walking.spi.MetamodelGraphWalker - Visiting attribute path : lot
12:23:06.514 [main] [o.h.l.p.b.i.s.QuerySpacesImpl] DEBUG org.hibernate.loader.plan.build.internal.spaces.QuerySpacesImpl - Adding QuerySpace : uid = &lt;gen:1&gt; -&gt; org.hibernate.loader.plan.build.internal.spaces.EntityQuerySpaceImpl@54cf7c6a]
12:23:06.514 [main] [o.h.p.w.s.MetamodelGraphWalker] DEBUG org.hibernate.persister.walking.spi.MetamodelGraphWalker - Visiting attribute path : partyId
12:23:06.514 [main] [o.h.p.w.s.MetamodelGraphWalker] DEBUG org.hibernate.persister.walking.spi.MetamodelGraphWalker - Visiting attribute path : timeStamp
12:23:06.514 [main] [o.h.p.w.s.MetamodelGraphWalker] DEBUG org.hibernate.persister.walking.spi.MetamodelGraphWalker - Visiting attribute path : value
12:23:06.514 [main] [o.h.l.p.b.i.FetchStyleLoadPlanBuildingAssociationVisitationStrategy] DEBUG org.hibernate.loader.plan.build.internal.FetchStyleLoadPlanBuildingAssociationVisitationStrategy - Building LoadPlan...
12:23:06.514 [main] [o.h.l.p.e.i.LoadQueryJoinAndFetchProcessor] DEBUG org.hibernate.loader.plan.exec.internal.LoadQueryJoinAndFetchProcessor - processing queryspace &lt;gen:0&gt;
12:23:06.530 [main] [o.h.l.p.b.s.LoadPlanTreePrinter] DEBUG org.hibernate.loader.plan.build.spi.LoadPlanTreePrinter - LoadPlan(entity=org.solent.com504.project.model.bid.dto.Bid)
    - Returns
       - EntityReturnImpl(entity=org.solent.com504.project.model.bid.dto.Bid, querySpaceUid=&lt;gen:0&gt;, path=org.solent.com504.project.model.bid.dto.Bid)
          - EntityAttributeFetchImpl(entity=org.solent.com504.project.model.lot.dto.Lot, querySpaceUid=&lt;gen:1&gt;, path=org.solent.com504.project.model.bid.dto.Bid.lot)
    - QuerySpaces
       - EntityQuerySpaceImpl(uid=&lt;gen:0&gt;, entity=org.solent.com504.project.model.bid.dto.Bid)
          - SQL table alias mapping - bid0_
          - alias suffix - 0_
          - suffixed key columns - {id1_2_0_}

12:23:06.530 [main] [o.h.l.e.p.EntityLoader] DEBUG org.hibernate.loader.entity.plan.EntityLoader - Static select for entity org.solent.com504.project.model.bid.dto.Bid [OPTIMISTIC_FORCE_INCREMENT]: select bid0_.id as id1_2_0_, bid0_.lot_id as lot_id5_2_0_, bid0_.partyId as partyId2_2_0_, bid0_.timeStamp as timeStam3_2_0_, bid0_.value as value4_2_0_ from Bid bid0_ where bid0_.id=?
12:23:06.545 [main] [o.h.l.Loader] DEBUG org.hibernate.loader.Loader - Static select for action ACTION_MERGE on entity org.solent.com504.project.model.bid.dto.Bid: select bid0_.id as id1_2_0_, bid0_.lot_id as lot_id5_2_0_, bid0_.partyId as partyId2_2_0_, bid0_.timeStamp as timeStam3_2_0_, bid0_.value as value4_2_0_ from Bid bid0_ where bid0_.id=?
12:23:06.545 [main] [o.h.l.Loader] DEBUG org.hibernate.loader.Loader - Static select for action ACTION_REFRESH on entity org.solent.com504.project.model.bid.dto.Bid: select bid0_.id as id1_2_0_, bid0_.lot_id as lot_id5_2_0_, bid0_.partyId as partyId2_2_0_, bid0_.timeStamp as timeStam3_2_0_, bid0_.value as value4_2_0_ from Bid bid0_ where bid0_.id=?
12:23:06.545 [main] [o.h.p.e.AbstractEntityPersister] DEBUG org.hibernate.persister.entity.AbstractEntityPersister - Static SQL for entity: org.solent.com504.project.model.user.dto.Role
12:23:06.545 [main] [o.h.p.e.AbstractEntityPersister] DEBUG org.hibernate.persister.entity.AbstractEntityPersister -  Version select: select id from role where id =?
12:23:06.545 [main] [o.h.p.e.AbstractEntityPersister] DEBUG org.hibernate.persister.entity.AbstractEntityPersister -  Snapshot select: select role_.id, role_.name as name2_6_ from role role_ where role_.id=?
12:23:06.545 [main] [o.h.p.e.AbstractEntityPersister] DEBUG org.hibernate.persister.entity.AbstractEntityPersister -  Insert 0: insert into role (name, id) values (?, ?)
12:23:06.545 [main] [o.h.p.e.AbstractEntityPersister] DEBUG org.hibernate.persister.entity.AbstractEntityPersister -  Update 0: update role set name=? where id=?
12:23:06.545 [main] [o.h.p.e.AbstractEntityPersister] DEBUG org.hibernate.persister.entity.AbstractEntityPersister -  Delete 0: delete from role where id=?
12:23:06.545 [main] [o.h.l.p.b.i.s.QuerySpacesImpl] DEBUG org.hibernate.loader.plan.build.internal.spaces.QuerySpacesImpl - Adding QuerySpace : uid = &lt;gen:0&gt; -&gt; org.hibernate.loader.plan.build.internal.spaces.EntityQuerySpaceImpl@2016f509]
12:23:06.545 [main] [o.h.p.w.s.MetamodelGraphWalker] DEBUG org.hibernate.persister.walking.spi.MetamodelGraphWalker - Visiting attribute path : name
12:23:06.545 [main] [o.h.p.w.s.MetamodelGraphWalker] DEBUG org.hibernate.persister.walking.spi.MetamodelGraphWalker - Visiting attribute path : users
12:23:06.545 [main] [o.h.l.p.b.i.s.QuerySpacesImpl] DEBUG org.hibernate.loader.plan.build.internal.spaces.QuerySpacesImpl - Adding QuerySpace : uid = &lt;gen:1&gt; -&gt; org.hibernate.loader.plan.build.internal.spaces.CollectionQuerySpaceImpl@5a237731]
12:23:06.545 [main] [o.h.l.p.b.i.s.QuerySpacesImpl] DEBUG org.hibernate.loader.plan.build.internal.spaces.QuerySpacesImpl - Adding QuerySpace : uid = &lt;gen:2&gt; -&gt; org.hibernate.loader.plan.build.internal.spaces.EntityQuerySpaceImpl@7d2998d8]
12:23:06.545 [main] [o.h.l.p.b.i.FetchStyleLoadPlanBuildingAssociationVisitationStrategy] DEBUG org.hibernate.loader.plan.build.internal.FetchStyleLoadPlanBuildingAssociationVisitationStrategy - Building LoadPlan...
12:23:06.545 [main] [o.h.l.p.e.i.LoadQueryJoinAndFetchProcessor] DEBUG org.hibernate.loader.plan.exec.internal.LoadQueryJoinAndFetchProcessor - processing queryspace &lt;gen:0&gt;
12:23:06.545 [main] [o.h.l.p.b.s.LoadPlanTreePrinter] DEBUG org.hibernate.loader.plan.build.spi.LoadPlanTreePrinter - LoadPlan(entity=org.solent.com504.project.model.user.dto.Role)
    - Returns
       - EntityReturnImpl(entity=org.solent.com504.project.model.user.dto.Role, querySpaceUid=&lt;gen:0&gt;, path=org.solent.com504.project.model.user.dto.Role)
          - CollectionAttributeFetchImpl(collection=org.solent.com504.project.model.user.dto.Role.users, querySpaceUid=&lt;gen:1&gt;, path=org.solent.com504.project.model.user.dto.Role.users)
             - (collection element) CollectionFetchableElementEntityGraph(entity=org.solent.com504.project.model.user.dto.User, querySpaceUid=&lt;gen:2&gt;, path=org.solent.com504.project.model.user.dto.Role.users.&lt;elements&gt;)
    - QuerySpaces
       - EntityQuerySpaceImpl(uid=&lt;gen:0&gt;, entity=org.solent.com504.project.model.user.dto.Role)
          - SQL table alias mapping - role0_
          - alias suffix - 0_
          - suffixed key columns - {id1_6_0_}

12:23:06.545 [main] [o.h.l.e.p.EntityLoader] DEBUG org.hibernate.loader.entity.plan.EntityLoader - Static select for entity org.solent.com504.project.model.user.dto.Role [NONE]: select role0_.id as id1_6_0_, role0_.name as name2_6_0_ from role role0_ where role0_.id=?
12:23:06.545 [main] [o.h.l.p.b.i.s.QuerySpacesImpl] DEBUG org.hibernate.loader.plan.build.internal.spaces.QuerySpacesImpl - Adding QuerySpace : uid = &lt;gen:0&gt; -&gt; org.hibernate.loader.plan.build.internal.spaces.EntityQuerySpaceImpl@6a0094c9]
12:23:06.545 [main] [o.h.p.w.s.MetamodelGraphWalker] DEBUG org.hibernate.persister.walking.spi.MetamodelGraphWalker - Visiting attribute path : name
12:23:06.545 [main] [o.h.p.w.s.MetamodelGraphWalker] DEBUG org.hibernate.persister.walking.spi.MetamodelGraphWalker - Visiting attribute path : users
12:23:06.545 [main] [o.h.l.p.b.i.s.QuerySpacesImpl] DEBUG org.hibernate.loader.plan.build.internal.spaces.QuerySpacesImpl - Adding QuerySpace : uid = &lt;gen:1&gt; -&gt; org.hibernate.loader.plan.build.internal.spaces.CollectionQuerySpaceImpl@10fda3d0]
12:23:06.545 [main] [o.h.l.p.b.i.s.QuerySpacesImpl] DEBUG org.hibernate.loader.plan.build.internal.spaces.QuerySpacesImpl - Adding QuerySpace : uid = &lt;gen:2&gt; -&gt; org.hibernate.loader.plan.build.internal.spaces.EntityQuerySpaceImpl@2123064f]
12:23:06.545 [main] [o.h.l.p.b.i.FetchStyleLoadPlanBuildingAssociationVisitationStrategy] DEBUG org.hibernate.loader.plan.build.internal.FetchStyleLoadPlanBuildingAssociationVisitationStrategy - Building LoadPlan...
12:23:06.545 [main] [o.h.l.p.e.i.LoadQueryJoinAndFetchProcessor] DEBUG org.hibernate.loader.plan.exec.internal.LoadQueryJoinAndFetchProcessor - processing queryspace &lt;gen:0&gt;
12:23:06.545 [main] [o.h.l.p.b.s.LoadPlanTreePrinter] DEBUG org.hibernate.loader.plan.build.spi.LoadPlanTreePrinter - LoadPlan(entity=org.solent.com504.project.model.user.dto.Role)
    - Returns
       - EntityReturnImpl(entity=org.solent.com504.project.model.user.dto.Role, querySpaceUid=&lt;gen:0&gt;, path=org.solent.com504.project.model.user.dto.Role)
          - CollectionAttributeFetchImpl(collection=org.solent.com504.project.model.user.dto.Role.users, querySpaceUid=&lt;gen:1&gt;, path=org.solent.com504.project.model.user.dto.Role.users)
             - (collection element) CollectionFetchableElementEntityGraph(entity=org.solent.com504.project.model.user.dto.User, querySpaceUid=&lt;gen:2&gt;, path=org.solent.com504.project.model.user.dto.Role.users.&lt;elements&gt;)
    - QuerySpaces
       - EntityQuerySpaceImpl(uid=&lt;gen:0&gt;, entity=org.solent.com504.project.model.user.dto.Role)
          - SQL table alias mapping - role0_
          - alias suffix - 0_
          - suffixed key columns - {id1_6_0_}

12:23:06.561 [main] [o.h.l.e.p.EntityLoader] DEBUG org.hibernate.loader.entity.plan.EntityLoader - Static select for entity org.solent.com504.project.model.user.dto.Role [READ]: select role0_.id as id1_6_0_, role0_.name as name2_6_0_ from role role0_ where role0_.id=?
12:23:06.561 [main] [o.h.l.p.b.i.s.QuerySpacesImpl] DEBUG org.hibernate.loader.plan.build.internal.spaces.QuerySpacesImpl - Adding QuerySpace : uid = &lt;gen:0&gt; -&gt; org.hibernate.loader.plan.build.internal.spaces.EntityQuerySpaceImpl@4f6b687e]
12:23:06.561 [main] [o.h.p.w.s.MetamodelGraphWalker] DEBUG org.hibernate.persister.walking.spi.MetamodelGraphWalker - Visiting attribute path : name
12:23:06.561 [main] [o.h.p.w.s.MetamodelGraphWalker] DEBUG org.hibernate.persister.walking.spi.MetamodelGraphWalker - Visiting attribute path : users
12:23:06.561 [main] [o.h.l.p.b.i.s.QuerySpacesImpl] DEBUG org.hibernate.loader.plan.build.internal.spaces.QuerySpacesImpl - Adding QuerySpace : uid = &lt;gen:1&gt; -&gt; org.hibernate.loader.plan.build.internal.spaces.CollectionQuerySpaceImpl@5555ffcf]
12:23:06.561 [main] [o.h.l.p.b.i.s.QuerySpacesImpl] DEBUG org.hibernate.loader.plan.build.internal.spaces.QuerySpacesImpl - Adding QuerySpace : uid = &lt;gen:2&gt; -&gt; org.hibernate.loader.plan.build.internal.spaces.EntityQuerySpaceImpl@6cfd9a54]
12:23:06.561 [main] [o.h.l.p.b.i.FetchStyleLoadPlanBuildingAssociationVisitationStrategy] DEBUG org.hibernate.loader.plan.build.internal.FetchStyleLoadPlanBuildingAssociationVisitationStrategy - Building LoadPlan...
12:23:06.561 [main] [o.h.l.p.e.i.LoadQueryJoinAndFetchProcessor] DEBUG org.hibernate.loader.plan.exec.internal.LoadQueryJoinAndFetchProcessor - processing queryspace &lt;gen:0&gt;
12:23:06.561 [main] [o.h.l.p.b.s.LoadPlanTreePrinter] DEBUG org.hibernate.loader.plan.build.spi.LoadPlanTreePrinter - LoadPlan(entity=org.solent.com504.project.model.user.dto.Role)
    - Returns
       - EntityReturnImpl(entity=org.solent.com504.project.model.user.dto.Role, querySpaceUid=&lt;gen:0&gt;, path=org.solent.com504.project.model.user.dto.Role)
          - CollectionAttributeFetchImpl(collection=org.solent.com504.project.model.user.dto.Role.users, querySpaceUid=&lt;gen:1&gt;, path=org.solent.com504.project.model.user.dto.Role.users)
             - (collection element) CollectionFetchableElementEntityGraph(entity=org.solent.com504.project.model.user.dto.User, querySpaceUid=&lt;gen:2&gt;, path=org.solent.com504.project.model.user.dto.Role.users.&lt;elements&gt;)
    - QuerySpaces
       - EntityQuerySpaceImpl(uid=&lt;gen:0&gt;, entity=org.solent.com504.project.model.user.dto.Role)
          - SQL table alias mapping - role0_
          - alias suffix - 0_
          - suffixed key columns - {id1_6_0_}

12:23:06.561 [main] [o.h.l.e.p.EntityLoader] DEBUG org.hibernate.loader.entity.plan.EntityLoader - Static select for entity org.solent.com504.project.model.user.dto.Role [UPGRADE]: select role0_.id as id1_6_0_, role0_.name as name2_6_0_ from role role0_ where role0_.id=? for update
12:23:06.561 [main] [o.h.l.p.b.i.s.QuerySpacesImpl] DEBUG org.hibernate.loader.plan.build.internal.spaces.QuerySpacesImpl - Adding QuerySpace : uid = &lt;gen:0&gt; -&gt; org.hibernate.loader.plan.build.internal.spaces.EntityQuerySpaceImpl@78c1372d]
12:23:06.561 [main] [o.h.p.w.s.MetamodelGraphWalker] DEBUG org.hibernate.persister.walking.spi.MetamodelGraphWalker - Visiting attribute path : name
12:23:06.561 [main] [o.h.p.w.s.MetamodelGraphWalker] DEBUG org.hibernate.persister.walking.spi.MetamodelGraphWalker - Visiting attribute path : users
12:23:06.561 [main] [o.h.l.p.b.i.s.QuerySpacesImpl] DEBUG org.hibernate.loader.plan.build.internal.spaces.QuerySpacesImpl - Adding QuerySpace : uid = &lt;gen:1&gt; -&gt; org.hibernate.loader.plan.build.internal.spaces.CollectionQuerySpaceImpl@73fb1d7f]
12:23:06.561 [main] [o.h.l.p.b.i.s.QuerySpacesImpl] DEBUG org.hibernate.loader.plan.build.internal.spaces.QuerySpacesImpl - Adding QuerySpace : uid = &lt;gen:2&gt; -&gt; org.hibernate.loader.plan.build.internal.spaces.EntityQuerySpaceImpl@73d4066e]
12:23:06.561 [main] [o.h.l.p.b.i.FetchStyleLoadPlanBuildingAssociationVisitationStrategy] DEBUG org.hibernate.loader.plan.build.internal.FetchStyleLoadPlanBuildingAssociationVisitationStrategy - Building LoadPlan...
12:23:06.561 [main] [o.h.l.p.e.i.LoadQueryJoinAndFetchProcessor] DEBUG org.hibernate.loader.plan.exec.internal.LoadQueryJoinAndFetchProcessor - processing queryspace &lt;gen:0&gt;
12:23:06.561 [main] [o.h.l.p.b.s.LoadPlanTreePrinter] DEBUG org.hibernate.loader.plan.build.spi.LoadPlanTreePrinter - LoadPlan(entity=org.solent.com504.project.model.user.dto.Role)
    - Returns
       - EntityReturnImpl(entity=org.solent.com504.project.model.user.dto.Role, querySpaceUid=&lt;gen:0&gt;, path=org.solent.com504.project.model.user.dto.Role)
          - CollectionAttributeFetchImpl(collection=org.solent.com504.project.model.user.dto.Role.users, querySpaceUid=&lt;gen:1&gt;, path=org.solent.com504.project.model.user.dto.Role.users)
             - (collection element) CollectionFetchableElementEntityGraph(entity=org.solent.com504.project.model.user.dto.User, querySpaceUid=&lt;gen:2&gt;, path=org.solent.com504.project.model.user.dto.Role.users.&lt;elements&gt;)
    - QuerySpaces
       - EntityQuerySpaceImpl(uid=&lt;gen:0&gt;, entity=org.solent.com504.project.model.user.dto.Role)
          - SQL table alias mapping - role0_
          - alias suffix - 0_
          - suffixed key columns - {id1_6_0_}

12:23:06.561 [main] [o.h.l.e.p.EntityLoader] DEBUG org.hibernate.loader.entity.plan.EntityLoader - Static select for entity org.solent.com504.project.model.user.dto.Role [UPGRADE_NOWAIT]: select role0_.id as id1_6_0_, role0_.name as name2_6_0_ from role role0_ where role0_.id=? for update
12:23:06.561 [main] [o.h.l.p.b.i.s.QuerySpacesImpl] DEBUG org.hibernate.loader.plan.build.internal.spaces.QuerySpacesImpl - Adding QuerySpace : uid = &lt;gen:0&gt; -&gt; org.hibernate.loader.plan.build.internal.spaces.EntityQuerySpaceImpl@25d2f66]
12:23:06.561 [main] [o.h.p.w.s.MetamodelGraphWalker] DEBUG org.hibernate.persister.walking.spi.MetamodelGraphWalker - Visiting attribute path : name
12:23:06.561 [main] [o.h.p.w.s.MetamodelGraphWalker] DEBUG org.hibernate.persister.walking.spi.MetamodelGraphWalker - Visiting attribute path : users
12:23:06.561 [main] [o.h.l.p.b.i.s.QuerySpacesImpl] DEBUG org.hibernate.loader.plan.build.internal.spaces.QuerySpacesImpl - Adding QuerySpace : uid = &lt;gen:1&gt; -&gt; org.hibernate.loader.plan.build.internal.spaces.CollectionQuerySpaceImpl@71945bc0]
12:23:06.561 [main] [o.h.l.p.b.i.s.QuerySpacesImpl] DEBUG org.hibernate.loader.plan.build.internal.spaces.QuerySpacesImpl - Adding QuerySpace : uid = &lt;gen:2&gt; -&gt; org.hibernate.loader.plan.build.internal.spaces.EntityQuerySpaceImpl@22a0d4ea]
12:23:06.561 [main] [o.h.l.p.b.i.FetchStyleLoadPlanBuildingAssociationVisitationStrategy] DEBUG org.hibernate.loader.plan.build.internal.FetchStyleLoadPlanBuildingAssociationVisitationStrategy - Building LoadPlan...
12:23:06.561 [main] [o.h.l.p.e.i.LoadQueryJoinAndFetchProcessor] DEBUG org.hibernate.loader.plan.exec.internal.LoadQueryJoinAndFetchProcessor - processing queryspace &lt;gen:0&gt;
12:23:06.561 [main] [o.h.l.p.b.s.LoadPlanTreePrinter] DEBUG org.hibernate.loader.plan.build.spi.LoadPlanTreePrinter - LoadPlan(entity=org.solent.com504.project.model.user.dto.Role)
    - Returns
       - EntityReturnImpl(entity=org.solent.com504.project.model.user.dto.Role, querySpaceUid=&lt;gen:0&gt;, path=org.solent.com504.project.model.user.dto.Role)
          - CollectionAttributeFetchImpl(collection=org.solent.com504.project.model.user.dto.Role.users, querySpaceUid=&lt;gen:1&gt;, path=org.solent.com504.project.model.user.dto.Role.users)
             - (collection element) CollectionFetchableElementEntityGraph(entity=org.solent.com504.project.model.user.dto.User, querySpaceUid=&lt;gen:2&gt;, path=org.solent.com504.project.model.user.dto.Role.users.&lt;elements&gt;)
    - QuerySpaces
       - EntityQuerySpaceImpl(uid=&lt;gen:0&gt;, entity=org.solent.com504.project.model.user.dto.Role)
          - SQL table alias mapping - role0_
          - alias suffix - 0_
          - suffixed key columns - {id1_6_0_}

12:23:06.561 [main] [o.h.l.e.p.EntityLoader] DEBUG org.hibernate.loader.entity.plan.EntityLoader - Static select for entity org.solent.com504.project.model.user.dto.Role [UPGRADE_SKIPLOCKED]: select role0_.id as id1_6_0_, role0_.name as name2_6_0_ from role role0_ where role0_.id=? for update
12:23:06.561 [main] [o.h.l.p.b.i.s.QuerySpacesImpl] DEBUG org.hibernate.loader.plan.build.internal.spaces.QuerySpacesImpl - Adding QuerySpace : uid = &lt;gen:0&gt; -&gt; org.hibernate.loader.plan.build.internal.spaces.EntityQuerySpaceImpl@49ede9c7]
12:23:06.561 [main] [o.h.p.w.s.MetamodelGraphWalker] DEBUG org.hibernate.persister.walking.spi.MetamodelGraphWalker - Visiting attribute path : name
12:23:06.561 [main] [o.h.p.w.s.MetamodelGraphWalker] DEBUG org.hibernate.persister.walking.spi.MetamodelGraphWalker - Visiting attribute path : users
12:23:06.561 [main] [o.h.l.p.b.i.s.QuerySpacesImpl] DEBUG org.hibernate.loader.plan.build.internal.spaces.QuerySpacesImpl - Adding QuerySpace : uid = &lt;gen:1&gt; -&gt; org.hibernate.loader.plan.build.internal.spaces.CollectionQuerySpaceImpl@3dd4a6fa]
12:23:06.561 [main] [o.h.l.p.b.i.s.QuerySpacesImpl] DEBUG org.hibernate.loader.plan.build.internal.spaces.QuerySpacesImpl - Adding QuerySpace : uid = &lt;gen:2&gt; -&gt; org.hibernate.loader.plan.build.internal.spaces.EntityQuerySpaceImpl@19f7222e]
12:23:06.561 [main] [o.h.l.p.b.i.FetchStyleLoadPlanBuildingAssociationVisitationStrategy] DEBUG org.hibernate.loader.plan.build.internal.FetchStyleLoadPlanBuildingAssociationVisitationStrategy - Building LoadPlan...
12:23:06.561 [main] [o.h.l.p.e.i.LoadQueryJoinAndFetchProcessor] DEBUG org.hibernate.loader.plan.exec.internal.LoadQueryJoinAndFetchProcessor - processing queryspace &lt;gen:0&gt;
12:23:06.561 [main] [o.h.l.p.b.s.LoadPlanTreePrinter] DEBUG org.hibernate.loader.plan.build.spi.LoadPlanTreePrinter - LoadPlan(entity=org.solent.com504.project.model.user.dto.Role)
    - Returns
       - EntityReturnImpl(entity=org.solent.com504.project.model.user.dto.Role, querySpaceUid=&lt;gen:0&gt;, path=org.solent.com504.project.model.user.dto.Role)
          - CollectionAttributeFetchImpl(collection=org.solent.com504.project.model.user.dto.Role.users, querySpaceUid=&lt;gen:1&gt;, path=org.solent.com504.project.model.user.dto.Role.users)
             - (collection element) CollectionFetchableElementEntityGraph(entity=org.solent.com504.project.model.user.dto.User, querySpaceUid=&lt;gen:2&gt;, path=org.solent.com504.project.model.user.dto.Role.users.&lt;elements&gt;)
    - QuerySpaces
       - EntityQuerySpaceImpl(uid=&lt;gen:0&gt;, entity=org.solent.com504.project.model.user.dto.Role)
          - SQL table alias mapping - role0_
          - alias suffix - 0_
          - suffixed key columns - {id1_6_0_}

12:23:06.561 [main] [o.h.l.e.p.EntityLoader] DEBUG org.hibernate.loader.entity.plan.EntityLoader - Static select for entity org.solent.com504.project.model.user.dto.Role [FORCE]: select role0_.id as id1_6_0_, role0_.name as name2_6_0_ from role role0_ where role0_.id=? for update
12:23:06.561 [main] [o.h.l.p.b.i.s.QuerySpacesImpl] DEBUG org.hibernate.loader.plan.build.internal.spaces.QuerySpacesImpl - Adding QuerySpace : uid = &lt;gen:0&gt; -&gt; org.hibernate.loader.plan.build.internal.spaces.EntityQuerySpaceImpl@3f725306]
12:23:06.561 [main] [o.h.p.w.s.MetamodelGraphWalker] DEBUG org.hibernate.persister.walking.spi.MetamodelGraphWalker - Visiting attribute path : name
12:23:06.561 [main] [o.h.p.w.s.MetamodelGraphWalker] DEBUG org.hibernate.persister.walking.spi.MetamodelGraphWalker - Visiting attribute path : users
12:23:06.561 [main] [o.h.l.p.b.i.s.QuerySpacesImpl] DEBUG org.hibernate.loader.plan.build.internal.spaces.QuerySpacesImpl - Adding QuerySpace : uid = &lt;gen:1&gt; -&gt; org.hibernate.loader.plan.build.internal.spaces.CollectionQuerySpaceImpl@2412a42b]
12:23:06.561 [main] [o.h.l.p.b.i.s.QuerySpacesImpl] DEBUG org.hibernate.loader.plan.build.internal.spaces.QuerySpacesImpl - Adding QuerySpace : uid = &lt;gen:2&gt; -&gt; org.hibernate.loader.plan.build.internal.spaces.EntityQuerySpaceImpl@45404d5]
12:23:06.561 [main] [o.h.l.p.b.i.FetchStyleLoadPlanBuildingAssociationVisitationStrategy] DEBUG org.hibernate.loader.plan.build.internal.FetchStyleLoadPlanBuildingAssociationVisitationStrategy - Building LoadPlan...
12:23:06.561 [main] [o.h.l.p.e.i.LoadQueryJoinAndFetchProcessor] DEBUG org.hibernate.loader.plan.exec.internal.LoadQueryJoinAndFetchProcessor - processing queryspace &lt;gen:0&gt;
12:23:06.561 [main] [o.h.l.p.b.s.LoadPlanTreePrinter] DEBUG org.hibernate.loader.plan.build.spi.LoadPlanTreePrinter - LoadPlan(entity=org.solent.com504.project.model.user.dto.Role)
    - Returns
       - EntityReturnImpl(entity=org.solent.com504.project.model.user.dto.Role, querySpaceUid=&lt;gen:0&gt;, path=org.solent.com504.project.model.user.dto.Role)
          - CollectionAttributeFetchImpl(collection=org.solent.com504.project.model.user.dto.Role.users, querySpaceUid=&lt;gen:1&gt;, path=org.solent.com504.project.model.user.dto.Role.users)
             - (collection element) CollectionFetchableElementEntityGraph(entity=org.solent.com504.project.model.user.dto.User, querySpaceUid=&lt;gen:2&gt;, path=org.solent.com504.project.model.user.dto.Role.users.&lt;elements&gt;)
    - QuerySpaces
       - EntityQuerySpaceImpl(uid=&lt;gen:0&gt;, entity=org.solent.com504.project.model.user.dto.Role)
          - SQL table alias mapping - role0_
          - alias suffix - 0_
          - suffixed key columns - {id1_6_0_}

12:23:06.561 [main] [o.h.l.e.p.EntityLoader] DEBUG org.hibernate.loader.entity.plan.EntityLoader - Static select for entity org.solent.com504.project.model.user.dto.Role [PESSIMISTIC_READ]: select role0_.id as id1_6_0_, role0_.name as name2_6_0_ from role role0_ where role0_.id=? for update
12:23:06.561 [main] [o.h.l.p.b.i.s.QuerySpacesImpl] DEBUG org.hibernate.loader.plan.build.internal.spaces.QuerySpacesImpl - Adding QuerySpace : uid = &lt;gen:0&gt; -&gt; org.hibernate.loader.plan.build.internal.spaces.EntityQuerySpaceImpl@29138d3a]
12:23:06.561 [main] [o.h.p.w.s.MetamodelGraphWalker] DEBUG org.hibernate.persister.walking.spi.MetamodelGraphWalker - Visiting attribute path : name
12:23:06.561 [main] [o.h.p.w.s.MetamodelGraphWalker] DEBUG org.hibernate.persister.walking.spi.MetamodelGraphWalker - Visiting attribute path : users
12:23:06.561 [main] [o.h.l.p.b.i.s.QuerySpacesImpl] DEBUG org.hibernate.loader.plan.build.internal.spaces.QuerySpacesImpl - Adding QuerySpace : uid = &lt;gen:1&gt; -&gt; org.hibernate.loader.plan.build.internal.spaces.CollectionQuerySpaceImpl@6dbcf214]
12:23:06.561 [main] [o.h.l.p.b.i.s.QuerySpacesImpl] DEBUG org.hibernate.loader.plan.build.internal.spaces.QuerySpacesImpl - Adding QuerySpace : uid = &lt;gen:2&gt; -&gt; org.hibernate.loader.plan.build.internal.spaces.EntityQuerySpaceImpl@496a31da]
12:23:06.561 [main] [o.h.l.p.b.i.FetchStyleLoadPlanBuildingAssociationVisitationStrategy] DEBUG org.hibernate.loader.plan.build.internal.FetchStyleLoadPlanBuildingAssociationVisitationStrategy - Building LoadPlan...
12:23:06.561 [main] [o.h.l.p.e.i.LoadQueryJoinAndFetchProcessor] DEBUG org.hibernate.loader.plan.exec.internal.LoadQueryJoinAndFetchProcessor - processing queryspace &lt;gen:0&gt;
12:23:06.561 [main] [o.h.l.p.b.s.LoadPlanTreePrinter] DEBUG org.hibernate.loader.plan.build.spi.LoadPlanTreePrinter - LoadPlan(entity=org.solent.com504.project.model.user.dto.Role)
    - Returns
       - EntityReturnImpl(entity=org.solent.com504.project.model.user.dto.Role, querySpaceUid=&lt;gen:0&gt;, path=org.solent.com504.project.model.user.dto.Role)
          - CollectionAttributeFetchImpl(collection=org.solent.com504.project.model.user.dto.Role.users, querySpaceUid=&lt;gen:1&gt;, path=org.solent.com504.project.model.user.dto.Role.users)
             - (collection element) CollectionFetchableElementEntityGraph(entity=org.solent.com504.project.model.user.dto.User, querySpaceUid=&lt;gen:2&gt;, path=org.solent.com504.project.model.user.dto.Role.users.&lt;elements&gt;)
    - QuerySpaces
       - EntityQuerySpaceImpl(uid=&lt;gen:0&gt;, entity=org.solent.com504.project.model.user.dto.Role)
          - SQL table alias mapping - role0_
          - alias suffix - 0_
          - suffixed key columns - {id1_6_0_}

12:23:06.561 [main] [o.h.l.e.p.EntityLoader] DEBUG org.hibernate.loader.entity.plan.EntityLoader - Static select for entity org.solent.com504.project.model.user.dto.Role [PESSIMISTIC_WRITE]: select role0_.id as id1_6_0_, role0_.name as name2_6_0_ from role role0_ where role0_.id=? for update
12:23:06.561 [main] [o.h.l.p.b.i.s.QuerySpacesImpl] DEBUG org.hibernate.loader.plan.build.internal.spaces.QuerySpacesImpl - Adding QuerySpace : uid = &lt;gen:0&gt; -&gt; org.hibernate.loader.plan.build.internal.spaces.EntityQuerySpaceImpl@7c251f90]
12:23:06.561 [main] [o.h.p.w.s.MetamodelGraphWalker] DEBUG org.hibernate.persister.walking.spi.MetamodelGraphWalker - Visiting attribute path : name
12:23:06.561 [main] [o.h.p.w.s.MetamodelGraphWalker] DEBUG org.hibernate.persister.walking.spi.MetamodelGraphWalker - Visiting attribute path : users
12:23:06.561 [main] [o.h.l.p.b.i.s.QuerySpacesImpl] DEBUG org.hibernate.loader.plan.build.internal.spaces.QuerySpacesImpl - Adding QuerySpace : uid = &lt;gen:1&gt; -&gt; org.hibernate.loader.plan.build.internal.spaces.CollectionQuerySpaceImpl@5ba26eb0]
12:23:06.561 [main] [o.h.l.p.b.i.s.QuerySpacesImpl] DEBUG org.hibernate.loader.plan.build.internal.spaces.QuerySpacesImpl - Adding QuerySpace : uid = &lt;gen:2&gt; -&gt; org.hibernate.loader.plan.build.internal.spaces.EntityQuerySpaceImpl@435e60ff]
12:23:06.561 [main] [o.h.l.p.b.i.FetchStyleLoadPlanBuildingAssociationVisitationStrategy] DEBUG org.hibernate.loader.plan.build.internal.FetchStyleLoadPlanBuildingAssociationVisitationStrategy - Building LoadPlan...
12:23:06.561 [main] [o.h.l.p.e.i.LoadQueryJoinAndFetchProcessor] DEBUG org.hibernate.loader.plan.exec.internal.LoadQueryJoinAndFetchProcessor - processing queryspace &lt;gen:0&gt;
12:23:06.561 [main] [o.h.l.p.b.s.LoadPlanTreePrinter] DEBUG org.hibernate.loader.plan.build.spi.LoadPlanTreePrinter - LoadPlan(entity=org.solent.com504.project.model.user.dto.Role)
    - Returns
       - EntityReturnImpl(entity=org.solent.com504.project.model.user.dto.Role, querySpaceUid=&lt;gen:0&gt;, path=org.solent.com504.project.model.user.dto.Role)
          - CollectionAttributeFetchImpl(collection=org.solent.com504.project.model.user.dto.Role.users, querySpaceUid=&lt;gen:1&gt;, path=org.solent.com504.project.model.user.dto.Role.users)
             - (collection element) CollectionFetchableElementEntityGraph(entity=org.solent.com504.project.model.user.dto.User, querySpaceUid=&lt;gen:2&gt;, path=org.solent.com504.project.model.user.dto.Role.users.&lt;elements&gt;)
    - QuerySpaces
       - EntityQuerySpaceImpl(uid=&lt;gen:0&gt;, entity=org.solent.com504.project.model.user.dto.Role)
          - SQL table alias mapping - role0_
          - alias suffix - 0_
          - suffixed key columns - {id1_6_0_}

12:23:06.561 [main] [o.h.l.e.p.EntityLoader] DEBUG org.hibernate.loader.entity.plan.EntityLoader - Static select for entity org.solent.com504.project.model.user.dto.Role [PESSIMISTIC_FORCE_INCREMENT]: select role0_.id as id1_6_0_, role0_.name as name2_6_0_ from role role0_ where role0_.id=? for update
12:23:06.561 [main] [o.h.l.p.b.i.s.QuerySpacesImpl] DEBUG org.hibernate.loader.plan.build.internal.spaces.QuerySpacesImpl - Adding QuerySpace : uid = &lt;gen:0&gt; -&gt; org.hibernate.loader.plan.build.internal.spaces.EntityQuerySpaceImpl@17d32e9b]
12:23:06.561 [main] [o.h.p.w.s.MetamodelGraphWalker] DEBUG org.hibernate.persister.walking.spi.MetamodelGraphWalker - Visiting attribute path : name
12:23:06.561 [main] [o.h.p.w.s.MetamodelGraphWalker] DEBUG org.hibernate.persister.walking.spi.MetamodelGraphWalker - Visiting attribute path : users
12:23:06.561 [main] [o.h.l.p.b.i.s.QuerySpacesImpl] DEBUG org.hibernate.loader.plan.build.internal.spaces.QuerySpacesImpl - Adding QuerySpace : uid = &lt;gen:1&gt; -&gt; org.hibernate.loader.plan.build.internal.spaces.CollectionQuerySpaceImpl@2e6f610d]
12:23:06.561 [main] [o.h.l.p.b.i.s.QuerySpacesImpl] DEBUG org.hibernate.loader.plan.build.internal.spaces.QuerySpacesImpl - Adding QuerySpace : uid = &lt;gen:2&gt; -&gt; org.hibernate.loader.plan.build.internal.spaces.EntityQuerySpaceImpl@1e86a5a7]
12:23:06.561 [main] [o.h.l.p.b.i.FetchStyleLoadPlanBuildingAssociationVisitationStrategy] DEBUG org.hibernate.loader.plan.build.internal.FetchStyleLoadPlanBuildingAssociationVisitationStrategy - Building LoadPlan...
12:23:06.577 [main] [o.h.l.p.e.i.LoadQueryJoinAndFetchProcessor] DEBUG org.hibernate.loader.plan.exec.internal.LoadQueryJoinAndFetchProcessor - processing queryspace &lt;gen:0&gt;
12:23:06.577 [main] [o.h.l.p.b.s.LoadPlanTreePrinter] DEBUG org.hibernate.loader.plan.build.spi.LoadPlanTreePrinter - LoadPlan(entity=org.solent.com504.project.model.user.dto.Role)
    - Returns
       - EntityReturnImpl(entity=org.solent.com504.project.model.user.dto.Role, querySpaceUid=&lt;gen:0&gt;, path=org.solent.com504.project.model.user.dto.Role)
          - CollectionAttributeFetchImpl(collection=org.solent.com504.project.model.user.dto.Role.users, querySpaceUid=&lt;gen:1&gt;, path=org.solent.com504.project.model.user.dto.Role.users)
             - (collection element) CollectionFetchableElementEntityGraph(entity=org.solent.com504.project.model.user.dto.User, querySpaceUid=&lt;gen:2&gt;, path=org.solent.com504.project.model.user.dto.Role.users.&lt;elements&gt;)
    - QuerySpaces
       - EntityQuerySpaceImpl(uid=&lt;gen:0&gt;, entity=org.solent.com504.project.model.user.dto.Role)
          - SQL table alias mapping - role0_
          - alias suffix - 0_
          - suffixed key columns - {id1_6_0_}

12:23:06.577 [main] [o.h.l.e.p.EntityLoader] DEBUG org.hibernate.loader.entity.plan.EntityLoader - Static select for entity org.solent.com504.project.model.user.dto.Role [OPTIMISTIC]: select role0_.id as id1_6_0_, role0_.name as name2_6_0_ from role role0_ where role0_.id=?
12:23:06.577 [main] [o.h.l.p.b.i.s.QuerySpacesImpl] DEBUG org.hibernate.loader.plan.build.internal.spaces.QuerySpacesImpl - Adding QuerySpace : uid = &lt;gen:0&gt; -&gt; org.hibernate.loader.plan.build.internal.spaces.EntityQuerySpaceImpl@10afe71a]
12:23:06.577 [main] [o.h.p.w.s.MetamodelGraphWalker] DEBUG org.hibernate.persister.walking.spi.MetamodelGraphWalker - Visiting attribute path : name
12:23:06.577 [main] [o.h.p.w.s.MetamodelGraphWalker] DEBUG org.hibernate.persister.walking.spi.MetamodelGraphWalker - Visiting attribute path : users
12:23:06.577 [main] [o.h.l.p.b.i.s.QuerySpacesImpl] DEBUG org.hibernate.loader.plan.build.internal.spaces.QuerySpacesImpl - Adding QuerySpace : uid = &lt;gen:1&gt; -&gt; org.hibernate.loader.plan.build.internal.spaces.CollectionQuerySpaceImpl@212dfd39]
12:23:06.577 [main] [o.h.l.p.b.i.s.QuerySpacesImpl] DEBUG org.hibernate.loader.plan.build.internal.spaces.QuerySpacesImpl - Adding QuerySpace : uid = &lt;gen:2&gt; -&gt; org.hibernate.loader.plan.build.internal.spaces.EntityQuerySpaceImpl@a2ddf26]
12:23:06.577 [main] [o.h.l.p.b.i.FetchStyleLoadPlanBuildingAssociationVisitationStrategy] DEBUG org.hibernate.loader.plan.build.internal.FetchStyleLoadPlanBuildingAssociationVisitationStrategy - Building LoadPlan...
12:23:06.577 [main] [o.h.l.p.e.i.LoadQueryJoinAndFetchProcessor] DEBUG org.hibernate.loader.plan.exec.internal.LoadQueryJoinAndFetchProcessor - processing queryspace &lt;gen:0&gt;
12:23:06.577 [main] [o.h.l.p.b.s.LoadPlanTreePrinter] DEBUG org.hibernate.loader.plan.build.spi.LoadPlanTreePrinter - LoadPlan(entity=org.solent.com504.project.model.user.dto.Role)
    - Returns
       - EntityReturnImpl(entity=org.solent.com504.project.model.user.dto.Role, querySpaceUid=&lt;gen:0&gt;, path=org.solent.com504.project.model.user.dto.Role)
          - CollectionAttributeFetchImpl(collection=org.solent.com504.project.model.user.dto.Role.users, querySpaceUid=&lt;gen:1&gt;, path=org.solent.com504.project.model.user.dto.Role.users)
             - (collection element) CollectionFetchableElementEntityGraph(entity=org.solent.com504.project.model.user.dto.User, querySpaceUid=&lt;gen:2&gt;, path=org.solent.com504.project.model.user.dto.Role.users.&lt;elements&gt;)
    - QuerySpaces
       - EntityQuerySpaceImpl(uid=&lt;gen:0&gt;, entity=org.solent.com504.project.model.user.dto.Role)
          - SQL table alias mapping - role0_
          - alias suffix - 0_
          - suffixed key columns - {id1_6_0_}

12:23:06.577 [main] [o.h.l.e.p.EntityLoader] DEBUG org.hibernate.loader.entity.plan.EntityLoader - Static select for entity org.solent.com504.project.model.user.dto.Role [OPTIMISTIC_FORCE_INCREMENT]: select role0_.id as id1_6_0_, role0_.name as name2_6_0_ from role role0_ where role0_.id=?
12:23:06.577 [main] [o.h.l.Loader] DEBUG org.hibernate.loader.Loader - Static select for action ACTION_MERGE on entity org.solent.com504.project.model.user.dto.Role: select role0_.id as id1_6_0_, role0_.name as name2_6_0_ from role role0_ where role0_.id=?
12:23:06.577 [main] [o.h.l.Loader] DEBUG org.hibernate.loader.Loader - Static select for action ACTION_REFRESH on entity org.solent.com504.project.model.user.dto.Role: select role0_.id as id1_6_0_, role0_.name as name2_6_0_ from role role0_ where role0_.id=?
12:23:06.577 [main] [o.h.p.e.AbstractEntityPersister] DEBUG org.hibernate.persister.entity.AbstractEntityPersister - Static SQL for entity: org.solent.com504.project.model.auction.dto.Auction
12:23:06.577 [main] [o.h.p.e.AbstractEntityPersister] DEBUG org.hibernate.persister.entity.AbstractEntityPersister -  Version select: select id from Auction where id =?
12:23:06.577 [main] [o.h.p.e.AbstractEntityPersister] DEBUG org.hibernate.persister.entity.AbstractEntityPersister -  Snapshot select: select auction_.id, auction_.auctionType as auctionT2_0_, auction_.startTime as startTim3_0_, auction_.type as type4_0_ from Auction auction_ where auction_.id=?
12:23:06.577 [main] [o.h.p.e.AbstractEntityPersister] DEBUG org.hibernate.persister.entity.AbstractEntityPersister -  Insert 0: insert into Auction (auctionType, startTime, type, id) values (?, ?, ?, ?)
12:23:06.577 [main] [o.h.p.e.AbstractEntityPersister] DEBUG org.hibernate.persister.entity.AbstractEntityPersister -  Update 0: update Auction set auctionType=?, startTime=?, type=? where id=?
12:23:06.577 [main] [o.h.p.e.AbstractEntityPersister] DEBUG org.hibernate.persister.entity.AbstractEntityPersister -  Delete 0: delete from Auction where id=?
12:23:06.577 [main] [o.h.p.e.AbstractEntityPersister] DEBUG org.hibernate.persister.entity.AbstractEntityPersister -  Identity insert: insert into Auction (id, auctionType, startTime, type) values (default, ?, ?, ?)
12:23:06.577 [main] [o.h.l.p.b.i.s.QuerySpacesImpl] DEBUG org.hibernate.loader.plan.build.internal.spaces.QuerySpacesImpl - Adding QuerySpace : uid = &lt;gen:0&gt; -&gt; org.hibernate.loader.plan.build.internal.spaces.EntityQuerySpaceImpl@17690e14]
12:23:06.577 [main] [o.h.p.w.s.MetamodelGraphWalker] DEBUG org.hibernate.persister.walking.spi.MetamodelGraphWalker - Visiting attribute path : auctionType
12:23:06.577 [main] [o.h.p.w.s.MetamodelGraphWalker] DEBUG org.hibernate.persister.walking.spi.MetamodelGraphWalker - Visiting attribute path : lots
12:23:06.577 [main] [o.h.l.p.b.i.s.QuerySpacesImpl] DEBUG org.hibernate.loader.plan.build.internal.spaces.QuerySpacesImpl - Adding QuerySpace : uid = &lt;gen:1&gt; -&gt; org.hibernate.loader.plan.build.internal.spaces.CollectionQuerySpaceImpl@2f00f851]
12:23:06.577 [main] [o.h.l.p.b.i.s.QuerySpacesImpl] DEBUG org.hibernate.loader.plan.build.internal.spaces.QuerySpacesImpl - Adding QuerySpace : uid = &lt;gen:2&gt; -&gt; org.hibernate.loader.plan.build.internal.spaces.EntityQuerySpaceImpl@4207609e]
12:23:06.577 [main] [o.h.p.w.s.MetamodelGraphWalker] DEBUG org.hibernate.persister.walking.spi.MetamodelGraphWalker - Visiting attribute path : lots.bids
12:23:06.577 [main] [o.h.l.p.b.i.s.QuerySpacesImpl] DEBUG org.hibernate.loader.plan.build.internal.spaces.QuerySpacesImpl - Adding QuerySpace : uid = &lt;gen:3&gt; -&gt; org.hibernate.loader.plan.build.internal.spaces.CollectionQuerySpaceImpl@534c6767]
12:23:06.577 [main] [o.h.l.p.b.i.s.QuerySpacesImpl] DEBUG org.hibernate.loader.plan.build.internal.spaces.QuerySpacesImpl - Adding QuerySpace : uid = &lt;gen:4&gt; -&gt; org.hibernate.loader.plan.build.internal.spaces.EntityQuerySpaceImpl@3bddc676]
12:23:06.577 [main] [o.h.p.w.s.MetamodelGraphWalker] DEBUG org.hibernate.persister.walking.spi.MetamodelGraphWalker - Visiting attribute path : lots.duration
12:23:06.577 [main] [o.h.p.w.s.MetamodelGraphWalker] DEBUG org.hibernate.persister.walking.spi.MetamodelGraphWalker - Visiting attribute path : lots.grade
12:23:06.577 [main] [o.h.p.w.s.MetamodelGraphWalker] DEBUG org.hibernate.persister.walking.spi.MetamodelGraphWalker - Visiting attribute path : lots.highestBidPrice
12:23:06.577 [main] [o.h.p.w.s.MetamodelGraphWalker] DEBUG org.hibernate.persister.walking.spi.MetamodelGraphWalker - Visiting attribute path : lots.life_days
12:23:06.577 [main] [o.h.p.w.s.MetamodelGraphWalker] DEBUG org.hibernate.persister.walking.spi.MetamodelGraphWalker - Visiting attribute path : lots.pickdate
12:23:06.577 [main] [o.h.p.w.s.MetamodelGraphWalker] DEBUG org.hibernate.persister.walking.spi.MetamodelGraphWalker - Visiting attribute path : lots.quantity
12:23:06.577 [main] [o.h.p.w.s.MetamodelGraphWalker] DEBUG org.hibernate.persister.walking.spi.MetamodelGraphWalker - Visiting attribute path : lots.reservedPrice
12:23:06.577 [main] [o.h.p.w.s.MetamodelGraphWalker] DEBUG org.hibernate.persister.walking.spi.MetamodelGraphWalker - Visiting attribute path : startTime
12:23:06.577 [main] [o.h.p.w.s.MetamodelGraphWalker] DEBUG org.hibernate.persister.walking.spi.MetamodelGraphWalker - Visiting attribute path : type
12:23:06.577 [main] [o.h.l.p.b.i.FetchStyleLoadPlanBuildingAssociationVisitationStrategy] DEBUG org.hibernate.loader.plan.build.internal.FetchStyleLoadPlanBuildingAssociationVisitationStrategy - Building LoadPlan...
12:23:06.577 [main] [o.h.l.p.e.i.LoadQueryJoinAndFetchProcessor] DEBUG org.hibernate.loader.plan.exec.internal.LoadQueryJoinAndFetchProcessor - processing queryspace &lt;gen:0&gt;
12:23:06.592 [main] [o.h.l.p.b.s.LoadPlanTreePrinter] DEBUG org.hibernate.loader.plan.build.spi.LoadPlanTreePrinter - LoadPlan(entity=org.solent.com504.project.model.auction.dto.Auction)
    - Returns
       - EntityReturnImpl(entity=org.solent.com504.project.model.auction.dto.Auction, querySpaceUid=&lt;gen:0&gt;, path=org.solent.com504.project.model.auction.dto.Auction)
          - CollectionAttributeFetchImpl(collection=org.solent.com504.project.model.auction.dto.Auction.lots, querySpaceUid=&lt;gen:1&gt;, path=org.solent.com504.project.model.auction.dto.Auction.lots)
             - (collection element) CollectionFetchableElementEntityGraph(entity=org.solent.com504.project.model.lot.dto.Lot, querySpaceUid=&lt;gen:2&gt;, path=org.solent.com504.project.model.auction.dto.Auction.lots.&lt;elements&gt;)
                - CollectionAttributeFetchImpl(collection=org.solent.com504.project.model.lot.dto.Lot.bids, querySpaceUid=&lt;gen:3&gt;, path=org.solent.com504.project.model.auction.dto.Auction.lots.&lt;elements&gt;.bids)
                   - (collection element) CollectionFetchableElementEntityGraph(entity=org.solent.com504.project.model.bid.dto.Bid, querySpaceUid=&lt;gen:4&gt;, path=org.solent.com504.project.model.auction.dto.Auction.lots.&lt;elements&gt;.bids.&lt;elements&gt;)
    - QuerySpaces
       - EntityQuerySpaceImpl(uid=&lt;gen:0&gt;, entity=org.solent.com504.project.model.auction.dto.Auction)
          - SQL table alias mapping - auction0_
          - alias suffix - 0_
          - suffixed key columns - {id1_0_0_}
          - JOIN (JoinDefinedByMetadata(lots)) : &lt;gen:0&gt; -&gt; &lt;gen:1&gt;
             - CollectionQuerySpaceImpl(uid=&lt;gen:1&gt;, collection=org.solent.com504.project.model.auction.dto.Auction.lots)
                - SQL table alias mapping - lots1_
                - alias suffix - 1_
                - suffixed key columns - {Auction_1_1_1_}
                - entity-element alias suffix - 2_
                - 2_entity-element suffixed key columns - id1_3_2_
                - JOIN (JoinDefinedByMetadata(elements)) : &lt;gen:1&gt; -&gt; &lt;gen:2&gt;
                   - EntityQuerySpaceImpl(uid=&lt;gen:2&gt;, entity=org.solent.com504.project.model.lot.dto.Lot)
                      - SQL table alias mapping - lot2_
                      - alias suffix - 2_
                      - suffixed key columns - {id1_3_2_}

12:23:06.592 [main] [o.h.l.e.p.EntityLoader] DEBUG org.hibernate.loader.entity.plan.EntityLoader - Static select for entity org.solent.com504.project.model.auction.dto.Auction [NONE]: select auction0_.id as id1_0_0_, auction0_.auctionType as auctionT2_0_0_, auction0_.startTime as startTim3_0_0_, auction0_.type as type4_0_0_, lots1_.Auction_id as Auction_1_1_1_, lot2_.id as lots_id2_1_1_, lot2_.id as id1_3_2_, lot2_.duration as duration2_3_2_, lot2_.grade as grade3_3_2_, lot2_.highestBidPrice as highestB4_3_2_, lot2_.life_days as life_day5_3_2_, lot2_.pickdate as pickdate6_3_2_, lot2_.quantity as quantity7_3_2_, lot2_.reservedPrice as reserved8_3_2_ from Auction auction0_ left outer join Auction_Lot lots1_ on auction0_.id=lots1_.Auction_id left outer join Lot lot2_ on lots1_.lots_id=lot2_.id where auction0_.id=?
12:23:06.592 [main] [o.h.l.p.b.i.s.QuerySpacesImpl] DEBUG org.hibernate.loader.plan.build.internal.spaces.QuerySpacesImpl - Adding QuerySpace : uid = &lt;gen:0&gt; -&gt; org.hibernate.loader.plan.build.internal.spaces.EntityQuerySpaceImpl@6a638c79]
12:23:06.592 [main] [o.h.p.w.s.MetamodelGraphWalker] DEBUG org.hibernate.persister.walking.spi.MetamodelGraphWalker - Visiting attribute path : auctionType
12:23:06.592 [main] [o.h.p.w.s.MetamodelGraphWalker] DEBUG org.hibernate.persister.walking.spi.MetamodelGraphWalker - Visiting attribute path : lots
12:23:06.592 [main] [o.h.l.p.b.i.s.QuerySpacesImpl] DEBUG org.hibernate.loader.plan.build.internal.spaces.QuerySpacesImpl - Adding QuerySpace : uid = &lt;gen:1&gt; -&gt; org.hibernate.loader.plan.build.internal.spaces.CollectionQuerySpaceImpl@44b194fe]
12:23:06.592 [main] [o.h.l.p.b.i.s.QuerySpacesImpl] DEBUG org.hibernate.loader.plan.build.internal.spaces.QuerySpacesImpl - Adding QuerySpace : uid = &lt;gen:2&gt; -&gt; org.hibernate.loader.plan.build.internal.spaces.EntityQuerySpaceImpl@49122b8f]
12:23:06.592 [main] [o.h.p.w.s.MetamodelGraphWalker] DEBUG org.hibernate.persister.walking.spi.MetamodelGraphWalker - Visiting attribute path : lots.bids
12:23:06.592 [main] [o.h.l.p.b.i.s.QuerySpacesImpl] DEBUG org.hibernate.loader.plan.build.internal.spaces.QuerySpacesImpl - Adding QuerySpace : uid = &lt;gen:3&gt; -&gt; org.hibernate.loader.plan.build.internal.spaces.CollectionQuerySpaceImpl@3b4d50b]
12:23:06.592 [main] [o.h.l.p.b.i.s.QuerySpacesImpl] DEBUG org.hibernate.loader.plan.build.internal.spaces.QuerySpacesImpl - Adding QuerySpace : uid = &lt;gen:4&gt; -&gt; org.hibernate.loader.plan.build.internal.spaces.EntityQuerySpaceImpl@5b22d8a1]
12:23:06.592 [main] [o.h.p.w.s.MetamodelGraphWalker] DEBUG org.hibernate.persister.walking.spi.MetamodelGraphWalker - Visiting attribute path : lots.duration
12:23:06.592 [main] [o.h.p.w.s.MetamodelGraphWalker] DEBUG org.hibernate.persister.walking.spi.MetamodelGraphWalker - Visiting attribute path : lots.grade
12:23:06.592 [main] [o.h.p.w.s.MetamodelGraphWalker] DEBUG org.hibernate.persister.walking.spi.MetamodelGraphWalker - Visiting attribute path : lots.highestBidPrice
12:23:06.592 [main] [o.h.p.w.s.MetamodelGraphWalker] DEBUG org.hibernate.persister.walking.spi.MetamodelGraphWalker - Visiting attribute path : lots.life_days
12:23:06.592 [main] [o.h.p.w.s.MetamodelGraphWalker] DEBUG org.hibernate.persister.walking.spi.MetamodelGraphWalker - Visiting attribute path : lots.pickdate
12:23:06.592 [main] [o.h.p.w.s.MetamodelGraphWalker] DEBUG org.hibernate.persister.walking.spi.MetamodelGraphWalker - Visiting attribute path : lots.quantity
12:23:06.592 [main] [o.h.p.w.s.MetamodelGraphWalker] DEBUG org.hibernate.persister.walking.spi.MetamodelGraphWalker - Visiting attribute path : lots.reservedPrice
12:23:06.592 [main] [o.h.p.w.s.MetamodelGraphWalker] DEBUG org.hibernate.persister.walking.spi.MetamodelGraphWalker - Visiting attribute path : startTime
12:23:06.592 [main] [o.h.p.w.s.MetamodelGraphWalker] DEBUG org.hibernate.persister.walking.spi.MetamodelGraphWalker - Visiting attribute path : type
12:23:06.592 [main] [o.h.l.p.b.i.FetchStyleLoadPlanBuildingAssociationVisitationStrategy] DEBUG org.hibernate.loader.plan.build.internal.FetchStyleLoadPlanBuildingAssociationVisitationStrategy - Building LoadPlan...
12:23:06.592 [main] [o.h.l.p.e.i.LoadQueryJoinAndFetchProcessor] DEBUG org.hibernate.loader.plan.exec.internal.LoadQueryJoinAndFetchProcessor - processing queryspace &lt;gen:0&gt;
12:23:06.592 [main] [o.h.l.p.b.s.LoadPlanTreePrinter] DEBUG org.hibernate.loader.plan.build.spi.LoadPlanTreePrinter - LoadPlan(entity=org.solent.com504.project.model.auction.dto.Auction)
    - Returns
       - EntityReturnImpl(entity=org.solent.com504.project.model.auction.dto.Auction, querySpaceUid=&lt;gen:0&gt;, path=org.solent.com504.project.model.auction.dto.Auction)
          - CollectionAttributeFetchImpl(collection=org.solent.com504.project.model.auction.dto.Auction.lots, querySpaceUid=&lt;gen:1&gt;, path=org.solent.com504.project.model.auction.dto.Auction.lots)
             - (collection element) CollectionFetchableElementEntityGraph(entity=org.solent.com504.project.model.lot.dto.Lot, querySpaceUid=&lt;gen:2&gt;, path=org.solent.com504.project.model.auction.dto.Auction.lots.&lt;elements&gt;)
                - CollectionAttributeFetchImpl(collection=org.solent.com504.project.model.lot.dto.Lot.bids, querySpaceUid=&lt;gen:3&gt;, path=org.solent.com504.project.model.auction.dto.Auction.lots.&lt;elements&gt;.bids)
                   - (collection element) CollectionFetchableElementEntityGraph(entity=org.solent.com504.project.model.bid.dto.Bid, querySpaceUid=&lt;gen:4&gt;, path=org.solent.com504.project.model.auction.dto.Auction.lots.&lt;elements&gt;.bids.&lt;elements&gt;)
    - QuerySpaces
       - EntityQuerySpaceImpl(uid=&lt;gen:0&gt;, entity=org.solent.com504.project.model.auction.dto.Auction)
          - SQL table alias mapping - auction0_
          - alias suffix - 0_
          - suffixed key columns - {id1_0_0_}
          - JOIN (JoinDefinedByMetadata(lots)) : &lt;gen:0&gt; -&gt; &lt;gen:1&gt;
             - CollectionQuerySpaceImpl(uid=&lt;gen:1&gt;, collection=org.solent.com504.project.model.auction.dto.Auction.lots)
                - SQL table alias mapping - lots1_
                - alias suffix - 1_
                - suffixed key columns - {Auction_1_1_1_}
                - entity-element alias suffix - 2_
                - 2_entity-element suffixed key columns - id1_3_2_
                - JOIN (JoinDefinedByMetadata(elements)) : &lt;gen:1&gt; -&gt; &lt;gen:2&gt;
                   - EntityQuerySpaceImpl(uid=&lt;gen:2&gt;, entity=org.solent.com504.project.model.lot.dto.Lot)
                      - SQL table alias mapping - lot2_
                      - alias suffix - 2_
                      - suffixed key columns - {id1_3_2_}

12:23:06.592 [main] [o.h.l.e.p.EntityLoader] DEBUG org.hibernate.loader.entity.plan.EntityLoader - Static select for entity org.solent.com504.project.model.auction.dto.Auction [READ]: select auction0_.id as id1_0_0_, auction0_.auctionType as auctionT2_0_0_, auction0_.startTime as startTim3_0_0_, auction0_.type as type4_0_0_, lots1_.Auction_id as Auction_1_1_1_, lot2_.id as lots_id2_1_1_, lot2_.id as id1_3_2_, lot2_.duration as duration2_3_2_, lot2_.grade as grade3_3_2_, lot2_.highestBidPrice as highestB4_3_2_, lot2_.life_days as life_day5_3_2_, lot2_.pickdate as pickdate6_3_2_, lot2_.quantity as quantity7_3_2_, lot2_.reservedPrice as reserved8_3_2_ from Auction auction0_ left outer join Auction_Lot lots1_ on auction0_.id=lots1_.Auction_id left outer join Lot lot2_ on lots1_.lots_id=lot2_.id where auction0_.id=?
12:23:06.592 [main] [o.h.l.p.b.i.s.QuerySpacesImpl] DEBUG org.hibernate.loader.plan.build.internal.spaces.QuerySpacesImpl - Adding QuerySpace : uid = &lt;gen:0&gt; -&gt; org.hibernate.loader.plan.build.internal.spaces.EntityQuerySpaceImpl@476ee5b3]
12:23:06.592 [main] [o.h.p.w.s.MetamodelGraphWalker] DEBUG org.hibernate.persister.walking.spi.MetamodelGraphWalker - Visiting attribute path : auctionType
12:23:06.592 [main] [o.h.p.w.s.MetamodelGraphWalker] DEBUG org.hibernate.persister.walking.spi.MetamodelGraphWalker - Visiting attribute path : lots
12:23:06.592 [main] [o.h.l.p.b.i.s.QuerySpacesImpl] DEBUG org.hibernate.loader.plan.build.internal.spaces.QuerySpacesImpl - Adding QuerySpace : uid = &lt;gen:1&gt; -&gt; org.hibernate.loader.plan.build.internal.spaces.CollectionQuerySpaceImpl@7cd4a4d7]
12:23:06.592 [main] [o.h.l.p.b.i.s.QuerySpacesImpl] DEBUG org.hibernate.loader.plan.build.internal.spaces.QuerySpacesImpl - Adding QuerySpace : uid = &lt;gen:2&gt; -&gt; org.hibernate.loader.plan.build.internal.spaces.EntityQuerySpaceImpl@317e9c3c]
12:23:06.592 [main] [o.h.p.w.s.MetamodelGraphWalker] DEBUG org.hibernate.persister.walking.spi.MetamodelGraphWalker - Visiting attribute path : startTime
12:23:06.592 [main] [o.h.p.w.s.MetamodelGraphWalker] DEBUG org.hibernate.persister.walking.spi.MetamodelGraphWalker - Visiting attribute path : type
12:23:06.592 [main] [o.h.l.p.b.i.FetchStyleLoadPlanBuildingAssociationVisitationStrategy] DEBUG org.hibernate.loader.plan.build.internal.FetchStyleLoadPlanBuildingAssociationVisitationStrategy - Building LoadPlan...
12:23:06.592 [main] [o.h.l.p.e.i.LoadQueryJoinAndFetchProcessor] DEBUG org.hibernate.loader.plan.exec.internal.LoadQueryJoinAndFetchProcessor - processing queryspace &lt;gen:0&gt;
12:23:06.592 [main] [o.h.l.p.b.s.LoadPlanTreePrinter] DEBUG org.hibernate.loader.plan.build.spi.LoadPlanTreePrinter - LoadPlan(entity=org.solent.com504.project.model.auction.dto.Auction)
    - Returns
       - EntityReturnImpl(entity=org.solent.com504.project.model.auction.dto.Auction, querySpaceUid=&lt;gen:0&gt;, path=org.solent.com504.project.model.auction.dto.Auction)
          - CollectionAttributeFetchImpl(collection=org.solent.com504.project.model.auction.dto.Auction.lots, querySpaceUid=&lt;gen:1&gt;, path=org.solent.com504.project.model.auction.dto.Auction.lots)
             - (collection element) CollectionFetchableElementEntityGraph(entity=org.solent.com504.project.model.lot.dto.Lot, querySpaceUid=&lt;gen:2&gt;, path=org.solent.com504.project.model.auction.dto.Auction.lots.&lt;elements&gt;)
    - QuerySpaces
       - EntityQuerySpaceImpl(uid=&lt;gen:0&gt;, entity=org.solent.com504.project.model.auction.dto.Auction)
          - SQL table alias mapping - auction0_
          - alias suffix - 0_
          - suffixed key columns - {id1_0_0_}

12:23:06.592 [main] [o.h.l.e.p.EntityLoader] DEBUG org.hibernate.loader.entity.plan.EntityLoader - Static select for entity org.solent.com504.project.model.auction.dto.Auction [UPGRADE]: select auction0_.id as id1_0_0_, auction0_.auctionType as auctionT2_0_0_, auction0_.startTime as startTim3_0_0_, auction0_.type as type4_0_0_ from Auction auction0_ where auction0_.id=? for update
12:23:06.592 [main] [o.h.l.p.b.i.s.QuerySpacesImpl] DEBUG org.hibernate.loader.plan.build.internal.spaces.QuerySpacesImpl - Adding QuerySpace : uid = &lt;gen:0&gt; -&gt; org.hibernate.loader.plan.build.internal.spaces.EntityQuerySpaceImpl@18da4dd]
12:23:06.592 [main] [o.h.p.w.s.MetamodelGraphWalker] DEBUG org.hibernate.persister.walking.spi.MetamodelGraphWalker - Visiting attribute path : auctionType
12:23:06.592 [main] [o.h.p.w.s.MetamodelGraphWalker] DEBUG org.hibernate.persister.walking.spi.MetamodelGraphWalker - Visiting attribute path : lots
12:23:06.592 [main] [o.h.l.p.b.i.s.QuerySpacesImpl] DEBUG org.hibernate.loader.plan.build.internal.spaces.QuerySpacesImpl - Adding QuerySpace : uid = &lt;gen:1&gt; -&gt; org.hibernate.loader.plan.build.internal.spaces.CollectionQuerySpaceImpl@68880c21]
12:23:06.592 [main] [o.h.l.p.b.i.s.QuerySpacesImpl] DEBUG org.hibernate.loader.plan.build.internal.spaces.QuerySpacesImpl - Adding QuerySpace : uid = &lt;gen:2&gt; -&gt; org.hibernate.loader.plan.build.internal.spaces.EntityQuerySpaceImpl@2dd2e270]
12:23:06.592 [main] [o.h.p.w.s.MetamodelGraphWalker] DEBUG org.hibernate.persister.walking.spi.MetamodelGraphWalker - Visiting attribute path : startTime
12:23:06.592 [main] [o.h.p.w.s.MetamodelGraphWalker] DEBUG org.hibernate.persister.walking.spi.MetamodelGraphWalker - Visiting attribute path : type
12:23:06.592 [main] [o.h.l.p.b.i.FetchStyleLoadPlanBuildingAssociationVisitationStrategy] DEBUG org.hibernate.loader.plan.build.internal.FetchStyleLoadPlanBuildingAssociationVisitationStrategy - Building LoadPlan...
12:23:06.592 [main] [o.h.l.p.e.i.LoadQueryJoinAndFetchProcessor] DEBUG org.hibernate.loader.plan.exec.internal.LoadQueryJoinAndFetchProcessor - processing queryspace &lt;gen:0&gt;
12:23:06.592 [main] [o.h.l.p.b.s.LoadPlanTreePrinter] DEBUG org.hibernate.loader.plan.build.spi.LoadPlanTreePrinter - LoadPlan(entity=org.solent.com504.project.model.auction.dto.Auction)
    - Returns
       - EntityReturnImpl(entity=org.solent.com504.project.model.auction.dto.Auction, querySpaceUid=&lt;gen:0&gt;, path=org.solent.com504.project.model.auction.dto.Auction)
          - CollectionAttributeFetchImpl(collection=org.solent.com504.project.model.auction.dto.Auction.lots, querySpaceUid=&lt;gen:1&gt;, path=org.solent.com504.project.model.auction.dto.Auction.lots)
             - (collection element) CollectionFetchableElementEntityGraph(entity=org.solent.com504.project.model.lot.dto.Lot, querySpaceUid=&lt;gen:2&gt;, path=org.solent.com504.project.model.auction.dto.Auction.lots.&lt;elements&gt;)
    - QuerySpaces
       - EntityQuerySpaceImpl(uid=&lt;gen:0&gt;, entity=org.solent.com504.project.model.auction.dto.Auction)
          - SQL table alias mapping - auction0_
          - alias suffix - 0_
          - suffixed key columns - {id1_0_0_}

12:23:06.592 [main] [o.h.l.e.p.EntityLoader] DEBUG org.hibernate.loader.entity.plan.EntityLoader - Static select for entity org.solent.com504.project.model.auction.dto.Auction [UPGRADE_NOWAIT]: select auction0_.id as id1_0_0_, auction0_.auctionType as auctionT2_0_0_, auction0_.startTime as startTim3_0_0_, auction0_.type as type4_0_0_ from Auction auction0_ where auction0_.id=? for update
12:23:06.592 [main] [o.h.l.p.b.i.s.QuerySpacesImpl] DEBUG org.hibernate.loader.plan.build.internal.spaces.QuerySpacesImpl - Adding QuerySpace : uid = &lt;gen:0&gt; -&gt; org.hibernate.loader.plan.build.internal.spaces.EntityQuerySpaceImpl@4195105b]
12:23:06.592 [main] [o.h.p.w.s.MetamodelGraphWalker] DEBUG org.hibernate.persister.walking.spi.MetamodelGraphWalker - Visiting attribute path : auctionType
12:23:06.592 [main] [o.h.p.w.s.MetamodelGraphWalker] DEBUG org.hibernate.persister.walking.spi.MetamodelGraphWalker - Visiting attribute path : lots
12:23:06.592 [main] [o.h.l.p.b.i.s.QuerySpacesImpl] DEBUG org.hibernate.loader.plan.build.internal.spaces.QuerySpacesImpl - Adding QuerySpace : uid = &lt;gen:1&gt; -&gt; org.hibernate.loader.plan.build.internal.spaces.CollectionQuerySpaceImpl@47ffe971]
12:23:06.592 [main] [o.h.l.p.b.i.s.QuerySpacesImpl] DEBUG org.hibernate.loader.plan.build.internal.spaces.QuerySpacesImpl - Adding QuerySpace : uid = &lt;gen:2&gt; -&gt; org.hibernate.loader.plan.build.internal.spaces.EntityQuerySpaceImpl@7d04529c]
12:23:06.592 [main] [o.h.p.w.s.MetamodelGraphWalker] DEBUG org.hibernate.persister.walking.spi.MetamodelGraphWalker - Visiting attribute path : startTime
12:23:06.592 [main] [o.h.p.w.s.MetamodelGraphWalker] DEBUG org.hibernate.persister.walking.spi.MetamodelGraphWalker - Visiting attribute path : type
12:23:06.592 [main] [o.h.l.p.b.i.FetchStyleLoadPlanBuildingAssociationVisitationStrategy] DEBUG org.hibernate.loader.plan.build.internal.FetchStyleLoadPlanBuildingAssociationVisitationStrategy - Building LoadPlan...
12:23:06.592 [main] [o.h.l.p.e.i.LoadQueryJoinAndFetchProcessor] DEBUG org.hibernate.loader.plan.exec.internal.LoadQueryJoinAndFetchProcessor - processing queryspace &lt;gen:0&gt;
12:23:06.592 [main] [o.h.l.p.b.s.LoadPlanTreePrinter] DEBUG org.hibernate.loader.plan.build.spi.LoadPlanTreePrinter - LoadPlan(entity=org.solent.com504.project.model.auction.dto.Auction)
    - Returns
       - EntityReturnImpl(entity=org.solent.com504.project.model.auction.dto.Auction, querySpaceUid=&lt;gen:0&gt;, path=org.solent.com504.project.model.auction.dto.Auction)
          - CollectionAttributeFetchImpl(collection=org.solent.com504.project.model.auction.dto.Auction.lots, querySpaceUid=&lt;gen:1&gt;, path=org.solent.com504.project.model.auction.dto.Auction.lots)
             - (collection element) CollectionFetchableElementEntityGraph(entity=org.solent.com504.project.model.lot.dto.Lot, querySpaceUid=&lt;gen:2&gt;, path=org.solent.com504.project.model.auction.dto.Auction.lots.&lt;elements&gt;)
    - QuerySpaces
       - EntityQuerySpaceImpl(uid=&lt;gen:0&gt;, entity=org.solent.com504.project.model.auction.dto.Auction)
          - SQL table alias mapping - auction0_
          - alias suffix - 0_
          - suffixed key columns - {id1_0_0_}

12:23:06.592 [main] [o.h.l.e.p.EntityLoader] DEBUG org.hibernate.loader.entity.plan.EntityLoader - Static select for entity org.solent.com504.project.model.auction.dto.Auction [UPGRADE_SKIPLOCKED]: select auction0_.id as id1_0_0_, auction0_.auctionType as auctionT2_0_0_, auction0_.startTime as startTim3_0_0_, auction0_.type as type4_0_0_ from Auction auction0_ where auction0_.id=? for update
12:23:06.592 [main] [o.h.l.p.b.i.s.QuerySpacesImpl] DEBUG org.hibernate.loader.plan.build.internal.spaces.QuerySpacesImpl - Adding QuerySpace : uid = &lt;gen:0&gt; -&gt; org.hibernate.loader.plan.build.internal.spaces.EntityQuerySpaceImpl@14fa92af]
12:23:06.592 [main] [o.h.p.w.s.MetamodelGraphWalker] DEBUG org.hibernate.persister.walking.spi.MetamodelGraphWalker - Visiting attribute path : auctionType
12:23:06.592 [main] [o.h.p.w.s.MetamodelGraphWalker] DEBUG org.hibernate.persister.walking.spi.MetamodelGraphWalker - Visiting attribute path : lots
12:23:06.592 [main] [o.h.l.p.b.i.s.QuerySpacesImpl] DEBUG org.hibernate.loader.plan.build.internal.spaces.QuerySpacesImpl - Adding QuerySpace : uid = &lt;gen:1&gt; -&gt; org.hibernate.loader.plan.build.internal.spaces.CollectionQuerySpaceImpl@339a3670]
12:23:06.592 [main] [o.h.l.p.b.i.s.QuerySpacesImpl] DEBUG org.hibernate.loader.plan.build.internal.spaces.QuerySpacesImpl - Adding QuerySpace : uid = &lt;gen:2&gt; -&gt; org.hibernate.loader.plan.build.internal.spaces.EntityQuerySpaceImpl@6cd5122d]
12:23:06.592 [main] [o.h.p.w.s.MetamodelGraphWalker] DEBUG org.hibernate.persister.walking.spi.MetamodelGraphWalker - Visiting attribute path : startTime
12:23:06.592 [main] [o.h.p.w.s.MetamodelGraphWalker] DEBUG org.hibernate.persister.walking.spi.MetamodelGraphWalker - Visiting attribute path : type
12:23:06.592 [main] [o.h.l.p.b.i.FetchStyleLoadPlanBuildingAssociationVisitationStrategy] DEBUG org.hibernate.loader.plan.build.internal.FetchStyleLoadPlanBuildingAssociationVisitationStrategy - Building LoadPlan...
12:23:06.592 [main] [o.h.l.p.e.i.LoadQueryJoinAndFetchProcessor] DEBUG org.hibernate.loader.plan.exec.internal.LoadQueryJoinAndFetchProcessor - processing queryspace &lt;gen:0&gt;
12:23:06.592 [main] [o.h.l.p.b.s.LoadPlanTreePrinter] DEBUG org.hibernate.loader.plan.build.spi.LoadPlanTreePrinter - LoadPlan(entity=org.solent.com504.project.model.auction.dto.Auction)
    - Returns
       - EntityReturnImpl(entity=org.solent.com504.project.model.auction.dto.Auction, querySpaceUid=&lt;gen:0&gt;, path=org.solent.com504.project.model.auction.dto.Auction)
          - CollectionAttributeFetchImpl(collection=org.solent.com504.project.model.auction.dto.Auction.lots, querySpaceUid=&lt;gen:1&gt;, path=org.solent.com504.project.model.auction.dto.Auction.lots)
             - (collection element) CollectionFetchableElementEntityGraph(entity=org.solent.com504.project.model.lot.dto.Lot, querySpaceUid=&lt;gen:2&gt;, path=org.solent.com504.project.model.auction.dto.Auction.lots.&lt;elements&gt;)
    - QuerySpaces
       - EntityQuerySpaceImpl(uid=&lt;gen:0&gt;, entity=org.solent.com504.project.model.auction.dto.Auction)
          - SQL table alias mapping - auction0_
          - alias suffix - 0_
          - suffixed key columns - {id1_0_0_}

12:23:06.592 [main] [o.h.l.e.p.EntityLoader] DEBUG org.hibernate.loader.entity.plan.EntityLoader - Static select for entity org.solent.com504.project.model.auction.dto.Auction [FORCE]: select auction0_.id as id1_0_0_, auction0_.auctionType as auctionT2_0_0_, auction0_.startTime as startTim3_0_0_, auction0_.type as type4_0_0_ from Auction auction0_ where auction0_.id=? for update
12:23:06.592 [main] [o.h.l.p.b.i.s.QuerySpacesImpl] DEBUG org.hibernate.loader.plan.build.internal.spaces.QuerySpacesImpl - Adding QuerySpace : uid = &lt;gen:0&gt; -&gt; org.hibernate.loader.plan.build.internal.spaces.EntityQuerySpaceImpl@2c7a8af2]
12:23:06.592 [main] [o.h.p.w.s.MetamodelGraphWalker] DEBUG org.hibernate.persister.walking.spi.MetamodelGraphWalker - Visiting attribute path : auctionType
12:23:06.592 [main] [o.h.p.w.s.MetamodelGraphWalker] DEBUG org.hibernate.persister.walking.spi.MetamodelGraphWalker - Visiting attribute path : lots
12:23:06.592 [main] [o.h.l.p.b.i.s.QuerySpacesImpl] DEBUG org.hibernate.loader.plan.build.internal.spaces.QuerySpacesImpl - Adding QuerySpace : uid = &lt;gen:1&gt; -&gt; org.hibernate.loader.plan.build.internal.spaces.CollectionQuerySpaceImpl@720bf653]
12:23:06.592 [main] [o.h.l.p.b.i.s.QuerySpacesImpl] DEBUG org.hibernate.loader.plan.build.internal.spaces.QuerySpacesImpl - Adding QuerySpace : uid = &lt;gen:2&gt; -&gt; org.hibernate.loader.plan.build.internal.spaces.EntityQuerySpaceImpl@360bc645]
12:23:06.592 [main] [o.h.p.w.s.MetamodelGraphWalker] DEBUG org.hibernate.persister.walking.spi.MetamodelGraphWalker - Visiting attribute path : startTime
12:23:06.592 [main] [o.h.p.w.s.MetamodelGraphWalker] DEBUG org.hibernate.persister.walking.spi.MetamodelGraphWalker - Visiting attribute path : type
12:23:06.592 [main] [o.h.l.p.b.i.FetchStyleLoadPlanBuildingAssociationVisitationStrategy] DEBUG org.hibernate.loader.plan.build.internal.FetchStyleLoadPlanBuildingAssociationVisitationStrategy - Building LoadPlan...
12:23:06.592 [main] [o.h.l.p.e.i.LoadQueryJoinAndFetchProcessor] DEBUG org.hibernate.loader.plan.exec.internal.LoadQueryJoinAndFetchProcessor - processing queryspace &lt;gen:0&gt;
12:23:06.608 [main] [o.h.l.p.b.s.LoadPlanTreePrinter] DEBUG org.hibernate.loader.plan.build.spi.LoadPlanTreePrinter - LoadPlan(entity=org.solent.com504.project.model.auction.dto.Auction)
    - Returns
       - EntityReturnImpl(entity=org.solent.com504.project.model.auction.dto.Auction, querySpaceUid=&lt;gen:0&gt;, path=org.solent.com504.project.model.auction.dto.Auction)
          - CollectionAttributeFetchImpl(collection=org.solent.com504.project.model.auction.dto.Auction.lots, querySpaceUid=&lt;gen:1&gt;, path=org.solent.com504.project.model.auction.dto.Auction.lots)
             - (collection element) CollectionFetchableElementEntityGraph(entity=org.solent.com504.project.model.lot.dto.Lot, querySpaceUid=&lt;gen:2&gt;, path=org.solent.com504.project.model.auction.dto.Auction.lots.&lt;elements&gt;)
    - QuerySpaces
       - EntityQuerySpaceImpl(uid=&lt;gen:0&gt;, entity=org.solent.com504.project.model.auction.dto.Auction)
          - SQL table alias mapping - auction0_
          - alias suffix - 0_
          - suffixed key columns - {id1_0_0_}

12:23:06.608 [main] [o.h.l.e.p.EntityLoader] DEBUG org.hibernate.loader.entity.plan.EntityLoader - Static select for entity org.solent.com504.project.model.auction.dto.Auction [PESSIMISTIC_READ]: select auction0_.id as id1_0_0_, auction0_.auctionType as auctionT2_0_0_, auction0_.startTime as startTim3_0_0_, auction0_.type as type4_0_0_ from Auction auction0_ where auction0_.id=? for update
12:23:06.608 [main] [o.h.l.p.b.i.s.QuerySpacesImpl] DEBUG org.hibernate.loader.plan.build.internal.spaces.QuerySpacesImpl - Adding QuerySpace : uid = &lt;gen:0&gt; -&gt; org.hibernate.loader.plan.build.internal.spaces.EntityQuerySpaceImpl@4edef76c]
12:23:06.608 [main] [o.h.p.w.s.MetamodelGraphWalker] DEBUG org.hibernate.persister.walking.spi.MetamodelGraphWalker - Visiting attribute path : auctionType
12:23:06.608 [main] [o.h.p.w.s.MetamodelGraphWalker] DEBUG org.hibernate.persister.walking.spi.MetamodelGraphWalker - Visiting attribute path : lots
12:23:06.608 [main] [o.h.l.p.b.i.s.QuerySpacesImpl] DEBUG org.hibernate.loader.plan.build.internal.spaces.QuerySpacesImpl - Adding QuerySpace : uid = &lt;gen:1&gt; -&gt; org.hibernate.loader.plan.build.internal.spaces.CollectionQuerySpaceImpl@70c53dbe]
12:23:06.608 [main] [o.h.l.p.b.i.s.QuerySpacesImpl] DEBUG org.hibernate.loader.plan.build.internal.spaces.QuerySpacesImpl - Adding QuerySpace : uid = &lt;gen:2&gt; -&gt; org.hibernate.loader.plan.build.internal.spaces.EntityQuerySpaceImpl@1894e40d]
12:23:06.608 [main] [o.h.p.w.s.MetamodelGraphWalker] DEBUG org.hibernate.persister.walking.spi.MetamodelGraphWalker - Visiting attribute path : startTime
12:23:06.608 [main] [o.h.p.w.s.MetamodelGraphWalker] DEBUG org.hibernate.persister.walking.spi.MetamodelGraphWalker - Visiting attribute path : type
12:23:06.608 [main] [o.h.l.p.b.i.FetchStyleLoadPlanBuildingAssociationVisitationStrategy] DEBUG org.hibernate.loader.plan.build.internal.FetchStyleLoadPlanBuildingAssociationVisitationStrategy - Building LoadPlan...
12:23:06.608 [main] [o.h.l.p.e.i.LoadQueryJoinAndFetchProcessor] DEBUG org.hibernate.loader.plan.exec.internal.LoadQueryJoinAndFetchProcessor - processing queryspace &lt;gen:0&gt;
12:23:06.608 [main] [o.h.l.p.b.s.LoadPlanTreePrinter] DEBUG org.hibernate.loader.plan.build.spi.LoadPlanTreePrinter - LoadPlan(entity=org.solent.com504.project.model.auction.dto.Auction)
    - Returns
       - EntityReturnImpl(entity=org.solent.com504.project.model.auction.dto.Auction, querySpaceUid=&lt;gen:0&gt;, path=org.solent.com504.project.model.auction.dto.Auction)
          - CollectionAttributeFetchImpl(collection=org.solent.com504.project.model.auction.dto.Auction.lots, querySpaceUid=&lt;gen:1&gt;, path=org.solent.com504.project.model.auction.dto.Auction.lots)
             - (collection element) CollectionFetchableElementEntityGraph(entity=org.solent.com504.project.model.lot.dto.Lot, querySpaceUid=&lt;gen:2&gt;, path=org.solent.com504.project.model.auction.dto.Auction.lots.&lt;elements&gt;)
    - QuerySpaces
       - EntityQuerySpaceImpl(uid=&lt;gen:0&gt;, entity=org.solent.com504.project.model.auction.dto.Auction)
          - SQL table alias mapping - auction0_
          - alias suffix - 0_
          - suffixed key columns - {id1_0_0_}

12:23:06.608 [main] [o.h.l.e.p.EntityLoader] DEBUG org.hibernate.loader.entity.plan.EntityLoader - Static select for entity org.solent.com504.project.model.auction.dto.Auction [PESSIMISTIC_WRITE]: select auction0_.id as id1_0_0_, auction0_.auctionType as auctionT2_0_0_, auction0_.startTime as startTim3_0_0_, auction0_.type as type4_0_0_ from Auction auction0_ where auction0_.id=? for update
12:23:06.608 [main] [o.h.l.p.b.i.s.QuerySpacesImpl] DEBUG org.hibernate.loader.plan.build.internal.spaces.QuerySpacesImpl - Adding QuerySpace : uid = &lt;gen:0&gt; -&gt; org.hibernate.loader.plan.build.internal.spaces.EntityQuerySpaceImpl@21c815e4]
12:23:06.608 [main] [o.h.p.w.s.MetamodelGraphWalker] DEBUG org.hibernate.persister.walking.spi.MetamodelGraphWalker - Visiting attribute path : auctionType
12:23:06.608 [main] [o.h.p.w.s.MetamodelGraphWalker] DEBUG org.hibernate.persister.walking.spi.MetamodelGraphWalker - Visiting attribute path : lots
12:23:06.608 [main] [o.h.l.p.b.i.s.QuerySpacesImpl] DEBUG org.hibernate.loader.plan.build.internal.spaces.QuerySpacesImpl - Adding QuerySpace : uid = &lt;gen:1&gt; -&gt; org.hibernate.loader.plan.build.internal.spaces.CollectionQuerySpaceImpl@2a331b46]
12:23:06.608 [main] [o.h.l.p.b.i.s.QuerySpacesImpl] DEBUG org.hibernate.loader.plan.build.internal.spaces.QuerySpacesImpl - Adding QuerySpace : uid = &lt;gen:2&gt; -&gt; org.hibernate.loader.plan.build.internal.spaces.EntityQuerySpaceImpl@15383681]
12:23:06.608 [main] [o.h.p.w.s.MetamodelGraphWalker] DEBUG org.hibernate.persister.walking.spi.MetamodelGraphWalker - Visiting attribute path : startTime
12:23:06.608 [main] [o.h.p.w.s.MetamodelGraphWalker] DEBUG org.hibernate.persister.walking.spi.MetamodelGraphWalker - Visiting attribute path : type
12:23:06.608 [main] [o.h.l.p.b.i.FetchStyleLoadPlanBuildingAssociationVisitationStrategy] DEBUG org.hibernate.loader.plan.build.internal.FetchStyleLoadPlanBuildingAssociationVisitationStrategy - Building LoadPlan...
12:23:06.608 [main] [o.h.l.p.e.i.LoadQueryJoinAndFetchProcessor] DEBUG org.hibernate.loader.plan.exec.internal.LoadQueryJoinAndFetchProcessor - processing queryspace &lt;gen:0&gt;
12:23:06.608 [main] [o.h.l.p.b.s.LoadPlanTreePrinter] DEBUG org.hibernate.loader.plan.build.spi.LoadPlanTreePrinter - LoadPlan(entity=org.solent.com504.project.model.auction.dto.Auction)
    - Returns
       - EntityReturnImpl(entity=org.solent.com504.project.model.auction.dto.Auction, querySpaceUid=&lt;gen:0&gt;, path=org.solent.com504.project.model.auction.dto.Auction)
          - CollectionAttributeFetchImpl(collection=org.solent.com504.project.model.auction.dto.Auction.lots, querySpaceUid=&lt;gen:1&gt;, path=org.solent.com504.project.model.auction.dto.Auction.lots)
             - (collection element) CollectionFetchableElementEntityGraph(entity=org.solent.com504.project.model.lot.dto.Lot, querySpaceUid=&lt;gen:2&gt;, path=org.solent.com504.project.model.auction.dto.Auction.lots.&lt;elements&gt;)
    - QuerySpaces
       - EntityQuerySpaceImpl(uid=&lt;gen:0&gt;, entity=org.solent.com504.project.model.auction.dto.Auction)
          - SQL table alias mapping - auction0_
          - alias suffix - 0_
          - suffixed key columns - {id1_0_0_}

12:23:06.608 [main] [o.h.l.e.p.EntityLoader] DEBUG org.hibernate.loader.entity.plan.EntityLoader - Static select for entity org.solent.com504.project.model.auction.dto.Auction [PESSIMISTIC_FORCE_INCREMENT]: select auction0_.id as id1_0_0_, auction0_.auctionType as auctionT2_0_0_, auction0_.startTime as startTim3_0_0_, auction0_.type as type4_0_0_ from Auction auction0_ where auction0_.id=? for update
12:23:06.608 [main] [o.h.l.p.b.i.s.QuerySpacesImpl] DEBUG org.hibernate.loader.plan.build.internal.spaces.QuerySpacesImpl - Adding QuerySpace : uid = &lt;gen:0&gt; -&gt; org.hibernate.loader.plan.build.internal.spaces.EntityQuerySpaceImpl@743e66f7]
12:23:06.608 [main] [o.h.p.w.s.MetamodelGraphWalker] DEBUG org.hibernate.persister.walking.spi.MetamodelGraphWalker - Visiting attribute path : auctionType
12:23:06.608 [main] [o.h.p.w.s.MetamodelGraphWalker] DEBUG org.hibernate.persister.walking.spi.MetamodelGraphWalker - Visiting attribute path : lots
12:23:06.608 [main] [o.h.l.p.b.i.s.QuerySpacesImpl] DEBUG org.hibernate.loader.plan.build.internal.spaces.QuerySpacesImpl - Adding QuerySpace : uid = &lt;gen:1&gt; -&gt; org.hibernate.loader.plan.build.internal.spaces.CollectionQuerySpaceImpl@2241f05b]
12:23:06.608 [main] [o.h.l.p.b.i.s.QuerySpacesImpl] DEBUG org.hibernate.loader.plan.build.internal.spaces.QuerySpacesImpl - Adding QuerySpace : uid = &lt;gen:2&gt; -&gt; org.hibernate.loader.plan.build.internal.spaces.EntityQuerySpaceImpl@761956ac]
12:23:06.608 [main] [o.h.p.w.s.MetamodelGraphWalker] DEBUG org.hibernate.persister.walking.spi.MetamodelGraphWalker - Visiting attribute path : startTime
12:23:06.608 [main] [o.h.p.w.s.MetamodelGraphWalker] DEBUG org.hibernate.persister.walking.spi.MetamodelGraphWalker - Visiting attribute path : type
12:23:06.608 [main] [o.h.l.p.b.i.FetchStyleLoadPlanBuildingAssociationVisitationStrategy] DEBUG org.hibernate.loader.plan.build.internal.FetchStyleLoadPlanBuildingAssociationVisitationStrategy - Building LoadPlan...
12:23:06.608 [main] [o.h.l.p.e.i.LoadQueryJoinAndFetchProcessor] DEBUG org.hibernate.loader.plan.exec.internal.LoadQueryJoinAndFetchProcessor - processing queryspace &lt;gen:0&gt;
12:23:06.608 [main] [o.h.l.p.b.s.LoadPlanTreePrinter] DEBUG org.hibernate.loader.plan.build.spi.LoadPlanTreePrinter - LoadPlan(entity=org.solent.com504.project.model.auction.dto.Auction)
    - Returns
       - EntityReturnImpl(entity=org.solent.com504.project.model.auction.dto.Auction, querySpaceUid=&lt;gen:0&gt;, path=org.solent.com504.project.model.auction.dto.Auction)
          - CollectionAttributeFetchImpl(collection=org.solent.com504.project.model.auction.dto.Auction.lots, querySpaceUid=&lt;gen:1&gt;, path=org.solent.com504.project.model.auction.dto.Auction.lots)
             - (collection element) CollectionFetchableElementEntityGraph(entity=org.solent.com504.project.model.lot.dto.Lot, querySpaceUid=&lt;gen:2&gt;, path=org.solent.com504.project.model.auction.dto.Auction.lots.&lt;elements&gt;)
    - QuerySpaces
       - EntityQuerySpaceImpl(uid=&lt;gen:0&gt;, entity=org.solent.com504.project.model.auction.dto.Auction)
          - SQL table alias mapping - auction0_
          - alias suffix - 0_
          - suffixed key columns - {id1_0_0_}

12:23:06.608 [main] [o.h.l.e.p.EntityLoader] DEBUG org.hibernate.loader.entity.plan.EntityLoader - Static select for entity org.solent.com504.project.model.auction.dto.Auction [OPTIMISTIC]: select auction0_.id as id1_0_0_, auction0_.auctionType as auctionT2_0_0_, auction0_.startTime as startTim3_0_0_, auction0_.type as type4_0_0_ from Auction auction0_ where auction0_.id=?
12:23:06.608 [main] [o.h.l.p.b.i.s.QuerySpacesImpl] DEBUG org.hibernate.loader.plan.build.internal.spaces.QuerySpacesImpl - Adding QuerySpace : uid = &lt;gen:0&gt; -&gt; org.hibernate.loader.plan.build.internal.spaces.EntityQuerySpaceImpl@71978f46]
12:23:06.608 [main] [o.h.p.w.s.MetamodelGraphWalker] DEBUG org.hibernate.persister.walking.spi.MetamodelGraphWalker - Visiting attribute path : auctionType
12:23:06.608 [main] [o.h.p.w.s.MetamodelGraphWalker] DEBUG org.hibernate.persister.walking.spi.MetamodelGraphWalker - Visiting attribute path : lots
12:23:06.608 [main] [o.h.l.p.b.i.s.QuerySpacesImpl] DEBUG org.hibernate.loader.plan.build.internal.spaces.QuerySpacesImpl - Adding QuerySpace : uid = &lt;gen:1&gt; -&gt; org.hibernate.loader.plan.build.internal.spaces.CollectionQuerySpaceImpl@1d23ff23]
12:23:06.608 [main] [o.h.l.p.b.i.s.QuerySpacesImpl] DEBUG org.hibernate.loader.plan.build.internal.spaces.QuerySpacesImpl - Adding QuerySpace : uid = &lt;gen:2&gt; -&gt; org.hibernate.loader.plan.build.internal.spaces.EntityQuerySpaceImpl@2133661d]
12:23:06.608 [main] [o.h.p.w.s.MetamodelGraphWalker] DEBUG org.hibernate.persister.walking.spi.MetamodelGraphWalker - Visiting attribute path : startTime
12:23:06.608 [main] [o.h.p.w.s.MetamodelGraphWalker] DEBUG org.hibernate.persister.walking.spi.MetamodelGraphWalker - Visiting attribute path : type
12:23:06.608 [main] [o.h.l.p.b.i.FetchStyleLoadPlanBuildingAssociationVisitationStrategy] DEBUG org.hibernate.loader.plan.build.internal.FetchStyleLoadPlanBuildingAssociationVisitationStrategy - Building LoadPlan...
12:23:06.608 [main] [o.h.l.p.e.i.LoadQueryJoinAndFetchProcessor] DEBUG org.hibernate.loader.plan.exec.internal.LoadQueryJoinAndFetchProcessor - processing queryspace &lt;gen:0&gt;
12:23:06.608 [main] [o.h.l.p.b.s.LoadPlanTreePrinter] DEBUG org.hibernate.loader.plan.build.spi.LoadPlanTreePrinter - LoadPlan(entity=org.solent.com504.project.model.auction.dto.Auction)
    - Returns
       - EntityReturnImpl(entity=org.solent.com504.project.model.auction.dto.Auction, querySpaceUid=&lt;gen:0&gt;, path=org.solent.com504.project.model.auction.dto.Auction)
          - CollectionAttributeFetchImpl(collection=org.solent.com504.project.model.auction.dto.Auction.lots, querySpaceUid=&lt;gen:1&gt;, path=org.solent.com504.project.model.auction.dto.Auction.lots)
             - (collection element) CollectionFetchableElementEntityGraph(entity=org.solent.com504.project.model.lot.dto.Lot, querySpaceUid=&lt;gen:2&gt;, path=org.solent.com504.project.model.auction.dto.Auction.lots.&lt;elements&gt;)
    - QuerySpaces
       - EntityQuerySpaceImpl(uid=&lt;gen:0&gt;, entity=org.solent.com504.project.model.auction.dto.Auction)
          - SQL table alias mapping - auction0_
          - alias suffix - 0_
          - suffixed key columns - {id1_0_0_}

12:23:06.608 [main] [o.h.l.e.p.EntityLoader] DEBUG org.hibernate.loader.entity.plan.EntityLoader - Static select for entity org.solent.com504.project.model.auction.dto.Auction [OPTIMISTIC_FORCE_INCREMENT]: select auction0_.id as id1_0_0_, auction0_.auctionType as auctionT2_0_0_, auction0_.startTime as startTim3_0_0_, auction0_.type as type4_0_0_ from Auction auction0_ where auction0_.id=?
12:23:06.608 [main] [o.h.l.Loader] DEBUG org.hibernate.loader.Loader - Static select for action ACTION_MERGE on entity org.solent.com504.project.model.auction.dto.Auction: select auction0_.id as id1_0_0_, auction0_.auctionType as auctionT2_0_0_, auction0_.startTime as startTim3_0_0_, auction0_.type as type4_0_0_ from Auction auction0_ where auction0_.id=?
12:23:06.608 [main] [o.h.l.Loader] DEBUG org.hibernate.loader.Loader - Static select for action ACTION_REFRESH on entity org.solent.com504.project.model.auction.dto.Auction: select auction0_.id as id1_0_0_, auction0_.auctionType as auctionT2_0_0_, auction0_.startTime as startTim3_0_0_, auction0_.type as type4_0_0_ from Auction auction0_ where auction0_.id=?
12:23:06.608 [main] [o.h.p.e.AbstractEntityPersister] DEBUG org.hibernate.persister.entity.AbstractEntityPersister - Static SQL for entity: org.solent.com504.project.model.lot.dto.Lot
12:23:06.608 [main] [o.h.p.e.AbstractEntityPersister] DEBUG org.hibernate.persister.entity.AbstractEntityPersister -  Version select: select id from Lot where id =?
12:23:06.608 [main] [o.h.p.e.AbstractEntityPersister] DEBUG org.hibernate.persister.entity.AbstractEntityPersister -  Snapshot select: select lot_.id, lot_.duration as duration2_3_, lot_.grade as grade3_3_, lot_.highestBidPrice as highestB4_3_, lot_.life_days as life_day5_3_, lot_.pickdate as pickdate6_3_, lot_.quantity as quantity7_3_, lot_.reservedPrice as reserved8_3_ from Lot lot_ where lot_.id=?
12:23:06.608 [main] [o.h.p.e.AbstractEntityPersister] DEBUG org.hibernate.persister.entity.AbstractEntityPersister -  Insert 0: insert into Lot (duration, grade, highestBidPrice, life_days, pickdate, quantity, reservedPrice, id) values (?, ?, ?, ?, ?, ?, ?, ?)
12:23:06.608 [main] [o.h.p.e.AbstractEntityPersister] DEBUG org.hibernate.persister.entity.AbstractEntityPersister -  Update 0: update Lot set duration=?, grade=?, highestBidPrice=?, life_days=?, pickdate=?, quantity=?, reservedPrice=? where id=?
12:23:06.608 [main] [o.h.p.e.AbstractEntityPersister] DEBUG org.hibernate.persister.entity.AbstractEntityPersister -  Delete 0: delete from Lot where id=?
12:23:06.608 [main] [o.h.l.p.b.i.s.QuerySpacesImpl] DEBUG org.hibernate.loader.plan.build.internal.spaces.QuerySpacesImpl - Adding QuerySpace : uid = &lt;gen:0&gt; -&gt; org.hibernate.loader.plan.build.internal.spaces.EntityQuerySpaceImpl@6c9320c2]
12:23:06.608 [main] [o.h.p.w.s.MetamodelGraphWalker] DEBUG org.hibernate.persister.walking.spi.MetamodelGraphWalker - Visiting attribute path : bids
12:23:06.608 [main] [o.h.l.p.b.i.s.QuerySpacesImpl] DEBUG org.hibernate.loader.plan.build.internal.spaces.QuerySpacesImpl - Adding QuerySpace : uid = &lt;gen:1&gt; -&gt; org.hibernate.loader.plan.build.internal.spaces.CollectionQuerySpaceImpl@36cc9385]
12:23:06.608 [main] [o.h.l.p.b.i.s.QuerySpacesImpl] DEBUG org.hibernate.loader.plan.build.internal.spaces.QuerySpacesImpl - Adding QuerySpace : uid = &lt;gen:2&gt; -&gt; org.hibernate.loader.plan.build.internal.spaces.EntityQuerySpaceImpl@cf518cf]
12:23:06.608 [main] [o.h.p.w.s.MetamodelGraphWalker] DEBUG org.hibernate.persister.walking.spi.MetamodelGraphWalker - Visiting attribute path : duration
12:23:06.608 [main] [o.h.p.w.s.MetamodelGraphWalker] DEBUG org.hibernate.persister.walking.spi.MetamodelGraphWalker - Visiting attribute path : grade
12:23:06.608 [main] [o.h.p.w.s.MetamodelGraphWalker] DEBUG org.hibernate.persister.walking.spi.MetamodelGraphWalker - Visiting attribute path : highestBidPrice
12:23:06.608 [main] [o.h.p.w.s.MetamodelGraphWalker] DEBUG org.hibernate.persister.walking.spi.MetamodelGraphWalker - Visiting attribute path : life_days
12:23:06.608 [main] [o.h.p.w.s.MetamodelGraphWalker] DEBUG org.hibernate.persister.walking.spi.MetamodelGraphWalker - Visiting attribute path : pickdate
12:23:06.608 [main] [o.h.p.w.s.MetamodelGraphWalker] DEBUG org.hibernate.persister.walking.spi.MetamodelGraphWalker - Visiting attribute path : quantity
12:23:06.608 [main] [o.h.p.w.s.MetamodelGraphWalker] DEBUG org.hibernate.persister.walking.spi.MetamodelGraphWalker - Visiting attribute path : reservedPrice
12:23:06.608 [main] [o.h.l.p.b.i.FetchStyleLoadPlanBuildingAssociationVisitationStrategy] DEBUG org.hibernate.loader.plan.build.internal.FetchStyleLoadPlanBuildingAssociationVisitationStrategy - Building LoadPlan...
12:23:06.608 [main] [o.h.l.p.e.i.LoadQueryJoinAndFetchProcessor] DEBUG org.hibernate.loader.plan.exec.internal.LoadQueryJoinAndFetchProcessor - processing queryspace &lt;gen:0&gt;
12:23:06.608 [main] [o.h.l.p.b.s.LoadPlanTreePrinter] DEBUG org.hibernate.loader.plan.build.spi.LoadPlanTreePrinter - LoadPlan(entity=org.solent.com504.project.model.lot.dto.Lot)
    - Returns
       - EntityReturnImpl(entity=org.solent.com504.project.model.lot.dto.Lot, querySpaceUid=&lt;gen:0&gt;, path=org.solent.com504.project.model.lot.dto.Lot)
          - CollectionAttributeFetchImpl(collection=org.solent.com504.project.model.lot.dto.Lot.bids, querySpaceUid=&lt;gen:1&gt;, path=org.solent.com504.project.model.lot.dto.Lot.bids)
             - (collection element) CollectionFetchableElementEntityGraph(entity=org.solent.com504.project.model.bid.dto.Bid, querySpaceUid=&lt;gen:2&gt;, path=org.solent.com504.project.model.lot.dto.Lot.bids.&lt;elements&gt;)
    - QuerySpaces
       - EntityQuerySpaceImpl(uid=&lt;gen:0&gt;, entity=org.solent.com504.project.model.lot.dto.Lot)
          - SQL table alias mapping - lot0_
          - alias suffix - 0_
          - suffixed key columns - {id1_3_0_}

12:23:06.608 [main] [o.h.l.e.p.EntityLoader] DEBUG org.hibernate.loader.entity.plan.EntityLoader - Static select for entity org.solent.com504.project.model.lot.dto.Lot [NONE]: select lot0_.id as id1_3_0_, lot0_.duration as duration2_3_0_, lot0_.grade as grade3_3_0_, lot0_.highestBidPrice as highestB4_3_0_, lot0_.life_days as life_day5_3_0_, lot0_.pickdate as pickdate6_3_0_, lot0_.quantity as quantity7_3_0_, lot0_.reservedPrice as reserved8_3_0_ from Lot lot0_ where lot0_.id=?
12:23:06.608 [main] [o.h.l.p.b.i.s.QuerySpacesImpl] DEBUG org.hibernate.loader.plan.build.internal.spaces.QuerySpacesImpl - Adding QuerySpace : uid = &lt;gen:0&gt; -&gt; org.hibernate.loader.plan.build.internal.spaces.EntityQuerySpaceImpl@7915bca3]
12:23:06.608 [main] [o.h.p.w.s.MetamodelGraphWalker] DEBUG org.hibernate.persister.walking.spi.MetamodelGraphWalker - Visiting attribute path : bids
12:23:06.608 [main] [o.h.l.p.b.i.s.QuerySpacesImpl] DEBUG org.hibernate.loader.plan.build.internal.spaces.QuerySpacesImpl - Adding QuerySpace : uid = &lt;gen:1&gt; -&gt; org.hibernate.loader.plan.build.internal.spaces.CollectionQuerySpaceImpl@3ad4a7d6]
12:23:06.608 [main] [o.h.l.p.b.i.s.QuerySpacesImpl] DEBUG org.hibernate.loader.plan.build.internal.spaces.QuerySpacesImpl - Adding QuerySpace : uid = &lt;gen:2&gt; -&gt; org.hibernate.loader.plan.build.internal.spaces.EntityQuerySpaceImpl@1e43e323]
12:23:06.608 [main] [o.h.p.w.s.MetamodelGraphWalker] DEBUG org.hibernate.persister.walking.spi.MetamodelGraphWalker - Visiting attribute path : duration
12:23:06.608 [main] [o.h.p.w.s.MetamodelGraphWalker] DEBUG org.hibernate.persister.walking.spi.MetamodelGraphWalker - Visiting attribute path : grade
12:23:06.608 [main] [o.h.p.w.s.MetamodelGraphWalker] DEBUG org.hibernate.persister.walking.spi.MetamodelGraphWalker - Visiting attribute path : highestBidPrice
12:23:06.608 [main] [o.h.p.w.s.MetamodelGraphWalker] DEBUG org.hibernate.persister.walking.spi.MetamodelGraphWalker - Visiting attribute path : life_days
12:23:06.608 [main] [o.h.p.w.s.MetamodelGraphWalker] DEBUG org.hibernate.persister.walking.spi.MetamodelGraphWalker - Visiting attribute path : pickdate
12:23:06.608 [main] [o.h.p.w.s.MetamodelGraphWalker] DEBUG org.hibernate.persister.walking.spi.MetamodelGraphWalker - Visiting attribute path : quantity
12:23:06.608 [main] [o.h.p.w.s.MetamodelGraphWalker] DEBUG org.hibernate.persister.walking.spi.MetamodelGraphWalker - Visiting attribute path : reservedPrice
12:23:06.608 [main] [o.h.l.p.b.i.FetchStyleLoadPlanBuildingAssociationVisitationStrategy] DEBUG org.hibernate.loader.plan.build.internal.FetchStyleLoadPlanBuildingAssociationVisitationStrategy - Building LoadPlan...
12:23:06.624 [main] [o.h.l.p.e.i.LoadQueryJoinAndFetchProcessor] DEBUG org.hibernate.loader.plan.exec.internal.LoadQueryJoinAndFetchProcessor - processing queryspace &lt;gen:0&gt;
12:23:06.624 [main] [o.h.l.p.b.s.LoadPlanTreePrinter] DEBUG org.hibernate.loader.plan.build.spi.LoadPlanTreePrinter - LoadPlan(entity=org.solent.com504.project.model.lot.dto.Lot)
    - Returns
       - EntityReturnImpl(entity=org.solent.com504.project.model.lot.dto.Lot, querySpaceUid=&lt;gen:0&gt;, path=org.solent.com504.project.model.lot.dto.Lot)
          - CollectionAttributeFetchImpl(collection=org.solent.com504.project.model.lot.dto.Lot.bids, querySpaceUid=&lt;gen:1&gt;, path=org.solent.com504.project.model.lot.dto.Lot.bids)
             - (collection element) CollectionFetchableElementEntityGraph(entity=org.solent.com504.project.model.bid.dto.Bid, querySpaceUid=&lt;gen:2&gt;, path=org.solent.com504.project.model.lot.dto.Lot.bids.&lt;elements&gt;)
    - QuerySpaces
       - EntityQuerySpaceImpl(uid=&lt;gen:0&gt;, entity=org.solent.com504.project.model.lot.dto.Lot)
          - SQL table alias mapping - lot0_
          - alias suffix - 0_
          - suffixed key columns - {id1_3_0_}

12:23:06.624 [main] [o.h.l.e.p.EntityLoader] DEBUG org.hibernate.loader.entity.plan.EntityLoader - Static select for entity org.solent.com504.project.model.lot.dto.Lot [READ]: select lot0_.id as id1_3_0_, lot0_.duration as duration2_3_0_, lot0_.grade as grade3_3_0_, lot0_.highestBidPrice as highestB4_3_0_, lot0_.life_days as life_day5_3_0_, lot0_.pickdate as pickdate6_3_0_, lot0_.quantity as quantity7_3_0_, lot0_.reservedPrice as reserved8_3_0_ from Lot lot0_ where lot0_.id=?
12:23:06.624 [main] [o.h.l.p.b.i.s.QuerySpacesImpl] DEBUG org.hibernate.loader.plan.build.internal.spaces.QuerySpacesImpl - Adding QuerySpace : uid = &lt;gen:0&gt; -&gt; org.hibernate.loader.plan.build.internal.spaces.EntityQuerySpaceImpl@4a67b4ec]
12:23:06.624 [main] [o.h.p.w.s.MetamodelGraphWalker] DEBUG org.hibernate.persister.walking.spi.MetamodelGraphWalker - Visiting attribute path : bids
12:23:06.624 [main] [o.h.l.p.b.i.s.QuerySpacesImpl] DEBUG org.hibernate.loader.plan.build.internal.spaces.QuerySpacesImpl - Adding QuerySpace : uid = &lt;gen:1&gt; -&gt; org.hibernate.loader.plan.build.internal.spaces.CollectionQuerySpaceImpl@f91da5e]
12:23:06.624 [main] [o.h.l.p.b.i.s.QuerySpacesImpl] DEBUG org.hibernate.loader.plan.build.internal.spaces.QuerySpacesImpl - Adding QuerySpace : uid = &lt;gen:2&gt; -&gt; org.hibernate.loader.plan.build.internal.spaces.EntityQuerySpaceImpl@eca6a74]
12:23:06.624 [main] [o.h.p.w.s.MetamodelGraphWalker] DEBUG org.hibernate.persister.walking.spi.MetamodelGraphWalker - Visiting attribute path : duration
12:23:06.624 [main] [o.h.p.w.s.MetamodelGraphWalker] DEBUG org.hibernate.persister.walking.spi.MetamodelGraphWalker - Visiting attribute path : grade
12:23:06.624 [main] [o.h.p.w.s.MetamodelGraphWalker] DEBUG org.hibernate.persister.walking.spi.MetamodelGraphWalker - Visiting attribute path : highestBidPrice
12:23:06.624 [main] [o.h.p.w.s.MetamodelGraphWalker] DEBUG org.hibernate.persister.walking.spi.MetamodelGraphWalker - Visiting attribute path : life_days
12:23:06.624 [main] [o.h.p.w.s.MetamodelGraphWalker] DEBUG org.hibernate.persister.walking.spi.MetamodelGraphWalker - Visiting attribute path : pickdate
12:23:06.624 [main] [o.h.p.w.s.MetamodelGraphWalker] DEBUG org.hibernate.persister.walking.spi.MetamodelGraphWalker - Visiting attribute path : quantity
12:23:06.624 [main] [o.h.p.w.s.MetamodelGraphWalker] DEBUG org.hibernate.persister.walking.spi.MetamodelGraphWalker - Visiting attribute path : reservedPrice
12:23:06.624 [main] [o.h.l.p.b.i.FetchStyleLoadPlanBuildingAssociationVisitationStrategy] DEBUG org.hibernate.loader.plan.build.internal.FetchStyleLoadPlanBuildingAssociationVisitationStrategy - Building LoadPlan...
12:23:06.624 [main] [o.h.l.p.e.i.LoadQueryJoinAndFetchProcessor] DEBUG org.hibernate.loader.plan.exec.internal.LoadQueryJoinAndFetchProcessor - processing queryspace &lt;gen:0&gt;
12:23:06.624 [main] [o.h.l.p.b.s.LoadPlanTreePrinter] DEBUG org.hibernate.loader.plan.build.spi.LoadPlanTreePrinter - LoadPlan(entity=org.solent.com504.project.model.lot.dto.Lot)
    - Returns
       - EntityReturnImpl(entity=org.solent.com504.project.model.lot.dto.Lot, querySpaceUid=&lt;gen:0&gt;, path=org.solent.com504.project.model.lot.dto.Lot)
          - CollectionAttributeFetchImpl(collection=org.solent.com504.project.model.lot.dto.Lot.bids, querySpaceUid=&lt;gen:1&gt;, path=org.solent.com504.project.model.lot.dto.Lot.bids)
             - (collection element) CollectionFetchableElementEntityGraph(entity=org.solent.com504.project.model.bid.dto.Bid, querySpaceUid=&lt;gen:2&gt;, path=org.solent.com504.project.model.lot.dto.Lot.bids.&lt;elements&gt;)
    - QuerySpaces
       - EntityQuerySpaceImpl(uid=&lt;gen:0&gt;, entity=org.solent.com504.project.model.lot.dto.Lot)
          - SQL table alias mapping - lot0_
          - alias suffix - 0_
          - suffixed key columns - {id1_3_0_}

12:23:06.624 [main] [o.h.l.e.p.EntityLoader] DEBUG org.hibernate.loader.entity.plan.EntityLoader - Static select for entity org.solent.com504.project.model.lot.dto.Lot [UPGRADE]: select lot0_.id as id1_3_0_, lot0_.duration as duration2_3_0_, lot0_.grade as grade3_3_0_, lot0_.highestBidPrice as highestB4_3_0_, lot0_.life_days as life_day5_3_0_, lot0_.pickdate as pickdate6_3_0_, lot0_.quantity as quantity7_3_0_, lot0_.reservedPrice as reserved8_3_0_ from Lot lot0_ where lot0_.id=? for update
12:23:06.624 [main] [o.h.l.p.b.i.s.QuerySpacesImpl] DEBUG org.hibernate.loader.plan.build.internal.spaces.QuerySpacesImpl - Adding QuerySpace : uid = &lt;gen:0&gt; -&gt; org.hibernate.loader.plan.build.internal.spaces.EntityQuerySpaceImpl@79fd6f95]
12:23:06.624 [main] [o.h.p.w.s.MetamodelGraphWalker] DEBUG org.hibernate.persister.walking.spi.MetamodelGraphWalker - Visiting attribute path : bids
12:23:06.624 [main] [o.h.l.p.b.i.s.QuerySpacesImpl] DEBUG org.hibernate.loader.plan.build.internal.spaces.QuerySpacesImpl - Adding QuerySpace : uid = &lt;gen:1&gt; -&gt; org.hibernate.loader.plan.build.internal.spaces.CollectionQuerySpaceImpl@49c675f0]
12:23:06.624 [main] [o.h.l.p.b.i.s.QuerySpacesImpl] DEBUG org.hibernate.loader.plan.build.internal.spaces.QuerySpacesImpl - Adding QuerySpace : uid = &lt;gen:2&gt; -&gt; org.hibernate.loader.plan.build.internal.spaces.EntityQuerySpaceImpl@14823f76]
12:23:06.624 [main] [o.h.p.w.s.MetamodelGraphWalker] DEBUG org.hibernate.persister.walking.spi.MetamodelGraphWalker - Visiting attribute path : duration
12:23:06.624 [main] [o.h.p.w.s.MetamodelGraphWalker] DEBUG org.hibernate.persister.walking.spi.MetamodelGraphWalker - Visiting attribute path : grade
12:23:06.624 [main] [o.h.p.w.s.MetamodelGraphWalker] DEBUG org.hibernate.persister.walking.spi.MetamodelGraphWalker - Visiting attribute path : highestBidPrice
12:23:06.624 [main] [o.h.p.w.s.MetamodelGraphWalker] DEBUG org.hibernate.persister.walking.spi.MetamodelGraphWalker - Visiting attribute path : life_days
12:23:06.624 [main] [o.h.p.w.s.MetamodelGraphWalker] DEBUG org.hibernate.persister.walking.spi.MetamodelGraphWalker - Visiting attribute path : pickdate
12:23:06.624 [main] [o.h.p.w.s.MetamodelGraphWalker] DEBUG org.hibernate.persister.walking.spi.MetamodelGraphWalker - Visiting attribute path : quantity
12:23:06.624 [main] [o.h.p.w.s.MetamodelGraphWalker] DEBUG org.hibernate.persister.walking.spi.MetamodelGraphWalker - Visiting attribute path : reservedPrice
12:23:06.624 [main] [o.h.l.p.b.i.FetchStyleLoadPlanBuildingAssociationVisitationStrategy] DEBUG org.hibernate.loader.plan.build.internal.FetchStyleLoadPlanBuildingAssociationVisitationStrategy - Building LoadPlan...
12:23:06.624 [main] [o.h.l.p.e.i.LoadQueryJoinAndFetchProcessor] DEBUG org.hibernate.loader.plan.exec.internal.LoadQueryJoinAndFetchProcessor - processing queryspace &lt;gen:0&gt;
12:23:06.624 [main] [o.h.l.p.b.s.LoadPlanTreePrinter] DEBUG org.hibernate.loader.plan.build.spi.LoadPlanTreePrinter - LoadPlan(entity=org.solent.com504.project.model.lot.dto.Lot)
    - Returns
       - EntityReturnImpl(entity=org.solent.com504.project.model.lot.dto.Lot, querySpaceUid=&lt;gen:0&gt;, path=org.solent.com504.project.model.lot.dto.Lot)
          - CollectionAttributeFetchImpl(collection=org.solent.com504.project.model.lot.dto.Lot.bids, querySpaceUid=&lt;gen:1&gt;, path=org.solent.com504.project.model.lot.dto.Lot.bids)
             - (collection element) CollectionFetchableElementEntityGraph(entity=org.solent.com504.project.model.bid.dto.Bid, querySpaceUid=&lt;gen:2&gt;, path=org.solent.com504.project.model.lot.dto.Lot.bids.&lt;elements&gt;)
    - QuerySpaces
       - EntityQuerySpaceImpl(uid=&lt;gen:0&gt;, entity=org.solent.com504.project.model.lot.dto.Lot)
          - SQL table alias mapping - lot0_
          - alias suffix - 0_
          - suffixed key columns - {id1_3_0_}

12:23:06.624 [main] [o.h.l.e.p.EntityLoader] DEBUG org.hibernate.loader.entity.plan.EntityLoader - Static select for entity org.solent.com504.project.model.lot.dto.Lot [UPGRADE_NOWAIT]: select lot0_.id as id1_3_0_, lot0_.duration as duration2_3_0_, lot0_.grade as grade3_3_0_, lot0_.highestBidPrice as highestB4_3_0_, lot0_.life_days as life_day5_3_0_, lot0_.pickdate as pickdate6_3_0_, lot0_.quantity as quantity7_3_0_, lot0_.reservedPrice as reserved8_3_0_ from Lot lot0_ where lot0_.id=? for update
12:23:06.624 [main] [o.h.l.p.b.i.s.QuerySpacesImpl] DEBUG org.hibernate.loader.plan.build.internal.spaces.QuerySpacesImpl - Adding QuerySpace : uid = &lt;gen:0&gt; -&gt; org.hibernate.loader.plan.build.internal.spaces.EntityQuerySpaceImpl@6917bb4]
12:23:06.624 [main] [o.h.p.w.s.MetamodelGraphWalker] DEBUG org.hibernate.persister.walking.spi.MetamodelGraphWalker - Visiting attribute path : bids
12:23:06.624 [main] [o.h.l.p.b.i.s.QuerySpacesImpl] DEBUG org.hibernate.loader.plan.build.internal.spaces.QuerySpacesImpl - Adding QuerySpace : uid = &lt;gen:1&gt; -&gt; org.hibernate.loader.plan.build.internal.spaces.CollectionQuerySpaceImpl@1442f788]
12:23:06.624 [main] [o.h.l.p.b.i.s.QuerySpacesImpl] DEBUG org.hibernate.loader.plan.build.internal.spaces.QuerySpacesImpl - Adding QuerySpace : uid = &lt;gen:2&gt; -&gt; org.hibernate.loader.plan.build.internal.spaces.EntityQuerySpaceImpl@113e13f9]
12:23:06.624 [main] [o.h.p.w.s.MetamodelGraphWalker] DEBUG org.hibernate.persister.walking.spi.MetamodelGraphWalker - Visiting attribute path : duration
12:23:06.624 [main] [o.h.p.w.s.MetamodelGraphWalker] DEBUG org.hibernate.persister.walking.spi.MetamodelGraphWalker - Visiting attribute path : grade
12:23:06.624 [main] [o.h.p.w.s.MetamodelGraphWalker] DEBUG org.hibernate.persister.walking.spi.MetamodelGraphWalker - Visiting attribute path : highestBidPrice
12:23:06.624 [main] [o.h.p.w.s.MetamodelGraphWalker] DEBUG org.hibernate.persister.walking.spi.MetamodelGraphWalker - Visiting attribute path : life_days
12:23:06.624 [main] [o.h.p.w.s.MetamodelGraphWalker] DEBUG org.hibernate.persister.walking.spi.MetamodelGraphWalker - Visiting attribute path : pickdate
12:23:06.624 [main] [o.h.p.w.s.MetamodelGraphWalker] DEBUG org.hibernate.persister.walking.spi.MetamodelGraphWalker - Visiting attribute path : quantity
12:23:06.624 [main] [o.h.p.w.s.MetamodelGraphWalker] DEBUG org.hibernate.persister.walking.spi.MetamodelGraphWalker - Visiting attribute path : reservedPrice
12:23:06.624 [main] [o.h.l.p.b.i.FetchStyleLoadPlanBuildingAssociationVisitationStrategy] DEBUG org.hibernate.loader.plan.build.internal.FetchStyleLoadPlanBuildingAssociationVisitationStrategy - Building LoadPlan...
12:23:06.624 [main] [o.h.l.p.e.i.LoadQueryJoinAndFetchProcessor] DEBUG org.hibernate.loader.plan.exec.internal.LoadQueryJoinAndFetchProcessor - processing queryspace &lt;gen:0&gt;
12:23:06.624 [main] [o.h.l.p.b.s.LoadPlanTreePrinter] DEBUG org.hibernate.loader.plan.build.spi.LoadPlanTreePrinter - LoadPlan(entity=org.solent.com504.project.model.lot.dto.Lot)
    - Returns
       - EntityReturnImpl(entity=org.solent.com504.project.model.lot.dto.Lot, querySpaceUid=&lt;gen:0&gt;, path=org.solent.com504.project.model.lot.dto.Lot)
          - CollectionAttributeFetchImpl(collection=org.solent.com504.project.model.lot.dto.Lot.bids, querySpaceUid=&lt;gen:1&gt;, path=org.solent.com504.project.model.lot.dto.Lot.bids)
             - (collection element) CollectionFetchableElementEntityGraph(entity=org.solent.com504.project.model.bid.dto.Bid, querySpaceUid=&lt;gen:2&gt;, path=org.solent.com504.project.model.lot.dto.Lot.bids.&lt;elements&gt;)
    - QuerySpaces
       - EntityQuerySpaceImpl(uid=&lt;gen:0&gt;, entity=org.solent.com504.project.model.lot.dto.Lot)
          - SQL table alias mapping - lot0_
          - alias suffix - 0_
          - suffixed key columns - {id1_3_0_}

12:23:06.624 [main] [o.h.l.e.p.EntityLoader] DEBUG org.hibernate.loader.entity.plan.EntityLoader - Static select for entity org.solent.com504.project.model.lot.dto.Lot [UPGRADE_SKIPLOCKED]: select lot0_.id as id1_3_0_, lot0_.duration as duration2_3_0_, lot0_.grade as grade3_3_0_, lot0_.highestBidPrice as highestB4_3_0_, lot0_.life_days as life_day5_3_0_, lot0_.pickdate as pickdate6_3_0_, lot0_.quantity as quantity7_3_0_, lot0_.reservedPrice as reserved8_3_0_ from Lot lot0_ where lot0_.id=? for update
12:23:06.624 [main] [o.h.l.p.b.i.s.QuerySpacesImpl] DEBUG org.hibernate.loader.plan.build.internal.spaces.QuerySpacesImpl - Adding QuerySpace : uid = &lt;gen:0&gt; -&gt; org.hibernate.loader.plan.build.internal.spaces.EntityQuerySpaceImpl@1c7f96b1]
12:23:06.624 [main] [o.h.p.w.s.MetamodelGraphWalker] DEBUG org.hibernate.persister.walking.spi.MetamodelGraphWalker - Visiting attribute path : bids
12:23:06.624 [main] [o.h.l.p.b.i.s.QuerySpacesImpl] DEBUG org.hibernate.loader.plan.build.internal.spaces.QuerySpacesImpl - Adding QuerySpace : uid = &lt;gen:1&gt; -&gt; org.hibernate.loader.plan.build.internal.spaces.CollectionQuerySpaceImpl@7a04fea7]
12:23:06.624 [main] [o.h.l.p.b.i.s.QuerySpacesImpl] DEBUG org.hibernate.loader.plan.build.internal.spaces.QuerySpacesImpl - Adding QuerySpace : uid = &lt;gen:2&gt; -&gt; org.hibernate.loader.plan.build.internal.spaces.EntityQuerySpaceImpl@1bc49bc5]
12:23:06.624 [main] [o.h.p.w.s.MetamodelGraphWalker] DEBUG org.hibernate.persister.walking.spi.MetamodelGraphWalker - Visiting attribute path : duration
12:23:06.624 [main] [o.h.p.w.s.MetamodelGraphWalker] DEBUG org.hibernate.persister.walking.spi.MetamodelGraphWalker - Visiting attribute path : grade
12:23:06.624 [main] [o.h.p.w.s.MetamodelGraphWalker] DEBUG org.hibernate.persister.walking.spi.MetamodelGraphWalker - Visiting attribute path : highestBidPrice
12:23:06.624 [main] [o.h.p.w.s.MetamodelGraphWalker] DEBUG org.hibernate.persister.walking.spi.MetamodelGraphWalker - Visiting attribute path : life_days
12:23:06.624 [main] [o.h.p.w.s.MetamodelGraphWalker] DEBUG org.hibernate.persister.walking.spi.MetamodelGraphWalker - Visiting attribute path : pickdate
12:23:06.624 [main] [o.h.p.w.s.MetamodelGraphWalker] DEBUG org.hibernate.persister.walking.spi.MetamodelGraphWalker - Visiting attribute path : quantity
12:23:06.624 [main] [o.h.p.w.s.MetamodelGraphWalker] DEBUG org.hibernate.persister.walking.spi.MetamodelGraphWalker - Visiting attribute path : reservedPrice
12:23:06.624 [main] [o.h.l.p.b.i.FetchStyleLoadPlanBuildingAssociationVisitationStrategy] DEBUG org.hibernate.loader.plan.build.internal.FetchStyleLoadPlanBuildingAssociationVisitationStrategy - Building LoadPlan...
12:23:06.624 [main] [o.h.l.p.e.i.LoadQueryJoinAndFetchProcessor] DEBUG org.hibernate.loader.plan.exec.internal.LoadQueryJoinAndFetchProcessor - processing queryspace &lt;gen:0&gt;
12:23:06.624 [main] [o.h.l.p.b.s.LoadPlanTreePrinter] DEBUG org.hibernate.loader.plan.build.spi.LoadPlanTreePrinter - LoadPlan(entity=org.solent.com504.project.model.lot.dto.Lot)
    - Returns
       - EntityReturnImpl(entity=org.solent.com504.project.model.lot.dto.Lot, querySpaceUid=&lt;gen:0&gt;, path=org.solent.com504.project.model.lot.dto.Lot)
          - CollectionAttributeFetchImpl(collection=org.solent.com504.project.model.lot.dto.Lot.bids, querySpaceUid=&lt;gen:1&gt;, path=org.solent.com504.project.model.lot.dto.Lot.bids)
             - (collection element) CollectionFetchableElementEntityGraph(entity=org.solent.com504.project.model.bid.dto.Bid, querySpaceUid=&lt;gen:2&gt;, path=org.solent.com504.project.model.lot.dto.Lot.bids.&lt;elements&gt;)
    - QuerySpaces
       - EntityQuerySpaceImpl(uid=&lt;gen:0&gt;, entity=org.solent.com504.project.model.lot.dto.Lot)
          - SQL table alias mapping - lot0_
          - alias suffix - 0_
          - suffixed key columns - {id1_3_0_}

12:23:06.624 [main] [o.h.l.e.p.EntityLoader] DEBUG org.hibernate.loader.entity.plan.EntityLoader - Static select for entity org.solent.com504.project.model.lot.dto.Lot [FORCE]: select lot0_.id as id1_3_0_, lot0_.duration as duration2_3_0_, lot0_.grade as grade3_3_0_, lot0_.highestBidPrice as highestB4_3_0_, lot0_.life_days as life_day5_3_0_, lot0_.pickdate as pickdate6_3_0_, lot0_.quantity as quantity7_3_0_, lot0_.reservedPrice as reserved8_3_0_ from Lot lot0_ where lot0_.id=? for update
12:23:06.624 [main] [o.h.l.p.b.i.s.QuerySpacesImpl] DEBUG org.hibernate.loader.plan.build.internal.spaces.QuerySpacesImpl - Adding QuerySpace : uid = &lt;gen:0&gt; -&gt; org.hibernate.loader.plan.build.internal.spaces.EntityQuerySpaceImpl@7b6e5c12]
12:23:06.624 [main] [o.h.p.w.s.MetamodelGraphWalker] DEBUG org.hibernate.persister.walking.spi.MetamodelGraphWalker - Visiting attribute path : bids
12:23:06.624 [main] [o.h.l.p.b.i.s.QuerySpacesImpl] DEBUG org.hibernate.loader.plan.build.internal.spaces.QuerySpacesImpl - Adding QuerySpace : uid = &lt;gen:1&gt; -&gt; org.hibernate.loader.plan.build.internal.spaces.CollectionQuerySpaceImpl@124ac145]
12:23:06.624 [main] [o.h.l.p.b.i.s.QuerySpacesImpl] DEBUG org.hibernate.loader.plan.build.internal.spaces.QuerySpacesImpl - Adding QuerySpace : uid = &lt;gen:2&gt; -&gt; org.hibernate.loader.plan.build.internal.spaces.EntityQuerySpaceImpl@2def7a7a]
12:23:06.624 [main] [o.h.p.w.s.MetamodelGraphWalker] DEBUG org.hibernate.persister.walking.spi.MetamodelGraphWalker - Visiting attribute path : duration
12:23:06.624 [main] [o.h.p.w.s.MetamodelGraphWalker] DEBUG org.hibernate.persister.walking.spi.MetamodelGraphWalker - Visiting attribute path : grade
12:23:06.624 [main] [o.h.p.w.s.MetamodelGraphWalker] DEBUG org.hibernate.persister.walking.spi.MetamodelGraphWalker - Visiting attribute path : highestBidPrice
12:23:06.624 [main] [o.h.p.w.s.MetamodelGraphWalker] DEBUG org.hibernate.persister.walking.spi.MetamodelGraphWalker - Visiting attribute path : life_days
12:23:06.624 [main] [o.h.p.w.s.MetamodelGraphWalker] DEBUG org.hibernate.persister.walking.spi.MetamodelGraphWalker - Visiting attribute path : pickdate
12:23:06.624 [main] [o.h.p.w.s.MetamodelGraphWalker] DEBUG org.hibernate.persister.walking.spi.MetamodelGraphWalker - Visiting attribute path : quantity
12:23:06.624 [main] [o.h.p.w.s.MetamodelGraphWalker] DEBUG org.hibernate.persister.walking.spi.MetamodelGraphWalker - Visiting attribute path : reservedPrice
12:23:06.624 [main] [o.h.l.p.b.i.FetchStyleLoadPlanBuildingAssociationVisitationStrategy] DEBUG org.hibernate.loader.plan.build.internal.FetchStyleLoadPlanBuildingAssociationVisitationStrategy - Building LoadPlan...
12:23:06.639 [main] [o.h.l.p.e.i.LoadQueryJoinAndFetchProcessor] DEBUG org.hibernate.loader.plan.exec.internal.LoadQueryJoinAndFetchProcessor - processing queryspace &lt;gen:0&gt;
12:23:06.639 [main] [o.h.l.p.b.s.LoadPlanTreePrinter] DEBUG org.hibernate.loader.plan.build.spi.LoadPlanTreePrinter - LoadPlan(entity=org.solent.com504.project.model.lot.dto.Lot)
    - Returns
       - EntityReturnImpl(entity=org.solent.com504.project.model.lot.dto.Lot, querySpaceUid=&lt;gen:0&gt;, path=org.solent.com504.project.model.lot.dto.Lot)
          - CollectionAttributeFetchImpl(collection=org.solent.com504.project.model.lot.dto.Lot.bids, querySpaceUid=&lt;gen:1&gt;, path=org.solent.com504.project.model.lot.dto.Lot.bids)
             - (collection element) CollectionFetchableElementEntityGraph(entity=org.solent.com504.project.model.bid.dto.Bid, querySpaceUid=&lt;gen:2&gt;, path=org.solent.com504.project.model.lot.dto.Lot.bids.&lt;elements&gt;)
    - QuerySpaces
       - EntityQuerySpaceImpl(uid=&lt;gen:0&gt;, entity=org.solent.com504.project.model.lot.dto.Lot)
          - SQL table alias mapping - lot0_
          - alias suffix - 0_
          - suffixed key columns - {id1_3_0_}

12:23:06.639 [main] [o.h.l.e.p.EntityLoader] DEBUG org.hibernate.loader.entity.plan.EntityLoader - Static select for entity org.solent.com504.project.model.lot.dto.Lot [PESSIMISTIC_READ]: select lot0_.id as id1_3_0_, lot0_.duration as duration2_3_0_, lot0_.grade as grade3_3_0_, lot0_.highestBidPrice as highestB4_3_0_, lot0_.life_days as life_day5_3_0_, lot0_.pickdate as pickdate6_3_0_, lot0_.quantity as quantity7_3_0_, lot0_.reservedPrice as reserved8_3_0_ from Lot lot0_ where lot0_.id=? for update
12:23:06.639 [main] [o.h.l.p.b.i.s.QuerySpacesImpl] DEBUG org.hibernate.loader.plan.build.internal.spaces.QuerySpacesImpl - Adding QuerySpace : uid = &lt;gen:0&gt; -&gt; org.hibernate.loader.plan.build.internal.spaces.EntityQuerySpaceImpl@24e83d19]
12:23:06.639 [main] [o.h.p.w.s.MetamodelGraphWalker] DEBUG org.hibernate.persister.walking.spi.MetamodelGraphWalker - Visiting attribute path : bids
12:23:06.639 [main] [o.h.l.p.b.i.s.QuerySpacesImpl] DEBUG org.hibernate.loader.plan.build.internal.spaces.QuerySpacesImpl - Adding QuerySpace : uid = &lt;gen:1&gt; -&gt; org.hibernate.loader.plan.build.internal.spaces.CollectionQuerySpaceImpl@188cbcde]
12:23:06.639 [main] [o.h.l.p.b.i.s.QuerySpacesImpl] DEBUG org.hibernate.loader.plan.build.internal.spaces.QuerySpacesImpl - Adding QuerySpace : uid = &lt;gen:2&gt; -&gt; org.hibernate.loader.plan.build.internal.spaces.EntityQuerySpaceImpl@4ee6291f]
12:23:06.639 [main] [o.h.p.w.s.MetamodelGraphWalker] DEBUG org.hibernate.persister.walking.spi.MetamodelGraphWalker - Visiting attribute path : duration
12:23:06.639 [main] [o.h.p.w.s.MetamodelGraphWalker] DEBUG org.hibernate.persister.walking.spi.MetamodelGraphWalker - Visiting attribute path : grade
12:23:06.639 [main] [o.h.p.w.s.MetamodelGraphWalker] DEBUG org.hibernate.persister.walking.spi.MetamodelGraphWalker - Visiting attribute path : highestBidPrice
12:23:06.639 [main] [o.h.p.w.s.MetamodelGraphWalker] DEBUG org.hibernate.persister.walking.spi.MetamodelGraphWalker - Visiting attribute path : life_days
12:23:06.639 [main] [o.h.p.w.s.MetamodelGraphWalker] DEBUG org.hibernate.persister.walking.spi.MetamodelGraphWalker - Visiting attribute path : pickdate
12:23:06.639 [main] [o.h.p.w.s.MetamodelGraphWalker] DEBUG org.hibernate.persister.walking.spi.MetamodelGraphWalker - Visiting attribute path : quantity
12:23:06.639 [main] [o.h.p.w.s.MetamodelGraphWalker] DEBUG org.hibernate.persister.walking.spi.MetamodelGraphWalker - Visiting attribute path : reservedPrice
12:23:06.639 [main] [o.h.l.p.b.i.FetchStyleLoadPlanBuildingAssociationVisitationStrategy] DEBUG org.hibernate.loader.plan.build.internal.FetchStyleLoadPlanBuildingAssociationVisitationStrategy - Building LoadPlan...
12:23:06.639 [main] [o.h.l.p.e.i.LoadQueryJoinAndFetchProcessor] DEBUG org.hibernate.loader.plan.exec.internal.LoadQueryJoinAndFetchProcessor - processing queryspace &lt;gen:0&gt;
12:23:06.639 [main] [o.h.l.p.b.s.LoadPlanTreePrinter] DEBUG org.hibernate.loader.plan.build.spi.LoadPlanTreePrinter - LoadPlan(entity=org.solent.com504.project.model.lot.dto.Lot)
    - Returns
       - EntityReturnImpl(entity=org.solent.com504.project.model.lot.dto.Lot, querySpaceUid=&lt;gen:0&gt;, path=org.solent.com504.project.model.lot.dto.Lot)
          - CollectionAttributeFetchImpl(collection=org.solent.com504.project.model.lot.dto.Lot.bids, querySpaceUid=&lt;gen:1&gt;, path=org.solent.com504.project.model.lot.dto.Lot.bids)
             - (collection element) CollectionFetchableElementEntityGraph(entity=org.solent.com504.project.model.bid.dto.Bid, querySpaceUid=&lt;gen:2&gt;, path=org.solent.com504.project.model.lot.dto.Lot.bids.&lt;elements&gt;)
    - QuerySpaces
       - EntityQuerySpaceImpl(uid=&lt;gen:0&gt;, entity=org.solent.com504.project.model.lot.dto.Lot)
          - SQL table alias mapping - lot0_
          - alias suffix - 0_
          - suffixed key columns - {id1_3_0_}

12:23:06.639 [main] [o.h.l.e.p.EntityLoader] DEBUG org.hibernate.loader.entity.plan.EntityLoader - Static select for entity org.solent.com504.project.model.lot.dto.Lot [PESSIMISTIC_WRITE]: select lot0_.id as id1_3_0_, lot0_.duration as duration2_3_0_, lot0_.grade as grade3_3_0_, lot0_.highestBidPrice as highestB4_3_0_, lot0_.life_days as life_day5_3_0_, lot0_.pickdate as pickdate6_3_0_, lot0_.quantity as quantity7_3_0_, lot0_.reservedPrice as reserved8_3_0_ from Lot lot0_ where lot0_.id=? for update
12:23:06.639 [main] [o.h.l.p.b.i.s.QuerySpacesImpl] DEBUG org.hibernate.loader.plan.build.internal.spaces.QuerySpacesImpl - Adding QuerySpace : uid = &lt;gen:0&gt; -&gt; org.hibernate.loader.plan.build.internal.spaces.EntityQuerySpaceImpl@2b03d52f]
12:23:06.639 [main] [o.h.p.w.s.MetamodelGraphWalker] DEBUG org.hibernate.persister.walking.spi.MetamodelGraphWalker - Visiting attribute path : bids
12:23:06.639 [main] [o.h.l.p.b.i.s.QuerySpacesImpl] DEBUG org.hibernate.loader.plan.build.internal.spaces.QuerySpacesImpl - Adding QuerySpace : uid = &lt;gen:1&gt; -&gt; org.hibernate.loader.plan.build.internal.spaces.CollectionQuerySpaceImpl@4af70944]
12:23:06.639 [main] [o.h.l.p.b.i.s.QuerySpacesImpl] DEBUG org.hibernate.loader.plan.build.internal.spaces.QuerySpacesImpl - Adding QuerySpace : uid = &lt;gen:2&gt; -&gt; org.hibernate.loader.plan.build.internal.spaces.EntityQuerySpaceImpl@35267fd4]
12:23:06.639 [main] [o.h.p.w.s.MetamodelGraphWalker] DEBUG org.hibernate.persister.walking.spi.MetamodelGraphWalker - Visiting attribute path : duration
12:23:06.639 [main] [o.h.p.w.s.MetamodelGraphWalker] DEBUG org.hibernate.persister.walking.spi.MetamodelGraphWalker - Visiting attribute path : grade
12:23:06.639 [main] [o.h.p.w.s.MetamodelGraphWalker] DEBUG org.hibernate.persister.walking.spi.MetamodelGraphWalker - Visiting attribute path : highestBidPrice
12:23:06.639 [main] [o.h.p.w.s.MetamodelGraphWalker] DEBUG org.hibernate.persister.walking.spi.MetamodelGraphWalker - Visiting attribute path : life_days
12:23:06.639 [main] [o.h.p.w.s.MetamodelGraphWalker] DEBUG org.hibernate.persister.walking.spi.MetamodelGraphWalker - Visiting attribute path : pickdate
12:23:06.639 [main] [o.h.p.w.s.MetamodelGraphWalker] DEBUG org.hibernate.persister.walking.spi.MetamodelGraphWalker - Visiting attribute path : quantity
12:23:06.639 [main] [o.h.p.w.s.MetamodelGraphWalker] DEBUG org.hibernate.persister.walking.spi.MetamodelGraphWalker - Visiting attribute path : reservedPrice
12:23:06.639 [main] [o.h.l.p.b.i.FetchStyleLoadPlanBuildingAssociationVisitationStrategy] DEBUG org.hibernate.loader.plan.build.internal.FetchStyleLoadPlanBuildingAssociationVisitationStrategy - Building LoadPlan...
12:23:06.639 [main] [o.h.l.p.e.i.LoadQueryJoinAndFetchProcessor] DEBUG org.hibernate.loader.plan.exec.internal.LoadQueryJoinAndFetchProcessor - processing queryspace &lt;gen:0&gt;
12:23:06.639 [main] [o.h.l.p.b.s.LoadPlanTreePrinter] DEBUG org.hibernate.loader.plan.build.spi.LoadPlanTreePrinter - LoadPlan(entity=org.solent.com504.project.model.lot.dto.Lot)
    - Returns
       - EntityReturnImpl(entity=org.solent.com504.project.model.lot.dto.Lot, querySpaceUid=&lt;gen:0&gt;, path=org.solent.com504.project.model.lot.dto.Lot)
          - CollectionAttributeFetchImpl(collection=org.solent.com504.project.model.lot.dto.Lot.bids, querySpaceUid=&lt;gen:1&gt;, path=org.solent.com504.project.model.lot.dto.Lot.bids)
             - (collection element) CollectionFetchableElementEntityGraph(entity=org.solent.com504.project.model.bid.dto.Bid, querySpaceUid=&lt;gen:2&gt;, path=org.solent.com504.project.model.lot.dto.Lot.bids.&lt;elements&gt;)
    - QuerySpaces
       - EntityQuerySpaceImpl(uid=&lt;gen:0&gt;, entity=org.solent.com504.project.model.lot.dto.Lot)
          - SQL table alias mapping - lot0_
          - alias suffix - 0_
          - suffixed key columns - {id1_3_0_}

12:23:06.639 [main] [o.h.l.e.p.EntityLoader] DEBUG org.hibernate.loader.entity.plan.EntityLoader - Static select for entity org.solent.com504.project.model.lot.dto.Lot [PESSIMISTIC_FORCE_INCREMENT]: select lot0_.id as id1_3_0_, lot0_.duration as duration2_3_0_, lot0_.grade as grade3_3_0_, lot0_.highestBidPrice as highestB4_3_0_, lot0_.life_days as life_day5_3_0_, lot0_.pickdate as pickdate6_3_0_, lot0_.quantity as quantity7_3_0_, lot0_.reservedPrice as reserved8_3_0_ from Lot lot0_ where lot0_.id=? for update
12:23:06.639 [main] [o.h.l.p.b.i.s.QuerySpacesImpl] DEBUG org.hibernate.loader.plan.build.internal.spaces.QuerySpacesImpl - Adding QuerySpace : uid = &lt;gen:0&gt; -&gt; org.hibernate.loader.plan.build.internal.spaces.EntityQuerySpaceImpl@397ef2]
12:23:06.639 [main] [o.h.p.w.s.MetamodelGraphWalker] DEBUG org.hibernate.persister.walking.spi.MetamodelGraphWalker - Visiting attribute path : bids
12:23:06.639 [main] [o.h.l.p.b.i.s.QuerySpacesImpl] DEBUG org.hibernate.loader.plan.build.internal.spaces.QuerySpacesImpl - Adding QuerySpace : uid = &lt;gen:1&gt; -&gt; org.hibernate.loader.plan.build.internal.spaces.CollectionQuerySpaceImpl@44e93c1f]
12:23:06.639 [main] [o.h.l.p.b.i.s.QuerySpacesImpl] DEBUG org.hibernate.loader.plan.build.internal.spaces.QuerySpacesImpl - Adding QuerySpace : uid = &lt;gen:2&gt; -&gt; org.hibernate.loader.plan.build.internal.spaces.EntityQuerySpaceImpl@42373389]
12:23:06.639 [main] [o.h.p.w.s.MetamodelGraphWalker] DEBUG org.hibernate.persister.walking.spi.MetamodelGraphWalker - Visiting attribute path : duration
12:23:06.639 [main] [o.h.p.w.s.MetamodelGraphWalker] DEBUG org.hibernate.persister.walking.spi.MetamodelGraphWalker - Visiting attribute path : grade
12:23:06.639 [main] [o.h.p.w.s.MetamodelGraphWalker] DEBUG org.hibernate.persister.walking.spi.MetamodelGraphWalker - Visiting attribute path : highestBidPrice
12:23:06.639 [main] [o.h.p.w.s.MetamodelGraphWalker] DEBUG org.hibernate.persister.walking.spi.MetamodelGraphWalker - Visiting attribute path : life_days
12:23:06.639 [main] [o.h.p.w.s.MetamodelGraphWalker] DEBUG org.hibernate.persister.walking.spi.MetamodelGraphWalker - Visiting attribute path : pickdate
12:23:06.639 [main] [o.h.p.w.s.MetamodelGraphWalker] DEBUG org.hibernate.persister.walking.spi.MetamodelGraphWalker - Visiting attribute path : quantity
12:23:06.639 [main] [o.h.p.w.s.MetamodelGraphWalker] DEBUG org.hibernate.persister.walking.spi.MetamodelGraphWalker - Visiting attribute path : reservedPrice
12:23:06.639 [main] [o.h.l.p.b.i.FetchStyleLoadPlanBuildingAssociationVisitationStrategy] DEBUG org.hibernate.loader.plan.build.internal.FetchStyleLoadPlanBuildingAssociationVisitationStrategy - Building LoadPlan...
12:23:06.639 [main] [o.h.l.p.e.i.LoadQueryJoinAndFetchProcessor] DEBUG org.hibernate.loader.plan.exec.internal.LoadQueryJoinAndFetchProcessor - processing queryspace &lt;gen:0&gt;
12:23:06.639 [main] [o.h.l.p.b.s.LoadPlanTreePrinter] DEBUG org.hibernate.loader.plan.build.spi.LoadPlanTreePrinter - LoadPlan(entity=org.solent.com504.project.model.lot.dto.Lot)
    - Returns
       - EntityReturnImpl(entity=org.solent.com504.project.model.lot.dto.Lot, querySpaceUid=&lt;gen:0&gt;, path=org.solent.com504.project.model.lot.dto.Lot)
          - CollectionAttributeFetchImpl(collection=org.solent.com504.project.model.lot.dto.Lot.bids, querySpaceUid=&lt;gen:1&gt;, path=org.solent.com504.project.model.lot.dto.Lot.bids)
             - (collection element) CollectionFetchableElementEntityGraph(entity=org.solent.com504.project.model.bid.dto.Bid, querySpaceUid=&lt;gen:2&gt;, path=org.solent.com504.project.model.lot.dto.Lot.bids.&lt;elements&gt;)
    - QuerySpaces
       - EntityQuerySpaceImpl(uid=&lt;gen:0&gt;, entity=org.solent.com504.project.model.lot.dto.Lot)
          - SQL table alias mapping - lot0_
          - alias suffix - 0_
          - suffixed key columns - {id1_3_0_}

12:23:06.639 [main] [o.h.l.e.p.EntityLoader] DEBUG org.hibernate.loader.entity.plan.EntityLoader - Static select for entity org.solent.com504.project.model.lot.dto.Lot [OPTIMISTIC]: select lot0_.id as id1_3_0_, lot0_.duration as duration2_3_0_, lot0_.grade as grade3_3_0_, lot0_.highestBidPrice as highestB4_3_0_, lot0_.life_days as life_day5_3_0_, lot0_.pickdate as pickdate6_3_0_, lot0_.quantity as quantity7_3_0_, lot0_.reservedPrice as reserved8_3_0_ from Lot lot0_ where lot0_.id=?
12:23:06.639 [main] [o.h.l.p.b.i.s.QuerySpacesImpl] DEBUG org.hibernate.loader.plan.build.internal.spaces.QuerySpacesImpl - Adding QuerySpace : uid = &lt;gen:0&gt; -&gt; org.hibernate.loader.plan.build.internal.spaces.EntityQuerySpaceImpl@9b21bd3]
12:23:06.639 [main] [o.h.p.w.s.MetamodelGraphWalker] DEBUG org.hibernate.persister.walking.spi.MetamodelGraphWalker - Visiting attribute path : bids
12:23:06.639 [main] [o.h.l.p.b.i.s.QuerySpacesImpl] DEBUG org.hibernate.loader.plan.build.internal.spaces.QuerySpacesImpl - Adding QuerySpace : uid = &lt;gen:1&gt; -&gt; org.hibernate.loader.plan.build.internal.spaces.CollectionQuerySpaceImpl@7661b5a]
12:23:06.639 [main] [o.h.l.p.b.i.s.QuerySpacesImpl] DEBUG org.hibernate.loader.plan.build.internal.spaces.QuerySpacesImpl - Adding QuerySpace : uid = &lt;gen:2&gt; -&gt; org.hibernate.loader.plan.build.internal.spaces.EntityQuerySpaceImpl@7c36db44]
12:23:06.639 [main] [o.h.p.w.s.MetamodelGraphWalker] DEBUG org.hibernate.persister.walking.spi.MetamodelGraphWalker - Visiting attribute path : duration
12:23:06.639 [main] [o.h.p.w.s.MetamodelGraphWalker] DEBUG org.hibernate.persister.walking.spi.MetamodelGraphWalker - Visiting attribute path : grade
12:23:06.639 [main] [o.h.p.w.s.MetamodelGraphWalker] DEBUG org.hibernate.persister.walking.spi.MetamodelGraphWalker - Visiting attribute path : highestBidPrice
12:23:06.639 [main] [o.h.p.w.s.MetamodelGraphWalker] DEBUG org.hibernate.persister.walking.spi.MetamodelGraphWalker - Visiting attribute path : life_days
12:23:06.639 [main] [o.h.p.w.s.MetamodelGraphWalker] DEBUG org.hibernate.persister.walking.spi.MetamodelGraphWalker - Visiting attribute path : pickdate
12:23:06.639 [main] [o.h.p.w.s.MetamodelGraphWalker] DEBUG org.hibernate.persister.walking.spi.MetamodelGraphWalker - Visiting attribute path : quantity
12:23:06.639 [main] [o.h.p.w.s.MetamodelGraphWalker] DEBUG org.hibernate.persister.walking.spi.MetamodelGraphWalker - Visiting attribute path : reservedPrice
12:23:06.639 [main] [o.h.l.p.b.i.FetchStyleLoadPlanBuildingAssociationVisitationStrategy] DEBUG org.hibernate.loader.plan.build.internal.FetchStyleLoadPlanBuildingAssociationVisitationStrategy - Building LoadPlan...
12:23:06.639 [main] [o.h.l.p.e.i.LoadQueryJoinAndFetchProcessor] DEBUG org.hibernate.loader.plan.exec.internal.LoadQueryJoinAndFetchProcessor - processing queryspace &lt;gen:0&gt;
12:23:06.639 [main] [o.h.l.p.b.s.LoadPlanTreePrinter] DEBUG org.hibernate.loader.plan.build.spi.LoadPlanTreePrinter - LoadPlan(entity=org.solent.com504.project.model.lot.dto.Lot)
    - Returns
       - EntityReturnImpl(entity=org.solent.com504.project.model.lot.dto.Lot, querySpaceUid=&lt;gen:0&gt;, path=org.solent.com504.project.model.lot.dto.Lot)
          - CollectionAttributeFetchImpl(collection=org.solent.com504.project.model.lot.dto.Lot.bids, querySpaceUid=&lt;gen:1&gt;, path=org.solent.com504.project.model.lot.dto.Lot.bids)
             - (collection element) CollectionFetchableElementEntityGraph(entity=org.solent.com504.project.model.bid.dto.Bid, querySpaceUid=&lt;gen:2&gt;, path=org.solent.com504.project.model.lot.dto.Lot.bids.&lt;elements&gt;)
    - QuerySpaces
       - EntityQuerySpaceImpl(uid=&lt;gen:0&gt;, entity=org.solent.com504.project.model.lot.dto.Lot)
          - SQL table alias mapping - lot0_
          - alias suffix - 0_
          - suffixed key columns - {id1_3_0_}

12:23:06.639 [main] [o.h.l.e.p.EntityLoader] DEBUG org.hibernate.loader.entity.plan.EntityLoader - Static select for entity org.solent.com504.project.model.lot.dto.Lot [OPTIMISTIC_FORCE_INCREMENT]: select lot0_.id as id1_3_0_, lot0_.duration as duration2_3_0_, lot0_.grade as grade3_3_0_, lot0_.highestBidPrice as highestB4_3_0_, lot0_.life_days as life_day5_3_0_, lot0_.pickdate as pickdate6_3_0_, lot0_.quantity as quantity7_3_0_, lot0_.reservedPrice as reserved8_3_0_ from Lot lot0_ where lot0_.id=?
12:23:06.639 [main] [o.h.l.Loader] DEBUG org.hibernate.loader.Loader - Static select for action ACTION_MERGE on entity org.solent.com504.project.model.lot.dto.Lot: select lot0_.id as id1_3_0_, lot0_.duration as duration2_3_0_, lot0_.grade as grade3_3_0_, lot0_.highestBidPrice as highestB4_3_0_, lot0_.life_days as life_day5_3_0_, lot0_.pickdate as pickdate6_3_0_, lot0_.quantity as quantity7_3_0_, lot0_.reservedPrice as reserved8_3_0_ from Lot lot0_ where lot0_.id=?
12:23:06.655 [main] [o.h.l.Loader] DEBUG org.hibernate.loader.Loader - Static select for action ACTION_REFRESH on entity org.solent.com504.project.model.lot.dto.Lot: select lot0_.id as id1_3_0_, lot0_.duration as duration2_3_0_, lot0_.grade as grade3_3_0_, lot0_.highestBidPrice as highestB4_3_0_, lot0_.life_days as life_day5_3_0_, lot0_.pickdate as pickdate6_3_0_, lot0_.quantity as quantity7_3_0_, lot0_.reservedPrice as reserved8_3_0_ from Lot lot0_ where lot0_.id=?
12:23:06.655 [main] [o.h.p.e.AbstractEntityPersister] DEBUG org.hibernate.persister.entity.AbstractEntityPersister - Static SQL for entity: org.solent.com504.project.model.party.dto.Party
12:23:06.655 [main] [o.h.p.e.AbstractEntityPersister] DEBUG org.hibernate.persister.entity.AbstractEntityPersister -  Version select: select id from Party where id =?
12:23:06.655 [main] [o.h.p.e.AbstractEntityPersister] DEBUG org.hibernate.persister.entity.AbstractEntityPersister -  Snapshot select: select party_.id, party_.addressLine1 as addressL2_5_, party_.addressLine2 as addressL3_5_, party_.country as country4_5_, party_.county as county5_5_, party_.latitude as latitude6_5_, party_.longitude as longitud7_5_, party_.mobile as mobile8_5_, party_.number as number9_5_, party_.postcode as postcod10_5_, party_.telephone as telepho11_5_, party_.enabled as enabled12_5_, party_.firstName as firstNa13_5_, party_.partyRole as partyRo14_5_, party_.partyStatus as partySt15_5_, party_.secondName as secondN16_5_, party_.uuid as uuid17_5_ from Party party_ where party_.id=?
12:23:06.655 [main] [o.h.p.e.AbstractEntityPersister] DEBUG org.hibernate.persister.entity.AbstractEntityPersister -  Insert 0: insert into Party (addressLine1, addressLine2, country, county, latitude, longitude, mobile, number, postcode, telephone, enabled, firstName, partyRole, partyStatus, secondName, uuid, id) values (?, ?, ?, ?, ?, ?, ?, ?, ?, ?, ?, ?, ?, ?, ?, ?, ?)
12:23:06.655 [main] [o.h.p.e.AbstractEntityPersister] DEBUG org.hibernate.persister.entity.AbstractEntityPersister -  Update 0: update Party set addressLine1=?, addressLine2=?, country=?, county=?, latitude=?, longitude=?, mobile=?, number=?, postcode=?, telephone=?, enabled=?, firstName=?, partyRole=?, partyStatus=?, secondName=?, uuid=? where id=?
12:23:06.655 [main] [o.h.p.e.AbstractEntityPersister] DEBUG org.hibernate.persister.entity.AbstractEntityPersister -  Delete 0: delete from Party where id=?
12:23:06.655 [main] [o.h.p.e.AbstractEntityPersister] DEBUG org.hibernate.persister.entity.AbstractEntityPersister -  Identity insert: insert into Party (id, addressLine1, addressLine2, country, county, latitude, longitude, mobile, number, postcode, telephone, enabled, firstName, partyRole, partyStatus, secondName, uuid) values (default, ?, ?, ?, ?, ?, ?, ?, ?, ?, ?, ?, ?, ?, ?, ?, ?)
12:23:06.655 [main] [o.h.l.p.b.i.s.QuerySpacesImpl] DEBUG org.hibernate.loader.plan.build.internal.spaces.QuerySpacesImpl - Adding QuerySpace : uid = &lt;gen:0&gt; -&gt; org.hibernate.loader.plan.build.internal.spaces.EntityQuerySpaceImpl@65c33b92]
12:23:06.655 [main] [o.h.p.w.s.MetamodelGraphWalker] DEBUG org.hibernate.persister.walking.spi.MetamodelGraphWalker - Visiting attribute path : address
12:23:06.655 [main] [o.h.l.p.b.i.s.QuerySpacesImpl] DEBUG org.hibernate.loader.plan.build.internal.spaces.QuerySpacesImpl - Adding QuerySpace : uid = &lt;gen:1&gt; -&gt; org.hibernate.loader.plan.build.internal.spaces.CompositeQuerySpaceImpl@14ef2482]
12:23:06.655 [main] [o.h.p.w.s.MetamodelGraphWalker] DEBUG org.hibernate.persister.walking.spi.MetamodelGraphWalker - Visiting attribute path : address.addressLine1
12:23:06.655 [main] [o.h.p.w.s.MetamodelGraphWalker] DEBUG org.hibernate.persister.walking.spi.MetamodelGraphWalker - Visiting attribute path : address.addressLine2
12:23:06.655 [main] [o.h.p.w.s.MetamodelGraphWalker] DEBUG org.hibernate.persister.walking.spi.MetamodelGraphWalker - Visiting attribute path : address.country
12:23:06.655 [main] [o.h.p.w.s.MetamodelGraphWalker] DEBUG org.hibernate.persister.walking.spi.MetamodelGraphWalker - Visiting attribute path : address.county
12:23:06.655 [main] [o.h.p.w.s.MetamodelGraphWalker] DEBUG org.hibernate.persister.walking.spi.MetamodelGraphWalker - Visiting attribute path : address.latitude
12:23:06.655 [main] [o.h.p.w.s.MetamodelGraphWalker] DEBUG org.hibernate.persister.walking.spi.MetamodelGraphWalker - Visiting attribute path : address.longitude
12:23:06.655 [main] [o.h.p.w.s.MetamodelGraphWalker] DEBUG org.hibernate.persister.walking.spi.MetamodelGraphWalker - Visiting attribute path : address.mobile
12:23:06.655 [main] [o.h.p.w.s.MetamodelGraphWalker] DEBUG org.hibernate.persister.walking.spi.MetamodelGraphWalker - Visiting attribute path : address.number
12:23:06.655 [main] [o.h.p.w.s.MetamodelGraphWalker] DEBUG org.hibernate.persister.walking.spi.MetamodelGraphWalker - Visiting attribute path : address.postcode
12:23:06.655 [main] [o.h.p.w.s.MetamodelGraphWalker] DEBUG org.hibernate.persister.walking.spi.MetamodelGraphWalker - Visiting attribute path : address.telephone
12:23:06.655 [main] [o.h.p.w.s.MetamodelGraphWalker] DEBUG org.hibernate.persister.walking.spi.MetamodelGraphWalker - Visiting attribute path : enabled
12:23:06.655 [main] [o.h.p.w.s.MetamodelGraphWalker] DEBUG org.hibernate.persister.walking.spi.MetamodelGraphWalker - Visiting attribute path : firstName
12:23:06.655 [main] [o.h.p.w.s.MetamodelGraphWalker] DEBUG org.hibernate.persister.walking.spi.MetamodelGraphWalker - Visiting attribute path : partyRole
12:23:06.655 [main] [o.h.p.w.s.MetamodelGraphWalker] DEBUG org.hibernate.persister.walking.spi.MetamodelGraphWalker - Visiting attribute path : partyStatus
12:23:06.655 [main] [o.h.p.w.s.MetamodelGraphWalker] DEBUG org.hibernate.persister.walking.spi.MetamodelGraphWalker - Visiting attribute path : secondName
12:23:06.655 [main] [o.h.p.w.s.MetamodelGraphWalker] DEBUG org.hibernate.persister.walking.spi.MetamodelGraphWalker - Visiting attribute path : users
12:23:06.655 [main] [o.h.l.p.b.i.s.QuerySpacesImpl] DEBUG org.hibernate.loader.plan.build.internal.spaces.QuerySpacesImpl - Adding QuerySpace : uid = &lt;gen:2&gt; -&gt; org.hibernate.loader.plan.build.internal.spaces.CollectionQuerySpaceImpl@312b34e3]
12:23:06.655 [main] [o.h.l.p.b.i.s.QuerySpacesImpl] DEBUG org.hibernate.loader.plan.build.internal.spaces.QuerySpacesImpl - Adding QuerySpace : uid = &lt;gen:3&gt; -&gt; org.hibernate.loader.plan.build.internal.spaces.EntityQuerySpaceImpl@26844abb]
12:23:06.655 [main] [o.h.p.w.s.MetamodelGraphWalker] DEBUG org.hibernate.persister.walking.spi.MetamodelGraphWalker - Visiting attribute path : users.address
12:23:06.655 [main] [o.h.l.p.b.i.s.QuerySpacesImpl] DEBUG org.hibernate.loader.plan.build.internal.spaces.QuerySpacesImpl - Adding QuerySpace : uid = &lt;gen:4&gt; -&gt; org.hibernate.loader.plan.build.internal.spaces.CompositeQuerySpaceImpl@4068102e]
12:23:06.655 [main] [o.h.p.w.s.MetamodelGraphWalker] DEBUG org.hibernate.persister.walking.spi.MetamodelGraphWalker - Visiting attribute path : users.address.addressLine1
12:23:06.655 [main] [o.h.p.w.s.MetamodelGraphWalker] DEBUG org.hibernate.persister.walking.spi.MetamodelGraphWalker - Visiting attribute path : users.address.addressLine2
12:23:06.655 [main] [o.h.p.w.s.MetamodelGraphWalker] DEBUG org.hibernate.persister.walking.spi.MetamodelGraphWalker - Visiting attribute path : users.address.country
12:23:06.655 [main] [o.h.p.w.s.MetamodelGraphWalker] DEBUG org.hibernate.persister.walking.spi.MetamodelGraphWalker - Visiting attribute path : users.address.county
12:23:06.655 [main] [o.h.p.w.s.MetamodelGraphWalker] DEBUG org.hibernate.persister.walking.spi.MetamodelGraphWalker - Visiting attribute path : users.address.latitude
12:23:06.655 [main] [o.h.p.w.s.MetamodelGraphWalker] DEBUG org.hibernate.persister.walking.spi.MetamodelGraphWalker - Visiting attribute path : users.address.longitude
12:23:06.655 [main] [o.h.p.w.s.MetamodelGraphWalker] DEBUG org.hibernate.persister.walking.spi.MetamodelGraphWalker - Visiting attribute path : users.address.mobile
12:23:06.655 [main] [o.h.p.w.s.MetamodelGraphWalker] DEBUG org.hibernate.persister.walking.spi.MetamodelGraphWalker - Visiting attribute path : users.address.number
12:23:06.655 [main] [o.h.p.w.s.MetamodelGraphWalker] DEBUG org.hibernate.persister.walking.spi.MetamodelGraphWalker - Visiting attribute path : users.address.postcode
12:23:06.655 [main] [o.h.p.w.s.MetamodelGraphWalker] DEBUG org.hibernate.persister.walking.spi.MetamodelGraphWalker - Visiting attribute path : users.address.telephone
12:23:06.655 [main] [o.h.p.w.s.MetamodelGraphWalker] DEBUG org.hibernate.persister.walking.spi.MetamodelGraphWalker - Visiting attribute path : users.enabled
12:23:06.655 [main] [o.h.p.w.s.MetamodelGraphWalker] DEBUG org.hibernate.persister.walking.spi.MetamodelGraphWalker - Visiting attribute path : users.firstName
12:23:06.655 [main] [o.h.p.w.s.MetamodelGraphWalker] DEBUG org.hibernate.persister.walking.spi.MetamodelGraphWalker - Visiting attribute path : users.parties
12:23:06.655 [main] [o.h.p.w.s.MetamodelGraphWalker] DEBUG org.hibernate.persister.walking.spi.MetamodelGraphWalker - Property path deemed to be circular : users.parties
12:23:06.655 [main] [o.h.p.w.s.MetamodelGraphWalker] DEBUG org.hibernate.persister.walking.spi.MetamodelGraphWalker - Visiting attribute path : users.password
12:23:06.655 [main] [o.h.p.w.s.MetamodelGraphWalker] DEBUG org.hibernate.persister.walking.spi.MetamodelGraphWalker - Visiting attribute path : users.roles
12:23:06.655 [main] [o.h.l.p.b.i.s.QuerySpacesImpl] DEBUG org.hibernate.loader.plan.build.internal.spaces.QuerySpacesImpl - Adding QuerySpace : uid = &lt;gen:5&gt; -&gt; org.hibernate.loader.plan.build.internal.spaces.CollectionQuerySpaceImpl@6c008c24]
12:23:06.655 [main] [o.h.l.p.b.i.s.QuerySpacesImpl] DEBUG org.hibernate.loader.plan.build.internal.spaces.QuerySpacesImpl - Adding QuerySpace : uid = &lt;gen:6&gt; -&gt; org.hibernate.loader.plan.build.internal.spaces.EntityQuerySpaceImpl@216e0771]
12:23:06.655 [main] [o.h.p.w.s.MetamodelGraphWalker] DEBUG org.hibernate.persister.walking.spi.MetamodelGraphWalker - Visiting attribute path : users.roles.name
12:23:06.655 [main] [o.h.p.w.s.MetamodelGraphWalker] DEBUG org.hibernate.persister.walking.spi.MetamodelGraphWalker - Visiting attribute path : users.roles.users
12:23:06.655 [main] [o.h.p.w.s.MetamodelGraphWalker] DEBUG org.hibernate.persister.walking.spi.MetamodelGraphWalker - Property path deemed to be circular : users.roles.users
12:23:06.655 [main] [o.h.p.w.s.MetamodelGraphWalker] DEBUG org.hibernate.persister.walking.spi.MetamodelGraphWalker - Visiting attribute path : users.secondName
12:23:06.655 [main] [o.h.p.w.s.MetamodelGraphWalker] DEBUG org.hibernate.persister.walking.spi.MetamodelGraphWalker - Visiting attribute path : users.username
12:23:06.655 [main] [o.h.p.w.s.MetamodelGraphWalker] DEBUG org.hibernate.persister.walking.spi.MetamodelGraphWalker - Visiting attribute path : uuid
12:23:06.655 [main] [o.h.l.p.b.i.FetchStyleLoadPlanBuildingAssociationVisitationStrategy] DEBUG org.hibernate.loader.plan.build.internal.FetchStyleLoadPlanBuildingAssociationVisitationStrategy - Building LoadPlan...
12:23:06.655 [main] [o.h.l.p.e.i.LoadQueryJoinAndFetchProcessor] DEBUG org.hibernate.loader.plan.exec.internal.LoadQueryJoinAndFetchProcessor - processing queryspace &lt;gen:0&gt;
12:23:06.670 [main] [o.h.l.p.b.s.LoadPlanTreePrinter] DEBUG org.hibernate.loader.plan.build.spi.LoadPlanTreePrinter - LoadPlan(entity=org.solent.com504.project.model.party.dto.Party)
    - Returns
       - EntityReturnImpl(entity=org.solent.com504.project.model.party.dto.Party, querySpaceUid=&lt;gen:0&gt;, path=org.solent.com504.project.model.party.dto.Party)
          - CompositeAttributeFetchImpl(composite=org.solent.com504.project.model.party.dto.Address, querySpaceUid=&lt;gen:1&gt;, path=org.solent.com504.project.model.party.dto.Party.address)
          - CollectionAttributeFetchImpl(collection=org.solent.com504.project.model.party.dto.Party.users, querySpaceUid=&lt;gen:2&gt;, path=org.solent.com504.project.model.party.dto.Party.users)
             - (collection element) CollectionFetchableElementEntityGraph(entity=org.solent.com504.project.model.user.dto.User, querySpaceUid=&lt;gen:3&gt;, path=org.solent.com504.project.model.party.dto.Party.users.&lt;elements&gt;)
                - CompositeAttributeFetchImpl(composite=org.solent.com504.project.model.party.dto.Address, querySpaceUid=&lt;gen:4&gt;, path=org.solent.com504.project.model.party.dto.Party.users.&lt;elements&gt;.address)
                - CollectionAttributeFetchImpl(collection=org.solent.com504.project.model.user.dto.User.roles, querySpaceUid=&lt;gen:5&gt;, path=org.solent.com504.project.model.party.dto.Party.users.&lt;elements&gt;.roles)
                   - (collection element) CollectionFetchableElementEntityGraph(entity=org.solent.com504.project.model.user.dto.Role, querySpaceUid=&lt;gen:6&gt;, path=org.solent.com504.project.model.party.dto.Party.users.&lt;elements&gt;.roles.&lt;elements&gt;)
    - QuerySpaces
       - EntityQuerySpaceImpl(uid=&lt;gen:0&gt;, entity=org.solent.com504.project.model.party.dto.Party)
          - SQL table alias mapping - party0_
          - alias suffix - 0_
          - suffixed key columns - {id1_5_0_}
          - JOIN (JoinDefinedByMetadata(address)) : &lt;gen:0&gt; -&gt; &lt;gen:1&gt;
             - CompositeQuerySpaceImpl(uid=&lt;gen:1&gt;)
                - SQL table alias mapping - party0_
          - JOIN (JoinDefinedByMetadata(users)) : &lt;gen:0&gt; -&gt; &lt;gen:2&gt;
             - CollectionQuerySpaceImpl(uid=&lt;gen:2&gt;, collection=org.solent.com504.project.model.party.dto.Party.users)
                - SQL table alias mapping - users1_
                - alias suffix - 1_
                - suffixed key columns - {user_id1_8_1_}
                - entity-element alias suffix - 2_
                - 2_entity-element suffixed key columns - id1_7_2_
                - JOIN (JoinDefinedByMetadata(elements)) : &lt;gen:2&gt; -&gt; &lt;gen:3&gt;
                   - EntityQuerySpaceImpl(uid=&lt;gen:3&gt;, entity=org.solent.com504.project.model.user.dto.User)
                      - SQL table alias mapping - user2_
                      - alias suffix - 2_
                      - suffixed key columns - {id1_7_2_}
                      - JOIN (JoinDefinedByMetadata(address)) : &lt;gen:3&gt; -&gt; &lt;gen:4&gt;
                         - CompositeQuerySpaceImpl(uid=&lt;gen:4&gt;)
                            - SQL table alias mapping - user2_
                      - JOIN (JoinDefinedByMetadata(roles)) : &lt;gen:3&gt; -&gt; &lt;gen:5&gt;
                         - CollectionQuerySpaceImpl(uid=&lt;gen:5&gt;, collection=org.solent.com504.project.model.user.dto.User.roles)
                            - SQL table alias mapping - roles3_
                            - alias suffix - 3_
                            - suffixed key columns - {user_id1_9_3_}
                            - entity-element alias suffix - 4_
                            - 4_entity-element suffixed key columns - id1_6_4_
                            - JOIN (JoinDefinedByMetadata(elements)) : &lt;gen:5&gt; -&gt; &lt;gen:6&gt;
                               - EntityQuerySpaceImpl(uid=&lt;gen:6&gt;, entity=org.solent.com504.project.model.user.dto.Role)
                                  - SQL table alias mapping - role4_
                                  - alias suffix - 4_
                                  - suffixed key columns - {id1_6_4_}

12:23:06.670 [main] [o.h.l.e.p.EntityLoader] DEBUG org.hibernate.loader.entity.plan.EntityLoader - Static select for entity org.solent.com504.project.model.party.dto.Party [NONE]: select party0_.id as id1_5_0_, party0_.addressLine1 as addressL2_5_0_, party0_.addressLine2 as addressL3_5_0_, party0_.country as country4_5_0_, party0_.county as county5_5_0_, party0_.latitude as latitude6_5_0_, party0_.longitude as longitud7_5_0_, party0_.mobile as mobile8_5_0_, party0_.number as number9_5_0_, party0_.postcode as postcod10_5_0_, party0_.telephone as telepho11_5_0_, party0_.enabled as enabled12_5_0_, party0_.firstName as firstNa13_5_0_, party0_.partyRole as partyRo14_5_0_, party0_.partyStatus as partySt15_5_0_, party0_.secondName as secondN16_5_0_, party0_.uuid as uuid17_5_0_, users1_.user_id as user_id1_8_1_, user2_.id as party_id2_8_1_, user2_.id as id1_7_2_, user2_.addressLine1 as addressL2_7_2_, user2_.addressLine2 as addressL3_7_2_, user2_.country as country4_7_2_, user2_.county as county5_7_2_, user2_.latitude as latitude6_7_2_, user2_.longitude as longitud7_7_2_, user2_.mobile as mobile8_7_2_, user2_.number as number9_7_2_, user2_.postcode as postcod10_7_2_, user2_.telephone as telepho11_7_2_, user2_.enabled as enabled12_7_2_, user2_.firstName as firstNa13_7_2_, user2_.password as passwor14_7_2_, user2_.secondName as secondN15_7_2_, user2_.username as usernam16_7_2_, roles3_.user_id as user_id1_9_3_, role4_.id as role_id2_9_3_, role4_.id as id1_6_4_, role4_.name as name2_6_4_ from Party party0_ left outer join user_party users1_ on party0_.id=users1_.user_id left outer join user user2_ on users1_.party_id=user2_.id left outer join user_role roles3_ on user2_.id=roles3_.user_id left outer join role role4_ on roles3_.role_id=role4_.id where party0_.id=?
12:23:06.670 [main] [o.h.l.p.b.i.s.QuerySpacesImpl] DEBUG org.hibernate.loader.plan.build.internal.spaces.QuerySpacesImpl - Adding QuerySpace : uid = &lt;gen:0&gt; -&gt; org.hibernate.loader.plan.build.internal.spaces.EntityQuerySpaceImpl@67c5ac52]
12:23:06.670 [main] [o.h.p.w.s.MetamodelGraphWalker] DEBUG org.hibernate.persister.walking.spi.MetamodelGraphWalker - Visiting attribute path : address
12:23:06.670 [main] [o.h.l.p.b.i.s.QuerySpacesImpl] DEBUG org.hibernate.loader.plan.build.internal.spaces.QuerySpacesImpl - Adding QuerySpace : uid = &lt;gen:1&gt; -&gt; org.hibernate.loader.plan.build.internal.spaces.CompositeQuerySpaceImpl@2b8bb184]
12:23:06.670 [main] [o.h.p.w.s.MetamodelGraphWalker] DEBUG org.hibernate.persister.walking.spi.MetamodelGraphWalker - Visiting attribute path : address.addressLine1
12:23:06.670 [main] [o.h.p.w.s.MetamodelGraphWalker] DEBUG org.hibernate.persister.walking.spi.MetamodelGraphWalker - Visiting attribute path : address.addressLine2
12:23:06.670 [main] [o.h.p.w.s.MetamodelGraphWalker] DEBUG org.hibernate.persister.walking.spi.MetamodelGraphWalker - Visiting attribute path : address.country
12:23:06.670 [main] [o.h.p.w.s.MetamodelGraphWalker] DEBUG org.hibernate.persister.walking.spi.MetamodelGraphWalker - Visiting attribute path : address.county
12:23:06.670 [main] [o.h.p.w.s.MetamodelGraphWalker] DEBUG org.hibernate.persister.walking.spi.MetamodelGraphWalker - Visiting attribute path : address.latitude
12:23:06.670 [main] [o.h.p.w.s.MetamodelGraphWalker] DEBUG org.hibernate.persister.walking.spi.MetamodelGraphWalker - Visiting attribute path : address.longitude
12:23:06.670 [main] [o.h.p.w.s.MetamodelGraphWalker] DEBUG org.hibernate.persister.walking.spi.MetamodelGraphWalker - Visiting attribute path : address.mobile
12:23:06.670 [main] [o.h.p.w.s.MetamodelGraphWalker] DEBUG org.hibernate.persister.walking.spi.MetamodelGraphWalker - Visiting attribute path : address.number
12:23:06.670 [main] [o.h.p.w.s.MetamodelGraphWalker] DEBUG org.hibernate.persister.walking.spi.MetamodelGraphWalker - Visiting attribute path : address.postcode
12:23:06.670 [main] [o.h.p.w.s.MetamodelGraphWalker] DEBUG org.hibernate.persister.walking.spi.MetamodelGraphWalker - Visiting attribute path : address.telephone
12:23:06.670 [main] [o.h.p.w.s.MetamodelGraphWalker] DEBUG org.hibernate.persister.walking.spi.MetamodelGraphWalker - Visiting attribute path : enabled
12:23:06.670 [main] [o.h.p.w.s.MetamodelGraphWalker] DEBUG org.hibernate.persister.walking.spi.MetamodelGraphWalker - Visiting attribute path : firstName
12:23:06.670 [main] [o.h.p.w.s.MetamodelGraphWalker] DEBUG org.hibernate.persister.walking.spi.MetamodelGraphWalker - Visiting attribute path : partyRole
12:23:06.670 [main] [o.h.p.w.s.MetamodelGraphWalker] DEBUG org.hibernate.persister.walking.spi.MetamodelGraphWalker - Visiting attribute path : partyStatus
12:23:06.670 [main] [o.h.p.w.s.MetamodelGraphWalker] DEBUG org.hibernate.persister.walking.spi.MetamodelGraphWalker - Visiting attribute path : secondName
12:23:06.670 [main] [o.h.p.w.s.MetamodelGraphWalker] DEBUG org.hibernate.persister.walking.spi.MetamodelGraphWalker - Visiting attribute path : users
12:23:06.670 [main] [o.h.l.p.b.i.s.QuerySpacesImpl] DEBUG org.hibernate.loader.plan.build.internal.spaces.QuerySpacesImpl - Adding QuerySpace : uid = &lt;gen:2&gt; -&gt; org.hibernate.loader.plan.build.internal.spaces.CollectionQuerySpaceImpl@dc79225]
12:23:06.670 [main] [o.h.l.p.b.i.s.QuerySpacesImpl] DEBUG org.hibernate.loader.plan.build.internal.spaces.QuerySpacesImpl - Adding QuerySpace : uid = &lt;gen:3&gt; -&gt; org.hibernate.loader.plan.build.internal.spaces.EntityQuerySpaceImpl@30e9ca13]
12:23:06.670 [main] [o.h.p.w.s.MetamodelGraphWalker] DEBUG org.hibernate.persister.walking.spi.MetamodelGraphWalker - Visiting attribute path : users.address
12:23:06.670 [main] [o.h.l.p.b.i.s.QuerySpacesImpl] DEBUG org.hibernate.loader.plan.build.internal.spaces.QuerySpacesImpl - Adding QuerySpace : uid = &lt;gen:4&gt; -&gt; org.hibernate.loader.plan.build.internal.spaces.CompositeQuerySpaceImpl@60cf62ad]
12:23:06.670 [main] [o.h.p.w.s.MetamodelGraphWalker] DEBUG org.hibernate.persister.walking.spi.MetamodelGraphWalker - Visiting attribute path : users.address.addressLine1
12:23:06.670 [main] [o.h.p.w.s.MetamodelGraphWalker] DEBUG org.hibernate.persister.walking.spi.MetamodelGraphWalker - Visiting attribute path : users.address.addressLine2
12:23:06.670 [main] [o.h.p.w.s.MetamodelGraphWalker] DEBUG org.hibernate.persister.walking.spi.MetamodelGraphWalker - Visiting attribute path : users.address.country
12:23:06.670 [main] [o.h.p.w.s.MetamodelGraphWalker] DEBUG org.hibernate.persister.walking.spi.MetamodelGraphWalker - Visiting attribute path : users.address.county
12:23:06.670 [main] [o.h.p.w.s.MetamodelGraphWalker] DEBUG org.hibernate.persister.walking.spi.MetamodelGraphWalker - Visiting attribute path : users.address.latitude
12:23:06.670 [main] [o.h.p.w.s.MetamodelGraphWalker] DEBUG org.hibernate.persister.walking.spi.MetamodelGraphWalker - Visiting attribute path : users.address.longitude
12:23:06.670 [main] [o.h.p.w.s.MetamodelGraphWalker] DEBUG org.hibernate.persister.walking.spi.MetamodelGraphWalker - Visiting attribute path : users.address.mobile
12:23:06.670 [main] [o.h.p.w.s.MetamodelGraphWalker] DEBUG org.hibernate.persister.walking.spi.MetamodelGraphWalker - Visiting attribute path : users.address.number
12:23:06.670 [main] [o.h.p.w.s.MetamodelGraphWalker] DEBUG org.hibernate.persister.walking.spi.MetamodelGraphWalker - Visiting attribute path : users.address.postcode
12:23:06.670 [main] [o.h.p.w.s.MetamodelGraphWalker] DEBUG org.hibernate.persister.walking.spi.MetamodelGraphWalker - Visiting attribute path : users.address.telephone
12:23:06.670 [main] [o.h.p.w.s.MetamodelGraphWalker] DEBUG org.hibernate.persister.walking.spi.MetamodelGraphWalker - Visiting attribute path : users.enabled
12:23:06.670 [main] [o.h.p.w.s.MetamodelGraphWalker] DEBUG org.hibernate.persister.walking.spi.MetamodelGraphWalker - Visiting attribute path : users.firstName
12:23:06.670 [main] [o.h.p.w.s.MetamodelGraphWalker] DEBUG org.hibernate.persister.walking.spi.MetamodelGraphWalker - Visiting attribute path : users.parties
12:23:06.670 [main] [o.h.p.w.s.MetamodelGraphWalker] DEBUG org.hibernate.persister.walking.spi.MetamodelGraphWalker - Property path deemed to be circular : users.parties
12:23:06.670 [main] [o.h.p.w.s.MetamodelGraphWalker] DEBUG org.hibernate.persister.walking.spi.MetamodelGraphWalker - Visiting attribute path : users.password
12:23:06.670 [main] [o.h.p.w.s.MetamodelGraphWalker] DEBUG org.hibernate.persister.walking.spi.MetamodelGraphWalker - Visiting attribute path : users.roles
12:23:06.670 [main] [o.h.l.p.b.i.s.QuerySpacesImpl] DEBUG org.hibernate.loader.plan.build.internal.spaces.QuerySpacesImpl - Adding QuerySpace : uid = &lt;gen:5&gt; -&gt; org.hibernate.loader.plan.build.internal.spaces.CollectionQuerySpaceImpl@1ac4ccad]
12:23:06.670 [main] [o.h.l.p.b.i.s.QuerySpacesImpl] DEBUG org.hibernate.loader.plan.build.internal.spaces.QuerySpacesImpl - Adding QuerySpace : uid = &lt;gen:6&gt; -&gt; org.hibernate.loader.plan.build.internal.spaces.EntityQuerySpaceImpl@fd9ebde]
12:23:06.670 [main] [o.h.p.w.s.MetamodelGraphWalker] DEBUG org.hibernate.persister.walking.spi.MetamodelGraphWalker - Visiting attribute path : users.roles.name
12:23:06.670 [main] [o.h.p.w.s.MetamodelGraphWalker] DEBUG org.hibernate.persister.walking.spi.MetamodelGraphWalker - Visiting attribute path : users.roles.users
12:23:06.670 [main] [o.h.p.w.s.MetamodelGraphWalker] DEBUG org.hibernate.persister.walking.spi.MetamodelGraphWalker - Property path deemed to be circular : users.roles.users
12:23:06.670 [main] [o.h.p.w.s.MetamodelGraphWalker] DEBUG org.hibernate.persister.walking.spi.MetamodelGraphWalker - Visiting attribute path : users.secondName
12:23:06.670 [main] [o.h.p.w.s.MetamodelGraphWalker] DEBUG org.hibernate.persister.walking.spi.MetamodelGraphWalker - Visiting attribute path : users.username
12:23:06.670 [main] [o.h.p.w.s.MetamodelGraphWalker] DEBUG org.hibernate.persister.walking.spi.MetamodelGraphWalker - Visiting attribute path : uuid
12:23:06.670 [main] [o.h.l.p.b.i.FetchStyleLoadPlanBuildingAssociationVisitationStrategy] DEBUG org.hibernate.loader.plan.build.internal.FetchStyleLoadPlanBuildingAssociationVisitationStrategy - Building LoadPlan...
12:23:06.670 [main] [o.h.l.p.e.i.LoadQueryJoinAndFetchProcessor] DEBUG org.hibernate.loader.plan.exec.internal.LoadQueryJoinAndFetchProcessor - processing queryspace &lt;gen:0&gt;
12:23:06.670 [main] [o.h.l.p.b.s.LoadPlanTreePrinter] DEBUG org.hibernate.loader.plan.build.spi.LoadPlanTreePrinter - LoadPlan(entity=org.solent.com504.project.model.party.dto.Party)
    - Returns
       - EntityReturnImpl(entity=org.solent.com504.project.model.party.dto.Party, querySpaceUid=&lt;gen:0&gt;, path=org.solent.com504.project.model.party.dto.Party)
          - CompositeAttributeFetchImpl(composite=org.solent.com504.project.model.party.dto.Address, querySpaceUid=&lt;gen:1&gt;, path=org.solent.com504.project.model.party.dto.Party.address)
          - CollectionAttributeFetchImpl(collection=org.solent.com504.project.model.party.dto.Party.users, querySpaceUid=&lt;gen:2&gt;, path=org.solent.com504.project.model.party.dto.Party.users)
             - (collection element) CollectionFetchableElementEntityGraph(entity=org.solent.com504.project.model.user.dto.User, querySpaceUid=&lt;gen:3&gt;, path=org.solent.com504.project.model.party.dto.Party.users.&lt;elements&gt;)
                - CompositeAttributeFetchImpl(composite=org.solent.com504.project.model.party.dto.Address, querySpaceUid=&lt;gen:4&gt;, path=org.solent.com504.project.model.party.dto.Party.users.&lt;elements&gt;.address)
                - CollectionAttributeFetchImpl(collection=org.solent.com504.project.model.user.dto.User.roles, querySpaceUid=&lt;gen:5&gt;, path=org.solent.com504.project.model.party.dto.Party.users.&lt;elements&gt;.roles)
                   - (collection element) CollectionFetchableElementEntityGraph(entity=org.solent.com504.project.model.user.dto.Role, querySpaceUid=&lt;gen:6&gt;, path=org.solent.com504.project.model.party.dto.Party.users.&lt;elements&gt;.roles.&lt;elements&gt;)
    - QuerySpaces
       - EntityQuerySpaceImpl(uid=&lt;gen:0&gt;, entity=org.solent.com504.project.model.party.dto.Party)
          - SQL table alias mapping - party0_
          - alias suffix - 0_
          - suffixed key columns - {id1_5_0_}
          - JOIN (JoinDefinedByMetadata(address)) : &lt;gen:0&gt; -&gt; &lt;gen:1&gt;
             - CompositeQuerySpaceImpl(uid=&lt;gen:1&gt;)
                - SQL table alias mapping - party0_
          - JOIN (JoinDefinedByMetadata(users)) : &lt;gen:0&gt; -&gt; &lt;gen:2&gt;
             - CollectionQuerySpaceImpl(uid=&lt;gen:2&gt;, collection=org.solent.com504.project.model.party.dto.Party.users)
                - SQL table alias mapping - users1_
                - alias suffix - 1_
                - suffixed key columns - {user_id1_8_1_}
                - entity-element alias suffix - 2_
                - 2_entity-element suffixed key columns - id1_7_2_
                - JOIN (JoinDefinedByMetadata(elements)) : &lt;gen:2&gt; -&gt; &lt;gen:3&gt;
                   - EntityQuerySpaceImpl(uid=&lt;gen:3&gt;, entity=org.solent.com504.project.model.user.dto.User)
                      - SQL table alias mapping - user2_
                      - alias suffix - 2_
                      - suffixed key columns - {id1_7_2_}
                      - JOIN (JoinDefinedByMetadata(address)) : &lt;gen:3&gt; -&gt; &lt;gen:4&gt;
                         - CompositeQuerySpaceImpl(uid=&lt;gen:4&gt;)
                            - SQL table alias mapping - user2_
                      - JOIN (JoinDefinedByMetadata(roles)) : &lt;gen:3&gt; -&gt; &lt;gen:5&gt;
                         - CollectionQuerySpaceImpl(uid=&lt;gen:5&gt;, collection=org.solent.com504.project.model.user.dto.User.roles)
                            - SQL table alias mapping - roles3_
                            - alias suffix - 3_
                            - suffixed key columns - {user_id1_9_3_}
                            - entity-element alias suffix - 4_
                            - 4_entity-element suffixed key columns - id1_6_4_
                            - JOIN (JoinDefinedByMetadata(elements)) : &lt;gen:5&gt; -&gt; &lt;gen:6&gt;
                               - EntityQuerySpaceImpl(uid=&lt;gen:6&gt;, entity=org.solent.com504.project.model.user.dto.Role)
                                  - SQL table alias mapping - role4_
                                  - alias suffix - 4_
                                  - suffixed key columns - {id1_6_4_}

12:23:06.670 [main] [o.h.l.e.p.EntityLoader] DEBUG org.hibernate.loader.entity.plan.EntityLoader - Static select for entity org.solent.com504.project.model.party.dto.Party [READ]: select party0_.id as id1_5_0_, party0_.addressLine1 as addressL2_5_0_, party0_.addressLine2 as addressL3_5_0_, party0_.country as country4_5_0_, party0_.county as county5_5_0_, party0_.latitude as latitude6_5_0_, party0_.longitude as longitud7_5_0_, party0_.mobile as mobile8_5_0_, party0_.number as number9_5_0_, party0_.postcode as postcod10_5_0_, party0_.telephone as telepho11_5_0_, party0_.enabled as enabled12_5_0_, party0_.firstName as firstNa13_5_0_, party0_.partyRole as partyRo14_5_0_, party0_.partyStatus as partySt15_5_0_, party0_.secondName as secondN16_5_0_, party0_.uuid as uuid17_5_0_, users1_.user_id as user_id1_8_1_, user2_.id as party_id2_8_1_, user2_.id as id1_7_2_, user2_.addressLine1 as addressL2_7_2_, user2_.addressLine2 as addressL3_7_2_, user2_.country as country4_7_2_, user2_.county as county5_7_2_, user2_.latitude as latitude6_7_2_, user2_.longitude as longitud7_7_2_, user2_.mobile as mobile8_7_2_, user2_.number as number9_7_2_, user2_.postcode as postcod10_7_2_, user2_.telephone as telepho11_7_2_, user2_.enabled as enabled12_7_2_, user2_.firstName as firstNa13_7_2_, user2_.password as passwor14_7_2_, user2_.secondName as secondN15_7_2_, user2_.username as usernam16_7_2_, roles3_.user_id as user_id1_9_3_, role4_.id as role_id2_9_3_, role4_.id as id1_6_4_, role4_.name as name2_6_4_ from Party party0_ left outer join user_party users1_ on party0_.id=users1_.user_id left outer join user user2_ on users1_.party_id=user2_.id left outer join user_role roles3_ on user2_.id=roles3_.user_id left outer join role role4_ on roles3_.role_id=role4_.id where party0_.id=?
12:23:06.670 [main] [o.h.l.p.b.i.s.QuerySpacesImpl] DEBUG org.hibernate.loader.plan.build.internal.spaces.QuerySpacesImpl - Adding QuerySpace : uid = &lt;gen:0&gt; -&gt; org.hibernate.loader.plan.build.internal.spaces.EntityQuerySpaceImpl@72f8ae0c]
12:23:06.670 [main] [o.h.p.w.s.MetamodelGraphWalker] DEBUG org.hibernate.persister.walking.spi.MetamodelGraphWalker - Visiting attribute path : address
12:23:06.670 [main] [o.h.l.p.b.i.s.QuerySpacesImpl] DEBUG org.hibernate.loader.plan.build.internal.spaces.QuerySpacesImpl - Adding QuerySpace : uid = &lt;gen:1&gt; -&gt; org.hibernate.loader.plan.build.internal.spaces.CompositeQuerySpaceImpl@6726cc69]
12:23:06.670 [main] [o.h.p.w.s.MetamodelGraphWalker] DEBUG org.hibernate.persister.walking.spi.MetamodelGraphWalker - Visiting attribute path : address.addressLine1
12:23:06.670 [main] [o.h.p.w.s.MetamodelGraphWalker] DEBUG org.hibernate.persister.walking.spi.MetamodelGraphWalker - Visiting attribute path : address.addressLine2
12:23:06.670 [main] [o.h.p.w.s.MetamodelGraphWalker] DEBUG org.hibernate.persister.walking.spi.MetamodelGraphWalker - Visiting attribute path : address.country
12:23:06.670 [main] [o.h.p.w.s.MetamodelGraphWalker] DEBUG org.hibernate.persister.walking.spi.MetamodelGraphWalker - Visiting attribute path : address.county
12:23:06.670 [main] [o.h.p.w.s.MetamodelGraphWalker] DEBUG org.hibernate.persister.walking.spi.MetamodelGraphWalker - Visiting attribute path : address.latitude
12:23:06.670 [main] [o.h.p.w.s.MetamodelGraphWalker] DEBUG org.hibernate.persister.walking.spi.MetamodelGraphWalker - Visiting attribute path : address.longitude
12:23:06.670 [main] [o.h.p.w.s.MetamodelGraphWalker] DEBUG org.hibernate.persister.walking.spi.MetamodelGraphWalker - Visiting attribute path : address.mobile
12:23:06.670 [main] [o.h.p.w.s.MetamodelGraphWalker] DEBUG org.hibernate.persister.walking.spi.MetamodelGraphWalker - Visiting attribute path : address.number
12:23:06.670 [main] [o.h.p.w.s.MetamodelGraphWalker] DEBUG org.hibernate.persister.walking.spi.MetamodelGraphWalker - Visiting attribute path : address.postcode
12:23:06.670 [main] [o.h.p.w.s.MetamodelGraphWalker] DEBUG org.hibernate.persister.walking.spi.MetamodelGraphWalker - Visiting attribute path : address.telephone
12:23:06.670 [main] [o.h.p.w.s.MetamodelGraphWalker] DEBUG org.hibernate.persister.walking.spi.MetamodelGraphWalker - Visiting attribute path : enabled
12:23:06.670 [main] [o.h.p.w.s.MetamodelGraphWalker] DEBUG org.hibernate.persister.walking.spi.MetamodelGraphWalker - Visiting attribute path : firstName
12:23:06.670 [main] [o.h.p.w.s.MetamodelGraphWalker] DEBUG org.hibernate.persister.walking.spi.MetamodelGraphWalker - Visiting attribute path : partyRole
12:23:06.670 [main] [o.h.p.w.s.MetamodelGraphWalker] DEBUG org.hibernate.persister.walking.spi.MetamodelGraphWalker - Visiting attribute path : partyStatus
12:23:06.670 [main] [o.h.p.w.s.MetamodelGraphWalker] DEBUG org.hibernate.persister.walking.spi.MetamodelGraphWalker - Visiting attribute path : secondName
12:23:06.670 [main] [o.h.p.w.s.MetamodelGraphWalker] DEBUG org.hibernate.persister.walking.spi.MetamodelGraphWalker - Visiting attribute path : users
12:23:06.670 [main] [o.h.l.p.b.i.s.QuerySpacesImpl] DEBUG org.hibernate.loader.plan.build.internal.spaces.QuerySpacesImpl - Adding QuerySpace : uid = &lt;gen:2&gt; -&gt; org.hibernate.loader.plan.build.internal.spaces.CollectionQuerySpaceImpl@33899f7a]
12:23:06.670 [main] [o.h.l.p.b.i.s.QuerySpacesImpl] DEBUG org.hibernate.loader.plan.build.internal.spaces.QuerySpacesImpl - Adding QuerySpace : uid = &lt;gen:3&gt; -&gt; org.hibernate.loader.plan.build.internal.spaces.EntityQuerySpaceImpl@7899de11]
12:23:06.670 [main] [o.h.p.w.s.MetamodelGraphWalker] DEBUG org.hibernate.persister.walking.spi.MetamodelGraphWalker - Visiting attribute path : uuid
12:23:06.670 [main] [o.h.l.p.b.i.FetchStyleLoadPlanBuildingAssociationVisitationStrategy] DEBUG org.hibernate.loader.plan.build.internal.FetchStyleLoadPlanBuildingAssociationVisitationStrategy - Building LoadPlan...
12:23:06.670 [main] [o.h.l.p.e.i.LoadQueryJoinAndFetchProcessor] DEBUG org.hibernate.loader.plan.exec.internal.LoadQueryJoinAndFetchProcessor - processing queryspace &lt;gen:0&gt;
12:23:06.686 [main] [o.h.l.p.b.s.LoadPlanTreePrinter] DEBUG org.hibernate.loader.plan.build.spi.LoadPlanTreePrinter - LoadPlan(entity=org.solent.com504.project.model.party.dto.Party)
    - Returns
       - EntityReturnImpl(entity=org.solent.com504.project.model.party.dto.Party, querySpaceUid=&lt;gen:0&gt;, path=org.solent.com504.project.model.party.dto.Party)
          - CompositeAttributeFetchImpl(composite=org.solent.com504.project.model.party.dto.Address, querySpaceUid=&lt;gen:1&gt;, path=org.solent.com504.project.model.party.dto.Party.address)
          - CollectionAttributeFetchImpl(collection=org.solent.com504.project.model.party.dto.Party.users, querySpaceUid=&lt;gen:2&gt;, path=org.solent.com504.project.model.party.dto.Party.users)
             - (collection element) CollectionFetchableElementEntityGraph(entity=org.solent.com504.project.model.user.dto.User, querySpaceUid=&lt;gen:3&gt;, path=org.solent.com504.project.model.party.dto.Party.users.&lt;elements&gt;)
    - QuerySpaces
       - EntityQuerySpaceImpl(uid=&lt;gen:0&gt;, entity=org.solent.com504.project.model.party.dto.Party)
          - SQL table alias mapping - party0_
          - alias suffix - 0_
          - suffixed key columns - {id1_5_0_}
          - JOIN (JoinDefinedByMetadata(address)) : &lt;gen:0&gt; -&gt; &lt;gen:1&gt;
             - CompositeQuerySpaceImpl(uid=&lt;gen:1&gt;)
                - SQL table alias mapping - party0_

12:23:06.686 [main] [o.h.l.e.p.EntityLoader] DEBUG org.hibernate.loader.entity.plan.EntityLoader - Static select for entity org.solent.com504.project.model.party.dto.Party [UPGRADE]: select party0_.id as id1_5_0_, party0_.addressLine1 as addressL2_5_0_, party0_.addressLine2 as addressL3_5_0_, party0_.country as country4_5_0_, party0_.county as county5_5_0_, party0_.latitude as latitude6_5_0_, party0_.longitude as longitud7_5_0_, party0_.mobile as mobile8_5_0_, party0_.number as number9_5_0_, party0_.postcode as postcod10_5_0_, party0_.telephone as telepho11_5_0_, party0_.enabled as enabled12_5_0_, party0_.firstName as firstNa13_5_0_, party0_.partyRole as partyRo14_5_0_, party0_.partyStatus as partySt15_5_0_, party0_.secondName as secondN16_5_0_, party0_.uuid as uuid17_5_0_ from Party party0_ where party0_.id=? for update
12:23:06.686 [main] [o.h.l.p.b.i.s.QuerySpacesImpl] DEBUG org.hibernate.loader.plan.build.internal.spaces.QuerySpacesImpl - Adding QuerySpace : uid = &lt;gen:0&gt; -&gt; org.hibernate.loader.plan.build.internal.spaces.EntityQuerySpaceImpl@290d10ef]
12:23:06.686 [main] [o.h.p.w.s.MetamodelGraphWalker] DEBUG org.hibernate.persister.walking.spi.MetamodelGraphWalker - Visiting attribute path : address
12:23:06.686 [main] [o.h.l.p.b.i.s.QuerySpacesImpl] DEBUG org.hibernate.loader.plan.build.internal.spaces.QuerySpacesImpl - Adding QuerySpace : uid = &lt;gen:1&gt; -&gt; org.hibernate.loader.plan.build.internal.spaces.CompositeQuerySpaceImpl@644ded04]
12:23:06.686 [main] [o.h.p.w.s.MetamodelGraphWalker] DEBUG org.hibernate.persister.walking.spi.MetamodelGraphWalker - Visiting attribute path : address.addressLine1
12:23:06.686 [main] [o.h.p.w.s.MetamodelGraphWalker] DEBUG org.hibernate.persister.walking.spi.MetamodelGraphWalker - Visiting attribute path : address.addressLine2
12:23:06.686 [main] [o.h.p.w.s.MetamodelGraphWalker] DEBUG org.hibernate.persister.walking.spi.MetamodelGraphWalker - Visiting attribute path : address.country
12:23:06.686 [main] [o.h.p.w.s.MetamodelGraphWalker] DEBUG org.hibernate.persister.walking.spi.MetamodelGraphWalker - Visiting attribute path : address.county
12:23:06.686 [main] [o.h.p.w.s.MetamodelGraphWalker] DEBUG org.hibernate.persister.walking.spi.MetamodelGraphWalker - Visiting attribute path : address.latitude
12:23:06.686 [main] [o.h.p.w.s.MetamodelGraphWalker] DEBUG org.hibernate.persister.walking.spi.MetamodelGraphWalker - Visiting attribute path : address.longitude
12:23:06.686 [main] [o.h.p.w.s.MetamodelGraphWalker] DEBUG org.hibernate.persister.walking.spi.MetamodelGraphWalker - Visiting attribute path : address.mobile
12:23:06.686 [main] [o.h.p.w.s.MetamodelGraphWalker] DEBUG org.hibernate.persister.walking.spi.MetamodelGraphWalker - Visiting attribute path : address.number
12:23:06.686 [main] [o.h.p.w.s.MetamodelGraphWalker] DEBUG org.hibernate.persister.walking.spi.MetamodelGraphWalker - Visiting attribute path : address.postcode
12:23:06.686 [main] [o.h.p.w.s.MetamodelGraphWalker] DEBUG org.hibernate.persister.walking.spi.MetamodelGraphWalker - Visiting attribute path : address.telephone
12:23:06.686 [main] [o.h.p.w.s.MetamodelGraphWalker] DEBUG org.hibernate.persister.walking.spi.MetamodelGraphWalker - Visiting attribute path : enabled
12:23:06.686 [main] [o.h.p.w.s.MetamodelGraphWalker] DEBUG org.hibernate.persister.walking.spi.MetamodelGraphWalker - Visiting attribute path : firstName
12:23:06.686 [main] [o.h.p.w.s.MetamodelGraphWalker] DEBUG org.hibernate.persister.walking.spi.MetamodelGraphWalker - Visiting attribute path : partyRole
12:23:06.686 [main] [o.h.p.w.s.MetamodelGraphWalker] DEBUG org.hibernate.persister.walking.spi.MetamodelGraphWalker - Visiting attribute path : partyStatus
12:23:06.686 [main] [o.h.p.w.s.MetamodelGraphWalker] DEBUG org.hibernate.persister.walking.spi.MetamodelGraphWalker - Visiting attribute path : secondName
12:23:06.686 [main] [o.h.p.w.s.MetamodelGraphWalker] DEBUG org.hibernate.persister.walking.spi.MetamodelGraphWalker - Visiting attribute path : users
12:23:06.686 [main] [o.h.l.p.b.i.s.QuerySpacesImpl] DEBUG org.hibernate.loader.plan.build.internal.spaces.QuerySpacesImpl - Adding QuerySpace : uid = &lt;gen:2&gt; -&gt; org.hibernate.loader.plan.build.internal.spaces.CollectionQuerySpaceImpl@13d9261f]
12:23:06.686 [main] [o.h.l.p.b.i.s.QuerySpacesImpl] DEBUG org.hibernate.loader.plan.build.internal.spaces.QuerySpacesImpl - Adding QuerySpace : uid = &lt;gen:3&gt; -&gt; org.hibernate.loader.plan.build.internal.spaces.EntityQuerySpaceImpl@e9ef5b6]
12:23:06.686 [main] [o.h.p.w.s.MetamodelGraphWalker] DEBUG org.hibernate.persister.walking.spi.MetamodelGraphWalker - Visiting attribute path : uuid
12:23:06.686 [main] [o.h.l.p.b.i.FetchStyleLoadPlanBuildingAssociationVisitationStrategy] DEBUG org.hibernate.loader.plan.build.internal.FetchStyleLoadPlanBuildingAssociationVisitationStrategy - Building LoadPlan...
12:23:06.686 [main] [o.h.l.p.e.i.LoadQueryJoinAndFetchProcessor] DEBUG org.hibernate.loader.plan.exec.internal.LoadQueryJoinAndFetchProcessor - processing queryspace &lt;gen:0&gt;
12:23:06.686 [main] [o.h.l.p.b.s.LoadPlanTreePrinter] DEBUG org.hibernate.loader.plan.build.spi.LoadPlanTreePrinter - LoadPlan(entity=org.solent.com504.project.model.party.dto.Party)
    - Returns
       - EntityReturnImpl(entity=org.solent.com504.project.model.party.dto.Party, querySpaceUid=&lt;gen:0&gt;, path=org.solent.com504.project.model.party.dto.Party)
          - CompositeAttributeFetchImpl(composite=org.solent.com504.project.model.party.dto.Address, querySpaceUid=&lt;gen:1&gt;, path=org.solent.com504.project.model.party.dto.Party.address)
          - CollectionAttributeFetchImpl(collection=org.solent.com504.project.model.party.dto.Party.users, querySpaceUid=&lt;gen:2&gt;, path=org.solent.com504.project.model.party.dto.Party.users)
             - (collection element) CollectionFetchableElementEntityGraph(entity=org.solent.com504.project.model.user.dto.User, querySpaceUid=&lt;gen:3&gt;, path=org.solent.com504.project.model.party.dto.Party.users.&lt;elements&gt;)
    - QuerySpaces
       - EntityQuerySpaceImpl(uid=&lt;gen:0&gt;, entity=org.solent.com504.project.model.party.dto.Party)
          - SQL table alias mapping - party0_
          - alias suffix - 0_
          - suffixed key columns - {id1_5_0_}
          - JOIN (JoinDefinedByMetadata(address)) : &lt;gen:0&gt; -&gt; &lt;gen:1&gt;
             - CompositeQuerySpaceImpl(uid=&lt;gen:1&gt;)
                - SQL table alias mapping - party0_

12:23:06.686 [main] [o.h.l.e.p.EntityLoader] DEBUG org.hibernate.loader.entity.plan.EntityLoader - Static select for entity org.solent.com504.project.model.party.dto.Party [UPGRADE_NOWAIT]: select party0_.id as id1_5_0_, party0_.addressLine1 as addressL2_5_0_, party0_.addressLine2 as addressL3_5_0_, party0_.country as country4_5_0_, party0_.county as county5_5_0_, party0_.latitude as latitude6_5_0_, party0_.longitude as longitud7_5_0_, party0_.mobile as mobile8_5_0_, party0_.number as number9_5_0_, party0_.postcode as postcod10_5_0_, party0_.telephone as telepho11_5_0_, party0_.enabled as enabled12_5_0_, party0_.firstName as firstNa13_5_0_, party0_.partyRole as partyRo14_5_0_, party0_.partyStatus as partySt15_5_0_, party0_.secondName as secondN16_5_0_, party0_.uuid as uuid17_5_0_ from Party party0_ where party0_.id=? for update
12:23:06.686 [main] [o.h.l.p.b.i.s.QuerySpacesImpl] DEBUG org.hibernate.loader.plan.build.internal.spaces.QuerySpacesImpl - Adding QuerySpace : uid = &lt;gen:0&gt; -&gt; org.hibernate.loader.plan.build.internal.spaces.EntityQuerySpaceImpl@5300cac]
12:23:06.686 [main] [o.h.p.w.s.MetamodelGraphWalker] DEBUG org.hibernate.persister.walking.spi.MetamodelGraphWalker - Visiting attribute path : address
12:23:06.686 [main] [o.h.l.p.b.i.s.QuerySpacesImpl] DEBUG org.hibernate.loader.plan.build.internal.spaces.QuerySpacesImpl - Adding QuerySpace : uid = &lt;gen:1&gt; -&gt; org.hibernate.loader.plan.build.internal.spaces.CompositeQuerySpaceImpl@1ba359bd]
12:23:06.686 [main] [o.h.p.w.s.MetamodelGraphWalker] DEBUG org.hibernate.persister.walking.spi.MetamodelGraphWalker - Visiting attribute path : address.addressLine1
12:23:06.686 [main] [o.h.p.w.s.MetamodelGraphWalker] DEBUG org.hibernate.persister.walking.spi.MetamodelGraphWalker - Visiting attribute path : address.addressLine2
12:23:06.686 [main] [o.h.p.w.s.MetamodelGraphWalker] DEBUG org.hibernate.persister.walking.spi.MetamodelGraphWalker - Visiting attribute path : address.country
12:23:06.686 [main] [o.h.p.w.s.MetamodelGraphWalker] DEBUG org.hibernate.persister.walking.spi.MetamodelGraphWalker - Visiting attribute path : address.county
12:23:06.686 [main] [o.h.p.w.s.MetamodelGraphWalker] DEBUG org.hibernate.persister.walking.spi.MetamodelGraphWalker - Visiting attribute path : address.latitude
12:23:06.686 [main] [o.h.p.w.s.MetamodelGraphWalker] DEBUG org.hibernate.persister.walking.spi.MetamodelGraphWalker - Visiting attribute path : address.longitude
12:23:06.686 [main] [o.h.p.w.s.MetamodelGraphWalker] DEBUG org.hibernate.persister.walking.spi.MetamodelGraphWalker - Visiting attribute path : address.mobile
12:23:06.686 [main] [o.h.p.w.s.MetamodelGraphWalker] DEBUG org.hibernate.persister.walking.spi.MetamodelGraphWalker - Visiting attribute path : address.number
12:23:06.686 [main] [o.h.p.w.s.MetamodelGraphWalker] DEBUG org.hibernate.persister.walking.spi.MetamodelGraphWalker - Visiting attribute path : address.postcode
12:23:06.686 [main] [o.h.p.w.s.MetamodelGraphWalker] DEBUG org.hibernate.persister.walking.spi.MetamodelGraphWalker - Visiting attribute path : address.telephone
12:23:06.686 [main] [o.h.p.w.s.MetamodelGraphWalker] DEBUG org.hibernate.persister.walking.spi.MetamodelGraphWalker - Visiting attribute path : enabled
12:23:06.686 [main] [o.h.p.w.s.MetamodelGraphWalker] DEBUG org.hibernate.persister.walking.spi.MetamodelGraphWalker - Visiting attribute path : firstName
12:23:06.686 [main] [o.h.p.w.s.MetamodelGraphWalker] DEBUG org.hibernate.persister.walking.spi.MetamodelGraphWalker - Visiting attribute path : partyRole
12:23:06.686 [main] [o.h.p.w.s.MetamodelGraphWalker] DEBUG org.hibernate.persister.walking.spi.MetamodelGraphWalker - Visiting attribute path : partyStatus
12:23:06.686 [main] [o.h.p.w.s.MetamodelGraphWalker] DEBUG org.hibernate.persister.walking.spi.MetamodelGraphWalker - Visiting attribute path : secondName
12:23:06.686 [main] [o.h.p.w.s.MetamodelGraphWalker] DEBUG org.hibernate.persister.walking.spi.MetamodelGraphWalker - Visiting attribute path : users
12:23:06.686 [main] [o.h.l.p.b.i.s.QuerySpacesImpl] DEBUG org.hibernate.loader.plan.build.internal.spaces.QuerySpacesImpl - Adding QuerySpace : uid = &lt;gen:2&gt; -&gt; org.hibernate.loader.plan.build.internal.spaces.CollectionQuerySpaceImpl@673919a7]
12:23:06.686 [main] [o.h.l.p.b.i.s.QuerySpacesImpl] DEBUG org.hibernate.loader.plan.build.internal.spaces.QuerySpacesImpl - Adding QuerySpace : uid = &lt;gen:3&gt; -&gt; org.hibernate.loader.plan.build.internal.spaces.EntityQuerySpaceImpl@25d93198]
12:23:06.686 [main] [o.h.p.w.s.MetamodelGraphWalker] DEBUG org.hibernate.persister.walking.spi.MetamodelGraphWalker - Visiting attribute path : uuid
12:23:06.686 [main] [o.h.l.p.b.i.FetchStyleLoadPlanBuildingAssociationVisitationStrategy] DEBUG org.hibernate.loader.plan.build.internal.FetchStyleLoadPlanBuildingAssociationVisitationStrategy - Building LoadPlan...
12:23:06.686 [main] [o.h.l.p.e.i.LoadQueryJoinAndFetchProcessor] DEBUG org.hibernate.loader.plan.exec.internal.LoadQueryJoinAndFetchProcessor - processing queryspace &lt;gen:0&gt;
12:23:06.686 [main] [o.h.l.p.b.s.LoadPlanTreePrinter] DEBUG org.hibernate.loader.plan.build.spi.LoadPlanTreePrinter - LoadPlan(entity=org.solent.com504.project.model.party.dto.Party)
    - Returns
       - EntityReturnImpl(entity=org.solent.com504.project.model.party.dto.Party, querySpaceUid=&lt;gen:0&gt;, path=org.solent.com504.project.model.party.dto.Party)
          - CompositeAttributeFetchImpl(composite=org.solent.com504.project.model.party.dto.Address, querySpaceUid=&lt;gen:1&gt;, path=org.solent.com504.project.model.party.dto.Party.address)
          - CollectionAttributeFetchImpl(collection=org.solent.com504.project.model.party.dto.Party.users, querySpaceUid=&lt;gen:2&gt;, path=org.solent.com504.project.model.party.dto.Party.users)
             - (collection element) CollectionFetchableElementEntityGraph(entity=org.solent.com504.project.model.user.dto.User, querySpaceUid=&lt;gen:3&gt;, path=org.solent.com504.project.model.party.dto.Party.users.&lt;elements&gt;)
    - QuerySpaces
       - EntityQuerySpaceImpl(uid=&lt;gen:0&gt;, entity=org.solent.com504.project.model.party.dto.Party)
          - SQL table alias mapping - party0_
          - alias suffix - 0_
          - suffixed key columns - {id1_5_0_}
          - JOIN (JoinDefinedByMetadata(address)) : &lt;gen:0&gt; -&gt; &lt;gen:1&gt;
             - CompositeQuerySpaceImpl(uid=&lt;gen:1&gt;)
                - SQL table alias mapping - party0_

12:23:06.686 [main] [o.h.l.e.p.EntityLoader] DEBUG org.hibernate.loader.entity.plan.EntityLoader - Static select for entity org.solent.com504.project.model.party.dto.Party [UPGRADE_SKIPLOCKED]: select party0_.id as id1_5_0_, party0_.addressLine1 as addressL2_5_0_, party0_.addressLine2 as addressL3_5_0_, party0_.country as country4_5_0_, party0_.county as county5_5_0_, party0_.latitude as latitude6_5_0_, party0_.longitude as longitud7_5_0_, party0_.mobile as mobile8_5_0_, party0_.number as number9_5_0_, party0_.postcode as postcod10_5_0_, party0_.telephone as telepho11_5_0_, party0_.enabled as enabled12_5_0_, party0_.firstName as firstNa13_5_0_, party0_.partyRole as partyRo14_5_0_, party0_.partyStatus as partySt15_5_0_, party0_.secondName as secondN16_5_0_, party0_.uuid as uuid17_5_0_ from Party party0_ where party0_.id=? for update
12:23:06.686 [main] [o.h.l.p.b.i.s.QuerySpacesImpl] DEBUG org.hibernate.loader.plan.build.internal.spaces.QuerySpacesImpl - Adding QuerySpace : uid = &lt;gen:0&gt; -&gt; org.hibernate.loader.plan.build.internal.spaces.EntityQuerySpaceImpl@2436ea2f]
12:23:06.686 [main] [o.h.p.w.s.MetamodelGraphWalker] DEBUG org.hibernate.persister.walking.spi.MetamodelGraphWalker - Visiting attribute path : address
12:23:06.686 [main] [o.h.l.p.b.i.s.QuerySpacesImpl] DEBUG org.hibernate.loader.plan.build.internal.spaces.QuerySpacesImpl - Adding QuerySpace : uid = &lt;gen:1&gt; -&gt; org.hibernate.loader.plan.build.internal.spaces.CompositeQuerySpaceImpl@20cece0b]
12:23:06.686 [main] [o.h.p.w.s.MetamodelGraphWalker] DEBUG org.hibernate.persister.walking.spi.MetamodelGraphWalker - Visiting attribute path : address.addressLine1
12:23:06.686 [main] [o.h.p.w.s.MetamodelGraphWalker] DEBUG org.hibernate.persister.walking.spi.MetamodelGraphWalker - Visiting attribute path : address.addressLine2
12:23:06.686 [main] [o.h.p.w.s.MetamodelGraphWalker] DEBUG org.hibernate.persister.walking.spi.MetamodelGraphWalker - Visiting attribute path : address.country
12:23:06.686 [main] [o.h.p.w.s.MetamodelGraphWalker] DEBUG org.hibernate.persister.walking.spi.MetamodelGraphWalker - Visiting attribute path : address.county
12:23:06.686 [main] [o.h.p.w.s.MetamodelGraphWalker] DEBUG org.hibernate.persister.walking.spi.MetamodelGraphWalker - Visiting attribute path : address.latitude
12:23:06.686 [main] [o.h.p.w.s.MetamodelGraphWalker] DEBUG org.hibernate.persister.walking.spi.MetamodelGraphWalker - Visiting attribute path : address.longitude
12:23:06.686 [main] [o.h.p.w.s.MetamodelGraphWalker] DEBUG org.hibernate.persister.walking.spi.MetamodelGraphWalker - Visiting attribute path : address.mobile
12:23:06.686 [main] [o.h.p.w.s.MetamodelGraphWalker] DEBUG org.hibernate.persister.walking.spi.MetamodelGraphWalker - Visiting attribute path : address.number
12:23:06.686 [main] [o.h.p.w.s.MetamodelGraphWalker] DEBUG org.hibernate.persister.walking.spi.MetamodelGraphWalker - Visiting attribute path : address.postcode
12:23:06.686 [main] [o.h.p.w.s.MetamodelGraphWalker] DEBUG org.hibernate.persister.walking.spi.MetamodelGraphWalker - Visiting attribute path : address.telephone
12:23:06.686 [main] [o.h.p.w.s.MetamodelGraphWalker] DEBUG org.hibernate.persister.walking.spi.MetamodelGraphWalker - Visiting attribute path : enabled
12:23:06.686 [main] [o.h.p.w.s.MetamodelGraphWalker] DEBUG org.hibernate.persister.walking.spi.MetamodelGraphWalker - Visiting attribute path : firstName
12:23:06.686 [main] [o.h.p.w.s.MetamodelGraphWalker] DEBUG org.hibernate.persister.walking.spi.MetamodelGraphWalker - Visiting attribute path : partyRole
12:23:06.686 [main] [o.h.p.w.s.MetamodelGraphWalker] DEBUG org.hibernate.persister.walking.spi.MetamodelGraphWalker - Visiting attribute path : partyStatus
12:23:06.686 [main] [o.h.p.w.s.MetamodelGraphWalker] DEBUG org.hibernate.persister.walking.spi.MetamodelGraphWalker - Visiting attribute path : secondName
12:23:06.686 [main] [o.h.p.w.s.MetamodelGraphWalker] DEBUG org.hibernate.persister.walking.spi.MetamodelGraphWalker - Visiting attribute path : users
12:23:06.686 [main] [o.h.l.p.b.i.s.QuerySpacesImpl] DEBUG org.hibernate.loader.plan.build.internal.spaces.QuerySpacesImpl - Adding QuerySpace : uid = &lt;gen:2&gt; -&gt; org.hibernate.loader.plan.build.internal.spaces.CollectionQuerySpaceImpl@5f038248]
12:23:06.686 [main] [o.h.l.p.b.i.s.QuerySpacesImpl] DEBUG org.hibernate.loader.plan.build.internal.spaces.QuerySpacesImpl - Adding QuerySpace : uid = &lt;gen:3&gt; -&gt; org.hibernate.loader.plan.build.internal.spaces.EntityQuerySpaceImpl@78e22d35]
12:23:06.686 [main] [o.h.p.w.s.MetamodelGraphWalker] DEBUG org.hibernate.persister.walking.spi.MetamodelGraphWalker - Visiting attribute path : uuid
12:23:06.686 [main] [o.h.l.p.b.i.FetchStyleLoadPlanBuildingAssociationVisitationStrategy] DEBUG org.hibernate.loader.plan.build.internal.FetchStyleLoadPlanBuildingAssociationVisitationStrategy - Building LoadPlan...
12:23:06.686 [main] [o.h.l.p.e.i.LoadQueryJoinAndFetchProcessor] DEBUG org.hibernate.loader.plan.exec.internal.LoadQueryJoinAndFetchProcessor - processing queryspace &lt;gen:0&gt;
12:23:06.686 [main] [o.h.l.p.b.s.LoadPlanTreePrinter] DEBUG org.hibernate.loader.plan.build.spi.LoadPlanTreePrinter - LoadPlan(entity=org.solent.com504.project.model.party.dto.Party)
    - Returns
       - EntityReturnImpl(entity=org.solent.com504.project.model.party.dto.Party, querySpaceUid=&lt;gen:0&gt;, path=org.solent.com504.project.model.party.dto.Party)
          - CompositeAttributeFetchImpl(composite=org.solent.com504.project.model.party.dto.Address, querySpaceUid=&lt;gen:1&gt;, path=org.solent.com504.project.model.party.dto.Party.address)
          - CollectionAttributeFetchImpl(collection=org.solent.com504.project.model.party.dto.Party.users, querySpaceUid=&lt;gen:2&gt;, path=org.solent.com504.project.model.party.dto.Party.users)
             - (collection element) CollectionFetchableElementEntityGraph(entity=org.solent.com504.project.model.user.dto.User, querySpaceUid=&lt;gen:3&gt;, path=org.solent.com504.project.model.party.dto.Party.users.&lt;elements&gt;)
    - QuerySpaces
       - EntityQuerySpaceImpl(uid=&lt;gen:0&gt;, entity=org.solent.com504.project.model.party.dto.Party)
          - SQL table alias mapping - party0_
          - alias suffix - 0_
          - suffixed key columns - {id1_5_0_}
          - JOIN (JoinDefinedByMetadata(address)) : &lt;gen:0&gt; -&gt; &lt;gen:1&gt;
             - CompositeQuerySpaceImpl(uid=&lt;gen:1&gt;)
                - SQL table alias mapping - party0_

12:23:06.686 [main] [o.h.l.e.p.EntityLoader] DEBUG org.hibernate.loader.entity.plan.EntityLoader - Static select for entity org.solent.com504.project.model.party.dto.Party [FORCE]: select party0_.id as id1_5_0_, party0_.addressLine1 as addressL2_5_0_, party0_.addressLine2 as addressL3_5_0_, party0_.country as country4_5_0_, party0_.county as county5_5_0_, party0_.latitude as latitude6_5_0_, party0_.longitude as longitud7_5_0_, party0_.mobile as mobile8_5_0_, party0_.number as number9_5_0_, party0_.postcode as postcod10_5_0_, party0_.telephone as telepho11_5_0_, party0_.enabled as enabled12_5_0_, party0_.firstName as firstNa13_5_0_, party0_.partyRole as partyRo14_5_0_, party0_.partyStatus as partySt15_5_0_, party0_.secondName as secondN16_5_0_, party0_.uuid as uuid17_5_0_ from Party party0_ where party0_.id=? for update
12:23:06.686 [main] [o.h.l.p.b.i.s.QuerySpacesImpl] DEBUG org.hibernate.loader.plan.build.internal.spaces.QuerySpacesImpl - Adding QuerySpace : uid = &lt;gen:0&gt; -&gt; org.hibernate.loader.plan.build.internal.spaces.EntityQuerySpaceImpl@2e8a1ab4]
12:23:06.686 [main] [o.h.p.w.s.MetamodelGraphWalker] DEBUG org.hibernate.persister.walking.spi.MetamodelGraphWalker - Visiting attribute path : address
12:23:06.686 [main] [o.h.l.p.b.i.s.QuerySpacesImpl] DEBUG org.hibernate.loader.plan.build.internal.spaces.QuerySpacesImpl - Adding QuerySpace : uid = &lt;gen:1&gt; -&gt; org.hibernate.loader.plan.build.internal.spaces.CompositeQuerySpaceImpl@1aabf50d]
12:23:06.686 [main] [o.h.p.w.s.MetamodelGraphWalker] DEBUG org.hibernate.persister.walking.spi.MetamodelGraphWalker - Visiting attribute path : address.addressLine1
12:23:06.686 [main] [o.h.p.w.s.MetamodelGraphWalker] DEBUG org.hibernate.persister.walking.spi.MetamodelGraphWalker - Visiting attribute path : address.addressLine2
12:23:06.686 [main] [o.h.p.w.s.MetamodelGraphWalker] DEBUG org.hibernate.persister.walking.spi.MetamodelGraphWalker - Visiting attribute path : address.country
12:23:06.686 [main] [o.h.p.w.s.MetamodelGraphWalker] DEBUG org.hibernate.persister.walking.spi.MetamodelGraphWalker - Visiting attribute path : address.county
12:23:06.686 [main] [o.h.p.w.s.MetamodelGraphWalker] DEBUG org.hibernate.persister.walking.spi.MetamodelGraphWalker - Visiting attribute path : address.latitude
12:23:06.686 [main] [o.h.p.w.s.MetamodelGraphWalker] DEBUG org.hibernate.persister.walking.spi.MetamodelGraphWalker - Visiting attribute path : address.longitude
12:23:06.686 [main] [o.h.p.w.s.MetamodelGraphWalker] DEBUG org.hibernate.persister.walking.spi.MetamodelGraphWalker - Visiting attribute path : address.mobile
12:23:06.686 [main] [o.h.p.w.s.MetamodelGraphWalker] DEBUG org.hibernate.persister.walking.spi.MetamodelGraphWalker - Visiting attribute path : address.number
12:23:06.686 [main] [o.h.p.w.s.MetamodelGraphWalker] DEBUG org.hibernate.persister.walking.spi.MetamodelGraphWalker - Visiting attribute path : address.postcode
12:23:06.686 [main] [o.h.p.w.s.MetamodelGraphWalker] DEBUG org.hibernate.persister.walking.spi.MetamodelGraphWalker - Visiting attribute path : address.telephone
12:23:06.686 [main] [o.h.p.w.s.MetamodelGraphWalker] DEBUG org.hibernate.persister.walking.spi.MetamodelGraphWalker - Visiting attribute path : enabled
12:23:06.686 [main] [o.h.p.w.s.MetamodelGraphWalker] DEBUG org.hibernate.persister.walking.spi.MetamodelGraphWalker - Visiting attribute path : firstName
12:23:06.686 [main] [o.h.p.w.s.MetamodelGraphWalker] DEBUG org.hibernate.persister.walking.spi.MetamodelGraphWalker - Visiting attribute path : partyRole
12:23:06.686 [main] [o.h.p.w.s.MetamodelGraphWalker] DEBUG org.hibernate.persister.walking.spi.MetamodelGraphWalker - Visiting attribute path : partyStatus
12:23:06.686 [main] [o.h.p.w.s.MetamodelGraphWalker] DEBUG org.hibernate.persister.walking.spi.MetamodelGraphWalker - Visiting attribute path : secondName
12:23:06.686 [main] [o.h.p.w.s.MetamodelGraphWalker] DEBUG org.hibernate.persister.walking.spi.MetamodelGraphWalker - Visiting attribute path : users
12:23:06.686 [main] [o.h.l.p.b.i.s.QuerySpacesImpl] DEBUG org.hibernate.loader.plan.build.internal.spaces.QuerySpacesImpl - Adding QuerySpace : uid = &lt;gen:2&gt; -&gt; org.hibernate.loader.plan.build.internal.spaces.CollectionQuerySpaceImpl@de8039f]
12:23:06.702 [main] [o.h.l.p.b.i.s.QuerySpacesImpl] DEBUG org.hibernate.loader.plan.build.internal.spaces.QuerySpacesImpl - Adding QuerySpace : uid = &lt;gen:3&gt; -&gt; org.hibernate.loader.plan.build.internal.spaces.EntityQuerySpaceImpl@1deceb67]
12:23:06.702 [main] [o.h.p.w.s.MetamodelGraphWalker] DEBUG org.hibernate.persister.walking.spi.MetamodelGraphWalker - Visiting attribute path : uuid
12:23:06.702 [main] [o.h.l.p.b.i.FetchStyleLoadPlanBuildingAssociationVisitationStrategy] DEBUG org.hibernate.loader.plan.build.internal.FetchStyleLoadPlanBuildingAssociationVisitationStrategy - Building LoadPlan...
12:23:06.702 [main] [o.h.l.p.e.i.LoadQueryJoinAndFetchProcessor] DEBUG org.hibernate.loader.plan.exec.internal.LoadQueryJoinAndFetchProcessor - processing queryspace &lt;gen:0&gt;
12:23:06.702 [main] [o.h.l.p.b.s.LoadPlanTreePrinter] DEBUG org.hibernate.loader.plan.build.spi.LoadPlanTreePrinter - LoadPlan(entity=org.solent.com504.project.model.party.dto.Party)
    - Returns
       - EntityReturnImpl(entity=org.solent.com504.project.model.party.dto.Party, querySpaceUid=&lt;gen:0&gt;, path=org.solent.com504.project.model.party.dto.Party)
          - CompositeAttributeFetchImpl(composite=org.solent.com504.project.model.party.dto.Address, querySpaceUid=&lt;gen:1&gt;, path=org.solent.com504.project.model.party.dto.Party.address)
          - CollectionAttributeFetchImpl(collection=org.solent.com504.project.model.party.dto.Party.users, querySpaceUid=&lt;gen:2&gt;, path=org.solent.com504.project.model.party.dto.Party.users)
             - (collection element) CollectionFetchableElementEntityGraph(entity=org.solent.com504.project.model.user.dto.User, querySpaceUid=&lt;gen:3&gt;, path=org.solent.com504.project.model.party.dto.Party.users.&lt;elements&gt;)
    - QuerySpaces
       - EntityQuerySpaceImpl(uid=&lt;gen:0&gt;, entity=org.solent.com504.project.model.party.dto.Party)
          - SQL table alias mapping - party0_
          - alias suffix - 0_
          - suffixed key columns - {id1_5_0_}
          - JOIN (JoinDefinedByMetadata(address)) : &lt;gen:0&gt; -&gt; &lt;gen:1&gt;
             - CompositeQuerySpaceImpl(uid=&lt;gen:1&gt;)
                - SQL table alias mapping - party0_

12:23:06.702 [main] [o.h.l.e.p.EntityLoader] DEBUG org.hibernate.loader.entity.plan.EntityLoader - Static select for entity org.solent.com504.project.model.party.dto.Party [PESSIMISTIC_READ]: select party0_.id as id1_5_0_, party0_.addressLine1 as addressL2_5_0_, party0_.addressLine2 as addressL3_5_0_, party0_.country as country4_5_0_, party0_.county as county5_5_0_, party0_.latitude as latitude6_5_0_, party0_.longitude as longitud7_5_0_, party0_.mobile as mobile8_5_0_, party0_.number as number9_5_0_, party0_.postcode as postcod10_5_0_, party0_.telephone as telepho11_5_0_, party0_.enabled as enabled12_5_0_, party0_.firstName as firstNa13_5_0_, party0_.partyRole as partyRo14_5_0_, party0_.partyStatus as partySt15_5_0_, party0_.secondName as secondN16_5_0_, party0_.uuid as uuid17_5_0_ from Party party0_ where party0_.id=? for update
12:23:06.702 [main] [o.h.l.p.b.i.s.QuerySpacesImpl] DEBUG org.hibernate.loader.plan.build.internal.spaces.QuerySpacesImpl - Adding QuerySpace : uid = &lt;gen:0&gt; -&gt; org.hibernate.loader.plan.build.internal.spaces.EntityQuerySpaceImpl@582a764a]
12:23:06.702 [main] [o.h.p.w.s.MetamodelGraphWalker] DEBUG org.hibernate.persister.walking.spi.MetamodelGraphWalker - Visiting attribute path : address
12:23:06.702 [main] [o.h.l.p.b.i.s.QuerySpacesImpl] DEBUG org.hibernate.loader.plan.build.internal.spaces.QuerySpacesImpl - Adding QuerySpace : uid = &lt;gen:1&gt; -&gt; org.hibernate.loader.plan.build.internal.spaces.CompositeQuerySpaceImpl@292158f8]
12:23:06.702 [main] [o.h.p.w.s.MetamodelGraphWalker] DEBUG org.hibernate.persister.walking.spi.MetamodelGraphWalker - Visiting attribute path : address.addressLine1
12:23:06.702 [main] [o.h.p.w.s.MetamodelGraphWalker] DEBUG org.hibernate.persister.walking.spi.MetamodelGraphWalker - Visiting attribute path : address.addressLine2
12:23:06.702 [main] [o.h.p.w.s.MetamodelGraphWalker] DEBUG org.hibernate.persister.walking.spi.MetamodelGraphWalker - Visiting attribute path : address.country
12:23:06.702 [main] [o.h.p.w.s.MetamodelGraphWalker] DEBUG org.hibernate.persister.walking.spi.MetamodelGraphWalker - Visiting attribute path : address.county
12:23:06.702 [main] [o.h.p.w.s.MetamodelGraphWalker] DEBUG org.hibernate.persister.walking.spi.MetamodelGraphWalker - Visiting attribute path : address.latitude
12:23:06.702 [main] [o.h.p.w.s.MetamodelGraphWalker] DEBUG org.hibernate.persister.walking.spi.MetamodelGraphWalker - Visiting attribute path : address.longitude
12:23:06.702 [main] [o.h.p.w.s.MetamodelGraphWalker] DEBUG org.hibernate.persister.walking.spi.MetamodelGraphWalker - Visiting attribute path : address.mobile
12:23:06.702 [main] [o.h.p.w.s.MetamodelGraphWalker] DEBUG org.hibernate.persister.walking.spi.MetamodelGraphWalker - Visiting attribute path : address.number
12:23:06.702 [main] [o.h.p.w.s.MetamodelGraphWalker] DEBUG org.hibernate.persister.walking.spi.MetamodelGraphWalker - Visiting attribute path : address.postcode
12:23:06.702 [main] [o.h.p.w.s.MetamodelGraphWalker] DEBUG org.hibernate.persister.walking.spi.MetamodelGraphWalker - Visiting attribute path : address.telephone
12:23:06.702 [main] [o.h.p.w.s.MetamodelGraphWalker] DEBUG org.hibernate.persister.walking.spi.MetamodelGraphWalker - Visiting attribute path : enabled
12:23:06.702 [main] [o.h.p.w.s.MetamodelGraphWalker] DEBUG org.hibernate.persister.walking.spi.MetamodelGraphWalker - Visiting attribute path : firstName
12:23:06.702 [main] [o.h.p.w.s.MetamodelGraphWalker] DEBUG org.hibernate.persister.walking.spi.MetamodelGraphWalker - Visiting attribute path : partyRole
12:23:06.702 [main] [o.h.p.w.s.MetamodelGraphWalker] DEBUG org.hibernate.persister.walking.spi.MetamodelGraphWalker - Visiting attribute path : partyStatus
12:23:06.702 [main] [o.h.p.w.s.MetamodelGraphWalker] DEBUG org.hibernate.persister.walking.spi.MetamodelGraphWalker - Visiting attribute path : secondName
12:23:06.702 [main] [o.h.p.w.s.MetamodelGraphWalker] DEBUG org.hibernate.persister.walking.spi.MetamodelGraphWalker - Visiting attribute path : users
12:23:06.702 [main] [o.h.l.p.b.i.s.QuerySpacesImpl] DEBUG org.hibernate.loader.plan.build.internal.spaces.QuerySpacesImpl - Adding QuerySpace : uid = &lt;gen:2&gt; -&gt; org.hibernate.loader.plan.build.internal.spaces.CollectionQuerySpaceImpl@58ff8d79]
12:23:06.702 [main] [o.h.l.p.b.i.s.QuerySpacesImpl] DEBUG org.hibernate.loader.plan.build.internal.spaces.QuerySpacesImpl - Adding QuerySpace : uid = &lt;gen:3&gt; -&gt; org.hibernate.loader.plan.build.internal.spaces.EntityQuerySpaceImpl@7e19755a]
12:23:06.702 [main] [o.h.p.w.s.MetamodelGraphWalker] DEBUG org.hibernate.persister.walking.spi.MetamodelGraphWalker - Visiting attribute path : uuid
12:23:06.702 [main] [o.h.l.p.b.i.FetchStyleLoadPlanBuildingAssociationVisitationStrategy] DEBUG org.hibernate.loader.plan.build.internal.FetchStyleLoadPlanBuildingAssociationVisitationStrategy - Building LoadPlan...
12:23:06.702 [main] [o.h.l.p.e.i.LoadQueryJoinAndFetchProcessor] DEBUG org.hibernate.loader.plan.exec.internal.LoadQueryJoinAndFetchProcessor - processing queryspace &lt;gen:0&gt;
12:23:06.702 [main] [o.h.l.p.b.s.LoadPlanTreePrinter] DEBUG org.hibernate.loader.plan.build.spi.LoadPlanTreePrinter - LoadPlan(entity=org.solent.com504.project.model.party.dto.Party)
    - Returns
       - EntityReturnImpl(entity=org.solent.com504.project.model.party.dto.Party, querySpaceUid=&lt;gen:0&gt;, path=org.solent.com504.project.model.party.dto.Party)
          - CompositeAttributeFetchImpl(composite=org.solent.com504.project.model.party.dto.Address, querySpaceUid=&lt;gen:1&gt;, path=org.solent.com504.project.model.party.dto.Party.address)
          - CollectionAttributeFetchImpl(collection=org.solent.com504.project.model.party.dto.Party.users, querySpaceUid=&lt;gen:2&gt;, path=org.solent.com504.project.model.party.dto.Party.users)
             - (collection element) CollectionFetchableElementEntityGraph(entity=org.solent.com504.project.model.user.dto.User, querySpaceUid=&lt;gen:3&gt;, path=org.solent.com504.project.model.party.dto.Party.users.&lt;elements&gt;)
    - QuerySpaces
       - EntityQuerySpaceImpl(uid=&lt;gen:0&gt;, entity=org.solent.com504.project.model.party.dto.Party)
          - SQL table alias mapping - party0_
          - alias suffix - 0_
          - suffixed key columns - {id1_5_0_}
          - JOIN (JoinDefinedByMetadata(address)) : &lt;gen:0&gt; -&gt; &lt;gen:1&gt;
             - CompositeQuerySpaceImpl(uid=&lt;gen:1&gt;)
                - SQL table alias mapping - party0_

12:23:06.702 [main] [o.h.l.e.p.EntityLoader] DEBUG org.hibernate.loader.entity.plan.EntityLoader - Static select for entity org.solent.com504.project.model.party.dto.Party [PESSIMISTIC_WRITE]: select party0_.id as id1_5_0_, party0_.addressLine1 as addressL2_5_0_, party0_.addressLine2 as addressL3_5_0_, party0_.country as country4_5_0_, party0_.county as county5_5_0_, party0_.latitude as latitude6_5_0_, party0_.longitude as longitud7_5_0_, party0_.mobile as mobile8_5_0_, party0_.number as number9_5_0_, party0_.postcode as postcod10_5_0_, party0_.telephone as telepho11_5_0_, party0_.enabled as enabled12_5_0_, party0_.firstName as firstNa13_5_0_, party0_.partyRole as partyRo14_5_0_, party0_.partyStatus as partySt15_5_0_, party0_.secondName as secondN16_5_0_, party0_.uuid as uuid17_5_0_ from Party party0_ where party0_.id=? for update
12:23:06.702 [main] [o.h.l.p.b.i.s.QuerySpacesImpl] DEBUG org.hibernate.loader.plan.build.internal.spaces.QuerySpacesImpl - Adding QuerySpace : uid = &lt;gen:0&gt; -&gt; org.hibernate.loader.plan.build.internal.spaces.EntityQuerySpaceImpl@5d5c04f9]
12:23:06.702 [main] [o.h.p.w.s.MetamodelGraphWalker] DEBUG org.hibernate.persister.walking.spi.MetamodelGraphWalker - Visiting attribute path : address
12:23:06.702 [main] [o.h.l.p.b.i.s.QuerySpacesImpl] DEBUG org.hibernate.loader.plan.build.internal.spaces.QuerySpacesImpl - Adding QuerySpace : uid = &lt;gen:1&gt; -&gt; org.hibernate.loader.plan.build.internal.spaces.CompositeQuerySpaceImpl@4b790d86]
12:23:06.702 [main] [o.h.p.w.s.MetamodelGraphWalker] DEBUG org.hibernate.persister.walking.spi.MetamodelGraphWalker - Visiting attribute path : address.addressLine1
12:23:06.702 [main] [o.h.p.w.s.MetamodelGraphWalker] DEBUG org.hibernate.persister.walking.spi.MetamodelGraphWalker - Visiting attribute path : address.addressLine2
12:23:06.702 [main] [o.h.p.w.s.MetamodelGraphWalker] DEBUG org.hibernate.persister.walking.spi.MetamodelGraphWalker - Visiting attribute path : address.country
12:23:06.702 [main] [o.h.p.w.s.MetamodelGraphWalker] DEBUG org.hibernate.persister.walking.spi.MetamodelGraphWalker - Visiting attribute path : address.county
12:23:06.702 [main] [o.h.p.w.s.MetamodelGraphWalker] DEBUG org.hibernate.persister.walking.spi.MetamodelGraphWalker - Visiting attribute path : address.latitude
12:23:06.702 [main] [o.h.p.w.s.MetamodelGraphWalker] DEBUG org.hibernate.persister.walking.spi.MetamodelGraphWalker - Visiting attribute path : address.longitude
12:23:06.702 [main] [o.h.p.w.s.MetamodelGraphWalker] DEBUG org.hibernate.persister.walking.spi.MetamodelGraphWalker - Visiting attribute path : address.mobile
12:23:06.702 [main] [o.h.p.w.s.MetamodelGraphWalker] DEBUG org.hibernate.persister.walking.spi.MetamodelGraphWalker - Visiting attribute path : address.number
12:23:06.702 [main] [o.h.p.w.s.MetamodelGraphWalker] DEBUG org.hibernate.persister.walking.spi.MetamodelGraphWalker - Visiting attribute path : address.postcode
12:23:06.702 [main] [o.h.p.w.s.MetamodelGraphWalker] DEBUG org.hibernate.persister.walking.spi.MetamodelGraphWalker - Visiting attribute path : address.telephone
12:23:06.702 [main] [o.h.p.w.s.MetamodelGraphWalker] DEBUG org.hibernate.persister.walking.spi.MetamodelGraphWalker - Visiting attribute path : enabled
12:23:06.702 [main] [o.h.p.w.s.MetamodelGraphWalker] DEBUG org.hibernate.persister.walking.spi.MetamodelGraphWalker - Visiting attribute path : firstName
12:23:06.702 [main] [o.h.p.w.s.MetamodelGraphWalker] DEBUG org.hibernate.persister.walking.spi.MetamodelGraphWalker - Visiting attribute path : partyRole
12:23:06.702 [main] [o.h.p.w.s.MetamodelGraphWalker] DEBUG org.hibernate.persister.walking.spi.MetamodelGraphWalker - Visiting attribute path : partyStatus
12:23:06.702 [main] [o.h.p.w.s.MetamodelGraphWalker] DEBUG org.hibernate.persister.walking.spi.MetamodelGraphWalker - Visiting attribute path : secondName
12:23:06.702 [main] [o.h.p.w.s.MetamodelGraphWalker] DEBUG org.hibernate.persister.walking.spi.MetamodelGraphWalker - Visiting attribute path : users
12:23:06.702 [main] [o.h.l.p.b.i.s.QuerySpacesImpl] DEBUG org.hibernate.loader.plan.build.internal.spaces.QuerySpacesImpl - Adding QuerySpace : uid = &lt;gen:2&gt; -&gt; org.hibernate.loader.plan.build.internal.spaces.CollectionQuerySpaceImpl@4339baec]
12:23:06.702 [main] [o.h.l.p.b.i.s.QuerySpacesImpl] DEBUG org.hibernate.loader.plan.build.internal.spaces.QuerySpacesImpl - Adding QuerySpace : uid = &lt;gen:3&gt; -&gt; org.hibernate.loader.plan.build.internal.spaces.EntityQuerySpaceImpl@62db3891]
12:23:06.702 [main] [o.h.p.w.s.MetamodelGraphWalker] DEBUG org.hibernate.persister.walking.spi.MetamodelGraphWalker - Visiting attribute path : uuid
12:23:06.702 [main] [o.h.l.p.b.i.FetchStyleLoadPlanBuildingAssociationVisitationStrategy] DEBUG org.hibernate.loader.plan.build.internal.FetchStyleLoadPlanBuildingAssociationVisitationStrategy - Building LoadPlan...
12:23:06.702 [main] [o.h.l.p.e.i.LoadQueryJoinAndFetchProcessor] DEBUG org.hibernate.loader.plan.exec.internal.LoadQueryJoinAndFetchProcessor - processing queryspace &lt;gen:0&gt;
12:23:06.702 [main] [o.h.l.p.b.s.LoadPlanTreePrinter] DEBUG org.hibernate.loader.plan.build.spi.LoadPlanTreePrinter - LoadPlan(entity=org.solent.com504.project.model.party.dto.Party)
    - Returns
       - EntityReturnImpl(entity=org.solent.com504.project.model.party.dto.Party, querySpaceUid=&lt;gen:0&gt;, path=org.solent.com504.project.model.party.dto.Party)
          - CompositeAttributeFetchImpl(composite=org.solent.com504.project.model.party.dto.Address, querySpaceUid=&lt;gen:1&gt;, path=org.solent.com504.project.model.party.dto.Party.address)
          - CollectionAttributeFetchImpl(collection=org.solent.com504.project.model.party.dto.Party.users, querySpaceUid=&lt;gen:2&gt;, path=org.solent.com504.project.model.party.dto.Party.users)
             - (collection element) CollectionFetchableElementEntityGraph(entity=org.solent.com504.project.model.user.dto.User, querySpaceUid=&lt;gen:3&gt;, path=org.solent.com504.project.model.party.dto.Party.users.&lt;elements&gt;)
    - QuerySpaces
       - EntityQuerySpaceImpl(uid=&lt;gen:0&gt;, entity=org.solent.com504.project.model.party.dto.Party)
          - SQL table alias mapping - party0_
          - alias suffix - 0_
          - suffixed key columns - {id1_5_0_}
          - JOIN (JoinDefinedByMetadata(address)) : &lt;gen:0&gt; -&gt; &lt;gen:1&gt;
             - CompositeQuerySpaceImpl(uid=&lt;gen:1&gt;)
                - SQL table alias mapping - party0_

12:23:06.702 [main] [o.h.l.e.p.EntityLoader] DEBUG org.hibernate.loader.entity.plan.EntityLoader - Static select for entity org.solent.com504.project.model.party.dto.Party [PESSIMISTIC_FORCE_INCREMENT]: select party0_.id as id1_5_0_, party0_.addressLine1 as addressL2_5_0_, party0_.addressLine2 as addressL3_5_0_, party0_.country as country4_5_0_, party0_.county as county5_5_0_, party0_.latitude as latitude6_5_0_, party0_.longitude as longitud7_5_0_, party0_.mobile as mobile8_5_0_, party0_.number as number9_5_0_, party0_.postcode as postcod10_5_0_, party0_.telephone as telepho11_5_0_, party0_.enabled as enabled12_5_0_, party0_.firstName as firstNa13_5_0_, party0_.partyRole as partyRo14_5_0_, party0_.partyStatus as partySt15_5_0_, party0_.secondName as secondN16_5_0_, party0_.uuid as uuid17_5_0_ from Party party0_ where party0_.id=? for update
12:23:06.702 [main] [o.h.l.p.b.i.s.QuerySpacesImpl] DEBUG org.hibernate.loader.plan.build.internal.spaces.QuerySpacesImpl - Adding QuerySpace : uid = &lt;gen:0&gt; -&gt; org.hibernate.loader.plan.build.internal.spaces.EntityQuerySpaceImpl@61cd1c71]
12:23:06.702 [main] [o.h.p.w.s.MetamodelGraphWalker] DEBUG org.hibernate.persister.walking.spi.MetamodelGraphWalker - Visiting attribute path : address
12:23:06.702 [main] [o.h.l.p.b.i.s.QuerySpacesImpl] DEBUG org.hibernate.loader.plan.build.internal.spaces.QuerySpacesImpl - Adding QuerySpace : uid = &lt;gen:1&gt; -&gt; org.hibernate.loader.plan.build.internal.spaces.CompositeQuerySpaceImpl@6944e53e]
12:23:06.702 [main] [o.h.p.w.s.MetamodelGraphWalker] DEBUG org.hibernate.persister.walking.spi.MetamodelGraphWalker - Visiting attribute path : address.addressLine1
12:23:06.702 [main] [o.h.p.w.s.MetamodelGraphWalker] DEBUG org.hibernate.persister.walking.spi.MetamodelGraphWalker - Visiting attribute path : address.addressLine2
12:23:06.702 [main] [o.h.p.w.s.MetamodelGraphWalker] DEBUG org.hibernate.persister.walking.spi.MetamodelGraphWalker - Visiting attribute path : address.country
12:23:06.702 [main] [o.h.p.w.s.MetamodelGraphWalker] DEBUG org.hibernate.persister.walking.spi.MetamodelGraphWalker - Visiting attribute path : address.county
12:23:06.702 [main] [o.h.p.w.s.MetamodelGraphWalker] DEBUG org.hibernate.persister.walking.spi.MetamodelGraphWalker - Visiting attribute path : address.latitude
12:23:06.702 [main] [o.h.p.w.s.MetamodelGraphWalker] DEBUG org.hibernate.persister.walking.spi.MetamodelGraphWalker - Visiting attribute path : address.longitude
12:23:06.702 [main] [o.h.p.w.s.MetamodelGraphWalker] DEBUG org.hibernate.persister.walking.spi.MetamodelGraphWalker - Visiting attribute path : address.mobile
12:23:06.702 [main] [o.h.p.w.s.MetamodelGraphWalker] DEBUG org.hibernate.persister.walking.spi.MetamodelGraphWalker - Visiting attribute path : address.number
12:23:06.702 [main] [o.h.p.w.s.MetamodelGraphWalker] DEBUG org.hibernate.persister.walking.spi.MetamodelGraphWalker - Visiting attribute path : address.postcode
12:23:06.702 [main] [o.h.p.w.s.MetamodelGraphWalker] DEBUG org.hibernate.persister.walking.spi.MetamodelGraphWalker - Visiting attribute path : address.telephone
12:23:06.702 [main] [o.h.p.w.s.MetamodelGraphWalker] DEBUG org.hibernate.persister.walking.spi.MetamodelGraphWalker - Visiting attribute path : enabled
12:23:06.702 [main] [o.h.p.w.s.MetamodelGraphWalker] DEBUG org.hibernate.persister.walking.spi.MetamodelGraphWalker - Visiting attribute path : firstName
12:23:06.702 [main] [o.h.p.w.s.MetamodelGraphWalker] DEBUG org.hibernate.persister.walking.spi.MetamodelGraphWalker - Visiting attribute path : partyRole
12:23:06.702 [main] [o.h.p.w.s.MetamodelGraphWalker] DEBUG org.hibernate.persister.walking.spi.MetamodelGraphWalker - Visiting attribute path : partyStatus
12:23:06.702 [main] [o.h.p.w.s.MetamodelGraphWalker] DEBUG org.hibernate.persister.walking.spi.MetamodelGraphWalker - Visiting attribute path : secondName
12:23:06.702 [main] [o.h.p.w.s.MetamodelGraphWalker] DEBUG org.hibernate.persister.walking.spi.MetamodelGraphWalker - Visiting attribute path : users
12:23:06.702 [main] [o.h.l.p.b.i.s.QuerySpacesImpl] DEBUG org.hibernate.loader.plan.build.internal.spaces.QuerySpacesImpl - Adding QuerySpace : uid = &lt;gen:2&gt; -&gt; org.hibernate.loader.plan.build.internal.spaces.CollectionQuerySpaceImpl@5bc7e78e]
12:23:06.702 [main] [o.h.l.p.b.i.s.QuerySpacesImpl] DEBUG org.hibernate.loader.plan.build.internal.spaces.QuerySpacesImpl - Adding QuerySpace : uid = &lt;gen:3&gt; -&gt; org.hibernate.loader.plan.build.internal.spaces.EntityQuerySpaceImpl@1a4d1ab7]
12:23:06.702 [main] [o.h.p.w.s.MetamodelGraphWalker] DEBUG org.hibernate.persister.walking.spi.MetamodelGraphWalker - Visiting attribute path : uuid
12:23:06.702 [main] [o.h.l.p.b.i.FetchStyleLoadPlanBuildingAssociationVisitationStrategy] DEBUG org.hibernate.loader.plan.build.internal.FetchStyleLoadPlanBuildingAssociationVisitationStrategy - Building LoadPlan...
12:23:06.702 [main] [o.h.l.p.e.i.LoadQueryJoinAndFetchProcessor] DEBUG org.hibernate.loader.plan.exec.internal.LoadQueryJoinAndFetchProcessor - processing queryspace &lt;gen:0&gt;
12:23:06.702 [main] [o.h.l.p.b.s.LoadPlanTreePrinter] DEBUG org.hibernate.loader.plan.build.spi.LoadPlanTreePrinter - LoadPlan(entity=org.solent.com504.project.model.party.dto.Party)
    - Returns
       - EntityReturnImpl(entity=org.solent.com504.project.model.party.dto.Party, querySpaceUid=&lt;gen:0&gt;, path=org.solent.com504.project.model.party.dto.Party)
          - CompositeAttributeFetchImpl(composite=org.solent.com504.project.model.party.dto.Address, querySpaceUid=&lt;gen:1&gt;, path=org.solent.com504.project.model.party.dto.Party.address)
          - CollectionAttributeFetchImpl(collection=org.solent.com504.project.model.party.dto.Party.users, querySpaceUid=&lt;gen:2&gt;, path=org.solent.com504.project.model.party.dto.Party.users)
             - (collection element) CollectionFetchableElementEntityGraph(entity=org.solent.com504.project.model.user.dto.User, querySpaceUid=&lt;gen:3&gt;, path=org.solent.com504.project.model.party.dto.Party.users.&lt;elements&gt;)
    - QuerySpaces
       - EntityQuerySpaceImpl(uid=&lt;gen:0&gt;, entity=org.solent.com504.project.model.party.dto.Party)
          - SQL table alias mapping - party0_
          - alias suffix - 0_
          - suffixed key columns - {id1_5_0_}
          - JOIN (JoinDefinedByMetadata(address)) : &lt;gen:0&gt; -&gt; &lt;gen:1&gt;
             - CompositeQuerySpaceImpl(uid=&lt;gen:1&gt;)
                - SQL table alias mapping - party0_

12:23:06.702 [main] [o.h.l.e.p.EntityLoader] DEBUG org.hibernate.loader.entity.plan.EntityLoader - Static select for entity org.solent.com504.project.model.party.dto.Party [OPTIMISTIC]: select party0_.id as id1_5_0_, party0_.addressLine1 as addressL2_5_0_, party0_.addressLine2 as addressL3_5_0_, party0_.country as country4_5_0_, party0_.county as county5_5_0_, party0_.latitude as latitude6_5_0_, party0_.longitude as longitud7_5_0_, party0_.mobile as mobile8_5_0_, party0_.number as number9_5_0_, party0_.postcode as postcod10_5_0_, party0_.telephone as telepho11_5_0_, party0_.enabled as enabled12_5_0_, party0_.firstName as firstNa13_5_0_, party0_.partyRole as partyRo14_5_0_, party0_.partyStatus as partySt15_5_0_, party0_.secondName as secondN16_5_0_, party0_.uuid as uuid17_5_0_ from Party party0_ where party0_.id=?
12:23:06.702 [main] [o.h.l.p.b.i.s.QuerySpacesImpl] DEBUG org.hibernate.loader.plan.build.internal.spaces.QuerySpacesImpl - Adding QuerySpace : uid = &lt;gen:0&gt; -&gt; org.hibernate.loader.plan.build.internal.spaces.EntityQuerySpaceImpl@546e61d5]
12:23:06.702 [main] [o.h.p.w.s.MetamodelGraphWalker] DEBUG org.hibernate.persister.walking.spi.MetamodelGraphWalker - Visiting attribute path : address
12:23:06.702 [main] [o.h.l.p.b.i.s.QuerySpacesImpl] DEBUG org.hibernate.loader.plan.build.internal.spaces.QuerySpacesImpl - Adding QuerySpace : uid = &lt;gen:1&gt; -&gt; org.hibernate.loader.plan.build.internal.spaces.CompositeQuerySpaceImpl@60783105]
12:23:06.702 [main] [o.h.p.w.s.MetamodelGraphWalker] DEBUG org.hibernate.persister.walking.spi.MetamodelGraphWalker - Visiting attribute path : address.addressLine1
12:23:06.702 [main] [o.h.p.w.s.MetamodelGraphWalker] DEBUG org.hibernate.persister.walking.spi.MetamodelGraphWalker - Visiting attribute path : address.addressLine2
12:23:06.702 [main] [o.h.p.w.s.MetamodelGraphWalker] DEBUG org.hibernate.persister.walking.spi.MetamodelGraphWalker - Visiting attribute path : address.country
12:23:06.702 [main] [o.h.p.w.s.MetamodelGraphWalker] DEBUG org.hibernate.persister.walking.spi.MetamodelGraphWalker - Visiting attribute path : address.county
12:23:06.702 [main] [o.h.p.w.s.MetamodelGraphWalker] DEBUG org.hibernate.persister.walking.spi.MetamodelGraphWalker - Visiting attribute path : address.latitude
12:23:06.702 [main] [o.h.p.w.s.MetamodelGraphWalker] DEBUG org.hibernate.persister.walking.spi.MetamodelGraphWalker - Visiting attribute path : address.longitude
12:23:06.702 [main] [o.h.p.w.s.MetamodelGraphWalker] DEBUG org.hibernate.persister.walking.spi.MetamodelGraphWalker - Visiting attribute path : address.mobile
12:23:06.702 [main] [o.h.p.w.s.MetamodelGraphWalker] DEBUG org.hibernate.persister.walking.spi.MetamodelGraphWalker - Visiting attribute path : address.number
12:23:06.702 [main] [o.h.p.w.s.MetamodelGraphWalker] DEBUG org.hibernate.persister.walking.spi.MetamodelGraphWalker - Visiting attribute path : address.postcode
12:23:06.702 [main] [o.h.p.w.s.MetamodelGraphWalker] DEBUG org.hibernate.persister.walking.spi.MetamodelGraphWalker - Visiting attribute path : address.telephone
12:23:06.702 [main] [o.h.p.w.s.MetamodelGraphWalker] DEBUG org.hibernate.persister.walking.spi.MetamodelGraphWalker - Visiting attribute path : enabled
12:23:06.702 [main] [o.h.p.w.s.MetamodelGraphWalker] DEBUG org.hibernate.persister.walking.spi.MetamodelGraphWalker - Visiting attribute path : firstName
12:23:06.702 [main] [o.h.p.w.s.MetamodelGraphWalker] DEBUG org.hibernate.persister.walking.spi.MetamodelGraphWalker - Visiting attribute path : partyRole
12:23:06.702 [main] [o.h.p.w.s.MetamodelGraphWalker] DEBUG org.hibernate.persister.walking.spi.MetamodelGraphWalker - Visiting attribute path : partyStatus
12:23:06.702 [main] [o.h.p.w.s.MetamodelGraphWalker] DEBUG org.hibernate.persister.walking.spi.MetamodelGraphWalker - Visiting attribute path : secondName
12:23:06.702 [main] [o.h.p.w.s.MetamodelGraphWalker] DEBUG org.hibernate.persister.walking.spi.MetamodelGraphWalker - Visiting attribute path : users
12:23:06.702 [main] [o.h.l.p.b.i.s.QuerySpacesImpl] DEBUG org.hibernate.loader.plan.build.internal.spaces.QuerySpacesImpl - Adding QuerySpace : uid = &lt;gen:2&gt; -&gt; org.hibernate.loader.plan.build.internal.spaces.CollectionQuerySpaceImpl@35d5ac51]
12:23:06.702 [main] [o.h.l.p.b.i.s.QuerySpacesImpl] DEBUG org.hibernate.loader.plan.build.internal.spaces.QuerySpacesImpl - Adding QuerySpace : uid = &lt;gen:3&gt; -&gt; org.hibernate.loader.plan.build.internal.spaces.EntityQuerySpaceImpl@b606cb6]
12:23:06.702 [main] [o.h.p.w.s.MetamodelGraphWalker] DEBUG org.hibernate.persister.walking.spi.MetamodelGraphWalker - Visiting attribute path : uuid
12:23:06.702 [main] [o.h.l.p.b.i.FetchStyleLoadPlanBuildingAssociationVisitationStrategy] DEBUG org.hibernate.loader.plan.build.internal.FetchStyleLoadPlanBuildingAssociationVisitationStrategy - Building LoadPlan...
12:23:06.702 [main] [o.h.l.p.e.i.LoadQueryJoinAndFetchProcessor] DEBUG org.hibernate.loader.plan.exec.internal.LoadQueryJoinAndFetchProcessor - processing queryspace &lt;gen:0&gt;
12:23:06.702 [main] [o.h.l.p.b.s.LoadPlanTreePrinter] DEBUG org.hibernate.loader.plan.build.spi.LoadPlanTreePrinter - LoadPlan(entity=org.solent.com504.project.model.party.dto.Party)
    - Returns
       - EntityReturnImpl(entity=org.solent.com504.project.model.party.dto.Party, querySpaceUid=&lt;gen:0&gt;, path=org.solent.com504.project.model.party.dto.Party)
          - CompositeAttributeFetchImpl(composite=org.solent.com504.project.model.party.dto.Address, querySpaceUid=&lt;gen:1&gt;, path=org.solent.com504.project.model.party.dto.Party.address)
          - CollectionAttributeFetchImpl(collection=org.solent.com504.project.model.party.dto.Party.users, querySpaceUid=&lt;gen:2&gt;, path=org.solent.com504.project.model.party.dto.Party.users)
             - (collection element) CollectionFetchableElementEntityGraph(entity=org.solent.com504.project.model.user.dto.User, querySpaceUid=&lt;gen:3&gt;, path=org.solent.com504.project.model.party.dto.Party.users.&lt;elements&gt;)
    - QuerySpaces
       - EntityQuerySpaceImpl(uid=&lt;gen:0&gt;, entity=org.solent.com504.project.model.party.dto.Party)
          - SQL table alias mapping - party0_
          - alias suffix - 0_
          - suffixed key columns - {id1_5_0_}
          - JOIN (JoinDefinedByMetadata(address)) : &lt;gen:0&gt; -&gt; &lt;gen:1&gt;
             - CompositeQuerySpaceImpl(uid=&lt;gen:1&gt;)
                - SQL table alias mapping - party0_

12:23:06.702 [main] [o.h.l.e.p.EntityLoader] DEBUG org.hibernate.loader.entity.plan.EntityLoader - Static select for entity org.solent.com504.project.model.party.dto.Party [OPTIMISTIC_FORCE_INCREMENT]: select party0_.id as id1_5_0_, party0_.addressLine1 as addressL2_5_0_, party0_.addressLine2 as addressL3_5_0_, party0_.country as country4_5_0_, party0_.county as county5_5_0_, party0_.latitude as latitude6_5_0_, party0_.longitude as longitud7_5_0_, party0_.mobile as mobile8_5_0_, party0_.number as number9_5_0_, party0_.postcode as postcod10_5_0_, party0_.telephone as telepho11_5_0_, party0_.enabled as enabled12_5_0_, party0_.firstName as firstNa13_5_0_, party0_.partyRole as partyRo14_5_0_, party0_.partyStatus as partySt15_5_0_, party0_.secondName as secondN16_5_0_, party0_.uuid as uuid17_5_0_ from Party party0_ where party0_.id=?
12:23:06.702 [main] [o.h.l.Loader] DEBUG org.hibernate.loader.Loader - Static select for action ACTION_MERGE on entity org.solent.com504.project.model.party.dto.Party: select party0_.id as id1_5_1_, party0_.addressLine1 as addressL2_5_1_, party0_.addressLine2 as addressL3_5_1_, party0_.country as country4_5_1_, party0_.county as county5_5_1_, party0_.latitude as latitude6_5_1_, party0_.longitude as longitud7_5_1_, party0_.mobile as mobile8_5_1_, party0_.number as number9_5_1_, party0_.postcode as postcod10_5_1_, party0_.telephone as telepho11_5_1_, party0_.enabled as enabled12_5_1_, party0_.firstName as firstNa13_5_1_, party0_.partyRole as partyRo14_5_1_, party0_.partyStatus as partySt15_5_1_, party0_.secondName as secondN16_5_1_, party0_.uuid as uuid17_5_1_, users1_.user_id as user_id1_8_3_, user2_.id as party_id2_8_3_, user2_.id as id1_7_0_, user2_.addressLine1 as addressL2_7_0_, user2_.addressLine2 as addressL3_7_0_, user2_.country as country4_7_0_, user2_.county as county5_7_0_, user2_.latitude as latitude6_7_0_, user2_.longitude as longitud7_7_0_, user2_.mobile as mobile8_7_0_, user2_.number as number9_7_0_, user2_.postcode as postcod10_7_0_, user2_.telephone as telepho11_7_0_, user2_.enabled as enabled12_7_0_, user2_.firstName as firstNa13_7_0_, user2_.password as passwor14_7_0_, user2_.secondName as secondN15_7_0_, user2_.username as usernam16_7_0_ from Party party0_ left outer join user_party users1_ on party0_.id=users1_.user_id left outer join user user2_ on users1_.party_id=user2_.id where party0_.id=?
12:23:06.717 [main] [o.h.l.Loader] DEBUG org.hibernate.loader.Loader - Static select for action ACTION_REFRESH on entity org.solent.com504.project.model.party.dto.Party: select party0_.id as id1_5_0_, party0_.addressLine1 as addressL2_5_0_, party0_.addressLine2 as addressL3_5_0_, party0_.country as country4_5_0_, party0_.county as county5_5_0_, party0_.latitude as latitude6_5_0_, party0_.longitude as longitud7_5_0_, party0_.mobile as mobile8_5_0_, party0_.number as number9_5_0_, party0_.postcode as postcod10_5_0_, party0_.telephone as telepho11_5_0_, party0_.enabled as enabled12_5_0_, party0_.firstName as firstNa13_5_0_, party0_.partyRole as partyRo14_5_0_, party0_.partyStatus as partySt15_5_0_, party0_.secondName as secondN16_5_0_, party0_.uuid as uuid17_5_0_ from Party party0_ where party0_.id=?
12:23:06.717 [main] [o.h.p.e.AbstractEntityPersister] DEBUG org.hibernate.persister.entity.AbstractEntityPersister - Static SQL for entity: org.solent.com504.project.model.user.dto.User
12:23:06.717 [main] [o.h.p.e.AbstractEntityPersister] DEBUG org.hibernate.persister.entity.AbstractEntityPersister -  Version select: select id from user where id =?
12:23:06.717 [main] [o.h.p.e.AbstractEntityPersister] DEBUG org.hibernate.persister.entity.AbstractEntityPersister -  Snapshot select: select user_.id, user_.addressLine1 as addressL2_7_, user_.addressLine2 as addressL3_7_, user_.country as country4_7_, user_.county as county5_7_, user_.latitude as latitude6_7_, user_.longitude as longitud7_7_, user_.mobile as mobile8_7_, user_.number as number9_7_, user_.postcode as postcod10_7_, user_.telephone as telepho11_7_, user_.enabled as enabled12_7_, user_.firstName as firstNa13_7_, user_.password as passwor14_7_, user_.secondName as secondN15_7_, user_.username as usernam16_7_ from user user_ where user_.id=?
12:23:06.717 [main] [o.h.p.e.AbstractEntityPersister] DEBUG org.hibernate.persister.entity.AbstractEntityPersister -  Insert 0: insert into user (addressLine1, addressLine2, country, county, latitude, longitude, mobile, number, postcode, telephone, enabled, firstName, password, secondName, username, id) values (?, ?, ?, ?, ?, ?, ?, ?, ?, ?, ?, ?, ?, ?, ?, ?)
12:23:06.717 [main] [o.h.p.e.AbstractEntityPersister] DEBUG org.hibernate.persister.entity.AbstractEntityPersister -  Update 0: update user set addressLine1=?, addressLine2=?, country=?, county=?, latitude=?, longitude=?, mobile=?, number=?, postcode=?, telephone=?, enabled=?, firstName=?, password=?, secondName=?, username=? where id=?
12:23:06.717 [main] [o.h.p.e.AbstractEntityPersister] DEBUG org.hibernate.persister.entity.AbstractEntityPersister -  Delete 0: delete from user where id=?
12:23:06.717 [main] [o.h.l.p.b.i.s.QuerySpacesImpl] DEBUG org.hibernate.loader.plan.build.internal.spaces.QuerySpacesImpl - Adding QuerySpace : uid = &lt;gen:0&gt; -&gt; org.hibernate.loader.plan.build.internal.spaces.EntityQuerySpaceImpl@30364216]
12:23:06.717 [main] [o.h.p.w.s.MetamodelGraphWalker] DEBUG org.hibernate.persister.walking.spi.MetamodelGraphWalker - Visiting attribute path : address
12:23:06.717 [main] [o.h.l.p.b.i.s.QuerySpacesImpl] DEBUG org.hibernate.loader.plan.build.internal.spaces.QuerySpacesImpl - Adding QuerySpace : uid = &lt;gen:1&gt; -&gt; org.hibernate.loader.plan.build.internal.spaces.CompositeQuerySpaceImpl@1e8ab90f]
12:23:06.717 [main] [o.h.p.w.s.MetamodelGraphWalker] DEBUG org.hibernate.persister.walking.spi.MetamodelGraphWalker - Visiting attribute path : address.addressLine1
12:23:06.717 [main] [o.h.p.w.s.MetamodelGraphWalker] DEBUG org.hibernate.persister.walking.spi.MetamodelGraphWalker - Visiting attribute path : address.addressLine2
12:23:06.717 [main] [o.h.p.w.s.MetamodelGraphWalker] DEBUG org.hibernate.persister.walking.spi.MetamodelGraphWalker - Visiting attribute path : address.country
12:23:06.717 [main] [o.h.p.w.s.MetamodelGraphWalker] DEBUG org.hibernate.persister.walking.spi.MetamodelGraphWalker - Visiting attribute path : address.county
12:23:06.717 [main] [o.h.p.w.s.MetamodelGraphWalker] DEBUG org.hibernate.persister.walking.spi.MetamodelGraphWalker - Visiting attribute path : address.latitude
12:23:06.717 [main] [o.h.p.w.s.MetamodelGraphWalker] DEBUG org.hibernate.persister.walking.spi.MetamodelGraphWalker - Visiting attribute path : address.longitude
12:23:06.717 [main] [o.h.p.w.s.MetamodelGraphWalker] DEBUG org.hibernate.persister.walking.spi.MetamodelGraphWalker - Visiting attribute path : address.mobile
12:23:06.717 [main] [o.h.p.w.s.MetamodelGraphWalker] DEBUG org.hibernate.persister.walking.spi.MetamodelGraphWalker - Visiting attribute path : address.number
12:23:06.717 [main] [o.h.p.w.s.MetamodelGraphWalker] DEBUG org.hibernate.persister.walking.spi.MetamodelGraphWalker - Visiting attribute path : address.postcode
12:23:06.717 [main] [o.h.p.w.s.MetamodelGraphWalker] DEBUG org.hibernate.persister.walking.spi.MetamodelGraphWalker - Visiting attribute path : address.telephone
12:23:06.717 [main] [o.h.p.w.s.MetamodelGraphWalker] DEBUG org.hibernate.persister.walking.spi.MetamodelGraphWalker - Visiting attribute path : enabled
12:23:06.717 [main] [o.h.p.w.s.MetamodelGraphWalker] DEBUG org.hibernate.persister.walking.spi.MetamodelGraphWalker - Visiting attribute path : firstName
12:23:06.717 [main] [o.h.p.w.s.MetamodelGraphWalker] DEBUG org.hibernate.persister.walking.spi.MetamodelGraphWalker - Visiting attribute path : parties
12:23:06.717 [main] [o.h.l.p.b.i.s.QuerySpacesImpl] DEBUG org.hibernate.loader.plan.build.internal.spaces.QuerySpacesImpl - Adding QuerySpace : uid = &lt;gen:2&gt; -&gt; org.hibernate.loader.plan.build.internal.spaces.CollectionQuerySpaceImpl@7a729f84]
12:23:06.717 [main] [o.h.l.p.b.i.s.QuerySpacesImpl] DEBUG org.hibernate.loader.plan.build.internal.spaces.QuerySpacesImpl - Adding QuerySpace : uid = &lt;gen:3&gt; -&gt; org.hibernate.loader.plan.build.internal.spaces.EntityQuerySpaceImpl@1e469dfd]
12:23:06.717 [main] [o.h.p.w.s.MetamodelGraphWalker] DEBUG org.hibernate.persister.walking.spi.MetamodelGraphWalker - Visiting attribute path : parties.address
12:23:06.717 [main] [o.h.l.p.b.i.s.QuerySpacesImpl] DEBUG org.hibernate.loader.plan.build.internal.spaces.QuerySpacesImpl - Adding QuerySpace : uid = &lt;gen:4&gt; -&gt; org.hibernate.loader.plan.build.internal.spaces.CompositeQuerySpaceImpl@71904469]
12:23:06.717 [main] [o.h.p.w.s.MetamodelGraphWalker] DEBUG org.hibernate.persister.walking.spi.MetamodelGraphWalker - Visiting attribute path : parties.address.addressLine1
12:23:06.717 [main] [o.h.p.w.s.MetamodelGraphWalker] DEBUG org.hibernate.persister.walking.spi.MetamodelGraphWalker - Visiting attribute path : parties.address.addressLine2
12:23:06.717 [main] [o.h.p.w.s.MetamodelGraphWalker] DEBUG org.hibernate.persister.walking.spi.MetamodelGraphWalker - Visiting attribute path : parties.address.country
12:23:06.717 [main] [o.h.p.w.s.MetamodelGraphWalker] DEBUG org.hibernate.persister.walking.spi.MetamodelGraphWalker - Visiting attribute path : parties.address.county
12:23:06.717 [main] [o.h.p.w.s.MetamodelGraphWalker] DEBUG org.hibernate.persister.walking.spi.MetamodelGraphWalker - Visiting attribute path : parties.address.latitude
12:23:06.717 [main] [o.h.p.w.s.MetamodelGraphWalker] DEBUG org.hibernate.persister.walking.spi.MetamodelGraphWalker - Visiting attribute path : parties.address.longitude
12:23:06.717 [main] [o.h.p.w.s.MetamodelGraphWalker] DEBUG org.hibernate.persister.walking.spi.MetamodelGraphWalker - Visiting attribute path : parties.address.mobile
12:23:06.717 [main] [o.h.p.w.s.MetamodelGraphWalker] DEBUG org.hibernate.persister.walking.spi.MetamodelGraphWalker - Visiting attribute path : parties.address.number
12:23:06.717 [main] [o.h.p.w.s.MetamodelGraphWalker] DEBUG org.hibernate.persister.walking.spi.MetamodelGraphWalker - Visiting attribute path : parties.address.postcode
12:23:06.717 [main] [o.h.p.w.s.MetamodelGraphWalker] DEBUG org.hibernate.persister.walking.spi.MetamodelGraphWalker - Visiting attribute path : parties.address.telephone
12:23:06.717 [main] [o.h.p.w.s.MetamodelGraphWalker] DEBUG org.hibernate.persister.walking.spi.MetamodelGraphWalker - Visiting attribute path : parties.enabled
12:23:06.717 [main] [o.h.p.w.s.MetamodelGraphWalker] DEBUG org.hibernate.persister.walking.spi.MetamodelGraphWalker - Visiting attribute path : parties.firstName
12:23:06.717 [main] [o.h.p.w.s.MetamodelGraphWalker] DEBUG org.hibernate.persister.walking.spi.MetamodelGraphWalker - Visiting attribute path : parties.partyRole
12:23:06.717 [main] [o.h.p.w.s.MetamodelGraphWalker] DEBUG org.hibernate.persister.walking.spi.MetamodelGraphWalker - Visiting attribute path : parties.partyStatus
12:23:06.717 [main] [o.h.p.w.s.MetamodelGraphWalker] DEBUG org.hibernate.persister.walking.spi.MetamodelGraphWalker - Visiting attribute path : parties.secondName
12:23:06.717 [main] [o.h.p.w.s.MetamodelGraphWalker] DEBUG org.hibernate.persister.walking.spi.MetamodelGraphWalker - Visiting attribute path : parties.users
12:23:06.717 [main] [o.h.p.w.s.MetamodelGraphWalker] DEBUG org.hibernate.persister.walking.spi.MetamodelGraphWalker - Property path deemed to be circular : parties.users
12:23:06.717 [main] [o.h.p.w.s.MetamodelGraphWalker] DEBUG org.hibernate.persister.walking.spi.MetamodelGraphWalker - Visiting attribute path : parties.uuid
12:23:06.717 [main] [o.h.p.w.s.MetamodelGraphWalker] DEBUG org.hibernate.persister.walking.spi.MetamodelGraphWalker - Visiting attribute path : password
12:23:06.717 [main] [o.h.p.w.s.MetamodelGraphWalker] DEBUG org.hibernate.persister.walking.spi.MetamodelGraphWalker - Visiting attribute path : roles
12:23:06.717 [main] [o.h.l.p.b.i.s.QuerySpacesImpl] DEBUG org.hibernate.loader.plan.build.internal.spaces.QuerySpacesImpl - Adding QuerySpace : uid = &lt;gen:5&gt; -&gt; org.hibernate.loader.plan.build.internal.spaces.CollectionQuerySpaceImpl@761e788f]
12:23:06.717 [main] [o.h.l.p.b.i.s.QuerySpacesImpl] DEBUG org.hibernate.loader.plan.build.internal.spaces.QuerySpacesImpl - Adding QuerySpace : uid = &lt;gen:6&gt; -&gt; org.hibernate.loader.plan.build.internal.spaces.EntityQuerySpaceImpl@6a472566]
12:23:06.717 [main] [o.h.p.w.s.MetamodelGraphWalker] DEBUG org.hibernate.persister.walking.spi.MetamodelGraphWalker - Visiting attribute path : roles.name
12:23:06.717 [main] [o.h.p.w.s.MetamodelGraphWalker] DEBUG org.hibernate.persister.walking.spi.MetamodelGraphWalker - Visiting attribute path : roles.users
12:23:06.717 [main] [o.h.p.w.s.MetamodelGraphWalker] DEBUG org.hibernate.persister.walking.spi.MetamodelGraphWalker - Property path deemed to be circular : roles.users
12:23:06.717 [main] [o.h.p.w.s.MetamodelGraphWalker] DEBUG org.hibernate.persister.walking.spi.MetamodelGraphWalker - Visiting attribute path : secondName
12:23:06.717 [main] [o.h.p.w.s.MetamodelGraphWalker] DEBUG org.hibernate.persister.walking.spi.MetamodelGraphWalker - Visiting attribute path : username
12:23:06.717 [main] [o.h.l.p.b.i.FetchStyleLoadPlanBuildingAssociationVisitationStrategy] DEBUG org.hibernate.loader.plan.build.internal.FetchStyleLoadPlanBuildingAssociationVisitationStrategy - Building LoadPlan...
12:23:06.717 [main] [o.h.l.p.e.i.LoadQueryJoinAndFetchProcessor] DEBUG org.hibernate.loader.plan.exec.internal.LoadQueryJoinAndFetchProcessor - processing queryspace &lt;gen:0&gt;
12:23:06.717 [main] [o.h.l.p.b.s.LoadPlanTreePrinter] DEBUG org.hibernate.loader.plan.build.spi.LoadPlanTreePrinter - LoadPlan(entity=org.solent.com504.project.model.user.dto.User)
    - Returns
       - EntityReturnImpl(entity=org.solent.com504.project.model.user.dto.User, querySpaceUid=&lt;gen:0&gt;, path=org.solent.com504.project.model.user.dto.User)
          - CompositeAttributeFetchImpl(composite=org.solent.com504.project.model.party.dto.Address, querySpaceUid=&lt;gen:1&gt;, path=org.solent.com504.project.model.user.dto.User.address)
          - CollectionAttributeFetchImpl(collection=org.solent.com504.project.model.user.dto.User.parties, querySpaceUid=&lt;gen:2&gt;, path=org.solent.com504.project.model.user.dto.User.parties)
             - (collection element) CollectionFetchableElementEntityGraph(entity=org.solent.com504.project.model.party.dto.Party, querySpaceUid=&lt;gen:3&gt;, path=org.solent.com504.project.model.user.dto.User.parties.&lt;elements&gt;)
                - CompositeAttributeFetchImpl(composite=org.solent.com504.project.model.party.dto.Address, querySpaceUid=&lt;gen:4&gt;, path=org.solent.com504.project.model.user.dto.User.parties.&lt;elements&gt;.address)
          - CollectionAttributeFetchImpl(collection=org.solent.com504.project.model.user.dto.User.roles, querySpaceUid=&lt;gen:5&gt;, path=org.solent.com504.project.model.user.dto.User.roles)
             - (collection element) CollectionFetchableElementEntityGraph(entity=org.solent.com504.project.model.user.dto.Role, querySpaceUid=&lt;gen:6&gt;, path=org.solent.com504.project.model.user.dto.User.roles.&lt;elements&gt;)
    - QuerySpaces
       - EntityQuerySpaceImpl(uid=&lt;gen:0&gt;, entity=org.solent.com504.project.model.user.dto.User)
          - SQL table alias mapping - user0_
          - alias suffix - 0_
          - suffixed key columns - {id1_7_0_}
          - JOIN (JoinDefinedByMetadata(address)) : &lt;gen:0&gt; -&gt; &lt;gen:1&gt;
             - CompositeQuerySpaceImpl(uid=&lt;gen:1&gt;)
                - SQL table alias mapping - user0_
          - JOIN (JoinDefinedByMetadata(parties)) : &lt;gen:0&gt; -&gt; &lt;gen:2&gt;
             - CollectionQuerySpaceImpl(uid=&lt;gen:2&gt;, collection=org.solent.com504.project.model.user.dto.User.parties)
                - SQL table alias mapping - parties1_
                - alias suffix - 1_
                - suffixed key columns - {party_id2_8_1_}
                - entity-element alias suffix - 2_
                - 2_entity-element suffixed key columns - id1_5_2_
                - JOIN (JoinDefinedByMetadata(elements)) : &lt;gen:2&gt; -&gt; &lt;gen:3&gt;
                   - EntityQuerySpaceImpl(uid=&lt;gen:3&gt;, entity=org.solent.com504.project.model.party.dto.Party)
                      - SQL table alias mapping - party2_
                      - alias suffix - 2_
                      - suffixed key columns - {id1_5_2_}
                      - JOIN (JoinDefinedByMetadata(address)) : &lt;gen:3&gt; -&gt; &lt;gen:4&gt;
                         - CompositeQuerySpaceImpl(uid=&lt;gen:4&gt;)
                            - SQL table alias mapping - party2_
          - JOIN (JoinDefinedByMetadata(roles)) : &lt;gen:0&gt; -&gt; &lt;gen:5&gt;
             - CollectionQuerySpaceImpl(uid=&lt;gen:5&gt;, collection=org.solent.com504.project.model.user.dto.User.roles)
                - SQL table alias mapping - roles3_
                - alias suffix - 3_
                - suffixed key columns - {user_id1_9_3_}
                - entity-element alias suffix - 4_
                - 4_entity-element suffixed key columns - id1_6_4_
                - JOIN (JoinDefinedByMetadata(elements)) : &lt;gen:5&gt; -&gt; &lt;gen:6&gt;
                   - EntityQuerySpaceImpl(uid=&lt;gen:6&gt;, entity=org.solent.com504.project.model.user.dto.Role)
                      - SQL table alias mapping - role4_
                      - alias suffix - 4_
                      - suffixed key columns - {id1_6_4_}

12:23:06.717 [main] [o.h.l.e.p.EntityLoader] DEBUG org.hibernate.loader.entity.plan.EntityLoader - Static select for entity org.solent.com504.project.model.user.dto.User [NONE]: select user0_.id as id1_7_0_, user0_.addressLine1 as addressL2_7_0_, user0_.addressLine2 as addressL3_7_0_, user0_.country as country4_7_0_, user0_.county as county5_7_0_, user0_.latitude as latitude6_7_0_, user0_.longitude as longitud7_7_0_, user0_.mobile as mobile8_7_0_, user0_.number as number9_7_0_, user0_.postcode as postcod10_7_0_, user0_.telephone as telepho11_7_0_, user0_.enabled as enabled12_7_0_, user0_.firstName as firstNa13_7_0_, user0_.password as passwor14_7_0_, user0_.secondName as secondN15_7_0_, user0_.username as usernam16_7_0_, parties1_.party_id as party_id2_8_1_, party2_.id as user_id1_8_1_, party2_.id as id1_5_2_, party2_.addressLine1 as addressL2_5_2_, party2_.addressLine2 as addressL3_5_2_, party2_.country as country4_5_2_, party2_.county as county5_5_2_, party2_.latitude as latitude6_5_2_, party2_.longitude as longitud7_5_2_, party2_.mobile as mobile8_5_2_, party2_.number as number9_5_2_, party2_.postcode as postcod10_5_2_, party2_.telephone as telepho11_5_2_, party2_.enabled as enabled12_5_2_, party2_.firstName as firstNa13_5_2_, party2_.partyRole as partyRo14_5_2_, party2_.partyStatus as partySt15_5_2_, party2_.secondName as secondN16_5_2_, party2_.uuid as uuid17_5_2_, roles3_.user_id as user_id1_9_3_, role4_.id as role_id2_9_3_, role4_.id as id1_6_4_, role4_.name as name2_6_4_ from user user0_ left outer join user_party parties1_ on user0_.id=parties1_.party_id left outer join Party party2_ on parties1_.user_id=party2_.id left outer join user_role roles3_ on user0_.id=roles3_.user_id left outer join role role4_ on roles3_.role_id=role4_.id where user0_.id=?
12:23:06.717 [main] [o.h.l.p.b.i.s.QuerySpacesImpl] DEBUG org.hibernate.loader.plan.build.internal.spaces.QuerySpacesImpl - Adding QuerySpace : uid = &lt;gen:0&gt; -&gt; org.hibernate.loader.plan.build.internal.spaces.EntityQuerySpaceImpl@5b3a7ef5]
12:23:06.717 [main] [o.h.p.w.s.MetamodelGraphWalker] DEBUG org.hibernate.persister.walking.spi.MetamodelGraphWalker - Visiting attribute path : address
12:23:06.717 [main] [o.h.l.p.b.i.s.QuerySpacesImpl] DEBUG org.hibernate.loader.plan.build.internal.spaces.QuerySpacesImpl - Adding QuerySpace : uid = &lt;gen:1&gt; -&gt; org.hibernate.loader.plan.build.internal.spaces.CompositeQuerySpaceImpl@2d9dff65]
12:23:06.717 [main] [o.h.p.w.s.MetamodelGraphWalker] DEBUG org.hibernate.persister.walking.spi.MetamodelGraphWalker - Visiting attribute path : address.addressLine1
12:23:06.717 [main] [o.h.p.w.s.MetamodelGraphWalker] DEBUG org.hibernate.persister.walking.spi.MetamodelGraphWalker - Visiting attribute path : address.addressLine2
12:23:06.717 [main] [o.h.p.w.s.MetamodelGraphWalker] DEBUG org.hibernate.persister.walking.spi.MetamodelGraphWalker - Visiting attribute path : address.country
12:23:06.717 [main] [o.h.p.w.s.MetamodelGraphWalker] DEBUG org.hibernate.persister.walking.spi.MetamodelGraphWalker - Visiting attribute path : address.county
12:23:06.717 [main] [o.h.p.w.s.MetamodelGraphWalker] DEBUG org.hibernate.persister.walking.spi.MetamodelGraphWalker - Visiting attribute path : address.latitude
12:23:06.717 [main] [o.h.p.w.s.MetamodelGraphWalker] DEBUG org.hibernate.persister.walking.spi.MetamodelGraphWalker - Visiting attribute path : address.longitude
12:23:06.717 [main] [o.h.p.w.s.MetamodelGraphWalker] DEBUG org.hibernate.persister.walking.spi.MetamodelGraphWalker - Visiting attribute path : address.mobile
12:23:06.717 [main] [o.h.p.w.s.MetamodelGraphWalker] DEBUG org.hibernate.persister.walking.spi.MetamodelGraphWalker - Visiting attribute path : address.number
12:23:06.717 [main] [o.h.p.w.s.MetamodelGraphWalker] DEBUG org.hibernate.persister.walking.spi.MetamodelGraphWalker - Visiting attribute path : address.postcode
12:23:06.717 [main] [o.h.p.w.s.MetamodelGraphWalker] DEBUG org.hibernate.persister.walking.spi.MetamodelGraphWalker - Visiting attribute path : address.telephone
12:23:06.717 [main] [o.h.p.w.s.MetamodelGraphWalker] DEBUG org.hibernate.persister.walking.spi.MetamodelGraphWalker - Visiting attribute path : enabled
12:23:06.717 [main] [o.h.p.w.s.MetamodelGraphWalker] DEBUG org.hibernate.persister.walking.spi.MetamodelGraphWalker - Visiting attribute path : firstName
12:23:06.717 [main] [o.h.p.w.s.MetamodelGraphWalker] DEBUG org.hibernate.persister.walking.spi.MetamodelGraphWalker - Visiting attribute path : parties
12:23:06.717 [main] [o.h.l.p.b.i.s.QuerySpacesImpl] DEBUG org.hibernate.loader.plan.build.internal.spaces.QuerySpacesImpl - Adding QuerySpace : uid = &lt;gen:2&gt; -&gt; org.hibernate.loader.plan.build.internal.spaces.CollectionQuerySpaceImpl@5633ed82]
12:23:06.717 [main] [o.h.l.p.b.i.s.QuerySpacesImpl] DEBUG org.hibernate.loader.plan.build.internal.spaces.QuerySpacesImpl - Adding QuerySpace : uid = &lt;gen:3&gt; -&gt; org.hibernate.loader.plan.build.internal.spaces.EntityQuerySpaceImpl@767191b1]
12:23:06.717 [main] [o.h.p.w.s.MetamodelGraphWalker] DEBUG org.hibernate.persister.walking.spi.MetamodelGraphWalker - Visiting attribute path : parties.address
12:23:06.717 [main] [o.h.l.p.b.i.s.QuerySpacesImpl] DEBUG org.hibernate.loader.plan.build.internal.spaces.QuerySpacesImpl - Adding QuerySpace : uid = &lt;gen:4&gt; -&gt; org.hibernate.loader.plan.build.internal.spaces.CompositeQuerySpaceImpl@14b789f6]
12:23:06.717 [main] [o.h.p.w.s.MetamodelGraphWalker] DEBUG org.hibernate.persister.walking.spi.MetamodelGraphWalker - Visiting attribute path : parties.address.addressLine1
12:23:06.717 [main] [o.h.p.w.s.MetamodelGraphWalker] DEBUG org.hibernate.persister.walking.spi.MetamodelGraphWalker - Visiting attribute path : parties.address.addressLine2
12:23:06.717 [main] [o.h.p.w.s.MetamodelGraphWalker] DEBUG org.hibernate.persister.walking.spi.MetamodelGraphWalker - Visiting attribute path : parties.address.country
12:23:06.717 [main] [o.h.p.w.s.MetamodelGraphWalker] DEBUG org.hibernate.persister.walking.spi.MetamodelGraphWalker - Visiting attribute path : parties.address.county
12:23:06.717 [main] [o.h.p.w.s.MetamodelGraphWalker] DEBUG org.hibernate.persister.walking.spi.MetamodelGraphWalker - Visiting attribute path : parties.address.latitude
12:23:06.717 [main] [o.h.p.w.s.MetamodelGraphWalker] DEBUG org.hibernate.persister.walking.spi.MetamodelGraphWalker - Visiting attribute path : parties.address.longitude
12:23:06.717 [main] [o.h.p.w.s.MetamodelGraphWalker] DEBUG org.hibernate.persister.walking.spi.MetamodelGraphWalker - Visiting attribute path : parties.address.mobile
12:23:06.717 [main] [o.h.p.w.s.MetamodelGraphWalker] DEBUG org.hibernate.persister.walking.spi.MetamodelGraphWalker - Visiting attribute path : parties.address.number
12:23:06.717 [main] [o.h.p.w.s.MetamodelGraphWalker] DEBUG org.hibernate.persister.walking.spi.MetamodelGraphWalker - Visiting attribute path : parties.address.postcode
12:23:06.717 [main] [o.h.p.w.s.MetamodelGraphWalker] DEBUG org.hibernate.persister.walking.spi.MetamodelGraphWalker - Visiting attribute path : parties.address.telephone
12:23:06.717 [main] [o.h.p.w.s.MetamodelGraphWalker] DEBUG org.hibernate.persister.walking.spi.MetamodelGraphWalker - Visiting attribute path : parties.enabled
12:23:06.717 [main] [o.h.p.w.s.MetamodelGraphWalker] DEBUG org.hibernate.persister.walking.spi.MetamodelGraphWalker - Visiting attribute path : parties.firstName
12:23:06.717 [main] [o.h.p.w.s.MetamodelGraphWalker] DEBUG org.hibernate.persister.walking.spi.MetamodelGraphWalker - Visiting attribute path : parties.partyRole
12:23:06.717 [main] [o.h.p.w.s.MetamodelGraphWalker] DEBUG org.hibernate.persister.walking.spi.MetamodelGraphWalker - Visiting attribute path : parties.partyStatus
12:23:06.717 [main] [o.h.p.w.s.MetamodelGraphWalker] DEBUG org.hibernate.persister.walking.spi.MetamodelGraphWalker - Visiting attribute path : parties.secondName
12:23:06.717 [main] [o.h.p.w.s.MetamodelGraphWalker] DEBUG org.hibernate.persister.walking.spi.MetamodelGraphWalker - Visiting attribute path : parties.users
12:23:06.717 [main] [o.h.p.w.s.MetamodelGraphWalker] DEBUG org.hibernate.persister.walking.spi.MetamodelGraphWalker - Property path deemed to be circular : parties.users
12:23:06.717 [main] [o.h.p.w.s.MetamodelGraphWalker] DEBUG org.hibernate.persister.walking.spi.MetamodelGraphWalker - Visiting attribute path : parties.uuid
12:23:06.717 [main] [o.h.p.w.s.MetamodelGraphWalker] DEBUG org.hibernate.persister.walking.spi.MetamodelGraphWalker - Visiting attribute path : password
12:23:06.717 [main] [o.h.p.w.s.MetamodelGraphWalker] DEBUG org.hibernate.persister.walking.spi.MetamodelGraphWalker - Visiting attribute path : roles
12:23:06.717 [main] [o.h.l.p.b.i.s.QuerySpacesImpl] DEBUG org.hibernate.loader.plan.build.internal.spaces.QuerySpacesImpl - Adding QuerySpace : uid = &lt;gen:5&gt; -&gt; org.hibernate.loader.plan.build.internal.spaces.CollectionQuerySpaceImpl@730f9695]
12:23:06.717 [main] [o.h.l.p.b.i.s.QuerySpacesImpl] DEBUG org.hibernate.loader.plan.build.internal.spaces.QuerySpacesImpl - Adding QuerySpace : uid = &lt;gen:6&gt; -&gt; org.hibernate.loader.plan.build.internal.spaces.EntityQuerySpaceImpl@277bf091]
12:23:06.717 [main] [o.h.p.w.s.MetamodelGraphWalker] DEBUG org.hibernate.persister.walking.spi.MetamodelGraphWalker - Visiting attribute path : roles.name
12:23:06.717 [main] [o.h.p.w.s.MetamodelGraphWalker] DEBUG org.hibernate.persister.walking.spi.MetamodelGraphWalker - Visiting attribute path : roles.users
12:23:06.717 [main] [o.h.p.w.s.MetamodelGraphWalker] DEBUG org.hibernate.persister.walking.spi.MetamodelGraphWalker - Property path deemed to be circular : roles.users
12:23:06.717 [main] [o.h.p.w.s.MetamodelGraphWalker] DEBUG org.hibernate.persister.walking.spi.MetamodelGraphWalker - Visiting attribute path : secondName
12:23:06.717 [main] [o.h.p.w.s.MetamodelGraphWalker] DEBUG org.hibernate.persister.walking.spi.MetamodelGraphWalker - Visiting attribute path : username
12:23:06.717 [main] [o.h.l.p.b.i.FetchStyleLoadPlanBuildingAssociationVisitationStrategy] DEBUG org.hibernate.loader.plan.build.internal.FetchStyleLoadPlanBuildingAssociationVisitationStrategy - Building LoadPlan...
12:23:06.717 [main] [o.h.l.p.e.i.LoadQueryJoinAndFetchProcessor] DEBUG org.hibernate.loader.plan.exec.internal.LoadQueryJoinAndFetchProcessor - processing queryspace &lt;gen:0&gt;
12:23:06.717 [main] [o.h.l.p.b.s.LoadPlanTreePrinter] DEBUG org.hibernate.loader.plan.build.spi.LoadPlanTreePrinter - LoadPlan(entity=org.solent.com504.project.model.user.dto.User)
    - Returns
       - EntityReturnImpl(entity=org.solent.com504.project.model.user.dto.User, querySpaceUid=&lt;gen:0&gt;, path=org.solent.com504.project.model.user.dto.User)
          - CompositeAttributeFetchImpl(composite=org.solent.com504.project.model.party.dto.Address, querySpaceUid=&lt;gen:1&gt;, path=org.solent.com504.project.model.user.dto.User.address)
          - CollectionAttributeFetchImpl(collection=org.solent.com504.project.model.user.dto.User.parties, querySpaceUid=&lt;gen:2&gt;, path=org.solent.com504.project.model.user.dto.User.parties)
             - (collection element) CollectionFetchableElementEntityGraph(entity=org.solent.com504.project.model.party.dto.Party, querySpaceUid=&lt;gen:3&gt;, path=org.solent.com504.project.model.user.dto.User.parties.&lt;elements&gt;)
                - CompositeAttributeFetchImpl(composite=org.solent.com504.project.model.party.dto.Address, querySpaceUid=&lt;gen:4&gt;, path=org.solent.com504.project.model.user.dto.User.parties.&lt;elements&gt;.address)
          - CollectionAttributeFetchImpl(collection=org.solent.com504.project.model.user.dto.User.roles, querySpaceUid=&lt;gen:5&gt;, path=org.solent.com504.project.model.user.dto.User.roles)
             - (collection element) CollectionFetchableElementEntityGraph(entity=org.solent.com504.project.model.user.dto.Role, querySpaceUid=&lt;gen:6&gt;, path=org.solent.com504.project.model.user.dto.User.roles.&lt;elements&gt;)
    - QuerySpaces
       - EntityQuerySpaceImpl(uid=&lt;gen:0&gt;, entity=org.solent.com504.project.model.user.dto.User)
          - SQL table alias mapping - user0_
          - alias suffix - 0_
          - suffixed key columns - {id1_7_0_}
          - JOIN (JoinDefinedByMetadata(address)) : &lt;gen:0&gt; -&gt; &lt;gen:1&gt;
             - CompositeQuerySpaceImpl(uid=&lt;gen:1&gt;)
                - SQL table alias mapping - user0_
          - JOIN (JoinDefinedByMetadata(parties)) : &lt;gen:0&gt; -&gt; &lt;gen:2&gt;
             - CollectionQuerySpaceImpl(uid=&lt;gen:2&gt;, collection=org.solent.com504.project.model.user.dto.User.parties)
                - SQL table alias mapping - parties1_
                - alias suffix - 1_
                - suffixed key columns - {party_id2_8_1_}
                - entity-element alias suffix - 2_
                - 2_entity-element suffixed key columns - id1_5_2_
                - JOIN (JoinDefinedByMetadata(elements)) : &lt;gen:2&gt; -&gt; &lt;gen:3&gt;
                   - EntityQuerySpaceImpl(uid=&lt;gen:3&gt;, entity=org.solent.com504.project.model.party.dto.Party)
                      - SQL table alias mapping - party2_
                      - alias suffix - 2_
                      - suffixed key columns - {id1_5_2_}
                      - JOIN (JoinDefinedByMetadata(address)) : &lt;gen:3&gt; -&gt; &lt;gen:4&gt;
                         - CompositeQuerySpaceImpl(uid=&lt;gen:4&gt;)
                            - SQL table alias mapping - party2_
          - JOIN (JoinDefinedByMetadata(roles)) : &lt;gen:0&gt; -&gt; &lt;gen:5&gt;
             - CollectionQuerySpaceImpl(uid=&lt;gen:5&gt;, collection=org.solent.com504.project.model.user.dto.User.roles)
                - SQL table alias mapping - roles3_
                - alias suffix - 3_
                - suffixed key columns - {user_id1_9_3_}
                - entity-element alias suffix - 4_
                - 4_entity-element suffixed key columns - id1_6_4_
                - JOIN (JoinDefinedByMetadata(elements)) : &lt;gen:5&gt; -&gt; &lt;gen:6&gt;
                   - EntityQuerySpaceImpl(uid=&lt;gen:6&gt;, entity=org.solent.com504.project.model.user.dto.Role)
                      - SQL table alias mapping - role4_
                      - alias suffix - 4_
                      - suffixed key columns - {id1_6_4_}

12:23:06.717 [main] [o.h.l.e.p.EntityLoader] DEBUG org.hibernate.loader.entity.plan.EntityLoader - Static select for entity org.solent.com504.project.model.user.dto.User [READ]: select user0_.id as id1_7_0_, user0_.addressLine1 as addressL2_7_0_, user0_.addressLine2 as addressL3_7_0_, user0_.country as country4_7_0_, user0_.county as county5_7_0_, user0_.latitude as latitude6_7_0_, user0_.longitude as longitud7_7_0_, user0_.mobile as mobile8_7_0_, user0_.number as number9_7_0_, user0_.postcode as postcod10_7_0_, user0_.telephone as telepho11_7_0_, user0_.enabled as enabled12_7_0_, user0_.firstName as firstNa13_7_0_, user0_.password as passwor14_7_0_, user0_.secondName as secondN15_7_0_, user0_.username as usernam16_7_0_, parties1_.party_id as party_id2_8_1_, party2_.id as user_id1_8_1_, party2_.id as id1_5_2_, party2_.addressLine1 as addressL2_5_2_, party2_.addressLine2 as addressL3_5_2_, party2_.country as country4_5_2_, party2_.county as county5_5_2_, party2_.latitude as latitude6_5_2_, party2_.longitude as longitud7_5_2_, party2_.mobile as mobile8_5_2_, party2_.number as number9_5_2_, party2_.postcode as postcod10_5_2_, party2_.telephone as telepho11_5_2_, party2_.enabled as enabled12_5_2_, party2_.firstName as firstNa13_5_2_, party2_.partyRole as partyRo14_5_2_, party2_.partyStatus as partySt15_5_2_, party2_.secondName as secondN16_5_2_, party2_.uuid as uuid17_5_2_, roles3_.user_id as user_id1_9_3_, role4_.id as role_id2_9_3_, role4_.id as id1_6_4_, role4_.name as name2_6_4_ from user user0_ left outer join user_party parties1_ on user0_.id=parties1_.party_id left outer join Party party2_ on parties1_.user_id=party2_.id left outer join user_role roles3_ on user0_.id=roles3_.user_id left outer join role role4_ on roles3_.role_id=role4_.id where user0_.id=?
12:23:06.717 [main] [o.h.l.p.b.i.s.QuerySpacesImpl] DEBUG org.hibernate.loader.plan.build.internal.spaces.QuerySpacesImpl - Adding QuerySpace : uid = &lt;gen:0&gt; -&gt; org.hibernate.loader.plan.build.internal.spaces.EntityQuerySpaceImpl@65bdd558]
12:23:06.717 [main] [o.h.p.w.s.MetamodelGraphWalker] DEBUG org.hibernate.persister.walking.spi.MetamodelGraphWalker - Visiting attribute path : address
12:23:06.717 [main] [o.h.l.p.b.i.s.QuerySpacesImpl] DEBUG org.hibernate.loader.plan.build.internal.spaces.QuerySpacesImpl - Adding QuerySpace : uid = &lt;gen:1&gt; -&gt; org.hibernate.loader.plan.build.internal.spaces.CompositeQuerySpaceImpl@4beaf6bd]
12:23:06.717 [main] [o.h.p.w.s.MetamodelGraphWalker] DEBUG org.hibernate.persister.walking.spi.MetamodelGraphWalker - Visiting attribute path : address.addressLine1
12:23:06.717 [main] [o.h.p.w.s.MetamodelGraphWalker] DEBUG org.hibernate.persister.walking.spi.MetamodelGraphWalker - Visiting attribute path : address.addressLine2
12:23:06.717 [main] [o.h.p.w.s.MetamodelGraphWalker] DEBUG org.hibernate.persister.walking.spi.MetamodelGraphWalker - Visiting attribute path : address.country
12:23:06.717 [main] [o.h.p.w.s.MetamodelGraphWalker] DEBUG org.hibernate.persister.walking.spi.MetamodelGraphWalker - Visiting attribute path : address.county
12:23:06.717 [main] [o.h.p.w.s.MetamodelGraphWalker] DEBUG org.hibernate.persister.walking.spi.MetamodelGraphWalker - Visiting attribute path : address.latitude
12:23:06.717 [main] [o.h.p.w.s.MetamodelGraphWalker] DEBUG org.hibernate.persister.walking.spi.MetamodelGraphWalker - Visiting attribute path : address.longitude
12:23:06.717 [main] [o.h.p.w.s.MetamodelGraphWalker] DEBUG org.hibernate.persister.walking.spi.MetamodelGraphWalker - Visiting attribute path : address.mobile
12:23:06.717 [main] [o.h.p.w.s.MetamodelGraphWalker] DEBUG org.hibernate.persister.walking.spi.MetamodelGraphWalker - Visiting attribute path : address.number
12:23:06.717 [main] [o.h.p.w.s.MetamodelGraphWalker] DEBUG org.hibernate.persister.walking.spi.MetamodelGraphWalker - Visiting attribute path : address.postcode
12:23:06.717 [main] [o.h.p.w.s.MetamodelGraphWalker] DEBUG org.hibernate.persister.walking.spi.MetamodelGraphWalker - Visiting attribute path : address.telephone
12:23:06.717 [main] [o.h.p.w.s.MetamodelGraphWalker] DEBUG org.hibernate.persister.walking.spi.MetamodelGraphWalker - Visiting attribute path : enabled
12:23:06.717 [main] [o.h.p.w.s.MetamodelGraphWalker] DEBUG org.hibernate.persister.walking.spi.MetamodelGraphWalker - Visiting attribute path : firstName
12:23:06.717 [main] [o.h.p.w.s.MetamodelGraphWalker] DEBUG org.hibernate.persister.walking.spi.MetamodelGraphWalker - Visiting attribute path : parties
12:23:06.717 [main] [o.h.l.p.b.i.s.QuerySpacesImpl] DEBUG org.hibernate.loader.plan.build.internal.spaces.QuerySpacesImpl - Adding QuerySpace : uid = &lt;gen:2&gt; -&gt; org.hibernate.loader.plan.build.internal.spaces.CollectionQuerySpaceImpl@60325987]
12:23:06.717 [main] [o.h.l.p.b.i.s.QuerySpacesImpl] DEBUG org.hibernate.loader.plan.build.internal.spaces.QuerySpacesImpl - Adding QuerySpace : uid = &lt;gen:3&gt; -&gt; org.hibernate.loader.plan.build.internal.spaces.EntityQuerySpaceImpl@2f37f1f9]
12:23:06.717 [main] [o.h.p.w.s.MetamodelGraphWalker] DEBUG org.hibernate.persister.walking.spi.MetamodelGraphWalker - Visiting attribute path : password
12:23:06.717 [main] [o.h.p.w.s.MetamodelGraphWalker] DEBUG org.hibernate.persister.walking.spi.MetamodelGraphWalker - Visiting attribute path : roles
12:23:06.717 [main] [o.h.l.p.b.i.s.QuerySpacesImpl] DEBUG org.hibernate.loader.plan.build.internal.spaces.QuerySpacesImpl - Adding QuerySpace : uid = &lt;gen:4&gt; -&gt; org.hibernate.loader.plan.build.internal.spaces.CollectionQuerySpaceImpl@3374b5bc]
12:23:06.717 [main] [o.h.l.p.b.i.s.QuerySpacesImpl] DEBUG org.hibernate.loader.plan.build.internal.spaces.QuerySpacesImpl - Adding QuerySpace : uid = &lt;gen:5&gt; -&gt; org.hibernate.loader.plan.build.internal.spaces.EntityQuerySpaceImpl@2af69643]
12:23:06.717 [main] [o.h.p.w.s.MetamodelGraphWalker] DEBUG org.hibernate.persister.walking.spi.MetamodelGraphWalker - Visiting attribute path : secondName
12:23:06.717 [main] [o.h.p.w.s.MetamodelGraphWalker] DEBUG org.hibernate.persister.walking.spi.MetamodelGraphWalker - Visiting attribute path : username
12:23:06.717 [main] [o.h.l.p.b.i.FetchStyleLoadPlanBuildingAssociationVisitationStrategy] DEBUG org.hibernate.loader.plan.build.internal.FetchStyleLoadPlanBuildingAssociationVisitationStrategy - Building LoadPlan...
12:23:06.717 [main] [o.h.l.p.e.i.LoadQueryJoinAndFetchProcessor] DEBUG org.hibernate.loader.plan.exec.internal.LoadQueryJoinAndFetchProcessor - processing queryspace &lt;gen:0&gt;
12:23:06.717 [main] [o.h.l.p.b.s.LoadPlanTreePrinter] DEBUG org.hibernate.loader.plan.build.spi.LoadPlanTreePrinter - LoadPlan(entity=org.solent.com504.project.model.user.dto.User)
    - Returns
       - EntityReturnImpl(entity=org.solent.com504.project.model.user.dto.User, querySpaceUid=&lt;gen:0&gt;, path=org.solent.com504.project.model.user.dto.User)
          - CompositeAttributeFetchImpl(composite=org.solent.com504.project.model.party.dto.Address, querySpaceUid=&lt;gen:1&gt;, path=org.solent.com504.project.model.user.dto.User.address)
          - CollectionAttributeFetchImpl(collection=org.solent.com504.project.model.user.dto.User.parties, querySpaceUid=&lt;gen:2&gt;, path=org.solent.com504.project.model.user.dto.User.parties)
             - (collection element) CollectionFetchableElementEntityGraph(entity=org.solent.com504.project.model.party.dto.Party, querySpaceUid=&lt;gen:3&gt;, path=org.solent.com504.project.model.user.dto.User.parties.&lt;elements&gt;)
          - CollectionAttributeFetchImpl(collection=org.solent.com504.project.model.user.dto.User.roles, querySpaceUid=&lt;gen:4&gt;, path=org.solent.com504.project.model.user.dto.User.roles)
             - (collection element) CollectionFetchableElementEntityGraph(entity=org.solent.com504.project.model.user.dto.Role, querySpaceUid=&lt;gen:5&gt;, path=org.solent.com504.project.model.user.dto.User.roles.&lt;elements&gt;)
    - QuerySpaces
       - EntityQuerySpaceImpl(uid=&lt;gen:0&gt;, entity=org.solent.com504.project.model.user.dto.User)
          - SQL table alias mapping - user0_
          - alias suffix - 0_
          - suffixed key columns - {id1_7_0_}
          - JOIN (JoinDefinedByMetadata(address)) : &lt;gen:0&gt; -&gt; &lt;gen:1&gt;
             - CompositeQuerySpaceImpl(uid=&lt;gen:1&gt;)
                - SQL table alias mapping - user0_

12:23:06.717 [main] [o.h.l.e.p.EntityLoader] DEBUG org.hibernate.loader.entity.plan.EntityLoader - Static select for entity org.solent.com504.project.model.user.dto.User [UPGRADE]: select user0_.id as id1_7_0_, user0_.addressLine1 as addressL2_7_0_, user0_.addressLine2 as addressL3_7_0_, user0_.country as country4_7_0_, user0_.county as county5_7_0_, user0_.latitude as latitude6_7_0_, user0_.longitude as longitud7_7_0_, user0_.mobile as mobile8_7_0_, user0_.number as number9_7_0_, user0_.postcode as postcod10_7_0_, user0_.telephone as telepho11_7_0_, user0_.enabled as enabled12_7_0_, user0_.firstName as firstNa13_7_0_, user0_.password as passwor14_7_0_, user0_.secondName as secondN15_7_0_, user0_.username as usernam16_7_0_ from user user0_ where user0_.id=? for update
12:23:06.717 [main] [o.h.l.p.b.i.s.QuerySpacesImpl] DEBUG org.hibernate.loader.plan.build.internal.spaces.QuerySpacesImpl - Adding QuerySpace : uid = &lt;gen:0&gt; -&gt; org.hibernate.loader.plan.build.internal.spaces.EntityQuerySpaceImpl@587a1cfb]
12:23:06.717 [main] [o.h.p.w.s.MetamodelGraphWalker] DEBUG org.hibernate.persister.walking.spi.MetamodelGraphWalker - Visiting attribute path : address
12:23:06.717 [main] [o.h.l.p.b.i.s.QuerySpacesImpl] DEBUG org.hibernate.loader.plan.build.internal.spaces.QuerySpacesImpl - Adding QuerySpace : uid = &lt;gen:1&gt; -&gt; org.hibernate.loader.plan.build.internal.spaces.CompositeQuerySpaceImpl@5e1d03d7]
12:23:06.717 [main] [o.h.p.w.s.MetamodelGraphWalker] DEBUG org.hibernate.persister.walking.spi.MetamodelGraphWalker - Visiting attribute path : address.addressLine1
12:23:06.717 [main] [o.h.p.w.s.MetamodelGraphWalker] DEBUG org.hibernate.persister.walking.spi.MetamodelGraphWalker - Visiting attribute path : address.addressLine2
12:23:06.717 [main] [o.h.p.w.s.MetamodelGraphWalker] DEBUG org.hibernate.persister.walking.spi.MetamodelGraphWalker - Visiting attribute path : address.country
12:23:06.717 [main] [o.h.p.w.s.MetamodelGraphWalker] DEBUG org.hibernate.persister.walking.spi.MetamodelGraphWalker - Visiting attribute path : address.county
12:23:06.717 [main] [o.h.p.w.s.MetamodelGraphWalker] DEBUG org.hibernate.persister.walking.spi.MetamodelGraphWalker - Visiting attribute path : address.latitude
12:23:06.717 [main] [o.h.p.w.s.MetamodelGraphWalker] DEBUG org.hibernate.persister.walking.spi.MetamodelGraphWalker - Visiting attribute path : address.longitude
12:23:06.717 [main] [o.h.p.w.s.MetamodelGraphWalker] DEBUG org.hibernate.persister.walking.spi.MetamodelGraphWalker - Visiting attribute path : address.mobile
12:23:06.717 [main] [o.h.p.w.s.MetamodelGraphWalker] DEBUG org.hibernate.persister.walking.spi.MetamodelGraphWalker - Visiting attribute path : address.number
12:23:06.717 [main] [o.h.p.w.s.MetamodelGraphWalker] DEBUG org.hibernate.persister.walking.spi.MetamodelGraphWalker - Visiting attribute path : address.postcode
12:23:06.733 [main] [o.h.p.w.s.MetamodelGraphWalker] DEBUG org.hibernate.persister.walking.spi.MetamodelGraphWalker - Visiting attribute path : address.telephone
12:23:06.733 [main] [o.h.p.w.s.MetamodelGraphWalker] DEBUG org.hibernate.persister.walking.spi.MetamodelGraphWalker - Visiting attribute path : enabled
12:23:06.733 [main] [o.h.p.w.s.MetamodelGraphWalker] DEBUG org.hibernate.persister.walking.spi.MetamodelGraphWalker - Visiting attribute path : firstName
12:23:06.733 [main] [o.h.p.w.s.MetamodelGraphWalker] DEBUG org.hibernate.persister.walking.spi.MetamodelGraphWalker - Visiting attribute path : parties
12:23:06.733 [main] [o.h.l.p.b.i.s.QuerySpacesImpl] DEBUG org.hibernate.loader.plan.build.internal.spaces.QuerySpacesImpl - Adding QuerySpace : uid = &lt;gen:2&gt; -&gt; org.hibernate.loader.plan.build.internal.spaces.CollectionQuerySpaceImpl@48d293ee]
12:23:06.733 [main] [o.h.l.p.b.i.s.QuerySpacesImpl] DEBUG org.hibernate.loader.plan.build.internal.spaces.QuerySpacesImpl - Adding QuerySpace : uid = &lt;gen:3&gt; -&gt; org.hibernate.loader.plan.build.internal.spaces.EntityQuerySpaceImpl@146dcfe6]
12:23:06.733 [main] [o.h.p.w.s.MetamodelGraphWalker] DEBUG org.hibernate.persister.walking.spi.MetamodelGraphWalker - Visiting attribute path : password
12:23:06.733 [main] [o.h.p.w.s.MetamodelGraphWalker] DEBUG org.hibernate.persister.walking.spi.MetamodelGraphWalker - Visiting attribute path : roles
12:23:06.733 [main] [o.h.l.p.b.i.s.QuerySpacesImpl] DEBUG org.hibernate.loader.plan.build.internal.spaces.QuerySpacesImpl - Adding QuerySpace : uid = &lt;gen:4&gt; -&gt; org.hibernate.loader.plan.build.internal.spaces.CollectionQuerySpaceImpl@22587507]
12:23:06.733 [main] [o.h.l.p.b.i.s.QuerySpacesImpl] DEBUG org.hibernate.loader.plan.build.internal.spaces.QuerySpacesImpl - Adding QuerySpace : uid = &lt;gen:5&gt; -&gt; org.hibernate.loader.plan.build.internal.spaces.EntityQuerySpaceImpl@5c77ba8f]
12:23:06.733 [main] [o.h.p.w.s.MetamodelGraphWalker] DEBUG org.hibernate.persister.walking.spi.MetamodelGraphWalker - Visiting attribute path : secondName
12:23:06.733 [main] [o.h.p.w.s.MetamodelGraphWalker] DEBUG org.hibernate.persister.walking.spi.MetamodelGraphWalker - Visiting attribute path : username
12:23:06.733 [main] [o.h.l.p.b.i.FetchStyleLoadPlanBuildingAssociationVisitationStrategy] DEBUG org.hibernate.loader.plan.build.internal.FetchStyleLoadPlanBuildingAssociationVisitationStrategy - Building LoadPlan...
12:23:06.733 [main] [o.h.l.p.e.i.LoadQueryJoinAndFetchProcessor] DEBUG org.hibernate.loader.plan.exec.internal.LoadQueryJoinAndFetchProcessor - processing queryspace &lt;gen:0&gt;
12:23:06.733 [main] [o.h.l.p.b.s.LoadPlanTreePrinter] DEBUG org.hibernate.loader.plan.build.spi.LoadPlanTreePrinter - LoadPlan(entity=org.solent.com504.project.model.user.dto.User)
    - Returns
       - EntityReturnImpl(entity=org.solent.com504.project.model.user.dto.User, querySpaceUid=&lt;gen:0&gt;, path=org.solent.com504.project.model.user.dto.User)
          - CompositeAttributeFetchImpl(composite=org.solent.com504.project.model.party.dto.Address, querySpaceUid=&lt;gen:1&gt;, path=org.solent.com504.project.model.user.dto.User.address)
          - CollectionAttributeFetchImpl(collection=org.solent.com504.project.model.user.dto.User.parties, querySpaceUid=&lt;gen:2&gt;, path=org.solent.com504.project.model.user.dto.User.parties)
             - (collection element) CollectionFetchableElementEntityGraph(entity=org.solent.com504.project.model.party.dto.Party, querySpaceUid=&lt;gen:3&gt;, path=org.solent.com504.project.model.user.dto.User.parties.&lt;elements&gt;)
          - CollectionAttributeFetchImpl(collection=org.solent.com504.project.model.user.dto.User.roles, querySpaceUid=&lt;gen:4&gt;, path=org.solent.com504.project.model.user.dto.User.roles)
             - (collection element) CollectionFetchableElementEntityGraph(entity=org.solent.com504.project.model.user.dto.Role, querySpaceUid=&lt;gen:5&gt;, path=org.solent.com504.project.model.user.dto.User.roles.&lt;elements&gt;)
    - QuerySpaces
       - EntityQuerySpaceImpl(uid=&lt;gen:0&gt;, entity=org.solent.com504.project.model.user.dto.User)
          - SQL table alias mapping - user0_
          - alias suffix - 0_
          - suffixed key columns - {id1_7_0_}
          - JOIN (JoinDefinedByMetadata(address)) : &lt;gen:0&gt; -&gt; &lt;gen:1&gt;
             - CompositeQuerySpaceImpl(uid=&lt;gen:1&gt;)
                - SQL table alias mapping - user0_

12:23:06.733 [main] [o.h.l.e.p.EntityLoader] DEBUG org.hibernate.loader.entity.plan.EntityLoader - Static select for entity org.solent.com504.project.model.user.dto.User [UPGRADE_NOWAIT]: select user0_.id as id1_7_0_, user0_.addressLine1 as addressL2_7_0_, user0_.addressLine2 as addressL3_7_0_, user0_.country as country4_7_0_, user0_.county as county5_7_0_, user0_.latitude as latitude6_7_0_, user0_.longitude as longitud7_7_0_, user0_.mobile as mobile8_7_0_, user0_.number as number9_7_0_, user0_.postcode as postcod10_7_0_, user0_.telephone as telepho11_7_0_, user0_.enabled as enabled12_7_0_, user0_.firstName as firstNa13_7_0_, user0_.password as passwor14_7_0_, user0_.secondName as secondN15_7_0_, user0_.username as usernam16_7_0_ from user user0_ where user0_.id=? for update
12:23:06.733 [main] [o.h.l.p.b.i.s.QuerySpacesImpl] DEBUG org.hibernate.loader.plan.build.internal.spaces.QuerySpacesImpl - Adding QuerySpace : uid = &lt;gen:0&gt; -&gt; org.hibernate.loader.plan.build.internal.spaces.EntityQuerySpaceImpl@660f0c]
12:23:06.733 [main] [o.h.p.w.s.MetamodelGraphWalker] DEBUG org.hibernate.persister.walking.spi.MetamodelGraphWalker - Visiting attribute path : address
12:23:06.733 [main] [o.h.l.p.b.i.s.QuerySpacesImpl] DEBUG org.hibernate.loader.plan.build.internal.spaces.QuerySpacesImpl - Adding QuerySpace : uid = &lt;gen:1&gt; -&gt; org.hibernate.loader.plan.build.internal.spaces.CompositeQuerySpaceImpl@1b1f5012]
12:23:06.733 [main] [o.h.p.w.s.MetamodelGraphWalker] DEBUG org.hibernate.persister.walking.spi.MetamodelGraphWalker - Visiting attribute path : address.addressLine1
12:23:06.733 [main] [o.h.p.w.s.MetamodelGraphWalker] DEBUG org.hibernate.persister.walking.spi.MetamodelGraphWalker - Visiting attribute path : address.addressLine2
12:23:06.733 [main] [o.h.p.w.s.MetamodelGraphWalker] DEBUG org.hibernate.persister.walking.spi.MetamodelGraphWalker - Visiting attribute path : address.country
12:23:06.733 [main] [o.h.p.w.s.MetamodelGraphWalker] DEBUG org.hibernate.persister.walking.spi.MetamodelGraphWalker - Visiting attribute path : address.county
12:23:06.733 [main] [o.h.p.w.s.MetamodelGraphWalker] DEBUG org.hibernate.persister.walking.spi.MetamodelGraphWalker - Visiting attribute path : address.latitude
12:23:06.733 [main] [o.h.p.w.s.MetamodelGraphWalker] DEBUG org.hibernate.persister.walking.spi.MetamodelGraphWalker - Visiting attribute path : address.longitude
12:23:06.733 [main] [o.h.p.w.s.MetamodelGraphWalker] DEBUG org.hibernate.persister.walking.spi.MetamodelGraphWalker - Visiting attribute path : address.mobile
12:23:06.733 [main] [o.h.p.w.s.MetamodelGraphWalker] DEBUG org.hibernate.persister.walking.spi.MetamodelGraphWalker - Visiting attribute path : address.number
12:23:06.733 [main] [o.h.p.w.s.MetamodelGraphWalker] DEBUG org.hibernate.persister.walking.spi.MetamodelGraphWalker - Visiting attribute path : address.postcode
12:23:06.733 [main] [o.h.p.w.s.MetamodelGraphWalker] DEBUG org.hibernate.persister.walking.spi.MetamodelGraphWalker - Visiting attribute path : address.telephone
12:23:06.733 [main] [o.h.p.w.s.MetamodelGraphWalker] DEBUG org.hibernate.persister.walking.spi.MetamodelGraphWalker - Visiting attribute path : enabled
12:23:06.733 [main] [o.h.p.w.s.MetamodelGraphWalker] DEBUG org.hibernate.persister.walking.spi.MetamodelGraphWalker - Visiting attribute path : firstName
12:23:06.733 [main] [o.h.p.w.s.MetamodelGraphWalker] DEBUG org.hibernate.persister.walking.spi.MetamodelGraphWalker - Visiting attribute path : parties
12:23:06.733 [main] [o.h.l.p.b.i.s.QuerySpacesImpl] DEBUG org.hibernate.loader.plan.build.internal.spaces.QuerySpacesImpl - Adding QuerySpace : uid = &lt;gen:2&gt; -&gt; org.hibernate.loader.plan.build.internal.spaces.CollectionQuerySpaceImpl@4a734c04]
12:23:06.733 [main] [o.h.l.p.b.i.s.QuerySpacesImpl] DEBUG org.hibernate.loader.plan.build.internal.spaces.QuerySpacesImpl - Adding QuerySpace : uid = &lt;gen:3&gt; -&gt; org.hibernate.loader.plan.build.internal.spaces.EntityQuerySpaceImpl@4760f169]
12:23:06.733 [main] [o.h.p.w.s.MetamodelGraphWalker] DEBUG org.hibernate.persister.walking.spi.MetamodelGraphWalker - Visiting attribute path : password
12:23:06.733 [main] [o.h.p.w.s.MetamodelGraphWalker] DEBUG org.hibernate.persister.walking.spi.MetamodelGraphWalker - Visiting attribute path : roles
12:23:06.733 [main] [o.h.l.p.b.i.s.QuerySpacesImpl] DEBUG org.hibernate.loader.plan.build.internal.spaces.QuerySpacesImpl - Adding QuerySpace : uid = &lt;gen:4&gt; -&gt; org.hibernate.loader.plan.build.internal.spaces.CollectionQuerySpaceImpl@261ea657]
12:23:06.733 [main] [o.h.l.p.b.i.s.QuerySpacesImpl] DEBUG org.hibernate.loader.plan.build.internal.spaces.QuerySpacesImpl - Adding QuerySpace : uid = &lt;gen:5&gt; -&gt; org.hibernate.loader.plan.build.internal.spaces.EntityQuerySpaceImpl@35c12c7a]
12:23:06.733 [main] [o.h.p.w.s.MetamodelGraphWalker] DEBUG org.hibernate.persister.walking.spi.MetamodelGraphWalker - Visiting attribute path : secondName
12:23:06.733 [main] [o.h.p.w.s.MetamodelGraphWalker] DEBUG org.hibernate.persister.walking.spi.MetamodelGraphWalker - Visiting attribute path : username
12:23:06.733 [main] [o.h.l.p.b.i.FetchStyleLoadPlanBuildingAssociationVisitationStrategy] DEBUG org.hibernate.loader.plan.build.internal.FetchStyleLoadPlanBuildingAssociationVisitationStrategy - Building LoadPlan...
12:23:06.733 [main] [o.h.l.p.e.i.LoadQueryJoinAndFetchProcessor] DEBUG org.hibernate.loader.plan.exec.internal.LoadQueryJoinAndFetchProcessor - processing queryspace &lt;gen:0&gt;
12:23:06.733 [main] [o.h.l.p.b.s.LoadPlanTreePrinter] DEBUG org.hibernate.loader.plan.build.spi.LoadPlanTreePrinter - LoadPlan(entity=org.solent.com504.project.model.user.dto.User)
    - Returns
       - EntityReturnImpl(entity=org.solent.com504.project.model.user.dto.User, querySpaceUid=&lt;gen:0&gt;, path=org.solent.com504.project.model.user.dto.User)
          - CompositeAttributeFetchImpl(composite=org.solent.com504.project.model.party.dto.Address, querySpaceUid=&lt;gen:1&gt;, path=org.solent.com504.project.model.user.dto.User.address)
          - CollectionAttributeFetchImpl(collection=org.solent.com504.project.model.user.dto.User.parties, querySpaceUid=&lt;gen:2&gt;, path=org.solent.com504.project.model.user.dto.User.parties)
             - (collection element) CollectionFetchableElementEntityGraph(entity=org.solent.com504.project.model.party.dto.Party, querySpaceUid=&lt;gen:3&gt;, path=org.solent.com504.project.model.user.dto.User.parties.&lt;elements&gt;)
          - CollectionAttributeFetchImpl(collection=org.solent.com504.project.model.user.dto.User.roles, querySpaceUid=&lt;gen:4&gt;, path=org.solent.com504.project.model.user.dto.User.roles)
             - (collection element) CollectionFetchableElementEntityGraph(entity=org.solent.com504.project.model.user.dto.Role, querySpaceUid=&lt;gen:5&gt;, path=org.solent.com504.project.model.user.dto.User.roles.&lt;elements&gt;)
    - QuerySpaces
       - EntityQuerySpaceImpl(uid=&lt;gen:0&gt;, entity=org.solent.com504.project.model.user.dto.User)
          - SQL table alias mapping - user0_
          - alias suffix - 0_
          - suffixed key columns - {id1_7_0_}
          - JOIN (JoinDefinedByMetadata(address)) : &lt;gen:0&gt; -&gt; &lt;gen:1&gt;
             - CompositeQuerySpaceImpl(uid=&lt;gen:1&gt;)
                - SQL table alias mapping - user0_

12:23:06.733 [main] [o.h.l.e.p.EntityLoader] DEBUG org.hibernate.loader.entity.plan.EntityLoader - Static select for entity org.solent.com504.project.model.user.dto.User [UPGRADE_SKIPLOCKED]: select user0_.id as id1_7_0_, user0_.addressLine1 as addressL2_7_0_, user0_.addressLine2 as addressL3_7_0_, user0_.country as country4_7_0_, user0_.county as county5_7_0_, user0_.latitude as latitude6_7_0_, user0_.longitude as longitud7_7_0_, user0_.mobile as mobile8_7_0_, user0_.number as number9_7_0_, user0_.postcode as postcod10_7_0_, user0_.telephone as telepho11_7_0_, user0_.enabled as enabled12_7_0_, user0_.firstName as firstNa13_7_0_, user0_.password as passwor14_7_0_, user0_.secondName as secondN15_7_0_, user0_.username as usernam16_7_0_ from user user0_ where user0_.id=? for update
12:23:06.733 [main] [o.h.l.p.b.i.s.QuerySpacesImpl] DEBUG org.hibernate.loader.plan.build.internal.spaces.QuerySpacesImpl - Adding QuerySpace : uid = &lt;gen:0&gt; -&gt; org.hibernate.loader.plan.build.internal.spaces.EntityQuerySpaceImpl@658255aa]
12:23:06.733 [main] [o.h.p.w.s.MetamodelGraphWalker] DEBUG org.hibernate.persister.walking.spi.MetamodelGraphWalker - Visiting attribute path : address
12:23:06.733 [main] [o.h.l.p.b.i.s.QuerySpacesImpl] DEBUG org.hibernate.loader.plan.build.internal.spaces.QuerySpacesImpl - Adding QuerySpace : uid = &lt;gen:1&gt; -&gt; org.hibernate.loader.plan.build.internal.spaces.CompositeQuerySpaceImpl@76563d26]
12:23:06.733 [main] [o.h.p.w.s.MetamodelGraphWalker] DEBUG org.hibernate.persister.walking.spi.MetamodelGraphWalker - Visiting attribute path : address.addressLine1
12:23:06.733 [main] [o.h.p.w.s.MetamodelGraphWalker] DEBUG org.hibernate.persister.walking.spi.MetamodelGraphWalker - Visiting attribute path : address.addressLine2
12:23:06.733 [main] [o.h.p.w.s.MetamodelGraphWalker] DEBUG org.hibernate.persister.walking.spi.MetamodelGraphWalker - Visiting attribute path : address.country
12:23:06.733 [main] [o.h.p.w.s.MetamodelGraphWalker] DEBUG org.hibernate.persister.walking.spi.MetamodelGraphWalker - Visiting attribute path : address.county
12:23:06.733 [main] [o.h.p.w.s.MetamodelGraphWalker] DEBUG org.hibernate.persister.walking.spi.MetamodelGraphWalker - Visiting attribute path : address.latitude
12:23:06.733 [main] [o.h.p.w.s.MetamodelGraphWalker] DEBUG org.hibernate.persister.walking.spi.MetamodelGraphWalker - Visiting attribute path : address.longitude
12:23:06.733 [main] [o.h.p.w.s.MetamodelGraphWalker] DEBUG org.hibernate.persister.walking.spi.MetamodelGraphWalker - Visiting attribute path : address.mobile
12:23:06.733 [main] [o.h.p.w.s.MetamodelGraphWalker] DEBUG org.hibernate.persister.walking.spi.MetamodelGraphWalker - Visiting attribute path : address.number
12:23:06.733 [main] [o.h.p.w.s.MetamodelGraphWalker] DEBUG org.hibernate.persister.walking.spi.MetamodelGraphWalker - Visiting attribute path : address.postcode
12:23:06.733 [main] [o.h.p.w.s.MetamodelGraphWalker] DEBUG org.hibernate.persister.walking.spi.MetamodelGraphWalker - Visiting attribute path : address.telephone
12:23:06.733 [main] [o.h.p.w.s.MetamodelGraphWalker] DEBUG org.hibernate.persister.walking.spi.MetamodelGraphWalker - Visiting attribute path : enabled
12:23:06.733 [main] [o.h.p.w.s.MetamodelGraphWalker] DEBUG org.hibernate.persister.walking.spi.MetamodelGraphWalker - Visiting attribute path : firstName
12:23:06.733 [main] [o.h.p.w.s.MetamodelGraphWalker] DEBUG org.hibernate.persister.walking.spi.MetamodelGraphWalker - Visiting attribute path : parties
12:23:06.733 [main] [o.h.l.p.b.i.s.QuerySpacesImpl] DEBUG org.hibernate.loader.plan.build.internal.spaces.QuerySpacesImpl - Adding QuerySpace : uid = &lt;gen:2&gt; -&gt; org.hibernate.loader.plan.build.internal.spaces.CollectionQuerySpaceImpl@3d904e9c]
12:23:06.733 [main] [o.h.l.p.b.i.s.QuerySpacesImpl] DEBUG org.hibernate.loader.plan.build.internal.spaces.QuerySpacesImpl - Adding QuerySpace : uid = &lt;gen:3&gt; -&gt; org.hibernate.loader.plan.build.internal.spaces.EntityQuerySpaceImpl@508a65bf]
12:23:06.733 [main] [o.h.p.w.s.MetamodelGraphWalker] DEBUG org.hibernate.persister.walking.spi.MetamodelGraphWalker - Visiting attribute path : password
12:23:06.733 [main] [o.h.p.w.s.MetamodelGraphWalker] DEBUG org.hibernate.persister.walking.spi.MetamodelGraphWalker - Visiting attribute path : roles
12:23:06.733 [main] [o.h.l.p.b.i.s.QuerySpacesImpl] DEBUG org.hibernate.loader.plan.build.internal.spaces.QuerySpacesImpl - Adding QuerySpace : uid = &lt;gen:4&gt; -&gt; org.hibernate.loader.plan.build.internal.spaces.CollectionQuerySpaceImpl@17f2dd85]
12:23:06.733 [main] [o.h.l.p.b.i.s.QuerySpacesImpl] DEBUG org.hibernate.loader.plan.build.internal.spaces.QuerySpacesImpl - Adding QuerySpace : uid = &lt;gen:5&gt; -&gt; org.hibernate.loader.plan.build.internal.spaces.EntityQuerySpaceImpl@1e58512c]
12:23:06.733 [main] [o.h.p.w.s.MetamodelGraphWalker] DEBUG org.hibernate.persister.walking.spi.MetamodelGraphWalker - Visiting attribute path : secondName
12:23:06.733 [main] [o.h.p.w.s.MetamodelGraphWalker] DEBUG org.hibernate.persister.walking.spi.MetamodelGraphWalker - Visiting attribute path : username
12:23:06.733 [main] [o.h.l.p.b.i.FetchStyleLoadPlanBuildingAssociationVisitationStrategy] DEBUG org.hibernate.loader.plan.build.internal.FetchStyleLoadPlanBuildingAssociationVisitationStrategy - Building LoadPlan...
12:23:06.733 [main] [o.h.l.p.e.i.LoadQueryJoinAndFetchProcessor] DEBUG org.hibernate.loader.plan.exec.internal.LoadQueryJoinAndFetchProcessor - processing queryspace &lt;gen:0&gt;
12:23:06.733 [main] [o.h.l.p.b.s.LoadPlanTreePrinter] DEBUG org.hibernate.loader.plan.build.spi.LoadPlanTreePrinter - LoadPlan(entity=org.solent.com504.project.model.user.dto.User)
    - Returns
       - EntityReturnImpl(entity=org.solent.com504.project.model.user.dto.User, querySpaceUid=&lt;gen:0&gt;, path=org.solent.com504.project.model.user.dto.User)
          - CompositeAttributeFetchImpl(composite=org.solent.com504.project.model.party.dto.Address, querySpaceUid=&lt;gen:1&gt;, path=org.solent.com504.project.model.user.dto.User.address)
          - CollectionAttributeFetchImpl(collection=org.solent.com504.project.model.user.dto.User.parties, querySpaceUid=&lt;gen:2&gt;, path=org.solent.com504.project.model.user.dto.User.parties)
             - (collection element) CollectionFetchableElementEntityGraph(entity=org.solent.com504.project.model.party.dto.Party, querySpaceUid=&lt;gen:3&gt;, path=org.solent.com504.project.model.user.dto.User.parties.&lt;elements&gt;)
          - CollectionAttributeFetchImpl(collection=org.solent.com504.project.model.user.dto.User.roles, querySpaceUid=&lt;gen:4&gt;, path=org.solent.com504.project.model.user.dto.User.roles)
             - (collection element) CollectionFetchableElementEntityGraph(entity=org.solent.com504.project.model.user.dto.Role, querySpaceUid=&lt;gen:5&gt;, path=org.solent.com504.project.model.user.dto.User.roles.&lt;elements&gt;)
    - QuerySpaces
       - EntityQuerySpaceImpl(uid=&lt;gen:0&gt;, entity=org.solent.com504.project.model.user.dto.User)
          - SQL table alias mapping - user0_
          - alias suffix - 0_
          - suffixed key columns - {id1_7_0_}
          - JOIN (JoinDefinedByMetadata(address)) : &lt;gen:0&gt; -&gt; &lt;gen:1&gt;
             - CompositeQuerySpaceImpl(uid=&lt;gen:1&gt;)
                - SQL table alias mapping - user0_

12:23:06.733 [main] [o.h.l.e.p.EntityLoader] DEBUG org.hibernate.loader.entity.plan.EntityLoader - Static select for entity org.solent.com504.project.model.user.dto.User [FORCE]: select user0_.id as id1_7_0_, user0_.addressLine1 as addressL2_7_0_, user0_.addressLine2 as addressL3_7_0_, user0_.country as country4_7_0_, user0_.county as county5_7_0_, user0_.latitude as latitude6_7_0_, user0_.longitude as longitud7_7_0_, user0_.mobile as mobile8_7_0_, user0_.number as number9_7_0_, user0_.postcode as postcod10_7_0_, user0_.telephone as telepho11_7_0_, user0_.enabled as enabled12_7_0_, user0_.firstName as firstNa13_7_0_, user0_.password as passwor14_7_0_, user0_.secondName as secondN15_7_0_, user0_.username as usernam16_7_0_ from user user0_ where user0_.id=? for update
12:23:06.733 [main] [o.h.l.p.b.i.s.QuerySpacesImpl] DEBUG org.hibernate.loader.plan.build.internal.spaces.QuerySpacesImpl - Adding QuerySpace : uid = &lt;gen:0&gt; -&gt; org.hibernate.loader.plan.build.internal.spaces.EntityQuerySpaceImpl@210308d5]
12:23:06.733 [main] [o.h.p.w.s.MetamodelGraphWalker] DEBUG org.hibernate.persister.walking.spi.MetamodelGraphWalker - Visiting attribute path : address
12:23:06.733 [main] [o.h.l.p.b.i.s.QuerySpacesImpl] DEBUG org.hibernate.loader.plan.build.internal.spaces.QuerySpacesImpl - Adding QuerySpace : uid = &lt;gen:1&gt; -&gt; org.hibernate.loader.plan.build.internal.spaces.CompositeQuerySpaceImpl@23b8d9f3]
12:23:06.733 [main] [o.h.p.w.s.MetamodelGraphWalker] DEBUG org.hibernate.persister.walking.spi.MetamodelGraphWalker - Visiting attribute path : address.addressLine1
12:23:06.733 [main] [o.h.p.w.s.MetamodelGraphWalker] DEBUG org.hibernate.persister.walking.spi.MetamodelGraphWalker - Visiting attribute path : address.addressLine2
12:23:06.733 [main] [o.h.p.w.s.MetamodelGraphWalker] DEBUG org.hibernate.persister.walking.spi.MetamodelGraphWalker - Visiting attribute path : address.country
12:23:06.733 [main] [o.h.p.w.s.MetamodelGraphWalker] DEBUG org.hibernate.persister.walking.spi.MetamodelGraphWalker - Visiting attribute path : address.county
12:23:06.733 [main] [o.h.p.w.s.MetamodelGraphWalker] DEBUG org.hibernate.persister.walking.spi.MetamodelGraphWalker - Visiting attribute path : address.latitude
12:23:06.733 [main] [o.h.p.w.s.MetamodelGraphWalker] DEBUG org.hibernate.persister.walking.spi.MetamodelGraphWalker - Visiting attribute path : address.longitude
12:23:06.733 [main] [o.h.p.w.s.MetamodelGraphWalker] DEBUG org.hibernate.persister.walking.spi.MetamodelGraphWalker - Visiting attribute path : address.mobile
12:23:06.733 [main] [o.h.p.w.s.MetamodelGraphWalker] DEBUG org.hibernate.persister.walking.spi.MetamodelGraphWalker - Visiting attribute path : address.number
12:23:06.733 [main] [o.h.p.w.s.MetamodelGraphWalker] DEBUG org.hibernate.persister.walking.spi.MetamodelGraphWalker - Visiting attribute path : address.postcode
12:23:06.733 [main] [o.h.p.w.s.MetamodelGraphWalker] DEBUG org.hibernate.persister.walking.spi.MetamodelGraphWalker - Visiting attribute path : address.telephone
12:23:06.733 [main] [o.h.p.w.s.MetamodelGraphWalker] DEBUG org.hibernate.persister.walking.spi.MetamodelGraphWalker - Visiting attribute path : enabled
12:23:06.733 [main] [o.h.p.w.s.MetamodelGraphWalker] DEBUG org.hibernate.persister.walking.spi.MetamodelGraphWalker - Visiting attribute path : firstName
12:23:06.733 [main] [o.h.p.w.s.MetamodelGraphWalker] DEBUG org.hibernate.persister.walking.spi.MetamodelGraphWalker - Visiting attribute path : parties
12:23:06.733 [main] [o.h.l.p.b.i.s.QuerySpacesImpl] DEBUG org.hibernate.loader.plan.build.internal.spaces.QuerySpacesImpl - Adding QuerySpace : uid = &lt;gen:2&gt; -&gt; org.hibernate.loader.plan.build.internal.spaces.CollectionQuerySpaceImpl@4649d70a]
12:23:06.733 [main] [o.h.l.p.b.i.s.QuerySpacesImpl] DEBUG org.hibernate.loader.plan.build.internal.spaces.QuerySpacesImpl - Adding QuerySpace : uid = &lt;gen:3&gt; -&gt; org.hibernate.loader.plan.build.internal.spaces.EntityQuerySpaceImpl@5d43409a]
12:23:06.733 [main] [o.h.p.w.s.MetamodelGraphWalker] DEBUG org.hibernate.persister.walking.spi.MetamodelGraphWalker - Visiting attribute path : password
12:23:06.733 [main] [o.h.p.w.s.MetamodelGraphWalker] DEBUG org.hibernate.persister.walking.spi.MetamodelGraphWalker - Visiting attribute path : roles
12:23:06.733 [main] [o.h.l.p.b.i.s.QuerySpacesImpl] DEBUG org.hibernate.loader.plan.build.internal.spaces.QuerySpacesImpl - Adding QuerySpace : uid = &lt;gen:4&gt; -&gt; org.hibernate.loader.plan.build.internal.spaces.CollectionQuerySpaceImpl@38d17d80]
12:23:06.733 [main] [o.h.l.p.b.i.s.QuerySpacesImpl] DEBUG org.hibernate.loader.plan.build.internal.spaces.QuerySpacesImpl - Adding QuerySpace : uid = &lt;gen:5&gt; -&gt; org.hibernate.loader.plan.build.internal.spaces.EntityQuerySpaceImpl@6ede46f6]
12:23:06.733 [main] [o.h.p.w.s.MetamodelGraphWalker] DEBUG org.hibernate.persister.walking.spi.MetamodelGraphWalker - Visiting attribute path : secondName
12:23:06.733 [main] [o.h.p.w.s.MetamodelGraphWalker] DEBUG org.hibernate.persister.walking.spi.MetamodelGraphWalker - Visiting attribute path : username
12:23:06.733 [main] [o.h.l.p.b.i.FetchStyleLoadPlanBuildingAssociationVisitationStrategy] DEBUG org.hibernate.loader.plan.build.internal.FetchStyleLoadPlanBuildingAssociationVisitationStrategy - Building LoadPlan...
12:23:06.733 [main] [o.h.l.p.e.i.LoadQueryJoinAndFetchProcessor] DEBUG org.hibernate.loader.plan.exec.internal.LoadQueryJoinAndFetchProcessor - processing queryspace &lt;gen:0&gt;
12:23:06.733 [main] [o.h.l.p.b.s.LoadPlanTreePrinter] DEBUG org.hibernate.loader.plan.build.spi.LoadPlanTreePrinter - LoadPlan(entity=org.solent.com504.project.model.user.dto.User)
    - Returns
       - EntityReturnImpl(entity=org.solent.com504.project.model.user.dto.User, querySpaceUid=&lt;gen:0&gt;, path=org.solent.com504.project.model.user.dto.User)
          - CompositeAttributeFetchImpl(composite=org.solent.com504.project.model.party.dto.Address, querySpaceUid=&lt;gen:1&gt;, path=org.solent.com504.project.model.user.dto.User.address)
          - CollectionAttributeFetchImpl(collection=org.solent.com504.project.model.user.dto.User.parties, querySpaceUid=&lt;gen:2&gt;, path=org.solent.com504.project.model.user.dto.User.parties)
             - (collection element) CollectionFetchableElementEntityGraph(entity=org.solent.com504.project.model.party.dto.Party, querySpaceUid=&lt;gen:3&gt;, path=org.solent.com504.project.model.user.dto.User.parties.&lt;elements&gt;)
          - CollectionAttributeFetchImpl(collection=org.solent.com504.project.model.user.dto.User.roles, querySpaceUid=&lt;gen:4&gt;, path=org.solent.com504.project.model.user.dto.User.roles)
             - (collection element) CollectionFetchableElementEntityGraph(entity=org.solent.com504.project.model.user.dto.Role, querySpaceUid=&lt;gen:5&gt;, path=org.solent.com504.project.model.user.dto.User.roles.&lt;elements&gt;)
    - QuerySpaces
       - EntityQuerySpaceImpl(uid=&lt;gen:0&gt;, entity=org.solent.com504.project.model.user.dto.User)
          - SQL table alias mapping - user0_
          - alias suffix - 0_
          - suffixed key columns - {id1_7_0_}
          - JOIN (JoinDefinedByMetadata(address)) : &lt;gen:0&gt; -&gt; &lt;gen:1&gt;
             - CompositeQuerySpaceImpl(uid=&lt;gen:1&gt;)
                - SQL table alias mapping - user0_

12:23:06.733 [main] [o.h.l.e.p.EntityLoader] DEBUG org.hibernate.loader.entity.plan.EntityLoader - Static select for entity org.solent.com504.project.model.user.dto.User [PESSIMISTIC_READ]: select user0_.id as id1_7_0_, user0_.addressLine1 as addressL2_7_0_, user0_.addressLine2 as addressL3_7_0_, user0_.country as country4_7_0_, user0_.county as county5_7_0_, user0_.latitude as latitude6_7_0_, user0_.longitude as longitud7_7_0_, user0_.mobile as mobile8_7_0_, user0_.number as number9_7_0_, user0_.postcode as postcod10_7_0_, user0_.telephone as telepho11_7_0_, user0_.enabled as enabled12_7_0_, user0_.firstName as firstNa13_7_0_, user0_.password as passwor14_7_0_, user0_.secondName as secondN15_7_0_, user0_.username as usernam16_7_0_ from user user0_ where user0_.id=? for update
12:23:06.733 [main] [o.h.l.p.b.i.s.QuerySpacesImpl] DEBUG org.hibernate.loader.plan.build.internal.spaces.QuerySpacesImpl - Adding QuerySpace : uid = &lt;gen:0&gt; -&gt; org.hibernate.loader.plan.build.internal.spaces.EntityQuerySpaceImpl@66273da0]
12:23:06.733 [main] [o.h.p.w.s.MetamodelGraphWalker] DEBUG org.hibernate.persister.walking.spi.MetamodelGraphWalker - Visiting attribute path : address
12:23:06.733 [main] [o.h.l.p.b.i.s.QuerySpacesImpl] DEBUG org.hibernate.loader.plan.build.internal.spaces.QuerySpacesImpl - Adding QuerySpace : uid = &lt;gen:1&gt; -&gt; org.hibernate.loader.plan.build.internal.spaces.CompositeQuerySpaceImpl@1229a2b7]
12:23:06.733 [main] [o.h.p.w.s.MetamodelGraphWalker] DEBUG org.hibernate.persister.walking.spi.MetamodelGraphWalker - Visiting attribute path : address.addressLine1
12:23:06.733 [main] [o.h.p.w.s.MetamodelGraphWalker] DEBUG org.hibernate.persister.walking.spi.MetamodelGraphWalker - Visiting attribute path : address.addressLine2
12:23:06.733 [main] [o.h.p.w.s.MetamodelGraphWalker] DEBUG org.hibernate.persister.walking.spi.MetamodelGraphWalker - Visiting attribute path : address.country
12:23:06.733 [main] [o.h.p.w.s.MetamodelGraphWalker] DEBUG org.hibernate.persister.walking.spi.MetamodelGraphWalker - Visiting attribute path : address.county
12:23:06.733 [main] [o.h.p.w.s.MetamodelGraphWalker] DEBUG org.hibernate.persister.walking.spi.MetamodelGraphWalker - Visiting attribute path : address.latitude
12:23:06.733 [main] [o.h.p.w.s.MetamodelGraphWalker] DEBUG org.hibernate.persister.walking.spi.MetamodelGraphWalker - Visiting attribute path : address.longitude
12:23:06.733 [main] [o.h.p.w.s.MetamodelGraphWalker] DEBUG org.hibernate.persister.walking.spi.MetamodelGraphWalker - Visiting attribute path : address.mobile
12:23:06.733 [main] [o.h.p.w.s.MetamodelGraphWalker] DEBUG org.hibernate.persister.walking.spi.MetamodelGraphWalker - Visiting attribute path : address.number
12:23:06.733 [main] [o.h.p.w.s.MetamodelGraphWalker] DEBUG org.hibernate.persister.walking.spi.MetamodelGraphWalker - Visiting attribute path : address.postcode
12:23:06.733 [main] [o.h.p.w.s.MetamodelGraphWalker] DEBUG org.hibernate.persister.walking.spi.MetamodelGraphWalker - Visiting attribute path : address.telephone
12:23:06.733 [main] [o.h.p.w.s.MetamodelGraphWalker] DEBUG org.hibernate.persister.walking.spi.MetamodelGraphWalker - Visiting attribute path : enabled
12:23:06.733 [main] [o.h.p.w.s.MetamodelGraphWalker] DEBUG org.hibernate.persister.walking.spi.MetamodelGraphWalker - Visiting attribute path : firstName
12:23:06.733 [main] [o.h.p.w.s.MetamodelGraphWalker] DEBUG org.hibernate.persister.walking.spi.MetamodelGraphWalker - Visiting attribute path : parties
12:23:06.733 [main] [o.h.l.p.b.i.s.QuerySpacesImpl] DEBUG org.hibernate.loader.plan.build.internal.spaces.QuerySpacesImpl - Adding QuerySpace : uid = &lt;gen:2&gt; -&gt; org.hibernate.loader.plan.build.internal.spaces.CollectionQuerySpaceImpl@51c959a4]
12:23:06.733 [main] [o.h.l.p.b.i.s.QuerySpacesImpl] DEBUG org.hibernate.loader.plan.build.internal.spaces.QuerySpacesImpl - Adding QuerySpace : uid = &lt;gen:3&gt; -&gt; org.hibernate.loader.plan.build.internal.spaces.EntityQuerySpaceImpl@4fc3c165]
12:23:06.733 [main] [o.h.p.w.s.MetamodelGraphWalker] DEBUG org.hibernate.persister.walking.spi.MetamodelGraphWalker - Visiting attribute path : password
12:23:06.733 [main] [o.h.p.w.s.MetamodelGraphWalker] DEBUG org.hibernate.persister.walking.spi.MetamodelGraphWalker - Visiting attribute path : roles
12:23:06.733 [main] [o.h.l.p.b.i.s.QuerySpacesImpl] DEBUG org.hibernate.loader.plan.build.internal.spaces.QuerySpacesImpl - Adding QuerySpace : uid = &lt;gen:4&gt; -&gt; org.hibernate.loader.plan.build.internal.spaces.CollectionQuerySpaceImpl@10a0fe30]
12:23:06.733 [main] [o.h.l.p.b.i.s.QuerySpacesImpl] DEBUG org.hibernate.loader.plan.build.internal.spaces.QuerySpacesImpl - Adding QuerySpace : uid = &lt;gen:5&gt; -&gt; org.hibernate.loader.plan.build.internal.spaces.EntityQuerySpaceImpl@7b6860f9]
12:23:06.733 [main] [o.h.p.w.s.MetamodelGraphWalker] DEBUG org.hibernate.persister.walking.spi.MetamodelGraphWalker - Visiting attribute path : secondName
12:23:06.733 [main] [o.h.p.w.s.MetamodelGraphWalker] DEBUG org.hibernate.persister.walking.spi.MetamodelGraphWalker - Visiting attribute path : username
12:23:06.733 [main] [o.h.l.p.b.i.FetchStyleLoadPlanBuildingAssociationVisitationStrategy] DEBUG org.hibernate.loader.plan.build.internal.FetchStyleLoadPlanBuildingAssociationVisitationStrategy - Building LoadPlan...
12:23:06.749 [main] [o.h.l.p.e.i.LoadQueryJoinAndFetchProcessor] DEBUG org.hibernate.loader.plan.exec.internal.LoadQueryJoinAndFetchProcessor - processing queryspace &lt;gen:0&gt;
12:23:06.749 [main] [o.h.l.p.b.s.LoadPlanTreePrinter] DEBUG org.hibernate.loader.plan.build.spi.LoadPlanTreePrinter - LoadPlan(entity=org.solent.com504.project.model.user.dto.User)
    - Returns
       - EntityReturnImpl(entity=org.solent.com504.project.model.user.dto.User, querySpaceUid=&lt;gen:0&gt;, path=org.solent.com504.project.model.user.dto.User)
          - CompositeAttributeFetchImpl(composite=org.solent.com504.project.model.party.dto.Address, querySpaceUid=&lt;gen:1&gt;, path=org.solent.com504.project.model.user.dto.User.address)
          - CollectionAttributeFetchImpl(collection=org.solent.com504.project.model.user.dto.User.parties, querySpaceUid=&lt;gen:2&gt;, path=org.solent.com504.project.model.user.dto.User.parties)
             - (collection element) CollectionFetchableElementEntityGraph(entity=org.solent.com504.project.model.party.dto.Party, querySpaceUid=&lt;gen:3&gt;, path=org.solent.com504.project.model.user.dto.User.parties.&lt;elements&gt;)
          - CollectionAttributeFetchImpl(collection=org.solent.com504.project.model.user.dto.User.roles, querySpaceUid=&lt;gen:4&gt;, path=org.solent.com504.project.model.user.dto.User.roles)
             - (collection element) CollectionFetchableElementEntityGraph(entity=org.solent.com504.project.model.user.dto.Role, querySpaceUid=&lt;gen:5&gt;, path=org.solent.com504.project.model.user.dto.User.roles.&lt;elements&gt;)
    - QuerySpaces
       - EntityQuerySpaceImpl(uid=&lt;gen:0&gt;, entity=org.solent.com504.project.model.user.dto.User)
          - SQL table alias mapping - user0_
          - alias suffix - 0_
          - suffixed key columns - {id1_7_0_}
          - JOIN (JoinDefinedByMetadata(address)) : &lt;gen:0&gt; -&gt; &lt;gen:1&gt;
             - CompositeQuerySpaceImpl(uid=&lt;gen:1&gt;)
                - SQL table alias mapping - user0_

12:23:06.749 [main] [o.h.l.e.p.EntityLoader] DEBUG org.hibernate.loader.entity.plan.EntityLoader - Static select for entity org.solent.com504.project.model.user.dto.User [PESSIMISTIC_WRITE]: select user0_.id as id1_7_0_, user0_.addressLine1 as addressL2_7_0_, user0_.addressLine2 as addressL3_7_0_, user0_.country as country4_7_0_, user0_.county as county5_7_0_, user0_.latitude as latitude6_7_0_, user0_.longitude as longitud7_7_0_, user0_.mobile as mobile8_7_0_, user0_.number as number9_7_0_, user0_.postcode as postcod10_7_0_, user0_.telephone as telepho11_7_0_, user0_.enabled as enabled12_7_0_, user0_.firstName as firstNa13_7_0_, user0_.password as passwor14_7_0_, user0_.secondName as secondN15_7_0_, user0_.username as usernam16_7_0_ from user user0_ where user0_.id=? for update
12:23:06.749 [main] [o.h.l.p.b.i.s.QuerySpacesImpl] DEBUG org.hibernate.loader.plan.build.internal.spaces.QuerySpacesImpl - Adding QuerySpace : uid = &lt;gen:0&gt; -&gt; org.hibernate.loader.plan.build.internal.spaces.EntityQuerySpaceImpl@60f70249]
12:23:06.749 [main] [o.h.p.w.s.MetamodelGraphWalker] DEBUG org.hibernate.persister.walking.spi.MetamodelGraphWalker - Visiting attribute path : address
12:23:06.749 [main] [o.h.l.p.b.i.s.QuerySpacesImpl] DEBUG org.hibernate.loader.plan.build.internal.spaces.QuerySpacesImpl - Adding QuerySpace : uid = &lt;gen:1&gt; -&gt; org.hibernate.loader.plan.build.internal.spaces.CompositeQuerySpaceImpl@262816a8]
12:23:06.749 [main] [o.h.p.w.s.MetamodelGraphWalker] DEBUG org.hibernate.persister.walking.spi.MetamodelGraphWalker - Visiting attribute path : address.addressLine1
12:23:06.749 [main] [o.h.p.w.s.MetamodelGraphWalker] DEBUG org.hibernate.persister.walking.spi.MetamodelGraphWalker - Visiting attribute path : address.addressLine2
12:23:06.749 [main] [o.h.p.w.s.MetamodelGraphWalker] DEBUG org.hibernate.persister.walking.spi.MetamodelGraphWalker - Visiting attribute path : address.country
12:23:06.749 [main] [o.h.p.w.s.MetamodelGraphWalker] DEBUG org.hibernate.persister.walking.spi.MetamodelGraphWalker - Visiting attribute path : address.county
12:23:06.749 [main] [o.h.p.w.s.MetamodelGraphWalker] DEBUG org.hibernate.persister.walking.spi.MetamodelGraphWalker - Visiting attribute path : address.latitude
12:23:06.749 [main] [o.h.p.w.s.MetamodelGraphWalker] DEBUG org.hibernate.persister.walking.spi.MetamodelGraphWalker - Visiting attribute path : address.longitude
12:23:06.749 [main] [o.h.p.w.s.MetamodelGraphWalker] DEBUG org.hibernate.persister.walking.spi.MetamodelGraphWalker - Visiting attribute path : address.mobile
12:23:06.749 [main] [o.h.p.w.s.MetamodelGraphWalker] DEBUG org.hibernate.persister.walking.spi.MetamodelGraphWalker - Visiting attribute path : address.number
12:23:06.749 [main] [o.h.p.w.s.MetamodelGraphWalker] DEBUG org.hibernate.persister.walking.spi.MetamodelGraphWalker - Visiting attribute path : address.postcode
12:23:06.749 [main] [o.h.p.w.s.MetamodelGraphWalker] DEBUG org.hibernate.persister.walking.spi.MetamodelGraphWalker - Visiting attribute path : address.telephone
12:23:06.749 [main] [o.h.p.w.s.MetamodelGraphWalker] DEBUG org.hibernate.persister.walking.spi.MetamodelGraphWalker - Visiting attribute path : enabled
12:23:06.749 [main] [o.h.p.w.s.MetamodelGraphWalker] DEBUG org.hibernate.persister.walking.spi.MetamodelGraphWalker - Visiting attribute path : firstName
12:23:06.749 [main] [o.h.p.w.s.MetamodelGraphWalker] DEBUG org.hibernate.persister.walking.spi.MetamodelGraphWalker - Visiting attribute path : parties
12:23:06.749 [main] [o.h.l.p.b.i.s.QuerySpacesImpl] DEBUG org.hibernate.loader.plan.build.internal.spaces.QuerySpacesImpl - Adding QuerySpace : uid = &lt;gen:2&gt; -&gt; org.hibernate.loader.plan.build.internal.spaces.CollectionQuerySpaceImpl@46c269e0]
12:23:06.749 [main] [o.h.l.p.b.i.s.QuerySpacesImpl] DEBUG org.hibernate.loader.plan.build.internal.spaces.QuerySpacesImpl - Adding QuerySpace : uid = &lt;gen:3&gt; -&gt; org.hibernate.loader.plan.build.internal.spaces.EntityQuerySpaceImpl@6920614]
12:23:06.749 [main] [o.h.p.w.s.MetamodelGraphWalker] DEBUG org.hibernate.persister.walking.spi.MetamodelGraphWalker - Visiting attribute path : password
12:23:06.749 [main] [o.h.p.w.s.MetamodelGraphWalker] DEBUG org.hibernate.persister.walking.spi.MetamodelGraphWalker - Visiting attribute path : roles
12:23:06.749 [main] [o.h.l.p.b.i.s.QuerySpacesImpl] DEBUG org.hibernate.loader.plan.build.internal.spaces.QuerySpacesImpl - Adding QuerySpace : uid = &lt;gen:4&gt; -&gt; org.hibernate.loader.plan.build.internal.spaces.CollectionQuerySpaceImpl@6069dd38]
12:23:06.749 [main] [o.h.l.p.b.i.s.QuerySpacesImpl] DEBUG org.hibernate.loader.plan.build.internal.spaces.QuerySpacesImpl - Adding QuerySpace : uid = &lt;gen:5&gt; -&gt; org.hibernate.loader.plan.build.internal.spaces.EntityQuerySpaceImpl@5fa23c]
12:23:06.749 [main] [o.h.p.w.s.MetamodelGraphWalker] DEBUG org.hibernate.persister.walking.spi.MetamodelGraphWalker - Visiting attribute path : secondName
12:23:06.749 [main] [o.h.p.w.s.MetamodelGraphWalker] DEBUG org.hibernate.persister.walking.spi.MetamodelGraphWalker - Visiting attribute path : username
12:23:06.749 [main] [o.h.l.p.b.i.FetchStyleLoadPlanBuildingAssociationVisitationStrategy] DEBUG org.hibernate.loader.plan.build.internal.FetchStyleLoadPlanBuildingAssociationVisitationStrategy - Building LoadPlan...
12:23:06.749 [main] [o.h.l.p.e.i.LoadQueryJoinAndFetchProcessor] DEBUG org.hibernate.loader.plan.exec.internal.LoadQueryJoinAndFetchProcessor - processing queryspace &lt;gen:0&gt;
12:23:06.749 [main] [o.h.l.p.b.s.LoadPlanTreePrinter] DEBUG org.hibernate.loader.plan.build.spi.LoadPlanTreePrinter - LoadPlan(entity=org.solent.com504.project.model.user.dto.User)
    - Returns
       - EntityReturnImpl(entity=org.solent.com504.project.model.user.dto.User, querySpaceUid=&lt;gen:0&gt;, path=org.solent.com504.project.model.user.dto.User)
          - CompositeAttributeFetchImpl(composite=org.solent.com504.project.model.party.dto.Address, querySpaceUid=&lt;gen:1&gt;, path=org.solent.com504.project.model.user.dto.User.address)
          - CollectionAttributeFetchImpl(collection=org.solent.com504.project.model.user.dto.User.parties, querySpaceUid=&lt;gen:2&gt;, path=org.solent.com504.project.model.user.dto.User.parties)
             - (collection element) CollectionFetchableElementEntityGraph(entity=org.solent.com504.project.model.party.dto.Party, querySpaceUid=&lt;gen:3&gt;, path=org.solent.com504.project.model.user.dto.User.parties.&lt;elements&gt;)
          - CollectionAttributeFetchImpl(collection=org.solent.com504.project.model.user.dto.User.roles, querySpaceUid=&lt;gen:4&gt;, path=org.solent.com504.project.model.user.dto.User.roles)
             - (collection element) CollectionFetchableElementEntityGraph(entity=org.solent.com504.project.model.user.dto.Role, querySpaceUid=&lt;gen:5&gt;, path=org.solent.com504.project.model.user.dto.User.roles.&lt;elements&gt;)
    - QuerySpaces
       - EntityQuerySpaceImpl(uid=&lt;gen:0&gt;, entity=org.solent.com504.project.model.user.dto.User)
          - SQL table alias mapping - user0_
          - alias suffix - 0_
          - suffixed key columns - {id1_7_0_}
          - JOIN (JoinDefinedByMetadata(address)) : &lt;gen:0&gt; -&gt; &lt;gen:1&gt;
             - CompositeQuerySpaceImpl(uid=&lt;gen:1&gt;)
                - SQL table alias mapping - user0_

12:23:06.749 [main] [o.h.l.e.p.EntityLoader] DEBUG org.hibernate.loader.entity.plan.EntityLoader - Static select for entity org.solent.com504.project.model.user.dto.User [PESSIMISTIC_FORCE_INCREMENT]: select user0_.id as id1_7_0_, user0_.addressLine1 as addressL2_7_0_, user0_.addressLine2 as addressL3_7_0_, user0_.country as country4_7_0_, user0_.county as county5_7_0_, user0_.latitude as latitude6_7_0_, user0_.longitude as longitud7_7_0_, user0_.mobile as mobile8_7_0_, user0_.number as number9_7_0_, user0_.postcode as postcod10_7_0_, user0_.telephone as telepho11_7_0_, user0_.enabled as enabled12_7_0_, user0_.firstName as firstNa13_7_0_, user0_.password as passwor14_7_0_, user0_.secondName as secondN15_7_0_, user0_.username as usernam16_7_0_ from user user0_ where user0_.id=? for update
12:23:06.749 [main] [o.h.l.p.b.i.s.QuerySpacesImpl] DEBUG org.hibernate.loader.plan.build.internal.spaces.QuerySpacesImpl - Adding QuerySpace : uid = &lt;gen:0&gt; -&gt; org.hibernate.loader.plan.build.internal.spaces.EntityQuerySpaceImpl@558756be]
12:23:06.749 [main] [o.h.p.w.s.MetamodelGraphWalker] DEBUG org.hibernate.persister.walking.spi.MetamodelGraphWalker - Visiting attribute path : address
12:23:06.749 [main] [o.h.l.p.b.i.s.QuerySpacesImpl] DEBUG org.hibernate.loader.plan.build.internal.spaces.QuerySpacesImpl - Adding QuerySpace : uid = &lt;gen:1&gt; -&gt; org.hibernate.loader.plan.build.internal.spaces.CompositeQuerySpaceImpl@6d1dcdff]
12:23:06.749 [main] [o.h.p.w.s.MetamodelGraphWalker] DEBUG org.hibernate.persister.walking.spi.MetamodelGraphWalker - Visiting attribute path : address.addressLine1
12:23:06.749 [main] [o.h.p.w.s.MetamodelGraphWalker] DEBUG org.hibernate.persister.walking.spi.MetamodelGraphWalker - Visiting attribute path : address.addressLine2
12:23:06.749 [main] [o.h.p.w.s.MetamodelGraphWalker] DEBUG org.hibernate.persister.walking.spi.MetamodelGraphWalker - Visiting attribute path : address.country
12:23:06.749 [main] [o.h.p.w.s.MetamodelGraphWalker] DEBUG org.hibernate.persister.walking.spi.MetamodelGraphWalker - Visiting attribute path : address.county
12:23:06.749 [main] [o.h.p.w.s.MetamodelGraphWalker] DEBUG org.hibernate.persister.walking.spi.MetamodelGraphWalker - Visiting attribute path : address.latitude
12:23:06.749 [main] [o.h.p.w.s.MetamodelGraphWalker] DEBUG org.hibernate.persister.walking.spi.MetamodelGraphWalker - Visiting attribute path : address.longitude
12:23:06.749 [main] [o.h.p.w.s.MetamodelGraphWalker] DEBUG org.hibernate.persister.walking.spi.MetamodelGraphWalker - Visiting attribute path : address.mobile
12:23:06.749 [main] [o.h.p.w.s.MetamodelGraphWalker] DEBUG org.hibernate.persister.walking.spi.MetamodelGraphWalker - Visiting attribute path : address.number
12:23:06.749 [main] [o.h.p.w.s.MetamodelGraphWalker] DEBUG org.hibernate.persister.walking.spi.MetamodelGraphWalker - Visiting attribute path : address.postcode
12:23:06.749 [main] [o.h.p.w.s.MetamodelGraphWalker] DEBUG org.hibernate.persister.walking.spi.MetamodelGraphWalker - Visiting attribute path : address.telephone
12:23:06.749 [main] [o.h.p.w.s.MetamodelGraphWalker] DEBUG org.hibernate.persister.walking.spi.MetamodelGraphWalker - Visiting attribute path : enabled
12:23:06.749 [main] [o.h.p.w.s.MetamodelGraphWalker] DEBUG org.hibernate.persister.walking.spi.MetamodelGraphWalker - Visiting attribute path : firstName
12:23:06.749 [main] [o.h.p.w.s.MetamodelGraphWalker] DEBUG org.hibernate.persister.walking.spi.MetamodelGraphWalker - Visiting attribute path : parties
12:23:06.749 [main] [o.h.l.p.b.i.s.QuerySpacesImpl] DEBUG org.hibernate.loader.plan.build.internal.spaces.QuerySpacesImpl - Adding QuerySpace : uid = &lt;gen:2&gt; -&gt; org.hibernate.loader.plan.build.internal.spaces.CollectionQuerySpaceImpl@7ff35a3f]
12:23:06.749 [main] [o.h.l.p.b.i.s.QuerySpacesImpl] DEBUG org.hibernate.loader.plan.build.internal.spaces.QuerySpacesImpl - Adding QuerySpace : uid = &lt;gen:3&gt; -&gt; org.hibernate.loader.plan.build.internal.spaces.EntityQuerySpaceImpl@26dc9bd5]
12:23:06.749 [main] [o.h.p.w.s.MetamodelGraphWalker] DEBUG org.hibernate.persister.walking.spi.MetamodelGraphWalker - Visiting attribute path : password
12:23:06.749 [main] [o.h.p.w.s.MetamodelGraphWalker] DEBUG org.hibernate.persister.walking.spi.MetamodelGraphWalker - Visiting attribute path : roles
12:23:06.749 [main] [o.h.l.p.b.i.s.QuerySpacesImpl] DEBUG org.hibernate.loader.plan.build.internal.spaces.QuerySpacesImpl - Adding QuerySpace : uid = &lt;gen:4&gt; -&gt; org.hibernate.loader.plan.build.internal.spaces.CollectionQuerySpaceImpl@252dc8c4]
12:23:06.749 [main] [o.h.l.p.b.i.s.QuerySpacesImpl] DEBUG org.hibernate.loader.plan.build.internal.spaces.QuerySpacesImpl - Adding QuerySpace : uid = &lt;gen:5&gt; -&gt; org.hibernate.loader.plan.build.internal.spaces.EntityQuerySpaceImpl@43045f9f]
12:23:06.749 [main] [o.h.p.w.s.MetamodelGraphWalker] DEBUG org.hibernate.persister.walking.spi.MetamodelGraphWalker - Visiting attribute path : secondName
12:23:06.749 [main] [o.h.p.w.s.MetamodelGraphWalker] DEBUG org.hibernate.persister.walking.spi.MetamodelGraphWalker - Visiting attribute path : username
12:23:06.749 [main] [o.h.l.p.b.i.FetchStyleLoadPlanBuildingAssociationVisitationStrategy] DEBUG org.hibernate.loader.plan.build.internal.FetchStyleLoadPlanBuildingAssociationVisitationStrategy - Building LoadPlan...
12:23:06.749 [main] [o.h.l.p.e.i.LoadQueryJoinAndFetchProcessor] DEBUG org.hibernate.loader.plan.exec.internal.LoadQueryJoinAndFetchProcessor - processing queryspace &lt;gen:0&gt;
12:23:06.749 [main] [o.h.l.p.b.s.LoadPlanTreePrinter] DEBUG org.hibernate.loader.plan.build.spi.LoadPlanTreePrinter - LoadPlan(entity=org.solent.com504.project.model.user.dto.User)
    - Returns
       - EntityReturnImpl(entity=org.solent.com504.project.model.user.dto.User, querySpaceUid=&lt;gen:0&gt;, path=org.solent.com504.project.model.user.dto.User)
          - CompositeAttributeFetchImpl(composite=org.solent.com504.project.model.party.dto.Address, querySpaceUid=&lt;gen:1&gt;, path=org.solent.com504.project.model.user.dto.User.address)
          - CollectionAttributeFetchImpl(collection=org.solent.com504.project.model.user.dto.User.parties, querySpaceUid=&lt;gen:2&gt;, path=org.solent.com504.project.model.user.dto.User.parties)
             - (collection element) CollectionFetchableElementEntityGraph(entity=org.solent.com504.project.model.party.dto.Party, querySpaceUid=&lt;gen:3&gt;, path=org.solent.com504.project.model.user.dto.User.parties.&lt;elements&gt;)
          - CollectionAttributeFetchImpl(collection=org.solent.com504.project.model.user.dto.User.roles, querySpaceUid=&lt;gen:4&gt;, path=org.solent.com504.project.model.user.dto.User.roles)
             - (collection element) CollectionFetchableElementEntityGraph(entity=org.solent.com504.project.model.user.dto.Role, querySpaceUid=&lt;gen:5&gt;, path=org.solent.com504.project.model.user.dto.User.roles.&lt;elements&gt;)
    - QuerySpaces
       - EntityQuerySpaceImpl(uid=&lt;gen:0&gt;, entity=org.solent.com504.project.model.user.dto.User)
          - SQL table alias mapping - user0_
          - alias suffix - 0_
          - suffixed key columns - {id1_7_0_}
          - JOIN (JoinDefinedByMetadata(address)) : &lt;gen:0&gt; -&gt; &lt;gen:1&gt;
             - CompositeQuerySpaceImpl(uid=&lt;gen:1&gt;)
                - SQL table alias mapping - user0_

12:23:06.749 [main] [o.h.l.e.p.EntityLoader] DEBUG org.hibernate.loader.entity.plan.EntityLoader - Static select for entity org.solent.com504.project.model.user.dto.User [OPTIMISTIC]: select user0_.id as id1_7_0_, user0_.addressLine1 as addressL2_7_0_, user0_.addressLine2 as addressL3_7_0_, user0_.country as country4_7_0_, user0_.county as county5_7_0_, user0_.latitude as latitude6_7_0_, user0_.longitude as longitud7_7_0_, user0_.mobile as mobile8_7_0_, user0_.number as number9_7_0_, user0_.postcode as postcod10_7_0_, user0_.telephone as telepho11_7_0_, user0_.enabled as enabled12_7_0_, user0_.firstName as firstNa13_7_0_, user0_.password as passwor14_7_0_, user0_.secondName as secondN15_7_0_, user0_.username as usernam16_7_0_ from user user0_ where user0_.id=?
12:23:06.749 [main] [o.h.l.p.b.i.s.QuerySpacesImpl] DEBUG org.hibernate.loader.plan.build.internal.spaces.QuerySpacesImpl - Adding QuerySpace : uid = &lt;gen:0&gt; -&gt; org.hibernate.loader.plan.build.internal.spaces.EntityQuerySpaceImpl@2643d762]
12:23:06.749 [main] [o.h.p.w.s.MetamodelGraphWalker] DEBUG org.hibernate.persister.walking.spi.MetamodelGraphWalker - Visiting attribute path : address
12:23:06.749 [main] [o.h.l.p.b.i.s.QuerySpacesImpl] DEBUG org.hibernate.loader.plan.build.internal.spaces.QuerySpacesImpl - Adding QuerySpace : uid = &lt;gen:1&gt; -&gt; org.hibernate.loader.plan.build.internal.spaces.CompositeQuerySpaceImpl@2f236de0]
12:23:06.749 [main] [o.h.p.w.s.MetamodelGraphWalker] DEBUG org.hibernate.persister.walking.spi.MetamodelGraphWalker - Visiting attribute path : address.addressLine1
12:23:06.749 [main] [o.h.p.w.s.MetamodelGraphWalker] DEBUG org.hibernate.persister.walking.spi.MetamodelGraphWalker - Visiting attribute path : address.addressLine2
12:23:06.749 [main] [o.h.p.w.s.MetamodelGraphWalker] DEBUG org.hibernate.persister.walking.spi.MetamodelGraphWalker - Visiting attribute path : address.country
12:23:06.749 [main] [o.h.p.w.s.MetamodelGraphWalker] DEBUG org.hibernate.persister.walking.spi.MetamodelGraphWalker - Visiting attribute path : address.county
12:23:06.749 [main] [o.h.p.w.s.MetamodelGraphWalker] DEBUG org.hibernate.persister.walking.spi.MetamodelGraphWalker - Visiting attribute path : address.latitude
12:23:06.749 [main] [o.h.p.w.s.MetamodelGraphWalker] DEBUG org.hibernate.persister.walking.spi.MetamodelGraphWalker - Visiting attribute path : address.longitude
12:23:06.749 [main] [o.h.p.w.s.MetamodelGraphWalker] DEBUG org.hibernate.persister.walking.spi.MetamodelGraphWalker - Visiting attribute path : address.mobile
12:23:06.749 [main] [o.h.p.w.s.MetamodelGraphWalker] DEBUG org.hibernate.persister.walking.spi.MetamodelGraphWalker - Visiting attribute path : address.number
12:23:06.749 [main] [o.h.p.w.s.MetamodelGraphWalker] DEBUG org.hibernate.persister.walking.spi.MetamodelGraphWalker - Visiting attribute path : address.postcode
12:23:06.749 [main] [o.h.p.w.s.MetamodelGraphWalker] DEBUG org.hibernate.persister.walking.spi.MetamodelGraphWalker - Visiting attribute path : address.telephone
12:23:06.749 [main] [o.h.p.w.s.MetamodelGraphWalker] DEBUG org.hibernate.persister.walking.spi.MetamodelGraphWalker - Visiting attribute path : enabled
12:23:06.749 [main] [o.h.p.w.s.MetamodelGraphWalker] DEBUG org.hibernate.persister.walking.spi.MetamodelGraphWalker - Visiting attribute path : firstName
12:23:06.749 [main] [o.h.p.w.s.MetamodelGraphWalker] DEBUG org.hibernate.persister.walking.spi.MetamodelGraphWalker - Visiting attribute path : parties
12:23:06.749 [main] [o.h.l.p.b.i.s.QuerySpacesImpl] DEBUG org.hibernate.loader.plan.build.internal.spaces.QuerySpacesImpl - Adding QuerySpace : uid = &lt;gen:2&gt; -&gt; org.hibernate.loader.plan.build.internal.spaces.CollectionQuerySpaceImpl@767a014e]
12:23:06.749 [main] [o.h.l.p.b.i.s.QuerySpacesImpl] DEBUG org.hibernate.loader.plan.build.internal.spaces.QuerySpacesImpl - Adding QuerySpace : uid = &lt;gen:3&gt; -&gt; org.hibernate.loader.plan.build.internal.spaces.EntityQuerySpaceImpl@d109c4f]
12:23:06.749 [main] [o.h.p.w.s.MetamodelGraphWalker] DEBUG org.hibernate.persister.walking.spi.MetamodelGraphWalker - Visiting attribute path : password
12:23:06.749 [main] [o.h.p.w.s.MetamodelGraphWalker] DEBUG org.hibernate.persister.walking.spi.MetamodelGraphWalker - Visiting attribute path : roles
12:23:06.749 [main] [o.h.l.p.b.i.s.QuerySpacesImpl] DEBUG org.hibernate.loader.plan.build.internal.spaces.QuerySpacesImpl - Adding QuerySpace : uid = &lt;gen:4&gt; -&gt; org.hibernate.loader.plan.build.internal.spaces.CollectionQuerySpaceImpl@3968bc60]
12:23:06.749 [main] [o.h.l.p.b.i.s.QuerySpacesImpl] DEBUG org.hibernate.loader.plan.build.internal.spaces.QuerySpacesImpl - Adding QuerySpace : uid = &lt;gen:5&gt; -&gt; org.hibernate.loader.plan.build.internal.spaces.EntityQuerySpaceImpl@26f46fa6]
12:23:06.749 [main] [o.h.p.w.s.MetamodelGraphWalker] DEBUG org.hibernate.persister.walking.spi.MetamodelGraphWalker - Visiting attribute path : secondName
12:23:06.749 [main] [o.h.p.w.s.MetamodelGraphWalker] DEBUG org.hibernate.persister.walking.spi.MetamodelGraphWalker - Visiting attribute path : username
12:23:06.749 [main] [o.h.l.p.b.i.FetchStyleLoadPlanBuildingAssociationVisitationStrategy] DEBUG org.hibernate.loader.plan.build.internal.FetchStyleLoadPlanBuildingAssociationVisitationStrategy - Building LoadPlan...
12:23:06.749 [main] [o.h.l.p.e.i.LoadQueryJoinAndFetchProcessor] DEBUG org.hibernate.loader.plan.exec.internal.LoadQueryJoinAndFetchProcessor - processing queryspace &lt;gen:0&gt;
12:23:06.764 [main] [o.h.l.p.b.s.LoadPlanTreePrinter] DEBUG org.hibernate.loader.plan.build.spi.LoadPlanTreePrinter - LoadPlan(entity=org.solent.com504.project.model.user.dto.User)
    - Returns
       - EntityReturnImpl(entity=org.solent.com504.project.model.user.dto.User, querySpaceUid=&lt;gen:0&gt;, path=org.solent.com504.project.model.user.dto.User)
          - CompositeAttributeFetchImpl(composite=org.solent.com504.project.model.party.dto.Address, querySpaceUid=&lt;gen:1&gt;, path=org.solent.com504.project.model.user.dto.User.address)
          - CollectionAttributeFetchImpl(collection=org.solent.com504.project.model.user.dto.User.parties, querySpaceUid=&lt;gen:2&gt;, path=org.solent.com504.project.model.user.dto.User.parties)
             - (collection element) CollectionFetchableElementEntityGraph(entity=org.solent.com504.project.model.party.dto.Party, querySpaceUid=&lt;gen:3&gt;, path=org.solent.com504.project.model.user.dto.User.parties.&lt;elements&gt;)
          - CollectionAttributeFetchImpl(collection=org.solent.com504.project.model.user.dto.User.roles, querySpaceUid=&lt;gen:4&gt;, path=org.solent.com504.project.model.user.dto.User.roles)
             - (collection element) CollectionFetchableElementEntityGraph(entity=org.solent.com504.project.model.user.dto.Role, querySpaceUid=&lt;gen:5&gt;, path=org.solent.com504.project.model.user.dto.User.roles.&lt;elements&gt;)
    - QuerySpaces
       - EntityQuerySpaceImpl(uid=&lt;gen:0&gt;, entity=org.solent.com504.project.model.user.dto.User)
          - SQL table alias mapping - user0_
          - alias suffix - 0_
          - suffixed key columns - {id1_7_0_}
          - JOIN (JoinDefinedByMetadata(address)) : &lt;gen:0&gt; -&gt; &lt;gen:1&gt;
             - CompositeQuerySpaceImpl(uid=&lt;gen:1&gt;)
                - SQL table alias mapping - user0_

12:23:06.764 [main] [o.h.l.e.p.EntityLoader] DEBUG org.hibernate.loader.entity.plan.EntityLoader - Static select for entity org.solent.com504.project.model.user.dto.User [OPTIMISTIC_FORCE_INCREMENT]: select user0_.id as id1_7_0_, user0_.addressLine1 as addressL2_7_0_, user0_.addressLine2 as addressL3_7_0_, user0_.country as country4_7_0_, user0_.county as county5_7_0_, user0_.latitude as latitude6_7_0_, user0_.longitude as longitud7_7_0_, user0_.mobile as mobile8_7_0_, user0_.number as number9_7_0_, user0_.postcode as postcod10_7_0_, user0_.telephone as telepho11_7_0_, user0_.enabled as enabled12_7_0_, user0_.firstName as firstNa13_7_0_, user0_.password as passwor14_7_0_, user0_.secondName as secondN15_7_0_, user0_.username as usernam16_7_0_ from user user0_ where user0_.id=?
12:23:06.764 [main] [o.h.l.Loader] DEBUG org.hibernate.loader.Loader - Static select for action ACTION_MERGE on entity org.solent.com504.project.model.user.dto.User: select user0_.id as id1_7_0_, user0_.addressLine1 as addressL2_7_0_, user0_.addressLine2 as addressL3_7_0_, user0_.country as country4_7_0_, user0_.county as county5_7_0_, user0_.latitude as latitude6_7_0_, user0_.longitude as longitud7_7_0_, user0_.mobile as mobile8_7_0_, user0_.number as number9_7_0_, user0_.postcode as postcod10_7_0_, user0_.telephone as telepho11_7_0_, user0_.enabled as enabled12_7_0_, user0_.firstName as firstNa13_7_0_, user0_.password as passwor14_7_0_, user0_.secondName as secondN15_7_0_, user0_.username as usernam16_7_0_ from user user0_ where user0_.id=?
12:23:06.764 [main] [o.h.l.Loader] DEBUG org.hibernate.loader.Loader - Static select for action ACTION_REFRESH on entity org.solent.com504.project.model.user.dto.User: select user0_.id as id1_7_0_, user0_.addressLine1 as addressL2_7_0_, user0_.addressLine2 as addressL3_7_0_, user0_.country as country4_7_0_, user0_.county as county5_7_0_, user0_.latitude as latitude6_7_0_, user0_.longitude as longitud7_7_0_, user0_.mobile as mobile8_7_0_, user0_.number as number9_7_0_, user0_.postcode as postcod10_7_0_, user0_.telephone as telepho11_7_0_, user0_.enabled as enabled12_7_0_, user0_.firstName as firstNa13_7_0_, user0_.password as passwor14_7_0_, user0_.secondName as secondN15_7_0_, user0_.username as usernam16_7_0_ from user user0_ where user0_.id=?
12:23:06.764 [main] [o.h.l.p.b.i.s.QuerySpacesImpl] DEBUG org.hibernate.loader.plan.build.internal.spaces.QuerySpacesImpl - Adding QuerySpace : uid = &lt;gen:0&gt; -&gt; org.hibernate.loader.plan.build.internal.spaces.CollectionQuerySpaceImpl@122d6c22]
12:23:06.764 [main] [o.h.l.p.b.i.s.QuerySpacesImpl] DEBUG org.hibernate.loader.plan.build.internal.spaces.QuerySpacesImpl - Adding QuerySpace : uid = &lt;gen:1&gt; -&gt; org.hibernate.loader.plan.build.internal.spaces.EntityQuerySpaceImpl@2f5ac102]
12:23:06.764 [main] [o.h.p.w.s.MetamodelGraphWalker] DEBUG org.hibernate.persister.walking.spi.MetamodelGraphWalker - Visiting attribute path : name
12:23:06.764 [main] [o.h.p.w.s.MetamodelGraphWalker] DEBUG org.hibernate.persister.walking.spi.MetamodelGraphWalker - Visiting attribute path : users
12:23:06.764 [main] [o.h.p.w.s.MetamodelGraphWalker] DEBUG org.hibernate.persister.walking.spi.MetamodelGraphWalker - Property path deemed to be circular : users
12:23:06.764 [main] [o.h.l.p.b.i.FetchStyleLoadPlanBuildingAssociationVisitationStrategy] DEBUG org.hibernate.loader.plan.build.internal.FetchStyleLoadPlanBuildingAssociationVisitationStrategy - Building LoadPlan...
12:23:06.780 [main] [o.h.l.p.e.i.LoadQueryJoinAndFetchProcessor] DEBUG org.hibernate.loader.plan.exec.internal.LoadQueryJoinAndFetchProcessor - processing queryspace &lt;gen:0&gt;
12:23:06.780 [main] [o.h.l.p.b.s.LoadPlanTreePrinter] DEBUG org.hibernate.loader.plan.build.spi.LoadPlanTreePrinter - LoadPlan(collection=org.solent.com504.project.model.user.dto.User.roles)
    - Returns
       - CollectionReturnImpl(collection=org.solent.com504.project.model.user.dto.User.roles, querySpaceUid=&lt;gen:0&gt;, path=[org.solent.com504.project.model.user.dto.User.roles])
          - (collection element) CollectionFetchableElementEntityGraph(entity=org.solent.com504.project.model.user.dto.Role, querySpaceUid=&lt;gen:1&gt;, path=[org.solent.com504.project.model.user.dto.User.roles].&lt;elements&gt;)
    - QuerySpaces
       - CollectionQuerySpaceImpl(uid=&lt;gen:0&gt;, collection=org.solent.com504.project.model.user.dto.User.roles)
          - SQL table alias mapping - roles0_
          - alias suffix - 0_
          - suffixed key columns - {user_id1_9_0_}
          - entity-element alias suffix - 1_
          - 1_entity-element suffixed key columns - id1_6_1_
          - JOIN (JoinDefinedByMetadata(elements)) : &lt;gen:0&gt; -&gt; &lt;gen:1&gt;
             - EntityQuerySpaceImpl(uid=&lt;gen:1&gt;, entity=org.solent.com504.project.model.user.dto.Role)
                - SQL table alias mapping - role1_
                - alias suffix - 1_
                - suffixed key columns - {id1_6_1_}

12:23:06.780 [main] [o.h.l.c.p.CollectionLoader] DEBUG org.hibernate.loader.collection.plan.CollectionLoader - Static select for collection org.solent.com504.project.model.user.dto.User.roles: select roles0_.user_id as user_id1_9_0_, roles0_.role_id as role_id2_9_0_, role1_.id as id1_6_1_, role1_.name as name2_6_1_ from user_role roles0_ inner join role role1_ on roles0_.role_id=role1_.id where roles0_.user_id=?
12:23:06.780 [main] [o.h.l.p.b.i.s.QuerySpacesImpl] DEBUG org.hibernate.loader.plan.build.internal.spaces.QuerySpacesImpl - Adding QuerySpace : uid = &lt;gen:0&gt; -&gt; org.hibernate.loader.plan.build.internal.spaces.CollectionQuerySpaceImpl@646c0a67]
12:23:06.780 [main] [o.h.l.p.b.i.s.QuerySpacesImpl] DEBUG org.hibernate.loader.plan.build.internal.spaces.QuerySpacesImpl - Adding QuerySpace : uid = &lt;gen:1&gt; -&gt; org.hibernate.loader.plan.build.internal.spaces.EntityQuerySpaceImpl@3804a9a8]
12:23:06.780 [main] [o.h.p.w.s.MetamodelGraphWalker] DEBUG org.hibernate.persister.walking.spi.MetamodelGraphWalker - Visiting attribute path : address
12:23:06.780 [main] [o.h.l.p.b.i.s.QuerySpacesImpl] DEBUG org.hibernate.loader.plan.build.internal.spaces.QuerySpacesImpl - Adding QuerySpace : uid = &lt;gen:2&gt; -&gt; org.hibernate.loader.plan.build.internal.spaces.CompositeQuerySpaceImpl@5bc28f40]
12:23:06.780 [main] [o.h.p.w.s.MetamodelGraphWalker] DEBUG org.hibernate.persister.walking.spi.MetamodelGraphWalker - Visiting attribute path : address.addressLine1
12:23:06.780 [main] [o.h.p.w.s.MetamodelGraphWalker] DEBUG org.hibernate.persister.walking.spi.MetamodelGraphWalker - Visiting attribute path : address.addressLine2
12:23:06.780 [main] [o.h.p.w.s.MetamodelGraphWalker] DEBUG org.hibernate.persister.walking.spi.MetamodelGraphWalker - Visiting attribute path : address.country
12:23:06.780 [main] [o.h.p.w.s.MetamodelGraphWalker] DEBUG org.hibernate.persister.walking.spi.MetamodelGraphWalker - Visiting attribute path : address.county
12:23:06.780 [main] [o.h.p.w.s.MetamodelGraphWalker] DEBUG org.hibernate.persister.walking.spi.MetamodelGraphWalker - Visiting attribute path : address.latitude
12:23:06.780 [main] [o.h.p.w.s.MetamodelGraphWalker] DEBUG org.hibernate.persister.walking.spi.MetamodelGraphWalker - Visiting attribute path : address.longitude
12:23:06.780 [main] [o.h.p.w.s.MetamodelGraphWalker] DEBUG org.hibernate.persister.walking.spi.MetamodelGraphWalker - Visiting attribute path : address.mobile
12:23:06.780 [main] [o.h.p.w.s.MetamodelGraphWalker] DEBUG org.hibernate.persister.walking.spi.MetamodelGraphWalker - Visiting attribute path : address.number
12:23:06.780 [main] [o.h.p.w.s.MetamodelGraphWalker] DEBUG org.hibernate.persister.walking.spi.MetamodelGraphWalker - Visiting attribute path : address.postcode
12:23:06.780 [main] [o.h.p.w.s.MetamodelGraphWalker] DEBUG org.hibernate.persister.walking.spi.MetamodelGraphWalker - Visiting attribute path : address.telephone
12:23:06.780 [main] [o.h.p.w.s.MetamodelGraphWalker] DEBUG org.hibernate.persister.walking.spi.MetamodelGraphWalker - Visiting attribute path : enabled
12:23:06.780 [main] [o.h.p.w.s.MetamodelGraphWalker] DEBUG org.hibernate.persister.walking.spi.MetamodelGraphWalker - Visiting attribute path : firstName
12:23:06.780 [main] [o.h.p.w.s.MetamodelGraphWalker] DEBUG org.hibernate.persister.walking.spi.MetamodelGraphWalker - Visiting attribute path : parties
12:23:06.780 [main] [o.h.l.p.b.i.s.QuerySpacesImpl] DEBUG org.hibernate.loader.plan.build.internal.spaces.QuerySpacesImpl - Adding QuerySpace : uid = &lt;gen:3&gt; -&gt; org.hibernate.loader.plan.build.internal.spaces.CollectionQuerySpaceImpl@7e74a380]
12:23:06.780 [main] [o.h.l.p.b.i.s.QuerySpacesImpl] DEBUG org.hibernate.loader.plan.build.internal.spaces.QuerySpacesImpl - Adding QuerySpace : uid = &lt;gen:4&gt; -&gt; org.hibernate.loader.plan.build.internal.spaces.EntityQuerySpaceImpl@6dd1c3ed]
12:23:06.780 [main] [o.h.p.w.s.MetamodelGraphWalker] DEBUG org.hibernate.persister.walking.spi.MetamodelGraphWalker - Visiting attribute path : password
12:23:06.780 [main] [o.h.p.w.s.MetamodelGraphWalker] DEBUG org.hibernate.persister.walking.spi.MetamodelGraphWalker - Visiting attribute path : roles
12:23:06.780 [main] [o.h.p.w.s.MetamodelGraphWalker] DEBUG org.hibernate.persister.walking.spi.MetamodelGraphWalker - Property path deemed to be circular : roles
12:23:06.780 [main] [o.h.p.w.s.MetamodelGraphWalker] DEBUG org.hibernate.persister.walking.spi.MetamodelGraphWalker - Visiting attribute path : secondName
12:23:06.780 [main] [o.h.p.w.s.MetamodelGraphWalker] DEBUG org.hibernate.persister.walking.spi.MetamodelGraphWalker - Visiting attribute path : username
12:23:06.780 [main] [o.h.l.p.b.i.FetchStyleLoadPlanBuildingAssociationVisitationStrategy] DEBUG org.hibernate.loader.plan.build.internal.FetchStyleLoadPlanBuildingAssociationVisitationStrategy - Building LoadPlan...
12:23:06.780 [main] [o.h.l.p.e.i.LoadQueryJoinAndFetchProcessor] DEBUG org.hibernate.loader.plan.exec.internal.LoadQueryJoinAndFetchProcessor - processing queryspace &lt;gen:0&gt;
12:23:06.780 [main] [o.h.l.p.b.s.LoadPlanTreePrinter] DEBUG org.hibernate.loader.plan.build.spi.LoadPlanTreePrinter - LoadPlan(collection=org.solent.com504.project.model.user.dto.Role.users)
    - Returns
       - CollectionReturnImpl(collection=org.solent.com504.project.model.user.dto.Role.users, querySpaceUid=&lt;gen:0&gt;, path=[org.solent.com504.project.model.user.dto.Role.users])
          - (collection element) CollectionFetchableElementEntityGraph(entity=org.solent.com504.project.model.user.dto.User, querySpaceUid=&lt;gen:1&gt;, path=[org.solent.com504.project.model.user.dto.Role.users].&lt;elements&gt;)
             - CompositeAttributeFetchImpl(composite=org.solent.com504.project.model.party.dto.Address, querySpaceUid=&lt;gen:2&gt;, path=[org.solent.com504.project.model.user.dto.Role.users].&lt;elements&gt;.address)
             - CollectionAttributeFetchImpl(collection=org.solent.com504.project.model.user.dto.User.parties, querySpaceUid=&lt;gen:3&gt;, path=[org.solent.com504.project.model.user.dto.Role.users].&lt;elements&gt;.parties)
                - (collection element) CollectionFetchableElementEntityGraph(entity=org.solent.com504.project.model.party.dto.Party, querySpaceUid=&lt;gen:4&gt;, path=[org.solent.com504.project.model.user.dto.Role.users].&lt;elements&gt;.parties.&lt;elements&gt;)
    - QuerySpaces
       - CollectionQuerySpaceImpl(uid=&lt;gen:0&gt;, collection=org.solent.com504.project.model.user.dto.Role.users)
          - SQL table alias mapping - users0_
          - alias suffix - 0_
          - suffixed key columns - {role_id2_9_0_}
          - entity-element alias suffix - 1_
          - 1_entity-element suffixed key columns - id1_7_1_
          - JOIN (JoinDefinedByMetadata(elements)) : &lt;gen:0&gt; -&gt; &lt;gen:1&gt;
             - EntityQuerySpaceImpl(uid=&lt;gen:1&gt;, entity=org.solent.com504.project.model.user.dto.User)
                - SQL table alias mapping - user1_
                - alias suffix - 1_
                - suffixed key columns - {id1_7_1_}
                - JOIN (JoinDefinedByMetadata(address)) : &lt;gen:1&gt; -&gt; &lt;gen:2&gt;
                   - CompositeQuerySpaceImpl(uid=&lt;gen:2&gt;)
                      - SQL table alias mapping - user1_

12:23:06.780 [main] [o.h.l.c.p.CollectionLoader] DEBUG org.hibernate.loader.collection.plan.CollectionLoader - Static select for collection org.solent.com504.project.model.user.dto.Role.users: select users0_.role_id as role_id2_9_0_, users0_.user_id as user_id1_9_0_, user1_.id as id1_7_1_, user1_.addressLine1 as addressL2_7_1_, user1_.addressLine2 as addressL3_7_1_, user1_.country as country4_7_1_, user1_.county as county5_7_1_, user1_.latitude as latitude6_7_1_, user1_.longitude as longitud7_7_1_, user1_.mobile as mobile8_7_1_, user1_.number as number9_7_1_, user1_.postcode as postcod10_7_1_, user1_.telephone as telepho11_7_1_, user1_.enabled as enabled12_7_1_, user1_.firstName as firstNa13_7_1_, user1_.password as passwor14_7_1_, user1_.secondName as secondN15_7_1_, user1_.username as usernam16_7_1_ from user_role users0_ inner join user user1_ on users0_.user_id=user1_.id where users0_.role_id=?
12:23:06.780 [main] [o.h.l.p.b.i.s.QuerySpacesImpl] DEBUG org.hibernate.loader.plan.build.internal.spaces.QuerySpacesImpl - Adding QuerySpace : uid = &lt;gen:0&gt; -&gt; org.hibernate.loader.plan.build.internal.spaces.CollectionQuerySpaceImpl@22a6e998]
12:23:06.780 [main] [o.h.l.p.b.i.s.QuerySpacesImpl] DEBUG org.hibernate.loader.plan.build.internal.spaces.QuerySpacesImpl - Adding QuerySpace : uid = &lt;gen:1&gt; -&gt; org.hibernate.loader.plan.build.internal.spaces.EntityQuerySpaceImpl@55e42449]
12:23:06.780 [main] [o.h.p.w.s.MetamodelGraphWalker] DEBUG org.hibernate.persister.walking.spi.MetamodelGraphWalker - Visiting attribute path : bids
12:23:06.780 [main] [o.h.l.p.b.i.s.QuerySpacesImpl] DEBUG org.hibernate.loader.plan.build.internal.spaces.QuerySpacesImpl - Adding QuerySpace : uid = &lt;gen:2&gt; -&gt; org.hibernate.loader.plan.build.internal.spaces.CollectionQuerySpaceImpl@78054f54]
12:23:06.780 [main] [o.h.l.p.b.i.s.QuerySpacesImpl] DEBUG org.hibernate.loader.plan.build.internal.spaces.QuerySpacesImpl - Adding QuerySpace : uid = &lt;gen:3&gt; -&gt; org.hibernate.loader.plan.build.internal.spaces.EntityQuerySpaceImpl@cb7fa71]
12:23:06.780 [main] [o.h.p.w.s.MetamodelGraphWalker] DEBUG org.hibernate.persister.walking.spi.MetamodelGraphWalker - Visiting attribute path : duration
12:23:06.780 [main] [o.h.p.w.s.MetamodelGraphWalker] DEBUG org.hibernate.persister.walking.spi.MetamodelGraphWalker - Visiting attribute path : grade
12:23:06.780 [main] [o.h.p.w.s.MetamodelGraphWalker] DEBUG org.hibernate.persister.walking.spi.MetamodelGraphWalker - Visiting attribute path : highestBidPrice
12:23:06.780 [main] [o.h.p.w.s.MetamodelGraphWalker] DEBUG org.hibernate.persister.walking.spi.MetamodelGraphWalker - Visiting attribute path : life_days
12:23:06.780 [main] [o.h.p.w.s.MetamodelGraphWalker] DEBUG org.hibernate.persister.walking.spi.MetamodelGraphWalker - Visiting attribute path : pickdate
12:23:06.780 [main] [o.h.p.w.s.MetamodelGraphWalker] DEBUG org.hibernate.persister.walking.spi.MetamodelGraphWalker - Visiting attribute path : quantity
12:23:06.780 [main] [o.h.p.w.s.MetamodelGraphWalker] DEBUG org.hibernate.persister.walking.spi.MetamodelGraphWalker - Visiting attribute path : reservedPrice
12:23:06.780 [main] [o.h.l.p.b.i.FetchStyleLoadPlanBuildingAssociationVisitationStrategy] DEBUG org.hibernate.loader.plan.build.internal.FetchStyleLoadPlanBuildingAssociationVisitationStrategy - Building LoadPlan...
12:23:06.780 [main] [o.h.l.p.e.i.LoadQueryJoinAndFetchProcessor] DEBUG org.hibernate.loader.plan.exec.internal.LoadQueryJoinAndFetchProcessor - processing queryspace &lt;gen:0&gt;
12:23:06.780 [main] [o.h.l.p.b.s.LoadPlanTreePrinter] DEBUG org.hibernate.loader.plan.build.spi.LoadPlanTreePrinter - LoadPlan(collection=org.solent.com504.project.model.auction.dto.Auction.lots)
    - Returns
       - CollectionReturnImpl(collection=org.solent.com504.project.model.auction.dto.Auction.lots, querySpaceUid=&lt;gen:0&gt;, path=[org.solent.com504.project.model.auction.dto.Auction.lots])
          - (collection element) CollectionFetchableElementEntityGraph(entity=org.solent.com504.project.model.lot.dto.Lot, querySpaceUid=&lt;gen:1&gt;, path=[org.solent.com504.project.model.auction.dto.Auction.lots].&lt;elements&gt;)
             - CollectionAttributeFetchImpl(collection=org.solent.com504.project.model.lot.dto.Lot.bids, querySpaceUid=&lt;gen:2&gt;, path=[org.solent.com504.project.model.auction.dto.Auction.lots].&lt;elements&gt;.bids)
                - (collection element) CollectionFetchableElementEntityGraph(entity=org.solent.com504.project.model.bid.dto.Bid, querySpaceUid=&lt;gen:3&gt;, path=[org.solent.com504.project.model.auction.dto.Auction.lots].&lt;elements&gt;.bids.&lt;elements&gt;)
    - QuerySpaces
       - CollectionQuerySpaceImpl(uid=&lt;gen:0&gt;, collection=org.solent.com504.project.model.auction.dto.Auction.lots)
          - SQL table alias mapping - lots0_
          - alias suffix - 0_
          - suffixed key columns - {Auction_1_1_0_}
          - entity-element alias suffix - 1_
          - 1_entity-element suffixed key columns - id1_3_1_
          - JOIN (JoinDefinedByMetadata(elements)) : &lt;gen:0&gt; -&gt; &lt;gen:1&gt;
             - EntityQuerySpaceImpl(uid=&lt;gen:1&gt;, entity=org.solent.com504.project.model.lot.dto.Lot)
                - SQL table alias mapping - lot1_
                - alias suffix - 1_
                - suffixed key columns - {id1_3_1_}

12:23:06.780 [main] [o.h.l.c.p.CollectionLoader] DEBUG org.hibernate.loader.collection.plan.CollectionLoader - Static select for collection org.solent.com504.project.model.auction.dto.Auction.lots: select lots0_.Auction_id as Auction_1_1_0_, lots0_.lots_id as lots_id2_1_0_, lot1_.id as id1_3_1_, lot1_.duration as duration2_3_1_, lot1_.grade as grade3_3_1_, lot1_.highestBidPrice as highestB4_3_1_, lot1_.life_days as life_day5_3_1_, lot1_.pickdate as pickdate6_3_1_, lot1_.quantity as quantity7_3_1_, lot1_.reservedPrice as reserved8_3_1_ from Auction_Lot lots0_ inner join Lot lot1_ on lots0_.lots_id=lot1_.id where lots0_.Auction_id=?
12:23:06.780 [main] [o.h.l.p.b.i.s.QuerySpacesImpl] DEBUG org.hibernate.loader.plan.build.internal.spaces.QuerySpacesImpl - Adding QuerySpace : uid = &lt;gen:0&gt; -&gt; org.hibernate.loader.plan.build.internal.spaces.CollectionQuerySpaceImpl@3dffc764]
12:23:06.780 [main] [o.h.l.p.b.i.s.QuerySpacesImpl] DEBUG org.hibernate.loader.plan.build.internal.spaces.QuerySpacesImpl - Adding QuerySpace : uid = &lt;gen:1&gt; -&gt; org.hibernate.loader.plan.build.internal.spaces.EntityQuerySpaceImpl@4b6e1c0]
12:23:06.780 [main] [o.h.p.w.s.MetamodelGraphWalker] DEBUG org.hibernate.persister.walking.spi.MetamodelGraphWalker - Visiting attribute path : address
12:23:06.780 [main] [o.h.l.p.b.i.s.QuerySpacesImpl] DEBUG org.hibernate.loader.plan.build.internal.spaces.QuerySpacesImpl - Adding QuerySpace : uid = &lt;gen:2&gt; -&gt; org.hibernate.loader.plan.build.internal.spaces.CompositeQuerySpaceImpl@26cb5207]
12:23:06.780 [main] [o.h.p.w.s.MetamodelGraphWalker] DEBUG org.hibernate.persister.walking.spi.MetamodelGraphWalker - Visiting attribute path : address.addressLine1
12:23:06.780 [main] [o.h.p.w.s.MetamodelGraphWalker] DEBUG org.hibernate.persister.walking.spi.MetamodelGraphWalker - Visiting attribute path : address.addressLine2
12:23:06.780 [main] [o.h.p.w.s.MetamodelGraphWalker] DEBUG org.hibernate.persister.walking.spi.MetamodelGraphWalker - Visiting attribute path : address.country
12:23:06.780 [main] [o.h.p.w.s.MetamodelGraphWalker] DEBUG org.hibernate.persister.walking.spi.MetamodelGraphWalker - Visiting attribute path : address.county
12:23:06.780 [main] [o.h.p.w.s.MetamodelGraphWalker] DEBUG org.hibernate.persister.walking.spi.MetamodelGraphWalker - Visiting attribute path : address.latitude
12:23:06.780 [main] [o.h.p.w.s.MetamodelGraphWalker] DEBUG org.hibernate.persister.walking.spi.MetamodelGraphWalker - Visiting attribute path : address.longitude
12:23:06.780 [main] [o.h.p.w.s.MetamodelGraphWalker] DEBUG org.hibernate.persister.walking.spi.MetamodelGraphWalker - Visiting attribute path : address.mobile
12:23:06.780 [main] [o.h.p.w.s.MetamodelGraphWalker] DEBUG org.hibernate.persister.walking.spi.MetamodelGraphWalker - Visiting attribute path : address.number
12:23:06.780 [main] [o.h.p.w.s.MetamodelGraphWalker] DEBUG org.hibernate.persister.walking.spi.MetamodelGraphWalker - Visiting attribute path : address.postcode
12:23:06.780 [main] [o.h.p.w.s.MetamodelGraphWalker] DEBUG org.hibernate.persister.walking.spi.MetamodelGraphWalker - Visiting attribute path : address.telephone
12:23:06.780 [main] [o.h.p.w.s.MetamodelGraphWalker] DEBUG org.hibernate.persister.walking.spi.MetamodelGraphWalker - Visiting attribute path : enabled
12:23:06.780 [main] [o.h.p.w.s.MetamodelGraphWalker] DEBUG org.hibernate.persister.walking.spi.MetamodelGraphWalker - Visiting attribute path : firstName
12:23:06.780 [main] [o.h.p.w.s.MetamodelGraphWalker] DEBUG org.hibernate.persister.walking.spi.MetamodelGraphWalker - Visiting attribute path : parties
12:23:06.780 [main] [o.h.p.w.s.MetamodelGraphWalker] DEBUG org.hibernate.persister.walking.spi.MetamodelGraphWalker - Property path deemed to be circular : parties
12:23:06.780 [main] [o.h.p.w.s.MetamodelGraphWalker] DEBUG org.hibernate.persister.walking.spi.MetamodelGraphWalker - Visiting attribute path : password
12:23:06.780 [main] [o.h.p.w.s.MetamodelGraphWalker] DEBUG org.hibernate.persister.walking.spi.MetamodelGraphWalker - Visiting attribute path : roles
12:23:06.780 [main] [o.h.l.p.b.i.s.QuerySpacesImpl] DEBUG org.hibernate.loader.plan.build.internal.spaces.QuerySpacesImpl - Adding QuerySpace : uid = &lt;gen:3&gt; -&gt; org.hibernate.loader.plan.build.internal.spaces.CollectionQuerySpaceImpl@18d910b3]
12:23:06.780 [main] [o.h.l.p.b.i.s.QuerySpacesImpl] DEBUG org.hibernate.loader.plan.build.internal.spaces.QuerySpacesImpl - Adding QuerySpace : uid = &lt;gen:4&gt; -&gt; org.hibernate.loader.plan.build.internal.spaces.EntityQuerySpaceImpl@1e7ab390]
12:23:06.780 [main] [o.h.p.w.s.MetamodelGraphWalker] DEBUG org.hibernate.persister.walking.spi.MetamodelGraphWalker - Visiting attribute path : secondName
12:23:06.780 [main] [o.h.p.w.s.MetamodelGraphWalker] DEBUG org.hibernate.persister.walking.spi.MetamodelGraphWalker - Visiting attribute path : username
12:23:06.780 [main] [o.h.l.p.b.i.FetchStyleLoadPlanBuildingAssociationVisitationStrategy] DEBUG org.hibernate.loader.plan.build.internal.FetchStyleLoadPlanBuildingAssociationVisitationStrategy - Building LoadPlan...
12:23:06.780 [main] [o.h.l.p.e.i.LoadQueryJoinAndFetchProcessor] DEBUG org.hibernate.loader.plan.exec.internal.LoadQueryJoinAndFetchProcessor - processing queryspace &lt;gen:0&gt;
12:23:06.780 [main] [o.h.l.p.b.s.LoadPlanTreePrinter] DEBUG org.hibernate.loader.plan.build.spi.LoadPlanTreePrinter - LoadPlan(collection=org.solent.com504.project.model.party.dto.Party.users)
    - Returns
       - CollectionReturnImpl(collection=org.solent.com504.project.model.party.dto.Party.users, querySpaceUid=&lt;gen:0&gt;, path=[org.solent.com504.project.model.party.dto.Party.users])
          - (collection element) CollectionFetchableElementEntityGraph(entity=org.solent.com504.project.model.user.dto.User, querySpaceUid=&lt;gen:1&gt;, path=[org.solent.com504.project.model.party.dto.Party.users].&lt;elements&gt;)
             - CompositeAttributeFetchImpl(composite=org.solent.com504.project.model.party.dto.Address, querySpaceUid=&lt;gen:2&gt;, path=[org.solent.com504.project.model.party.dto.Party.users].&lt;elements&gt;.address)
             - CollectionAttributeFetchImpl(collection=org.solent.com504.project.model.user.dto.User.roles, querySpaceUid=&lt;gen:3&gt;, path=[org.solent.com504.project.model.party.dto.Party.users].&lt;elements&gt;.roles)
                - (collection element) CollectionFetchableElementEntityGraph(entity=org.solent.com504.project.model.user.dto.Role, querySpaceUid=&lt;gen:4&gt;, path=[org.solent.com504.project.model.party.dto.Party.users].&lt;elements&gt;.roles.&lt;elements&gt;)
    - QuerySpaces
       - CollectionQuerySpaceImpl(uid=&lt;gen:0&gt;, collection=org.solent.com504.project.model.party.dto.Party.users)
          - SQL table alias mapping - users0_
          - alias suffix - 0_
          - suffixed key columns - {user_id1_8_0_}
          - entity-element alias suffix - 1_
          - 1_entity-element suffixed key columns - id1_7_1_
          - JOIN (JoinDefinedByMetadata(elements)) : &lt;gen:0&gt; -&gt; &lt;gen:1&gt;
             - EntityQuerySpaceImpl(uid=&lt;gen:1&gt;, entity=org.solent.com504.project.model.user.dto.User)
                - SQL table alias mapping - user1_
                - alias suffix - 1_
                - suffixed key columns - {id1_7_1_}
                - JOIN (JoinDefinedByMetadata(address)) : &lt;gen:1&gt; -&gt; &lt;gen:2&gt;
                   - CompositeQuerySpaceImpl(uid=&lt;gen:2&gt;)
                      - SQL table alias mapping - user1_

12:23:06.780 [main] [o.h.l.c.p.CollectionLoader] DEBUG org.hibernate.loader.collection.plan.CollectionLoader - Static select for collection org.solent.com504.project.model.party.dto.Party.users: select users0_.user_id as user_id1_8_0_, users0_.party_id as party_id2_8_0_, user1_.id as id1_7_1_, user1_.addressLine1 as addressL2_7_1_, user1_.addressLine2 as addressL3_7_1_, user1_.country as country4_7_1_, user1_.county as county5_7_1_, user1_.latitude as latitude6_7_1_, user1_.longitude as longitud7_7_1_, user1_.mobile as mobile8_7_1_, user1_.number as number9_7_1_, user1_.postcode as postcod10_7_1_, user1_.telephone as telepho11_7_1_, user1_.enabled as enabled12_7_1_, user1_.firstName as firstNa13_7_1_, user1_.password as passwor14_7_1_, user1_.secondName as secondN15_7_1_, user1_.username as usernam16_7_1_ from user_party users0_ inner join user user1_ on users0_.party_id=user1_.id where users0_.user_id=?
12:23:06.795 [main] [o.h.l.p.b.i.s.QuerySpacesImpl] DEBUG org.hibernate.loader.plan.build.internal.spaces.QuerySpacesImpl - Adding QuerySpace : uid = &lt;gen:0&gt; -&gt; org.hibernate.loader.plan.build.internal.spaces.CollectionQuerySpaceImpl@625d9132]
12:23:06.795 [main] [o.h.l.p.b.i.s.QuerySpacesImpl] DEBUG org.hibernate.loader.plan.build.internal.spaces.QuerySpacesImpl - Adding QuerySpace : uid = &lt;gen:1&gt; -&gt; org.hibernate.loader.plan.build.internal.spaces.EntityQuerySpaceImpl@77774571]
12:23:06.795 [main] [o.h.p.w.s.MetamodelGraphWalker] DEBUG org.hibernate.persister.walking.spi.MetamodelGraphWalker - Visiting attribute path : lot
12:23:06.795 [main] [o.h.l.p.b.i.s.QuerySpacesImpl] DEBUG org.hibernate.loader.plan.build.internal.spaces.QuerySpacesImpl - Adding QuerySpace : uid = &lt;gen:2&gt; -&gt; org.hibernate.loader.plan.build.internal.spaces.EntityQuerySpaceImpl@620c8641]
12:23:06.795 [main] [o.h.p.w.s.MetamodelGraphWalker] DEBUG org.hibernate.persister.walking.spi.MetamodelGraphWalker - Visiting attribute path : lot.bids
12:23:06.795 [main] [o.h.p.w.s.MetamodelGraphWalker] DEBUG org.hibernate.persister.walking.spi.MetamodelGraphWalker - Property path deemed to be circular : lot.bids
12:23:06.795 [main] [o.h.p.w.s.MetamodelGraphWalker] DEBUG org.hibernate.persister.walking.spi.MetamodelGraphWalker - Visiting attribute path : lot.duration
12:23:06.795 [main] [o.h.p.w.s.MetamodelGraphWalker] DEBUG org.hibernate.persister.walking.spi.MetamodelGraphWalker - Visiting attribute path : lot.grade
12:23:06.795 [main] [o.h.p.w.s.MetamodelGraphWalker] DEBUG org.hibernate.persister.walking.spi.MetamodelGraphWalker - Visiting attribute path : lot.highestBidPrice
12:23:06.795 [main] [o.h.p.w.s.MetamodelGraphWalker] DEBUG org.hibernate.persister.walking.spi.MetamodelGraphWalker - Visiting attribute path : lot.life_days
12:23:06.795 [main] [o.h.p.w.s.MetamodelGraphWalker] DEBUG org.hibernate.persister.walking.spi.MetamodelGraphWalker - Visiting attribute path : lot.pickdate
12:23:06.795 [main] [o.h.p.w.s.MetamodelGraphWalker] DEBUG org.hibernate.persister.walking.spi.MetamodelGraphWalker - Visiting attribute path : lot.quantity
12:23:06.795 [main] [o.h.p.w.s.MetamodelGraphWalker] DEBUG org.hibernate.persister.walking.spi.MetamodelGraphWalker - Visiting attribute path : lot.reservedPrice
12:23:06.795 [main] [o.h.p.w.s.MetamodelGraphWalker] DEBUG org.hibernate.persister.walking.spi.MetamodelGraphWalker - Visiting attribute path : partyId
12:23:06.795 [main] [o.h.p.w.s.MetamodelGraphWalker] DEBUG org.hibernate.persister.walking.spi.MetamodelGraphWalker - Visiting attribute path : timeStamp
12:23:06.795 [main] [o.h.p.w.s.MetamodelGraphWalker] DEBUG org.hibernate.persister.walking.spi.MetamodelGraphWalker - Visiting attribute path : value
12:23:06.795 [main] [o.h.l.p.b.i.FetchStyleLoadPlanBuildingAssociationVisitationStrategy] DEBUG org.hibernate.loader.plan.build.internal.FetchStyleLoadPlanBuildingAssociationVisitationStrategy - Building LoadPlan...
12:23:06.795 [main] [o.h.l.p.e.i.LoadQueryJoinAndFetchProcessor] DEBUG org.hibernate.loader.plan.exec.internal.LoadQueryJoinAndFetchProcessor - processing queryspace &lt;gen:0&gt;
12:23:06.795 [main] [o.h.l.p.b.s.LoadPlanTreePrinter] DEBUG org.hibernate.loader.plan.build.spi.LoadPlanTreePrinter - LoadPlan(collection=org.solent.com504.project.model.lot.dto.Lot.bids)
    - Returns
       - CollectionReturnImpl(collection=org.solent.com504.project.model.lot.dto.Lot.bids, querySpaceUid=&lt;gen:0&gt;, path=[org.solent.com504.project.model.lot.dto.Lot.bids])
          - (collection element) CollectionFetchableElementEntityGraph(entity=org.solent.com504.project.model.bid.dto.Bid, querySpaceUid=&lt;gen:1&gt;, path=[org.solent.com504.project.model.lot.dto.Lot.bids].&lt;elements&gt;)
             - EntityAttributeFetchImpl(entity=org.solent.com504.project.model.lot.dto.Lot, querySpaceUid=&lt;gen:2&gt;, path=[org.solent.com504.project.model.lot.dto.Lot.bids].&lt;elements&gt;.lot)
    - QuerySpaces
       - CollectionQuerySpaceImpl(uid=&lt;gen:0&gt;, collection=org.solent.com504.project.model.lot.dto.Lot.bids)
          - SQL table alias mapping - bids0_
          - alias suffix - 0_
          - suffixed key columns - {Lot_id1_4_0_}
          - entity-element alias suffix - 1_
          - 1_entity-element suffixed key columns - id1_2_1_
          - JOIN (JoinDefinedByMetadata(elements)) : &lt;gen:0&gt; -&gt; &lt;gen:1&gt;
             - EntityQuerySpaceImpl(uid=&lt;gen:1&gt;, entity=org.solent.com504.project.model.bid.dto.Bid)
                - SQL table alias mapping - bid1_
                - alias suffix - 1_
                - suffixed key columns - {id1_2_1_}
                - JOIN (JoinDefinedByMetadata(lot)) : &lt;gen:1&gt; -&gt; &lt;gen:2&gt;
                   - EntityQuerySpaceImpl(uid=&lt;gen:2&gt;, entity=org.solent.com504.project.model.lot.dto.Lot)
                      - SQL table alias mapping - lot2_
                      - alias suffix - 2_
                      - suffixed key columns - {id1_3_2_}

12:23:06.795 [main] [o.h.l.c.p.CollectionLoader] DEBUG org.hibernate.loader.collection.plan.CollectionLoader - Static select for collection org.solent.com504.project.model.lot.dto.Lot.bids: select bids0_.Lot_id as Lot_id1_4_0_, bids0_.bids_id as bids_id2_4_0_, bid1_.id as id1_2_1_, bid1_.lot_id as lot_id5_2_1_, bid1_.partyId as partyId2_2_1_, bid1_.timeStamp as timeStam3_2_1_, bid1_.value as value4_2_1_, lot2_.id as id1_3_2_, lot2_.duration as duration2_3_2_, lot2_.grade as grade3_3_2_, lot2_.highestBidPrice as highestB4_3_2_, lot2_.life_days as life_day5_3_2_, lot2_.pickdate as pickdate6_3_2_, lot2_.quantity as quantity7_3_2_, lot2_.reservedPrice as reserved8_3_2_ from Lot_Bid bids0_ inner join Bid bid1_ on bids0_.bids_id=bid1_.id left outer join Lot lot2_ on bid1_.lot_id=lot2_.id where bids0_.Lot_id=?
12:23:06.795 [main] [o.h.l.p.b.i.s.QuerySpacesImpl] DEBUG org.hibernate.loader.plan.build.internal.spaces.QuerySpacesImpl - Adding QuerySpace : uid = &lt;gen:0&gt; -&gt; org.hibernate.loader.plan.build.internal.spaces.CollectionQuerySpaceImpl@5460b754]
12:23:06.795 [main] [o.h.l.p.b.i.s.QuerySpacesImpl] DEBUG org.hibernate.loader.plan.build.internal.spaces.QuerySpacesImpl - Adding QuerySpace : uid = &lt;gen:1&gt; -&gt; org.hibernate.loader.plan.build.internal.spaces.EntityQuerySpaceImpl@a9f023e]
12:23:06.795 [main] [o.h.p.w.s.MetamodelGraphWalker] DEBUG org.hibernate.persister.walking.spi.MetamodelGraphWalker - Visiting attribute path : address
12:23:06.795 [main] [o.h.l.p.b.i.s.QuerySpacesImpl] DEBUG org.hibernate.loader.plan.build.internal.spaces.QuerySpacesImpl - Adding QuerySpace : uid = &lt;gen:2&gt; -&gt; org.hibernate.loader.plan.build.internal.spaces.CompositeQuerySpaceImpl@1a2bcd56]
12:23:06.795 [main] [o.h.p.w.s.MetamodelGraphWalker] DEBUG org.hibernate.persister.walking.spi.MetamodelGraphWalker - Visiting attribute path : address.addressLine1
12:23:06.795 [main] [o.h.p.w.s.MetamodelGraphWalker] DEBUG org.hibernate.persister.walking.spi.MetamodelGraphWalker - Visiting attribute path : address.addressLine2
12:23:06.795 [main] [o.h.p.w.s.MetamodelGraphWalker] DEBUG org.hibernate.persister.walking.spi.MetamodelGraphWalker - Visiting attribute path : address.country
12:23:06.795 [main] [o.h.p.w.s.MetamodelGraphWalker] DEBUG org.hibernate.persister.walking.spi.MetamodelGraphWalker - Visiting attribute path : address.county
12:23:06.795 [main] [o.h.p.w.s.MetamodelGraphWalker] DEBUG org.hibernate.persister.walking.spi.MetamodelGraphWalker - Visiting attribute path : address.latitude
12:23:06.795 [main] [o.h.p.w.s.MetamodelGraphWalker] DEBUG org.hibernate.persister.walking.spi.MetamodelGraphWalker - Visiting attribute path : address.longitude
12:23:06.795 [main] [o.h.p.w.s.MetamodelGraphWalker] DEBUG org.hibernate.persister.walking.spi.MetamodelGraphWalker - Visiting attribute path : address.mobile
12:23:06.795 [main] [o.h.p.w.s.MetamodelGraphWalker] DEBUG org.hibernate.persister.walking.spi.MetamodelGraphWalker - Visiting attribute path : address.number
12:23:06.795 [main] [o.h.p.w.s.MetamodelGraphWalker] DEBUG org.hibernate.persister.walking.spi.MetamodelGraphWalker - Visiting attribute path : address.postcode
12:23:06.795 [main] [o.h.p.w.s.MetamodelGraphWalker] DEBUG org.hibernate.persister.walking.spi.MetamodelGraphWalker - Visiting attribute path : address.telephone
12:23:06.795 [main] [o.h.p.w.s.MetamodelGraphWalker] DEBUG org.hibernate.persister.walking.spi.MetamodelGraphWalker - Visiting attribute path : enabled
12:23:06.795 [main] [o.h.p.w.s.MetamodelGraphWalker] DEBUG org.hibernate.persister.walking.spi.MetamodelGraphWalker - Visiting attribute path : firstName
12:23:06.795 [main] [o.h.p.w.s.MetamodelGraphWalker] DEBUG org.hibernate.persister.walking.spi.MetamodelGraphWalker - Visiting attribute path : partyRole
12:23:06.795 [main] [o.h.p.w.s.MetamodelGraphWalker] DEBUG org.hibernate.persister.walking.spi.MetamodelGraphWalker - Visiting attribute path : partyStatus
12:23:06.795 [main] [o.h.p.w.s.MetamodelGraphWalker] DEBUG org.hibernate.persister.walking.spi.MetamodelGraphWalker - Visiting attribute path : secondName
12:23:06.795 [main] [o.h.p.w.s.MetamodelGraphWalker] DEBUG org.hibernate.persister.walking.spi.MetamodelGraphWalker - Visiting attribute path : users
12:23:06.795 [main] [o.h.p.w.s.MetamodelGraphWalker] DEBUG org.hibernate.persister.walking.spi.MetamodelGraphWalker - Property path deemed to be circular : users
12:23:06.795 [main] [o.h.p.w.s.MetamodelGraphWalker] DEBUG org.hibernate.persister.walking.spi.MetamodelGraphWalker - Visiting attribute path : uuid
12:23:06.795 [main] [o.h.l.p.b.i.FetchStyleLoadPlanBuildingAssociationVisitationStrategy] DEBUG org.hibernate.loader.plan.build.internal.FetchStyleLoadPlanBuildingAssociationVisitationStrategy - Building LoadPlan...
12:23:06.795 [main] [o.h.l.p.e.i.LoadQueryJoinAndFetchProcessor] DEBUG org.hibernate.loader.plan.exec.internal.LoadQueryJoinAndFetchProcessor - processing queryspace &lt;gen:0&gt;
12:23:06.795 [main] [o.h.l.p.b.s.LoadPlanTreePrinter] DEBUG org.hibernate.loader.plan.build.spi.LoadPlanTreePrinter - LoadPlan(collection=org.solent.com504.project.model.user.dto.User.parties)
    - Returns
       - CollectionReturnImpl(collection=org.solent.com504.project.model.user.dto.User.parties, querySpaceUid=&lt;gen:0&gt;, path=[org.solent.com504.project.model.user.dto.User.parties])
          - (collection element) CollectionFetchableElementEntityGraph(entity=org.solent.com504.project.model.party.dto.Party, querySpaceUid=&lt;gen:1&gt;, path=[org.solent.com504.project.model.user.dto.User.parties].&lt;elements&gt;)
             - CompositeAttributeFetchImpl(composite=org.solent.com504.project.model.party.dto.Address, querySpaceUid=&lt;gen:2&gt;, path=[org.solent.com504.project.model.user.dto.User.parties].&lt;elements&gt;.address)
    - QuerySpaces
       - CollectionQuerySpaceImpl(uid=&lt;gen:0&gt;, collection=org.solent.com504.project.model.user.dto.User.parties)
          - SQL table alias mapping - parties0_
          - alias suffix - 0_
          - suffixed key columns - {party_id2_8_0_}
          - entity-element alias suffix - 1_
          - 1_entity-element suffixed key columns - id1_5_1_
          - JOIN (JoinDefinedByMetadata(elements)) : &lt;gen:0&gt; -&gt; &lt;gen:1&gt;
             - EntityQuerySpaceImpl(uid=&lt;gen:1&gt;, entity=org.solent.com504.project.model.party.dto.Party)
                - SQL table alias mapping - party1_
                - alias suffix - 1_
                - suffixed key columns - {id1_5_1_}
                - JOIN (JoinDefinedByMetadata(address)) : &lt;gen:1&gt; -&gt; &lt;gen:2&gt;
                   - CompositeQuerySpaceImpl(uid=&lt;gen:2&gt;)
                      - SQL table alias mapping - party1_

12:23:06.795 [main] [o.h.l.c.p.CollectionLoader] DEBUG org.hibernate.loader.collection.plan.CollectionLoader - Static select for collection org.solent.com504.project.model.user.dto.User.parties: select parties0_.party_id as party_id2_8_0_, parties0_.user_id as user_id1_8_0_, party1_.id as id1_5_1_, party1_.addressLine1 as addressL2_5_1_, party1_.addressLine2 as addressL3_5_1_, party1_.country as country4_5_1_, party1_.county as county5_5_1_, party1_.latitude as latitude6_5_1_, party1_.longitude as longitud7_5_1_, party1_.mobile as mobile8_5_1_, party1_.number as number9_5_1_, party1_.postcode as postcod10_5_1_, party1_.telephone as telepho11_5_1_, party1_.enabled as enabled12_5_1_, party1_.firstName as firstNa13_5_1_, party1_.partyRole as partyRo14_5_1_, party1_.partyStatus as partySt15_5_1_, party1_.secondName as secondN16_5_1_, party1_.uuid as uuid17_5_1_ from user_party parties0_ inner join Party party1_ on parties0_.user_id=party1_.id where parties0_.party_id=?
12:23:06.920 [main] [o.s.j.d.DriverManagerDataSource] DEBUG org.springframework.jdbc.datasource.DriverManagerDataSource - Creating new JDBC DriverManager Connection to [jdbc:hsqldb:file:C:\Users\3moulj69\AppData\Local\Temp\/hsqldb/productDb;shutdown=true]
12:23:07.061 [main] [o.h.SQL] DEBUG org.hibernate.SQL - create table Auction (id bigint generated by default as identity (start with 1), auctionType integer, startTime timestamp, type integer, primary key (id))
Hibernate: create table Auction (id bigint generated by default as identity (start with 1), auctionType integer, startTime timestamp, type integer, primary key (id))
12:23:07.061 [main] [o.h.SQL] DEBUG org.hibernate.SQL - create table Auction_Lot (Auction_id bigint not null, lots_id bigint not null, primary key (Auction_id, lots_id))
Hibernate: create table Auction_Lot (Auction_id bigint not null, lots_id bigint not null, primary key (Auction_id, lots_id))
12:23:07.061 [main] [o.h.SQL] DEBUG org.hibernate.SQL - create table Bid (id bigint not null, partyId bigint, timeStamp timestamp, value double, lot_id bigint, primary key (id))
Hibernate: create table Bid (id bigint not null, partyId bigint, timeStamp timestamp, value double, lot_id bigint, primary key (id))
12:23:07.061 [main] [o.h.SQL] DEBUG org.hibernate.SQL - create table Lot (id bigint not null, duration integer, grade varchar(255), highestBidPrice double, life_days integer, pickdate timestamp, quantity integer, reservedPrice double, primary key (id))
Hibernate: create table Lot (id bigint not null, duration integer, grade varchar(255), highestBidPrice double, life_days integer, pickdate timestamp, quantity integer, reservedPrice double, primary key (id))
12:23:07.061 [main] [o.h.SQL] DEBUG org.hibernate.SQL - create table Lot_Bid (Lot_id bigint not null, bids_id bigint not null)
Hibernate: create table Lot_Bid (Lot_id bigint not null, bids_id bigint not null)
12:23:07.061 [main] [o.h.SQL] DEBUG org.hibernate.SQL - create table Party (id bigint generated by default as identity (start with 1), addressLine1 varchar(255), addressLine2 varchar(255), country varchar(255), county varchar(255), latitude double, longitude double, mobile varchar(255), number varchar(255), postcode varchar(255), telephone varchar(255), enabled boolean, firstName varchar(255), partyRole integer, partyStatus integer, secondName varchar(255), uuid varchar(255), primary key (id))
Hibernate: create table Party (id bigint generated by default as identity (start with 1), addressLine1 varchar(255), addressLine2 varchar(255), country varchar(255), county varchar(255), latitude double, longitude double, mobile varchar(255), number varchar(255), postcode varchar(255), telephone varchar(255), enabled boolean, firstName varchar(255), partyRole integer, partyStatus integer, secondName varchar(255), uuid varchar(255), primary key (id))
12:23:07.061 [main] [o.h.SQL] DEBUG org.hibernate.SQL - create table role (id bigint not null, name varchar(255), primary key (id))
Hibernate: create table role (id bigint not null, name varchar(255), primary key (id))
12:23:07.061 [main] [o.h.SQL] DEBUG org.hibernate.SQL - create table user (id bigint not null, addressLine1 varchar(255), addressLine2 varchar(255), country varchar(255), county varchar(255), latitude double, longitude double, mobile varchar(255), number varchar(255), postcode varchar(255), telephone varchar(255), enabled boolean, firstName varchar(255), password varchar(255), secondName varchar(255), username varchar(255), primary key (id))
Hibernate: create table user (id bigint not null, addressLine1 varchar(255), addressLine2 varchar(255), country varchar(255), county varchar(255), latitude double, longitude double, mobile varchar(255), number varchar(255), postcode varchar(255), telephone varchar(255), enabled boolean, firstName varchar(255), password varchar(255), secondName varchar(255), username varchar(255), primary key (id))
12:23:07.061 [main] [o.h.SQL] DEBUG org.hibernate.SQL - create table user_party (user_id bigint not null, party_id bigint not null, primary key (user_id, party_id))
Hibernate: create table user_party (user_id bigint not null, party_id bigint not null, primary key (user_id, party_id))
12:23:07.061 [main] [o.h.SQL] DEBUG org.hibernate.SQL - create table user_role (user_id bigint not null, role_id bigint not null, primary key (user_id, role_id))
Hibernate: create table user_role (user_id bigint not null, role_id bigint not null, primary key (user_id, role_id))
12:23:07.077 [main] [o.h.SQL] DEBUG org.hibernate.SQL - alter table Auction_Lot drop constraint UK_coa4u7ju4h1s2v3vaxc5fxr4k
Hibernate: alter table Auction_Lot drop constraint UK_coa4u7ju4h1s2v3vaxc5fxr4k
12:23:07.077 [main] [o.h.SQL] DEBUG org.hibernate.SQL - alter table Auction_Lot add constraint UK_coa4u7ju4h1s2v3vaxc5fxr4k unique (lots_id)
Hibernate: alter table Auction_Lot add constraint UK_coa4u7ju4h1s2v3vaxc5fxr4k unique (lots_id)
12:23:07.077 [main] [o.h.SQL] DEBUG org.hibernate.SQL - alter table Lot_Bid drop constraint UK_ppfjw263md5dd2rro8d0f7qbt
Hibernate: alter table Lot_Bid drop constraint UK_ppfjw263md5dd2rro8d0f7qbt
12:23:07.077 [main] [o.h.SQL] DEBUG org.hibernate.SQL - alter table Lot_Bid add constraint UK_ppfjw263md5dd2rro8d0f7qbt unique (bids_id)
Hibernate: alter table Lot_Bid add constraint UK_ppfjw263md5dd2rro8d0f7qbt unique (bids_id)
12:23:07.077 [main] [o.h.SQL] DEBUG org.hibernate.SQL - create sequence hibernate_sequence start with 1 increment by 1
Hibernate: create sequence hibernate_sequence start with 1 increment by 1
12:23:07.077 [main] [o.h.SQL] DEBUG org.hibernate.SQL - alter table Auction_Lot add constraint FKjrlqkro6orcef016b80hm975r foreign key (lots_id) references Lot
Hibernate: alter table Auction_Lot add constraint FKjrlqkro6orcef016b80hm975r foreign key (lots_id) references Lot
12:23:07.077 [main] [o.h.SQL] DEBUG org.hibernate.SQL - alter table Auction_Lot add constraint FK3agv9h2k6pu94thhbd66pqicf foreign key (Auction_id) references Auction
Hibernate: alter table Auction_Lot add constraint FK3agv9h2k6pu94thhbd66pqicf foreign key (Auction_id) references Auction
12:23:07.092 [main] [o.h.SQL] DEBUG org.hibernate.SQL - alter table Bid add constraint FK5i53m7onir83p57twgahdp9h5 foreign key (lot_id) references Lot
Hibernate: alter table Bid add constraint FK5i53m7onir83p57twgahdp9h5 foreign key (lot_id) references Lot
12:23:07.092 [main] [o.h.SQL] DEBUG org.hibernate.SQL - alter table Lot_Bid add constraint FKd6pgeuhraxa7qgjqbbh1m0fk5 foreign key (bids_id) references Bid
Hibernate: alter table Lot_Bid add constraint FKd6pgeuhraxa7qgjqbbh1m0fk5 foreign key (bids_id) references Bid
12:23:07.092 [main] [o.h.SQL] DEBUG org.hibernate.SQL - alter table Lot_Bid add constraint FKib423ivfjemw0kfx46lu3q0xf foreign key (Lot_id) references Lot
Hibernate: alter table Lot_Bid add constraint FKib423ivfjemw0kfx46lu3q0xf foreign key (Lot_id) references Lot
12:23:07.092 [main] [o.h.SQL] DEBUG org.hibernate.SQL - alter table user_party add constraint FKj9s6s0qnompwaaon3d656ydvr foreign key (party_id) references user
Hibernate: alter table user_party add constraint FKj9s6s0qnompwaaon3d656ydvr foreign key (party_id) references user
12:23:07.092 [main] [o.h.SQL] DEBUG org.hibernate.SQL - alter table user_party add constraint FK6lq5t9k9krv5w821qqkulyp82 foreign key (user_id) references Party
Hibernate: alter table user_party add constraint FK6lq5t9k9krv5w821qqkulyp82 foreign key (user_id) references Party
12:23:07.092 [main] [o.h.SQL] DEBUG org.hibernate.SQL - alter table user_role add constraint FKa68196081fvovjhkek5m97n3y foreign key (role_id) references role
Hibernate: alter table user_role add constraint FKa68196081fvovjhkek5m97n3y foreign key (role_id) references role
12:23:07.092 [main] [o.h.SQL] DEBUG org.hibernate.SQL - alter table user_role add constraint FK859n2jvi8ivhui0rl0esws6o foreign key (user_id) references user
Hibernate: alter table user_role add constraint FK859n2jvi8ivhui0rl0esws6o foreign key (user_id) references user
12:23:07.217 [main] [o.h.e.t.j.p.i.JtaPlatformInitiator] DEBUG org.hibernate.engine.transaction.jta.platform.internal.JtaPlatformInitiator - No JtaPlatform was specified, checking resolver
12:23:07.217 [main] [o.h.e.t.j.p.i.JtaPlatformResolverInitiator] DEBUG org.hibernate.engine.transaction.jta.platform.internal.JtaPlatformResolverInitiator - No JtaPlatformResolver was specified, using default [org.hibernate.engine.transaction.jta.platform.internal.StandardJtaPlatformResolver]
12:23:07.217 [main] [o.h.e.t.j.p.i.StandardJtaPlatformResolver] DEBUG org.hibernate.engine.transaction.jta.platform.internal.StandardJtaPlatformResolver - Could not resolve JtaPlatform, using default [org.hibernate.engine.transaction.jta.platform.internal.NoJtaPlatform]
12:23:07.233 [main] [o.h.q.s.NamedQueryRepository] DEBUG org.hibernate.query.spi.NamedQueryRepository - Checking 0 named HQL queries
12:23:07.233 [main] [o.h.q.s.NamedQueryRepository] DEBUG org.hibernate.query.spi.NamedQueryRepository - Checking 0 named SQL queries
12:23:07.233 [main] [o.h.i.SessionFactoryRegistry] DEBUG org.hibernate.internal.SessionFactoryRegistry - Initializing SessionFactoryRegistry : org.hibernate.internal.SessionFactoryRegistry@6cd3ad8a
12:23:07.233 [main] [o.h.i.SessionFactoryRegistry] DEBUG org.hibernate.internal.SessionFactoryRegistry - Registering SessionFactory: 17b587d5-dcce-4c15-95bd-6aaa9fe4da21 (&lt;unnamed&gt;)
12:23:07.233 [main] [o.h.i.SessionFactoryRegistry] DEBUG org.hibernate.internal.SessionFactoryRegistry - Not binding SessionFactory to JNDI, no JNDI name configured
12:23:07.233 [main] [o.s.o.j.LocalContainerEntityManagerFactoryBean] INFO  org.springframework.orm.jpa.LocalContainerEntityManagerFactoryBean - Initialized JPA EntityManagerFactory for persistence unit &apos;default&apos;
12:23:07.233 [main] [o.s.b.f.s.DefaultListableBeanFactory] DEBUG org.springframework.beans.factory.support.DefaultListableBeanFactory - Creating shared instance of singleton bean &apos;auctionService&apos;
12:23:07.280 [main] [o.s.b.f.s.DefaultListableBeanFactory] DEBUG org.springframework.beans.factory.support.DefaultListableBeanFactory - Creating shared instance of singleton bean &apos;auctionDAOImplSpring&apos;
12:23:07.280 [main] [o.s.c.s.GenericApplicationContext] WARN  org.springframework.context.support.GenericApplicationContext - Exception encountered during context initialization - cancelling refresh attempt: org.springframework.beans.factory.UnsatisfiedDependencyException: Error creating bean with name &apos;auctionService&apos;: Unsatisfied dependency expressed through field &apos;auctionDao&apos;; nested exception is org.springframework.beans.factory.UnsatisfiedDependencyException: Error creating bean with name &apos;auctionDAOImplSpring&apos;: Unsatisfied dependency expressed through field &apos;auctionRepository&apos;; nested exception is org.springframework.beans.factory.NoSuchBeanDefinitionException: No qualifying bean of type &apos;org.solent.com504.project.impl.dao.auction.springdata.AuctionRepository&apos; available: expected at least 1 bean which qualifies as autowire candidate. Dependency annotations: {@org.springframework.beans.factory.annotation.Autowired(required=true)}
12:23:07.280 [main] [o.s.o.j.LocalContainerEntityManagerFactoryBean] INFO  org.springframework.orm.jpa.LocalContainerEntityManagerFactoryBean - Closing JPA EntityManagerFactory for persistence unit &apos;default&apos;
12:23:07.280 [main] [o.h.i.SessionFactoryImpl] DEBUG org.hibernate.internal.SessionFactoryImpl - HHH000031: Closing
12:23:07.280 [main] [o.h.e.s.CascadeStyles] DEBUG org.hibernate.engine.spi.CascadeStyles - External cascade style registration [persist : STYLE_PERSIST] overrode base registration [STYLE_PERSIST_SKIPLAZY]
12:23:07.280 [main] [o.h.s.i.AbstractServiceRegistryImpl] DEBUG org.hibernate.service.internal.AbstractServiceRegistryImpl - Implicitly destroying ServiceRegistry on de-registration of all child ServiceRegistries
12:23:07.280 [main] [o.h.b.r.i.BootstrapServiceRegistryImpl] DEBUG org.hibernate.boot.registry.internal.BootstrapServiceRegistryImpl - Implicitly destroying Boot-strap registry on de-registration of all child ServiceRegistries
12:23:07.280 [main] [o.s.t.c.TestContextManager] ERROR org.springframework.test.context.TestContextManager - Caught exception while allowing TestExecutionListener [org.springframework.test.context.support.DependencyInjectionTestExecutionListener@40a4337a] to prepare test instance [org.solent.com504.project.impl.service.test.ServiceFacadeJpaTest@179ece50]
java.lang.IllegalStateException: Failed to load ApplicationContext
	at org.springframework.test.context.cache.DefaultCacheAwareContextLoaderDelegate.loadContext(DefaultCacheAwareContextLoaderDelegate.java:132) ~[spring-test-5.2.3.RELEASE.jar:5.2.3.RELEASE]
	at org.springframework.test.context.support.DefaultTestContext.getApplicationContext(DefaultTestContext.java:123) ~[spring-test-5.2.3.RELEASE.jar:5.2.3.RELEASE]
	at org.springframework.test.context.support.DependencyInjectionTestExecutionListener.injectDependencies(DependencyInjectionTestExecutionListener.java:118) ~[spring-test-5.2.3.RELEASE.jar:5.2.3.RELEASE]
	at org.springframework.test.context.support.DependencyInjectionTestExecutionListener.prepareTestInstance(DependencyInjectionTestExecutionListener.java:83) ~[spring-test-5.2.3.RELEASE.jar:5.2.3.RELEASE]
	at org.springframework.test.context.TestContextManager.prepareTestInstance(TestContextManager.java:244) [spring-test-5.2.3.RELEASE.jar:5.2.3.RELEASE]
	at org.springframework.test.context.junit4.SpringJUnit4ClassRunner.createTest(SpringJUnit4ClassRunner.java:227) [spring-test-5.2.3.RELEASE.jar:5.2.3.RELEASE]
	at org.springframework.test.context.junit4.SpringJUnit4ClassRunner$1.runReflectiveCall(SpringJUnit4ClassRunner.java:289) [spring-test-5.2.3.RELEASE.jar:5.2.3.RELEASE]
	at org.junit.internal.runners.model.ReflectiveCallable.run(ReflectiveCallable.java:12) [junit-4.12.jar:4.12]
	at org.springframework.test.context.junit4.SpringJUnit4ClassRunner.methodBlock(SpringJUnit4ClassRunner.java:291) [spring-test-5.2.3.RELEASE.jar:5.2.3.RELEASE]
	at org.springframework.test.context.junit4.SpringJUnit4ClassRunner.runChild(SpringJUnit4ClassRunner.java:246) [spring-test-5.2.3.RELEASE.jar:5.2.3.RELEASE]
	at org.springframework.test.context.junit4.SpringJUnit4ClassRunner.runChild(SpringJUnit4ClassRunner.java:97) [spring-test-5.2.3.RELEASE.jar:5.2.3.RELEASE]
	at org.junit.runners.ParentRunner$3.run(ParentRunner.java:290) [junit-4.12.jar:4.12]
	at org.junit.runners.ParentRunner$1.schedule(ParentRunner.java:71) [junit-4.12.jar:4.12]
	at org.junit.runners.ParentRunner.runChildren(ParentRunner.java:288) [junit-4.12.jar:4.12]
	at org.junit.runners.ParentRunner.access$000(ParentRunner.java:58) [junit-4.12.jar:4.12]
	at org.junit.runners.ParentRunner$2.evaluate(ParentRunner.java:268) [junit-4.12.jar:4.12]
	at org.springframework.test.context.junit4.statements.RunBeforeTestClassCallbacks.evaluate(RunBeforeTestClassCallbacks.java:61) [spring-test-5.2.3.RELEASE.jar:5.2.3.RELEASE]
	at org.springframework.test.context.junit4.statements.RunAfterTestClassCallbacks.evaluate(RunAfterTestClassCallbacks.java:70) [spring-test-5.2.3.RELEASE.jar:5.2.3.RELEASE]
	at org.junit.runners.ParentRunner.run(ParentRunner.java:363) [junit-4.12.jar:4.12]
	at org.springframework.test.context.junit4.SpringJUnit4ClassRunner.run(SpringJUnit4ClassRunner.java:190) [spring-test-5.2.3.RELEASE.jar:5.2.3.RELEASE]
	at org.apache.maven.surefire.junit4.JUnit4Provider.execute(JUnit4Provider.java:252) [surefire-junit4-2.12.4.jar:2.12.4]
	at org.apache.maven.surefire.junit4.JUnit4Provider.executeTestSet(JUnit4Provider.java:141) [surefire-junit4-2.12.4.jar:2.12.4]
	at org.apache.maven.surefire.junit4.JUnit4Provider.invoke(JUnit4Provider.java:112) [surefire-junit4-2.12.4.jar:2.12.4]
	at sun.reflect.NativeMethodAccessorImpl.invoke0(Native Method) ~[?:1.8.0_202]
	at sun.reflect.NativeMethodAccessorImpl.invoke(NativeMethodAccessorImpl.java:62) ~[?:1.8.0_202]
	at sun.reflect.DelegatingMethodAccessorImpl.invoke(DelegatingMethodAccessorImpl.java:43) ~[?:1.8.0_202]
	at java.lang.reflect.Method.invoke(Method.java:498) ~[?:1.8.0_202]
	at org.apache.maven.surefire.util.ReflectionUtils.invokeMethodWithArray(ReflectionUtils.java:189) [surefire-api-2.12.4.jar:2.12.4]
	at org.apache.maven.surefire.booter.ProviderFactory$ProviderProxy.invoke(ProviderFactory.java:165) [surefire-booter-2.12.4.jar:2.12.4]
	at org.apache.maven.surefire.booter.ProviderFactory.invokeProvider(ProviderFactory.java:85) [surefire-booter-2.12.4.jar:2.12.4]
	at org.apache.maven.surefire.booter.ForkedBooter.runSuitesInProcess(ForkedBooter.java:115) [surefire-booter-2.12.4.jar:2.12.4]
	at org.apache.maven.surefire.booter.ForkedBooter.main(ForkedBooter.java:75) [surefire-booter-2.12.4.jar:2.12.4]
Caused by: org.springframework.beans.factory.UnsatisfiedDependencyException: Error creating bean with name &apos;auctionService&apos;: Unsatisfied dependency expressed through field &apos;auctionDao&apos;; nested exception is org.springframework.beans.factory.UnsatisfiedDependencyException: Error creating bean with name &apos;auctionDAOImplSpring&apos;: Unsatisfied dependency expressed through field &apos;auctionRepository&apos;; nested exception is org.springframework.beans.factory.NoSuchBeanDefinitionException: No qualifying bean of type &apos;org.solent.com504.project.impl.dao.auction.springdata.AuctionRepository&apos; available: expected at least 1 bean which qualifies as autowire candidate. Dependency annotations: {@org.springframework.beans.factory.annotation.Autowired(required=true)}
	at org.springframework.beans.factory.annotation.AutowiredAnnotationBeanPostProcessor$AutowiredFieldElement.inject(AutowiredAnnotationBeanPostProcessor.java:639) ~[spring-beans-5.2.1.RELEASE.jar:5.2.1.RELEASE]
	at org.springframework.beans.factory.annotation.InjectionMetadata.inject(InjectionMetadata.java:116) ~[spring-beans-5.2.1.RELEASE.jar:5.2.1.RELEASE]
	at org.springframework.beans.factory.annotation.AutowiredAnnotationBeanPostProcessor.postProcessProperties(AutowiredAnnotationBeanPostProcessor.java:397) ~[spring-beans-5.2.1.RELEASE.jar:5.2.1.RELEASE]
	at org.springframework.beans.factory.support.AbstractAutowireCapableBeanFactory.populateBean(AbstractAutowireCapableBeanFactory.java:1429) ~[spring-beans-5.2.1.RELEASE.jar:5.2.1.RELEASE]
	at org.springframework.beans.factory.support.AbstractAutowireCapableBeanFactory.doCreateBean(AbstractAutowireCapableBeanFactory.java:594) ~[spring-beans-5.2.1.RELEASE.jar:5.2.1.RELEASE]
	at org.springframework.beans.factory.support.AbstractAutowireCapableBeanFactory.createBean(AbstractAutowireCapableBeanFactory.java:517) ~[spring-beans-5.2.1.RELEASE.jar:5.2.1.RELEASE]
	at org.springframework.beans.factory.support.AbstractBeanFactory.lambda$doGetBean$0(AbstractBeanFactory.java:323) ~[spring-beans-5.2.1.RELEASE.jar:5.2.1.RELEASE]
	at org.springframework.beans.factory.support.DefaultSingletonBeanRegistry.getSingleton(DefaultSingletonBeanRegistry.java:222) ~[spring-beans-5.2.1.RELEASE.jar:5.2.1.RELEASE]
	at org.springframework.beans.factory.support.AbstractBeanFactory.doGetBean(AbstractBeanFactory.java:321) ~[spring-beans-5.2.1.RELEASE.jar:5.2.1.RELEASE]
	at org.springframework.beans.factory.support.AbstractBeanFactory.getBean(AbstractBeanFactory.java:202) ~[spring-beans-5.2.1.RELEASE.jar:5.2.1.RELEASE]
	at org.springframework.beans.factory.support.DefaultListableBeanFactory.preInstantiateSingletons(DefaultListableBeanFactory.java:879) ~[spring-beans-5.2.1.RELEASE.jar:5.2.1.RELEASE]
	at org.springframework.context.support.AbstractApplicationContext.finishBeanFactoryInitialization(AbstractApplicationContext.java:878) ~[spring-context-5.2.3.RELEASE.jar:5.2.3.RELEASE]
	at org.springframework.context.support.AbstractApplicationContext.refresh(AbstractApplicationContext.java:550) ~[spring-context-5.2.3.RELEASE.jar:5.2.3.RELEASE]
	at org.springframework.test.context.support.AbstractGenericContextLoader.loadContext(AbstractGenericContextLoader.java:128) ~[spring-test-5.2.3.RELEASE.jar:5.2.3.RELEASE]
	at org.springframework.test.context.support.AbstractGenericContextLoader.loadContext(AbstractGenericContextLoader.java:60) ~[spring-test-5.2.3.RELEASE.jar:5.2.3.RELEASE]
	at org.springframework.test.context.support.AbstractDelegatingSmartContextLoader.delegateLoading(AbstractDelegatingSmartContextLoader.java:275) ~[spring-test-5.2.3.RELEASE.jar:5.2.3.RELEASE]
	at org.springframework.test.context.support.AbstractDelegatingSmartContextLoader.loadContext(AbstractDelegatingSmartContextLoader.java:243) ~[spring-test-5.2.3.RELEASE.jar:5.2.3.RELEASE]
	at org.springframework.test.context.cache.DefaultCacheAwareContextLoaderDelegate.loadContextInternal(DefaultCacheAwareContextLoaderDelegate.java:99) ~[spring-test-5.2.3.RELEASE.jar:5.2.3.RELEASE]
	at org.springframework.test.context.cache.DefaultCacheAwareContextLoaderDelegate.loadContext(DefaultCacheAwareContextLoaderDelegate.java:124) ~[spring-test-5.2.3.RELEASE.jar:5.2.3.RELEASE]
	... 31 more
Caused by: org.springframework.beans.factory.UnsatisfiedDependencyException: Error creating bean with name &apos;auctionDAOImplSpring&apos;: Unsatisfied dependency expressed through field &apos;auctionRepository&apos;; nested exception is org.springframework.beans.factory.NoSuchBeanDefinitionException: No qualifying bean of type &apos;org.solent.com504.project.impl.dao.auction.springdata.AuctionRepository&apos; available: expected at least 1 bean which qualifies as autowire candidate. Dependency annotations: {@org.springframework.beans.factory.annotation.Autowired(required=true)}
	at org.springframework.beans.factory.annotation.AutowiredAnnotationBeanPostProcessor$AutowiredFieldElement.inject(AutowiredAnnotationBeanPostProcessor.java:639) ~[spring-beans-5.2.1.RELEASE.jar:5.2.1.RELEASE]
	at org.springframework.beans.factory.annotation.InjectionMetadata.inject(InjectionMetadata.java:116) ~[spring-beans-5.2.1.RELEASE.jar:5.2.1.RELEASE]
	at org.springframework.beans.factory.annotation.AutowiredAnnotationBeanPostProcessor.postProcessProperties(AutowiredAnnotationBeanPostProcessor.java:397) ~[spring-beans-5.2.1.RELEASE.jar:5.2.1.RELEASE]
	at org.springframework.beans.factory.support.AbstractAutowireCapableBeanFactory.populateBean(AbstractAutowireCapableBeanFactory.java:1429) ~[spring-beans-5.2.1.RELEASE.jar:5.2.1.RELEASE]
	at org.springframework.beans.factory.support.AbstractAutowireCapableBeanFactory.doCreateBean(AbstractAutowireCapableBeanFactory.java:594) ~[spring-beans-5.2.1.RELEASE.jar:5.2.1.RELEASE]
	at org.springframework.beans.factory.support.AbstractAutowireCapableBeanFactory.createBean(AbstractAutowireCapableBeanFactory.java:517) ~[spring-beans-5.2.1.RELEASE.jar:5.2.1.RELEASE]
	at org.springframework.beans.factory.support.AbstractBeanFactory.lambda$doGetBean$0(AbstractBeanFactory.java:323) ~[spring-beans-5.2.1.RELEASE.jar:5.2.1.RELEASE]
	at org.springframework.beans.factory.support.DefaultSingletonBeanRegistry.getSingleton(DefaultSingletonBeanRegistry.java:222) ~[spring-beans-5.2.1.RELEASE.jar:5.2.1.RELEASE]
	at org.springframework.beans.factory.support.AbstractBeanFactory.doGetBean(AbstractBeanFactory.java:321) ~[spring-beans-5.2.1.RELEASE.jar:5.2.1.RELEASE]
	at org.springframework.beans.factory.support.AbstractBeanFactory.getBean(AbstractBeanFactory.java:202) ~[spring-beans-5.2.1.RELEASE.jar:5.2.1.RELEASE]
	at org.springframework.beans.factory.config.DependencyDescriptor.resolveCandidate(DependencyDescriptor.java:276) ~[spring-beans-5.2.1.RELEASE.jar:5.2.1.RELEASE]
	at org.springframework.beans.factory.support.DefaultListableBeanFactory.doResolveDependency(DefaultListableBeanFactory.java:1287) ~[spring-beans-5.2.1.RELEASE.jar:5.2.1.RELEASE]
	at org.springframework.beans.factory.support.DefaultListableBeanFactory.resolveDependency(DefaultListableBeanFactory.java:1207) ~[spring-beans-5.2.1.RELEASE.jar:5.2.1.RELEASE]
	at org.springframework.beans.factory.annotation.AutowiredAnnotationBeanPostProcessor$AutowiredFieldElement.inject(AutowiredAnnotationBeanPostProcessor.java:636) ~[spring-beans-5.2.1.RELEASE.jar:5.2.1.RELEASE]
	at org.springframework.beans.factory.annotation.InjectionMetadata.inject(InjectionMetadata.java:116) ~[spring-beans-5.2.1.RELEASE.jar:5.2.1.RELEASE]
	at org.springframework.beans.factory.annotation.AutowiredAnnotationBeanPostProcessor.postProcessProperties(AutowiredAnnotationBeanPostProcessor.java:397) ~[spring-beans-5.2.1.RELEASE.jar:5.2.1.RELEASE]
	at org.springframework.beans.factory.support.AbstractAutowireCapableBeanFactory.populateBean(AbstractAutowireCapableBeanFactory.java:1429) ~[spring-beans-5.2.1.RELEASE.jar:5.2.1.RELEASE]
	at org.springframework.beans.factory.support.AbstractAutowireCapableBeanFactory.doCreateBean(AbstractAutowireCapableBeanFactory.java:594) ~[spring-beans-5.2.1.RELEASE.jar:5.2.1.RELEASE]
	at org.springframework.beans.factory.support.AbstractAutowireCapableBeanFactory.createBean(AbstractAutowireCapableBeanFactory.java:517) ~[spring-beans-5.2.1.RELEASE.jar:5.2.1.RELEASE]
	at org.springframework.beans.factory.support.AbstractBeanFactory.lambda$doGetBean$0(AbstractBeanFactory.java:323) ~[spring-beans-5.2.1.RELEASE.jar:5.2.1.RELEASE]
	at org.springframework.beans.factory.support.DefaultSingletonBeanRegistry.getSingleton(DefaultSingletonBeanRegistry.java:222) ~[spring-beans-5.2.1.RELEASE.jar:5.2.1.RELEASE]
	at org.springframework.beans.factory.support.AbstractBeanFactory.doGetBean(AbstractBeanFactory.java:321) ~[spring-beans-5.2.1.RELEASE.jar:5.2.1.RELEASE]
	at org.springframework.beans.factory.support.AbstractBeanFactory.getBean(AbstractBeanFactory.java:202) ~[spring-beans-5.2.1.RELEASE.jar:5.2.1.RELEASE]
	at org.springframework.beans.factory.support.DefaultListableBeanFactory.preInstantiateSingletons(DefaultListableBeanFactory.java:879) ~[spring-beans-5.2.1.RELEASE.jar:5.2.1.RELEASE]
	at org.springframework.context.support.AbstractApplicationContext.finishBeanFactoryInitialization(AbstractApplicationContext.java:878) ~[spring-context-5.2.3.RELEASE.jar:5.2.3.RELEASE]
	at org.springframework.context.support.AbstractApplicationContext.refresh(AbstractApplicationContext.java:550) ~[spring-context-5.2.3.RELEASE.jar:5.2.3.RELEASE]
	at org.springframework.test.context.support.AbstractGenericContextLoader.loadContext(AbstractGenericContextLoader.java:128) ~[spring-test-5.2.3.RELEASE.jar:5.2.3.RELEASE]
	at org.springframework.test.context.support.AbstractGenericContextLoader.loadContext(AbstractGenericContextLoader.java:60) ~[spring-test-5.2.3.RELEASE.jar:5.2.3.RELEASE]
	at org.springframework.test.context.support.AbstractDelegatingSmartContextLoader.delegateLoading(AbstractDelegatingSmartContextLoader.java:275) ~[spring-test-5.2.3.RELEASE.jar:5.2.3.RELEASE]
	at org.springframework.test.context.support.AbstractDelegatingSmartContextLoader.loadContext(AbstractDelegatingSmartContextLoader.java:243) ~[spring-test-5.2.3.RELEASE.jar:5.2.3.RELEASE]
	at org.springframework.test.context.cache.DefaultCacheAwareContextLoaderDelegate.loadContextInternal(DefaultCacheAwareContextLoaderDelegate.java:99) ~[spring-test-5.2.3.RELEASE.jar:5.2.3.RELEASE]
	at org.springframework.test.context.cache.DefaultCacheAwareContextLoaderDelegate.loadContext(DefaultCacheAwareContextLoaderDelegate.java:124) ~[spring-test-5.2.3.RELEASE.jar:5.2.3.RELEASE]
	... 31 more
Caused by: org.springframework.beans.factory.NoSuchBeanDefinitionException: No qualifying bean of type &apos;org.solent.com504.project.impl.dao.auction.springdata.AuctionRepository&apos; available: expected at least 1 bean which qualifies as autowire candidate. Dependency annotations: {@org.springframework.beans.factory.annotation.Autowired(required=true)}
	at org.springframework.beans.factory.support.DefaultListableBeanFactory.raiseNoMatchingBeanFound(DefaultListableBeanFactory.java:1695) ~[spring-beans-5.2.1.RELEASE.jar:5.2.1.RELEASE]
	at org.springframework.beans.factory.support.DefaultListableBeanFactory.doResolveDependency(DefaultListableBeanFactory.java:1253) ~[spring-beans-5.2.1.RELEASE.jar:5.2.1.RELEASE]
	at org.springframework.beans.factory.support.DefaultListableBeanFactory.resolveDependency(DefaultListableBeanFactory.java:1207) ~[spring-beans-5.2.1.RELEASE.jar:5.2.1.RELEASE]
	at org.springframework.beans.factory.annotation.AutowiredAnnotationBeanPostProcessor$AutowiredFieldElement.inject(AutowiredAnnotationBeanPostProcessor.java:636) ~[spring-beans-5.2.1.RELEASE.jar:5.2.1.RELEASE]
	at org.springframework.beans.factory.annotation.InjectionMetadata.inject(InjectionMetadata.java:116) ~[spring-beans-5.2.1.RELEASE.jar:5.2.1.RELEASE]
	at org.springframework.beans.factory.annotation.AutowiredAnnotationBeanPostProcessor.postProcessProperties(AutowiredAnnotationBeanPostProcessor.java:397) ~[spring-beans-5.2.1.RELEASE.jar:5.2.1.RELEASE]
	at org.springframework.beans.factory.support.AbstractAutowireCapableBeanFactory.populateBean(AbstractAutowireCapableBeanFactory.java:1429) ~[spring-beans-5.2.1.RELEASE.jar:5.2.1.RELEASE]
	at org.springframework.beans.factory.support.AbstractAutowireCapableBeanFactory.doCreateBean(AbstractAutowireCapableBeanFactory.java:594) ~[spring-beans-5.2.1.RELEASE.jar:5.2.1.RELEASE]
	at org.springframework.beans.factory.support.AbstractAutowireCapableBeanFactory.createBean(AbstractAutowireCapableBeanFactory.java:517) ~[spring-beans-5.2.1.RELEASE.jar:5.2.1.RELEASE]
	at org.springframework.beans.factory.support.AbstractBeanFactory.lambda$doGetBean$0(AbstractBeanFactory.java:323) ~[spring-beans-5.2.1.RELEASE.jar:5.2.1.RELEASE]
	at org.springframework.beans.factory.support.DefaultSingletonBeanRegistry.getSingleton(DefaultSingletonBeanRegistry.java:222) ~[spring-beans-5.2.1.RELEASE.jar:5.2.1.RELEASE]
	at org.springframework.beans.factory.support.AbstractBeanFactory.doGetBean(AbstractBeanFactory.java:321) ~[spring-beans-5.2.1.RELEASE.jar:5.2.1.RELEASE]
	at org.springframework.beans.factory.support.AbstractBeanFactory.getBean(AbstractBeanFactory.java:202) ~[spring-beans-5.2.1.RELEASE.jar:5.2.1.RELEASE]
	at org.springframework.beans.factory.config.DependencyDescriptor.resolveCandidate(DependencyDescriptor.java:276) ~[spring-beans-5.2.1.RELEASE.jar:5.2.1.RELEASE]
	at org.springframework.beans.factory.support.DefaultListableBeanFactory.doResolveDependency(DefaultListableBeanFactory.java:1287) ~[spring-beans-5.2.1.RELEASE.jar:5.2.1.RELEASE]
	at org.springframework.beans.factory.support.DefaultListableBeanFactory.resolveDependency(DefaultListableBeanFactory.java:1207) ~[spring-beans-5.2.1.RELEASE.jar:5.2.1.RELEASE]
	at org.springframework.beans.factory.annotation.AutowiredAnnotationBeanPostProcessor$AutowiredFieldElement.inject(AutowiredAnnotationBeanPostProcessor.java:636) ~[spring-beans-5.2.1.RELEASE.jar:5.2.1.RELEASE]
	at org.springframework.beans.factory.annotation.InjectionMetadata.inject(InjectionMetadata.java:116) ~[spring-beans-5.2.1.RELEASE.jar:5.2.1.RELEASE]
	at org.springframework.beans.factory.annotation.AutowiredAnnotationBeanPostProcessor.postProcessProperties(AutowiredAnnotationBeanPostProcessor.java:397) ~[spring-beans-5.2.1.RELEASE.jar:5.2.1.RELEASE]
	at org.springframework.beans.factory.support.AbstractAutowireCapableBeanFactory.populateBean(AbstractAutowireCapableBeanFactory.java:1429) ~[spring-beans-5.2.1.RELEASE.jar:5.2.1.RELEASE]
	at org.springframework.beans.factory.support.AbstractAutowireCapableBeanFactory.doCreateBean(AbstractAutowireCapableBeanFactory.java:594) ~[spring-beans-5.2.1.RELEASE.jar:5.2.1.RELEASE]
	at org.springframework.beans.factory.support.AbstractAutowireCapableBeanFactory.createBean(AbstractAutowireCapableBeanFactory.java:517) ~[spring-beans-5.2.1.RELEASE.jar:5.2.1.RELEASE]
	at org.springframework.beans.factory.support.AbstractBeanFactory.lambda$doGetBean$0(AbstractBeanFactory.java:323) ~[spring-beans-5.2.1.RELEASE.jar:5.2.1.RELEASE]
	at org.springframework.beans.factory.support.DefaultSingletonBeanRegistry.getSingleton(DefaultSingletonBeanRegistry.java:222) ~[spring-beans-5.2.1.RELEASE.jar:5.2.1.RELEASE]
	at org.springframework.beans.factory.support.AbstractBeanFactory.doGetBean(AbstractBeanFactory.java:321) ~[spring-beans-5.2.1.RELEASE.jar:5.2.1.RELEASE]
	at org.springframework.beans.factory.support.AbstractBeanFactory.getBean(AbstractBeanFactory.java:202) ~[spring-beans-5.2.1.RELEASE.jar:5.2.1.RELEASE]
	at org.springframework.beans.factory.support.DefaultListableBeanFactory.preInstantiateSingletons(DefaultListableBeanFactory.java:879) ~[spring-beans-5.2.1.RELEASE.jar:5.2.1.RELEASE]
	at org.springframework.context.support.AbstractApplicationContext.finishBeanFactoryInitialization(AbstractApplicationContext.java:878) ~[spring-context-5.2.3.RELEASE.jar:5.2.3.RELEASE]
	at org.springframework.context.support.AbstractApplicationContext.refresh(AbstractApplicationContext.java:550) ~[spring-context-5.2.3.RELEASE.jar:5.2.3.RELEASE]
	at org.springframework.test.context.support.AbstractGenericContextLoader.loadContext(AbstractGenericContextLoader.java:128) ~[spring-test-5.2.3.RELEASE.jar:5.2.3.RELEASE]
	at org.springframework.test.context.support.AbstractGenericContextLoader.loadContext(AbstractGenericContextLoader.java:60) ~[spring-test-5.2.3.RELEASE.jar:5.2.3.RELEASE]
	at org.springframework.test.context.support.AbstractDelegatingSmartContextLoader.delegateLoading(AbstractDelegatingSmartContextLoader.java:275) ~[spring-test-5.2.3.RELEASE.jar:5.2.3.RELEASE]
	at org.springframework.test.context.support.AbstractDelegatingSmartContextLoader.loadContext(AbstractDelegatingSmartContextLoader.java:243) ~[spring-test-5.2.3.RELEASE.jar:5.2.3.RELEASE]
	at org.springframework.test.context.cache.DefaultCacheAwareContextLoaderDelegate.loadContextInternal(DefaultCacheAwareContextLoaderDelegate.java:99) ~[spring-test-5.2.3.RELEASE.jar:5.2.3.RELEASE]
	at org.springframework.test.context.cache.DefaultCacheAwareContextLoaderDelegate.loadContext(DefaultCacheAwareContextLoaderDelegate.java:124) ~[spring-test-5.2.3.RELEASE.jar:5.2.3.RELEASE]
	... 31 more
</system-out>
  </testcase>
  <testcase classname="org.solent.com504.project.impl.service.test.ServiceFacadeJpaTest" name="testGetAllByPartyRole" time="0">
    <error message="Failed to load ApplicationContext" type="java.lang.IllegalStateException">java.lang.IllegalStateException: Failed to load ApplicationContext
	at org.springframework.test.context.cache.DefaultCacheAwareContextLoaderDelegate.loadContext(DefaultCacheAwareContextLoaderDelegate.java:132)
	at org.springframework.test.context.support.DefaultTestContext.getApplicationContext(DefaultTestContext.java:123)
	at org.springframework.test.context.support.DependencyInjectionTestExecutionListener.injectDependencies(DependencyInjectionTestExecutionListener.java:118)
	at org.springframework.test.context.support.DependencyInjectionTestExecutionListener.prepareTestInstance(DependencyInjectionTestExecutionListener.java:83)
	at org.springframework.test.context.TestContextManager.prepareTestInstance(TestContextManager.java:244)
	at org.springframework.test.context.junit4.SpringJUnit4ClassRunner.createTest(SpringJUnit4ClassRunner.java:227)
	at org.springframework.test.context.junit4.SpringJUnit4ClassRunner$1.runReflectiveCall(SpringJUnit4ClassRunner.java:289)
	at org.junit.internal.runners.model.ReflectiveCallable.run(ReflectiveCallable.java:12)
	at org.springframework.test.context.junit4.SpringJUnit4ClassRunner.methodBlock(SpringJUnit4ClassRunner.java:291)
	at org.springframework.test.context.junit4.SpringJUnit4ClassRunner.runChild(SpringJUnit4ClassRunner.java:246)
	at org.springframework.test.context.junit4.SpringJUnit4ClassRunner.runChild(SpringJUnit4ClassRunner.java:97)
	at org.junit.runners.ParentRunner$3.run(ParentRunner.java:290)
	at org.junit.runners.ParentRunner$1.schedule(ParentRunner.java:71)
	at org.junit.runners.ParentRunner.runChildren(ParentRunner.java:288)
	at org.junit.runners.ParentRunner.access$000(ParentRunner.java:58)
	at org.junit.runners.ParentRunner$2.evaluate(ParentRunner.java:268)
	at org.springframework.test.context.junit4.statements.RunBeforeTestClassCallbacks.evaluate(RunBeforeTestClassCallbacks.java:61)
	at org.springframework.test.context.junit4.statements.RunAfterTestClassCallbacks.evaluate(RunAfterTestClassCallbacks.java:70)
	at org.junit.runners.ParentRunner.run(ParentRunner.java:363)
	at org.springframework.test.context.junit4.SpringJUnit4ClassRunner.run(SpringJUnit4ClassRunner.java:190)
	at org.apache.maven.surefire.junit4.JUnit4Provider.execute(JUnit4Provider.java:252)
	at org.apache.maven.surefire.junit4.JUnit4Provider.executeTestSet(JUnit4Provider.java:141)
	at org.apache.maven.surefire.junit4.JUnit4Provider.invoke(JUnit4Provider.java:112)
	at sun.reflect.NativeMethodAccessorImpl.invoke0(Native Method)
	at sun.reflect.NativeMethodAccessorImpl.invoke(NativeMethodAccessorImpl.java:62)
	at sun.reflect.DelegatingMethodAccessorImpl.invoke(DelegatingMethodAccessorImpl.java:43)
	at java.lang.reflect.Method.invoke(Method.java:498)
	at org.apache.maven.surefire.util.ReflectionUtils.invokeMethodWithArray(ReflectionUtils.java:189)
	at org.apache.maven.surefire.booter.ProviderFactory$ProviderProxy.invoke(ProviderFactory.java:165)
	at org.apache.maven.surefire.booter.ProviderFactory.invokeProvider(ProviderFactory.java:85)
	at org.apache.maven.surefire.booter.ForkedBooter.runSuitesInProcess(ForkedBooter.java:115)
	at org.apache.maven.surefire.booter.ForkedBooter.main(ForkedBooter.java:75)
Caused by: org.springframework.beans.factory.UnsatisfiedDependencyException: Error creating bean with name &apos;auctionService&apos;: Unsatisfied dependency expressed through field &apos;auctionDao&apos;; nested exception is org.springframework.beans.factory.UnsatisfiedDependencyException: Error creating bean with name &apos;auctionDAOImplSpring&apos;: Unsatisfied dependency expressed through field &apos;auctionRepository&apos;; nested exception is org.springframework.beans.factory.NoSuchBeanDefinitionException: No qualifying bean of type &apos;org.solent.com504.project.impl.dao.auction.springdata.AuctionRepository&apos; available: expected at least 1 bean which qualifies as autowire candidate. Dependency annotations: {@org.springframework.beans.factory.annotation.Autowired(required=true)}
	at org.springframework.beans.factory.annotation.AutowiredAnnotationBeanPostProcessor$AutowiredFieldElement.inject(AutowiredAnnotationBeanPostProcessor.java:639)
	at org.springframework.beans.factory.annotation.InjectionMetadata.inject(InjectionMetadata.java:116)
	at org.springframework.beans.factory.annotation.AutowiredAnnotationBeanPostProcessor.postProcessProperties(AutowiredAnnotationBeanPostProcessor.java:397)
	at org.springframework.beans.factory.support.AbstractAutowireCapableBeanFactory.populateBean(AbstractAutowireCapableBeanFactory.java:1429)
	at org.springframework.beans.factory.support.AbstractAutowireCapableBeanFactory.doCreateBean(AbstractAutowireCapableBeanFactory.java:594)
	at org.springframework.beans.factory.support.AbstractAutowireCapableBeanFactory.createBean(AbstractAutowireCapableBeanFactory.java:517)
	at org.springframework.beans.factory.support.AbstractBeanFactory.lambda$doGetBean$0(AbstractBeanFactory.java:323)
	at org.springframework.beans.factory.support.DefaultSingletonBeanRegistry.getSingleton(DefaultSingletonBeanRegistry.java:222)
	at org.springframework.beans.factory.support.AbstractBeanFactory.doGetBean(AbstractBeanFactory.java:321)
	at org.springframework.beans.factory.support.AbstractBeanFactory.getBean(AbstractBeanFactory.java:202)
	at org.springframework.beans.factory.support.DefaultListableBeanFactory.preInstantiateSingletons(DefaultListableBeanFactory.java:879)
	at org.springframework.context.support.AbstractApplicationContext.finishBeanFactoryInitialization(AbstractApplicationContext.java:878)
	at org.springframework.context.support.AbstractApplicationContext.refresh(AbstractApplicationContext.java:550)
	at org.springframework.test.context.support.AbstractGenericContextLoader.loadContext(AbstractGenericContextLoader.java:128)
	at org.springframework.test.context.support.AbstractGenericContextLoader.loadContext(AbstractGenericContextLoader.java:60)
	at org.springframework.test.context.support.AbstractDelegatingSmartContextLoader.delegateLoading(AbstractDelegatingSmartContextLoader.java:275)
	at org.springframework.test.context.support.AbstractDelegatingSmartContextLoader.loadContext(AbstractDelegatingSmartContextLoader.java:243)
	at org.springframework.test.context.cache.DefaultCacheAwareContextLoaderDelegate.loadContextInternal(DefaultCacheAwareContextLoaderDelegate.java:99)
	at org.springframework.test.context.cache.DefaultCacheAwareContextLoaderDelegate.loadContext(DefaultCacheAwareContextLoaderDelegate.java:124)
	... 31 more
Caused by: org.springframework.beans.factory.UnsatisfiedDependencyException: Error creating bean with name &apos;auctionDAOImplSpring&apos;: Unsatisfied dependency expressed through field &apos;auctionRepository&apos;; nested exception is org.springframework.beans.factory.NoSuchBeanDefinitionException: No qualifying bean of type &apos;org.solent.com504.project.impl.dao.auction.springdata.AuctionRepository&apos; available: expected at least 1 bean which qualifies as autowire candidate. Dependency annotations: {@org.springframework.beans.factory.annotation.Autowired(required=true)}
	at org.springframework.beans.factory.annotation.AutowiredAnnotationBeanPostProcessor$AutowiredFieldElement.inject(AutowiredAnnotationBeanPostProcessor.java:639)
	at org.springframework.beans.factory.annotation.InjectionMetadata.inject(InjectionMetadata.java:116)
	at org.springframework.beans.factory.annotation.AutowiredAnnotationBeanPostProcessor.postProcessProperties(AutowiredAnnotationBeanPostProcessor.java:397)
	at org.springframework.beans.factory.support.AbstractAutowireCapableBeanFactory.populateBean(AbstractAutowireCapableBeanFactory.java:1429)
	at org.springframework.beans.factory.support.AbstractAutowireCapableBeanFactory.doCreateBean(AbstractAutowireCapableBeanFactory.java:594)
	at org.springframework.beans.factory.support.AbstractAutowireCapableBeanFactory.createBean(AbstractAutowireCapableBeanFactory.java:517)
	at org.springframework.beans.factory.support.AbstractBeanFactory.lambda$doGetBean$0(AbstractBeanFactory.java:323)
	at org.springframework.beans.factory.support.DefaultSingletonBeanRegistry.getSingleton(DefaultSingletonBeanRegistry.java:222)
	at org.springframework.beans.factory.support.AbstractBeanFactory.doGetBean(AbstractBeanFactory.java:321)
	at org.springframework.beans.factory.support.AbstractBeanFactory.getBean(AbstractBeanFactory.java:202)
	at org.springframework.beans.factory.config.DependencyDescriptor.resolveCandidate(DependencyDescriptor.java:276)
	at org.springframework.beans.factory.support.DefaultListableBeanFactory.doResolveDependency(DefaultListableBeanFactory.java:1287)
	at org.springframework.beans.factory.support.DefaultListableBeanFactory.resolveDependency(DefaultListableBeanFactory.java:1207)
	at org.springframework.beans.factory.annotation.AutowiredAnnotationBeanPostProcessor$AutowiredFieldElement.inject(AutowiredAnnotationBeanPostProcessor.java:636)
	... 49 more
Caused by: org.springframework.beans.factory.NoSuchBeanDefinitionException: No qualifying bean of type &apos;org.solent.com504.project.impl.dao.auction.springdata.AuctionRepository&apos; available: expected at least 1 bean which qualifies as autowire candidate. Dependency annotations: {@org.springframework.beans.factory.annotation.Autowired(required=true)}
	at org.springframework.beans.factory.support.DefaultListableBeanFactory.raiseNoMatchingBeanFound(DefaultListableBeanFactory.java:1695)
	at org.springframework.beans.factory.support.DefaultListableBeanFactory.doResolveDependency(DefaultListableBeanFactory.java:1253)
	at org.springframework.beans.factory.support.DefaultListableBeanFactory.resolveDependency(DefaultListableBeanFactory.java:1207)
	at org.springframework.beans.factory.annotation.AutowiredAnnotationBeanPostProcessor$AutowiredFieldElement.inject(AutowiredAnnotationBeanPostProcessor.java:636)
	... 62 more
</error>
    <system-out>12:23:07.311 [main] [o.s.t.a.ProfileValueUtils] DEBUG org.springframework.test.annotation.ProfileValueUtils - Retrieved @ProfileValueSourceConfiguration [null] for test class [org.solent.com504.project.impl.service.test.ServiceFacadeJpaTest]
12:23:07.311 [main] [o.s.t.a.ProfileValueUtils] DEBUG org.springframework.test.annotation.ProfileValueUtils - Retrieved ProfileValueSource type [class org.springframework.test.annotation.SystemProfileValueSource] for class [org.solent.com504.project.impl.service.test.ServiceFacadeJpaTest]
12:23:07.311 [main] [o.s.t.c.s.DependencyInjectionTestExecutionListener] DEBUG org.springframework.test.context.support.DependencyInjectionTestExecutionListener - Performing dependency injection for test context [[DefaultTestContext@385c9627 testClass = ServiceFacadeJpaTest, testInstance = org.solent.com504.project.impl.service.test.ServiceFacadeJpaTest@3291b443, testMethod = [null], testException = [null], mergedContextConfiguration = [MergedContextConfiguration@139982de testClass = ServiceFacadeJpaTest, locations = &apos;{classpath:/appconfig-service.xml}&apos;, classes = &apos;{}&apos;, contextInitializerClasses = &apos;[]&apos;, activeProfiles = &apos;{}&apos;, propertySourceLocations = &apos;{}&apos;, propertySourceProperties = &apos;{}&apos;, contextCustomizers = set[[empty]], contextLoader = &apos;org.springframework.test.context.support.DelegatingSmartContextLoader&apos;, parent = [null]], attributes = map[[empty]]]].
12:23:07.311 [main] [o.s.t.c.s.AbstractDelegatingSmartContextLoader] DEBUG org.springframework.test.context.support.AbstractDelegatingSmartContextLoader - Delegating to GenericXmlContextLoader to load context from [MergedContextConfiguration@139982de testClass = ServiceFacadeJpaTest, locations = &apos;{classpath:/appconfig-service.xml}&apos;, classes = &apos;{}&apos;, contextInitializerClasses = &apos;[]&apos;, activeProfiles = &apos;{}&apos;, propertySourceLocations = &apos;{}&apos;, propertySourceProperties = &apos;{}&apos;, contextCustomizers = set[[empty]], contextLoader = &apos;org.springframework.test.context.support.DelegatingSmartContextLoader&apos;, parent = [null]].
12:23:07.311 [main] [o.s.t.c.s.AbstractGenericContextLoader] DEBUG org.springframework.test.context.support.AbstractGenericContextLoader - Loading ApplicationContext for merged context configuration [[MergedContextConfiguration@139982de testClass = ServiceFacadeJpaTest, locations = &apos;{classpath:/appconfig-service.xml}&apos;, classes = &apos;{}&apos;, contextInitializerClasses = &apos;[]&apos;, activeProfiles = &apos;{}&apos;, propertySourceLocations = &apos;{}&apos;, propertySourceProperties = &apos;{}&apos;, contextCustomizers = set[[empty]], contextLoader = &apos;org.springframework.test.context.support.DelegatingSmartContextLoader&apos;, parent = [null]]].
12:23:07.311 [main] [o.s.c.e.StandardEnvironment] DEBUG org.springframework.core.env.StandardEnvironment - Activating profiles []
12:23:07.389 [main] [o.s.c.a.ClassPathBeanDefinitionScanner] DEBUG org.springframework.context.annotation.ClassPathBeanDefinitionScanner - Identified candidate component class: file [C:\Users\3moulj69\Repos\temp\SOFTWARE-SYSTEMS-DEVELOPMENT\Josh\Andres-Project\project\service\target\classes\org\solent\com504\project\impl\service\AuctionServiceImpl.class]
12:23:07.389 [main] [o.s.c.a.ClassPathBeanDefinitionScanner] DEBUG org.springframework.context.annotation.ClassPathBeanDefinitionScanner - Identified candidate component class: file [C:\Users\3moulj69\Repos\temp\SOFTWARE-SYSTEMS-DEVELOPMENT\Josh\Andres-Project\project\service\target\classes\org\solent\com504\project\impl\service\ServiceFacadeImpl.class]
12:23:07.389 [main] [o.s.c.a.ClassPathBeanDefinitionScanner] DEBUG org.springframework.context.annotation.ClassPathBeanDefinitionScanner - Identified candidate component class: file [C:\Users\3moulj69\Repos\temp\SOFTWARE-SYSTEMS-DEVELOPMENT\Josh\Andres-Project\project\service\target\classes\org\solent\com504\project\impl\user\service\SecurityServiceImpl.class]
12:23:07.405 [main] [o.s.c.a.ClassPathBeanDefinitionScanner] DEBUG org.springframework.context.annotation.ClassPathBeanDefinitionScanner - Identified candidate component class: file [C:\Users\3moulj69\Repos\temp\SOFTWARE-SYSTEMS-DEVELOPMENT\Josh\Andres-Project\project\service\target\classes\org\solent\com504\project\impl\user\service\UserServiceImpl.class]
12:23:07.405 [main] [o.s.c.a.ClassPathBeanDefinitionScanner] DEBUG org.springframework.context.annotation.ClassPathBeanDefinitionScanner - Identified candidate component class: URL [jar:file:/C:/Users/3moulj69/Repos/temp/SOFTWARE-SYSTEMS-DEVELOPMENT/Josh/Andres-Project/project/dao-springdata-jpa/target/project-dao-springdata-jpa-1.5-SNAPSHOT.jar!/org/solent/com504/project/impl/dao/auction/spring/AuctionDAOImplSpring.class]
12:23:07.405 [main] [o.s.c.a.ClassPathBeanDefinitionScanner] DEBUG org.springframework.context.annotation.ClassPathBeanDefinitionScanner - Ignored because not a concrete top-level class: URL [jar:file:/C:/Users/3moulj69/Repos/temp/SOFTWARE-SYSTEMS-DEVELOPMENT/Josh/Andres-Project/project/dao-springdata-jpa/target/project-dao-springdata-jpa-1.5-SNAPSHOT.jar!/org/solent/com504/project/impl/dao/auction/springdata/AuctionRepository.class]
12:23:07.405 [main] [o.s.c.a.ClassPathBeanDefinitionScanner] DEBUG org.springframework.context.annotation.ClassPathBeanDefinitionScanner - Identified candidate component class: URL [jar:file:/C:/Users/3moulj69/Repos/temp/SOFTWARE-SYSTEMS-DEVELOPMENT/Josh/Andres-Project/project/dao-springdata-jpa/target/project-dao-springdata-jpa-1.5-SNAPSHOT.jar!/org/solent/com504/project/impl/dao/party/spring/PartyDAOImplSpring.class]
12:23:07.405 [main] [o.s.c.a.ClassPathBeanDefinitionScanner] DEBUG org.springframework.context.annotation.ClassPathBeanDefinitionScanner - Ignored because not a concrete top-level class: URL [jar:file:/C:/Users/3moulj69/Repos/temp/SOFTWARE-SYSTEMS-DEVELOPMENT/Josh/Andres-Project/project/dao-springdata-jpa/target/project-dao-springdata-jpa-1.5-SNAPSHOT.jar!/org/solent/com504/project/impl/dao/party/springdata/PartyRepository.class]
12:23:07.405 [main] [o.s.c.a.ClassPathBeanDefinitionScanner] DEBUG org.springframework.context.annotation.ClassPathBeanDefinitionScanner - Identified candidate component class: URL [jar:file:/C:/Users/3moulj69/Repos/temp/SOFTWARE-SYSTEMS-DEVELOPMENT/Josh/Andres-Project/project/dao-springdata-jpa/target/project-dao-springdata-jpa-1.5-SNAPSHOT.jar!/org/solent/com504/project/impl/dao/user/spring/RoleDAOImplSpring.class]
12:23:07.405 [main] [o.s.c.a.ClassPathBeanDefinitionScanner] DEBUG org.springframework.context.annotation.ClassPathBeanDefinitionScanner - Identified candidate component class: URL [jar:file:/C:/Users/3moulj69/Repos/temp/SOFTWARE-SYSTEMS-DEVELOPMENT/Josh/Andres-Project/project/dao-springdata-jpa/target/project-dao-springdata-jpa-1.5-SNAPSHOT.jar!/org/solent/com504/project/impl/dao/user/spring/UserDAOImplSpring.class]
12:23:07.420 [main] [o.s.c.a.ClassPathBeanDefinitionScanner] DEBUG org.springframework.context.annotation.ClassPathBeanDefinitionScanner - Identified candidate component class: file [C:\Users\3moulj69\Repos\temp\SOFTWARE-SYSTEMS-DEVELOPMENT\Josh\Andres-Project\project\service\target\classes\org\solent\com504\project\impl\party\service\PartyServiceImpl.class]
12:23:07.420 [main] [o.s.d.r.c.RepositoryConfigurationDelegate] INFO  org.springframework.data.repository.config.RepositoryConfigurationDelegate - Bootstrapping Spring Data JPA repositories in DEFAULT mode.
12:23:07.420 [main] [o.s.d.r.c.RepositoryConfigurationDelegate] DEBUG org.springframework.data.repository.config.RepositoryConfigurationDelegate - Scanning for JPA repositories in packages org.solent.com504.project.impl.dao.user.springdata, org.solent.com504.project.impl.dao.party.springdata, org.solent.com504.project.impl.dao.springdata.
12:23:07.436 [main] [o.s.d.r.c.RepositoryComponentProvider] DEBUG org.springframework.data.repository.config.RepositoryComponentProvider - Identified candidate component class: URL [jar:file:/C:/Users/3moulj69/Repos/temp/SOFTWARE-SYSTEMS-DEVELOPMENT/Josh/Andres-Project/project/dao-springdata-jpa/target/project-dao-springdata-jpa-1.5-SNAPSHOT.jar!/org/solent/com504/project/impl/dao/user/springdata/RoleRepository.class]
12:23:07.436 [main] [o.s.d.r.c.RepositoryComponentProvider] DEBUG org.springframework.data.repository.config.RepositoryComponentProvider - Identified candidate component class: URL [jar:file:/C:/Users/3moulj69/Repos/temp/SOFTWARE-SYSTEMS-DEVELOPMENT/Josh/Andres-Project/project/dao-springdata-jpa/target/project-dao-springdata-jpa-1.5-SNAPSHOT.jar!/org/solent/com504/project/impl/dao/user/springdata/UserRepository.class]
12:23:07.436 [main] [o.s.d.r.c.RepositoryComponentProvider] DEBUG org.springframework.data.repository.config.RepositoryComponentProvider - Identified candidate component class: URL [jar:file:/C:/Users/3moulj69/Repos/temp/SOFTWARE-SYSTEMS-DEVELOPMENT/Josh/Andres-Project/project/dao-springdata-jpa/target/project-dao-springdata-jpa-1.5-SNAPSHOT.jar!/org/solent/com504/project/impl/dao/party/springdata/PartyRepository.class]
12:23:07.452 [main] [o.s.d.r.c.RepositoryConfigurationDelegate] INFO  org.springframework.data.repository.config.RepositoryConfigurationDelegate - Finished Spring Data repository scanning in 36ms. Found 3 JPA repository interfaces.
12:23:07.452 [main] [o.s.b.f.x.XmlBeanDefinitionReader] DEBUG org.springframework.beans.factory.xml.XmlBeanDefinitionReader - Loaded 33 bean definitions from class path resource [appconfig-data.xml]
12:23:07.499 [main] [o.s.s.c.SecurityNamespaceHandler] INFO  org.springframework.security.config.SecurityNamespaceHandler - Spring Security &apos;config&apos; module version is 5.2.1.RELEASE
12:23:07.514 [main] [o.s.b.f.x.XmlBeanDefinitionReader] DEBUG org.springframework.beans.factory.xml.XmlBeanDefinitionReader - Loaded 5 bean definitions from class path resource [appconfig-security.xml]
12:23:07.514 [main] [o.s.c.a.ClassPathBeanDefinitionScanner] DEBUG org.springframework.context.annotation.ClassPathBeanDefinitionScanner - Identified candidate component class: file [C:\Users\3moulj69\Repos\temp\SOFTWARE-SYSTEMS-DEVELOPMENT\Josh\Andres-Project\project\service\target\classes\org\solent\com504\project\impl\service\AuctionServiceImpl.class]
12:23:07.514 [main] [o.s.c.a.ClassPathBeanDefinitionScanner] DEBUG org.springframework.context.annotation.ClassPathBeanDefinitionScanner - Identified candidate component class: file [C:\Users\3moulj69\Repos\temp\SOFTWARE-SYSTEMS-DEVELOPMENT\Josh\Andres-Project\project\service\target\classes\org\solent\com504\project\impl\service\ServiceFacadeImpl.class]
12:23:07.514 [main] [o.s.c.a.ClassPathBeanDefinitionScanner] DEBUG org.springframework.context.annotation.ClassPathBeanDefinitionScanner - Identified candidate component class: file [C:\Users\3moulj69\Repos\temp\SOFTWARE-SYSTEMS-DEVELOPMENT\Josh\Andres-Project\project\service\target\classes\org\solent\com504\project\impl\user\service\SecurityServiceImpl.class]
12:23:07.514 [main] [o.s.c.a.ClassPathBeanDefinitionScanner] DEBUG org.springframework.context.annotation.ClassPathBeanDefinitionScanner - Identified candidate component class: file [C:\Users\3moulj69\Repos\temp\SOFTWARE-SYSTEMS-DEVELOPMENT\Josh\Andres-Project\project\service\target\classes\org\solent\com504\project\impl\user\service\UserServiceImpl.class]
12:23:07.514 [main] [o.s.c.a.ClassPathBeanDefinitionScanner] DEBUG org.springframework.context.annotation.ClassPathBeanDefinitionScanner - Identified candidate component class: file [C:\Users\3moulj69\Repos\temp\SOFTWARE-SYSTEMS-DEVELOPMENT\Josh\Andres-Project\project\service\target\classes\org\solent\com504\project\impl\party\service\PartyServiceImpl.class]
12:23:07.514 [main] [o.s.b.f.x.XmlBeanDefinitionReader] DEBUG org.springframework.beans.factory.xml.XmlBeanDefinitionReader - Loaded 39 bean definitions from class path resource [appconfig-service.xml]
12:23:07.514 [main] [o.s.c.s.GenericApplicationContext] DEBUG org.springframework.context.support.GenericApplicationContext - Refreshing org.springframework.context.support.GenericApplicationContext@671c4166
12:23:07.530 [main] [o.s.b.f.s.DefaultListableBeanFactory] DEBUG org.springframework.beans.factory.support.DefaultListableBeanFactory - Creating shared instance of singleton bean &apos;org.springframework.context.annotation.internalConfigurationAnnotationProcessor&apos;
12:23:07.561 [main] [o.s.b.f.s.DefaultListableBeanFactory] DEBUG org.springframework.beans.factory.support.DefaultListableBeanFactory - Creating shared instance of singleton bean &apos;emBeanDefinitionRegistrarPostProcessor&apos;
12:23:07.577 [main] [o.s.b.f.s.DefaultListableBeanFactory] DEBUG org.springframework.beans.factory.support.DefaultListableBeanFactory - Creating shared instance of singleton bean &apos;org.springframework.context.event.internalEventListenerProcessor&apos;
12:23:07.577 [main] [o.s.b.f.s.DefaultListableBeanFactory] DEBUG org.springframework.beans.factory.support.DefaultListableBeanFactory - Creating shared instance of singleton bean &apos;org.springframework.context.event.internalEventListenerFactory&apos;
12:23:07.577 [main] [o.s.b.f.s.DefaultListableBeanFactory] DEBUG org.springframework.beans.factory.support.DefaultListableBeanFactory - Creating shared instance of singleton bean &apos;org.springframework.transaction.config.internalTransactionalEventListenerFactory&apos;
12:23:07.577 [main] [o.s.b.f.s.DefaultListableBeanFactory] DEBUG org.springframework.beans.factory.support.DefaultListableBeanFactory - Creating shared instance of singleton bean &apos;org.springframework.context.annotation.internalAutowiredAnnotationProcessor&apos;
12:23:07.577 [main] [o.s.b.f.s.DefaultListableBeanFactory] DEBUG org.springframework.beans.factory.support.DefaultListableBeanFactory - Creating shared instance of singleton bean &apos;org.springframework.context.annotation.internalCommonAnnotationProcessor&apos;
12:23:07.577 [main] [o.s.b.f.s.DefaultListableBeanFactory] DEBUG org.springframework.beans.factory.support.DefaultListableBeanFactory - Creating shared instance of singleton bean &apos;org.springframework.context.annotation.internalPersistenceAnnotationProcessor&apos;
12:23:07.577 [main] [o.s.b.f.s.DefaultListableBeanFactory] DEBUG org.springframework.beans.factory.support.DefaultListableBeanFactory - Creating shared instance of singleton bean &apos;org.springframework.aop.config.internalAutoProxyCreator&apos;
12:23:07.577 [main] [o.s.b.f.s.DefaultListableBeanFactory] DEBUG org.springframework.beans.factory.support.DefaultListableBeanFactory - Creating shared instance of singleton bean &apos;entityManagerFactory&apos;
12:23:07.592 [main] [o.s.b.f.s.DefaultListableBeanFactory] DEBUG org.springframework.beans.factory.support.DefaultListableBeanFactory - Creating shared instance of singleton bean &apos;org.springframework.transaction.config.internalTransactionAdvisor&apos;
12:23:07.592 [main] [o.s.b.f.s.DefaultListableBeanFactory] DEBUG org.springframework.beans.factory.support.DefaultListableBeanFactory - Creating shared instance of singleton bean &apos;org.springframework.transaction.annotation.AnnotationTransactionAttributeSource#0&apos;
12:23:07.592 [main] [o.s.b.f.s.DefaultListableBeanFactory] DEBUG org.springframework.beans.factory.support.DefaultListableBeanFactory - Creating shared instance of singleton bean &apos;dataSource&apos;
12:23:07.592 [main] [o.s.j.d.DriverManagerDataSource] DEBUG org.springframework.jdbc.datasource.DriverManagerDataSource - Loaded JDBC driver: org.hsqldb.jdbcDriver
12:23:07.639 [main] [o.s.o.j.LocalContainerEntityManagerFactoryBean] DEBUG org.springframework.orm.jpa.LocalContainerEntityManagerFactoryBean - Building JPA container EntityManagerFactory for persistence unit &apos;default&apos;
12:23:07.639 [main] [o.h.j.i.u.LogHelper] DEBUG org.hibernate.jpa.internal.util.LogHelper - PersistenceUnitInfo [
	name: default
	persistence provider classname: null
	classloader: sun.misc.Launcher$AppClassLoader@42a57993
	excludeUnlistedClasses: true
	JTA datasource: null
	Non JTA datasource: org.springframework.jdbc.datasource.DriverManagerDataSource@47d023b7
	Transaction type: RESOURCE_LOCAL
	PU root URL: file:/C:/Users/3moulj69/Repos/temp/SOFTWARE-SYSTEMS-DEVELOPMENT/Josh/Andres-Project/project/model/target/project-model-1.5-SNAPSHOT.jar
	Shared Cache Mode: UNSPECIFIED
	Validation Mode: AUTO
	Jar files URLs []
	Managed classes names [
		org.solent.com504.project.model.auction.dto.Auction
		org.solent.com504.project.model.bid.dto.Bid
		org.solent.com504.project.model.lot.dto.Lot
		org.solent.com504.project.model.party.dto.Address
		org.solent.com504.project.model.party.dto.Party
		org.solent.com504.project.model.user.dto.Role
		org.solent.com504.project.model.user.dto.User]
	Mapping files names []
	Properties []
12:23:07.639 [main] [o.h.i.i.IntegratorServiceImpl] DEBUG org.hibernate.integrator.internal.IntegratorServiceImpl - Adding Integrator [org.hibernate.cfg.beanvalidation.BeanValidationIntegrator].
12:23:07.639 [main] [o.h.i.i.IntegratorServiceImpl] DEBUG org.hibernate.integrator.internal.IntegratorServiceImpl - Adding Integrator [org.hibernate.secure.spi.JaccIntegrator].
12:23:07.639 [main] [o.h.i.i.IntegratorServiceImpl] DEBUG org.hibernate.integrator.internal.IntegratorServiceImpl - Adding Integrator [org.hibernate.cache.internal.CollectionCacheInvalidator].
12:23:07.639 [main] [o.h.i.i.IntegratorServiceImpl] DEBUG org.hibernate.integrator.internal.IntegratorServiceImpl - Adding Integrator [org.hibernate.jpa.event.spi.JpaIntegrator].
12:23:07.639 [main] [o.h.s.s.ServiceBinding] DEBUG org.hibernate.service.spi.ServiceBinding - Overriding existing service binding [org.hibernate.secure.spi.JaccService]
12:23:07.639 [main] [o.h.c.i.RegionFactoryInitiator] DEBUG org.hibernate.cache.internal.RegionFactoryInitiator - Cache region factory : org.hibernate.cache.internal.NoCachingRegionFactory
12:23:07.655 [main] [o.h.t.BasicTypeRegistry] DEBUG org.hibernate.type.BasicTypeRegistry - Adding type registration boolean -&gt; org.hibernate.type.BooleanType@48f5bde6
12:23:07.655 [main] [o.h.t.BasicTypeRegistry] DEBUG org.hibernate.type.BasicTypeRegistry - Adding type registration boolean -&gt; org.hibernate.type.BooleanType@48f5bde6
12:23:07.655 [main] [o.h.t.BasicTypeRegistry] DEBUG org.hibernate.type.BasicTypeRegistry - Adding type registration java.lang.Boolean -&gt; org.hibernate.type.BooleanType@48f5bde6
12:23:07.655 [main] [o.h.t.BasicTypeRegistry] DEBUG org.hibernate.type.BasicTypeRegistry - Adding type registration numeric_boolean -&gt; org.hibernate.type.NumericBooleanType@2ca65ce4
12:23:07.655 [main] [o.h.t.BasicTypeRegistry] DEBUG org.hibernate.type.BasicTypeRegistry - Adding type registration true_false -&gt; org.hibernate.type.TrueFalseType@2970a5bc
12:23:07.655 [main] [o.h.t.BasicTypeRegistry] DEBUG org.hibernate.type.BasicTypeRegistry - Adding type registration yes_no -&gt; org.hibernate.type.YesNoType@6d511b5f
12:23:07.655 [main] [o.h.t.BasicTypeRegistry] DEBUG org.hibernate.type.BasicTypeRegistry - Adding type registration byte -&gt; org.hibernate.type.ByteType@13579834
12:23:07.655 [main] [o.h.t.BasicTypeRegistry] DEBUG org.hibernate.type.BasicTypeRegistry - Adding type registration byte -&gt; org.hibernate.type.ByteType@13579834
12:23:07.655 [main] [o.h.t.BasicTypeRegistry] DEBUG org.hibernate.type.BasicTypeRegistry - Adding type registration java.lang.Byte -&gt; org.hibernate.type.ByteType@13579834
12:23:07.655 [main] [o.h.t.BasicTypeRegistry] DEBUG org.hibernate.type.BasicTypeRegistry - Adding type registration character -&gt; org.hibernate.type.CharacterType@70d2e40b
12:23:07.655 [main] [o.h.t.BasicTypeRegistry] DEBUG org.hibernate.type.BasicTypeRegistry - Adding type registration char -&gt; org.hibernate.type.CharacterType@70d2e40b
12:23:07.655 [main] [o.h.t.BasicTypeRegistry] DEBUG org.hibernate.type.BasicTypeRegistry - Adding type registration java.lang.Character -&gt; org.hibernate.type.CharacterType@70d2e40b
12:23:07.655 [main] [o.h.t.BasicTypeRegistry] DEBUG org.hibernate.type.BasicTypeRegistry - Adding type registration short -&gt; org.hibernate.type.ShortType@70e29e14
12:23:07.655 [main] [o.h.t.BasicTypeRegistry] DEBUG org.hibernate.type.BasicTypeRegistry - Adding type registration short -&gt; org.hibernate.type.ShortType@70e29e14
12:23:07.655 [main] [o.h.t.BasicTypeRegistry] DEBUG org.hibernate.type.BasicTypeRegistry - Adding type registration java.lang.Short -&gt; org.hibernate.type.ShortType@70e29e14
12:23:07.655 [main] [o.h.t.BasicTypeRegistry] DEBUG org.hibernate.type.BasicTypeRegistry - Adding type registration integer -&gt; org.hibernate.type.IntegerType@42a9a63e
12:23:07.655 [main] [o.h.t.BasicTypeRegistry] DEBUG org.hibernate.type.BasicTypeRegistry - Adding type registration int -&gt; org.hibernate.type.IntegerType@42a9a63e
12:23:07.655 [main] [o.h.t.BasicTypeRegistry] DEBUG org.hibernate.type.BasicTypeRegistry - Adding type registration java.lang.Integer -&gt; org.hibernate.type.IntegerType@42a9a63e
12:23:07.655 [main] [o.h.t.BasicTypeRegistry] DEBUG org.hibernate.type.BasicTypeRegistry - Adding type registration long -&gt; org.hibernate.type.LongType@6b9267b
12:23:07.655 [main] [o.h.t.BasicTypeRegistry] DEBUG org.hibernate.type.BasicTypeRegistry - Adding type registration long -&gt; org.hibernate.type.LongType@6b9267b
12:23:07.655 [main] [o.h.t.BasicTypeRegistry] DEBUG org.hibernate.type.BasicTypeRegistry - Adding type registration java.lang.Long -&gt; org.hibernate.type.LongType@6b9267b
12:23:07.655 [main] [o.h.t.BasicTypeRegistry] DEBUG org.hibernate.type.BasicTypeRegistry - Adding type registration float -&gt; org.hibernate.type.FloatType@14bb2297
12:23:07.655 [main] [o.h.t.BasicTypeRegistry] DEBUG org.hibernate.type.BasicTypeRegistry - Adding type registration float -&gt; org.hibernate.type.FloatType@14bb2297
12:23:07.655 [main] [o.h.t.BasicTypeRegistry] DEBUG org.hibernate.type.BasicTypeRegistry - Adding type registration java.lang.Float -&gt; org.hibernate.type.FloatType@14bb2297
12:23:07.655 [main] [o.h.t.BasicTypeRegistry] DEBUG org.hibernate.type.BasicTypeRegistry - Adding type registration double -&gt; org.hibernate.type.DoubleType@5bd1ceca
12:23:07.655 [main] [o.h.t.BasicTypeRegistry] DEBUG org.hibernate.type.BasicTypeRegistry - Adding type registration double -&gt; org.hibernate.type.DoubleType@5bd1ceca
12:23:07.655 [main] [o.h.t.BasicTypeRegistry] DEBUG org.hibernate.type.BasicTypeRegistry - Adding type registration java.lang.Double -&gt; org.hibernate.type.DoubleType@5bd1ceca
12:23:07.655 [main] [o.h.t.BasicTypeRegistry] DEBUG org.hibernate.type.BasicTypeRegistry - Adding type registration big_decimal -&gt; org.hibernate.type.BigDecimalType@615f972
12:23:07.655 [main] [o.h.t.BasicTypeRegistry] DEBUG org.hibernate.type.BasicTypeRegistry - Adding type registration java.math.BigDecimal -&gt; org.hibernate.type.BigDecimalType@615f972
12:23:07.655 [main] [o.h.t.BasicTypeRegistry] DEBUG org.hibernate.type.BasicTypeRegistry - Adding type registration big_integer -&gt; org.hibernate.type.BigIntegerType@48e64352
12:23:07.655 [main] [o.h.t.BasicTypeRegistry] DEBUG org.hibernate.type.BasicTypeRegistry - Adding type registration java.math.BigInteger -&gt; org.hibernate.type.BigIntegerType@48e64352
12:23:07.655 [main] [o.h.t.BasicTypeRegistry] DEBUG org.hibernate.type.BasicTypeRegistry - Adding type registration string -&gt; org.hibernate.type.StringType@200606de
12:23:07.655 [main] [o.h.t.BasicTypeRegistry] DEBUG org.hibernate.type.BasicTypeRegistry - Adding type registration java.lang.String -&gt; org.hibernate.type.StringType@200606de
12:23:07.655 [main] [o.h.t.BasicTypeRegistry] DEBUG org.hibernate.type.BasicTypeRegistry - Adding type registration nstring -&gt; org.hibernate.type.StringNVarcharType@24f43aa3
12:23:07.655 [main] [o.h.t.BasicTypeRegistry] DEBUG org.hibernate.type.BasicTypeRegistry - Adding type registration ncharacter -&gt; org.hibernate.type.CharacterNCharType@7957dc72
12:23:07.655 [main] [o.h.t.BasicTypeRegistry] DEBUG org.hibernate.type.BasicTypeRegistry - Adding type registration url -&gt; org.hibernate.type.UrlType@5be82d43
12:23:07.655 [main] [o.h.t.BasicTypeRegistry] DEBUG org.hibernate.type.BasicTypeRegistry - Adding type registration java.net.URL -&gt; org.hibernate.type.UrlType@5be82d43
12:23:07.655 [main] [o.h.t.BasicTypeRegistry] DEBUG org.hibernate.type.BasicTypeRegistry - Adding type registration Duration -&gt; org.hibernate.type.DurationType@473b3b7a
12:23:07.655 [main] [o.h.t.BasicTypeRegistry] DEBUG org.hibernate.type.BasicTypeRegistry - Adding type registration java.time.Duration -&gt; org.hibernate.type.DurationType@473b3b7a
12:23:07.655 [main] [o.h.t.BasicTypeRegistry] DEBUG org.hibernate.type.BasicTypeRegistry - Adding type registration Instant -&gt; org.hibernate.type.InstantType@47747fb9
12:23:07.655 [main] [o.h.t.BasicTypeRegistry] DEBUG org.hibernate.type.BasicTypeRegistry - Adding type registration java.time.Instant -&gt; org.hibernate.type.InstantType@47747fb9
12:23:07.655 [main] [o.h.t.BasicTypeRegistry] DEBUG org.hibernate.type.BasicTypeRegistry - Adding type registration LocalDateTime -&gt; org.hibernate.type.LocalDateTimeType@20312893
12:23:07.655 [main] [o.h.t.BasicTypeRegistry] DEBUG org.hibernate.type.BasicTypeRegistry - Adding type registration java.time.LocalDateTime -&gt; org.hibernate.type.LocalDateTimeType@20312893
12:23:07.655 [main] [o.h.t.BasicTypeRegistry] DEBUG org.hibernate.type.BasicTypeRegistry - Adding type registration LocalDate -&gt; org.hibernate.type.LocalDateType@2a551a63
12:23:07.655 [main] [o.h.t.BasicTypeRegistry] DEBUG org.hibernate.type.BasicTypeRegistry - Adding type registration java.time.LocalDate -&gt; org.hibernate.type.LocalDateType@2a551a63
12:23:07.655 [main] [o.h.t.BasicTypeRegistry] DEBUG org.hibernate.type.BasicTypeRegistry - Adding type registration LocalTime -&gt; org.hibernate.type.LocalTimeType@32f61a31
12:23:07.655 [main] [o.h.t.BasicTypeRegistry] DEBUG org.hibernate.type.BasicTypeRegistry - Adding type registration java.time.LocalTime -&gt; org.hibernate.type.LocalTimeType@32f61a31
12:23:07.655 [main] [o.h.t.BasicTypeRegistry] DEBUG org.hibernate.type.BasicTypeRegistry - Adding type registration OffsetDateTime -&gt; org.hibernate.type.OffsetDateTimeType@3dddbe65
12:23:07.655 [main] [o.h.t.BasicTypeRegistry] DEBUG org.hibernate.type.BasicTypeRegistry - Adding type registration java.time.OffsetDateTime -&gt; org.hibernate.type.OffsetDateTimeType@3dddbe65
12:23:07.655 [main] [o.h.t.BasicTypeRegistry] DEBUG org.hibernate.type.BasicTypeRegistry - Adding type registration OffsetTime -&gt; org.hibernate.type.OffsetTimeType@4d9d1b69
12:23:07.655 [main] [o.h.t.BasicTypeRegistry] DEBUG org.hibernate.type.BasicTypeRegistry - Adding type registration java.time.OffsetTime -&gt; org.hibernate.type.OffsetTimeType@4d9d1b69
12:23:07.655 [main] [o.h.t.BasicTypeRegistry] DEBUG org.hibernate.type.BasicTypeRegistry - Adding type registration ZonedDateTime -&gt; org.hibernate.type.ZonedDateTimeType@ecf9fb3
12:23:07.655 [main] [o.h.t.BasicTypeRegistry] DEBUG org.hibernate.type.BasicTypeRegistry - Adding type registration java.time.ZonedDateTime -&gt; org.hibernate.type.ZonedDateTimeType@ecf9fb3
12:23:07.655 [main] [o.h.t.BasicTypeRegistry] DEBUG org.hibernate.type.BasicTypeRegistry - Adding type registration date -&gt; org.hibernate.type.DateType@22db8f4
12:23:07.655 [main] [o.h.t.BasicTypeRegistry] DEBUG org.hibernate.type.BasicTypeRegistry - Adding type registration java.sql.Date -&gt; org.hibernate.type.DateType@22db8f4
12:23:07.655 [main] [o.h.t.BasicTypeRegistry] DEBUG org.hibernate.type.BasicTypeRegistry - Adding type registration time -&gt; org.hibernate.type.TimeType@5851bd4f
12:23:07.655 [main] [o.h.t.BasicTypeRegistry] DEBUG org.hibernate.type.BasicTypeRegistry - Adding type registration java.sql.Time -&gt; org.hibernate.type.TimeType@5851bd4f
12:23:07.655 [main] [o.h.t.BasicTypeRegistry] DEBUG org.hibernate.type.BasicTypeRegistry - Adding type registration timestamp -&gt; org.hibernate.type.TimestampType@1804f60d
12:23:07.655 [main] [o.h.t.BasicTypeRegistry] DEBUG org.hibernate.type.BasicTypeRegistry - Adding type registration java.sql.Timestamp -&gt; org.hibernate.type.TimestampType@1804f60d
12:23:07.655 [main] [o.h.t.BasicTypeRegistry] DEBUG org.hibernate.type.BasicTypeRegistry - Adding type registration java.util.Date -&gt; org.hibernate.type.TimestampType@1804f60d
12:23:07.655 [main] [o.h.t.BasicTypeRegistry] DEBUG org.hibernate.type.BasicTypeRegistry - Adding type registration dbtimestamp -&gt; org.hibernate.type.DbTimestampType@1c807b1d
12:23:07.655 [main] [o.h.t.BasicTypeRegistry] DEBUG org.hibernate.type.BasicTypeRegistry - Adding type registration calendar -&gt; org.hibernate.type.CalendarType@588ab592
12:23:07.655 [main] [o.h.t.BasicTypeRegistry] DEBUG org.hibernate.type.BasicTypeRegistry - Adding type registration java.util.Calendar -&gt; org.hibernate.type.CalendarType@588ab592
12:23:07.655 [main] [o.h.t.BasicTypeRegistry] DEBUG org.hibernate.type.BasicTypeRegistry - Adding type registration java.util.GregorianCalendar -&gt; org.hibernate.type.CalendarType@588ab592
12:23:07.655 [main] [o.h.t.BasicTypeRegistry] DEBUG org.hibernate.type.BasicTypeRegistry - Adding type registration calendar_date -&gt; org.hibernate.type.CalendarDateType@2d8f2f3a
12:23:07.655 [main] [o.h.t.BasicTypeRegistry] DEBUG org.hibernate.type.BasicTypeRegistry - Adding type registration locale -&gt; org.hibernate.type.LocaleType@5949eba8
12:23:07.655 [main] [o.h.t.BasicTypeRegistry] DEBUG org.hibernate.type.BasicTypeRegistry - Adding type registration java.util.Locale -&gt; org.hibernate.type.LocaleType@5949eba8
12:23:07.655 [main] [o.h.t.BasicTypeRegistry] DEBUG org.hibernate.type.BasicTypeRegistry - Adding type registration currency -&gt; org.hibernate.type.CurrencyType@2d0566ba
12:23:07.655 [main] [o.h.t.BasicTypeRegistry] DEBUG org.hibernate.type.BasicTypeRegistry - Adding type registration java.util.Currency -&gt; org.hibernate.type.CurrencyType@2d0566ba
12:23:07.655 [main] [o.h.t.BasicTypeRegistry] DEBUG org.hibernate.type.BasicTypeRegistry - Adding type registration timezone -&gt; org.hibernate.type.TimeZoneType@1cfd1875
12:23:07.655 [main] [o.h.t.BasicTypeRegistry] DEBUG org.hibernate.type.BasicTypeRegistry - Adding type registration java.util.TimeZone -&gt; org.hibernate.type.TimeZoneType@1cfd1875
12:23:07.655 [main] [o.h.t.BasicTypeRegistry] DEBUG org.hibernate.type.BasicTypeRegistry - Adding type registration class -&gt; org.hibernate.type.ClassType@436390f4
12:23:07.655 [main] [o.h.t.BasicTypeRegistry] DEBUG org.hibernate.type.BasicTypeRegistry - Adding type registration java.lang.Class -&gt; org.hibernate.type.ClassType@436390f4
12:23:07.655 [main] [o.h.t.BasicTypeRegistry] DEBUG org.hibernate.type.BasicTypeRegistry - Adding type registration uuid-binary -&gt; org.hibernate.type.UUIDBinaryType@3c8bdd5b
12:23:07.655 [main] [o.h.t.BasicTypeRegistry] DEBUG org.hibernate.type.BasicTypeRegistry - Adding type registration java.util.UUID -&gt; org.hibernate.type.UUIDBinaryType@3c8bdd5b
12:23:07.655 [main] [o.h.t.BasicTypeRegistry] DEBUG org.hibernate.type.BasicTypeRegistry - Adding type registration uuid-char -&gt; org.hibernate.type.UUIDCharType@58783f6c
12:23:07.655 [main] [o.h.t.BasicTypeRegistry] DEBUG org.hibernate.type.BasicTypeRegistry - Adding type registration binary -&gt; org.hibernate.type.BinaryType@1bc53649
12:23:07.655 [main] [o.h.t.BasicTypeRegistry] DEBUG org.hibernate.type.BasicTypeRegistry - Adding type registration byte[] -&gt; org.hibernate.type.BinaryType@1bc53649
12:23:07.655 [main] [o.h.t.BasicTypeRegistry] DEBUG org.hibernate.type.BasicTypeRegistry - Adding type registration [B -&gt; org.hibernate.type.BinaryType@1bc53649
12:23:07.655 [main] [o.h.t.BasicTypeRegistry] DEBUG org.hibernate.type.BasicTypeRegistry - Adding type registration wrapper-binary -&gt; org.hibernate.type.WrapperBinaryType@160c3ec1
12:23:07.655 [main] [o.h.t.BasicTypeRegistry] DEBUG org.hibernate.type.BasicTypeRegistry - Adding type registration Byte[] -&gt; org.hibernate.type.WrapperBinaryType@160c3ec1
12:23:07.655 [main] [o.h.t.BasicTypeRegistry] DEBUG org.hibernate.type.BasicTypeRegistry - Adding type registration [Ljava.lang.Byte; -&gt; org.hibernate.type.WrapperBinaryType@160c3ec1
12:23:07.655 [main] [o.h.t.BasicTypeRegistry] DEBUG org.hibernate.type.BasicTypeRegistry - Adding type registration row_version -&gt; org.hibernate.type.RowVersionType@3704122f
12:23:07.655 [main] [o.h.t.BasicTypeRegistry] DEBUG org.hibernate.type.BasicTypeRegistry - Adding type registration image -&gt; org.hibernate.type.ImageType@10b3df93
12:23:07.655 [main] [o.h.t.BasicTypeRegistry] DEBUG org.hibernate.type.BasicTypeRegistry - Adding type registration characters -&gt; org.hibernate.type.CharArrayType@1dfd5f51
12:23:07.655 [main] [o.h.t.BasicTypeRegistry] DEBUG org.hibernate.type.BasicTypeRegistry - Adding type registration char[] -&gt; org.hibernate.type.CharArrayType@1dfd5f51
12:23:07.655 [main] [o.h.t.BasicTypeRegistry] DEBUG org.hibernate.type.BasicTypeRegistry - Adding type registration [C -&gt; org.hibernate.type.CharArrayType@1dfd5f51
12:23:07.655 [main] [o.h.t.BasicTypeRegistry] DEBUG org.hibernate.type.BasicTypeRegistry - Adding type registration wrapper-characters -&gt; org.hibernate.type.CharacterArrayType@610db97e
12:23:07.655 [main] [o.h.t.BasicTypeRegistry] DEBUG org.hibernate.type.BasicTypeRegistry - Adding type registration [Ljava.lang.Character; -&gt; org.hibernate.type.CharacterArrayType@610db97e
12:23:07.655 [main] [o.h.t.BasicTypeRegistry] DEBUG org.hibernate.type.BasicTypeRegistry - Adding type registration Character[] -&gt; org.hibernate.type.CharacterArrayType@610db97e
12:23:07.655 [main] [o.h.t.BasicTypeRegistry] DEBUG org.hibernate.type.BasicTypeRegistry - Adding type registration text -&gt; org.hibernate.type.TextType@4ced35ed
12:23:07.655 [main] [o.h.t.BasicTypeRegistry] DEBUG org.hibernate.type.BasicTypeRegistry - Adding type registration ntext -&gt; org.hibernate.type.NTextType@6831d8fd
12:23:07.655 [main] [o.h.t.BasicTypeRegistry] DEBUG org.hibernate.type.BasicTypeRegistry - Adding type registration blob -&gt; org.hibernate.type.BlobType@4acf72b6
12:23:07.655 [main] [o.h.t.BasicTypeRegistry] DEBUG org.hibernate.type.BasicTypeRegistry - Adding type registration java.sql.Blob -&gt; org.hibernate.type.BlobType@4acf72b6
12:23:07.655 [main] [o.h.t.BasicTypeRegistry] DEBUG org.hibernate.type.BasicTypeRegistry - Adding type registration materialized_blob -&gt; org.hibernate.type.MaterializedBlobType@24b52d3e
12:23:07.655 [main] [o.h.t.BasicTypeRegistry] DEBUG org.hibernate.type.BasicTypeRegistry - Adding type registration clob -&gt; org.hibernate.type.ClobType@4b770e40
12:23:07.655 [main] [o.h.t.BasicTypeRegistry] DEBUG org.hibernate.type.BasicTypeRegistry - Adding type registration java.sql.Clob -&gt; org.hibernate.type.ClobType@4b770e40
12:23:07.655 [main] [o.h.t.BasicTypeRegistry] DEBUG org.hibernate.type.BasicTypeRegistry - Adding type registration nclob -&gt; org.hibernate.type.NClobType@4102b1b1
12:23:07.655 [main] [o.h.t.BasicTypeRegistry] DEBUG org.hibernate.type.BasicTypeRegistry - Adding type registration java.sql.NClob -&gt; org.hibernate.type.NClobType@4102b1b1
12:23:07.655 [main] [o.h.t.BasicTypeRegistry] DEBUG org.hibernate.type.BasicTypeRegistry - Adding type registration materialized_clob -&gt; org.hibernate.type.MaterializedClobType@5b69fd74
12:23:07.655 [main] [o.h.t.BasicTypeRegistry] DEBUG org.hibernate.type.BasicTypeRegistry - Adding type registration materialized_nclob -&gt; org.hibernate.type.MaterializedNClobType@77b325b3
12:23:07.655 [main] [o.h.t.BasicTypeRegistry] DEBUG org.hibernate.type.BasicTypeRegistry - Adding type registration serializable -&gt; org.hibernate.type.SerializableType@51abf713
12:23:07.655 [main] [o.h.t.BasicTypeRegistry] DEBUG org.hibernate.type.BasicTypeRegistry - Adding type registration object -&gt; org.hibernate.type.ObjectType@308a6984
12:23:07.655 [main] [o.h.t.BasicTypeRegistry] DEBUG org.hibernate.type.BasicTypeRegistry - Adding type registration java.lang.Object -&gt; org.hibernate.type.ObjectType@308a6984
12:23:07.655 [main] [o.h.t.BasicTypeRegistry] DEBUG org.hibernate.type.BasicTypeRegistry - Adding type registration imm_date -&gt; org.hibernate.type.AdaptedImmutableType@b34832b
12:23:07.655 [main] [o.h.t.BasicTypeRegistry] DEBUG org.hibernate.type.BasicTypeRegistry - Adding type registration imm_time -&gt; org.hibernate.type.AdaptedImmutableType@48f4713c
12:23:07.655 [main] [o.h.t.BasicTypeRegistry] DEBUG org.hibernate.type.BasicTypeRegistry - Adding type registration imm_timestamp -&gt; org.hibernate.type.AdaptedImmutableType@f1868c9
12:23:07.655 [main] [o.h.t.BasicTypeRegistry] DEBUG org.hibernate.type.BasicTypeRegistry - Adding type registration imm_dbtimestamp -&gt; org.hibernate.type.AdaptedImmutableType@4ba6ec50
12:23:07.655 [main] [o.h.t.BasicTypeRegistry] DEBUG org.hibernate.type.BasicTypeRegistry - Adding type registration imm_calendar -&gt; org.hibernate.type.AdaptedImmutableType@642413d4
12:23:07.655 [main] [o.h.t.BasicTypeRegistry] DEBUG org.hibernate.type.BasicTypeRegistry - Adding type registration imm_calendar_date -&gt; org.hibernate.type.AdaptedImmutableType@fb2e3fd
12:23:07.655 [main] [o.h.t.BasicTypeRegistry] DEBUG org.hibernate.type.BasicTypeRegistry - Adding type registration imm_binary -&gt; org.hibernate.type.AdaptedImmutableType@43a09ce2
12:23:07.655 [main] [o.h.t.BasicTypeRegistry] DEBUG org.hibernate.type.BasicTypeRegistry - Adding type registration imm_serializable -&gt; org.hibernate.type.AdaptedImmutableType@3f183caa
12:23:07.655 [main] [o.s.j.d.DriverManagerDataSource] DEBUG org.springframework.jdbc.datasource.DriverManagerDataSource - Creating new JDBC DriverManager Connection to [jdbc:hsqldb:file:C:\Users\3moulj69\AppData\Local\Temp\/hsqldb/productDb;shutdown=true]
12:23:07.702 [main] [o.h.e.j.e.i.JdbcEnvironmentInitiator] DEBUG org.hibernate.engine.jdbc.env.internal.JdbcEnvironmentInitiator - Database -&gt;
       name : HSQL Database Engine
    version : 2.2.4
      major : 2
      minor : 2
12:23:07.702 [main] [o.h.e.j.e.i.JdbcEnvironmentInitiator] DEBUG org.hibernate.engine.jdbc.env.internal.JdbcEnvironmentInitiator - Driver -&gt;
       name : HSQL Database Engine Driver
    version : 2.2.4
      major : 2
      minor : 2
12:23:07.702 [main] [o.h.e.j.e.i.JdbcEnvironmentInitiator] DEBUG org.hibernate.engine.jdbc.env.internal.JdbcEnvironmentInitiator - JDBC version : 4.0
12:23:07.702 [main] [o.h.d.Dialect] INFO  org.hibernate.dialect.Dialect - HHH000400: Using dialect: org.hibernate.dialect.HSQLDialect
12:23:07.717 [main] [o.h.e.j.e.s.IdentifierHelperBuilder] DEBUG org.hibernate.engine.jdbc.env.spi.IdentifierHelperBuilder - JDBC driver metadata reported database stores quoted identifiers in neither upper, lower nor mixed case
12:23:07.842 [main] [o.h.i.f.i.DefaultIdentifierGeneratorFactory] DEBUG org.hibernate.id.factory.internal.DefaultIdentifierGeneratorFactory - Registering IdentifierGenerator strategy [uuid2] -&gt; [org.hibernate.id.UUIDGenerator]
12:23:07.842 [main] [o.h.i.f.i.DefaultIdentifierGeneratorFactory] DEBUG org.hibernate.id.factory.internal.DefaultIdentifierGeneratorFactory - Registering IdentifierGenerator strategy [guid] -&gt; [org.hibernate.id.GUIDGenerator]
12:23:07.842 [main] [o.h.i.f.i.DefaultIdentifierGeneratorFactory] DEBUG org.hibernate.id.factory.internal.DefaultIdentifierGeneratorFactory - Registering IdentifierGenerator strategy [uuid] -&gt; [org.hibernate.id.UUIDHexGenerator]
12:23:07.842 [main] [o.h.i.f.i.DefaultIdentifierGeneratorFactory] DEBUG org.hibernate.id.factory.internal.DefaultIdentifierGeneratorFactory - Registering IdentifierGenerator strategy [uuid.hex] -&gt; [org.hibernate.id.UUIDHexGenerator]
12:23:07.842 [main] [o.h.i.f.i.DefaultIdentifierGeneratorFactory] DEBUG org.hibernate.id.factory.internal.DefaultIdentifierGeneratorFactory - Registering IdentifierGenerator strategy [assigned] -&gt; [org.hibernate.id.Assigned]
12:23:07.842 [main] [o.h.i.f.i.DefaultIdentifierGeneratorFactory] DEBUG org.hibernate.id.factory.internal.DefaultIdentifierGeneratorFactory - Registering IdentifierGenerator strategy [identity] -&gt; [org.hibernate.id.IdentityGenerator]
12:23:07.842 [main] [o.h.i.f.i.DefaultIdentifierGeneratorFactory] DEBUG org.hibernate.id.factory.internal.DefaultIdentifierGeneratorFactory - Registering IdentifierGenerator strategy [select] -&gt; [org.hibernate.id.SelectGenerator]
12:23:07.842 [main] [o.h.i.f.i.DefaultIdentifierGeneratorFactory] DEBUG org.hibernate.id.factory.internal.DefaultIdentifierGeneratorFactory - Registering IdentifierGenerator strategy [sequence] -&gt; [org.hibernate.id.enhanced.SequenceStyleGenerator]
12:23:07.842 [main] [o.h.i.f.i.DefaultIdentifierGeneratorFactory] DEBUG org.hibernate.id.factory.internal.DefaultIdentifierGeneratorFactory - Registering IdentifierGenerator strategy [seqhilo] -&gt; [org.hibernate.id.SequenceHiLoGenerator]
12:23:07.842 [main] [o.h.i.f.i.DefaultIdentifierGeneratorFactory] DEBUG org.hibernate.id.factory.internal.DefaultIdentifierGeneratorFactory - Registering IdentifierGenerator strategy [increment] -&gt; [org.hibernate.id.IncrementGenerator]
12:23:07.842 [main] [o.h.i.f.i.DefaultIdentifierGeneratorFactory] DEBUG org.hibernate.id.factory.internal.DefaultIdentifierGeneratorFactory - Registering IdentifierGenerator strategy [foreign] -&gt; [org.hibernate.id.ForeignGenerator]
12:23:07.842 [main] [o.h.i.f.i.DefaultIdentifierGeneratorFactory] DEBUG org.hibernate.id.factory.internal.DefaultIdentifierGeneratorFactory - Registering IdentifierGenerator strategy [sequence-identity] -&gt; [org.hibernate.id.SequenceIdentityGenerator]
12:23:07.842 [main] [o.h.i.f.i.DefaultIdentifierGeneratorFactory] DEBUG org.hibernate.id.factory.internal.DefaultIdentifierGeneratorFactory - Registering IdentifierGenerator strategy [enhanced-sequence] -&gt; [org.hibernate.id.enhanced.SequenceStyleGenerator]
12:23:07.842 [main] [o.h.i.f.i.DefaultIdentifierGeneratorFactory] DEBUG org.hibernate.id.factory.internal.DefaultIdentifierGeneratorFactory - Registering IdentifierGenerator strategy [enhanced-table] -&gt; [org.hibernate.id.enhanced.TableGenerator]
12:23:07.842 [main] [o.h.b.m.r.Namespace] DEBUG org.hibernate.boot.model.relational.Namespace - Created database namespace [logicalName=Name{catalog=null, schema=null}, physicalName=Name{catalog=null, schema=null}]
12:23:07.842 [main] [o.h.c.AnnotationBinder] DEBUG org.hibernate.cfg.AnnotationBinder - Binding entity from annotated class: org.solent.com504.project.model.bid.dto.Bid
12:23:07.842 [main] [o.h.c.Ejb3Column] DEBUG org.hibernate.cfg.Ejb3Column - Binding column: Ejb3DiscriminatorColumn{logicalColumnName&apos;DTYPE&apos;, discriminatorTypeName=&apos;string&apos;}
12:23:07.842 [main] [o.h.c.a.EntityBinder] DEBUG org.hibernate.cfg.annotations.EntityBinder - Import with entity name Bid
12:23:07.842 [main] [o.h.c.a.EntityBinder] DEBUG org.hibernate.cfg.annotations.EntityBinder - Bind entity org.solent.com504.project.model.bid.dto.Bid on table Bid
12:23:07.842 [main] [o.h.c.Ejb3Column] DEBUG org.hibernate.cfg.Ejb3Column - Binding column: Ejb3Column{table=org.hibernate.mapping.Table(Bid), mappingColumn=id, insertable=true, updatable=true, unique=false}
12:23:07.842 [main] [o.h.c.a.PropertyBinder] DEBUG org.hibernate.cfg.annotations.PropertyBinder - MetadataSourceProcessor property id with lazy=false
12:23:07.842 [main] [o.h.c.AbstractPropertyHolder] DEBUG org.hibernate.cfg.AbstractPropertyHolder - Attempting to locate auto-apply AttributeConverter for property [org.solent.com504.project.model.bid.dto.Bid:id]
12:23:07.842 [main] [o.h.c.a.SimpleValueBinder] DEBUG org.hibernate.cfg.annotations.SimpleValueBinder - building SimpleValue for id
12:23:07.842 [main] [o.h.c.a.PropertyBinder] DEBUG org.hibernate.cfg.annotations.PropertyBinder - Building property id
12:23:07.842 [main] [o.h.c.Ejb3Column] DEBUG org.hibernate.cfg.Ejb3Column - Binding column: Ejb3JoinColumn{logicalColumnName=&apos;null&apos;, referencedColumn=&apos;null&apos;, mappedBy=&apos;null&apos;}
12:23:07.842 [main] [o.h.c.Ejb3Column] DEBUG org.hibernate.cfg.Ejb3Column - Binding column: Ejb3Column{table=org.hibernate.mapping.Table(Bid), mappingColumn=lot, insertable=true, updatable=true, unique=false}
12:23:07.842 [main] [o.h.c.a.PropertyBinder] DEBUG org.hibernate.cfg.annotations.PropertyBinder - Building property lot
12:23:07.842 [main] [o.h.c.Ejb3Column] DEBUG org.hibernate.cfg.Ejb3Column - Binding column: Ejb3Column{table=org.hibernate.mapping.Table(Bid), mappingColumn=partyId, insertable=true, updatable=true, unique=false}
12:23:07.842 [main] [o.h.c.a.PropertyBinder] DEBUG org.hibernate.cfg.annotations.PropertyBinder - MetadataSourceProcessor property partyId with lazy=false
12:23:07.842 [main] [o.h.c.AbstractPropertyHolder] DEBUG org.hibernate.cfg.AbstractPropertyHolder - Attempting to locate auto-apply AttributeConverter for property [org.solent.com504.project.model.bid.dto.Bid:partyId]
12:23:07.842 [main] [o.h.c.a.SimpleValueBinder] DEBUG org.hibernate.cfg.annotations.SimpleValueBinder - building SimpleValue for partyId
12:23:07.842 [main] [o.h.c.a.PropertyBinder] DEBUG org.hibernate.cfg.annotations.PropertyBinder - Building property partyId
12:23:07.842 [main] [o.h.c.Ejb3Column] DEBUG org.hibernate.cfg.Ejb3Column - Binding column: Ejb3Column{table=org.hibernate.mapping.Table(Bid), mappingColumn=timeStamp, insertable=true, updatable=true, unique=false}
12:23:07.842 [main] [o.h.c.a.PropertyBinder] DEBUG org.hibernate.cfg.annotations.PropertyBinder - MetadataSourceProcessor property timeStamp with lazy=false
12:23:07.842 [main] [o.h.c.AbstractPropertyHolder] DEBUG org.hibernate.cfg.AbstractPropertyHolder - Attempting to locate auto-apply AttributeConverter for property [org.solent.com504.project.model.bid.dto.Bid:timeStamp]
12:23:07.842 [main] [o.h.c.a.SimpleValueBinder] DEBUG org.hibernate.cfg.annotations.SimpleValueBinder - building SimpleValue for timeStamp
12:23:07.842 [main] [o.h.c.a.PropertyBinder] DEBUG org.hibernate.cfg.annotations.PropertyBinder - Building property timeStamp
12:23:07.842 [main] [o.h.c.Ejb3Column] DEBUG org.hibernate.cfg.Ejb3Column - Binding column: Ejb3Column{table=org.hibernate.mapping.Table(Bid), mappingColumn=value, insertable=true, updatable=true, unique=false}
12:23:07.842 [main] [o.h.c.a.PropertyBinder] DEBUG org.hibernate.cfg.annotations.PropertyBinder - MetadataSourceProcessor property value with lazy=false
12:23:07.842 [main] [o.h.c.AbstractPropertyHolder] DEBUG org.hibernate.cfg.AbstractPropertyHolder - Attempting to locate auto-apply AttributeConverter for property [org.solent.com504.project.model.bid.dto.Bid:value]
12:23:07.842 [main] [o.h.c.a.SimpleValueBinder] DEBUG org.hibernate.cfg.annotations.SimpleValueBinder - building SimpleValue for value
12:23:07.842 [main] [o.h.c.a.PropertyBinder] DEBUG org.hibernate.cfg.annotations.PropertyBinder - Building property value
12:23:07.842 [main] [o.h.c.AnnotationBinder] DEBUG org.hibernate.cfg.AnnotationBinder - Binding entity from annotated class: org.solent.com504.project.model.user.dto.Role
12:23:07.842 [main] [o.h.c.Ejb3Column] DEBUG org.hibernate.cfg.Ejb3Column - Binding column: Ejb3DiscriminatorColumn{logicalColumnName&apos;DTYPE&apos;, discriminatorTypeName=&apos;string&apos;}
12:23:07.842 [main] [o.h.c.a.EntityBinder] DEBUG org.hibernate.cfg.annotations.EntityBinder - Import with entity name Role
12:23:07.842 [main] [o.h.c.a.EntityBinder] DEBUG org.hibernate.cfg.annotations.EntityBinder - Bind entity org.solent.com504.project.model.user.dto.Role on table role
12:23:07.842 [main] [o.h.c.Ejb3Column] DEBUG org.hibernate.cfg.Ejb3Column - Binding column: Ejb3Column{table=org.hibernate.mapping.Table(role), mappingColumn=id, insertable=true, updatable=true, unique=false}
12:23:07.842 [main] [o.h.c.a.PropertyBinder] DEBUG org.hibernate.cfg.annotations.PropertyBinder - MetadataSourceProcessor property id with lazy=false
12:23:07.842 [main] [o.h.c.AbstractPropertyHolder] DEBUG org.hibernate.cfg.AbstractPropertyHolder - Attempting to locate auto-apply AttributeConverter for property [org.solent.com504.project.model.user.dto.Role:id]
12:23:07.842 [main] [o.h.c.a.SimpleValueBinder] DEBUG org.hibernate.cfg.annotations.SimpleValueBinder - building SimpleValue for id
12:23:07.842 [main] [o.h.c.a.PropertyBinder] DEBUG org.hibernate.cfg.annotations.PropertyBinder - Building property id
12:23:07.842 [main] [o.h.c.Ejb3Column] DEBUG org.hibernate.cfg.Ejb3Column - Binding column: Ejb3Column{table=org.hibernate.mapping.Table(role), mappingColumn=name, insertable=true, updatable=true, unique=false}
12:23:07.842 [main] [o.h.c.a.PropertyBinder] DEBUG org.hibernate.cfg.annotations.PropertyBinder - MetadataSourceProcessor property name with lazy=false
12:23:07.842 [main] [o.h.c.AbstractPropertyHolder] DEBUG org.hibernate.cfg.AbstractPropertyHolder - Attempting to locate auto-apply AttributeConverter for property [org.solent.com504.project.model.user.dto.Role:name]
12:23:07.842 [main] [o.h.c.a.SimpleValueBinder] DEBUG org.hibernate.cfg.annotations.SimpleValueBinder - building SimpleValue for name
12:23:07.842 [main] [o.h.c.a.PropertyBinder] DEBUG org.hibernate.cfg.annotations.PropertyBinder - Building property name
12:23:07.842 [main] [o.h.c.Ejb3Column] DEBUG org.hibernate.cfg.Ejb3Column - Binding column: Ejb3Column{table=org.hibernate.mapping.Table(role), mappingColumn=null, insertable=true, updatable=true, unique=false}
12:23:07.842 [main] [o.h.c.Ejb3Column] DEBUG org.hibernate.cfg.Ejb3Column - Binding column: Ejb3Column{table=org.hibernate.mapping.Table(role), mappingColumn=element, insertable=true, updatable=true, unique=false}
12:23:07.842 [main] [o.h.c.Ejb3Column] DEBUG org.hibernate.cfg.Ejb3Column - Binding column: Ejb3Column{table=org.hibernate.mapping.Table(role), mappingColumn=users_KEY, insertable=true, updatable=true, unique=false}
12:23:07.842 [main] [o.h.c.Ejb3Column] DEBUG org.hibernate.cfg.Ejb3Column - Binding column: Ejb3JoinColumn{logicalColumnName=&apos;users_KEY&apos;, referencedColumn=&apos;null&apos;, mappedBy=&apos;null&apos;}
12:23:07.842 [main] [o.h.c.Ejb3Column] DEBUG org.hibernate.cfg.Ejb3Column - Binding column: Ejb3JoinColumn{logicalColumnName=&apos;null&apos;, referencedColumn=&apos;null&apos;, mappedBy=&apos;roles&apos;}
12:23:07.842 [main] [o.h.c.Ejb3Column] DEBUG org.hibernate.cfg.Ejb3Column - Binding column: Ejb3JoinColumn{logicalColumnName=&apos;null&apos;, referencedColumn=&apos;null&apos;, mappedBy=&apos;roles&apos;}
12:23:07.842 [main] [o.h.c.a.CollectionBinder] DEBUG org.hibernate.cfg.annotations.CollectionBinder - Collection role: org.solent.com504.project.model.user.dto.Role.users
12:23:07.842 [main] [o.h.c.a.PropertyBinder] DEBUG org.hibernate.cfg.annotations.PropertyBinder - Building property users
12:23:07.842 [main] [o.h.c.AnnotationBinder] DEBUG org.hibernate.cfg.AnnotationBinder - Binding entity from annotated class: org.solent.com504.project.model.auction.dto.Auction
12:23:07.842 [main] [o.h.c.Ejb3Column] DEBUG org.hibernate.cfg.Ejb3Column - Binding column: Ejb3DiscriminatorColumn{logicalColumnName&apos;DTYPE&apos;, discriminatorTypeName=&apos;string&apos;}
12:23:07.842 [main] [o.h.c.a.EntityBinder] DEBUG org.hibernate.cfg.annotations.EntityBinder - Import with entity name Auction
12:23:07.842 [main] [o.h.c.a.EntityBinder] DEBUG org.hibernate.cfg.annotations.EntityBinder - Bind entity org.solent.com504.project.model.auction.dto.Auction on table Auction
12:23:07.858 [main] [o.h.c.Ejb3Column] DEBUG org.hibernate.cfg.Ejb3Column - Binding column: Ejb3Column{table=org.hibernate.mapping.Table(Auction), mappingColumn=id, insertable=true, updatable=true, unique=false}
12:23:07.858 [main] [o.h.c.a.PropertyBinder] DEBUG org.hibernate.cfg.annotations.PropertyBinder - MetadataSourceProcessor property id with lazy=false
12:23:07.858 [main] [o.h.c.AbstractPropertyHolder] DEBUG org.hibernate.cfg.AbstractPropertyHolder - Attempting to locate auto-apply AttributeConverter for property [org.solent.com504.project.model.auction.dto.Auction:id]
12:23:07.858 [main] [o.h.c.a.SimpleValueBinder] DEBUG org.hibernate.cfg.annotations.SimpleValueBinder - building SimpleValue for id
12:23:07.858 [main] [o.h.c.a.PropertyBinder] DEBUG org.hibernate.cfg.annotations.PropertyBinder - Building property id
12:23:07.858 [main] [o.h.c.Ejb3Column] DEBUG org.hibernate.cfg.Ejb3Column - Binding column: Ejb3Column{table=org.hibernate.mapping.Table(Auction), mappingColumn=auctionType, insertable=true, updatable=true, unique=false}
12:23:07.858 [main] [o.h.c.a.PropertyBinder] DEBUG org.hibernate.cfg.annotations.PropertyBinder - MetadataSourceProcessor property auctionType with lazy=false
12:23:07.858 [main] [o.h.c.AbstractPropertyHolder] DEBUG org.hibernate.cfg.AbstractPropertyHolder - Attempting to locate auto-apply AttributeConverter for property [org.solent.com504.project.model.auction.dto.Auction:auctionType]
12:23:07.858 [main] [o.h.c.a.SimpleValueBinder] DEBUG org.hibernate.cfg.annotations.SimpleValueBinder - building SimpleValue for auctionType
12:23:07.858 [main] [o.h.c.a.PropertyBinder] DEBUG org.hibernate.cfg.annotations.PropertyBinder - Building property auctionType
12:23:07.858 [main] [o.h.c.Ejb3Column] DEBUG org.hibernate.cfg.Ejb3Column - Binding column: Ejb3JoinColumn{logicalColumnName=&apos;null&apos;, referencedColumn=&apos;null&apos;, mappedBy=&apos;&apos;}
12:23:07.858 [main] [o.h.c.Ejb3Column] DEBUG org.hibernate.cfg.Ejb3Column - Binding column: Ejb3Column{table=org.hibernate.mapping.Table(Auction), mappingColumn=lots, insertable=true, updatable=true, unique=false}
12:23:07.858 [main] [o.h.c.Ejb3Column] DEBUG org.hibernate.cfg.Ejb3Column - Binding column: Ejb3Column{table=org.hibernate.mapping.Table(Auction), mappingColumn=null, insertable=true, updatable=true, unique=false}
12:23:07.858 [main] [o.h.c.Ejb3Column] DEBUG org.hibernate.cfg.Ejb3Column - Binding column: Ejb3Column{table=org.hibernate.mapping.Table(Auction), mappingColumn=element, insertable=true, updatable=true, unique=false}
12:23:07.858 [main] [o.h.c.Ejb3Column] DEBUG org.hibernate.cfg.Ejb3Column - Binding column: Ejb3Column{table=org.hibernate.mapping.Table(Auction), mappingColumn=lots_KEY, insertable=true, updatable=true, unique=false}
12:23:07.858 [main] [o.h.c.Ejb3Column] DEBUG org.hibernate.cfg.Ejb3Column - Binding column: Ejb3JoinColumn{logicalColumnName=&apos;lots_KEY&apos;, referencedColumn=&apos;null&apos;, mappedBy=&apos;null&apos;}
12:23:07.858 [main] [o.h.c.Ejb3Column] DEBUG org.hibernate.cfg.Ejb3Column - Binding column: Ejb3JoinColumn{logicalColumnName=&apos;null&apos;, referencedColumn=&apos;null&apos;, mappedBy=&apos;&apos;}
12:23:07.858 [main] [o.h.c.Ejb3Column] DEBUG org.hibernate.cfg.Ejb3Column - Binding column: Ejb3JoinColumn{logicalColumnName=&apos;null&apos;, referencedColumn=&apos;null&apos;, mappedBy=&apos;&apos;}
12:23:07.858 [main] [o.h.c.a.CollectionBinder] DEBUG org.hibernate.cfg.annotations.CollectionBinder - Collection role: org.solent.com504.project.model.auction.dto.Auction.lots
12:23:07.858 [main] [o.h.c.a.PropertyBinder] DEBUG org.hibernate.cfg.annotations.PropertyBinder - Building property lots
12:23:07.858 [main] [o.h.c.Ejb3Column] DEBUG org.hibernate.cfg.Ejb3Column - Binding column: Ejb3Column{table=org.hibernate.mapping.Table(Auction), mappingColumn=startTime, insertable=true, updatable=true, unique=false}
12:23:07.858 [main] [o.h.c.a.PropertyBinder] DEBUG org.hibernate.cfg.annotations.PropertyBinder - MetadataSourceProcessor property startTime with lazy=false
12:23:07.858 [main] [o.h.c.AbstractPropertyHolder] DEBUG org.hibernate.cfg.AbstractPropertyHolder - Attempting to locate auto-apply AttributeConverter for property [org.solent.com504.project.model.auction.dto.Auction:startTime]
12:23:07.858 [main] [o.h.c.a.SimpleValueBinder] DEBUG org.hibernate.cfg.annotations.SimpleValueBinder - building SimpleValue for startTime
12:23:07.858 [main] [o.h.c.a.PropertyBinder] DEBUG org.hibernate.cfg.annotations.PropertyBinder - Building property startTime
12:23:07.858 [main] [o.h.c.Ejb3Column] DEBUG org.hibernate.cfg.Ejb3Column - Binding column: Ejb3Column{table=org.hibernate.mapping.Table(Auction), mappingColumn=type, insertable=true, updatable=true, unique=false}
12:23:07.858 [main] [o.h.c.a.PropertyBinder] DEBUG org.hibernate.cfg.annotations.PropertyBinder - MetadataSourceProcessor property type with lazy=false
12:23:07.858 [main] [o.h.c.AbstractPropertyHolder] DEBUG org.hibernate.cfg.AbstractPropertyHolder - Attempting to locate auto-apply AttributeConverter for property [org.solent.com504.project.model.auction.dto.Auction:type]
12:23:07.858 [main] [o.h.c.a.SimpleValueBinder] DEBUG org.hibernate.cfg.annotations.SimpleValueBinder - building SimpleValue for type
12:23:07.858 [main] [o.h.c.a.PropertyBinder] DEBUG org.hibernate.cfg.annotations.PropertyBinder - Building property type
12:23:07.858 [main] [o.h.c.AnnotationBinder] DEBUG org.hibernate.cfg.AnnotationBinder - Binding entity from annotated class: org.solent.com504.project.model.lot.dto.Lot
12:23:07.858 [main] [o.h.c.Ejb3Column] DEBUG org.hibernate.cfg.Ejb3Column - Binding column: Ejb3DiscriminatorColumn{logicalColumnName&apos;DTYPE&apos;, discriminatorTypeName=&apos;string&apos;}
12:23:07.858 [main] [o.h.c.a.EntityBinder] DEBUG org.hibernate.cfg.annotations.EntityBinder - Import with entity name Lot
12:23:07.858 [main] [o.h.c.a.EntityBinder] DEBUG org.hibernate.cfg.annotations.EntityBinder - Bind entity org.solent.com504.project.model.lot.dto.Lot on table Lot
12:23:07.858 [main] [o.h.c.Ejb3Column] DEBUG org.hibernate.cfg.Ejb3Column - Binding column: Ejb3Column{table=org.hibernate.mapping.Table(Lot), mappingColumn=id, insertable=true, updatable=true, unique=false}
12:23:07.858 [main] [o.h.c.a.PropertyBinder] DEBUG org.hibernate.cfg.annotations.PropertyBinder - MetadataSourceProcessor property id with lazy=false
12:23:07.858 [main] [o.h.c.AbstractPropertyHolder] DEBUG org.hibernate.cfg.AbstractPropertyHolder - Attempting to locate auto-apply AttributeConverter for property [org.solent.com504.project.model.lot.dto.Lot:id]
12:23:07.858 [main] [o.h.c.a.SimpleValueBinder] DEBUG org.hibernate.cfg.annotations.SimpleValueBinder - building SimpleValue for id
12:23:07.858 [main] [o.h.c.a.PropertyBinder] DEBUG org.hibernate.cfg.annotations.PropertyBinder - Building property id
12:23:07.858 [main] [o.h.c.Ejb3Column] DEBUG org.hibernate.cfg.Ejb3Column - Binding column: Ejb3JoinColumn{logicalColumnName=&apos;null&apos;, referencedColumn=&apos;null&apos;, mappedBy=&apos;&apos;}
12:23:07.858 [main] [o.h.c.Ejb3Column] DEBUG org.hibernate.cfg.Ejb3Column - Binding column: Ejb3Column{table=org.hibernate.mapping.Table(Lot), mappingColumn=bids, insertable=true, updatable=true, unique=false}
12:23:07.858 [main] [o.h.c.Ejb3Column] DEBUG org.hibernate.cfg.Ejb3Column - Binding column: Ejb3Column{table=org.hibernate.mapping.Table(Lot), mappingColumn=null, insertable=true, updatable=true, unique=false}
12:23:07.858 [main] [o.h.c.Ejb3Column] DEBUG org.hibernate.cfg.Ejb3Column - Binding column: Ejb3Column{table=org.hibernate.mapping.Table(Lot), mappingColumn=element, insertable=true, updatable=true, unique=false}
12:23:07.858 [main] [o.h.c.Ejb3Column] DEBUG org.hibernate.cfg.Ejb3Column - Binding column: Ejb3Column{table=org.hibernate.mapping.Table(Lot), mappingColumn=bids_KEY, insertable=true, updatable=true, unique=false}
12:23:07.858 [main] [o.h.c.Ejb3Column] DEBUG org.hibernate.cfg.Ejb3Column - Binding column: Ejb3JoinColumn{logicalColumnName=&apos;bids_KEY&apos;, referencedColumn=&apos;null&apos;, mappedBy=&apos;null&apos;}
12:23:07.858 [main] [o.h.c.Ejb3Column] DEBUG org.hibernate.cfg.Ejb3Column - Binding column: Ejb3JoinColumn{logicalColumnName=&apos;null&apos;, referencedColumn=&apos;null&apos;, mappedBy=&apos;&apos;}
12:23:07.858 [main] [o.h.c.Ejb3Column] DEBUG org.hibernate.cfg.Ejb3Column - Binding column: Ejb3JoinColumn{logicalColumnName=&apos;null&apos;, referencedColumn=&apos;null&apos;, mappedBy=&apos;&apos;}
12:23:07.858 [main] [o.h.c.a.CollectionBinder] DEBUG org.hibernate.cfg.annotations.CollectionBinder - Collection role: org.solent.com504.project.model.lot.dto.Lot.bids
12:23:07.858 [main] [o.h.c.a.PropertyBinder] DEBUG org.hibernate.cfg.annotations.PropertyBinder - Building property bids
12:23:07.858 [main] [o.h.c.Ejb3Column] DEBUG org.hibernate.cfg.Ejb3Column - Binding column: Ejb3Column{table=org.hibernate.mapping.Table(Lot), mappingColumn=duration, insertable=true, updatable=true, unique=false}
12:23:07.858 [main] [o.h.c.a.PropertyBinder] DEBUG org.hibernate.cfg.annotations.PropertyBinder - MetadataSourceProcessor property duration with lazy=false
12:23:07.858 [main] [o.h.c.AbstractPropertyHolder] DEBUG org.hibernate.cfg.AbstractPropertyHolder - Attempting to locate auto-apply AttributeConverter for property [org.solent.com504.project.model.lot.dto.Lot:duration]
12:23:07.858 [main] [o.h.c.a.SimpleValueBinder] DEBUG org.hibernate.cfg.annotations.SimpleValueBinder - building SimpleValue for duration
12:23:07.858 [main] [o.h.c.a.PropertyBinder] DEBUG org.hibernate.cfg.annotations.PropertyBinder - Building property duration
12:23:07.858 [main] [o.h.c.Ejb3Column] DEBUG org.hibernate.cfg.Ejb3Column - Binding column: Ejb3Column{table=org.hibernate.mapping.Table(Lot), mappingColumn=grade, insertable=true, updatable=true, unique=false}
12:23:07.858 [main] [o.h.c.a.PropertyBinder] DEBUG org.hibernate.cfg.annotations.PropertyBinder - MetadataSourceProcessor property grade with lazy=false
12:23:07.858 [main] [o.h.c.AbstractPropertyHolder] DEBUG org.hibernate.cfg.AbstractPropertyHolder - Attempting to locate auto-apply AttributeConverter for property [org.solent.com504.project.model.lot.dto.Lot:grade]
12:23:07.858 [main] [o.h.c.a.SimpleValueBinder] DEBUG org.hibernate.cfg.annotations.SimpleValueBinder - building SimpleValue for grade
12:23:07.858 [main] [o.h.c.a.PropertyBinder] DEBUG org.hibernate.cfg.annotations.PropertyBinder - Building property grade
12:23:07.858 [main] [o.h.c.Ejb3Column] DEBUG org.hibernate.cfg.Ejb3Column - Binding column: Ejb3Column{table=org.hibernate.mapping.Table(Lot), mappingColumn=highestBidPrice, insertable=true, updatable=true, unique=false}
12:23:07.858 [main] [o.h.c.a.PropertyBinder] DEBUG org.hibernate.cfg.annotations.PropertyBinder - MetadataSourceProcessor property highestBidPrice with lazy=false
12:23:07.858 [main] [o.h.c.AbstractPropertyHolder] DEBUG org.hibernate.cfg.AbstractPropertyHolder - Attempting to locate auto-apply AttributeConverter for property [org.solent.com504.project.model.lot.dto.Lot:highestBidPrice]
12:23:07.858 [main] [o.h.c.a.SimpleValueBinder] DEBUG org.hibernate.cfg.annotations.SimpleValueBinder - building SimpleValue for highestBidPrice
12:23:07.858 [main] [o.h.c.a.PropertyBinder] DEBUG org.hibernate.cfg.annotations.PropertyBinder - Building property highestBidPrice
12:23:07.858 [main] [o.h.c.Ejb3Column] DEBUG org.hibernate.cfg.Ejb3Column - Binding column: Ejb3Column{table=org.hibernate.mapping.Table(Lot), mappingColumn=life_days, insertable=true, updatable=true, unique=false}
12:23:07.858 [main] [o.h.c.a.PropertyBinder] DEBUG org.hibernate.cfg.annotations.PropertyBinder - MetadataSourceProcessor property life_days with lazy=false
12:23:07.858 [main] [o.h.c.AbstractPropertyHolder] DEBUG org.hibernate.cfg.AbstractPropertyHolder - Attempting to locate auto-apply AttributeConverter for property [org.solent.com504.project.model.lot.dto.Lot:life_days]
12:23:07.858 [main] [o.h.c.a.SimpleValueBinder] DEBUG org.hibernate.cfg.annotations.SimpleValueBinder - building SimpleValue for life_days
12:23:07.858 [main] [o.h.c.a.PropertyBinder] DEBUG org.hibernate.cfg.annotations.PropertyBinder - Building property life_days
12:23:07.858 [main] [o.h.c.Ejb3Column] DEBUG org.hibernate.cfg.Ejb3Column - Binding column: Ejb3Column{table=org.hibernate.mapping.Table(Lot), mappingColumn=pickdate, insertable=true, updatable=true, unique=false}
12:23:07.858 [main] [o.h.c.a.PropertyBinder] DEBUG org.hibernate.cfg.annotations.PropertyBinder - MetadataSourceProcessor property pickdate with lazy=false
12:23:07.858 [main] [o.h.c.AbstractPropertyHolder] DEBUG org.hibernate.cfg.AbstractPropertyHolder - Attempting to locate auto-apply AttributeConverter for property [org.solent.com504.project.model.lot.dto.Lot:pickdate]
12:23:07.858 [main] [o.h.c.a.SimpleValueBinder] DEBUG org.hibernate.cfg.annotations.SimpleValueBinder - building SimpleValue for pickdate
12:23:07.858 [main] [o.h.c.a.PropertyBinder] DEBUG org.hibernate.cfg.annotations.PropertyBinder - Building property pickdate
12:23:07.858 [main] [o.h.c.Ejb3Column] DEBUG org.hibernate.cfg.Ejb3Column - Binding column: Ejb3Column{table=org.hibernate.mapping.Table(Lot), mappingColumn=quantity, insertable=true, updatable=true, unique=false}
12:23:07.858 [main] [o.h.c.a.PropertyBinder] DEBUG org.hibernate.cfg.annotations.PropertyBinder - MetadataSourceProcessor property quantity with lazy=false
12:23:07.858 [main] [o.h.c.AbstractPropertyHolder] DEBUG org.hibernate.cfg.AbstractPropertyHolder - Attempting to locate auto-apply AttributeConverter for property [org.solent.com504.project.model.lot.dto.Lot:quantity]
12:23:07.858 [main] [o.h.c.a.SimpleValueBinder] DEBUG org.hibernate.cfg.annotations.SimpleValueBinder - building SimpleValue for quantity
12:23:07.858 [main] [o.h.c.a.PropertyBinder] DEBUG org.hibernate.cfg.annotations.PropertyBinder - Building property quantity
12:23:07.858 [main] [o.h.c.Ejb3Column] DEBUG org.hibernate.cfg.Ejb3Column - Binding column: Ejb3Column{table=org.hibernate.mapping.Table(Lot), mappingColumn=reservedPrice, insertable=true, updatable=true, unique=false}
12:23:07.858 [main] [o.h.c.a.PropertyBinder] DEBUG org.hibernate.cfg.annotations.PropertyBinder - MetadataSourceProcessor property reservedPrice with lazy=false
12:23:07.858 [main] [o.h.c.AbstractPropertyHolder] DEBUG org.hibernate.cfg.AbstractPropertyHolder - Attempting to locate auto-apply AttributeConverter for property [org.solent.com504.project.model.lot.dto.Lot:reservedPrice]
12:23:07.858 [main] [o.h.c.a.SimpleValueBinder] DEBUG org.hibernate.cfg.annotations.SimpleValueBinder - building SimpleValue for reservedPrice
12:23:07.858 [main] [o.h.c.a.PropertyBinder] DEBUG org.hibernate.cfg.annotations.PropertyBinder - Building property reservedPrice
12:23:07.858 [main] [o.h.c.AnnotationBinder] DEBUG org.hibernate.cfg.AnnotationBinder - Binding entity from annotated class: org.solent.com504.project.model.party.dto.Party
12:23:07.858 [main] [o.h.c.Ejb3Column] DEBUG org.hibernate.cfg.Ejb3Column - Binding column: Ejb3DiscriminatorColumn{logicalColumnName&apos;DTYPE&apos;, discriminatorTypeName=&apos;string&apos;}
12:23:07.858 [main] [o.h.c.a.EntityBinder] DEBUG org.hibernate.cfg.annotations.EntityBinder - Import with entity name Party
12:23:07.858 [main] [o.h.c.a.EntityBinder] DEBUG org.hibernate.cfg.annotations.EntityBinder - Bind entity org.solent.com504.project.model.party.dto.Party on table Party
12:23:07.858 [main] [o.h.c.Ejb3Column] DEBUG org.hibernate.cfg.Ejb3Column - Binding column: Ejb3Column{table=org.hibernate.mapping.Table(Party), mappingColumn=id, insertable=true, updatable=true, unique=false}
12:23:07.858 [main] [o.h.c.a.PropertyBinder] DEBUG org.hibernate.cfg.annotations.PropertyBinder - MetadataSourceProcessor property id with lazy=false
12:23:07.858 [main] [o.h.c.AbstractPropertyHolder] DEBUG org.hibernate.cfg.AbstractPropertyHolder - Attempting to locate auto-apply AttributeConverter for property [org.solent.com504.project.model.party.dto.Party:id]
12:23:07.858 [main] [o.h.c.a.SimpleValueBinder] DEBUG org.hibernate.cfg.annotations.SimpleValueBinder - building SimpleValue for id
12:23:07.858 [main] [o.h.c.a.PropertyBinder] DEBUG org.hibernate.cfg.annotations.PropertyBinder - Building property id
12:23:07.858 [main] [o.h.c.Ejb3Column] DEBUG org.hibernate.cfg.Ejb3Column - Binding column: Ejb3Column{table=org.hibernate.mapping.Table(Party), mappingColumn=address, insertable=true, updatable=true, unique=false}
12:23:07.858 [main] [o.h.c.Ejb3Column] DEBUG org.hibernate.cfg.Ejb3Column - Binding column: Ejb3Column{table=org.hibernate.mapping.Table(Party), mappingColumn=addressLine1, insertable=true, updatable=true, unique=false}
12:23:07.858 [main] [o.h.c.a.PropertyBinder] DEBUG org.hibernate.cfg.annotations.PropertyBinder - MetadataSourceProcessor property addressLine1 with lazy=false
12:23:07.858 [main] [o.h.c.AbstractPropertyHolder] DEBUG org.hibernate.cfg.AbstractPropertyHolder - Attempting to locate auto-apply AttributeConverter for property [org.solent.com504.project.model.party.dto.Party.address:addressLine1]
12:23:07.858 [main] [o.h.c.a.SimpleValueBinder] DEBUG org.hibernate.cfg.annotations.SimpleValueBinder - building SimpleValue for addressLine1
12:23:07.858 [main] [o.h.c.a.PropertyBinder] DEBUG org.hibernate.cfg.annotations.PropertyBinder - Building property addressLine1
12:23:07.858 [main] [o.h.c.Ejb3Column] DEBUG org.hibernate.cfg.Ejb3Column - Binding column: Ejb3Column{table=org.hibernate.mapping.Table(Party), mappingColumn=addressLine2, insertable=true, updatable=true, unique=false}
12:23:07.858 [main] [o.h.c.a.PropertyBinder] DEBUG org.hibernate.cfg.annotations.PropertyBinder - MetadataSourceProcessor property addressLine2 with lazy=false
12:23:07.858 [main] [o.h.c.AbstractPropertyHolder] DEBUG org.hibernate.cfg.AbstractPropertyHolder - Attempting to locate auto-apply AttributeConverter for property [org.solent.com504.project.model.party.dto.Party.address:addressLine2]
12:23:07.858 [main] [o.h.c.a.SimpleValueBinder] DEBUG org.hibernate.cfg.annotations.SimpleValueBinder - building SimpleValue for addressLine2
12:23:07.858 [main] [o.h.c.a.PropertyBinder] DEBUG org.hibernate.cfg.annotations.PropertyBinder - Building property addressLine2
12:23:07.858 [main] [o.h.c.Ejb3Column] DEBUG org.hibernate.cfg.Ejb3Column - Binding column: Ejb3Column{table=org.hibernate.mapping.Table(Party), mappingColumn=country, insertable=true, updatable=true, unique=false}
12:23:07.858 [main] [o.h.c.a.PropertyBinder] DEBUG org.hibernate.cfg.annotations.PropertyBinder - MetadataSourceProcessor property country with lazy=false
12:23:07.858 [main] [o.h.c.AbstractPropertyHolder] DEBUG org.hibernate.cfg.AbstractPropertyHolder - Attempting to locate auto-apply AttributeConverter for property [org.solent.com504.project.model.party.dto.Party.address:country]
12:23:07.858 [main] [o.h.c.a.SimpleValueBinder] DEBUG org.hibernate.cfg.annotations.SimpleValueBinder - building SimpleValue for country
12:23:07.858 [main] [o.h.c.a.PropertyBinder] DEBUG org.hibernate.cfg.annotations.PropertyBinder - Building property country
12:23:07.858 [main] [o.h.c.Ejb3Column] DEBUG org.hibernate.cfg.Ejb3Column - Binding column: Ejb3Column{table=org.hibernate.mapping.Table(Party), mappingColumn=county, insertable=true, updatable=true, unique=false}
12:23:07.858 [main] [o.h.c.a.PropertyBinder] DEBUG org.hibernate.cfg.annotations.PropertyBinder - MetadataSourceProcessor property county with lazy=false
12:23:07.858 [main] [o.h.c.AbstractPropertyHolder] DEBUG org.hibernate.cfg.AbstractPropertyHolder - Attempting to locate auto-apply AttributeConverter for property [org.solent.com504.project.model.party.dto.Party.address:county]
12:23:07.858 [main] [o.h.c.a.SimpleValueBinder] DEBUG org.hibernate.cfg.annotations.SimpleValueBinder - building SimpleValue for county
12:23:07.858 [main] [o.h.c.a.PropertyBinder] DEBUG org.hibernate.cfg.annotations.PropertyBinder - Building property county
12:23:07.858 [main] [o.h.c.Ejb3Column] DEBUG org.hibernate.cfg.Ejb3Column - Binding column: Ejb3Column{table=org.hibernate.mapping.Table(Party), mappingColumn=latitude, insertable=true, updatable=true, unique=false}
12:23:07.858 [main] [o.h.c.a.PropertyBinder] DEBUG org.hibernate.cfg.annotations.PropertyBinder - MetadataSourceProcessor property latitude with lazy=false
12:23:07.858 [main] [o.h.c.AbstractPropertyHolder] DEBUG org.hibernate.cfg.AbstractPropertyHolder - Attempting to locate auto-apply AttributeConverter for property [org.solent.com504.project.model.party.dto.Party.address:latitude]
12:23:07.858 [main] [o.h.c.a.SimpleValueBinder] DEBUG org.hibernate.cfg.annotations.SimpleValueBinder - building SimpleValue for latitude
12:23:07.858 [main] [o.h.c.a.PropertyBinder] DEBUG org.hibernate.cfg.annotations.PropertyBinder - Building property latitude
12:23:07.858 [main] [o.h.c.Ejb3Column] DEBUG org.hibernate.cfg.Ejb3Column - Binding column: Ejb3Column{table=org.hibernate.mapping.Table(Party), mappingColumn=longitude, insertable=true, updatable=true, unique=false}
12:23:07.858 [main] [o.h.c.a.PropertyBinder] DEBUG org.hibernate.cfg.annotations.PropertyBinder - MetadataSourceProcessor property longitude with lazy=false
12:23:07.858 [main] [o.h.c.AbstractPropertyHolder] DEBUG org.hibernate.cfg.AbstractPropertyHolder - Attempting to locate auto-apply AttributeConverter for property [org.solent.com504.project.model.party.dto.Party.address:longitude]
12:23:07.858 [main] [o.h.c.a.SimpleValueBinder] DEBUG org.hibernate.cfg.annotations.SimpleValueBinder - building SimpleValue for longitude
12:23:07.873 [main] [o.h.c.a.PropertyBinder] DEBUG org.hibernate.cfg.annotations.PropertyBinder - Building property longitude
12:23:07.873 [main] [o.h.c.Ejb3Column] DEBUG org.hibernate.cfg.Ejb3Column - Binding column: Ejb3Column{table=org.hibernate.mapping.Table(Party), mappingColumn=mobile, insertable=true, updatable=true, unique=false}
12:23:07.873 [main] [o.h.c.a.PropertyBinder] DEBUG org.hibernate.cfg.annotations.PropertyBinder - MetadataSourceProcessor property mobile with lazy=false
12:23:07.873 [main] [o.h.c.AbstractPropertyHolder] DEBUG org.hibernate.cfg.AbstractPropertyHolder - Attempting to locate auto-apply AttributeConverter for property [org.solent.com504.project.model.party.dto.Party.address:mobile]
12:23:07.873 [main] [o.h.c.a.SimpleValueBinder] DEBUG org.hibernate.cfg.annotations.SimpleValueBinder - building SimpleValue for mobile
12:23:07.873 [main] [o.h.c.a.PropertyBinder] DEBUG org.hibernate.cfg.annotations.PropertyBinder - Building property mobile
12:23:07.873 [main] [o.h.c.Ejb3Column] DEBUG org.hibernate.cfg.Ejb3Column - Binding column: Ejb3Column{table=org.hibernate.mapping.Table(Party), mappingColumn=number, insertable=true, updatable=true, unique=false}
12:23:07.873 [main] [o.h.c.a.PropertyBinder] DEBUG org.hibernate.cfg.annotations.PropertyBinder - MetadataSourceProcessor property number with lazy=false
12:23:07.873 [main] [o.h.c.AbstractPropertyHolder] DEBUG org.hibernate.cfg.AbstractPropertyHolder - Attempting to locate auto-apply AttributeConverter for property [org.solent.com504.project.model.party.dto.Party.address:number]
12:23:07.889 [main] [o.h.c.a.SimpleValueBinder] DEBUG org.hibernate.cfg.annotations.SimpleValueBinder - building SimpleValue for number
12:23:07.889 [main] [o.h.c.a.PropertyBinder] DEBUG org.hibernate.cfg.annotations.PropertyBinder - Building property number
12:23:07.889 [main] [o.h.c.Ejb3Column] DEBUG org.hibernate.cfg.Ejb3Column - Binding column: Ejb3Column{table=org.hibernate.mapping.Table(Party), mappingColumn=postcode, insertable=true, updatable=true, unique=false}
12:23:07.889 [main] [o.h.c.a.PropertyBinder] DEBUG org.hibernate.cfg.annotations.PropertyBinder - MetadataSourceProcessor property postcode with lazy=false
12:23:07.889 [main] [o.h.c.AbstractPropertyHolder] DEBUG org.hibernate.cfg.AbstractPropertyHolder - Attempting to locate auto-apply AttributeConverter for property [org.solent.com504.project.model.party.dto.Party.address:postcode]
12:23:07.889 [main] [o.h.c.a.SimpleValueBinder] DEBUG org.hibernate.cfg.annotations.SimpleValueBinder - building SimpleValue for postcode
12:23:07.889 [main] [o.h.c.a.PropertyBinder] DEBUG org.hibernate.cfg.annotations.PropertyBinder - Building property postcode
12:23:07.889 [main] [o.h.c.Ejb3Column] DEBUG org.hibernate.cfg.Ejb3Column - Binding column: Ejb3Column{table=org.hibernate.mapping.Table(Party), mappingColumn=telephone, insertable=true, updatable=true, unique=false}
12:23:07.889 [main] [o.h.c.a.PropertyBinder] DEBUG org.hibernate.cfg.annotations.PropertyBinder - MetadataSourceProcessor property telephone with lazy=false
12:23:07.889 [main] [o.h.c.AbstractPropertyHolder] DEBUG org.hibernate.cfg.AbstractPropertyHolder - Attempting to locate auto-apply AttributeConverter for property [org.solent.com504.project.model.party.dto.Party.address:telephone]
12:23:07.889 [main] [o.h.c.a.SimpleValueBinder] DEBUG org.hibernate.cfg.annotations.SimpleValueBinder - building SimpleValue for telephone
12:23:07.889 [main] [o.h.c.a.PropertyBinder] DEBUG org.hibernate.cfg.annotations.PropertyBinder - Building property telephone
12:23:07.889 [main] [o.h.c.a.PropertyBinder] DEBUG org.hibernate.cfg.annotations.PropertyBinder - Building property address
12:23:07.889 [main] [o.h.c.Ejb3Column] DEBUG org.hibernate.cfg.Ejb3Column - Binding column: Ejb3Column{table=org.hibernate.mapping.Table(Party), mappingColumn=enabled, insertable=true, updatable=true, unique=false}
12:23:07.889 [main] [o.h.c.a.PropertyBinder] DEBUG org.hibernate.cfg.annotations.PropertyBinder - MetadataSourceProcessor property enabled with lazy=false
12:23:07.889 [main] [o.h.c.AbstractPropertyHolder] DEBUG org.hibernate.cfg.AbstractPropertyHolder - Attempting to locate auto-apply AttributeConverter for property [org.solent.com504.project.model.party.dto.Party:enabled]
12:23:07.889 [main] [o.h.c.a.SimpleValueBinder] DEBUG org.hibernate.cfg.annotations.SimpleValueBinder - building SimpleValue for enabled
12:23:07.889 [main] [o.h.c.a.PropertyBinder] DEBUG org.hibernate.cfg.annotations.PropertyBinder - Building property enabled
12:23:07.889 [main] [o.h.c.Ejb3Column] DEBUG org.hibernate.cfg.Ejb3Column - Binding column: Ejb3Column{table=org.hibernate.mapping.Table(Party), mappingColumn=firstName, insertable=true, updatable=true, unique=false}
12:23:07.889 [main] [o.h.c.a.PropertyBinder] DEBUG org.hibernate.cfg.annotations.PropertyBinder - MetadataSourceProcessor property firstName with lazy=false
12:23:07.889 [main] [o.h.c.AbstractPropertyHolder] DEBUG org.hibernate.cfg.AbstractPropertyHolder - Attempting to locate auto-apply AttributeConverter for property [org.solent.com504.project.model.party.dto.Party:firstName]
12:23:07.889 [main] [o.h.c.a.SimpleValueBinder] DEBUG org.hibernate.cfg.annotations.SimpleValueBinder - building SimpleValue for firstName
12:23:07.889 [main] [o.h.c.a.PropertyBinder] DEBUG org.hibernate.cfg.annotations.PropertyBinder - Building property firstName
12:23:07.889 [main] [o.h.c.Ejb3Column] DEBUG org.hibernate.cfg.Ejb3Column - Binding column: Ejb3Column{table=org.hibernate.mapping.Table(Party), mappingColumn=partyRole, insertable=true, updatable=true, unique=false}
12:23:07.889 [main] [o.h.c.a.PropertyBinder] DEBUG org.hibernate.cfg.annotations.PropertyBinder - MetadataSourceProcessor property partyRole with lazy=false
12:23:07.889 [main] [o.h.c.AbstractPropertyHolder] DEBUG org.hibernate.cfg.AbstractPropertyHolder - Attempting to locate auto-apply AttributeConverter for property [org.solent.com504.project.model.party.dto.Party:partyRole]
12:23:07.889 [main] [o.h.c.a.SimpleValueBinder] DEBUG org.hibernate.cfg.annotations.SimpleValueBinder - building SimpleValue for partyRole
12:23:07.889 [main] [o.h.c.a.PropertyBinder] DEBUG org.hibernate.cfg.annotations.PropertyBinder - Building property partyRole
12:23:07.889 [main] [o.h.c.Ejb3Column] DEBUG org.hibernate.cfg.Ejb3Column - Binding column: Ejb3Column{table=org.hibernate.mapping.Table(Party), mappingColumn=partyStatus, insertable=true, updatable=true, unique=false}
12:23:07.889 [main] [o.h.c.a.PropertyBinder] DEBUG org.hibernate.cfg.annotations.PropertyBinder - MetadataSourceProcessor property partyStatus with lazy=false
12:23:07.889 [main] [o.h.c.AbstractPropertyHolder] DEBUG org.hibernate.cfg.AbstractPropertyHolder - Attempting to locate auto-apply AttributeConverter for property [org.solent.com504.project.model.party.dto.Party:partyStatus]
12:23:07.889 [main] [o.h.c.a.SimpleValueBinder] DEBUG org.hibernate.cfg.annotations.SimpleValueBinder - building SimpleValue for partyStatus
12:23:07.889 [main] [o.h.c.a.PropertyBinder] DEBUG org.hibernate.cfg.annotations.PropertyBinder - Building property partyStatus
12:23:07.889 [main] [o.h.c.Ejb3Column] DEBUG org.hibernate.cfg.Ejb3Column - Binding column: Ejb3Column{table=org.hibernate.mapping.Table(Party), mappingColumn=secondName, insertable=true, updatable=true, unique=false}
12:23:07.889 [main] [o.h.c.a.PropertyBinder] DEBUG org.hibernate.cfg.annotations.PropertyBinder - MetadataSourceProcessor property secondName with lazy=false
12:23:07.889 [main] [o.h.c.AbstractPropertyHolder] DEBUG org.hibernate.cfg.AbstractPropertyHolder - Attempting to locate auto-apply AttributeConverter for property [org.solent.com504.project.model.party.dto.Party:secondName]
12:23:07.889 [main] [o.h.c.a.SimpleValueBinder] DEBUG org.hibernate.cfg.annotations.SimpleValueBinder - building SimpleValue for secondName
12:23:07.889 [main] [o.h.c.a.PropertyBinder] DEBUG org.hibernate.cfg.annotations.PropertyBinder - Building property secondName
12:23:07.889 [main] [o.h.c.Ejb3Column] DEBUG org.hibernate.cfg.Ejb3Column - Binding column: Ejb3Column{table=org.hibernate.mapping.Table(Party), mappingColumn=null, insertable=true, updatable=true, unique=false}
12:23:07.889 [main] [o.h.c.Ejb3Column] DEBUG org.hibernate.cfg.Ejb3Column - Binding column: Ejb3Column{table=org.hibernate.mapping.Table(Party), mappingColumn=element, insertable=true, updatable=true, unique=false}
12:23:07.889 [main] [o.h.c.Ejb3Column] DEBUG org.hibernate.cfg.Ejb3Column - Binding column: Ejb3Column{table=org.hibernate.mapping.Table(Party), mappingColumn=users_KEY, insertable=true, updatable=true, unique=false}
12:23:07.889 [main] [o.h.c.Ejb3Column] DEBUG org.hibernate.cfg.Ejb3Column - Binding column: Ejb3JoinColumn{logicalColumnName=&apos;users_KEY&apos;, referencedColumn=&apos;null&apos;, mappedBy=&apos;null&apos;}
12:23:07.889 [main] [o.h.c.Ejb3Column] DEBUG org.hibernate.cfg.Ejb3Column - Binding column: Ejb3JoinColumn{logicalColumnName=&apos;user_id&apos;, referencedColumn=&apos;&apos;, mappedBy=&apos;&apos;}
12:23:07.889 [main] [o.h.c.Ejb3Column] DEBUG org.hibernate.cfg.Ejb3Column - Binding column: Ejb3JoinColumn{logicalColumnName=&apos;party_id&apos;, referencedColumn=&apos;&apos;, mappedBy=&apos;&apos;}
12:23:07.889 [main] [o.h.c.a.CollectionBinder] DEBUG org.hibernate.cfg.annotations.CollectionBinder - Collection role: org.solent.com504.project.model.party.dto.Party.users
12:23:07.889 [main] [o.h.c.a.PropertyBinder] DEBUG org.hibernate.cfg.annotations.PropertyBinder - Building property users
12:23:07.889 [main] [o.h.c.Ejb3Column] DEBUG org.hibernate.cfg.Ejb3Column - Binding column: Ejb3Column{table=org.hibernate.mapping.Table(Party), mappingColumn=uuid, insertable=true, updatable=true, unique=false}
12:23:07.889 [main] [o.h.c.a.PropertyBinder] DEBUG org.hibernate.cfg.annotations.PropertyBinder - MetadataSourceProcessor property uuid with lazy=false
12:23:07.889 [main] [o.h.c.AbstractPropertyHolder] DEBUG org.hibernate.cfg.AbstractPropertyHolder - Attempting to locate auto-apply AttributeConverter for property [org.solent.com504.project.model.party.dto.Party:uuid]
12:23:07.889 [main] [o.h.c.a.SimpleValueBinder] DEBUG org.hibernate.cfg.annotations.SimpleValueBinder - building SimpleValue for uuid
12:23:07.889 [main] [o.h.c.a.PropertyBinder] DEBUG org.hibernate.cfg.annotations.PropertyBinder - Building property uuid
12:23:07.889 [main] [o.h.c.AnnotationBinder] DEBUG org.hibernate.cfg.AnnotationBinder - Binding entity from annotated class: org.solent.com504.project.model.user.dto.User
12:23:07.889 [main] [o.h.c.Ejb3Column] DEBUG org.hibernate.cfg.Ejb3Column - Binding column: Ejb3DiscriminatorColumn{logicalColumnName&apos;DTYPE&apos;, discriminatorTypeName=&apos;string&apos;}
12:23:07.889 [main] [o.h.c.a.EntityBinder] DEBUG org.hibernate.cfg.annotations.EntityBinder - Import with entity name User
12:23:07.889 [main] [o.h.c.a.EntityBinder] DEBUG org.hibernate.cfg.annotations.EntityBinder - Bind entity org.solent.com504.project.model.user.dto.User on table user
12:23:07.889 [main] [o.h.c.Ejb3Column] DEBUG org.hibernate.cfg.Ejb3Column - Binding column: Ejb3Column{table=org.hibernate.mapping.Table(user), mappingColumn=id, insertable=true, updatable=true, unique=false}
12:23:07.889 [main] [o.h.c.a.PropertyBinder] DEBUG org.hibernate.cfg.annotations.PropertyBinder - MetadataSourceProcessor property id with lazy=false
12:23:07.889 [main] [o.h.c.AbstractPropertyHolder] DEBUG org.hibernate.cfg.AbstractPropertyHolder - Attempting to locate auto-apply AttributeConverter for property [org.solent.com504.project.model.user.dto.User:id]
12:23:07.889 [main] [o.h.c.a.SimpleValueBinder] DEBUG org.hibernate.cfg.annotations.SimpleValueBinder - building SimpleValue for id
12:23:07.889 [main] [o.h.c.a.PropertyBinder] DEBUG org.hibernate.cfg.annotations.PropertyBinder - Building property id
12:23:07.889 [main] [o.h.c.Ejb3Column] DEBUG org.hibernate.cfg.Ejb3Column - Binding column: Ejb3Column{table=org.hibernate.mapping.Table(user), mappingColumn=address, insertable=true, updatable=true, unique=false}
12:23:07.889 [main] [o.h.c.Ejb3Column] DEBUG org.hibernate.cfg.Ejb3Column - Binding column: Ejb3Column{table=org.hibernate.mapping.Table(user), mappingColumn=addressLine1, insertable=true, updatable=true, unique=false}
12:23:07.889 [main] [o.h.c.a.PropertyBinder] DEBUG org.hibernate.cfg.annotations.PropertyBinder - MetadataSourceProcessor property addressLine1 with lazy=false
12:23:07.889 [main] [o.h.c.AbstractPropertyHolder] DEBUG org.hibernate.cfg.AbstractPropertyHolder - Attempting to locate auto-apply AttributeConverter for property [org.solent.com504.project.model.user.dto.User.address:addressLine1]
12:23:07.889 [main] [o.h.c.a.SimpleValueBinder] DEBUG org.hibernate.cfg.annotations.SimpleValueBinder - building SimpleValue for addressLine1
12:23:07.889 [main] [o.h.c.a.PropertyBinder] DEBUG org.hibernate.cfg.annotations.PropertyBinder - Building property addressLine1
12:23:07.889 [main] [o.h.c.Ejb3Column] DEBUG org.hibernate.cfg.Ejb3Column - Binding column: Ejb3Column{table=org.hibernate.mapping.Table(user), mappingColumn=addressLine2, insertable=true, updatable=true, unique=false}
12:23:07.889 [main] [o.h.c.a.PropertyBinder] DEBUG org.hibernate.cfg.annotations.PropertyBinder - MetadataSourceProcessor property addressLine2 with lazy=false
12:23:07.889 [main] [o.h.c.AbstractPropertyHolder] DEBUG org.hibernate.cfg.AbstractPropertyHolder - Attempting to locate auto-apply AttributeConverter for property [org.solent.com504.project.model.user.dto.User.address:addressLine2]
12:23:07.889 [main] [o.h.c.a.SimpleValueBinder] DEBUG org.hibernate.cfg.annotations.SimpleValueBinder - building SimpleValue for addressLine2
12:23:07.889 [main] [o.h.c.a.PropertyBinder] DEBUG org.hibernate.cfg.annotations.PropertyBinder - Building property addressLine2
12:23:07.889 [main] [o.h.c.Ejb3Column] DEBUG org.hibernate.cfg.Ejb3Column - Binding column: Ejb3Column{table=org.hibernate.mapping.Table(user), mappingColumn=country, insertable=true, updatable=true, unique=false}
12:23:07.889 [main] [o.h.c.a.PropertyBinder] DEBUG org.hibernate.cfg.annotations.PropertyBinder - MetadataSourceProcessor property country with lazy=false
12:23:07.889 [main] [o.h.c.AbstractPropertyHolder] DEBUG org.hibernate.cfg.AbstractPropertyHolder - Attempting to locate auto-apply AttributeConverter for property [org.solent.com504.project.model.user.dto.User.address:country]
12:23:07.889 [main] [o.h.c.a.SimpleValueBinder] DEBUG org.hibernate.cfg.annotations.SimpleValueBinder - building SimpleValue for country
12:23:07.905 [main] [o.h.c.a.PropertyBinder] DEBUG org.hibernate.cfg.annotations.PropertyBinder - Building property country
12:23:07.905 [main] [o.h.c.Ejb3Column] DEBUG org.hibernate.cfg.Ejb3Column - Binding column: Ejb3Column{table=org.hibernate.mapping.Table(user), mappingColumn=county, insertable=true, updatable=true, unique=false}
12:23:07.905 [main] [o.h.c.a.PropertyBinder] DEBUG org.hibernate.cfg.annotations.PropertyBinder - MetadataSourceProcessor property county with lazy=false
12:23:07.905 [main] [o.h.c.AbstractPropertyHolder] DEBUG org.hibernate.cfg.AbstractPropertyHolder - Attempting to locate auto-apply AttributeConverter for property [org.solent.com504.project.model.user.dto.User.address:county]
12:23:07.905 [main] [o.h.c.a.SimpleValueBinder] DEBUG org.hibernate.cfg.annotations.SimpleValueBinder - building SimpleValue for county
12:23:07.905 [main] [o.h.c.a.PropertyBinder] DEBUG org.hibernate.cfg.annotations.PropertyBinder - Building property county
12:23:07.905 [main] [o.h.c.Ejb3Column] DEBUG org.hibernate.cfg.Ejb3Column - Binding column: Ejb3Column{table=org.hibernate.mapping.Table(user), mappingColumn=latitude, insertable=true, updatable=true, unique=false}
12:23:07.905 [main] [o.h.c.a.PropertyBinder] DEBUG org.hibernate.cfg.annotations.PropertyBinder - MetadataSourceProcessor property latitude with lazy=false
12:23:07.905 [main] [o.h.c.AbstractPropertyHolder] DEBUG org.hibernate.cfg.AbstractPropertyHolder - Attempting to locate auto-apply AttributeConverter for property [org.solent.com504.project.model.user.dto.User.address:latitude]
12:23:07.905 [main] [o.h.c.a.SimpleValueBinder] DEBUG org.hibernate.cfg.annotations.SimpleValueBinder - building SimpleValue for latitude
12:23:07.905 [main] [o.h.c.a.PropertyBinder] DEBUG org.hibernate.cfg.annotations.PropertyBinder - Building property latitude
12:23:07.905 [main] [o.h.c.Ejb3Column] DEBUG org.hibernate.cfg.Ejb3Column - Binding column: Ejb3Column{table=org.hibernate.mapping.Table(user), mappingColumn=longitude, insertable=true, updatable=true, unique=false}
12:23:07.905 [main] [o.h.c.a.PropertyBinder] DEBUG org.hibernate.cfg.annotations.PropertyBinder - MetadataSourceProcessor property longitude with lazy=false
12:23:07.905 [main] [o.h.c.AbstractPropertyHolder] DEBUG org.hibernate.cfg.AbstractPropertyHolder - Attempting to locate auto-apply AttributeConverter for property [org.solent.com504.project.model.user.dto.User.address:longitude]
12:23:07.905 [main] [o.h.c.a.SimpleValueBinder] DEBUG org.hibernate.cfg.annotations.SimpleValueBinder - building SimpleValue for longitude
12:23:07.905 [main] [o.h.c.a.PropertyBinder] DEBUG org.hibernate.cfg.annotations.PropertyBinder - Building property longitude
12:23:07.905 [main] [o.h.c.Ejb3Column] DEBUG org.hibernate.cfg.Ejb3Column - Binding column: Ejb3Column{table=org.hibernate.mapping.Table(user), mappingColumn=mobile, insertable=true, updatable=true, unique=false}
12:23:07.905 [main] [o.h.c.a.PropertyBinder] DEBUG org.hibernate.cfg.annotations.PropertyBinder - MetadataSourceProcessor property mobile with lazy=false
12:23:07.905 [main] [o.h.c.AbstractPropertyHolder] DEBUG org.hibernate.cfg.AbstractPropertyHolder - Attempting to locate auto-apply AttributeConverter for property [org.solent.com504.project.model.user.dto.User.address:mobile]
12:23:07.905 [main] [o.h.c.a.SimpleValueBinder] DEBUG org.hibernate.cfg.annotations.SimpleValueBinder - building SimpleValue for mobile
12:23:07.905 [main] [o.h.c.a.PropertyBinder] DEBUG org.hibernate.cfg.annotations.PropertyBinder - Building property mobile
12:23:07.905 [main] [o.h.c.Ejb3Column] DEBUG org.hibernate.cfg.Ejb3Column - Binding column: Ejb3Column{table=org.hibernate.mapping.Table(user), mappingColumn=number, insertable=true, updatable=true, unique=false}
12:23:07.905 [main] [o.h.c.a.PropertyBinder] DEBUG org.hibernate.cfg.annotations.PropertyBinder - MetadataSourceProcessor property number with lazy=false
12:23:07.905 [main] [o.h.c.AbstractPropertyHolder] DEBUG org.hibernate.cfg.AbstractPropertyHolder - Attempting to locate auto-apply AttributeConverter for property [org.solent.com504.project.model.user.dto.User.address:number]
12:23:07.905 [main] [o.h.c.a.SimpleValueBinder] DEBUG org.hibernate.cfg.annotations.SimpleValueBinder - building SimpleValue for number
12:23:07.905 [main] [o.h.c.a.PropertyBinder] DEBUG org.hibernate.cfg.annotations.PropertyBinder - Building property number
12:23:07.905 [main] [o.h.c.Ejb3Column] DEBUG org.hibernate.cfg.Ejb3Column - Binding column: Ejb3Column{table=org.hibernate.mapping.Table(user), mappingColumn=postcode, insertable=true, updatable=true, unique=false}
12:23:07.905 [main] [o.h.c.a.PropertyBinder] DEBUG org.hibernate.cfg.annotations.PropertyBinder - MetadataSourceProcessor property postcode with lazy=false
12:23:07.905 [main] [o.h.c.AbstractPropertyHolder] DEBUG org.hibernate.cfg.AbstractPropertyHolder - Attempting to locate auto-apply AttributeConverter for property [org.solent.com504.project.model.user.dto.User.address:postcode]
12:23:07.905 [main] [o.h.c.a.SimpleValueBinder] DEBUG org.hibernate.cfg.annotations.SimpleValueBinder - building SimpleValue for postcode
12:23:07.905 [main] [o.h.c.a.PropertyBinder] DEBUG org.hibernate.cfg.annotations.PropertyBinder - Building property postcode
12:23:07.905 [main] [o.h.c.Ejb3Column] DEBUG org.hibernate.cfg.Ejb3Column - Binding column: Ejb3Column{table=org.hibernate.mapping.Table(user), mappingColumn=telephone, insertable=true, updatable=true, unique=false}
12:23:07.905 [main] [o.h.c.a.PropertyBinder] DEBUG org.hibernate.cfg.annotations.PropertyBinder - MetadataSourceProcessor property telephone with lazy=false
12:23:07.905 [main] [o.h.c.AbstractPropertyHolder] DEBUG org.hibernate.cfg.AbstractPropertyHolder - Attempting to locate auto-apply AttributeConverter for property [org.solent.com504.project.model.user.dto.User.address:telephone]
12:23:07.905 [main] [o.h.c.a.SimpleValueBinder] DEBUG org.hibernate.cfg.annotations.SimpleValueBinder - building SimpleValue for telephone
12:23:07.905 [main] [o.h.c.a.PropertyBinder] DEBUG org.hibernate.cfg.annotations.PropertyBinder - Building property telephone
12:23:07.905 [main] [o.h.c.a.PropertyBinder] DEBUG org.hibernate.cfg.annotations.PropertyBinder - Building property address
12:23:07.905 [main] [o.h.c.Ejb3Column] DEBUG org.hibernate.cfg.Ejb3Column - Binding column: Ejb3Column{table=org.hibernate.mapping.Table(user), mappingColumn=enabled, insertable=true, updatable=true, unique=false}
12:23:07.905 [main] [o.h.c.a.PropertyBinder] DEBUG org.hibernate.cfg.annotations.PropertyBinder - MetadataSourceProcessor property enabled with lazy=false
12:23:07.905 [main] [o.h.c.AbstractPropertyHolder] DEBUG org.hibernate.cfg.AbstractPropertyHolder - Attempting to locate auto-apply AttributeConverter for property [org.solent.com504.project.model.user.dto.User:enabled]
12:23:07.905 [main] [o.h.c.a.SimpleValueBinder] DEBUG org.hibernate.cfg.annotations.SimpleValueBinder - building SimpleValue for enabled
12:23:07.905 [main] [o.h.c.a.PropertyBinder] DEBUG org.hibernate.cfg.annotations.PropertyBinder - Building property enabled
12:23:07.905 [main] [o.h.c.Ejb3Column] DEBUG org.hibernate.cfg.Ejb3Column - Binding column: Ejb3Column{table=org.hibernate.mapping.Table(user), mappingColumn=firstName, insertable=true, updatable=true, unique=false}
12:23:07.905 [main] [o.h.c.a.PropertyBinder] DEBUG org.hibernate.cfg.annotations.PropertyBinder - MetadataSourceProcessor property firstName with lazy=false
12:23:07.905 [main] [o.h.c.AbstractPropertyHolder] DEBUG org.hibernate.cfg.AbstractPropertyHolder - Attempting to locate auto-apply AttributeConverter for property [org.solent.com504.project.model.user.dto.User:firstName]
12:23:07.905 [main] [o.h.c.a.SimpleValueBinder] DEBUG org.hibernate.cfg.annotations.SimpleValueBinder - building SimpleValue for firstName
12:23:07.905 [main] [o.h.c.a.PropertyBinder] DEBUG org.hibernate.cfg.annotations.PropertyBinder - Building property firstName
12:23:07.905 [main] [o.h.c.Ejb3Column] DEBUG org.hibernate.cfg.Ejb3Column - Binding column: Ejb3Column{table=org.hibernate.mapping.Table(user), mappingColumn=null, insertable=true, updatable=true, unique=false}
12:23:07.905 [main] [o.h.c.Ejb3Column] DEBUG org.hibernate.cfg.Ejb3Column - Binding column: Ejb3Column{table=org.hibernate.mapping.Table(user), mappingColumn=element, insertable=true, updatable=true, unique=false}
12:23:07.905 [main] [o.h.c.Ejb3Column] DEBUG org.hibernate.cfg.Ejb3Column - Binding column: Ejb3Column{table=org.hibernate.mapping.Table(user), mappingColumn=parties_KEY, insertable=true, updatable=true, unique=false}
12:23:07.905 [main] [o.h.c.Ejb3Column] DEBUG org.hibernate.cfg.Ejb3Column - Binding column: Ejb3JoinColumn{logicalColumnName=&apos;parties_KEY&apos;, referencedColumn=&apos;null&apos;, mappedBy=&apos;null&apos;}
12:23:07.905 [main] [o.h.c.Ejb3Column] DEBUG org.hibernate.cfg.Ejb3Column - Binding column: Ejb3JoinColumn{logicalColumnName=&apos;null&apos;, referencedColumn=&apos;null&apos;, mappedBy=&apos;users&apos;}
12:23:07.905 [main] [o.h.c.Ejb3Column] DEBUG org.hibernate.cfg.Ejb3Column - Binding column: Ejb3JoinColumn{logicalColumnName=&apos;null&apos;, referencedColumn=&apos;null&apos;, mappedBy=&apos;users&apos;}
12:23:07.905 [main] [o.h.c.a.CollectionBinder] DEBUG org.hibernate.cfg.annotations.CollectionBinder - Collection role: org.solent.com504.project.model.user.dto.User.parties
12:23:07.905 [main] [o.h.c.a.PropertyBinder] DEBUG org.hibernate.cfg.annotations.PropertyBinder - Building property parties
12:23:07.905 [main] [o.h.c.Ejb3Column] DEBUG org.hibernate.cfg.Ejb3Column - Binding column: Ejb3Column{table=org.hibernate.mapping.Table(user), mappingColumn=password, insertable=true, updatable=true, unique=false}
12:23:07.905 [main] [o.h.c.a.PropertyBinder] DEBUG org.hibernate.cfg.annotations.PropertyBinder - MetadataSourceProcessor property password with lazy=false
12:23:07.905 [main] [o.h.c.AbstractPropertyHolder] DEBUG org.hibernate.cfg.AbstractPropertyHolder - Attempting to locate auto-apply AttributeConverter for property [org.solent.com504.project.model.user.dto.User:password]
12:23:07.905 [main] [o.h.c.a.SimpleValueBinder] DEBUG org.hibernate.cfg.annotations.SimpleValueBinder - building SimpleValue for password
12:23:07.905 [main] [o.h.c.a.PropertyBinder] DEBUG org.hibernate.cfg.annotations.PropertyBinder - Building property password
12:23:07.905 [main] [o.h.c.Ejb3Column] DEBUG org.hibernate.cfg.Ejb3Column - Binding column: Ejb3Column{table=org.hibernate.mapping.Table(user), mappingColumn=null, insertable=true, updatable=true, unique=false}
12:23:07.905 [main] [o.h.c.Ejb3Column] DEBUG org.hibernate.cfg.Ejb3Column - Binding column: Ejb3Column{table=org.hibernate.mapping.Table(user), mappingColumn=element, insertable=true, updatable=true, unique=false}
12:23:07.905 [main] [o.h.c.Ejb3Column] DEBUG org.hibernate.cfg.Ejb3Column - Binding column: Ejb3Column{table=org.hibernate.mapping.Table(user), mappingColumn=roles_KEY, insertable=true, updatable=true, unique=false}
12:23:07.905 [main] [o.h.c.Ejb3Column] DEBUG org.hibernate.cfg.Ejb3Column - Binding column: Ejb3JoinColumn{logicalColumnName=&apos;roles_KEY&apos;, referencedColumn=&apos;null&apos;, mappedBy=&apos;null&apos;}
12:23:07.905 [main] [o.h.c.Ejb3Column] DEBUG org.hibernate.cfg.Ejb3Column - Binding column: Ejb3JoinColumn{logicalColumnName=&apos;user_id&apos;, referencedColumn=&apos;&apos;, mappedBy=&apos;&apos;}
12:23:07.905 [main] [o.h.c.Ejb3Column] DEBUG org.hibernate.cfg.Ejb3Column - Binding column: Ejb3JoinColumn{logicalColumnName=&apos;role_id&apos;, referencedColumn=&apos;&apos;, mappedBy=&apos;&apos;}
12:23:07.905 [main] [o.h.c.a.CollectionBinder] DEBUG org.hibernate.cfg.annotations.CollectionBinder - Collection role: org.solent.com504.project.model.user.dto.User.roles
12:23:07.905 [main] [o.h.c.a.PropertyBinder] DEBUG org.hibernate.cfg.annotations.PropertyBinder - Building property roles
12:23:07.905 [main] [o.h.c.Ejb3Column] DEBUG org.hibernate.cfg.Ejb3Column - Binding column: Ejb3Column{table=org.hibernate.mapping.Table(user), mappingColumn=secondName, insertable=true, updatable=true, unique=false}
12:23:07.905 [main] [o.h.c.a.PropertyBinder] DEBUG org.hibernate.cfg.annotations.PropertyBinder - MetadataSourceProcessor property secondName with lazy=false
12:23:07.905 [main] [o.h.c.AbstractPropertyHolder] DEBUG org.hibernate.cfg.AbstractPropertyHolder - Attempting to locate auto-apply AttributeConverter for property [org.solent.com504.project.model.user.dto.User:secondName]
12:23:07.905 [main] [o.h.c.a.SimpleValueBinder] DEBUG org.hibernate.cfg.annotations.SimpleValueBinder - building SimpleValue for secondName
12:23:07.905 [main] [o.h.c.a.PropertyBinder] DEBUG org.hibernate.cfg.annotations.PropertyBinder - Building property secondName
12:23:07.905 [main] [o.h.c.Ejb3Column] DEBUG org.hibernate.cfg.Ejb3Column - Binding column: Ejb3Column{table=org.hibernate.mapping.Table(user), mappingColumn=username, insertable=true, updatable=true, unique=false}
12:23:07.905 [main] [o.h.c.a.PropertyBinder] DEBUG org.hibernate.cfg.annotations.PropertyBinder - MetadataSourceProcessor property username with lazy=false
12:23:07.905 [main] [o.h.c.AbstractPropertyHolder] DEBUG org.hibernate.cfg.AbstractPropertyHolder - Attempting to locate auto-apply AttributeConverter for property [org.solent.com504.project.model.user.dto.User:username]
12:23:07.905 [main] [o.h.c.a.SimpleValueBinder] DEBUG org.hibernate.cfg.annotations.SimpleValueBinder - building SimpleValue for username
12:23:07.905 [main] [o.h.c.a.PropertyBinder] DEBUG org.hibernate.cfg.annotations.PropertyBinder - Building property username
12:23:07.905 [main] [o.h.c.a.SimpleValueBinder] DEBUG org.hibernate.cfg.annotations.SimpleValueBinder - Starting fillSimpleValue for id
12:23:07.905 [main] [o.h.c.a.SimpleValueBinder] DEBUG org.hibernate.cfg.annotations.SimpleValueBinder - Starting fillSimpleValue for partyId
12:23:07.905 [main] [o.h.c.a.SimpleValueBinder] DEBUG org.hibernate.cfg.annotations.SimpleValueBinder - Starting fillSimpleValue for timeStamp
12:23:07.905 [main] [o.h.c.a.SimpleValueBinder] DEBUG org.hibernate.cfg.annotations.SimpleValueBinder - Starting fillSimpleValue for value
12:23:07.905 [main] [o.h.c.a.SimpleValueBinder] DEBUG org.hibernate.cfg.annotations.SimpleValueBinder - Starting fillSimpleValue for id
12:23:07.905 [main] [o.h.c.a.SimpleValueBinder] DEBUG org.hibernate.cfg.annotations.SimpleValueBinder - Starting fillSimpleValue for name
12:23:07.905 [main] [o.h.c.a.SimpleValueBinder] DEBUG org.hibernate.cfg.annotations.SimpleValueBinder - Starting fillSimpleValue for id
12:23:07.905 [main] [o.h.c.a.SimpleValueBinder] DEBUG org.hibernate.cfg.annotations.SimpleValueBinder - Starting fillSimpleValue for auctionType
12:23:07.905 [main] [o.h.c.a.SimpleValueBinder] DEBUG org.hibernate.cfg.annotations.SimpleValueBinder - Starting fillSimpleValue for startTime
12:23:07.905 [main] [o.h.c.a.SimpleValueBinder] DEBUG org.hibernate.cfg.annotations.SimpleValueBinder - Starting fillSimpleValue for type
12:23:07.905 [main] [o.h.c.a.SimpleValueBinder] DEBUG org.hibernate.cfg.annotations.SimpleValueBinder - Starting fillSimpleValue for id
12:23:07.905 [main] [o.h.c.a.SimpleValueBinder] DEBUG org.hibernate.cfg.annotations.SimpleValueBinder - Starting fillSimpleValue for duration
12:23:07.905 [main] [o.h.c.a.SimpleValueBinder] DEBUG org.hibernate.cfg.annotations.SimpleValueBinder - Starting fillSimpleValue for grade
12:23:07.905 [main] [o.h.c.a.SimpleValueBinder] DEBUG org.hibernate.cfg.annotations.SimpleValueBinder - Starting fillSimpleValue for highestBidPrice
12:23:07.905 [main] [o.h.c.a.SimpleValueBinder] DEBUG org.hibernate.cfg.annotations.SimpleValueBinder - Starting fillSimpleValue for life_days
12:23:07.905 [main] [o.h.c.a.SimpleValueBinder] DEBUG org.hibernate.cfg.annotations.SimpleValueBinder - Starting fillSimpleValue for pickdate
12:23:07.905 [main] [o.h.c.a.SimpleValueBinder] DEBUG org.hibernate.cfg.annotations.SimpleValueBinder - Starting fillSimpleValue for quantity
12:23:07.905 [main] [o.h.c.a.SimpleValueBinder] DEBUG org.hibernate.cfg.annotations.SimpleValueBinder - Starting fillSimpleValue for reservedPrice
12:23:07.905 [main] [o.h.c.a.SimpleValueBinder] DEBUG org.hibernate.cfg.annotations.SimpleValueBinder - Starting fillSimpleValue for id
12:23:07.905 [main] [o.h.c.a.SimpleValueBinder] DEBUG org.hibernate.cfg.annotations.SimpleValueBinder - Starting fillSimpleValue for addressLine1
12:23:07.905 [main] [o.h.c.a.SimpleValueBinder] DEBUG org.hibernate.cfg.annotations.SimpleValueBinder - Starting fillSimpleValue for addressLine2
12:23:07.905 [main] [o.h.c.a.SimpleValueBinder] DEBUG org.hibernate.cfg.annotations.SimpleValueBinder - Starting fillSimpleValue for country
12:23:07.905 [main] [o.h.c.a.SimpleValueBinder] DEBUG org.hibernate.cfg.annotations.SimpleValueBinder - Starting fillSimpleValue for county
12:23:07.905 [main] [o.h.c.a.SimpleValueBinder] DEBUG org.hibernate.cfg.annotations.SimpleValueBinder - Starting fillSimpleValue for latitude
12:23:07.905 [main] [o.h.c.a.SimpleValueBinder] DEBUG org.hibernate.cfg.annotations.SimpleValueBinder - Starting fillSimpleValue for longitude
12:23:07.905 [main] [o.h.c.a.SimpleValueBinder] DEBUG org.hibernate.cfg.annotations.SimpleValueBinder - Starting fillSimpleValue for mobile
12:23:07.905 [main] [o.h.c.a.SimpleValueBinder] DEBUG org.hibernate.cfg.annotations.SimpleValueBinder - Starting fillSimpleValue for number
12:23:07.905 [main] [o.h.c.a.SimpleValueBinder] DEBUG org.hibernate.cfg.annotations.SimpleValueBinder - Starting fillSimpleValue for postcode
12:23:07.905 [main] [o.h.c.a.SimpleValueBinder] DEBUG org.hibernate.cfg.annotations.SimpleValueBinder - Starting fillSimpleValue for telephone
12:23:07.905 [main] [o.h.c.a.SimpleValueBinder] DEBUG org.hibernate.cfg.annotations.SimpleValueBinder - Starting fillSimpleValue for enabled
12:23:07.905 [main] [o.h.c.a.SimpleValueBinder] DEBUG org.hibernate.cfg.annotations.SimpleValueBinder - Starting fillSimpleValue for firstName
12:23:07.905 [main] [o.h.c.a.SimpleValueBinder] DEBUG org.hibernate.cfg.annotations.SimpleValueBinder - Starting fillSimpleValue for partyRole
12:23:07.905 [main] [o.h.c.a.SimpleValueBinder] DEBUG org.hibernate.cfg.annotations.SimpleValueBinder - Starting fillSimpleValue for partyStatus
12:23:07.905 [main] [o.h.c.a.SimpleValueBinder] DEBUG org.hibernate.cfg.annotations.SimpleValueBinder - Starting fillSimpleValue for secondName
12:23:07.905 [main] [o.h.c.a.SimpleValueBinder] DEBUG org.hibernate.cfg.annotations.SimpleValueBinder - Starting fillSimpleValue for uuid
12:23:07.905 [main] [o.h.c.a.SimpleValueBinder] DEBUG org.hibernate.cfg.annotations.SimpleValueBinder - Starting fillSimpleValue for id
12:23:07.905 [main] [o.h.c.a.SimpleValueBinder] DEBUG org.hibernate.cfg.annotations.SimpleValueBinder - Starting fillSimpleValue for addressLine1
12:23:07.905 [main] [o.h.c.a.SimpleValueBinder] DEBUG org.hibernate.cfg.annotations.SimpleValueBinder - Starting fillSimpleValue for addressLine2
12:23:07.905 [main] [o.h.c.a.SimpleValueBinder] DEBUG org.hibernate.cfg.annotations.SimpleValueBinder - Starting fillSimpleValue for country
12:23:07.905 [main] [o.h.c.a.SimpleValueBinder] DEBUG org.hibernate.cfg.annotations.SimpleValueBinder - Starting fillSimpleValue for county
12:23:07.905 [main] [o.h.c.a.SimpleValueBinder] DEBUG org.hibernate.cfg.annotations.SimpleValueBinder - Starting fillSimpleValue for latitude
12:23:07.905 [main] [o.h.c.a.SimpleValueBinder] DEBUG org.hibernate.cfg.annotations.SimpleValueBinder - Starting fillSimpleValue for longitude
12:23:07.905 [main] [o.h.c.a.SimpleValueBinder] DEBUG org.hibernate.cfg.annotations.SimpleValueBinder - Starting fillSimpleValue for mobile
12:23:07.905 [main] [o.h.c.a.SimpleValueBinder] DEBUG org.hibernate.cfg.annotations.SimpleValueBinder - Starting fillSimpleValue for number
12:23:07.905 [main] [o.h.c.a.SimpleValueBinder] DEBUG org.hibernate.cfg.annotations.SimpleValueBinder - Starting fillSimpleValue for postcode
12:23:07.905 [main] [o.h.c.a.SimpleValueBinder] DEBUG org.hibernate.cfg.annotations.SimpleValueBinder - Starting fillSimpleValue for telephone
12:23:07.905 [main] [o.h.c.a.SimpleValueBinder] DEBUG org.hibernate.cfg.annotations.SimpleValueBinder - Starting fillSimpleValue for enabled
12:23:07.905 [main] [o.h.c.a.SimpleValueBinder] DEBUG org.hibernate.cfg.annotations.SimpleValueBinder - Starting fillSimpleValue for firstName
12:23:07.905 [main] [o.h.c.a.SimpleValueBinder] DEBUG org.hibernate.cfg.annotations.SimpleValueBinder - Starting fillSimpleValue for password
12:23:07.905 [main] [o.h.c.a.SimpleValueBinder] DEBUG org.hibernate.cfg.annotations.SimpleValueBinder - Starting fillSimpleValue for secondName
12:23:07.905 [main] [o.h.c.a.SimpleValueBinder] DEBUG org.hibernate.cfg.annotations.SimpleValueBinder - Starting fillSimpleValue for username
12:23:07.905 [main] [o.h.m.PrimaryKey] DEBUG org.hibernate.mapping.PrimaryKey - Forcing column [id] to be non-null as it is part of the primary key for table [bid]
12:23:07.905 [main] [o.h.m.PrimaryKey] DEBUG org.hibernate.mapping.PrimaryKey - Forcing column [id] to be non-null as it is part of the primary key for table [role]
12:23:07.905 [main] [o.h.m.PrimaryKey] DEBUG org.hibernate.mapping.PrimaryKey - Forcing column [id] to be non-null as it is part of the primary key for table [auction]
12:23:07.905 [main] [o.h.m.PrimaryKey] DEBUG org.hibernate.mapping.PrimaryKey - Forcing column [id] to be non-null as it is part of the primary key for table [lot]
12:23:07.905 [main] [o.h.m.PrimaryKey] DEBUG org.hibernate.mapping.PrimaryKey - Forcing column [id] to be non-null as it is part of the primary key for table [party]
12:23:07.905 [main] [o.h.m.PrimaryKey] DEBUG org.hibernate.mapping.PrimaryKey - Forcing column [id] to be non-null as it is part of the primary key for table [user]
12:23:07.905 [main] [o.h.c.CollectionSecondPass] DEBUG org.hibernate.cfg.CollectionSecondPass - Second pass for collection: org.solent.com504.project.model.user.dto.User.roles
12:23:07.905 [main] [o.h.c.a.CollectionBinder] DEBUG org.hibernate.cfg.annotations.CollectionBinder - Binding as ManyToMany: org.solent.com504.project.model.user.dto.User.roles
12:23:07.905 [main] [o.h.m.PrimaryKey] DEBUG org.hibernate.mapping.PrimaryKey - Forcing column [user_id] to be non-null as it is part of the primary key for table [user_role]
12:23:07.905 [main] [o.h.m.PrimaryKey] DEBUG org.hibernate.mapping.PrimaryKey - Forcing column [role_id] to be non-null as it is part of the primary key for table [user_role]
12:23:07.905 [main] [o.h.c.CollectionSecondPass] DEBUG org.hibernate.cfg.CollectionSecondPass - Mapped collection key: user_id, element: role_id
12:23:07.905 [main] [o.h.c.CollectionSecondPass] DEBUG org.hibernate.cfg.CollectionSecondPass - Second pass for collection: org.solent.com504.project.model.party.dto.Party.users
12:23:07.905 [main] [o.h.c.a.CollectionBinder] DEBUG org.hibernate.cfg.annotations.CollectionBinder - Binding as ManyToMany: org.solent.com504.project.model.party.dto.Party.users
12:23:07.905 [main] [o.h.m.PrimaryKey] DEBUG org.hibernate.mapping.PrimaryKey - Forcing column [user_id] to be non-null as it is part of the primary key for table [user_party]
12:23:07.905 [main] [o.h.m.PrimaryKey] DEBUG org.hibernate.mapping.PrimaryKey - Forcing column [party_id] to be non-null as it is part of the primary key for table [user_party]
12:23:07.905 [main] [o.h.c.CollectionSecondPass] DEBUG org.hibernate.cfg.CollectionSecondPass - Mapped collection key: user_id, element: party_id
12:23:07.905 [main] [o.h.c.CollectionSecondPass] DEBUG org.hibernate.cfg.CollectionSecondPass - Second pass for collection: org.solent.com504.project.model.lot.dto.Lot.bids
12:23:07.905 [main] [o.h.c.a.CollectionBinder] DEBUG org.hibernate.cfg.annotations.CollectionBinder - Binding a OneToMany: org.solent.com504.project.model.lot.dto.Lot.bids through an association table
12:23:07.905 [main] [o.h.c.CollectionSecondPass] DEBUG org.hibernate.cfg.CollectionSecondPass - Mapped collection key: Lot_id, element: bids_id
12:23:07.905 [main] [o.h.c.CollectionSecondPass] DEBUG org.hibernate.cfg.CollectionSecondPass - Second pass for collection: org.solent.com504.project.model.auction.dto.Auction.lots
12:23:07.905 [main] [o.h.c.a.CollectionBinder] DEBUG org.hibernate.cfg.annotations.CollectionBinder - Binding a OneToMany: org.solent.com504.project.model.auction.dto.Auction.lots through an association table
12:23:07.905 [main] [o.h.m.PrimaryKey] DEBUG org.hibernate.mapping.PrimaryKey - Forcing column [auction_id] to be non-null as it is part of the primary key for table [auction_lot]
12:23:07.905 [main] [o.h.m.PrimaryKey] DEBUG org.hibernate.mapping.PrimaryKey - Forcing column [lots_id] to be non-null as it is part of the primary key for table [auction_lot]
12:23:07.905 [main] [o.h.c.CollectionSecondPass] DEBUG org.hibernate.cfg.CollectionSecondPass - Mapped collection key: Auction_id, element: lots_id
12:23:07.905 [main] [o.h.c.CollectionSecondPass] DEBUG org.hibernate.cfg.CollectionSecondPass - Second pass for collection: org.solent.com504.project.model.user.dto.Role.users
12:23:07.905 [main] [o.h.c.a.CollectionBinder] DEBUG org.hibernate.cfg.annotations.CollectionBinder - Binding as ManyToMany: org.solent.com504.project.model.user.dto.Role.users
12:23:07.920 [main] [o.h.c.a.TableBinder] DEBUG org.hibernate.cfg.annotations.TableBinder - Retrieving property org.solent.com504.project.model.user.dto.User.roles
12:23:07.920 [main] [o.h.c.CollectionSecondPass] DEBUG org.hibernate.cfg.CollectionSecondPass - Mapped collection key: role_id, element: user_id
12:23:07.920 [main] [o.h.c.CollectionSecondPass] DEBUG org.hibernate.cfg.CollectionSecondPass - Second pass for collection: org.solent.com504.project.model.user.dto.User.parties
12:23:07.920 [main] [o.h.c.a.CollectionBinder] DEBUG org.hibernate.cfg.annotations.CollectionBinder - Binding as ManyToMany: org.solent.com504.project.model.user.dto.User.parties
12:23:07.920 [main] [o.h.c.a.TableBinder] DEBUG org.hibernate.cfg.annotations.TableBinder - Retrieving property org.solent.com504.project.model.party.dto.Party.users
12:23:07.920 [main] [o.h.c.CollectionSecondPass] DEBUG org.hibernate.cfg.CollectionSecondPass - Mapped collection key: party_id, element: user_id
12:23:07.920 [main] [o.h.b.i.InFlightMetadataCollectorImpl] DEBUG org.hibernate.boot.internal.InFlightMetadataCollectorImpl - Resolving reference to class: org.solent.com504.project.model.lot.dto.Lot
12:23:07.920 [main] [o.h.b.i.InFlightMetadataCollectorImpl] DEBUG org.hibernate.boot.internal.InFlightMetadataCollectorImpl - Resolving reference to class: org.solent.com504.project.model.auction.dto.Auction
12:23:07.920 [main] [o.h.b.i.InFlightMetadataCollectorImpl] DEBUG org.hibernate.boot.internal.InFlightMetadataCollectorImpl - Resolving reference to class: org.solent.com504.project.model.lot.dto.Lot
12:23:07.920 [main] [o.h.b.i.InFlightMetadataCollectorImpl] DEBUG org.hibernate.boot.internal.InFlightMetadataCollectorImpl - Resolving reference to class: org.solent.com504.project.model.bid.dto.Bid
12:23:07.920 [main] [o.h.b.i.InFlightMetadataCollectorImpl] DEBUG org.hibernate.boot.internal.InFlightMetadataCollectorImpl - Resolving reference to class: org.solent.com504.project.model.lot.dto.Lot
12:23:07.920 [main] [o.h.b.i.InFlightMetadataCollectorImpl] DEBUG org.hibernate.boot.internal.InFlightMetadataCollectorImpl - Resolving reference to class: org.solent.com504.project.model.user.dto.User
12:23:07.920 [main] [o.h.b.i.InFlightMetadataCollectorImpl] DEBUG org.hibernate.boot.internal.InFlightMetadataCollectorImpl - Resolving reference to class: org.solent.com504.project.model.party.dto.Party
12:23:07.920 [main] [o.h.b.i.InFlightMetadataCollectorImpl] DEBUG org.hibernate.boot.internal.InFlightMetadataCollectorImpl - Resolving reference to class: org.solent.com504.project.model.user.dto.Role
12:23:07.920 [main] [o.h.b.i.InFlightMetadataCollectorImpl] DEBUG org.hibernate.boot.internal.InFlightMetadataCollectorImpl - Resolving reference to class: org.solent.com504.project.model.user.dto.User
12:23:07.920 [main] [o.h.b.i.InFlightMetadataCollectorImpl] DEBUG org.hibernate.boot.internal.InFlightMetadataCollectorImpl - Resolving reference to class: org.solent.com504.project.model.lot.dto.Lot
12:23:07.920 [main] [o.h.b.i.InFlightMetadataCollectorImpl] DEBUG org.hibernate.boot.internal.InFlightMetadataCollectorImpl - Resolving reference to class: org.solent.com504.project.model.auction.dto.Auction
12:23:07.920 [main] [o.h.b.i.InFlightMetadataCollectorImpl] DEBUG org.hibernate.boot.internal.InFlightMetadataCollectorImpl - Resolving reference to class: org.solent.com504.project.model.lot.dto.Lot
12:23:07.920 [main] [o.h.b.i.InFlightMetadataCollectorImpl] DEBUG org.hibernate.boot.internal.InFlightMetadataCollectorImpl - Resolving reference to class: org.solent.com504.project.model.bid.dto.Bid
12:23:07.920 [main] [o.h.b.i.InFlightMetadataCollectorImpl] DEBUG org.hibernate.boot.internal.InFlightMetadataCollectorImpl - Resolving reference to class: org.solent.com504.project.model.lot.dto.Lot
12:23:07.920 [main] [o.h.b.i.InFlightMetadataCollectorImpl] DEBUG org.hibernate.boot.internal.InFlightMetadataCollectorImpl - Resolving reference to class: org.solent.com504.project.model.user.dto.User
12:23:07.920 [main] [o.h.b.i.InFlightMetadataCollectorImpl] DEBUG org.hibernate.boot.internal.InFlightMetadataCollectorImpl - Resolving reference to class: org.solent.com504.project.model.party.dto.Party
12:23:07.920 [main] [o.h.b.i.InFlightMetadataCollectorImpl] DEBUG org.hibernate.boot.internal.InFlightMetadataCollectorImpl - Resolving reference to class: org.solent.com504.project.model.user.dto.Role
12:23:07.920 [main] [o.h.b.i.InFlightMetadataCollectorImpl] DEBUG org.hibernate.boot.internal.InFlightMetadataCollectorImpl - Resolving reference to class: org.solent.com504.project.model.user.dto.User
12:23:07.920 [main] [o.h.i.SessionFactoryImpl] DEBUG org.hibernate.internal.SessionFactoryImpl - Building session factory
12:23:07.920 [main] [o.h.c.Settings] DEBUG org.hibernate.cfg.Settings - SessionFactory name : null
12:23:07.920 [main] [o.h.c.Settings] DEBUG org.hibernate.cfg.Settings - Automatic flush during beforeCompletion(): enabled
12:23:07.920 [main] [o.h.c.Settings] DEBUG org.hibernate.cfg.Settings - Automatic session close at end of transaction: disabled
12:23:07.920 [main] [o.h.c.Settings] DEBUG org.hibernate.cfg.Settings - Statistics: disabled
12:23:07.920 [main] [o.h.c.Settings] DEBUG org.hibernate.cfg.Settings - Deleted entity synthetic identifier rollback: disabled
12:23:07.920 [main] [o.h.c.Settings] DEBUG org.hibernate.cfg.Settings - Default entity-mode: pojo
12:23:07.920 [main] [o.h.c.Settings] DEBUG org.hibernate.cfg.Settings - Check Nullability in Core (should be disabled when Bean Validation is on): enabled
12:23:07.920 [main] [o.h.c.Settings] DEBUG org.hibernate.cfg.Settings - Allow initialization of lazy state outside session : disabled
12:23:07.920 [main] [o.h.c.Settings] DEBUG org.hibernate.cfg.Settings - Using BatchFetchStyle : LEGACY
12:23:07.920 [main] [o.h.c.Settings] DEBUG org.hibernate.cfg.Settings - Default batch fetch size: -1
12:23:07.920 [main] [o.h.c.Settings] DEBUG org.hibernate.cfg.Settings - Maximum outer join fetch depth: null
12:23:07.920 [main] [o.h.c.Settings] DEBUG org.hibernate.cfg.Settings - Default null ordering: NONE
12:23:07.920 [main] [o.h.c.Settings] DEBUG org.hibernate.cfg.Settings - Order SQL updates by primary key: disabled
12:23:07.920 [main] [o.h.c.Settings] DEBUG org.hibernate.cfg.Settings - Order SQL inserts for batching: disabled
12:23:07.920 [main] [o.h.c.Settings] DEBUG org.hibernate.cfg.Settings - multi-tenancy strategy : NONE
12:23:07.920 [main] [o.h.c.Settings] DEBUG org.hibernate.cfg.Settings - JTA Track by Thread: enabled
12:23:07.920 [main] [o.h.c.Settings] DEBUG org.hibernate.cfg.Settings - Query language substitutions: {}
12:23:07.920 [main] [o.h.c.Settings] DEBUG org.hibernate.cfg.Settings - JPA query language strict compliance: disabled
12:23:07.920 [main] [o.h.c.Settings] DEBUG org.hibernate.cfg.Settings - Named query checking : enabled
12:23:07.920 [main] [o.h.c.Settings] DEBUG org.hibernate.cfg.Settings - Second-level cache: disabled
12:23:07.920 [main] [o.h.c.Settings] DEBUG org.hibernate.cfg.Settings - Second-level query cache: disabled
12:23:07.920 [main] [o.h.c.Settings] DEBUG org.hibernate.cfg.Settings - Second-level query cache factory: null
12:23:07.920 [main] [o.h.c.Settings] DEBUG org.hibernate.cfg.Settings - Second-level cache region prefix: null
12:23:07.920 [main] [o.h.c.Settings] DEBUG org.hibernate.cfg.Settings - Optimize second-level cache for minimal puts: disabled
12:23:07.920 [main] [o.h.c.Settings] DEBUG org.hibernate.cfg.Settings - Structured second-level cache entries: disabled
12:23:07.920 [main] [o.h.c.Settings] DEBUG org.hibernate.cfg.Settings - Second-level cache direct-reference entries: disabled
12:23:07.920 [main] [o.h.c.Settings] DEBUG org.hibernate.cfg.Settings - Automatic eviction of collection cache: disabled
12:23:07.920 [main] [o.h.c.Settings] DEBUG org.hibernate.cfg.Settings - JDBC batch size: 15
12:23:07.920 [main] [o.h.c.Settings] DEBUG org.hibernate.cfg.Settings - JDBC batch updates for versioned data: enabled
12:23:07.920 [main] [o.h.c.Settings] DEBUG org.hibernate.cfg.Settings - Scrollable result sets: enabled
12:23:07.920 [main] [o.h.c.Settings] DEBUG org.hibernate.cfg.Settings - Wrap result sets: disabled
12:23:07.920 [main] [o.h.c.Settings] DEBUG org.hibernate.cfg.Settings - JDBC3 getGeneratedKeys(): enabled
12:23:07.920 [main] [o.h.c.Settings] DEBUG org.hibernate.cfg.Settings - JDBC result set fetch size: null
12:23:07.920 [main] [o.h.c.Settings] DEBUG org.hibernate.cfg.Settings - Connection release mode: ON_CLOSE
12:23:07.920 [main] [o.h.c.Settings] DEBUG org.hibernate.cfg.Settings - Generate SQL with comments: disabled
12:23:07.920 [main] [o.h.i.SessionFactoryImpl] DEBUG org.hibernate.internal.SessionFactoryImpl - Session factory constructed with filter configurations : {}
12:23:07.920 [main] [o.h.i.SessionFactoryImpl] DEBUG org.hibernate.internal.SessionFactoryImpl - Instantiating session factory with properties: {sun.desktop=windows, awt.toolkit=sun.awt.windows.WToolkit, file.encoding.pkg=sun.io, java.specification.version=1.8, hibernate.connection.handling_mode=DELAYED_ACQUISITION_AND_HOLD, sun.cpu.isalist=amd64, sun.jnu.encoding=Cp1252, hibernate.dialect=org.hibernate.dialect.HSQLDialect, java.class.path=C:\Users\3moulj69\Repos\temp\SOFTWARE-SYSTEMS-DEVELOPMENT\Josh\Andres-Project\project\service\target\test-classes;C:\Users\3moulj69\Repos\temp\SOFTWARE-SYSTEMS-DEVELOPMENT\Josh\Andres-Project\project\service\target\classes;C:\Users\3moulj69\Repos\temp\SOFTWARE-SYSTEMS-DEVELOPMENT\Josh\Andres-Project\project\model\target\project-model-1.5-SNAPSHOT.jar;C:\Users\3moulj69\Repos\temp\SOFTWARE-SYSTEMS-DEVELOPMENT\Josh\Andres-Project\project\dao-springdata-jpa\target\project-dao-springdata-jpa-1.5-SNAPSHOT.jar;C:\Users\3moulj69\.m2\repository\org\springframework\spring-orm\5.2.3.RELEASE\spring-orm-5.2.3.RELEASE.jar;C:\Users\3moulj69\.m2\repository\org\springframework\spring-jdbc\5.2.3.RELEASE\spring-jdbc-5.2.3.RELEASE.jar;C:\Users\3moulj69\.m2\repository\org\springframework\spring-tx\5.2.3.RELEASE\spring-tx-5.2.3.RELEASE.jar;C:\Users\3moulj69\.m2\repository\org\springframework\data\spring-data-jpa\2.2.3.RELEASE\spring-data-jpa-2.2.3.RELEASE.jar;C:\Users\3moulj69\.m2\repository\org\springframework\data\spring-data-commons\2.2.3.RELEASE\spring-data-commons-2.2.3.RELEASE.jar;C:\Users\3moulj69\.m2\repository\org\aspectj\aspectjrt\1.9.5\aspectjrt-1.9.5.jar;C:\Users\3moulj69\.m2\repository\org\hibernate\hibernate-core\5.2.17.Final\hibernate-core-5.2.17.Final.jar;C:\Users\3moulj69\.m2\repository\org\jboss\logging\jboss-logging\3.3.1.Final\jboss-logging-3.3.1.Final.jar;C:\Users\3moulj69\.m2\repository\org\hibernate\javax\persistence\hibernate-jpa-2.1-api\1.0.0.Final\hibernate-jpa-2.1-api-1.0.0.Final.jar;C:\Users\3moulj69\.m2\repository\org\javassist\javassist\3.22.0-GA\javassist-3.22.0-GA.jar;C:\Users\3moulj69\.m2\repository\antlr\antlr\2.7.7\antlr-2.7.7.jar;C:\Users\3moulj69\.m2\repository\org\jboss\spec\javax\transaction\jboss-transaction-api_1.2_spec\1.0.1.Final\jboss-transaction-api_1.2_spec-1.0.1.Final.jar;C:\Users\3moulj69\.m2\repository\org\jboss\jandex\2.0.3.Final\jandex-2.0.3.Final.jar;C:\Users\3moulj69\.m2\repository\com\fasterxml\classmate\1.3.0\classmate-1.3.0.jar;C:\Users\3moulj69\.m2\repository\dom4j\dom4j\1.6.1\dom4j-1.6.1.jar;C:\Users\3moulj69\.m2\repository\org\hibernate\common\hibernate-commons-annotations\5.0.1.Final\hibernate-commons-annotations-5.0.1.Final.jar;C:\Users\3moulj69\.m2\repository\org\hibernate\hibernate-entitymanager\5.2.17.Final\hibernate-entitymanager-5.2.17.Final.jar;C:\Users\3moulj69\.m2\repository\net\bytebuddy\byte-buddy\1.6.14\byte-buddy-1.6.14.jar;C:\Users\3moulj69\.m2\repository\org\hsqldb\hsqldb\2.2.4\hsqldb-2.2.4.jar;C:\Users\3moulj69\.m2\repository\org\springframework\security\spring-security-config\5.2.1.RELEASE\spring-security-config-5.2.1.RELEASE.jar;C:\Users\3moulj69\.m2\repository\org\springframework\security\spring-security-core\5.2.1.RELEASE\spring-security-core-5.2.1.RELEASE.jar;C:\Users\3moulj69\.m2\repository\org\springframework\spring-aop\5.2.1.RELEASE\spring-aop-5.2.1.RELEASE.jar;C:\Users\3moulj69\.m2\repository\org\springframework\spring-beans\5.2.1.RELEASE\spring-beans-5.2.1.RELEASE.jar;C:\Users\3moulj69\.m2\repository\javax\servlet\javax.servlet-api\3.1.0\javax.servlet-api-3.1.0.jar;C:\Users\3moulj69\.m2\repository\org\springframework\spring-core\5.2.3.RELEASE\spring-core-5.2.3.RELEASE.jar;C:\Users\3moulj69\.m2\repository\org\springframework\spring-jcl\5.2.3.RELEASE\spring-jcl-5.2.3.RELEASE.jar;C:\Users\3moulj69\.m2\repository\org\springframework\spring-context\5.2.3.RELEASE\spring-context-5.2.3.RELEASE.jar;C:\Users\3moulj69\.m2\repository\org\springframework\spring-expression\5.2.3.RELEASE\spring-expression-5.2.3.RELEASE.jar;C:\Users\3moulj69\.m2\repository\org\springframework\spring-test\5.2.3.RELEASE\spring-test-5.2.3.RELEASE.jar;C:\Users\3moulj69\.m2\repository\org\slf4j\slf4j-api\1.7.12\slf4j-api-1.7.12.jar;C:\Users\3moulj69\.m2\repository\org\slf4j\jcl-over-slf4j\1.7.12\jcl-over-slf4j-1.7.12.jar;C:\Users\3moulj69\.m2\repository\org\apache\logging\log4j\log4j-slf4j-impl\2.12.1\log4j-slf4j-impl-2.12.1.jar;C:\Users\3moulj69\.m2\repository\org\apache\logging\log4j\log4j-api\2.12.1\log4j-api-2.12.1.jar;C:\Users\3moulj69\.m2\repository\org\apache\logging\log4j\log4j-core\2.12.1\log4j-core-2.12.1.jar;C:\Users\3moulj69\.m2\repository\junit\junit\4.12\junit-4.12.jar;C:\Users\3moulj69\.m2\repository\org\hamcrest\hamcrest-core\1.3\hamcrest-core-1.3.jar;, java.vm.vendor=Oracle Corporation, sun.arch.data.model=64, user.variant=, java.vendor.url=http://java.oracle.com/, user.timezone=Europe/London, os.name=Windows 10, java.vm.specification.version=1.8, org.apache.logging.log4j.assignedSequences=2868, javax.persistence.validation.mode=AUTO, user.country=GB, sun.java.launcher=SUN_STANDARD, sun.boot.library.path=C:\Program Files\Java\jdk1.8.0_202\jre\bin, sun.java.command=C:\Users\3moulj69\Repos\temp\SOFTWARE-SYSTEMS-DEVELOPMENT\Josh\Andres-Project\project\service\target\surefire\surefirebooter3177549076182581859.jar C:\Users\3moulj69\Repos\temp\SOFTWARE-SYSTEMS-DEVELOPMENT\Josh\Andres-Project\project\service\target\surefire\surefire1466935621808437960tmp C:\Users\3moulj69\Repos\temp\SOFTWARE-SYSTEMS-DEVELOPMENT\Josh\Andres-Project\project\service\target\surefire\surefire_21610677784229838450tmp, javax.persistence.sharedCache.mode=UNSPECIFIED, surefire.test.class.path=C:\Users\3moulj69\Repos\temp\SOFTWARE-SYSTEMS-DEVELOPMENT\Josh\Andres-Project\project\service\target\test-classes;C:\Users\3moulj69\Repos\temp\SOFTWARE-SYSTEMS-DEVELOPMENT\Josh\Andres-Project\project\service\target\classes;C:\Users\3moulj69\Repos\temp\SOFTWARE-SYSTEMS-DEVELOPMENT\Josh\Andres-Project\project\model\target\project-model-1.5-SNAPSHOT.jar;C:\Users\3moulj69\Repos\temp\SOFTWARE-SYSTEMS-DEVELOPMENT\Josh\Andres-Project\project\dao-springdata-jpa\target\project-dao-springdata-jpa-1.5-SNAPSHOT.jar;C:\Users\3moulj69\.m2\repository\org\springframework\spring-orm\5.2.3.RELEASE\spring-orm-5.2.3.RELEASE.jar;C:\Users\3moulj69\.m2\repository\org\springframework\spring-jdbc\5.2.3.RELEASE\spring-jdbc-5.2.3.RELEASE.jar;C:\Users\3moulj69\.m2\repository\org\springframework\spring-tx\5.2.3.RELEASE\spring-tx-5.2.3.RELEASE.jar;C:\Users\3moulj69\.m2\repository\org\springframework\data\spring-data-jpa\2.2.3.RELEASE\spring-data-jpa-2.2.3.RELEASE.jar;C:\Users\3moulj69\.m2\repository\org\springframework\data\spring-data-commons\2.2.3.RELEASE\spring-data-commons-2.2.3.RELEASE.jar;C:\Users\3moulj69\.m2\repository\org\aspectj\aspectjrt\1.9.5\aspectjrt-1.9.5.jar;C:\Users\3moulj69\.m2\repository\org\hibernate\hibernate-core\5.2.17.Final\hibernate-core-5.2.17.Final.jar;C:\Users\3moulj69\.m2\repository\org\jboss\logging\jboss-logging\3.3.1.Final\jboss-logging-3.3.1.Final.jar;C:\Users\3moulj69\.m2\repository\org\hibernate\javax\persistence\hibernate-jpa-2.1-api\1.0.0.Final\hibernate-jpa-2.1-api-1.0.0.Final.jar;C:\Users\3moulj69\.m2\repository\org\javassist\javassist\3.22.0-GA\javassist-3.22.0-GA.jar;C:\Users\3moulj69\.m2\repository\antlr\antlr\2.7.7\antlr-2.7.7.jar;C:\Users\3moulj69\.m2\repository\org\jboss\spec\javax\transaction\jboss-transaction-api_1.2_spec\1.0.1.Final\jboss-transaction-api_1.2_spec-1.0.1.Final.jar;C:\Users\3moulj69\.m2\repository\org\jboss\jandex\2.0.3.Final\jandex-2.0.3.Final.jar;C:\Users\3moulj69\.m2\repository\com\fasterxml\classmate\1.3.0\classmate-1.3.0.jar;C:\Users\3moulj69\.m2\repository\dom4j\dom4j\1.6.1\dom4j-1.6.1.jar;C:\Users\3moulj69\.m2\repository\org\hibernate\common\hibernate-commons-annotations\5.0.1.Final\hibernate-commons-annotations-5.0.1.Final.jar;C:\Users\3moulj69\.m2\repository\org\hibernate\hibernate-entitymanager\5.2.17.Final\hibernate-entitymanager-5.2.17.Final.jar;C:\Users\3moulj69\.m2\repository\net\bytebuddy\byte-buddy\1.6.14\byte-buddy-1.6.14.jar;C:\Users\3moulj69\.m2\repository\org\hsqldb\hsqldb\2.2.4\hsqldb-2.2.4.jar;C:\Users\3moulj69\.m2\repository\org\springframework\security\spring-security-config\5.2.1.RELEASE\spring-security-config-5.2.1.RELEASE.jar;C:\Users\3moulj69\.m2\repository\org\springframework\security\spring-security-core\5.2.1.RELEASE\spring-security-core-5.2.1.RELEASE.jar;C:\Users\3moulj69\.m2\repository\org\springframework\spring-aop\5.2.1.RELEASE\spring-aop-5.2.1.RELEASE.jar;C:\Users\3moulj69\.m2\repository\org\springframework\spring-beans\5.2.1.RELEASE\spring-beans-5.2.1.RELEASE.jar;C:\Users\3moulj69\.m2\repository\javax\servlet\javax.servlet-api\3.1.0\javax.servlet-api-3.1.0.jar;C:\Users\3moulj69\.m2\repository\org\springframework\spring-core\5.2.3.RELEASE\spring-core-5.2.3.RELEASE.jar;C:\Users\3moulj69\.m2\repository\org\springframework\spring-jcl\5.2.3.RELEASE\spring-jcl-5.2.3.RELEASE.jar;C:\Users\3moulj69\.m2\repository\org\springframework\spring-context\5.2.3.RELEASE\spring-context-5.2.3.RELEASE.jar;C:\Users\3moulj69\.m2\repository\org\springframework\spring-expression\5.2.3.RELEASE\spring-expression-5.2.3.RELEASE.jar;C:\Users\3moulj69\.m2\repository\org\springframework\spring-test\5.2.3.RELEASE\spring-test-5.2.3.RELEASE.jar;C:\Users\3moulj69\.m2\repository\org\slf4j\slf4j-api\1.7.12\slf4j-api-1.7.12.jar;C:\Users\3moulj69\.m2\repository\org\slf4j\jcl-over-slf4j\1.7.12\jcl-over-slf4j-1.7.12.jar;C:\Users\3moulj69\.m2\repository\org\apache\logging\log4j\log4j-slf4j-impl\2.12.1\log4j-slf4j-impl-2.12.1.jar;C:\Users\3moulj69\.m2\repository\org\apache\logging\log4j\log4j-api\2.12.1\log4j-api-2.12.1.jar;C:\Users\3moulj69\.m2\repository\org\apache\logging\log4j\log4j-core\2.12.1\log4j-core-2.12.1.jar;C:\Users\3moulj69\.m2\repository\junit\junit\4.12\junit-4.12.jar;C:\Users\3moulj69\.m2\repository\org\hamcrest\hamcrest-core\1.3\hamcrest-core-1.3.jar;, sun.cpu.endian=little, user.home=C:\Users\3moulj69, user.language=en, java.specification.vendor=Oracle Corporation, java.home=C:\Program Files\Java\jdk1.8.0_202\jre, basedir=C:\Users\3moulj69\Repos\temp\SOFTWARE-SYSTEMS-DEVELOPMENT\Josh\Andres-Project\project\service, file.separator=\, line.separator=
, java.vm.specification.vendor=Oracle Corporation, java.specification.name=Java Platform API Specification, hibernate.transaction.coordinator_class=class org.hibernate.resource.transaction.backend.jdbc.internal.JdbcResourceLocalTransactionCoordinatorBuilderImpl, java.awt.graphicsenv=sun.awt.Win32GraphicsEnvironment, surefire.real.class.path=C:\Users\3moulj69\Repos\temp\SOFTWARE-SYSTEMS-DEVELOPMENT\Josh\Andres-Project\project\service\target\surefire\surefirebooter3177549076182581859.jar, sun.boot.class.path=C:\Program Files\Java\jdk1.8.0_202\jre\lib\resources.jar;C:\Program Files\Java\jdk1.8.0_202\jre\lib\rt.jar;C:\Program Files\Java\jdk1.8.0_202\jre\lib\sunrsasign.jar;C:\Program Files\Java\jdk1.8.0_202\jre\lib\jsse.jar;C:\Program Files\Java\jdk1.8.0_202\jre\lib\jce.jar;C:\Program Files\Java\jdk1.8.0_202\jre\lib\charsets.jar;C:\Program Files\Java\jdk1.8.0_202\jre\lib\jfr.jar;C:\Program Files\Java\jdk1.8.0_202\jre\classes, hibernate.hbm2ddl.auto=update, user.script=, sun.management.compiler=HotSpot 64-Bit Tiered Compilers, java.runtime.version=1.8.0_202-b08, user.name=3moulj69, path.separator=;, os.version=10.0, java.endorsed.dirs=C:\Program Files\Java\jdk1.8.0_202\jre\lib\endorsed, java.runtime.name=Java(TM) SE Runtime Environment, hibernate.ejb.persistenceUnitName=default, file.encoding=Cp1252, java.vm.name=Java HotSpot(TM) 64-Bit Server VM, hibernate.show_sql=true, localRepository=C:\Users\3moulj69\.m2\repository, java.vendor.url.bug=http://bugreport.sun.com/bugreport/, java.io.tmpdir=C:\Users\3moulj69\AppData\Local\Temp\, java.version=1.8.0_202, user.dir=C:\Users\3moulj69\Repos\temp\SOFTWARE-SYSTEMS-DEVELOPMENT\Josh\Andres-Project\project\service, os.arch=amd64, java.vm.specification.name=Java Virtual Machine Specification, java.awt.printerjob=sun.awt.windows.WPrinterJob, sun.os.patch.level=, hibernate.boot.CfgXmlAccessService.key=org.hibernate.boot.cfgxml.spi.LoadedConfig@1a0c5e9, java.library.path=C:\Program Files\Java\jdk1.8.0_202\jre\bin;C:\WINDOWS\Sun\Java\bin;C:\WINDOWS\system32;C:\WINDOWS;C:\Program Files (x86)\Python37-32\Scripts\;C:\Program Files (x86)\Python37-32\;C:\Program Files (x86)\Common Files\Oracle\Java\javapath;C:\Program Files (x86)\NVIDIA Corporation\PhysX\Common;C:\WINDOWS\system32;C:\WINDOWS;C:\WINDOWS\System32\Wbem;C:\WINDOWS\System32\WindowsPowerShell\v1.0\;C:\WINDOWS\System32\OpenSSH\;C:\Program Files\Microsoft SQL Server\120\Tools\Binn\;C:\Program Files (x86)\Brackets\command;C:\Program Files (x86)\Common Files\Sage SData\;C:\Program Files\Csound6_x64\bin;C:\Program Files\Git\cmd;C:\Program Files\MiKTeX 2.9\miktex\bin\x64\;C:\Program Files\nodejs\;C:\Program Files\Microsoft VS Code\bin;C:\Program Files\Java\jdk1.8.0_202\bin;c:\program files\apache\maven\bin;C:\Program Files (x86)\Windows Kits\8.1\Windows Performance Toolkit\;C:\Program Files\MATLAB\R2017a\runtime\win64;C:\Program Files\MATLAB\R2017a\bin;C:\Users\3moulj69\AppData\Local\Microsoft\WindowsApps;;., java.vm.info=mixed mode, java.vendor=Oracle Corporation, java.vm.version=25.202-b08, hibernate.bytecode.use_reflection_optimizer=false, hibernate.connection.datasource=org.springframework.jdbc.datasource.DriverManagerDataSource@47d023b7, java.ext.dirs=C:\Program Files\Java\jdk1.8.0_202\jre\lib\ext;C:\WINDOWS\Sun\Java\lib\ext, sun.io.unicode.encoding=UnicodeLittle, java.class.version=52.0}
12:23:07.920 [main] [o.h.s.s.JaccIntegrator] DEBUG org.hibernate.secure.spi.JaccIntegrator - Skipping JACC integration as it was not enabled
12:23:07.920 [main] [o.h.e.s.CascadeStyles] DEBUG org.hibernate.engine.spi.CascadeStyles - External cascade style registration [persist : STYLE_PERSIST_SKIPLAZY] overrode base registration [STYLE_PERSIST]
12:23:07.936 [main] [o.h.i.SessionFactoryImpl] DEBUG org.hibernate.internal.SessionFactoryImpl - Instantiated session factory
12:23:07.936 [main] [o.h.b.i.ClassLoaderAccessImpl] DEBUG org.hibernate.boot.internal.ClassLoaderAccessImpl - Not known whether passed class name [org.solent.com504.project.model.bid.dto.Bid] is safe
12:23:07.936 [main] [o.h.b.i.ClassLoaderAccessImpl] DEBUG org.hibernate.boot.internal.ClassLoaderAccessImpl - No temp ClassLoader provided; using live ClassLoader for loading potentially unsafe class : org.solent.com504.project.model.bid.dto.Bid
12:23:07.936 [main] [o.h.b.i.ClassLoaderAccessImpl] DEBUG org.hibernate.boot.internal.ClassLoaderAccessImpl - Not known whether passed class name [org.solent.com504.project.model.bid.dto.Bid] is safe
12:23:07.936 [main] [o.h.b.i.ClassLoaderAccessImpl] DEBUG org.hibernate.boot.internal.ClassLoaderAccessImpl - No temp ClassLoader provided; using live ClassLoader for loading potentially unsafe class : org.solent.com504.project.model.bid.dto.Bid
12:23:07.936 [main] [o.h.b.i.ClassLoaderAccessImpl] DEBUG org.hibernate.boot.internal.ClassLoaderAccessImpl - Not known whether passed class name [org.solent.com504.project.model.user.dto.Role] is safe
12:23:07.936 [main] [o.h.b.i.ClassLoaderAccessImpl] DEBUG org.hibernate.boot.internal.ClassLoaderAccessImpl - No temp ClassLoader provided; using live ClassLoader for loading potentially unsafe class : org.solent.com504.project.model.user.dto.Role
12:23:07.936 [main] [o.h.b.i.ClassLoaderAccessImpl] DEBUG org.hibernate.boot.internal.ClassLoaderAccessImpl - Not known whether passed class name [org.solent.com504.project.model.user.dto.Role] is safe
12:23:07.936 [main] [o.h.b.i.ClassLoaderAccessImpl] DEBUG org.hibernate.boot.internal.ClassLoaderAccessImpl - No temp ClassLoader provided; using live ClassLoader for loading potentially unsafe class : org.solent.com504.project.model.user.dto.Role
12:23:07.952 [main] [o.h.b.i.ClassLoaderAccessImpl] DEBUG org.hibernate.boot.internal.ClassLoaderAccessImpl - Not known whether passed class name [org.solent.com504.project.model.auction.dto.Auction] is safe
12:23:07.952 [main] [o.h.b.i.ClassLoaderAccessImpl] DEBUG org.hibernate.boot.internal.ClassLoaderAccessImpl - No temp ClassLoader provided; using live ClassLoader for loading potentially unsafe class : org.solent.com504.project.model.auction.dto.Auction
12:23:07.952 [main] [o.h.b.i.ClassLoaderAccessImpl] DEBUG org.hibernate.boot.internal.ClassLoaderAccessImpl - Not known whether passed class name [org.solent.com504.project.model.auction.dto.Auction] is safe
12:23:07.952 [main] [o.h.b.i.ClassLoaderAccessImpl] DEBUG org.hibernate.boot.internal.ClassLoaderAccessImpl - No temp ClassLoader provided; using live ClassLoader for loading potentially unsafe class : org.solent.com504.project.model.auction.dto.Auction
12:23:07.952 [main] [o.h.b.i.ClassLoaderAccessImpl] DEBUG org.hibernate.boot.internal.ClassLoaderAccessImpl - Not known whether passed class name [org.solent.com504.project.model.lot.dto.Lot] is safe
12:23:07.952 [main] [o.h.b.i.ClassLoaderAccessImpl] DEBUG org.hibernate.boot.internal.ClassLoaderAccessImpl - No temp ClassLoader provided; using live ClassLoader for loading potentially unsafe class : org.solent.com504.project.model.lot.dto.Lot
12:23:07.952 [main] [o.h.b.i.ClassLoaderAccessImpl] DEBUG org.hibernate.boot.internal.ClassLoaderAccessImpl - Not known whether passed class name [org.solent.com504.project.model.lot.dto.Lot] is safe
12:23:07.952 [main] [o.h.b.i.ClassLoaderAccessImpl] DEBUG org.hibernate.boot.internal.ClassLoaderAccessImpl - No temp ClassLoader provided; using live ClassLoader for loading potentially unsafe class : org.solent.com504.project.model.lot.dto.Lot
12:23:07.952 [main] [o.h.b.i.ClassLoaderAccessImpl] DEBUG org.hibernate.boot.internal.ClassLoaderAccessImpl - Not known whether passed class name [org.solent.com504.project.model.party.dto.Party] is safe
12:23:07.952 [main] [o.h.b.i.ClassLoaderAccessImpl] DEBUG org.hibernate.boot.internal.ClassLoaderAccessImpl - No temp ClassLoader provided; using live ClassLoader for loading potentially unsafe class : org.solent.com504.project.model.party.dto.Party
12:23:07.952 [main] [o.h.b.i.ClassLoaderAccessImpl] DEBUG org.hibernate.boot.internal.ClassLoaderAccessImpl - Not known whether passed class name [org.solent.com504.project.model.party.dto.Party] is safe
12:23:07.952 [main] [o.h.b.i.ClassLoaderAccessImpl] DEBUG org.hibernate.boot.internal.ClassLoaderAccessImpl - No temp ClassLoader provided; using live ClassLoader for loading potentially unsafe class : org.solent.com504.project.model.party.dto.Party
12:23:07.952 [main] [o.h.b.i.ClassLoaderAccessImpl] DEBUG org.hibernate.boot.internal.ClassLoaderAccessImpl - Not known whether passed class name [org.solent.com504.project.model.user.dto.User] is safe
12:23:07.952 [main] [o.h.b.i.ClassLoaderAccessImpl] DEBUG org.hibernate.boot.internal.ClassLoaderAccessImpl - No temp ClassLoader provided; using live ClassLoader for loading potentially unsafe class : org.solent.com504.project.model.user.dto.User
12:23:07.952 [main] [o.h.b.i.ClassLoaderAccessImpl] DEBUG org.hibernate.boot.internal.ClassLoaderAccessImpl - Not known whether passed class name [org.solent.com504.project.model.user.dto.User] is safe
12:23:07.952 [main] [o.h.b.i.ClassLoaderAccessImpl] DEBUG org.hibernate.boot.internal.ClassLoaderAccessImpl - No temp ClassLoader provided; using live ClassLoader for loading potentially unsafe class : org.solent.com504.project.model.user.dto.User
12:23:07.967 [main] [o.h.p.c.AbstractCollectionPersister] DEBUG org.hibernate.persister.collection.AbstractCollectionPersister - Static SQL for collection: org.solent.com504.project.model.user.dto.User.roles
12:23:07.967 [main] [o.h.p.c.AbstractCollectionPersister] DEBUG org.hibernate.persister.collection.AbstractCollectionPersister -  Row insert: insert into user_role (user_id, role_id) values (?, ?)
12:23:07.967 [main] [o.h.p.c.AbstractCollectionPersister] DEBUG org.hibernate.persister.collection.AbstractCollectionPersister -  Row update: update user_role set role_id=? where user_id=? and role_id=?
12:23:07.967 [main] [o.h.p.c.AbstractCollectionPersister] DEBUG org.hibernate.persister.collection.AbstractCollectionPersister -  Row delete: delete from user_role where user_id=? and role_id=?
12:23:07.967 [main] [o.h.p.c.AbstractCollectionPersister] DEBUG org.hibernate.persister.collection.AbstractCollectionPersister -  One-shot delete: delete from user_role where user_id=?
12:23:07.967 [main] [o.h.p.c.AbstractCollectionPersister] DEBUG org.hibernate.persister.collection.AbstractCollectionPersister - Static SQL for collection: org.solent.com504.project.model.user.dto.Role.users
12:23:07.967 [main] [o.h.p.c.AbstractCollectionPersister] DEBUG org.hibernate.persister.collection.AbstractCollectionPersister -  Row insert: insert into user_role (role_id, user_id) values (?, ?)
12:23:07.967 [main] [o.h.p.c.AbstractCollectionPersister] DEBUG org.hibernate.persister.collection.AbstractCollectionPersister -  Row update: update user_role set user_id=? where role_id=? and user_id=?
12:23:07.967 [main] [o.h.p.c.AbstractCollectionPersister] DEBUG org.hibernate.persister.collection.AbstractCollectionPersister -  Row delete: delete from user_role where role_id=? and user_id=?
12:23:07.967 [main] [o.h.p.c.AbstractCollectionPersister] DEBUG org.hibernate.persister.collection.AbstractCollectionPersister -  One-shot delete: delete from user_role where role_id=?
12:23:07.967 [main] [o.h.p.c.AbstractCollectionPersister] DEBUG org.hibernate.persister.collection.AbstractCollectionPersister - Static SQL for collection: org.solent.com504.project.model.auction.dto.Auction.lots
12:23:07.967 [main] [o.h.p.c.AbstractCollectionPersister] DEBUG org.hibernate.persister.collection.AbstractCollectionPersister -  Row insert: insert into Auction_Lot (Auction_id, lots_id) values (?, ?)
12:23:07.967 [main] [o.h.p.c.AbstractCollectionPersister] DEBUG org.hibernate.persister.collection.AbstractCollectionPersister -  Row update: update Auction_Lot set lots_id=? where Auction_id=? and lots_id=?
12:23:07.967 [main] [o.h.p.c.AbstractCollectionPersister] DEBUG org.hibernate.persister.collection.AbstractCollectionPersister -  Row delete: delete from Auction_Lot where Auction_id=? and lots_id=?
12:23:07.967 [main] [o.h.p.c.AbstractCollectionPersister] DEBUG org.hibernate.persister.collection.AbstractCollectionPersister -  One-shot delete: delete from Auction_Lot where Auction_id=?
12:23:07.967 [main] [o.h.p.c.AbstractCollectionPersister] DEBUG org.hibernate.persister.collection.AbstractCollectionPersister - Static SQL for collection: org.solent.com504.project.model.party.dto.Party.users
12:23:07.967 [main] [o.h.p.c.AbstractCollectionPersister] DEBUG org.hibernate.persister.collection.AbstractCollectionPersister -  Row insert: insert into user_party (user_id, party_id) values (?, ?)
12:23:07.967 [main] [o.h.p.c.AbstractCollectionPersister] DEBUG org.hibernate.persister.collection.AbstractCollectionPersister -  Row update: update user_party set party_id=? where user_id=? and party_id=?
12:23:07.967 [main] [o.h.p.c.AbstractCollectionPersister] DEBUG org.hibernate.persister.collection.AbstractCollectionPersister -  Row delete: delete from user_party where user_id=? and party_id=?
12:23:07.967 [main] [o.h.p.c.AbstractCollectionPersister] DEBUG org.hibernate.persister.collection.AbstractCollectionPersister -  One-shot delete: delete from user_party where user_id=?
12:23:07.967 [main] [o.h.p.c.AbstractCollectionPersister] DEBUG org.hibernate.persister.collection.AbstractCollectionPersister - Static SQL for collection: org.solent.com504.project.model.lot.dto.Lot.bids
12:23:07.967 [main] [o.h.p.c.AbstractCollectionPersister] DEBUG org.hibernate.persister.collection.AbstractCollectionPersister -  Row insert: insert into Lot_Bid (Lot_id, bids_id) values (?, ?)
12:23:07.967 [main] [o.h.p.c.AbstractCollectionPersister] DEBUG org.hibernate.persister.collection.AbstractCollectionPersister -  Row update: update Lot_Bid set bids_id=? where Lot_id=? and bids_id=?
12:23:07.967 [main] [o.h.p.c.AbstractCollectionPersister] DEBUG org.hibernate.persister.collection.AbstractCollectionPersister -  Row delete: delete from Lot_Bid where Lot_id=? and bids_id=?
12:23:07.967 [main] [o.h.p.c.AbstractCollectionPersister] DEBUG org.hibernate.persister.collection.AbstractCollectionPersister -  One-shot delete: delete from Lot_Bid where Lot_id=?
12:23:07.967 [main] [o.h.p.c.AbstractCollectionPersister] DEBUG org.hibernate.persister.collection.AbstractCollectionPersister - Static SQL for collection: org.solent.com504.project.model.user.dto.User.parties
12:23:07.967 [main] [o.h.p.c.AbstractCollectionPersister] DEBUG org.hibernate.persister.collection.AbstractCollectionPersister -  Row insert: insert into user_party (party_id, user_id) values (?, ?)
12:23:07.967 [main] [o.h.p.c.AbstractCollectionPersister] DEBUG org.hibernate.persister.collection.AbstractCollectionPersister -  Row update: update user_party set user_id=? where party_id=? and user_id=?
12:23:07.967 [main] [o.h.p.c.AbstractCollectionPersister] DEBUG org.hibernate.persister.collection.AbstractCollectionPersister -  Row delete: delete from user_party where party_id=? and user_id=?
12:23:07.967 [main] [o.h.p.c.AbstractCollectionPersister] DEBUG org.hibernate.persister.collection.AbstractCollectionPersister -  One-shot delete: delete from user_party where party_id=?
12:23:07.967 [main] [o.h.p.e.AbstractEntityPersister] DEBUG org.hibernate.persister.entity.AbstractEntityPersister - Static SQL for entity: org.solent.com504.project.model.bid.dto.Bid
12:23:07.967 [main] [o.h.p.e.AbstractEntityPersister] DEBUG org.hibernate.persister.entity.AbstractEntityPersister -  Version select: select id from Bid where id =?
12:23:07.967 [main] [o.h.p.e.AbstractEntityPersister] DEBUG org.hibernate.persister.entity.AbstractEntityPersister -  Snapshot select: select bid_.id, bid_.lot_id as lot_id5_2_, bid_.partyId as partyId2_2_, bid_.timeStamp as timeStam3_2_, bid_.value as value4_2_ from Bid bid_ where bid_.id=?
12:23:07.967 [main] [o.h.p.e.AbstractEntityPersister] DEBUG org.hibernate.persister.entity.AbstractEntityPersister -  Insert 0: insert into Bid (lot_id, partyId, timeStamp, value, id) values (?, ?, ?, ?, ?)
12:23:07.967 [main] [o.h.p.e.AbstractEntityPersister] DEBUG org.hibernate.persister.entity.AbstractEntityPersister -  Update 0: update Bid set lot_id=?, partyId=?, timeStamp=?, value=? where id=?
12:23:07.967 [main] [o.h.p.e.AbstractEntityPersister] DEBUG org.hibernate.persister.entity.AbstractEntityPersister -  Delete 0: delete from Bid where id=?
12:23:07.967 [main] [o.h.l.p.b.i.s.QuerySpacesImpl] DEBUG org.hibernate.loader.plan.build.internal.spaces.QuerySpacesImpl - Adding QuerySpace : uid = &lt;gen:0&gt; -&gt; org.hibernate.loader.plan.build.internal.spaces.EntityQuerySpaceImpl@37d28f02]
12:23:07.967 [main] [o.h.p.w.s.MetamodelGraphWalker] DEBUG org.hibernate.persister.walking.spi.MetamodelGraphWalker - Visiting attribute path : lot
12:23:07.967 [main] [o.h.l.p.b.i.s.QuerySpacesImpl] DEBUG org.hibernate.loader.plan.build.internal.spaces.QuerySpacesImpl - Adding QuerySpace : uid = &lt;gen:1&gt; -&gt; org.hibernate.loader.plan.build.internal.spaces.EntityQuerySpaceImpl@6056232d]
12:23:07.967 [main] [o.h.p.w.s.MetamodelGraphWalker] DEBUG org.hibernate.persister.walking.spi.MetamodelGraphWalker - Visiting attribute path : lot.bids
12:23:07.967 [main] [o.h.l.p.b.i.s.QuerySpacesImpl] DEBUG org.hibernate.loader.plan.build.internal.spaces.QuerySpacesImpl - Adding QuerySpace : uid = &lt;gen:2&gt; -&gt; org.hibernate.loader.plan.build.internal.spaces.CollectionQuerySpaceImpl@107bfcb2]
12:23:07.967 [main] [o.h.l.p.b.i.s.QuerySpacesImpl] DEBUG org.hibernate.loader.plan.build.internal.spaces.QuerySpacesImpl - Adding QuerySpace : uid = &lt;gen:3&gt; -&gt; org.hibernate.loader.plan.build.internal.spaces.EntityQuerySpaceImpl@7bac686b]
12:23:07.967 [main] [o.h.p.w.s.MetamodelGraphWalker] DEBUG org.hibernate.persister.walking.spi.MetamodelGraphWalker - Visiting attribute path : lot.duration
12:23:07.967 [main] [o.h.p.w.s.MetamodelGraphWalker] DEBUG org.hibernate.persister.walking.spi.MetamodelGraphWalker - Visiting attribute path : lot.grade
12:23:07.967 [main] [o.h.p.w.s.MetamodelGraphWalker] DEBUG org.hibernate.persister.walking.spi.MetamodelGraphWalker - Visiting attribute path : lot.highestBidPrice
12:23:07.967 [main] [o.h.p.w.s.MetamodelGraphWalker] DEBUG org.hibernate.persister.walking.spi.MetamodelGraphWalker - Visiting attribute path : lot.life_days
12:23:07.967 [main] [o.h.p.w.s.MetamodelGraphWalker] DEBUG org.hibernate.persister.walking.spi.MetamodelGraphWalker - Visiting attribute path : lot.pickdate
12:23:07.967 [main] [o.h.p.w.s.MetamodelGraphWalker] DEBUG org.hibernate.persister.walking.spi.MetamodelGraphWalker - Visiting attribute path : lot.quantity
12:23:07.967 [main] [o.h.p.w.s.MetamodelGraphWalker] DEBUG org.hibernate.persister.walking.spi.MetamodelGraphWalker - Visiting attribute path : lot.reservedPrice
12:23:07.967 [main] [o.h.p.w.s.MetamodelGraphWalker] DEBUG org.hibernate.persister.walking.spi.MetamodelGraphWalker - Visiting attribute path : partyId
12:23:07.967 [main] [o.h.p.w.s.MetamodelGraphWalker] DEBUG org.hibernate.persister.walking.spi.MetamodelGraphWalker - Visiting attribute path : timeStamp
12:23:07.967 [main] [o.h.p.w.s.MetamodelGraphWalker] DEBUG org.hibernate.persister.walking.spi.MetamodelGraphWalker - Visiting attribute path : value
12:23:07.967 [main] [o.h.l.p.b.i.FetchStyleLoadPlanBuildingAssociationVisitationStrategy] DEBUG org.hibernate.loader.plan.build.internal.FetchStyleLoadPlanBuildingAssociationVisitationStrategy - Building LoadPlan...
12:23:07.967 [main] [o.h.l.p.e.i.LoadQueryJoinAndFetchProcessor] DEBUG org.hibernate.loader.plan.exec.internal.LoadQueryJoinAndFetchProcessor - processing queryspace &lt;gen:0&gt;
12:23:07.967 [main] [o.h.l.p.b.s.LoadPlanTreePrinter] DEBUG org.hibernate.loader.plan.build.spi.LoadPlanTreePrinter - LoadPlan(entity=org.solent.com504.project.model.bid.dto.Bid)
    - Returns
       - EntityReturnImpl(entity=org.solent.com504.project.model.bid.dto.Bid, querySpaceUid=&lt;gen:0&gt;, path=org.solent.com504.project.model.bid.dto.Bid)
          - EntityAttributeFetchImpl(entity=org.solent.com504.project.model.lot.dto.Lot, querySpaceUid=&lt;gen:1&gt;, path=org.solent.com504.project.model.bid.dto.Bid.lot)
             - CollectionAttributeFetchImpl(collection=org.solent.com504.project.model.lot.dto.Lot.bids, querySpaceUid=&lt;gen:2&gt;, path=org.solent.com504.project.model.bid.dto.Bid.lot.bids)
                - (collection element) CollectionFetchableElementEntityGraph(entity=org.solent.com504.project.model.bid.dto.Bid, querySpaceUid=&lt;gen:3&gt;, path=org.solent.com504.project.model.bid.dto.Bid.lot.bids.&lt;elements&gt;)
    - QuerySpaces
       - EntityQuerySpaceImpl(uid=&lt;gen:0&gt;, entity=org.solent.com504.project.model.bid.dto.Bid)
          - SQL table alias mapping - bid0_
          - alias suffix - 0_
          - suffixed key columns - {id1_2_0_}
          - JOIN (JoinDefinedByMetadata(lot)) : &lt;gen:0&gt; -&gt; &lt;gen:1&gt;
             - EntityQuerySpaceImpl(uid=&lt;gen:1&gt;, entity=org.solent.com504.project.model.lot.dto.Lot)
                - SQL table alias mapping - lot1_
                - alias suffix - 1_
                - suffixed key columns - {id1_3_1_}

12:23:07.967 [main] [o.h.l.e.p.EntityLoader] DEBUG org.hibernate.loader.entity.plan.EntityLoader - Static select for entity org.solent.com504.project.model.bid.dto.Bid [NONE]: select bid0_.id as id1_2_0_, bid0_.lot_id as lot_id5_2_0_, bid0_.partyId as partyId2_2_0_, bid0_.timeStamp as timeStam3_2_0_, bid0_.value as value4_2_0_, lot1_.id as id1_3_1_, lot1_.duration as duration2_3_1_, lot1_.grade as grade3_3_1_, lot1_.highestBidPrice as highestB4_3_1_, lot1_.life_days as life_day5_3_1_, lot1_.pickdate as pickdate6_3_1_, lot1_.quantity as quantity7_3_1_, lot1_.reservedPrice as reserved8_3_1_ from Bid bid0_ left outer join Lot lot1_ on bid0_.lot_id=lot1_.id where bid0_.id=?
12:23:07.967 [main] [o.h.l.p.b.i.s.QuerySpacesImpl] DEBUG org.hibernate.loader.plan.build.internal.spaces.QuerySpacesImpl - Adding QuerySpace : uid = &lt;gen:0&gt; -&gt; org.hibernate.loader.plan.build.internal.spaces.EntityQuerySpaceImpl@2ab26378]
12:23:07.967 [main] [o.h.p.w.s.MetamodelGraphWalker] DEBUG org.hibernate.persister.walking.spi.MetamodelGraphWalker - Visiting attribute path : lot
12:23:07.967 [main] [o.h.l.p.b.i.s.QuerySpacesImpl] DEBUG org.hibernate.loader.plan.build.internal.spaces.QuerySpacesImpl - Adding QuerySpace : uid = &lt;gen:1&gt; -&gt; org.hibernate.loader.plan.build.internal.spaces.EntityQuerySpaceImpl@404eca05]
12:23:07.967 [main] [o.h.p.w.s.MetamodelGraphWalker] DEBUG org.hibernate.persister.walking.spi.MetamodelGraphWalker - Visiting attribute path : lot.bids
12:23:07.967 [main] [o.h.l.p.b.i.s.QuerySpacesImpl] DEBUG org.hibernate.loader.plan.build.internal.spaces.QuerySpacesImpl - Adding QuerySpace : uid = &lt;gen:2&gt; -&gt; org.hibernate.loader.plan.build.internal.spaces.CollectionQuerySpaceImpl@61a91c9b]
12:23:07.967 [main] [o.h.l.p.b.i.s.QuerySpacesImpl] DEBUG org.hibernate.loader.plan.build.internal.spaces.QuerySpacesImpl - Adding QuerySpace : uid = &lt;gen:3&gt; -&gt; org.hibernate.loader.plan.build.internal.spaces.EntityQuerySpaceImpl@17092fff]
12:23:07.967 [main] [o.h.p.w.s.MetamodelGraphWalker] DEBUG org.hibernate.persister.walking.spi.MetamodelGraphWalker - Visiting attribute path : lot.duration
12:23:07.967 [main] [o.h.p.w.s.MetamodelGraphWalker] DEBUG org.hibernate.persister.walking.spi.MetamodelGraphWalker - Visiting attribute path : lot.grade
12:23:07.967 [main] [o.h.p.w.s.MetamodelGraphWalker] DEBUG org.hibernate.persister.walking.spi.MetamodelGraphWalker - Visiting attribute path : lot.highestBidPrice
12:23:07.967 [main] [o.h.p.w.s.MetamodelGraphWalker] DEBUG org.hibernate.persister.walking.spi.MetamodelGraphWalker - Visiting attribute path : lot.life_days
12:23:07.967 [main] [o.h.p.w.s.MetamodelGraphWalker] DEBUG org.hibernate.persister.walking.spi.MetamodelGraphWalker - Visiting attribute path : lot.pickdate
12:23:07.967 [main] [o.h.p.w.s.MetamodelGraphWalker] DEBUG org.hibernate.persister.walking.spi.MetamodelGraphWalker - Visiting attribute path : lot.quantity
12:23:07.967 [main] [o.h.p.w.s.MetamodelGraphWalker] DEBUG org.hibernate.persister.walking.spi.MetamodelGraphWalker - Visiting attribute path : lot.reservedPrice
12:23:07.967 [main] [o.h.p.w.s.MetamodelGraphWalker] DEBUG org.hibernate.persister.walking.spi.MetamodelGraphWalker - Visiting attribute path : partyId
12:23:07.967 [main] [o.h.p.w.s.MetamodelGraphWalker] DEBUG org.hibernate.persister.walking.spi.MetamodelGraphWalker - Visiting attribute path : timeStamp
12:23:07.967 [main] [o.h.p.w.s.MetamodelGraphWalker] DEBUG org.hibernate.persister.walking.spi.MetamodelGraphWalker - Visiting attribute path : value
12:23:07.967 [main] [o.h.l.p.b.i.FetchStyleLoadPlanBuildingAssociationVisitationStrategy] DEBUG org.hibernate.loader.plan.build.internal.FetchStyleLoadPlanBuildingAssociationVisitationStrategy - Building LoadPlan...
12:23:07.967 [main] [o.h.l.p.e.i.LoadQueryJoinAndFetchProcessor] DEBUG org.hibernate.loader.plan.exec.internal.LoadQueryJoinAndFetchProcessor - processing queryspace &lt;gen:0&gt;
12:23:07.967 [main] [o.h.l.p.b.s.LoadPlanTreePrinter] DEBUG org.hibernate.loader.plan.build.spi.LoadPlanTreePrinter - LoadPlan(entity=org.solent.com504.project.model.bid.dto.Bid)
    - Returns
       - EntityReturnImpl(entity=org.solent.com504.project.model.bid.dto.Bid, querySpaceUid=&lt;gen:0&gt;, path=org.solent.com504.project.model.bid.dto.Bid)
          - EntityAttributeFetchImpl(entity=org.solent.com504.project.model.lot.dto.Lot, querySpaceUid=&lt;gen:1&gt;, path=org.solent.com504.project.model.bid.dto.Bid.lot)
             - CollectionAttributeFetchImpl(collection=org.solent.com504.project.model.lot.dto.Lot.bids, querySpaceUid=&lt;gen:2&gt;, path=org.solent.com504.project.model.bid.dto.Bid.lot.bids)
                - (collection element) CollectionFetchableElementEntityGraph(entity=org.solent.com504.project.model.bid.dto.Bid, querySpaceUid=&lt;gen:3&gt;, path=org.solent.com504.project.model.bid.dto.Bid.lot.bids.&lt;elements&gt;)
    - QuerySpaces
       - EntityQuerySpaceImpl(uid=&lt;gen:0&gt;, entity=org.solent.com504.project.model.bid.dto.Bid)
          - SQL table alias mapping - bid0_
          - alias suffix - 0_
          - suffixed key columns - {id1_2_0_}
          - JOIN (JoinDefinedByMetadata(lot)) : &lt;gen:0&gt; -&gt; &lt;gen:1&gt;
             - EntityQuerySpaceImpl(uid=&lt;gen:1&gt;, entity=org.solent.com504.project.model.lot.dto.Lot)
                - SQL table alias mapping - lot1_
                - alias suffix - 1_
                - suffixed key columns - {id1_3_1_}

12:23:07.967 [main] [o.h.l.e.p.EntityLoader] DEBUG org.hibernate.loader.entity.plan.EntityLoader - Static select for entity org.solent.com504.project.model.bid.dto.Bid [READ]: select bid0_.id as id1_2_0_, bid0_.lot_id as lot_id5_2_0_, bid0_.partyId as partyId2_2_0_, bid0_.timeStamp as timeStam3_2_0_, bid0_.value as value4_2_0_, lot1_.id as id1_3_1_, lot1_.duration as duration2_3_1_, lot1_.grade as grade3_3_1_, lot1_.highestBidPrice as highestB4_3_1_, lot1_.life_days as life_day5_3_1_, lot1_.pickdate as pickdate6_3_1_, lot1_.quantity as quantity7_3_1_, lot1_.reservedPrice as reserved8_3_1_ from Bid bid0_ left outer join Lot lot1_ on bid0_.lot_id=lot1_.id where bid0_.id=?
12:23:07.967 [main] [o.h.l.p.b.i.s.QuerySpacesImpl] DEBUG org.hibernate.loader.plan.build.internal.spaces.QuerySpacesImpl - Adding QuerySpace : uid = &lt;gen:0&gt; -&gt; org.hibernate.loader.plan.build.internal.spaces.EntityQuerySpaceImpl@2121d1f9]
12:23:07.967 [main] [o.h.p.w.s.MetamodelGraphWalker] DEBUG org.hibernate.persister.walking.spi.MetamodelGraphWalker - Visiting attribute path : lot
12:23:07.967 [main] [o.h.l.p.b.i.s.QuerySpacesImpl] DEBUG org.hibernate.loader.plan.build.internal.spaces.QuerySpacesImpl - Adding QuerySpace : uid = &lt;gen:1&gt; -&gt; org.hibernate.loader.plan.build.internal.spaces.EntityQuerySpaceImpl@1806bc4c]
12:23:07.967 [main] [o.h.p.w.s.MetamodelGraphWalker] DEBUG org.hibernate.persister.walking.spi.MetamodelGraphWalker - Visiting attribute path : partyId
12:23:07.967 [main] [o.h.p.w.s.MetamodelGraphWalker] DEBUG org.hibernate.persister.walking.spi.MetamodelGraphWalker - Visiting attribute path : timeStamp
12:23:07.967 [main] [o.h.p.w.s.MetamodelGraphWalker] DEBUG org.hibernate.persister.walking.spi.MetamodelGraphWalker - Visiting attribute path : value
12:23:07.967 [main] [o.h.l.p.b.i.FetchStyleLoadPlanBuildingAssociationVisitationStrategy] DEBUG org.hibernate.loader.plan.build.internal.FetchStyleLoadPlanBuildingAssociationVisitationStrategy - Building LoadPlan...
12:23:07.967 [main] [o.h.l.p.e.i.LoadQueryJoinAndFetchProcessor] DEBUG org.hibernate.loader.plan.exec.internal.LoadQueryJoinAndFetchProcessor - processing queryspace &lt;gen:0&gt;
12:23:07.967 [main] [o.h.l.p.b.s.LoadPlanTreePrinter] DEBUG org.hibernate.loader.plan.build.spi.LoadPlanTreePrinter - LoadPlan(entity=org.solent.com504.project.model.bid.dto.Bid)
    - Returns
       - EntityReturnImpl(entity=org.solent.com504.project.model.bid.dto.Bid, querySpaceUid=&lt;gen:0&gt;, path=org.solent.com504.project.model.bid.dto.Bid)
          - EntityAttributeFetchImpl(entity=org.solent.com504.project.model.lot.dto.Lot, querySpaceUid=&lt;gen:1&gt;, path=org.solent.com504.project.model.bid.dto.Bid.lot)
    - QuerySpaces
       - EntityQuerySpaceImpl(uid=&lt;gen:0&gt;, entity=org.solent.com504.project.model.bid.dto.Bid)
          - SQL table alias mapping - bid0_
          - alias suffix - 0_
          - suffixed key columns - {id1_2_0_}

12:23:07.967 [main] [o.h.l.e.p.EntityLoader] DEBUG org.hibernate.loader.entity.plan.EntityLoader - Static select for entity org.solent.com504.project.model.bid.dto.Bid [UPGRADE]: select bid0_.id as id1_2_0_, bid0_.lot_id as lot_id5_2_0_, bid0_.partyId as partyId2_2_0_, bid0_.timeStamp as timeStam3_2_0_, bid0_.value as value4_2_0_ from Bid bid0_ where bid0_.id=? for update
12:23:07.967 [main] [o.h.l.p.b.i.s.QuerySpacesImpl] DEBUG org.hibernate.loader.plan.build.internal.spaces.QuerySpacesImpl - Adding QuerySpace : uid = &lt;gen:0&gt; -&gt; org.hibernate.loader.plan.build.internal.spaces.EntityQuerySpaceImpl@462e1e64]
12:23:07.967 [main] [o.h.p.w.s.MetamodelGraphWalker] DEBUG org.hibernate.persister.walking.spi.MetamodelGraphWalker - Visiting attribute path : lot
12:23:07.967 [main] [o.h.l.p.b.i.s.QuerySpacesImpl] DEBUG org.hibernate.loader.plan.build.internal.spaces.QuerySpacesImpl - Adding QuerySpace : uid = &lt;gen:1&gt; -&gt; org.hibernate.loader.plan.build.internal.spaces.EntityQuerySpaceImpl@49f40c00]
12:23:07.967 [main] [o.h.p.w.s.MetamodelGraphWalker] DEBUG org.hibernate.persister.walking.spi.MetamodelGraphWalker - Visiting attribute path : partyId
12:23:07.967 [main] [o.h.p.w.s.MetamodelGraphWalker] DEBUG org.hibernate.persister.walking.spi.MetamodelGraphWalker - Visiting attribute path : timeStamp
12:23:07.967 [main] [o.h.p.w.s.MetamodelGraphWalker] DEBUG org.hibernate.persister.walking.spi.MetamodelGraphWalker - Visiting attribute path : value
12:23:07.967 [main] [o.h.l.p.b.i.FetchStyleLoadPlanBuildingAssociationVisitationStrategy] DEBUG org.hibernate.loader.plan.build.internal.FetchStyleLoadPlanBuildingAssociationVisitationStrategy - Building LoadPlan...
12:23:07.967 [main] [o.h.l.p.e.i.LoadQueryJoinAndFetchProcessor] DEBUG org.hibernate.loader.plan.exec.internal.LoadQueryJoinAndFetchProcessor - processing queryspace &lt;gen:0&gt;
12:23:07.967 [main] [o.h.l.p.b.s.LoadPlanTreePrinter] DEBUG org.hibernate.loader.plan.build.spi.LoadPlanTreePrinter - LoadPlan(entity=org.solent.com504.project.model.bid.dto.Bid)
    - Returns
       - EntityReturnImpl(entity=org.solent.com504.project.model.bid.dto.Bid, querySpaceUid=&lt;gen:0&gt;, path=org.solent.com504.project.model.bid.dto.Bid)
          - EntityAttributeFetchImpl(entity=org.solent.com504.project.model.lot.dto.Lot, querySpaceUid=&lt;gen:1&gt;, path=org.solent.com504.project.model.bid.dto.Bid.lot)
    - QuerySpaces
       - EntityQuerySpaceImpl(uid=&lt;gen:0&gt;, entity=org.solent.com504.project.model.bid.dto.Bid)
          - SQL table alias mapping - bid0_
          - alias suffix - 0_
          - suffixed key columns - {id1_2_0_}

12:23:07.967 [main] [o.h.l.e.p.EntityLoader] DEBUG org.hibernate.loader.entity.plan.EntityLoader - Static select for entity org.solent.com504.project.model.bid.dto.Bid [UPGRADE_NOWAIT]: select bid0_.id as id1_2_0_, bid0_.lot_id as lot_id5_2_0_, bid0_.partyId as partyId2_2_0_, bid0_.timeStamp as timeStam3_2_0_, bid0_.value as value4_2_0_ from Bid bid0_ where bid0_.id=? for update
12:23:07.967 [main] [o.h.l.p.b.i.s.QuerySpacesImpl] DEBUG org.hibernate.loader.plan.build.internal.spaces.QuerySpacesImpl - Adding QuerySpace : uid = &lt;gen:0&gt; -&gt; org.hibernate.loader.plan.build.internal.spaces.EntityQuerySpaceImpl@643d2dae]
12:23:07.967 [main] [o.h.p.w.s.MetamodelGraphWalker] DEBUG org.hibernate.persister.walking.spi.MetamodelGraphWalker - Visiting attribute path : lot
12:23:07.967 [main] [o.h.l.p.b.i.s.QuerySpacesImpl] DEBUG org.hibernate.loader.plan.build.internal.spaces.QuerySpacesImpl - Adding QuerySpace : uid = &lt;gen:1&gt; -&gt; org.hibernate.loader.plan.build.internal.spaces.EntityQuerySpaceImpl@4667c4c1]
12:23:07.967 [main] [o.h.p.w.s.MetamodelGraphWalker] DEBUG org.hibernate.persister.walking.spi.MetamodelGraphWalker - Visiting attribute path : partyId
12:23:07.967 [main] [o.h.p.w.s.MetamodelGraphWalker] DEBUG org.hibernate.persister.walking.spi.MetamodelGraphWalker - Visiting attribute path : timeStamp
12:23:07.967 [main] [o.h.p.w.s.MetamodelGraphWalker] DEBUG org.hibernate.persister.walking.spi.MetamodelGraphWalker - Visiting attribute path : value
12:23:07.967 [main] [o.h.l.p.b.i.FetchStyleLoadPlanBuildingAssociationVisitationStrategy] DEBUG org.hibernate.loader.plan.build.internal.FetchStyleLoadPlanBuildingAssociationVisitationStrategy - Building LoadPlan...
12:23:07.967 [main] [o.h.l.p.e.i.LoadQueryJoinAndFetchProcessor] DEBUG org.hibernate.loader.plan.exec.internal.LoadQueryJoinAndFetchProcessor - processing queryspace &lt;gen:0&gt;
12:23:07.967 [main] [o.h.l.p.b.s.LoadPlanTreePrinter] DEBUG org.hibernate.loader.plan.build.spi.LoadPlanTreePrinter - LoadPlan(entity=org.solent.com504.project.model.bid.dto.Bid)
    - Returns
       - EntityReturnImpl(entity=org.solent.com504.project.model.bid.dto.Bid, querySpaceUid=&lt;gen:0&gt;, path=org.solent.com504.project.model.bid.dto.Bid)
          - EntityAttributeFetchImpl(entity=org.solent.com504.project.model.lot.dto.Lot, querySpaceUid=&lt;gen:1&gt;, path=org.solent.com504.project.model.bid.dto.Bid.lot)
    - QuerySpaces
       - EntityQuerySpaceImpl(uid=&lt;gen:0&gt;, entity=org.solent.com504.project.model.bid.dto.Bid)
          - SQL table alias mapping - bid0_
          - alias suffix - 0_
          - suffixed key columns - {id1_2_0_}

12:23:07.967 [main] [o.h.l.e.p.EntityLoader] DEBUG org.hibernate.loader.entity.plan.EntityLoader - Static select for entity org.solent.com504.project.model.bid.dto.Bid [UPGRADE_SKIPLOCKED]: select bid0_.id as id1_2_0_, bid0_.lot_id as lot_id5_2_0_, bid0_.partyId as partyId2_2_0_, bid0_.timeStamp as timeStam3_2_0_, bid0_.value as value4_2_0_ from Bid bid0_ where bid0_.id=? for update
12:23:07.967 [main] [o.h.l.p.b.i.s.QuerySpacesImpl] DEBUG org.hibernate.loader.plan.build.internal.spaces.QuerySpacesImpl - Adding QuerySpace : uid = &lt;gen:0&gt; -&gt; org.hibernate.loader.plan.build.internal.spaces.EntityQuerySpaceImpl@2f9a4401]
12:23:07.967 [main] [o.h.p.w.s.MetamodelGraphWalker] DEBUG org.hibernate.persister.walking.spi.MetamodelGraphWalker - Visiting attribute path : lot
12:23:07.967 [main] [o.h.l.p.b.i.s.QuerySpacesImpl] DEBUG org.hibernate.loader.plan.build.internal.spaces.QuerySpacesImpl - Adding QuerySpace : uid = &lt;gen:1&gt; -&gt; org.hibernate.loader.plan.build.internal.spaces.EntityQuerySpaceImpl@46e64760]
12:23:07.967 [main] [o.h.p.w.s.MetamodelGraphWalker] DEBUG org.hibernate.persister.walking.spi.MetamodelGraphWalker - Visiting attribute path : partyId
12:23:07.967 [main] [o.h.p.w.s.MetamodelGraphWalker] DEBUG org.hibernate.persister.walking.spi.MetamodelGraphWalker - Visiting attribute path : timeStamp
12:23:07.967 [main] [o.h.p.w.s.MetamodelGraphWalker] DEBUG org.hibernate.persister.walking.spi.MetamodelGraphWalker - Visiting attribute path : value
12:23:07.967 [main] [o.h.l.p.b.i.FetchStyleLoadPlanBuildingAssociationVisitationStrategy] DEBUG org.hibernate.loader.plan.build.internal.FetchStyleLoadPlanBuildingAssociationVisitationStrategy - Building LoadPlan...
12:23:07.967 [main] [o.h.l.p.e.i.LoadQueryJoinAndFetchProcessor] DEBUG org.hibernate.loader.plan.exec.internal.LoadQueryJoinAndFetchProcessor - processing queryspace &lt;gen:0&gt;
12:23:07.967 [main] [o.h.l.p.b.s.LoadPlanTreePrinter] DEBUG org.hibernate.loader.plan.build.spi.LoadPlanTreePrinter - LoadPlan(entity=org.solent.com504.project.model.bid.dto.Bid)
    - Returns
       - EntityReturnImpl(entity=org.solent.com504.project.model.bid.dto.Bid, querySpaceUid=&lt;gen:0&gt;, path=org.solent.com504.project.model.bid.dto.Bid)
          - EntityAttributeFetchImpl(entity=org.solent.com504.project.model.lot.dto.Lot, querySpaceUid=&lt;gen:1&gt;, path=org.solent.com504.project.model.bid.dto.Bid.lot)
    - QuerySpaces
       - EntityQuerySpaceImpl(uid=&lt;gen:0&gt;, entity=org.solent.com504.project.model.bid.dto.Bid)
          - SQL table alias mapping - bid0_
          - alias suffix - 0_
          - suffixed key columns - {id1_2_0_}

12:23:07.967 [main] [o.h.l.e.p.EntityLoader] DEBUG org.hibernate.loader.entity.plan.EntityLoader - Static select for entity org.solent.com504.project.model.bid.dto.Bid [FORCE]: select bid0_.id as id1_2_0_, bid0_.lot_id as lot_id5_2_0_, bid0_.partyId as partyId2_2_0_, bid0_.timeStamp as timeStam3_2_0_, bid0_.value as value4_2_0_ from Bid bid0_ where bid0_.id=? for update
12:23:07.967 [main] [o.h.l.p.b.i.s.QuerySpacesImpl] DEBUG org.hibernate.loader.plan.build.internal.spaces.QuerySpacesImpl - Adding QuerySpace : uid = &lt;gen:0&gt; -&gt; org.hibernate.loader.plan.build.internal.spaces.EntityQuerySpaceImpl@3e5fd2b1]
12:23:07.967 [main] [o.h.p.w.s.MetamodelGraphWalker] DEBUG org.hibernate.persister.walking.spi.MetamodelGraphWalker - Visiting attribute path : lot
12:23:07.967 [main] [o.h.l.p.b.i.s.QuerySpacesImpl] DEBUG org.hibernate.loader.plan.build.internal.spaces.QuerySpacesImpl - Adding QuerySpace : uid = &lt;gen:1&gt; -&gt; org.hibernate.loader.plan.build.internal.spaces.EntityQuerySpaceImpl@5b275811]
12:23:07.967 [main] [o.h.p.w.s.MetamodelGraphWalker] DEBUG org.hibernate.persister.walking.spi.MetamodelGraphWalker - Visiting attribute path : partyId
12:23:07.967 [main] [o.h.p.w.s.MetamodelGraphWalker] DEBUG org.hibernate.persister.walking.spi.MetamodelGraphWalker - Visiting attribute path : timeStamp
12:23:07.967 [main] [o.h.p.w.s.MetamodelGraphWalker] DEBUG org.hibernate.persister.walking.spi.MetamodelGraphWalker - Visiting attribute path : value
12:23:07.967 [main] [o.h.l.p.b.i.FetchStyleLoadPlanBuildingAssociationVisitationStrategy] DEBUG org.hibernate.loader.plan.build.internal.FetchStyleLoadPlanBuildingAssociationVisitationStrategy - Building LoadPlan...
12:23:07.967 [main] [o.h.l.p.e.i.LoadQueryJoinAndFetchProcessor] DEBUG org.hibernate.loader.plan.exec.internal.LoadQueryJoinAndFetchProcessor - processing queryspace &lt;gen:0&gt;
12:23:07.967 [main] [o.h.l.p.b.s.LoadPlanTreePrinter] DEBUG org.hibernate.loader.plan.build.spi.LoadPlanTreePrinter - LoadPlan(entity=org.solent.com504.project.model.bid.dto.Bid)
    - Returns
       - EntityReturnImpl(entity=org.solent.com504.project.model.bid.dto.Bid, querySpaceUid=&lt;gen:0&gt;, path=org.solent.com504.project.model.bid.dto.Bid)
          - EntityAttributeFetchImpl(entity=org.solent.com504.project.model.lot.dto.Lot, querySpaceUid=&lt;gen:1&gt;, path=org.solent.com504.project.model.bid.dto.Bid.lot)
    - QuerySpaces
       - EntityQuerySpaceImpl(uid=&lt;gen:0&gt;, entity=org.solent.com504.project.model.bid.dto.Bid)
          - SQL table alias mapping - bid0_
          - alias suffix - 0_
          - suffixed key columns - {id1_2_0_}

12:23:07.967 [main] [o.h.l.e.p.EntityLoader] DEBUG org.hibernate.loader.entity.plan.EntityLoader - Static select for entity org.solent.com504.project.model.bid.dto.Bid [PESSIMISTIC_READ]: select bid0_.id as id1_2_0_, bid0_.lot_id as lot_id5_2_0_, bid0_.partyId as partyId2_2_0_, bid0_.timeStamp as timeStam3_2_0_, bid0_.value as value4_2_0_ from Bid bid0_ where bid0_.id=? for update
12:23:07.967 [main] [o.h.l.p.b.i.s.QuerySpacesImpl] DEBUG org.hibernate.loader.plan.build.internal.spaces.QuerySpacesImpl - Adding QuerySpace : uid = &lt;gen:0&gt; -&gt; org.hibernate.loader.plan.build.internal.spaces.EntityQuerySpaceImpl@2f0ed952]
12:23:07.967 [main] [o.h.p.w.s.MetamodelGraphWalker] DEBUG org.hibernate.persister.walking.spi.MetamodelGraphWalker - Visiting attribute path : lot
12:23:07.967 [main] [o.h.l.p.b.i.s.QuerySpacesImpl] DEBUG org.hibernate.loader.plan.build.internal.spaces.QuerySpacesImpl - Adding QuerySpace : uid = &lt;gen:1&gt; -&gt; org.hibernate.loader.plan.build.internal.spaces.EntityQuerySpaceImpl@6d074b14]
12:23:07.967 [main] [o.h.p.w.s.MetamodelGraphWalker] DEBUG org.hibernate.persister.walking.spi.MetamodelGraphWalker - Visiting attribute path : partyId
12:23:07.967 [main] [o.h.p.w.s.MetamodelGraphWalker] DEBUG org.hibernate.persister.walking.spi.MetamodelGraphWalker - Visiting attribute path : timeStamp
12:23:07.967 [main] [o.h.p.w.s.MetamodelGraphWalker] DEBUG org.hibernate.persister.walking.spi.MetamodelGraphWalker - Visiting attribute path : value
12:23:07.967 [main] [o.h.l.p.b.i.FetchStyleLoadPlanBuildingAssociationVisitationStrategy] DEBUG org.hibernate.loader.plan.build.internal.FetchStyleLoadPlanBuildingAssociationVisitationStrategy - Building LoadPlan...
12:23:07.967 [main] [o.h.l.p.e.i.LoadQueryJoinAndFetchProcessor] DEBUG org.hibernate.loader.plan.exec.internal.LoadQueryJoinAndFetchProcessor - processing queryspace &lt;gen:0&gt;
12:23:07.983 [main] [o.h.l.p.b.s.LoadPlanTreePrinter] DEBUG org.hibernate.loader.plan.build.spi.LoadPlanTreePrinter - LoadPlan(entity=org.solent.com504.project.model.bid.dto.Bid)
    - Returns
       - EntityReturnImpl(entity=org.solent.com504.project.model.bid.dto.Bid, querySpaceUid=&lt;gen:0&gt;, path=org.solent.com504.project.model.bid.dto.Bid)
          - EntityAttributeFetchImpl(entity=org.solent.com504.project.model.lot.dto.Lot, querySpaceUid=&lt;gen:1&gt;, path=org.solent.com504.project.model.bid.dto.Bid.lot)
    - QuerySpaces
       - EntityQuerySpaceImpl(uid=&lt;gen:0&gt;, entity=org.solent.com504.project.model.bid.dto.Bid)
          - SQL table alias mapping - bid0_
          - alias suffix - 0_
          - suffixed key columns - {id1_2_0_}

12:23:07.983 [main] [o.h.l.e.p.EntityLoader] DEBUG org.hibernate.loader.entity.plan.EntityLoader - Static select for entity org.solent.com504.project.model.bid.dto.Bid [PESSIMISTIC_WRITE]: select bid0_.id as id1_2_0_, bid0_.lot_id as lot_id5_2_0_, bid0_.partyId as partyId2_2_0_, bid0_.timeStamp as timeStam3_2_0_, bid0_.value as value4_2_0_ from Bid bid0_ where bid0_.id=? for update
12:23:07.983 [main] [o.h.l.p.b.i.s.QuerySpacesImpl] DEBUG org.hibernate.loader.plan.build.internal.spaces.QuerySpacesImpl - Adding QuerySpace : uid = &lt;gen:0&gt; -&gt; org.hibernate.loader.plan.build.internal.spaces.EntityQuerySpaceImpl@c017175]
12:23:07.983 [main] [o.h.p.w.s.MetamodelGraphWalker] DEBUG org.hibernate.persister.walking.spi.MetamodelGraphWalker - Visiting attribute path : lot
12:23:07.983 [main] [o.h.l.p.b.i.s.QuerySpacesImpl] DEBUG org.hibernate.loader.plan.build.internal.spaces.QuerySpacesImpl - Adding QuerySpace : uid = &lt;gen:1&gt; -&gt; org.hibernate.loader.plan.build.internal.spaces.EntityQuerySpaceImpl@18371d89]
12:23:07.983 [main] [o.h.p.w.s.MetamodelGraphWalker] DEBUG org.hibernate.persister.walking.spi.MetamodelGraphWalker - Visiting attribute path : partyId
12:23:07.983 [main] [o.h.p.w.s.MetamodelGraphWalker] DEBUG org.hibernate.persister.walking.spi.MetamodelGraphWalker - Visiting attribute path : timeStamp
12:23:07.983 [main] [o.h.p.w.s.MetamodelGraphWalker] DEBUG org.hibernate.persister.walking.spi.MetamodelGraphWalker - Visiting attribute path : value
12:23:07.983 [main] [o.h.l.p.b.i.FetchStyleLoadPlanBuildingAssociationVisitationStrategy] DEBUG org.hibernate.loader.plan.build.internal.FetchStyleLoadPlanBuildingAssociationVisitationStrategy - Building LoadPlan...
12:23:07.983 [main] [o.h.l.p.e.i.LoadQueryJoinAndFetchProcessor] DEBUG org.hibernate.loader.plan.exec.internal.LoadQueryJoinAndFetchProcessor - processing queryspace &lt;gen:0&gt;
12:23:07.983 [main] [o.h.l.p.b.s.LoadPlanTreePrinter] DEBUG org.hibernate.loader.plan.build.spi.LoadPlanTreePrinter - LoadPlan(entity=org.solent.com504.project.model.bid.dto.Bid)
    - Returns
       - EntityReturnImpl(entity=org.solent.com504.project.model.bid.dto.Bid, querySpaceUid=&lt;gen:0&gt;, path=org.solent.com504.project.model.bid.dto.Bid)
          - EntityAttributeFetchImpl(entity=org.solent.com504.project.model.lot.dto.Lot, querySpaceUid=&lt;gen:1&gt;, path=org.solent.com504.project.model.bid.dto.Bid.lot)
    - QuerySpaces
       - EntityQuerySpaceImpl(uid=&lt;gen:0&gt;, entity=org.solent.com504.project.model.bid.dto.Bid)
          - SQL table alias mapping - bid0_
          - alias suffix - 0_
          - suffixed key columns - {id1_2_0_}

12:23:07.983 [main] [o.h.l.e.p.EntityLoader] DEBUG org.hibernate.loader.entity.plan.EntityLoader - Static select for entity org.solent.com504.project.model.bid.dto.Bid [PESSIMISTIC_FORCE_INCREMENT]: select bid0_.id as id1_2_0_, bid0_.lot_id as lot_id5_2_0_, bid0_.partyId as partyId2_2_0_, bid0_.timeStamp as timeStam3_2_0_, bid0_.value as value4_2_0_ from Bid bid0_ where bid0_.id=? for update
12:23:07.983 [main] [o.h.l.p.b.i.s.QuerySpacesImpl] DEBUG org.hibernate.loader.plan.build.internal.spaces.QuerySpacesImpl - Adding QuerySpace : uid = &lt;gen:0&gt; -&gt; org.hibernate.loader.plan.build.internal.spaces.EntityQuerySpaceImpl@4f3faa70]
12:23:07.983 [main] [o.h.p.w.s.MetamodelGraphWalker] DEBUG org.hibernate.persister.walking.spi.MetamodelGraphWalker - Visiting attribute path : lot
12:23:07.983 [main] [o.h.l.p.b.i.s.QuerySpacesImpl] DEBUG org.hibernate.loader.plan.build.internal.spaces.QuerySpacesImpl - Adding QuerySpace : uid = &lt;gen:1&gt; -&gt; org.hibernate.loader.plan.build.internal.spaces.EntityQuerySpaceImpl@7af3874e]
12:23:07.983 [main] [o.h.p.w.s.MetamodelGraphWalker] DEBUG org.hibernate.persister.walking.spi.MetamodelGraphWalker - Visiting attribute path : partyId
12:23:07.983 [main] [o.h.p.w.s.MetamodelGraphWalker] DEBUG org.hibernate.persister.walking.spi.MetamodelGraphWalker - Visiting attribute path : timeStamp
12:23:07.983 [main] [o.h.p.w.s.MetamodelGraphWalker] DEBUG org.hibernate.persister.walking.spi.MetamodelGraphWalker - Visiting attribute path : value
12:23:07.983 [main] [o.h.l.p.b.i.FetchStyleLoadPlanBuildingAssociationVisitationStrategy] DEBUG org.hibernate.loader.plan.build.internal.FetchStyleLoadPlanBuildingAssociationVisitationStrategy - Building LoadPlan...
12:23:07.983 [main] [o.h.l.p.e.i.LoadQueryJoinAndFetchProcessor] DEBUG org.hibernate.loader.plan.exec.internal.LoadQueryJoinAndFetchProcessor - processing queryspace &lt;gen:0&gt;
12:23:07.983 [main] [o.h.l.p.b.s.LoadPlanTreePrinter] DEBUG org.hibernate.loader.plan.build.spi.LoadPlanTreePrinter - LoadPlan(entity=org.solent.com504.project.model.bid.dto.Bid)
    - Returns
       - EntityReturnImpl(entity=org.solent.com504.project.model.bid.dto.Bid, querySpaceUid=&lt;gen:0&gt;, path=org.solent.com504.project.model.bid.dto.Bid)
          - EntityAttributeFetchImpl(entity=org.solent.com504.project.model.lot.dto.Lot, querySpaceUid=&lt;gen:1&gt;, path=org.solent.com504.project.model.bid.dto.Bid.lot)
    - QuerySpaces
       - EntityQuerySpaceImpl(uid=&lt;gen:0&gt;, entity=org.solent.com504.project.model.bid.dto.Bid)
          - SQL table alias mapping - bid0_
          - alias suffix - 0_
          - suffixed key columns - {id1_2_0_}

12:23:07.983 [main] [o.h.l.e.p.EntityLoader] DEBUG org.hibernate.loader.entity.plan.EntityLoader - Static select for entity org.solent.com504.project.model.bid.dto.Bid [OPTIMISTIC]: select bid0_.id as id1_2_0_, bid0_.lot_id as lot_id5_2_0_, bid0_.partyId as partyId2_2_0_, bid0_.timeStamp as timeStam3_2_0_, bid0_.value as value4_2_0_ from Bid bid0_ where bid0_.id=?
12:23:07.983 [main] [o.h.l.p.b.i.s.QuerySpacesImpl] DEBUG org.hibernate.loader.plan.build.internal.spaces.QuerySpacesImpl - Adding QuerySpace : uid = &lt;gen:0&gt; -&gt; org.hibernate.loader.plan.build.internal.spaces.EntityQuerySpaceImpl@5a8816cc]
12:23:07.983 [main] [o.h.p.w.s.MetamodelGraphWalker] DEBUG org.hibernate.persister.walking.spi.MetamodelGraphWalker - Visiting attribute path : lot
12:23:07.983 [main] [o.h.l.p.b.i.s.QuerySpacesImpl] DEBUG org.hibernate.loader.plan.build.internal.spaces.QuerySpacesImpl - Adding QuerySpace : uid = &lt;gen:1&gt; -&gt; org.hibernate.loader.plan.build.internal.spaces.EntityQuerySpaceImpl@37baddde]
12:23:07.983 [main] [o.h.p.w.s.MetamodelGraphWalker] DEBUG org.hibernate.persister.walking.spi.MetamodelGraphWalker - Visiting attribute path : partyId
12:23:07.983 [main] [o.h.p.w.s.MetamodelGraphWalker] DEBUG org.hibernate.persister.walking.spi.MetamodelGraphWalker - Visiting attribute path : timeStamp
12:23:07.983 [main] [o.h.p.w.s.MetamodelGraphWalker] DEBUG org.hibernate.persister.walking.spi.MetamodelGraphWalker - Visiting attribute path : value
12:23:07.983 [main] [o.h.l.p.b.i.FetchStyleLoadPlanBuildingAssociationVisitationStrategy] DEBUG org.hibernate.loader.plan.build.internal.FetchStyleLoadPlanBuildingAssociationVisitationStrategy - Building LoadPlan...
12:23:07.983 [main] [o.h.l.p.e.i.LoadQueryJoinAndFetchProcessor] DEBUG org.hibernate.loader.plan.exec.internal.LoadQueryJoinAndFetchProcessor - processing queryspace &lt;gen:0&gt;
12:23:07.983 [main] [o.h.l.p.b.s.LoadPlanTreePrinter] DEBUG org.hibernate.loader.plan.build.spi.LoadPlanTreePrinter - LoadPlan(entity=org.solent.com504.project.model.bid.dto.Bid)
    - Returns
       - EntityReturnImpl(entity=org.solent.com504.project.model.bid.dto.Bid, querySpaceUid=&lt;gen:0&gt;, path=org.solent.com504.project.model.bid.dto.Bid)
          - EntityAttributeFetchImpl(entity=org.solent.com504.project.model.lot.dto.Lot, querySpaceUid=&lt;gen:1&gt;, path=org.solent.com504.project.model.bid.dto.Bid.lot)
    - QuerySpaces
       - EntityQuerySpaceImpl(uid=&lt;gen:0&gt;, entity=org.solent.com504.project.model.bid.dto.Bid)
          - SQL table alias mapping - bid0_
          - alias suffix - 0_
          - suffixed key columns - {id1_2_0_}

12:23:07.983 [main] [o.h.l.e.p.EntityLoader] DEBUG org.hibernate.loader.entity.plan.EntityLoader - Static select for entity org.solent.com504.project.model.bid.dto.Bid [OPTIMISTIC_FORCE_INCREMENT]: select bid0_.id as id1_2_0_, bid0_.lot_id as lot_id5_2_0_, bid0_.partyId as partyId2_2_0_, bid0_.timeStamp as timeStam3_2_0_, bid0_.value as value4_2_0_ from Bid bid0_ where bid0_.id=?
12:23:07.983 [main] [o.h.l.Loader] DEBUG org.hibernate.loader.Loader - Static select for action ACTION_MERGE on entity org.solent.com504.project.model.bid.dto.Bid: select bid0_.id as id1_2_0_, bid0_.lot_id as lot_id5_2_0_, bid0_.partyId as partyId2_2_0_, bid0_.timeStamp as timeStam3_2_0_, bid0_.value as value4_2_0_ from Bid bid0_ where bid0_.id=?
12:23:07.983 [main] [o.h.l.Loader] DEBUG org.hibernate.loader.Loader - Static select for action ACTION_REFRESH on entity org.solent.com504.project.model.bid.dto.Bid: select bid0_.id as id1_2_0_, bid0_.lot_id as lot_id5_2_0_, bid0_.partyId as partyId2_2_0_, bid0_.timeStamp as timeStam3_2_0_, bid0_.value as value4_2_0_ from Bid bid0_ where bid0_.id=?
12:23:07.983 [main] [o.h.p.e.AbstractEntityPersister] DEBUG org.hibernate.persister.entity.AbstractEntityPersister - Static SQL for entity: org.solent.com504.project.model.user.dto.Role
12:23:07.983 [main] [o.h.p.e.AbstractEntityPersister] DEBUG org.hibernate.persister.entity.AbstractEntityPersister -  Version select: select id from role where id =?
12:23:07.983 [main] [o.h.p.e.AbstractEntityPersister] DEBUG org.hibernate.persister.entity.AbstractEntityPersister -  Snapshot select: select role_.id, role_.name as name2_6_ from role role_ where role_.id=?
12:23:07.983 [main] [o.h.p.e.AbstractEntityPersister] DEBUG org.hibernate.persister.entity.AbstractEntityPersister -  Insert 0: insert into role (name, id) values (?, ?)
12:23:07.983 [main] [o.h.p.e.AbstractEntityPersister] DEBUG org.hibernate.persister.entity.AbstractEntityPersister -  Update 0: update role set name=? where id=?
12:23:07.983 [main] [o.h.p.e.AbstractEntityPersister] DEBUG org.hibernate.persister.entity.AbstractEntityPersister -  Delete 0: delete from role where id=?
12:23:07.983 [main] [o.h.l.p.b.i.s.QuerySpacesImpl] DEBUG org.hibernate.loader.plan.build.internal.spaces.QuerySpacesImpl - Adding QuerySpace : uid = &lt;gen:0&gt; -&gt; org.hibernate.loader.plan.build.internal.spaces.EntityQuerySpaceImpl@5115f590]
12:23:07.983 [main] [o.h.p.w.s.MetamodelGraphWalker] DEBUG org.hibernate.persister.walking.spi.MetamodelGraphWalker - Visiting attribute path : name
12:23:07.983 [main] [o.h.p.w.s.MetamodelGraphWalker] DEBUG org.hibernate.persister.walking.spi.MetamodelGraphWalker - Visiting attribute path : users
12:23:07.983 [main] [o.h.l.p.b.i.s.QuerySpacesImpl] DEBUG org.hibernate.loader.plan.build.internal.spaces.QuerySpacesImpl - Adding QuerySpace : uid = &lt;gen:1&gt; -&gt; org.hibernate.loader.plan.build.internal.spaces.CollectionQuerySpaceImpl@11e355ca]
12:23:07.983 [main] [o.h.l.p.b.i.s.QuerySpacesImpl] DEBUG org.hibernate.loader.plan.build.internal.spaces.QuerySpacesImpl - Adding QuerySpace : uid = &lt;gen:2&gt; -&gt; org.hibernate.loader.plan.build.internal.spaces.EntityQuerySpaceImpl@70d63e05]
12:23:07.983 [main] [o.h.l.p.b.i.FetchStyleLoadPlanBuildingAssociationVisitationStrategy] DEBUG org.hibernate.loader.plan.build.internal.FetchStyleLoadPlanBuildingAssociationVisitationStrategy - Building LoadPlan...
12:23:07.983 [main] [o.h.l.p.e.i.LoadQueryJoinAndFetchProcessor] DEBUG org.hibernate.loader.plan.exec.internal.LoadQueryJoinAndFetchProcessor - processing queryspace &lt;gen:0&gt;
12:23:07.983 [main] [o.h.l.p.b.s.LoadPlanTreePrinter] DEBUG org.hibernate.loader.plan.build.spi.LoadPlanTreePrinter - LoadPlan(entity=org.solent.com504.project.model.user.dto.Role)
    - Returns
       - EntityReturnImpl(entity=org.solent.com504.project.model.user.dto.Role, querySpaceUid=&lt;gen:0&gt;, path=org.solent.com504.project.model.user.dto.Role)
          - CollectionAttributeFetchImpl(collection=org.solent.com504.project.model.user.dto.Role.users, querySpaceUid=&lt;gen:1&gt;, path=org.solent.com504.project.model.user.dto.Role.users)
             - (collection element) CollectionFetchableElementEntityGraph(entity=org.solent.com504.project.model.user.dto.User, querySpaceUid=&lt;gen:2&gt;, path=org.solent.com504.project.model.user.dto.Role.users.&lt;elements&gt;)
    - QuerySpaces
       - EntityQuerySpaceImpl(uid=&lt;gen:0&gt;, entity=org.solent.com504.project.model.user.dto.Role)
          - SQL table alias mapping - role0_
          - alias suffix - 0_
          - suffixed key columns - {id1_6_0_}

12:23:07.983 [main] [o.h.l.e.p.EntityLoader] DEBUG org.hibernate.loader.entity.plan.EntityLoader - Static select for entity org.solent.com504.project.model.user.dto.Role [NONE]: select role0_.id as id1_6_0_, role0_.name as name2_6_0_ from role role0_ where role0_.id=?
12:23:07.983 [main] [o.h.l.p.b.i.s.QuerySpacesImpl] DEBUG org.hibernate.loader.plan.build.internal.spaces.QuerySpacesImpl - Adding QuerySpace : uid = &lt;gen:0&gt; -&gt; org.hibernate.loader.plan.build.internal.spaces.EntityQuerySpaceImpl@e11ecfa]
12:23:07.983 [main] [o.h.p.w.s.MetamodelGraphWalker] DEBUG org.hibernate.persister.walking.spi.MetamodelGraphWalker - Visiting attribute path : name
12:23:07.983 [main] [o.h.p.w.s.MetamodelGraphWalker] DEBUG org.hibernate.persister.walking.spi.MetamodelGraphWalker - Visiting attribute path : users
12:23:07.983 [main] [o.h.l.p.b.i.s.QuerySpacesImpl] DEBUG org.hibernate.loader.plan.build.internal.spaces.QuerySpacesImpl - Adding QuerySpace : uid = &lt;gen:1&gt; -&gt; org.hibernate.loader.plan.build.internal.spaces.CollectionQuerySpaceImpl@43984213]
12:23:07.983 [main] [o.h.l.p.b.i.s.QuerySpacesImpl] DEBUG org.hibernate.loader.plan.build.internal.spaces.QuerySpacesImpl - Adding QuerySpace : uid = &lt;gen:2&gt; -&gt; org.hibernate.loader.plan.build.internal.spaces.EntityQuerySpaceImpl@2ff7a73]
12:23:07.983 [main] [o.h.l.p.b.i.FetchStyleLoadPlanBuildingAssociationVisitationStrategy] DEBUG org.hibernate.loader.plan.build.internal.FetchStyleLoadPlanBuildingAssociationVisitationStrategy - Building LoadPlan...
12:23:07.983 [main] [o.h.l.p.e.i.LoadQueryJoinAndFetchProcessor] DEBUG org.hibernate.loader.plan.exec.internal.LoadQueryJoinAndFetchProcessor - processing queryspace &lt;gen:0&gt;
12:23:07.983 [main] [o.h.l.p.b.s.LoadPlanTreePrinter] DEBUG org.hibernate.loader.plan.build.spi.LoadPlanTreePrinter - LoadPlan(entity=org.solent.com504.project.model.user.dto.Role)
    - Returns
       - EntityReturnImpl(entity=org.solent.com504.project.model.user.dto.Role, querySpaceUid=&lt;gen:0&gt;, path=org.solent.com504.project.model.user.dto.Role)
          - CollectionAttributeFetchImpl(collection=org.solent.com504.project.model.user.dto.Role.users, querySpaceUid=&lt;gen:1&gt;, path=org.solent.com504.project.model.user.dto.Role.users)
             - (collection element) CollectionFetchableElementEntityGraph(entity=org.solent.com504.project.model.user.dto.User, querySpaceUid=&lt;gen:2&gt;, path=org.solent.com504.project.model.user.dto.Role.users.&lt;elements&gt;)
    - QuerySpaces
       - EntityQuerySpaceImpl(uid=&lt;gen:0&gt;, entity=org.solent.com504.project.model.user.dto.Role)
          - SQL table alias mapping - role0_
          - alias suffix - 0_
          - suffixed key columns - {id1_6_0_}

12:23:07.983 [main] [o.h.l.e.p.EntityLoader] DEBUG org.hibernate.loader.entity.plan.EntityLoader - Static select for entity org.solent.com504.project.model.user.dto.Role [READ]: select role0_.id as id1_6_0_, role0_.name as name2_6_0_ from role role0_ where role0_.id=?
12:23:07.983 [main] [o.h.l.p.b.i.s.QuerySpacesImpl] DEBUG org.hibernate.loader.plan.build.internal.spaces.QuerySpacesImpl - Adding QuerySpace : uid = &lt;gen:0&gt; -&gt; org.hibernate.loader.plan.build.internal.spaces.EntityQuerySpaceImpl@38830ea]
12:23:07.983 [main] [o.h.p.w.s.MetamodelGraphWalker] DEBUG org.hibernate.persister.walking.spi.MetamodelGraphWalker - Visiting attribute path : name
12:23:07.983 [main] [o.h.p.w.s.MetamodelGraphWalker] DEBUG org.hibernate.persister.walking.spi.MetamodelGraphWalker - Visiting attribute path : users
12:23:07.983 [main] [o.h.l.p.b.i.s.QuerySpacesImpl] DEBUG org.hibernate.loader.plan.build.internal.spaces.QuerySpacesImpl - Adding QuerySpace : uid = &lt;gen:1&gt; -&gt; org.hibernate.loader.plan.build.internal.spaces.CollectionQuerySpaceImpl@3a790e40]
12:23:07.983 [main] [o.h.l.p.b.i.s.QuerySpacesImpl] DEBUG org.hibernate.loader.plan.build.internal.spaces.QuerySpacesImpl - Adding QuerySpace : uid = &lt;gen:2&gt; -&gt; org.hibernate.loader.plan.build.internal.spaces.EntityQuerySpaceImpl@43acd79e]
12:23:07.983 [main] [o.h.l.p.b.i.FetchStyleLoadPlanBuildingAssociationVisitationStrategy] DEBUG org.hibernate.loader.plan.build.internal.FetchStyleLoadPlanBuildingAssociationVisitationStrategy - Building LoadPlan...
12:23:07.983 [main] [o.h.l.p.e.i.LoadQueryJoinAndFetchProcessor] DEBUG org.hibernate.loader.plan.exec.internal.LoadQueryJoinAndFetchProcessor - processing queryspace &lt;gen:0&gt;
12:23:07.983 [main] [o.h.l.p.b.s.LoadPlanTreePrinter] DEBUG org.hibernate.loader.plan.build.spi.LoadPlanTreePrinter - LoadPlan(entity=org.solent.com504.project.model.user.dto.Role)
    - Returns
       - EntityReturnImpl(entity=org.solent.com504.project.model.user.dto.Role, querySpaceUid=&lt;gen:0&gt;, path=org.solent.com504.project.model.user.dto.Role)
          - CollectionAttributeFetchImpl(collection=org.solent.com504.project.model.user.dto.Role.users, querySpaceUid=&lt;gen:1&gt;, path=org.solent.com504.project.model.user.dto.Role.users)
             - (collection element) CollectionFetchableElementEntityGraph(entity=org.solent.com504.project.model.user.dto.User, querySpaceUid=&lt;gen:2&gt;, path=org.solent.com504.project.model.user.dto.Role.users.&lt;elements&gt;)
    - QuerySpaces
       - EntityQuerySpaceImpl(uid=&lt;gen:0&gt;, entity=org.solent.com504.project.model.user.dto.Role)
          - SQL table alias mapping - role0_
          - alias suffix - 0_
          - suffixed key columns - {id1_6_0_}

12:23:07.983 [main] [o.h.l.e.p.EntityLoader] DEBUG org.hibernate.loader.entity.plan.EntityLoader - Static select for entity org.solent.com504.project.model.user.dto.Role [UPGRADE]: select role0_.id as id1_6_0_, role0_.name as name2_6_0_ from role role0_ where role0_.id=? for update
12:23:07.983 [main] [o.h.l.p.b.i.s.QuerySpacesImpl] DEBUG org.hibernate.loader.plan.build.internal.spaces.QuerySpacesImpl - Adding QuerySpace : uid = &lt;gen:0&gt; -&gt; org.hibernate.loader.plan.build.internal.spaces.EntityQuerySpaceImpl@1e1b061]
12:23:07.983 [main] [o.h.p.w.s.MetamodelGraphWalker] DEBUG org.hibernate.persister.walking.spi.MetamodelGraphWalker - Visiting attribute path : name
12:23:07.983 [main] [o.h.p.w.s.MetamodelGraphWalker] DEBUG org.hibernate.persister.walking.spi.MetamodelGraphWalker - Visiting attribute path : users
12:23:07.983 [main] [o.h.l.p.b.i.s.QuerySpacesImpl] DEBUG org.hibernate.loader.plan.build.internal.spaces.QuerySpacesImpl - Adding QuerySpace : uid = &lt;gen:1&gt; -&gt; org.hibernate.loader.plan.build.internal.spaces.CollectionQuerySpaceImpl@4a8e6e89]
12:23:07.983 [main] [o.h.l.p.b.i.s.QuerySpacesImpl] DEBUG org.hibernate.loader.plan.build.internal.spaces.QuerySpacesImpl - Adding QuerySpace : uid = &lt;gen:2&gt; -&gt; org.hibernate.loader.plan.build.internal.spaces.EntityQuerySpaceImpl@6fbb4061]
12:23:07.983 [main] [o.h.l.p.b.i.FetchStyleLoadPlanBuildingAssociationVisitationStrategy] DEBUG org.hibernate.loader.plan.build.internal.FetchStyleLoadPlanBuildingAssociationVisitationStrategy - Building LoadPlan...
12:23:07.983 [main] [o.h.l.p.e.i.LoadQueryJoinAndFetchProcessor] DEBUG org.hibernate.loader.plan.exec.internal.LoadQueryJoinAndFetchProcessor - processing queryspace &lt;gen:0&gt;
12:23:07.983 [main] [o.h.l.p.b.s.LoadPlanTreePrinter] DEBUG org.hibernate.loader.plan.build.spi.LoadPlanTreePrinter - LoadPlan(entity=org.solent.com504.project.model.user.dto.Role)
    - Returns
       - EntityReturnImpl(entity=org.solent.com504.project.model.user.dto.Role, querySpaceUid=&lt;gen:0&gt;, path=org.solent.com504.project.model.user.dto.Role)
          - CollectionAttributeFetchImpl(collection=org.solent.com504.project.model.user.dto.Role.users, querySpaceUid=&lt;gen:1&gt;, path=org.solent.com504.project.model.user.dto.Role.users)
             - (collection element) CollectionFetchableElementEntityGraph(entity=org.solent.com504.project.model.user.dto.User, querySpaceUid=&lt;gen:2&gt;, path=org.solent.com504.project.model.user.dto.Role.users.&lt;elements&gt;)
    - QuerySpaces
       - EntityQuerySpaceImpl(uid=&lt;gen:0&gt;, entity=org.solent.com504.project.model.user.dto.Role)
          - SQL table alias mapping - role0_
          - alias suffix - 0_
          - suffixed key columns - {id1_6_0_}

12:23:07.983 [main] [o.h.l.e.p.EntityLoader] DEBUG org.hibernate.loader.entity.plan.EntityLoader - Static select for entity org.solent.com504.project.model.user.dto.Role [UPGRADE_NOWAIT]: select role0_.id as id1_6_0_, role0_.name as name2_6_0_ from role role0_ where role0_.id=? for update
12:23:07.983 [main] [o.h.l.p.b.i.s.QuerySpacesImpl] DEBUG org.hibernate.loader.plan.build.internal.spaces.QuerySpacesImpl - Adding QuerySpace : uid = &lt;gen:0&gt; -&gt; org.hibernate.loader.plan.build.internal.spaces.EntityQuerySpaceImpl@63d5874f]
12:23:07.983 [main] [o.h.p.w.s.MetamodelGraphWalker] DEBUG org.hibernate.persister.walking.spi.MetamodelGraphWalker - Visiting attribute path : name
12:23:07.983 [main] [o.h.p.w.s.MetamodelGraphWalker] DEBUG org.hibernate.persister.walking.spi.MetamodelGraphWalker - Visiting attribute path : users
12:23:07.983 [main] [o.h.l.p.b.i.s.QuerySpacesImpl] DEBUG org.hibernate.loader.plan.build.internal.spaces.QuerySpacesImpl - Adding QuerySpace : uid = &lt;gen:1&gt; -&gt; org.hibernate.loader.plan.build.internal.spaces.CollectionQuerySpaceImpl@5984feef]
12:23:07.983 [main] [o.h.l.p.b.i.s.QuerySpacesImpl] DEBUG org.hibernate.loader.plan.build.internal.spaces.QuerySpacesImpl - Adding QuerySpace : uid = &lt;gen:2&gt; -&gt; org.hibernate.loader.plan.build.internal.spaces.EntityQuerySpaceImpl@6c0905f6]
12:23:07.983 [main] [o.h.l.p.b.i.FetchStyleLoadPlanBuildingAssociationVisitationStrategy] DEBUG org.hibernate.loader.plan.build.internal.FetchStyleLoadPlanBuildingAssociationVisitationStrategy - Building LoadPlan...
12:23:07.983 [main] [o.h.l.p.e.i.LoadQueryJoinAndFetchProcessor] DEBUG org.hibernate.loader.plan.exec.internal.LoadQueryJoinAndFetchProcessor - processing queryspace &lt;gen:0&gt;
12:23:07.983 [main] [o.h.l.p.b.s.LoadPlanTreePrinter] DEBUG org.hibernate.loader.plan.build.spi.LoadPlanTreePrinter - LoadPlan(entity=org.solent.com504.project.model.user.dto.Role)
    - Returns
       - EntityReturnImpl(entity=org.solent.com504.project.model.user.dto.Role, querySpaceUid=&lt;gen:0&gt;, path=org.solent.com504.project.model.user.dto.Role)
          - CollectionAttributeFetchImpl(collection=org.solent.com504.project.model.user.dto.Role.users, querySpaceUid=&lt;gen:1&gt;, path=org.solent.com504.project.model.user.dto.Role.users)
             - (collection element) CollectionFetchableElementEntityGraph(entity=org.solent.com504.project.model.user.dto.User, querySpaceUid=&lt;gen:2&gt;, path=org.solent.com504.project.model.user.dto.Role.users.&lt;elements&gt;)
    - QuerySpaces
       - EntityQuerySpaceImpl(uid=&lt;gen:0&gt;, entity=org.solent.com504.project.model.user.dto.Role)
          - SQL table alias mapping - role0_
          - alias suffix - 0_
          - suffixed key columns - {id1_6_0_}

12:23:07.983 [main] [o.h.l.e.p.EntityLoader] DEBUG org.hibernate.loader.entity.plan.EntityLoader - Static select for entity org.solent.com504.project.model.user.dto.Role [UPGRADE_SKIPLOCKED]: select role0_.id as id1_6_0_, role0_.name as name2_6_0_ from role role0_ where role0_.id=? for update
12:23:07.983 [main] [o.h.l.p.b.i.s.QuerySpacesImpl] DEBUG org.hibernate.loader.plan.build.internal.spaces.QuerySpacesImpl - Adding QuerySpace : uid = &lt;gen:0&gt; -&gt; org.hibernate.loader.plan.build.internal.spaces.EntityQuerySpaceImpl@23a918c7]
12:23:07.983 [main] [o.h.p.w.s.MetamodelGraphWalker] DEBUG org.hibernate.persister.walking.spi.MetamodelGraphWalker - Visiting attribute path : name
12:23:07.983 [main] [o.h.p.w.s.MetamodelGraphWalker] DEBUG org.hibernate.persister.walking.spi.MetamodelGraphWalker - Visiting attribute path : users
12:23:07.983 [main] [o.h.l.p.b.i.s.QuerySpacesImpl] DEBUG org.hibernate.loader.plan.build.internal.spaces.QuerySpacesImpl - Adding QuerySpace : uid = &lt;gen:1&gt; -&gt; org.hibernate.loader.plan.build.internal.spaces.CollectionQuerySpaceImpl@4483d35]
12:23:07.983 [main] [o.h.l.p.b.i.s.QuerySpacesImpl] DEBUG org.hibernate.loader.plan.build.internal.spaces.QuerySpacesImpl - Adding QuerySpace : uid = &lt;gen:2&gt; -&gt; org.hibernate.loader.plan.build.internal.spaces.EntityQuerySpaceImpl@204abeff]
12:23:07.983 [main] [o.h.l.p.b.i.FetchStyleLoadPlanBuildingAssociationVisitationStrategy] DEBUG org.hibernate.loader.plan.build.internal.FetchStyleLoadPlanBuildingAssociationVisitationStrategy - Building LoadPlan...
12:23:07.983 [main] [o.h.l.p.e.i.LoadQueryJoinAndFetchProcessor] DEBUG org.hibernate.loader.plan.exec.internal.LoadQueryJoinAndFetchProcessor - processing queryspace &lt;gen:0&gt;
12:23:07.983 [main] [o.h.l.p.b.s.LoadPlanTreePrinter] DEBUG org.hibernate.loader.plan.build.spi.LoadPlanTreePrinter - LoadPlan(entity=org.solent.com504.project.model.user.dto.Role)
    - Returns
       - EntityReturnImpl(entity=org.solent.com504.project.model.user.dto.Role, querySpaceUid=&lt;gen:0&gt;, path=org.solent.com504.project.model.user.dto.Role)
          - CollectionAttributeFetchImpl(collection=org.solent.com504.project.model.user.dto.Role.users, querySpaceUid=&lt;gen:1&gt;, path=org.solent.com504.project.model.user.dto.Role.users)
             - (collection element) CollectionFetchableElementEntityGraph(entity=org.solent.com504.project.model.user.dto.User, querySpaceUid=&lt;gen:2&gt;, path=org.solent.com504.project.model.user.dto.Role.users.&lt;elements&gt;)
    - QuerySpaces
       - EntityQuerySpaceImpl(uid=&lt;gen:0&gt;, entity=org.solent.com504.project.model.user.dto.Role)
          - SQL table alias mapping - role0_
          - alias suffix - 0_
          - suffixed key columns - {id1_6_0_}

12:23:07.983 [main] [o.h.l.e.p.EntityLoader] DEBUG org.hibernate.loader.entity.plan.EntityLoader - Static select for entity org.solent.com504.project.model.user.dto.Role [FORCE]: select role0_.id as id1_6_0_, role0_.name as name2_6_0_ from role role0_ where role0_.id=? for update
12:23:07.983 [main] [o.h.l.p.b.i.s.QuerySpacesImpl] DEBUG org.hibernate.loader.plan.build.internal.spaces.QuerySpacesImpl - Adding QuerySpace : uid = &lt;gen:0&gt; -&gt; org.hibernate.loader.plan.build.internal.spaces.EntityQuerySpaceImpl@4b4ee511]
12:23:07.983 [main] [o.h.p.w.s.MetamodelGraphWalker] DEBUG org.hibernate.persister.walking.spi.MetamodelGraphWalker - Visiting attribute path : name
12:23:07.983 [main] [o.h.p.w.s.MetamodelGraphWalker] DEBUG org.hibernate.persister.walking.spi.MetamodelGraphWalker - Visiting attribute path : users
12:23:07.983 [main] [o.h.l.p.b.i.s.QuerySpacesImpl] DEBUG org.hibernate.loader.plan.build.internal.spaces.QuerySpacesImpl - Adding QuerySpace : uid = &lt;gen:1&gt; -&gt; org.hibernate.loader.plan.build.internal.spaces.CollectionQuerySpaceImpl@5a034157]
12:23:07.983 [main] [o.h.l.p.b.i.s.QuerySpacesImpl] DEBUG org.hibernate.loader.plan.build.internal.spaces.QuerySpacesImpl - Adding QuerySpace : uid = &lt;gen:2&gt; -&gt; org.hibernate.loader.plan.build.internal.spaces.EntityQuerySpaceImpl@2f4ba1ae]
12:23:07.983 [main] [o.h.l.p.b.i.FetchStyleLoadPlanBuildingAssociationVisitationStrategy] DEBUG org.hibernate.loader.plan.build.internal.FetchStyleLoadPlanBuildingAssociationVisitationStrategy - Building LoadPlan...
12:23:07.983 [main] [o.h.l.p.e.i.LoadQueryJoinAndFetchProcessor] DEBUG org.hibernate.loader.plan.exec.internal.LoadQueryJoinAndFetchProcessor - processing queryspace &lt;gen:0&gt;
12:23:07.983 [main] [o.h.l.p.b.s.LoadPlanTreePrinter] DEBUG org.hibernate.loader.plan.build.spi.LoadPlanTreePrinter - LoadPlan(entity=org.solent.com504.project.model.user.dto.Role)
    - Returns
       - EntityReturnImpl(entity=org.solent.com504.project.model.user.dto.Role, querySpaceUid=&lt;gen:0&gt;, path=org.solent.com504.project.model.user.dto.Role)
          - CollectionAttributeFetchImpl(collection=org.solent.com504.project.model.user.dto.Role.users, querySpaceUid=&lt;gen:1&gt;, path=org.solent.com504.project.model.user.dto.Role.users)
             - (collection element) CollectionFetchableElementEntityGraph(entity=org.solent.com504.project.model.user.dto.User, querySpaceUid=&lt;gen:2&gt;, path=org.solent.com504.project.model.user.dto.Role.users.&lt;elements&gt;)
    - QuerySpaces
       - EntityQuerySpaceImpl(uid=&lt;gen:0&gt;, entity=org.solent.com504.project.model.user.dto.Role)
          - SQL table alias mapping - role0_
          - alias suffix - 0_
          - suffixed key columns - {id1_6_0_}

12:23:07.983 [main] [o.h.l.e.p.EntityLoader] DEBUG org.hibernate.loader.entity.plan.EntityLoader - Static select for entity org.solent.com504.project.model.user.dto.Role [PESSIMISTIC_READ]: select role0_.id as id1_6_0_, role0_.name as name2_6_0_ from role role0_ where role0_.id=? for update
12:23:07.983 [main] [o.h.l.p.b.i.s.QuerySpacesImpl] DEBUG org.hibernate.loader.plan.build.internal.spaces.QuerySpacesImpl - Adding QuerySpace : uid = &lt;gen:0&gt; -&gt; org.hibernate.loader.plan.build.internal.spaces.EntityQuerySpaceImpl@1391af3b]
12:23:07.983 [main] [o.h.p.w.s.MetamodelGraphWalker] DEBUG org.hibernate.persister.walking.spi.MetamodelGraphWalker - Visiting attribute path : name
12:23:07.983 [main] [o.h.p.w.s.MetamodelGraphWalker] DEBUG org.hibernate.persister.walking.spi.MetamodelGraphWalker - Visiting attribute path : users
12:23:07.983 [main] [o.h.l.p.b.i.s.QuerySpacesImpl] DEBUG org.hibernate.loader.plan.build.internal.spaces.QuerySpacesImpl - Adding QuerySpace : uid = &lt;gen:1&gt; -&gt; org.hibernate.loader.plan.build.internal.spaces.CollectionQuerySpaceImpl@77ab22be]
12:23:07.983 [main] [o.h.l.p.b.i.s.QuerySpacesImpl] DEBUG org.hibernate.loader.plan.build.internal.spaces.QuerySpacesImpl - Adding QuerySpace : uid = &lt;gen:2&gt; -&gt; org.hibernate.loader.plan.build.internal.spaces.EntityQuerySpaceImpl@59fbb34]
12:23:07.983 [main] [o.h.l.p.b.i.FetchStyleLoadPlanBuildingAssociationVisitationStrategy] DEBUG org.hibernate.loader.plan.build.internal.FetchStyleLoadPlanBuildingAssociationVisitationStrategy - Building LoadPlan...
12:23:07.983 [main] [o.h.l.p.e.i.LoadQueryJoinAndFetchProcessor] DEBUG org.hibernate.loader.plan.exec.internal.LoadQueryJoinAndFetchProcessor - processing queryspace &lt;gen:0&gt;
12:23:07.983 [main] [o.h.l.p.b.s.LoadPlanTreePrinter] DEBUG org.hibernate.loader.plan.build.spi.LoadPlanTreePrinter - LoadPlan(entity=org.solent.com504.project.model.user.dto.Role)
    - Returns
       - EntityReturnImpl(entity=org.solent.com504.project.model.user.dto.Role, querySpaceUid=&lt;gen:0&gt;, path=org.solent.com504.project.model.user.dto.Role)
          - CollectionAttributeFetchImpl(collection=org.solent.com504.project.model.user.dto.Role.users, querySpaceUid=&lt;gen:1&gt;, path=org.solent.com504.project.model.user.dto.Role.users)
             - (collection element) CollectionFetchableElementEntityGraph(entity=org.solent.com504.project.model.user.dto.User, querySpaceUid=&lt;gen:2&gt;, path=org.solent.com504.project.model.user.dto.Role.users.&lt;elements&gt;)
    - QuerySpaces
       - EntityQuerySpaceImpl(uid=&lt;gen:0&gt;, entity=org.solent.com504.project.model.user.dto.Role)
          - SQL table alias mapping - role0_
          - alias suffix - 0_
          - suffixed key columns - {id1_6_0_}

12:23:07.983 [main] [o.h.l.e.p.EntityLoader] DEBUG org.hibernate.loader.entity.plan.EntityLoader - Static select for entity org.solent.com504.project.model.user.dto.Role [PESSIMISTIC_WRITE]: select role0_.id as id1_6_0_, role0_.name as name2_6_0_ from role role0_ where role0_.id=? for update
12:23:07.983 [main] [o.h.l.p.b.i.s.QuerySpacesImpl] DEBUG org.hibernate.loader.plan.build.internal.spaces.QuerySpacesImpl - Adding QuerySpace : uid = &lt;gen:0&gt; -&gt; org.hibernate.loader.plan.build.internal.spaces.EntityQuerySpaceImpl@1b6924cb]
12:23:07.983 [main] [o.h.p.w.s.MetamodelGraphWalker] DEBUG org.hibernate.persister.walking.spi.MetamodelGraphWalker - Visiting attribute path : name
12:23:07.983 [main] [o.h.p.w.s.MetamodelGraphWalker] DEBUG org.hibernate.persister.walking.spi.MetamodelGraphWalker - Visiting attribute path : users
12:23:07.983 [main] [o.h.l.p.b.i.s.QuerySpacesImpl] DEBUG org.hibernate.loader.plan.build.internal.spaces.QuerySpacesImpl - Adding QuerySpace : uid = &lt;gen:1&gt; -&gt; org.hibernate.loader.plan.build.internal.spaces.CollectionQuerySpaceImpl@141d3d43]
12:23:07.983 [main] [o.h.l.p.b.i.s.QuerySpacesImpl] DEBUG org.hibernate.loader.plan.build.internal.spaces.QuerySpacesImpl - Adding QuerySpace : uid = &lt;gen:2&gt; -&gt; org.hibernate.loader.plan.build.internal.spaces.EntityQuerySpaceImpl@6ca372ef]
12:23:07.983 [main] [o.h.l.p.b.i.FetchStyleLoadPlanBuildingAssociationVisitationStrategy] DEBUG org.hibernate.loader.plan.build.internal.FetchStyleLoadPlanBuildingAssociationVisitationStrategy - Building LoadPlan...
12:23:07.983 [main] [o.h.l.p.e.i.LoadQueryJoinAndFetchProcessor] DEBUG org.hibernate.loader.plan.exec.internal.LoadQueryJoinAndFetchProcessor - processing queryspace &lt;gen:0&gt;
12:23:07.983 [main] [o.h.l.p.b.s.LoadPlanTreePrinter] DEBUG org.hibernate.loader.plan.build.spi.LoadPlanTreePrinter - LoadPlan(entity=org.solent.com504.project.model.user.dto.Role)
    - Returns
       - EntityReturnImpl(entity=org.solent.com504.project.model.user.dto.Role, querySpaceUid=&lt;gen:0&gt;, path=org.solent.com504.project.model.user.dto.Role)
          - CollectionAttributeFetchImpl(collection=org.solent.com504.project.model.user.dto.Role.users, querySpaceUid=&lt;gen:1&gt;, path=org.solent.com504.project.model.user.dto.Role.users)
             - (collection element) CollectionFetchableElementEntityGraph(entity=org.solent.com504.project.model.user.dto.User, querySpaceUid=&lt;gen:2&gt;, path=org.solent.com504.project.model.user.dto.Role.users.&lt;elements&gt;)
    - QuerySpaces
       - EntityQuerySpaceImpl(uid=&lt;gen:0&gt;, entity=org.solent.com504.project.model.user.dto.Role)
          - SQL table alias mapping - role0_
          - alias suffix - 0_
          - suffixed key columns - {id1_6_0_}

12:23:07.983 [main] [o.h.l.e.p.EntityLoader] DEBUG org.hibernate.loader.entity.plan.EntityLoader - Static select for entity org.solent.com504.project.model.user.dto.Role [PESSIMISTIC_FORCE_INCREMENT]: select role0_.id as id1_6_0_, role0_.name as name2_6_0_ from role role0_ where role0_.id=? for update
12:23:07.998 [main] [o.h.l.p.b.i.s.QuerySpacesImpl] DEBUG org.hibernate.loader.plan.build.internal.spaces.QuerySpacesImpl - Adding QuerySpace : uid = &lt;gen:0&gt; -&gt; org.hibernate.loader.plan.build.internal.spaces.EntityQuerySpaceImpl@3ebe4ccc]
12:23:07.998 [main] [o.h.p.w.s.MetamodelGraphWalker] DEBUG org.hibernate.persister.walking.spi.MetamodelGraphWalker - Visiting attribute path : name
12:23:07.998 [main] [o.h.p.w.s.MetamodelGraphWalker] DEBUG org.hibernate.persister.walking.spi.MetamodelGraphWalker - Visiting attribute path : users
12:23:07.998 [main] [o.h.l.p.b.i.s.QuerySpacesImpl] DEBUG org.hibernate.loader.plan.build.internal.spaces.QuerySpacesImpl - Adding QuerySpace : uid = &lt;gen:1&gt; -&gt; org.hibernate.loader.plan.build.internal.spaces.CollectionQuerySpaceImpl@135a8c6f]
12:23:07.998 [main] [o.h.l.p.b.i.s.QuerySpacesImpl] DEBUG org.hibernate.loader.plan.build.internal.spaces.QuerySpacesImpl - Adding QuerySpace : uid = &lt;gen:2&gt; -&gt; org.hibernate.loader.plan.build.internal.spaces.EntityQuerySpaceImpl@6419a0e1]
12:23:07.998 [main] [o.h.l.p.b.i.FetchStyleLoadPlanBuildingAssociationVisitationStrategy] DEBUG org.hibernate.loader.plan.build.internal.FetchStyleLoadPlanBuildingAssociationVisitationStrategy - Building LoadPlan...
12:23:07.998 [main] [o.h.l.p.e.i.LoadQueryJoinAndFetchProcessor] DEBUG org.hibernate.loader.plan.exec.internal.LoadQueryJoinAndFetchProcessor - processing queryspace &lt;gen:0&gt;
12:23:07.998 [main] [o.h.l.p.b.s.LoadPlanTreePrinter] DEBUG org.hibernate.loader.plan.build.spi.LoadPlanTreePrinter - LoadPlan(entity=org.solent.com504.project.model.user.dto.Role)
    - Returns
       - EntityReturnImpl(entity=org.solent.com504.project.model.user.dto.Role, querySpaceUid=&lt;gen:0&gt;, path=org.solent.com504.project.model.user.dto.Role)
          - CollectionAttributeFetchImpl(collection=org.solent.com504.project.model.user.dto.Role.users, querySpaceUid=&lt;gen:1&gt;, path=org.solent.com504.project.model.user.dto.Role.users)
             - (collection element) CollectionFetchableElementEntityGraph(entity=org.solent.com504.project.model.user.dto.User, querySpaceUid=&lt;gen:2&gt;, path=org.solent.com504.project.model.user.dto.Role.users.&lt;elements&gt;)
    - QuerySpaces
       - EntityQuerySpaceImpl(uid=&lt;gen:0&gt;, entity=org.solent.com504.project.model.user.dto.Role)
          - SQL table alias mapping - role0_
          - alias suffix - 0_
          - suffixed key columns - {id1_6_0_}

12:23:07.998 [main] [o.h.l.e.p.EntityLoader] DEBUG org.hibernate.loader.entity.plan.EntityLoader - Static select for entity org.solent.com504.project.model.user.dto.Role [OPTIMISTIC]: select role0_.id as id1_6_0_, role0_.name as name2_6_0_ from role role0_ where role0_.id=?
12:23:07.998 [main] [o.h.l.p.b.i.s.QuerySpacesImpl] DEBUG org.hibernate.loader.plan.build.internal.spaces.QuerySpacesImpl - Adding QuerySpace : uid = &lt;gen:0&gt; -&gt; org.hibernate.loader.plan.build.internal.spaces.EntityQuerySpaceImpl@280d4882]
12:23:07.998 [main] [o.h.p.w.s.MetamodelGraphWalker] DEBUG org.hibernate.persister.walking.spi.MetamodelGraphWalker - Visiting attribute path : name
12:23:07.998 [main] [o.h.p.w.s.MetamodelGraphWalker] DEBUG org.hibernate.persister.walking.spi.MetamodelGraphWalker - Visiting attribute path : users
12:23:07.998 [main] [o.h.l.p.b.i.s.QuerySpacesImpl] DEBUG org.hibernate.loader.plan.build.internal.spaces.QuerySpacesImpl - Adding QuerySpace : uid = &lt;gen:1&gt; -&gt; org.hibernate.loader.plan.build.internal.spaces.CollectionQuerySpaceImpl@3d19d85]
12:23:07.998 [main] [o.h.l.p.b.i.s.QuerySpacesImpl] DEBUG org.hibernate.loader.plan.build.internal.spaces.QuerySpacesImpl - Adding QuerySpace : uid = &lt;gen:2&gt; -&gt; org.hibernate.loader.plan.build.internal.spaces.EntityQuerySpaceImpl@2ae62bb6]
12:23:07.998 [main] [o.h.l.p.b.i.FetchStyleLoadPlanBuildingAssociationVisitationStrategy] DEBUG org.hibernate.loader.plan.build.internal.FetchStyleLoadPlanBuildingAssociationVisitationStrategy - Building LoadPlan...
12:23:07.998 [main] [o.h.l.p.e.i.LoadQueryJoinAndFetchProcessor] DEBUG org.hibernate.loader.plan.exec.internal.LoadQueryJoinAndFetchProcessor - processing queryspace &lt;gen:0&gt;
12:23:07.998 [main] [o.h.l.p.b.s.LoadPlanTreePrinter] DEBUG org.hibernate.loader.plan.build.spi.LoadPlanTreePrinter - LoadPlan(entity=org.solent.com504.project.model.user.dto.Role)
    - Returns
       - EntityReturnImpl(entity=org.solent.com504.project.model.user.dto.Role, querySpaceUid=&lt;gen:0&gt;, path=org.solent.com504.project.model.user.dto.Role)
          - CollectionAttributeFetchImpl(collection=org.solent.com504.project.model.user.dto.Role.users, querySpaceUid=&lt;gen:1&gt;, path=org.solent.com504.project.model.user.dto.Role.users)
             - (collection element) CollectionFetchableElementEntityGraph(entity=org.solent.com504.project.model.user.dto.User, querySpaceUid=&lt;gen:2&gt;, path=org.solent.com504.project.model.user.dto.Role.users.&lt;elements&gt;)
    - QuerySpaces
       - EntityQuerySpaceImpl(uid=&lt;gen:0&gt;, entity=org.solent.com504.project.model.user.dto.Role)
          - SQL table alias mapping - role0_
          - alias suffix - 0_
          - suffixed key columns - {id1_6_0_}

12:23:07.998 [main] [o.h.l.e.p.EntityLoader] DEBUG org.hibernate.loader.entity.plan.EntityLoader - Static select for entity org.solent.com504.project.model.user.dto.Role [OPTIMISTIC_FORCE_INCREMENT]: select role0_.id as id1_6_0_, role0_.name as name2_6_0_ from role role0_ where role0_.id=?
12:23:07.998 [main] [o.h.l.Loader] DEBUG org.hibernate.loader.Loader - Static select for action ACTION_MERGE on entity org.solent.com504.project.model.user.dto.Role: select role0_.id as id1_6_0_, role0_.name as name2_6_0_ from role role0_ where role0_.id=?
12:23:07.998 [main] [o.h.l.Loader] DEBUG org.hibernate.loader.Loader - Static select for action ACTION_REFRESH on entity org.solent.com504.project.model.user.dto.Role: select role0_.id as id1_6_0_, role0_.name as name2_6_0_ from role role0_ where role0_.id=?
12:23:07.998 [main] [o.h.p.e.AbstractEntityPersister] DEBUG org.hibernate.persister.entity.AbstractEntityPersister - Static SQL for entity: org.solent.com504.project.model.auction.dto.Auction
12:23:07.998 [main] [o.h.p.e.AbstractEntityPersister] DEBUG org.hibernate.persister.entity.AbstractEntityPersister -  Version select: select id from Auction where id =?
12:23:07.998 [main] [o.h.p.e.AbstractEntityPersister] DEBUG org.hibernate.persister.entity.AbstractEntityPersister -  Snapshot select: select auction_.id, auction_.auctionType as auctionT2_0_, auction_.startTime as startTim3_0_, auction_.type as type4_0_ from Auction auction_ where auction_.id=?
12:23:07.998 [main] [o.h.p.e.AbstractEntityPersister] DEBUG org.hibernate.persister.entity.AbstractEntityPersister -  Insert 0: insert into Auction (auctionType, startTime, type, id) values (?, ?, ?, ?)
12:23:07.998 [main] [o.h.p.e.AbstractEntityPersister] DEBUG org.hibernate.persister.entity.AbstractEntityPersister -  Update 0: update Auction set auctionType=?, startTime=?, type=? where id=?
12:23:07.998 [main] [o.h.p.e.AbstractEntityPersister] DEBUG org.hibernate.persister.entity.AbstractEntityPersister -  Delete 0: delete from Auction where id=?
12:23:07.998 [main] [o.h.p.e.AbstractEntityPersister] DEBUG org.hibernate.persister.entity.AbstractEntityPersister -  Identity insert: insert into Auction (id, auctionType, startTime, type) values (default, ?, ?, ?)
12:23:07.998 [main] [o.h.l.p.b.i.s.QuerySpacesImpl] DEBUG org.hibernate.loader.plan.build.internal.spaces.QuerySpacesImpl - Adding QuerySpace : uid = &lt;gen:0&gt; -&gt; org.hibernate.loader.plan.build.internal.spaces.EntityQuerySpaceImpl@68ed3f30]
12:23:07.998 [main] [o.h.p.w.s.MetamodelGraphWalker] DEBUG org.hibernate.persister.walking.spi.MetamodelGraphWalker - Visiting attribute path : auctionType
12:23:07.998 [main] [o.h.p.w.s.MetamodelGraphWalker] DEBUG org.hibernate.persister.walking.spi.MetamodelGraphWalker - Visiting attribute path : lots
12:23:07.998 [main] [o.h.l.p.b.i.s.QuerySpacesImpl] DEBUG org.hibernate.loader.plan.build.internal.spaces.QuerySpacesImpl - Adding QuerySpace : uid = &lt;gen:1&gt; -&gt; org.hibernate.loader.plan.build.internal.spaces.CollectionQuerySpaceImpl@590adb41]
12:23:07.998 [main] [o.h.l.p.b.i.s.QuerySpacesImpl] DEBUG org.hibernate.loader.plan.build.internal.spaces.QuerySpacesImpl - Adding QuerySpace : uid = &lt;gen:2&gt; -&gt; org.hibernate.loader.plan.build.internal.spaces.EntityQuerySpaceImpl@42aae04d]
12:23:07.998 [main] [o.h.p.w.s.MetamodelGraphWalker] DEBUG org.hibernate.persister.walking.spi.MetamodelGraphWalker - Visiting attribute path : lots.bids
12:23:07.998 [main] [o.h.l.p.b.i.s.QuerySpacesImpl] DEBUG org.hibernate.loader.plan.build.internal.spaces.QuerySpacesImpl - Adding QuerySpace : uid = &lt;gen:3&gt; -&gt; org.hibernate.loader.plan.build.internal.spaces.CollectionQuerySpaceImpl@58015e56]
12:23:07.998 [main] [o.h.l.p.b.i.s.QuerySpacesImpl] DEBUG org.hibernate.loader.plan.build.internal.spaces.QuerySpacesImpl - Adding QuerySpace : uid = &lt;gen:4&gt; -&gt; org.hibernate.loader.plan.build.internal.spaces.EntityQuerySpaceImpl@4d3c6593]
12:23:07.998 [main] [o.h.p.w.s.MetamodelGraphWalker] DEBUG org.hibernate.persister.walking.spi.MetamodelGraphWalker - Visiting attribute path : lots.duration
12:23:07.998 [main] [o.h.p.w.s.MetamodelGraphWalker] DEBUG org.hibernate.persister.walking.spi.MetamodelGraphWalker - Visiting attribute path : lots.grade
12:23:07.998 [main] [o.h.p.w.s.MetamodelGraphWalker] DEBUG org.hibernate.persister.walking.spi.MetamodelGraphWalker - Visiting attribute path : lots.highestBidPrice
12:23:07.998 [main] [o.h.p.w.s.MetamodelGraphWalker] DEBUG org.hibernate.persister.walking.spi.MetamodelGraphWalker - Visiting attribute path : lots.life_days
12:23:07.998 [main] [o.h.p.w.s.MetamodelGraphWalker] DEBUG org.hibernate.persister.walking.spi.MetamodelGraphWalker - Visiting attribute path : lots.pickdate
12:23:07.998 [main] [o.h.p.w.s.MetamodelGraphWalker] DEBUG org.hibernate.persister.walking.spi.MetamodelGraphWalker - Visiting attribute path : lots.quantity
12:23:07.998 [main] [o.h.p.w.s.MetamodelGraphWalker] DEBUG org.hibernate.persister.walking.spi.MetamodelGraphWalker - Visiting attribute path : lots.reservedPrice
12:23:07.998 [main] [o.h.p.w.s.MetamodelGraphWalker] DEBUG org.hibernate.persister.walking.spi.MetamodelGraphWalker - Visiting attribute path : startTime
12:23:07.998 [main] [o.h.p.w.s.MetamodelGraphWalker] DEBUG org.hibernate.persister.walking.spi.MetamodelGraphWalker - Visiting attribute path : type
12:23:07.998 [main] [o.h.l.p.b.i.FetchStyleLoadPlanBuildingAssociationVisitationStrategy] DEBUG org.hibernate.loader.plan.build.internal.FetchStyleLoadPlanBuildingAssociationVisitationStrategy - Building LoadPlan...
12:23:07.998 [main] [o.h.l.p.e.i.LoadQueryJoinAndFetchProcessor] DEBUG org.hibernate.loader.plan.exec.internal.LoadQueryJoinAndFetchProcessor - processing queryspace &lt;gen:0&gt;
12:23:07.998 [main] [o.h.l.p.b.s.LoadPlanTreePrinter] DEBUG org.hibernate.loader.plan.build.spi.LoadPlanTreePrinter - LoadPlan(entity=org.solent.com504.project.model.auction.dto.Auction)
    - Returns
       - EntityReturnImpl(entity=org.solent.com504.project.model.auction.dto.Auction, querySpaceUid=&lt;gen:0&gt;, path=org.solent.com504.project.model.auction.dto.Auction)
          - CollectionAttributeFetchImpl(collection=org.solent.com504.project.model.auction.dto.Auction.lots, querySpaceUid=&lt;gen:1&gt;, path=org.solent.com504.project.model.auction.dto.Auction.lots)
             - (collection element) CollectionFetchableElementEntityGraph(entity=org.solent.com504.project.model.lot.dto.Lot, querySpaceUid=&lt;gen:2&gt;, path=org.solent.com504.project.model.auction.dto.Auction.lots.&lt;elements&gt;)
                - CollectionAttributeFetchImpl(collection=org.solent.com504.project.model.lot.dto.Lot.bids, querySpaceUid=&lt;gen:3&gt;, path=org.solent.com504.project.model.auction.dto.Auction.lots.&lt;elements&gt;.bids)
                   - (collection element) CollectionFetchableElementEntityGraph(entity=org.solent.com504.project.model.bid.dto.Bid, querySpaceUid=&lt;gen:4&gt;, path=org.solent.com504.project.model.auction.dto.Auction.lots.&lt;elements&gt;.bids.&lt;elements&gt;)
    - QuerySpaces
       - EntityQuerySpaceImpl(uid=&lt;gen:0&gt;, entity=org.solent.com504.project.model.auction.dto.Auction)
          - SQL table alias mapping - auction0_
          - alias suffix - 0_
          - suffixed key columns - {id1_0_0_}
          - JOIN (JoinDefinedByMetadata(lots)) : &lt;gen:0&gt; -&gt; &lt;gen:1&gt;
             - CollectionQuerySpaceImpl(uid=&lt;gen:1&gt;, collection=org.solent.com504.project.model.auction.dto.Auction.lots)
                - SQL table alias mapping - lots1_
                - alias suffix - 1_
                - suffixed key columns - {Auction_1_1_1_}
                - entity-element alias suffix - 2_
                - 2_entity-element suffixed key columns - id1_3_2_
                - JOIN (JoinDefinedByMetadata(elements)) : &lt;gen:1&gt; -&gt; &lt;gen:2&gt;
                   - EntityQuerySpaceImpl(uid=&lt;gen:2&gt;, entity=org.solent.com504.project.model.lot.dto.Lot)
                      - SQL table alias mapping - lot2_
                      - alias suffix - 2_
                      - suffixed key columns - {id1_3_2_}

12:23:07.998 [main] [o.h.l.e.p.EntityLoader] DEBUG org.hibernate.loader.entity.plan.EntityLoader - Static select for entity org.solent.com504.project.model.auction.dto.Auction [NONE]: select auction0_.id as id1_0_0_, auction0_.auctionType as auctionT2_0_0_, auction0_.startTime as startTim3_0_0_, auction0_.type as type4_0_0_, lots1_.Auction_id as Auction_1_1_1_, lot2_.id as lots_id2_1_1_, lot2_.id as id1_3_2_, lot2_.duration as duration2_3_2_, lot2_.grade as grade3_3_2_, lot2_.highestBidPrice as highestB4_3_2_, lot2_.life_days as life_day5_3_2_, lot2_.pickdate as pickdate6_3_2_, lot2_.quantity as quantity7_3_2_, lot2_.reservedPrice as reserved8_3_2_ from Auction auction0_ left outer join Auction_Lot lots1_ on auction0_.id=lots1_.Auction_id left outer join Lot lot2_ on lots1_.lots_id=lot2_.id where auction0_.id=?
12:23:07.998 [main] [o.h.l.p.b.i.s.QuerySpacesImpl] DEBUG org.hibernate.loader.plan.build.internal.spaces.QuerySpacesImpl - Adding QuerySpace : uid = &lt;gen:0&gt; -&gt; org.hibernate.loader.plan.build.internal.spaces.EntityQuerySpaceImpl@7426a448]
12:23:07.998 [main] [o.h.p.w.s.MetamodelGraphWalker] DEBUG org.hibernate.persister.walking.spi.MetamodelGraphWalker - Visiting attribute path : auctionType
12:23:07.998 [main] [o.h.p.w.s.MetamodelGraphWalker] DEBUG org.hibernate.persister.walking.spi.MetamodelGraphWalker - Visiting attribute path : lots
12:23:07.998 [main] [o.h.l.p.b.i.s.QuerySpacesImpl] DEBUG org.hibernate.loader.plan.build.internal.spaces.QuerySpacesImpl - Adding QuerySpace : uid = &lt;gen:1&gt; -&gt; org.hibernate.loader.plan.build.internal.spaces.CollectionQuerySpaceImpl@3456558]
12:23:07.998 [main] [o.h.l.p.b.i.s.QuerySpacesImpl] DEBUG org.hibernate.loader.plan.build.internal.spaces.QuerySpacesImpl - Adding QuerySpace : uid = &lt;gen:2&gt; -&gt; org.hibernate.loader.plan.build.internal.spaces.EntityQuerySpaceImpl@2dfb885e]
12:23:07.998 [main] [o.h.p.w.s.MetamodelGraphWalker] DEBUG org.hibernate.persister.walking.spi.MetamodelGraphWalker - Visiting attribute path : lots.bids
12:23:07.998 [main] [o.h.l.p.b.i.s.QuerySpacesImpl] DEBUG org.hibernate.loader.plan.build.internal.spaces.QuerySpacesImpl - Adding QuerySpace : uid = &lt;gen:3&gt; -&gt; org.hibernate.loader.plan.build.internal.spaces.CollectionQuerySpaceImpl@3679d92e]
12:23:07.998 [main] [o.h.l.p.b.i.s.QuerySpacesImpl] DEBUG org.hibernate.loader.plan.build.internal.spaces.QuerySpacesImpl - Adding QuerySpace : uid = &lt;gen:4&gt; -&gt; org.hibernate.loader.plan.build.internal.spaces.EntityQuerySpaceImpl@47b11ec7]
12:23:07.998 [main] [o.h.p.w.s.MetamodelGraphWalker] DEBUG org.hibernate.persister.walking.spi.MetamodelGraphWalker - Visiting attribute path : lots.duration
12:23:07.998 [main] [o.h.p.w.s.MetamodelGraphWalker] DEBUG org.hibernate.persister.walking.spi.MetamodelGraphWalker - Visiting attribute path : lots.grade
12:23:07.998 [main] [o.h.p.w.s.MetamodelGraphWalker] DEBUG org.hibernate.persister.walking.spi.MetamodelGraphWalker - Visiting attribute path : lots.highestBidPrice
12:23:07.998 [main] [o.h.p.w.s.MetamodelGraphWalker] DEBUG org.hibernate.persister.walking.spi.MetamodelGraphWalker - Visiting attribute path : lots.life_days
12:23:07.998 [main] [o.h.p.w.s.MetamodelGraphWalker] DEBUG org.hibernate.persister.walking.spi.MetamodelGraphWalker - Visiting attribute path : lots.pickdate
12:23:07.998 [main] [o.h.p.w.s.MetamodelGraphWalker] DEBUG org.hibernate.persister.walking.spi.MetamodelGraphWalker - Visiting attribute path : lots.quantity
12:23:07.998 [main] [o.h.p.w.s.MetamodelGraphWalker] DEBUG org.hibernate.persister.walking.spi.MetamodelGraphWalker - Visiting attribute path : lots.reservedPrice
12:23:07.998 [main] [o.h.p.w.s.MetamodelGraphWalker] DEBUG org.hibernate.persister.walking.spi.MetamodelGraphWalker - Visiting attribute path : startTime
12:23:07.998 [main] [o.h.p.w.s.MetamodelGraphWalker] DEBUG org.hibernate.persister.walking.spi.MetamodelGraphWalker - Visiting attribute path : type
12:23:07.998 [main] [o.h.l.p.b.i.FetchStyleLoadPlanBuildingAssociationVisitationStrategy] DEBUG org.hibernate.loader.plan.build.internal.FetchStyleLoadPlanBuildingAssociationVisitationStrategy - Building LoadPlan...
12:23:07.998 [main] [o.h.l.p.e.i.LoadQueryJoinAndFetchProcessor] DEBUG org.hibernate.loader.plan.exec.internal.LoadQueryJoinAndFetchProcessor - processing queryspace &lt;gen:0&gt;
12:23:07.998 [main] [o.h.l.p.b.s.LoadPlanTreePrinter] DEBUG org.hibernate.loader.plan.build.spi.LoadPlanTreePrinter - LoadPlan(entity=org.solent.com504.project.model.auction.dto.Auction)
    - Returns
       - EntityReturnImpl(entity=org.solent.com504.project.model.auction.dto.Auction, querySpaceUid=&lt;gen:0&gt;, path=org.solent.com504.project.model.auction.dto.Auction)
          - CollectionAttributeFetchImpl(collection=org.solent.com504.project.model.auction.dto.Auction.lots, querySpaceUid=&lt;gen:1&gt;, path=org.solent.com504.project.model.auction.dto.Auction.lots)
             - (collection element) CollectionFetchableElementEntityGraph(entity=org.solent.com504.project.model.lot.dto.Lot, querySpaceUid=&lt;gen:2&gt;, path=org.solent.com504.project.model.auction.dto.Auction.lots.&lt;elements&gt;)
                - CollectionAttributeFetchImpl(collection=org.solent.com504.project.model.lot.dto.Lot.bids, querySpaceUid=&lt;gen:3&gt;, path=org.solent.com504.project.model.auction.dto.Auction.lots.&lt;elements&gt;.bids)
                   - (collection element) CollectionFetchableElementEntityGraph(entity=org.solent.com504.project.model.bid.dto.Bid, querySpaceUid=&lt;gen:4&gt;, path=org.solent.com504.project.model.auction.dto.Auction.lots.&lt;elements&gt;.bids.&lt;elements&gt;)
    - QuerySpaces
       - EntityQuerySpaceImpl(uid=&lt;gen:0&gt;, entity=org.solent.com504.project.model.auction.dto.Auction)
          - SQL table alias mapping - auction0_
          - alias suffix - 0_
          - suffixed key columns - {id1_0_0_}
          - JOIN (JoinDefinedByMetadata(lots)) : &lt;gen:0&gt; -&gt; &lt;gen:1&gt;
             - CollectionQuerySpaceImpl(uid=&lt;gen:1&gt;, collection=org.solent.com504.project.model.auction.dto.Auction.lots)
                - SQL table alias mapping - lots1_
                - alias suffix - 1_
                - suffixed key columns - {Auction_1_1_1_}
                - entity-element alias suffix - 2_
                - 2_entity-element suffixed key columns - id1_3_2_
                - JOIN (JoinDefinedByMetadata(elements)) : &lt;gen:1&gt; -&gt; &lt;gen:2&gt;
                   - EntityQuerySpaceImpl(uid=&lt;gen:2&gt;, entity=org.solent.com504.project.model.lot.dto.Lot)
                      - SQL table alias mapping - lot2_
                      - alias suffix - 2_
                      - suffixed key columns - {id1_3_2_}

12:23:07.998 [main] [o.h.l.e.p.EntityLoader] DEBUG org.hibernate.loader.entity.plan.EntityLoader - Static select for entity org.solent.com504.project.model.auction.dto.Auction [READ]: select auction0_.id as id1_0_0_, auction0_.auctionType as auctionT2_0_0_, auction0_.startTime as startTim3_0_0_, auction0_.type as type4_0_0_, lots1_.Auction_id as Auction_1_1_1_, lot2_.id as lots_id2_1_1_, lot2_.id as id1_3_2_, lot2_.duration as duration2_3_2_, lot2_.grade as grade3_3_2_, lot2_.highestBidPrice as highestB4_3_2_, lot2_.life_days as life_day5_3_2_, lot2_.pickdate as pickdate6_3_2_, lot2_.quantity as quantity7_3_2_, lot2_.reservedPrice as reserved8_3_2_ from Auction auction0_ left outer join Auction_Lot lots1_ on auction0_.id=lots1_.Auction_id left outer join Lot lot2_ on lots1_.lots_id=lot2_.id where auction0_.id=?
12:23:07.998 [main] [o.h.l.p.b.i.s.QuerySpacesImpl] DEBUG org.hibernate.loader.plan.build.internal.spaces.QuerySpacesImpl - Adding QuerySpace : uid = &lt;gen:0&gt; -&gt; org.hibernate.loader.plan.build.internal.spaces.EntityQuerySpaceImpl@58fa5769]
12:23:07.998 [main] [o.h.p.w.s.MetamodelGraphWalker] DEBUG org.hibernate.persister.walking.spi.MetamodelGraphWalker - Visiting attribute path : auctionType
12:23:07.998 [main] [o.h.p.w.s.MetamodelGraphWalker] DEBUG org.hibernate.persister.walking.spi.MetamodelGraphWalker - Visiting attribute path : lots
12:23:07.998 [main] [o.h.l.p.b.i.s.QuerySpacesImpl] DEBUG org.hibernate.loader.plan.build.internal.spaces.QuerySpacesImpl - Adding QuerySpace : uid = &lt;gen:1&gt; -&gt; org.hibernate.loader.plan.build.internal.spaces.CollectionQuerySpaceImpl@4ee25d80]
12:23:07.998 [main] [o.h.l.p.b.i.s.QuerySpacesImpl] DEBUG org.hibernate.loader.plan.build.internal.spaces.QuerySpacesImpl - Adding QuerySpace : uid = &lt;gen:2&gt; -&gt; org.hibernate.loader.plan.build.internal.spaces.EntityQuerySpaceImpl@16a35bd]
12:23:07.998 [main] [o.h.p.w.s.MetamodelGraphWalker] DEBUG org.hibernate.persister.walking.spi.MetamodelGraphWalker - Visiting attribute path : startTime
12:23:07.998 [main] [o.h.p.w.s.MetamodelGraphWalker] DEBUG org.hibernate.persister.walking.spi.MetamodelGraphWalker - Visiting attribute path : type
12:23:07.998 [main] [o.h.l.p.b.i.FetchStyleLoadPlanBuildingAssociationVisitationStrategy] DEBUG org.hibernate.loader.plan.build.internal.FetchStyleLoadPlanBuildingAssociationVisitationStrategy - Building LoadPlan...
12:23:07.998 [main] [o.h.l.p.e.i.LoadQueryJoinAndFetchProcessor] DEBUG org.hibernate.loader.plan.exec.internal.LoadQueryJoinAndFetchProcessor - processing queryspace &lt;gen:0&gt;
12:23:07.998 [main] [o.h.l.p.b.s.LoadPlanTreePrinter] DEBUG org.hibernate.loader.plan.build.spi.LoadPlanTreePrinter - LoadPlan(entity=org.solent.com504.project.model.auction.dto.Auction)
    - Returns
       - EntityReturnImpl(entity=org.solent.com504.project.model.auction.dto.Auction, querySpaceUid=&lt;gen:0&gt;, path=org.solent.com504.project.model.auction.dto.Auction)
          - CollectionAttributeFetchImpl(collection=org.solent.com504.project.model.auction.dto.Auction.lots, querySpaceUid=&lt;gen:1&gt;, path=org.solent.com504.project.model.auction.dto.Auction.lots)
             - (collection element) CollectionFetchableElementEntityGraph(entity=org.solent.com504.project.model.lot.dto.Lot, querySpaceUid=&lt;gen:2&gt;, path=org.solent.com504.project.model.auction.dto.Auction.lots.&lt;elements&gt;)
    - QuerySpaces
       - EntityQuerySpaceImpl(uid=&lt;gen:0&gt;, entity=org.solent.com504.project.model.auction.dto.Auction)
          - SQL table alias mapping - auction0_
          - alias suffix - 0_
          - suffixed key columns - {id1_0_0_}

12:23:07.998 [main] [o.h.l.e.p.EntityLoader] DEBUG org.hibernate.loader.entity.plan.EntityLoader - Static select for entity org.solent.com504.project.model.auction.dto.Auction [UPGRADE]: select auction0_.id as id1_0_0_, auction0_.auctionType as auctionT2_0_0_, auction0_.startTime as startTim3_0_0_, auction0_.type as type4_0_0_ from Auction auction0_ where auction0_.id=? for update
12:23:07.998 [main] [o.h.l.p.b.i.s.QuerySpacesImpl] DEBUG org.hibernate.loader.plan.build.internal.spaces.QuerySpacesImpl - Adding QuerySpace : uid = &lt;gen:0&gt; -&gt; org.hibernate.loader.plan.build.internal.spaces.EntityQuerySpaceImpl@ba17be6]
12:23:08.014 [main] [o.h.p.w.s.MetamodelGraphWalker] DEBUG org.hibernate.persister.walking.spi.MetamodelGraphWalker - Visiting attribute path : auctionType
12:23:08.014 [main] [o.h.p.w.s.MetamodelGraphWalker] DEBUG org.hibernate.persister.walking.spi.MetamodelGraphWalker - Visiting attribute path : lots
12:23:08.014 [main] [o.h.l.p.b.i.s.QuerySpacesImpl] DEBUG org.hibernate.loader.plan.build.internal.spaces.QuerySpacesImpl - Adding QuerySpace : uid = &lt;gen:1&gt; -&gt; org.hibernate.loader.plan.build.internal.spaces.CollectionQuerySpaceImpl@332bcab0]
12:23:08.014 [main] [o.h.l.p.b.i.s.QuerySpacesImpl] DEBUG org.hibernate.loader.plan.build.internal.spaces.QuerySpacesImpl - Adding QuerySpace : uid = &lt;gen:2&gt; -&gt; org.hibernate.loader.plan.build.internal.spaces.EntityQuerySpaceImpl@633cc6b5]
12:23:08.014 [main] [o.h.p.w.s.MetamodelGraphWalker] DEBUG org.hibernate.persister.walking.spi.MetamodelGraphWalker - Visiting attribute path : startTime
12:23:08.014 [main] [o.h.p.w.s.MetamodelGraphWalker] DEBUG org.hibernate.persister.walking.spi.MetamodelGraphWalker - Visiting attribute path : type
12:23:08.014 [main] [o.h.l.p.b.i.FetchStyleLoadPlanBuildingAssociationVisitationStrategy] DEBUG org.hibernate.loader.plan.build.internal.FetchStyleLoadPlanBuildingAssociationVisitationStrategy - Building LoadPlan...
12:23:08.014 [main] [o.h.l.p.e.i.LoadQueryJoinAndFetchProcessor] DEBUG org.hibernate.loader.plan.exec.internal.LoadQueryJoinAndFetchProcessor - processing queryspace &lt;gen:0&gt;
12:23:08.014 [main] [o.h.l.p.b.s.LoadPlanTreePrinter] DEBUG org.hibernate.loader.plan.build.spi.LoadPlanTreePrinter - LoadPlan(entity=org.solent.com504.project.model.auction.dto.Auction)
    - Returns
       - EntityReturnImpl(entity=org.solent.com504.project.model.auction.dto.Auction, querySpaceUid=&lt;gen:0&gt;, path=org.solent.com504.project.model.auction.dto.Auction)
          - CollectionAttributeFetchImpl(collection=org.solent.com504.project.model.auction.dto.Auction.lots, querySpaceUid=&lt;gen:1&gt;, path=org.solent.com504.project.model.auction.dto.Auction.lots)
             - (collection element) CollectionFetchableElementEntityGraph(entity=org.solent.com504.project.model.lot.dto.Lot, querySpaceUid=&lt;gen:2&gt;, path=org.solent.com504.project.model.auction.dto.Auction.lots.&lt;elements&gt;)
    - QuerySpaces
       - EntityQuerySpaceImpl(uid=&lt;gen:0&gt;, entity=org.solent.com504.project.model.auction.dto.Auction)
          - SQL table alias mapping - auction0_
          - alias suffix - 0_
          - suffixed key columns - {id1_0_0_}

12:23:08.014 [main] [o.h.l.e.p.EntityLoader] DEBUG org.hibernate.loader.entity.plan.EntityLoader - Static select for entity org.solent.com504.project.model.auction.dto.Auction [UPGRADE_NOWAIT]: select auction0_.id as id1_0_0_, auction0_.auctionType as auctionT2_0_0_, auction0_.startTime as startTim3_0_0_, auction0_.type as type4_0_0_ from Auction auction0_ where auction0_.id=? for update
12:23:08.014 [main] [o.h.l.p.b.i.s.QuerySpacesImpl] DEBUG org.hibernate.loader.plan.build.internal.spaces.QuerySpacesImpl - Adding QuerySpace : uid = &lt;gen:0&gt; -&gt; org.hibernate.loader.plan.build.internal.spaces.EntityQuerySpaceImpl@6342ff7f]
12:23:08.014 [main] [o.h.p.w.s.MetamodelGraphWalker] DEBUG org.hibernate.persister.walking.spi.MetamodelGraphWalker - Visiting attribute path : auctionType
12:23:08.014 [main] [o.h.p.w.s.MetamodelGraphWalker] DEBUG org.hibernate.persister.walking.spi.MetamodelGraphWalker - Visiting attribute path : lots
12:23:08.014 [main] [o.h.l.p.b.i.s.QuerySpacesImpl] DEBUG org.hibernate.loader.plan.build.internal.spaces.QuerySpacesImpl - Adding QuerySpace : uid = &lt;gen:1&gt; -&gt; org.hibernate.loader.plan.build.internal.spaces.CollectionQuerySpaceImpl@2daf06fc]
12:23:08.014 [main] [o.h.l.p.b.i.s.QuerySpacesImpl] DEBUG org.hibernate.loader.plan.build.internal.spaces.QuerySpacesImpl - Adding QuerySpace : uid = &lt;gen:2&gt; -&gt; org.hibernate.loader.plan.build.internal.spaces.EntityQuerySpaceImpl@28237492]
12:23:08.014 [main] [o.h.p.w.s.MetamodelGraphWalker] DEBUG org.hibernate.persister.walking.spi.MetamodelGraphWalker - Visiting attribute path : startTime
12:23:08.014 [main] [o.h.p.w.s.MetamodelGraphWalker] DEBUG org.hibernate.persister.walking.spi.MetamodelGraphWalker - Visiting attribute path : type
12:23:08.014 [main] [o.h.l.p.b.i.FetchStyleLoadPlanBuildingAssociationVisitationStrategy] DEBUG org.hibernate.loader.plan.build.internal.FetchStyleLoadPlanBuildingAssociationVisitationStrategy - Building LoadPlan...
12:23:08.014 [main] [o.h.l.p.e.i.LoadQueryJoinAndFetchProcessor] DEBUG org.hibernate.loader.plan.exec.internal.LoadQueryJoinAndFetchProcessor - processing queryspace &lt;gen:0&gt;
12:23:08.014 [main] [o.h.l.p.b.s.LoadPlanTreePrinter] DEBUG org.hibernate.loader.plan.build.spi.LoadPlanTreePrinter - LoadPlan(entity=org.solent.com504.project.model.auction.dto.Auction)
    - Returns
       - EntityReturnImpl(entity=org.solent.com504.project.model.auction.dto.Auction, querySpaceUid=&lt;gen:0&gt;, path=org.solent.com504.project.model.auction.dto.Auction)
          - CollectionAttributeFetchImpl(collection=org.solent.com504.project.model.auction.dto.Auction.lots, querySpaceUid=&lt;gen:1&gt;, path=org.solent.com504.project.model.auction.dto.Auction.lots)
             - (collection element) CollectionFetchableElementEntityGraph(entity=org.solent.com504.project.model.lot.dto.Lot, querySpaceUid=&lt;gen:2&gt;, path=org.solent.com504.project.model.auction.dto.Auction.lots.&lt;elements&gt;)
    - QuerySpaces
       - EntityQuerySpaceImpl(uid=&lt;gen:0&gt;, entity=org.solent.com504.project.model.auction.dto.Auction)
          - SQL table alias mapping - auction0_
          - alias suffix - 0_
          - suffixed key columns - {id1_0_0_}

12:23:08.014 [main] [o.h.l.e.p.EntityLoader] DEBUG org.hibernate.loader.entity.plan.EntityLoader - Static select for entity org.solent.com504.project.model.auction.dto.Auction [UPGRADE_SKIPLOCKED]: select auction0_.id as id1_0_0_, auction0_.auctionType as auctionT2_0_0_, auction0_.startTime as startTim3_0_0_, auction0_.type as type4_0_0_ from Auction auction0_ where auction0_.id=? for update
12:23:08.014 [main] [o.h.l.p.b.i.s.QuerySpacesImpl] DEBUG org.hibernate.loader.plan.build.internal.spaces.QuerySpacesImpl - Adding QuerySpace : uid = &lt;gen:0&gt; -&gt; org.hibernate.loader.plan.build.internal.spaces.EntityQuerySpaceImpl@5ceecfee]
12:23:08.014 [main] [o.h.p.w.s.MetamodelGraphWalker] DEBUG org.hibernate.persister.walking.spi.MetamodelGraphWalker - Visiting attribute path : auctionType
12:23:08.014 [main] [o.h.p.w.s.MetamodelGraphWalker] DEBUG org.hibernate.persister.walking.spi.MetamodelGraphWalker - Visiting attribute path : lots
12:23:08.014 [main] [o.h.l.p.b.i.s.QuerySpacesImpl] DEBUG org.hibernate.loader.plan.build.internal.spaces.QuerySpacesImpl - Adding QuerySpace : uid = &lt;gen:1&gt; -&gt; org.hibernate.loader.plan.build.internal.spaces.CollectionQuerySpaceImpl@28ee7bee]
12:23:08.014 [main] [o.h.l.p.b.i.s.QuerySpacesImpl] DEBUG org.hibernate.loader.plan.build.internal.spaces.QuerySpacesImpl - Adding QuerySpace : uid = &lt;gen:2&gt; -&gt; org.hibernate.loader.plan.build.internal.spaces.EntityQuerySpaceImpl@1b5a1d85]
12:23:08.014 [main] [o.h.p.w.s.MetamodelGraphWalker] DEBUG org.hibernate.persister.walking.spi.MetamodelGraphWalker - Visiting attribute path : startTime
12:23:08.014 [main] [o.h.p.w.s.MetamodelGraphWalker] DEBUG org.hibernate.persister.walking.spi.MetamodelGraphWalker - Visiting attribute path : type
12:23:08.014 [main] [o.h.l.p.b.i.FetchStyleLoadPlanBuildingAssociationVisitationStrategy] DEBUG org.hibernate.loader.plan.build.internal.FetchStyleLoadPlanBuildingAssociationVisitationStrategy - Building LoadPlan...
12:23:08.014 [main] [o.h.l.p.e.i.LoadQueryJoinAndFetchProcessor] DEBUG org.hibernate.loader.plan.exec.internal.LoadQueryJoinAndFetchProcessor - processing queryspace &lt;gen:0&gt;
12:23:08.014 [main] [o.h.l.p.b.s.LoadPlanTreePrinter] DEBUG org.hibernate.loader.plan.build.spi.LoadPlanTreePrinter - LoadPlan(entity=org.solent.com504.project.model.auction.dto.Auction)
    - Returns
       - EntityReturnImpl(entity=org.solent.com504.project.model.auction.dto.Auction, querySpaceUid=&lt;gen:0&gt;, path=org.solent.com504.project.model.auction.dto.Auction)
          - CollectionAttributeFetchImpl(collection=org.solent.com504.project.model.auction.dto.Auction.lots, querySpaceUid=&lt;gen:1&gt;, path=org.solent.com504.project.model.auction.dto.Auction.lots)
             - (collection element) CollectionFetchableElementEntityGraph(entity=org.solent.com504.project.model.lot.dto.Lot, querySpaceUid=&lt;gen:2&gt;, path=org.solent.com504.project.model.auction.dto.Auction.lots.&lt;elements&gt;)
    - QuerySpaces
       - EntityQuerySpaceImpl(uid=&lt;gen:0&gt;, entity=org.solent.com504.project.model.auction.dto.Auction)
          - SQL table alias mapping - auction0_
          - alias suffix - 0_
          - suffixed key columns - {id1_0_0_}

12:23:08.014 [main] [o.h.l.e.p.EntityLoader] DEBUG org.hibernate.loader.entity.plan.EntityLoader - Static select for entity org.solent.com504.project.model.auction.dto.Auction [FORCE]: select auction0_.id as id1_0_0_, auction0_.auctionType as auctionT2_0_0_, auction0_.startTime as startTim3_0_0_, auction0_.type as type4_0_0_ from Auction auction0_ where auction0_.id=? for update
12:23:08.014 [main] [o.h.l.p.b.i.s.QuerySpacesImpl] DEBUG org.hibernate.loader.plan.build.internal.spaces.QuerySpacesImpl - Adding QuerySpace : uid = &lt;gen:0&gt; -&gt; org.hibernate.loader.plan.build.internal.spaces.EntityQuerySpaceImpl@31e130bf]
12:23:08.014 [main] [o.h.p.w.s.MetamodelGraphWalker] DEBUG org.hibernate.persister.walking.spi.MetamodelGraphWalker - Visiting attribute path : auctionType
12:23:08.014 [main] [o.h.p.w.s.MetamodelGraphWalker] DEBUG org.hibernate.persister.walking.spi.MetamodelGraphWalker - Visiting attribute path : lots
12:23:08.014 [main] [o.h.l.p.b.i.s.QuerySpacesImpl] DEBUG org.hibernate.loader.plan.build.internal.spaces.QuerySpacesImpl - Adding QuerySpace : uid = &lt;gen:1&gt; -&gt; org.hibernate.loader.plan.build.internal.spaces.CollectionQuerySpaceImpl@f1f7db2]
12:23:08.014 [main] [o.h.l.p.b.i.s.QuerySpacesImpl] DEBUG org.hibernate.loader.plan.build.internal.spaces.QuerySpacesImpl - Adding QuerySpace : uid = &lt;gen:2&gt; -&gt; org.hibernate.loader.plan.build.internal.spaces.EntityQuerySpaceImpl@4462efe1]
12:23:08.014 [main] [o.h.p.w.s.MetamodelGraphWalker] DEBUG org.hibernate.persister.walking.spi.MetamodelGraphWalker - Visiting attribute path : startTime
12:23:08.014 [main] [o.h.p.w.s.MetamodelGraphWalker] DEBUG org.hibernate.persister.walking.spi.MetamodelGraphWalker - Visiting attribute path : type
12:23:08.014 [main] [o.h.l.p.b.i.FetchStyleLoadPlanBuildingAssociationVisitationStrategy] DEBUG org.hibernate.loader.plan.build.internal.FetchStyleLoadPlanBuildingAssociationVisitationStrategy - Building LoadPlan...
12:23:08.014 [main] [o.h.l.p.e.i.LoadQueryJoinAndFetchProcessor] DEBUG org.hibernate.loader.plan.exec.internal.LoadQueryJoinAndFetchProcessor - processing queryspace &lt;gen:0&gt;
12:23:08.030 [main] [o.h.l.p.b.s.LoadPlanTreePrinter] DEBUG org.hibernate.loader.plan.build.spi.LoadPlanTreePrinter - LoadPlan(entity=org.solent.com504.project.model.auction.dto.Auction)
    - Returns
       - EntityReturnImpl(entity=org.solent.com504.project.model.auction.dto.Auction, querySpaceUid=&lt;gen:0&gt;, path=org.solent.com504.project.model.auction.dto.Auction)
          - CollectionAttributeFetchImpl(collection=org.solent.com504.project.model.auction.dto.Auction.lots, querySpaceUid=&lt;gen:1&gt;, path=org.solent.com504.project.model.auction.dto.Auction.lots)
             - (collection element) CollectionFetchableElementEntityGraph(entity=org.solent.com504.project.model.lot.dto.Lot, querySpaceUid=&lt;gen:2&gt;, path=org.solent.com504.project.model.auction.dto.Auction.lots.&lt;elements&gt;)
    - QuerySpaces
       - EntityQuerySpaceImpl(uid=&lt;gen:0&gt;, entity=org.solent.com504.project.model.auction.dto.Auction)
          - SQL table alias mapping - auction0_
          - alias suffix - 0_
          - suffixed key columns - {id1_0_0_}

12:23:08.030 [main] [o.h.l.e.p.EntityLoader] DEBUG org.hibernate.loader.entity.plan.EntityLoader - Static select for entity org.solent.com504.project.model.auction.dto.Auction [PESSIMISTIC_READ]: select auction0_.id as id1_0_0_, auction0_.auctionType as auctionT2_0_0_, auction0_.startTime as startTim3_0_0_, auction0_.type as type4_0_0_ from Auction auction0_ where auction0_.id=? for update
12:23:08.030 [main] [o.h.l.p.b.i.s.QuerySpacesImpl] DEBUG org.hibernate.loader.plan.build.internal.spaces.QuerySpacesImpl - Adding QuerySpace : uid = &lt;gen:0&gt; -&gt; org.hibernate.loader.plan.build.internal.spaces.EntityQuerySpaceImpl@7c3e4b1a]
12:23:08.030 [main] [o.h.p.w.s.MetamodelGraphWalker] DEBUG org.hibernate.persister.walking.spi.MetamodelGraphWalker - Visiting attribute path : auctionType
12:23:08.030 [main] [o.h.p.w.s.MetamodelGraphWalker] DEBUG org.hibernate.persister.walking.spi.MetamodelGraphWalker - Visiting attribute path : lots
12:23:08.030 [main] [o.h.l.p.b.i.s.QuerySpacesImpl] DEBUG org.hibernate.loader.plan.build.internal.spaces.QuerySpacesImpl - Adding QuerySpace : uid = &lt;gen:1&gt; -&gt; org.hibernate.loader.plan.build.internal.spaces.CollectionQuerySpaceImpl@765d55d5]
12:23:08.030 [main] [o.h.l.p.b.i.s.QuerySpacesImpl] DEBUG org.hibernate.loader.plan.build.internal.spaces.QuerySpacesImpl - Adding QuerySpace : uid = &lt;gen:2&gt; -&gt; org.hibernate.loader.plan.build.internal.spaces.EntityQuerySpaceImpl@2513a118]
12:23:08.030 [main] [o.h.p.w.s.MetamodelGraphWalker] DEBUG org.hibernate.persister.walking.spi.MetamodelGraphWalker - Visiting attribute path : startTime
12:23:08.030 [main] [o.h.p.w.s.MetamodelGraphWalker] DEBUG org.hibernate.persister.walking.spi.MetamodelGraphWalker - Visiting attribute path : type
12:23:08.030 [main] [o.h.l.p.b.i.FetchStyleLoadPlanBuildingAssociationVisitationStrategy] DEBUG org.hibernate.loader.plan.build.internal.FetchStyleLoadPlanBuildingAssociationVisitationStrategy - Building LoadPlan...
12:23:08.030 [main] [o.h.l.p.e.i.LoadQueryJoinAndFetchProcessor] DEBUG org.hibernate.loader.plan.exec.internal.LoadQueryJoinAndFetchProcessor - processing queryspace &lt;gen:0&gt;
12:23:08.030 [main] [o.h.l.p.b.s.LoadPlanTreePrinter] DEBUG org.hibernate.loader.plan.build.spi.LoadPlanTreePrinter - LoadPlan(entity=org.solent.com504.project.model.auction.dto.Auction)
    - Returns
       - EntityReturnImpl(entity=org.solent.com504.project.model.auction.dto.Auction, querySpaceUid=&lt;gen:0&gt;, path=org.solent.com504.project.model.auction.dto.Auction)
          - CollectionAttributeFetchImpl(collection=org.solent.com504.project.model.auction.dto.Auction.lots, querySpaceUid=&lt;gen:1&gt;, path=org.solent.com504.project.model.auction.dto.Auction.lots)
             - (collection element) CollectionFetchableElementEntityGraph(entity=org.solent.com504.project.model.lot.dto.Lot, querySpaceUid=&lt;gen:2&gt;, path=org.solent.com504.project.model.auction.dto.Auction.lots.&lt;elements&gt;)
    - QuerySpaces
       - EntityQuerySpaceImpl(uid=&lt;gen:0&gt;, entity=org.solent.com504.project.model.auction.dto.Auction)
          - SQL table alias mapping - auction0_
          - alias suffix - 0_
          - suffixed key columns - {id1_0_0_}

12:23:08.030 [main] [o.h.l.e.p.EntityLoader] DEBUG org.hibernate.loader.entity.plan.EntityLoader - Static select for entity org.solent.com504.project.model.auction.dto.Auction [PESSIMISTIC_WRITE]: select auction0_.id as id1_0_0_, auction0_.auctionType as auctionT2_0_0_, auction0_.startTime as startTim3_0_0_, auction0_.type as type4_0_0_ from Auction auction0_ where auction0_.id=? for update
12:23:08.030 [main] [o.h.l.p.b.i.s.QuerySpacesImpl] DEBUG org.hibernate.loader.plan.build.internal.spaces.QuerySpacesImpl - Adding QuerySpace : uid = &lt;gen:0&gt; -&gt; org.hibernate.loader.plan.build.internal.spaces.EntityQuerySpaceImpl@2bfb583b]
12:23:08.030 [main] [o.h.p.w.s.MetamodelGraphWalker] DEBUG org.hibernate.persister.walking.spi.MetamodelGraphWalker - Visiting attribute path : auctionType
12:23:08.030 [main] [o.h.p.w.s.MetamodelGraphWalker] DEBUG org.hibernate.persister.walking.spi.MetamodelGraphWalker - Visiting attribute path : lots
12:23:08.030 [main] [o.h.l.p.b.i.s.QuerySpacesImpl] DEBUG org.hibernate.loader.plan.build.internal.spaces.QuerySpacesImpl - Adding QuerySpace : uid = &lt;gen:1&gt; -&gt; org.hibernate.loader.plan.build.internal.spaces.CollectionQuerySpaceImpl@6fc1020a]
12:23:08.030 [main] [o.h.l.p.b.i.s.QuerySpacesImpl] DEBUG org.hibernate.loader.plan.build.internal.spaces.QuerySpacesImpl - Adding QuerySpace : uid = &lt;gen:2&gt; -&gt; org.hibernate.loader.plan.build.internal.spaces.EntityQuerySpaceImpl@5762658b]
12:23:08.030 [main] [o.h.p.w.s.MetamodelGraphWalker] DEBUG org.hibernate.persister.walking.spi.MetamodelGraphWalker - Visiting attribute path : startTime
12:23:08.030 [main] [o.h.p.w.s.MetamodelGraphWalker] DEBUG org.hibernate.persister.walking.spi.MetamodelGraphWalker - Visiting attribute path : type
12:23:08.030 [main] [o.h.l.p.b.i.FetchStyleLoadPlanBuildingAssociationVisitationStrategy] DEBUG org.hibernate.loader.plan.build.internal.FetchStyleLoadPlanBuildingAssociationVisitationStrategy - Building LoadPlan...
12:23:08.030 [main] [o.h.l.p.e.i.LoadQueryJoinAndFetchProcessor] DEBUG org.hibernate.loader.plan.exec.internal.LoadQueryJoinAndFetchProcessor - processing queryspace &lt;gen:0&gt;
12:23:08.030 [main] [o.h.l.p.b.s.LoadPlanTreePrinter] DEBUG org.hibernate.loader.plan.build.spi.LoadPlanTreePrinter - LoadPlan(entity=org.solent.com504.project.model.auction.dto.Auction)
    - Returns
       - EntityReturnImpl(entity=org.solent.com504.project.model.auction.dto.Auction, querySpaceUid=&lt;gen:0&gt;, path=org.solent.com504.project.model.auction.dto.Auction)
          - CollectionAttributeFetchImpl(collection=org.solent.com504.project.model.auction.dto.Auction.lots, querySpaceUid=&lt;gen:1&gt;, path=org.solent.com504.project.model.auction.dto.Auction.lots)
             - (collection element) CollectionFetchableElementEntityGraph(entity=org.solent.com504.project.model.lot.dto.Lot, querySpaceUid=&lt;gen:2&gt;, path=org.solent.com504.project.model.auction.dto.Auction.lots.&lt;elements&gt;)
    - QuerySpaces
       - EntityQuerySpaceImpl(uid=&lt;gen:0&gt;, entity=org.solent.com504.project.model.auction.dto.Auction)
          - SQL table alias mapping - auction0_
          - alias suffix - 0_
          - suffixed key columns - {id1_0_0_}

12:23:08.030 [main] [o.h.l.e.p.EntityLoader] DEBUG org.hibernate.loader.entity.plan.EntityLoader - Static select for entity org.solent.com504.project.model.auction.dto.Auction [PESSIMISTIC_FORCE_INCREMENT]: select auction0_.id as id1_0_0_, auction0_.auctionType as auctionT2_0_0_, auction0_.startTime as startTim3_0_0_, auction0_.type as type4_0_0_ from Auction auction0_ where auction0_.id=? for update
12:23:08.030 [main] [o.h.l.p.b.i.s.QuerySpacesImpl] DEBUG org.hibernate.loader.plan.build.internal.spaces.QuerySpacesImpl - Adding QuerySpace : uid = &lt;gen:0&gt; -&gt; org.hibernate.loader.plan.build.internal.spaces.EntityQuerySpaceImpl@2629d5dc]
12:23:08.030 [main] [o.h.p.w.s.MetamodelGraphWalker] DEBUG org.hibernate.persister.walking.spi.MetamodelGraphWalker - Visiting attribute path : auctionType
12:23:08.030 [main] [o.h.p.w.s.MetamodelGraphWalker] DEBUG org.hibernate.persister.walking.spi.MetamodelGraphWalker - Visiting attribute path : lots
12:23:08.030 [main] [o.h.l.p.b.i.s.QuerySpacesImpl] DEBUG org.hibernate.loader.plan.build.internal.spaces.QuerySpacesImpl - Adding QuerySpace : uid = &lt;gen:1&gt; -&gt; org.hibernate.loader.plan.build.internal.spaces.CollectionQuerySpaceImpl@42a0501e]
12:23:08.030 [main] [o.h.l.p.b.i.s.QuerySpacesImpl] DEBUG org.hibernate.loader.plan.build.internal.spaces.QuerySpacesImpl - Adding QuerySpace : uid = &lt;gen:2&gt; -&gt; org.hibernate.loader.plan.build.internal.spaces.EntityQuerySpaceImpl@6aa3bfc]
12:23:08.030 [main] [o.h.p.w.s.MetamodelGraphWalker] DEBUG org.hibernate.persister.walking.spi.MetamodelGraphWalker - Visiting attribute path : startTime
12:23:08.030 [main] [o.h.p.w.s.MetamodelGraphWalker] DEBUG org.hibernate.persister.walking.spi.MetamodelGraphWalker - Visiting attribute path : type
12:23:08.030 [main] [o.h.l.p.b.i.FetchStyleLoadPlanBuildingAssociationVisitationStrategy] DEBUG org.hibernate.loader.plan.build.internal.FetchStyleLoadPlanBuildingAssociationVisitationStrategy - Building LoadPlan...
12:23:08.030 [main] [o.h.l.p.e.i.LoadQueryJoinAndFetchProcessor] DEBUG org.hibernate.loader.plan.exec.internal.LoadQueryJoinAndFetchProcessor - processing queryspace &lt;gen:0&gt;
12:23:08.030 [main] [o.h.l.p.b.s.LoadPlanTreePrinter] DEBUG org.hibernate.loader.plan.build.spi.LoadPlanTreePrinter - LoadPlan(entity=org.solent.com504.project.model.auction.dto.Auction)
    - Returns
       - EntityReturnImpl(entity=org.solent.com504.project.model.auction.dto.Auction, querySpaceUid=&lt;gen:0&gt;, path=org.solent.com504.project.model.auction.dto.Auction)
          - CollectionAttributeFetchImpl(collection=org.solent.com504.project.model.auction.dto.Auction.lots, querySpaceUid=&lt;gen:1&gt;, path=org.solent.com504.project.model.auction.dto.Auction.lots)
             - (collection element) CollectionFetchableElementEntityGraph(entity=org.solent.com504.project.model.lot.dto.Lot, querySpaceUid=&lt;gen:2&gt;, path=org.solent.com504.project.model.auction.dto.Auction.lots.&lt;elements&gt;)
    - QuerySpaces
       - EntityQuerySpaceImpl(uid=&lt;gen:0&gt;, entity=org.solent.com504.project.model.auction.dto.Auction)
          - SQL table alias mapping - auction0_
          - alias suffix - 0_
          - suffixed key columns - {id1_0_0_}

12:23:08.030 [main] [o.h.l.e.p.EntityLoader] DEBUG org.hibernate.loader.entity.plan.EntityLoader - Static select for entity org.solent.com504.project.model.auction.dto.Auction [OPTIMISTIC]: select auction0_.id as id1_0_0_, auction0_.auctionType as auctionT2_0_0_, auction0_.startTime as startTim3_0_0_, auction0_.type as type4_0_0_ from Auction auction0_ where auction0_.id=?
12:23:08.030 [main] [o.h.l.p.b.i.s.QuerySpacesImpl] DEBUG org.hibernate.loader.plan.build.internal.spaces.QuerySpacesImpl - Adding QuerySpace : uid = &lt;gen:0&gt; -&gt; org.hibernate.loader.plan.build.internal.spaces.EntityQuerySpaceImpl@6e4599c0]
12:23:08.030 [main] [o.h.p.w.s.MetamodelGraphWalker] DEBUG org.hibernate.persister.walking.spi.MetamodelGraphWalker - Visiting attribute path : auctionType
12:23:08.030 [main] [o.h.p.w.s.MetamodelGraphWalker] DEBUG org.hibernate.persister.walking.spi.MetamodelGraphWalker - Visiting attribute path : lots
12:23:08.030 [main] [o.h.l.p.b.i.s.QuerySpacesImpl] DEBUG org.hibernate.loader.plan.build.internal.spaces.QuerySpacesImpl - Adding QuerySpace : uid = &lt;gen:1&gt; -&gt; org.hibernate.loader.plan.build.internal.spaces.CollectionQuerySpaceImpl@3d1f558a]
12:23:08.030 [main] [o.h.l.p.b.i.s.QuerySpacesImpl] DEBUG org.hibernate.loader.plan.build.internal.spaces.QuerySpacesImpl - Adding QuerySpace : uid = &lt;gen:2&gt; -&gt; org.hibernate.loader.plan.build.internal.spaces.EntityQuerySpaceImpl@6abdec0e]
12:23:08.030 [main] [o.h.p.w.s.MetamodelGraphWalker] DEBUG org.hibernate.persister.walking.spi.MetamodelGraphWalker - Visiting attribute path : startTime
12:23:08.030 [main] [o.h.p.w.s.MetamodelGraphWalker] DEBUG org.hibernate.persister.walking.spi.MetamodelGraphWalker - Visiting attribute path : type
12:23:08.030 [main] [o.h.l.p.b.i.FetchStyleLoadPlanBuildingAssociationVisitationStrategy] DEBUG org.hibernate.loader.plan.build.internal.FetchStyleLoadPlanBuildingAssociationVisitationStrategy - Building LoadPlan...
12:23:08.030 [main] [o.h.l.p.e.i.LoadQueryJoinAndFetchProcessor] DEBUG org.hibernate.loader.plan.exec.internal.LoadQueryJoinAndFetchProcessor - processing queryspace &lt;gen:0&gt;
12:23:08.030 [main] [o.h.l.p.b.s.LoadPlanTreePrinter] DEBUG org.hibernate.loader.plan.build.spi.LoadPlanTreePrinter - LoadPlan(entity=org.solent.com504.project.model.auction.dto.Auction)
    - Returns
       - EntityReturnImpl(entity=org.solent.com504.project.model.auction.dto.Auction, querySpaceUid=&lt;gen:0&gt;, path=org.solent.com504.project.model.auction.dto.Auction)
          - CollectionAttributeFetchImpl(collection=org.solent.com504.project.model.auction.dto.Auction.lots, querySpaceUid=&lt;gen:1&gt;, path=org.solent.com504.project.model.auction.dto.Auction.lots)
             - (collection element) CollectionFetchableElementEntityGraph(entity=org.solent.com504.project.model.lot.dto.Lot, querySpaceUid=&lt;gen:2&gt;, path=org.solent.com504.project.model.auction.dto.Auction.lots.&lt;elements&gt;)
    - QuerySpaces
       - EntityQuerySpaceImpl(uid=&lt;gen:0&gt;, entity=org.solent.com504.project.model.auction.dto.Auction)
          - SQL table alias mapping - auction0_
          - alias suffix - 0_
          - suffixed key columns - {id1_0_0_}

12:23:08.030 [main] [o.h.l.e.p.EntityLoader] DEBUG org.hibernate.loader.entity.plan.EntityLoader - Static select for entity org.solent.com504.project.model.auction.dto.Auction [OPTIMISTIC_FORCE_INCREMENT]: select auction0_.id as id1_0_0_, auction0_.auctionType as auctionT2_0_0_, auction0_.startTime as startTim3_0_0_, auction0_.type as type4_0_0_ from Auction auction0_ where auction0_.id=?
12:23:08.030 [main] [o.h.l.Loader] DEBUG org.hibernate.loader.Loader - Static select for action ACTION_MERGE on entity org.solent.com504.project.model.auction.dto.Auction: select auction0_.id as id1_0_0_, auction0_.auctionType as auctionT2_0_0_, auction0_.startTime as startTim3_0_0_, auction0_.type as type4_0_0_ from Auction auction0_ where auction0_.id=?
12:23:08.030 [main] [o.h.l.Loader] DEBUG org.hibernate.loader.Loader - Static select for action ACTION_REFRESH on entity org.solent.com504.project.model.auction.dto.Auction: select auction0_.id as id1_0_0_, auction0_.auctionType as auctionT2_0_0_, auction0_.startTime as startTim3_0_0_, auction0_.type as type4_0_0_ from Auction auction0_ where auction0_.id=?
12:23:08.030 [main] [o.h.p.e.AbstractEntityPersister] DEBUG org.hibernate.persister.entity.AbstractEntityPersister - Static SQL for entity: org.solent.com504.project.model.lot.dto.Lot
12:23:08.030 [main] [o.h.p.e.AbstractEntityPersister] DEBUG org.hibernate.persister.entity.AbstractEntityPersister -  Version select: select id from Lot where id =?
12:23:08.030 [main] [o.h.p.e.AbstractEntityPersister] DEBUG org.hibernate.persister.entity.AbstractEntityPersister -  Snapshot select: select lot_.id, lot_.duration as duration2_3_, lot_.grade as grade3_3_, lot_.highestBidPrice as highestB4_3_, lot_.life_days as life_day5_3_, lot_.pickdate as pickdate6_3_, lot_.quantity as quantity7_3_, lot_.reservedPrice as reserved8_3_ from Lot lot_ where lot_.id=?
12:23:08.030 [main] [o.h.p.e.AbstractEntityPersister] DEBUG org.hibernate.persister.entity.AbstractEntityPersister -  Insert 0: insert into Lot (duration, grade, highestBidPrice, life_days, pickdate, quantity, reservedPrice, id) values (?, ?, ?, ?, ?, ?, ?, ?)
12:23:08.030 [main] [o.h.p.e.AbstractEntityPersister] DEBUG org.hibernate.persister.entity.AbstractEntityPersister -  Update 0: update Lot set duration=?, grade=?, highestBidPrice=?, life_days=?, pickdate=?, quantity=?, reservedPrice=? where id=?
12:23:08.030 [main] [o.h.p.e.AbstractEntityPersister] DEBUG org.hibernate.persister.entity.AbstractEntityPersister -  Delete 0: delete from Lot where id=?
12:23:08.030 [main] [o.h.l.p.b.i.s.QuerySpacesImpl] DEBUG org.hibernate.loader.plan.build.internal.spaces.QuerySpacesImpl - Adding QuerySpace : uid = &lt;gen:0&gt; -&gt; org.hibernate.loader.plan.build.internal.spaces.EntityQuerySpaceImpl@28f4f300]
12:23:08.030 [main] [o.h.p.w.s.MetamodelGraphWalker] DEBUG org.hibernate.persister.walking.spi.MetamodelGraphWalker - Visiting attribute path : bids
12:23:08.030 [main] [o.h.l.p.b.i.s.QuerySpacesImpl] DEBUG org.hibernate.loader.plan.build.internal.spaces.QuerySpacesImpl - Adding QuerySpace : uid = &lt;gen:1&gt; -&gt; org.hibernate.loader.plan.build.internal.spaces.CollectionQuerySpaceImpl@6ca8fcf3]
12:23:08.030 [main] [o.h.l.p.b.i.s.QuerySpacesImpl] DEBUG org.hibernate.loader.plan.build.internal.spaces.QuerySpacesImpl - Adding QuerySpace : uid = &lt;gen:2&gt; -&gt; org.hibernate.loader.plan.build.internal.spaces.EntityQuerySpaceImpl@69f0b0f4]
12:23:08.030 [main] [o.h.p.w.s.MetamodelGraphWalker] DEBUG org.hibernate.persister.walking.spi.MetamodelGraphWalker - Visiting attribute path : duration
12:23:08.030 [main] [o.h.p.w.s.MetamodelGraphWalker] DEBUG org.hibernate.persister.walking.spi.MetamodelGraphWalker - Visiting attribute path : grade
12:23:08.030 [main] [o.h.p.w.s.MetamodelGraphWalker] DEBUG org.hibernate.persister.walking.spi.MetamodelGraphWalker - Visiting attribute path : highestBidPrice
12:23:08.030 [main] [o.h.p.w.s.MetamodelGraphWalker] DEBUG org.hibernate.persister.walking.spi.MetamodelGraphWalker - Visiting attribute path : life_days
12:23:08.030 [main] [o.h.p.w.s.MetamodelGraphWalker] DEBUG org.hibernate.persister.walking.spi.MetamodelGraphWalker - Visiting attribute path : pickdate
12:23:08.030 [main] [o.h.p.w.s.MetamodelGraphWalker] DEBUG org.hibernate.persister.walking.spi.MetamodelGraphWalker - Visiting attribute path : quantity
12:23:08.030 [main] [o.h.p.w.s.MetamodelGraphWalker] DEBUG org.hibernate.persister.walking.spi.MetamodelGraphWalker - Visiting attribute path : reservedPrice
12:23:08.030 [main] [o.h.l.p.b.i.FetchStyleLoadPlanBuildingAssociationVisitationStrategy] DEBUG org.hibernate.loader.plan.build.internal.FetchStyleLoadPlanBuildingAssociationVisitationStrategy - Building LoadPlan...
12:23:08.030 [main] [o.h.l.p.e.i.LoadQueryJoinAndFetchProcessor] DEBUG org.hibernate.loader.plan.exec.internal.LoadQueryJoinAndFetchProcessor - processing queryspace &lt;gen:0&gt;
12:23:08.030 [main] [o.h.l.p.b.s.LoadPlanTreePrinter] DEBUG org.hibernate.loader.plan.build.spi.LoadPlanTreePrinter - LoadPlan(entity=org.solent.com504.project.model.lot.dto.Lot)
    - Returns
       - EntityReturnImpl(entity=org.solent.com504.project.model.lot.dto.Lot, querySpaceUid=&lt;gen:0&gt;, path=org.solent.com504.project.model.lot.dto.Lot)
          - CollectionAttributeFetchImpl(collection=org.solent.com504.project.model.lot.dto.Lot.bids, querySpaceUid=&lt;gen:1&gt;, path=org.solent.com504.project.model.lot.dto.Lot.bids)
             - (collection element) CollectionFetchableElementEntityGraph(entity=org.solent.com504.project.model.bid.dto.Bid, querySpaceUid=&lt;gen:2&gt;, path=org.solent.com504.project.model.lot.dto.Lot.bids.&lt;elements&gt;)
    - QuerySpaces
       - EntityQuerySpaceImpl(uid=&lt;gen:0&gt;, entity=org.solent.com504.project.model.lot.dto.Lot)
          - SQL table alias mapping - lot0_
          - alias suffix - 0_
          - suffixed key columns - {id1_3_0_}

12:23:08.030 [main] [o.h.l.e.p.EntityLoader] DEBUG org.hibernate.loader.entity.plan.EntityLoader - Static select for entity org.solent.com504.project.model.lot.dto.Lot [NONE]: select lot0_.id as id1_3_0_, lot0_.duration as duration2_3_0_, lot0_.grade as grade3_3_0_, lot0_.highestBidPrice as highestB4_3_0_, lot0_.life_days as life_day5_3_0_, lot0_.pickdate as pickdate6_3_0_, lot0_.quantity as quantity7_3_0_, lot0_.reservedPrice as reserved8_3_0_ from Lot lot0_ where lot0_.id=?
12:23:08.030 [main] [o.h.l.p.b.i.s.QuerySpacesImpl] DEBUG org.hibernate.loader.plan.build.internal.spaces.QuerySpacesImpl - Adding QuerySpace : uid = &lt;gen:0&gt; -&gt; org.hibernate.loader.plan.build.internal.spaces.EntityQuerySpaceImpl@66933239]
12:23:08.030 [main] [o.h.p.w.s.MetamodelGraphWalker] DEBUG org.hibernate.persister.walking.spi.MetamodelGraphWalker - Visiting attribute path : bids
12:23:08.030 [main] [o.h.l.p.b.i.s.QuerySpacesImpl] DEBUG org.hibernate.loader.plan.build.internal.spaces.QuerySpacesImpl - Adding QuerySpace : uid = &lt;gen:1&gt; -&gt; org.hibernate.loader.plan.build.internal.spaces.CollectionQuerySpaceImpl@41ad373]
12:23:08.030 [main] [o.h.l.p.b.i.s.QuerySpacesImpl] DEBUG org.hibernate.loader.plan.build.internal.spaces.QuerySpacesImpl - Adding QuerySpace : uid = &lt;gen:2&gt; -&gt; org.hibernate.loader.plan.build.internal.spaces.EntityQuerySpaceImpl@6801b414]
12:23:08.030 [main] [o.h.p.w.s.MetamodelGraphWalker] DEBUG org.hibernate.persister.walking.spi.MetamodelGraphWalker - Visiting attribute path : duration
12:23:08.030 [main] [o.h.p.w.s.MetamodelGraphWalker] DEBUG org.hibernate.persister.walking.spi.MetamodelGraphWalker - Visiting attribute path : grade
12:23:08.030 [main] [o.h.p.w.s.MetamodelGraphWalker] DEBUG org.hibernate.persister.walking.spi.MetamodelGraphWalker - Visiting attribute path : highestBidPrice
12:23:08.030 [main] [o.h.p.w.s.MetamodelGraphWalker] DEBUG org.hibernate.persister.walking.spi.MetamodelGraphWalker - Visiting attribute path : life_days
12:23:08.030 [main] [o.h.p.w.s.MetamodelGraphWalker] DEBUG org.hibernate.persister.walking.spi.MetamodelGraphWalker - Visiting attribute path : pickdate
12:23:08.030 [main] [o.h.p.w.s.MetamodelGraphWalker] DEBUG org.hibernate.persister.walking.spi.MetamodelGraphWalker - Visiting attribute path : quantity
12:23:08.030 [main] [o.h.p.w.s.MetamodelGraphWalker] DEBUG org.hibernate.persister.walking.spi.MetamodelGraphWalker - Visiting attribute path : reservedPrice
12:23:08.030 [main] [o.h.l.p.b.i.FetchStyleLoadPlanBuildingAssociationVisitationStrategy] DEBUG org.hibernate.loader.plan.build.internal.FetchStyleLoadPlanBuildingAssociationVisitationStrategy - Building LoadPlan...
12:23:08.030 [main] [o.h.l.p.e.i.LoadQueryJoinAndFetchProcessor] DEBUG org.hibernate.loader.plan.exec.internal.LoadQueryJoinAndFetchProcessor - processing queryspace &lt;gen:0&gt;
12:23:08.030 [main] [o.h.l.p.b.s.LoadPlanTreePrinter] DEBUG org.hibernate.loader.plan.build.spi.LoadPlanTreePrinter - LoadPlan(entity=org.solent.com504.project.model.lot.dto.Lot)
    - Returns
       - EntityReturnImpl(entity=org.solent.com504.project.model.lot.dto.Lot, querySpaceUid=&lt;gen:0&gt;, path=org.solent.com504.project.model.lot.dto.Lot)
          - CollectionAttributeFetchImpl(collection=org.solent.com504.project.model.lot.dto.Lot.bids, querySpaceUid=&lt;gen:1&gt;, path=org.solent.com504.project.model.lot.dto.Lot.bids)
             - (collection element) CollectionFetchableElementEntityGraph(entity=org.solent.com504.project.model.bid.dto.Bid, querySpaceUid=&lt;gen:2&gt;, path=org.solent.com504.project.model.lot.dto.Lot.bids.&lt;elements&gt;)
    - QuerySpaces
       - EntityQuerySpaceImpl(uid=&lt;gen:0&gt;, entity=org.solent.com504.project.model.lot.dto.Lot)
          - SQL table alias mapping - lot0_
          - alias suffix - 0_
          - suffixed key columns - {id1_3_0_}

12:23:08.030 [main] [o.h.l.e.p.EntityLoader] DEBUG org.hibernate.loader.entity.plan.EntityLoader - Static select for entity org.solent.com504.project.model.lot.dto.Lot [READ]: select lot0_.id as id1_3_0_, lot0_.duration as duration2_3_0_, lot0_.grade as grade3_3_0_, lot0_.highestBidPrice as highestB4_3_0_, lot0_.life_days as life_day5_3_0_, lot0_.pickdate as pickdate6_3_0_, lot0_.quantity as quantity7_3_0_, lot0_.reservedPrice as reserved8_3_0_ from Lot lot0_ where lot0_.id=?
12:23:08.030 [main] [o.h.l.p.b.i.s.QuerySpacesImpl] DEBUG org.hibernate.loader.plan.build.internal.spaces.QuerySpacesImpl - Adding QuerySpace : uid = &lt;gen:0&gt; -&gt; org.hibernate.loader.plan.build.internal.spaces.EntityQuerySpaceImpl@177c41d7]
12:23:08.030 [main] [o.h.p.w.s.MetamodelGraphWalker] DEBUG org.hibernate.persister.walking.spi.MetamodelGraphWalker - Visiting attribute path : bids
12:23:08.030 [main] [o.h.l.p.b.i.s.QuerySpacesImpl] DEBUG org.hibernate.loader.plan.build.internal.spaces.QuerySpacesImpl - Adding QuerySpace : uid = &lt;gen:1&gt; -&gt; org.hibernate.loader.plan.build.internal.spaces.CollectionQuerySpaceImpl@1d61a348]
12:23:08.030 [main] [o.h.l.p.b.i.s.QuerySpacesImpl] DEBUG org.hibernate.loader.plan.build.internal.spaces.QuerySpacesImpl - Adding QuerySpace : uid = &lt;gen:2&gt; -&gt; org.hibernate.loader.plan.build.internal.spaces.EntityQuerySpaceImpl@78a515e4]
12:23:08.030 [main] [o.h.p.w.s.MetamodelGraphWalker] DEBUG org.hibernate.persister.walking.spi.MetamodelGraphWalker - Visiting attribute path : duration
12:23:08.030 [main] [o.h.p.w.s.MetamodelGraphWalker] DEBUG org.hibernate.persister.walking.spi.MetamodelGraphWalker - Visiting attribute path : grade
12:23:08.030 [main] [o.h.p.w.s.MetamodelGraphWalker] DEBUG org.hibernate.persister.walking.spi.MetamodelGraphWalker - Visiting attribute path : highestBidPrice
12:23:08.030 [main] [o.h.p.w.s.MetamodelGraphWalker] DEBUG org.hibernate.persister.walking.spi.MetamodelGraphWalker - Visiting attribute path : life_days
12:23:08.030 [main] [o.h.p.w.s.MetamodelGraphWalker] DEBUG org.hibernate.persister.walking.spi.MetamodelGraphWalker - Visiting attribute path : pickdate
12:23:08.030 [main] [o.h.p.w.s.MetamodelGraphWalker] DEBUG org.hibernate.persister.walking.spi.MetamodelGraphWalker - Visiting attribute path : quantity
12:23:08.030 [main] [o.h.p.w.s.MetamodelGraphWalker] DEBUG org.hibernate.persister.walking.spi.MetamodelGraphWalker - Visiting attribute path : reservedPrice
12:23:08.030 [main] [o.h.l.p.b.i.FetchStyleLoadPlanBuildingAssociationVisitationStrategy] DEBUG org.hibernate.loader.plan.build.internal.FetchStyleLoadPlanBuildingAssociationVisitationStrategy - Building LoadPlan...
12:23:08.030 [main] [o.h.l.p.e.i.LoadQueryJoinAndFetchProcessor] DEBUG org.hibernate.loader.plan.exec.internal.LoadQueryJoinAndFetchProcessor - processing queryspace &lt;gen:0&gt;
12:23:08.030 [main] [o.h.l.p.b.s.LoadPlanTreePrinter] DEBUG org.hibernate.loader.plan.build.spi.LoadPlanTreePrinter - LoadPlan(entity=org.solent.com504.project.model.lot.dto.Lot)
    - Returns
       - EntityReturnImpl(entity=org.solent.com504.project.model.lot.dto.Lot, querySpaceUid=&lt;gen:0&gt;, path=org.solent.com504.project.model.lot.dto.Lot)
          - CollectionAttributeFetchImpl(collection=org.solent.com504.project.model.lot.dto.Lot.bids, querySpaceUid=&lt;gen:1&gt;, path=org.solent.com504.project.model.lot.dto.Lot.bids)
             - (collection element) CollectionFetchableElementEntityGraph(entity=org.solent.com504.project.model.bid.dto.Bid, querySpaceUid=&lt;gen:2&gt;, path=org.solent.com504.project.model.lot.dto.Lot.bids.&lt;elements&gt;)
    - QuerySpaces
       - EntityQuerySpaceImpl(uid=&lt;gen:0&gt;, entity=org.solent.com504.project.model.lot.dto.Lot)
          - SQL table alias mapping - lot0_
          - alias suffix - 0_
          - suffixed key columns - {id1_3_0_}

12:23:08.030 [main] [o.h.l.e.p.EntityLoader] DEBUG org.hibernate.loader.entity.plan.EntityLoader - Static select for entity org.solent.com504.project.model.lot.dto.Lot [UPGRADE]: select lot0_.id as id1_3_0_, lot0_.duration as duration2_3_0_, lot0_.grade as grade3_3_0_, lot0_.highestBidPrice as highestB4_3_0_, lot0_.life_days as life_day5_3_0_, lot0_.pickdate as pickdate6_3_0_, lot0_.quantity as quantity7_3_0_, lot0_.reservedPrice as reserved8_3_0_ from Lot lot0_ where lot0_.id=? for update
12:23:08.030 [main] [o.h.l.p.b.i.s.QuerySpacesImpl] DEBUG org.hibernate.loader.plan.build.internal.spaces.QuerySpacesImpl - Adding QuerySpace : uid = &lt;gen:0&gt; -&gt; org.hibernate.loader.plan.build.internal.spaces.EntityQuerySpaceImpl@d2291de]
12:23:08.030 [main] [o.h.p.w.s.MetamodelGraphWalker] DEBUG org.hibernate.persister.walking.spi.MetamodelGraphWalker - Visiting attribute path : bids
12:23:08.030 [main] [o.h.l.p.b.i.s.QuerySpacesImpl] DEBUG org.hibernate.loader.plan.build.internal.spaces.QuerySpacesImpl - Adding QuerySpace : uid = &lt;gen:1&gt; -&gt; org.hibernate.loader.plan.build.internal.spaces.CollectionQuerySpaceImpl@41a374be]
12:23:08.030 [main] [o.h.l.p.b.i.s.QuerySpacesImpl] DEBUG org.hibernate.loader.plan.build.internal.spaces.QuerySpacesImpl - Adding QuerySpace : uid = &lt;gen:2&gt; -&gt; org.hibernate.loader.plan.build.internal.spaces.EntityQuerySpaceImpl@11f9535b]
12:23:08.030 [main] [o.h.p.w.s.MetamodelGraphWalker] DEBUG org.hibernate.persister.walking.spi.MetamodelGraphWalker - Visiting attribute path : duration
12:23:08.030 [main] [o.h.p.w.s.MetamodelGraphWalker] DEBUG org.hibernate.persister.walking.spi.MetamodelGraphWalker - Visiting attribute path : grade
12:23:08.030 [main] [o.h.p.w.s.MetamodelGraphWalker] DEBUG org.hibernate.persister.walking.spi.MetamodelGraphWalker - Visiting attribute path : highestBidPrice
12:23:08.030 [main] [o.h.p.w.s.MetamodelGraphWalker] DEBUG org.hibernate.persister.walking.spi.MetamodelGraphWalker - Visiting attribute path : life_days
12:23:08.030 [main] [o.h.p.w.s.MetamodelGraphWalker] DEBUG org.hibernate.persister.walking.spi.MetamodelGraphWalker - Visiting attribute path : pickdate
12:23:08.030 [main] [o.h.p.w.s.MetamodelGraphWalker] DEBUG org.hibernate.persister.walking.spi.MetamodelGraphWalker - Visiting attribute path : quantity
12:23:08.030 [main] [o.h.p.w.s.MetamodelGraphWalker] DEBUG org.hibernate.persister.walking.spi.MetamodelGraphWalker - Visiting attribute path : reservedPrice
12:23:08.030 [main] [o.h.l.p.b.i.FetchStyleLoadPlanBuildingAssociationVisitationStrategy] DEBUG org.hibernate.loader.plan.build.internal.FetchStyleLoadPlanBuildingAssociationVisitationStrategy - Building LoadPlan...
12:23:08.030 [main] [o.h.l.p.e.i.LoadQueryJoinAndFetchProcessor] DEBUG org.hibernate.loader.plan.exec.internal.LoadQueryJoinAndFetchProcessor - processing queryspace &lt;gen:0&gt;
12:23:08.030 [main] [o.h.l.p.b.s.LoadPlanTreePrinter] DEBUG org.hibernate.loader.plan.build.spi.LoadPlanTreePrinter - LoadPlan(entity=org.solent.com504.project.model.lot.dto.Lot)
    - Returns
       - EntityReturnImpl(entity=org.solent.com504.project.model.lot.dto.Lot, querySpaceUid=&lt;gen:0&gt;, path=org.solent.com504.project.model.lot.dto.Lot)
          - CollectionAttributeFetchImpl(collection=org.solent.com504.project.model.lot.dto.Lot.bids, querySpaceUid=&lt;gen:1&gt;, path=org.solent.com504.project.model.lot.dto.Lot.bids)
             - (collection element) CollectionFetchableElementEntityGraph(entity=org.solent.com504.project.model.bid.dto.Bid, querySpaceUid=&lt;gen:2&gt;, path=org.solent.com504.project.model.lot.dto.Lot.bids.&lt;elements&gt;)
    - QuerySpaces
       - EntityQuerySpaceImpl(uid=&lt;gen:0&gt;, entity=org.solent.com504.project.model.lot.dto.Lot)
          - SQL table alias mapping - lot0_
          - alias suffix - 0_
          - suffixed key columns - {id1_3_0_}

12:23:08.030 [main] [o.h.l.e.p.EntityLoader] DEBUG org.hibernate.loader.entity.plan.EntityLoader - Static select for entity org.solent.com504.project.model.lot.dto.Lot [UPGRADE_NOWAIT]: select lot0_.id as id1_3_0_, lot0_.duration as duration2_3_0_, lot0_.grade as grade3_3_0_, lot0_.highestBidPrice as highestB4_3_0_, lot0_.life_days as life_day5_3_0_, lot0_.pickdate as pickdate6_3_0_, lot0_.quantity as quantity7_3_0_, lot0_.reservedPrice as reserved8_3_0_ from Lot lot0_ where lot0_.id=? for update
12:23:08.030 [main] [o.h.l.p.b.i.s.QuerySpacesImpl] DEBUG org.hibernate.loader.plan.build.internal.spaces.QuerySpacesImpl - Adding QuerySpace : uid = &lt;gen:0&gt; -&gt; org.hibernate.loader.plan.build.internal.spaces.EntityQuerySpaceImpl@8cc8cdb]
12:23:08.030 [main] [o.h.p.w.s.MetamodelGraphWalker] DEBUG org.hibernate.persister.walking.spi.MetamodelGraphWalker - Visiting attribute path : bids
12:23:08.030 [main] [o.h.l.p.b.i.s.QuerySpacesImpl] DEBUG org.hibernate.loader.plan.build.internal.spaces.QuerySpacesImpl - Adding QuerySpace : uid = &lt;gen:1&gt; -&gt; org.hibernate.loader.plan.build.internal.spaces.CollectionQuerySpaceImpl@44fff386]
12:23:08.030 [main] [o.h.l.p.b.i.s.QuerySpacesImpl] DEBUG org.hibernate.loader.plan.build.internal.spaces.QuerySpacesImpl - Adding QuerySpace : uid = &lt;gen:2&gt; -&gt; org.hibernate.loader.plan.build.internal.spaces.EntityQuerySpaceImpl@1fc713c9]
12:23:08.030 [main] [o.h.p.w.s.MetamodelGraphWalker] DEBUG org.hibernate.persister.walking.spi.MetamodelGraphWalker - Visiting attribute path : duration
12:23:08.030 [main] [o.h.p.w.s.MetamodelGraphWalker] DEBUG org.hibernate.persister.walking.spi.MetamodelGraphWalker - Visiting attribute path : grade
12:23:08.030 [main] [o.h.p.w.s.MetamodelGraphWalker] DEBUG org.hibernate.persister.walking.spi.MetamodelGraphWalker - Visiting attribute path : highestBidPrice
12:23:08.030 [main] [o.h.p.w.s.MetamodelGraphWalker] DEBUG org.hibernate.persister.walking.spi.MetamodelGraphWalker - Visiting attribute path : life_days
12:23:08.030 [main] [o.h.p.w.s.MetamodelGraphWalker] DEBUG org.hibernate.persister.walking.spi.MetamodelGraphWalker - Visiting attribute path : pickdate
12:23:08.030 [main] [o.h.p.w.s.MetamodelGraphWalker] DEBUG org.hibernate.persister.walking.spi.MetamodelGraphWalker - Visiting attribute path : quantity
12:23:08.030 [main] [o.h.p.w.s.MetamodelGraphWalker] DEBUG org.hibernate.persister.walking.spi.MetamodelGraphWalker - Visiting attribute path : reservedPrice
12:23:08.030 [main] [o.h.l.p.b.i.FetchStyleLoadPlanBuildingAssociationVisitationStrategy] DEBUG org.hibernate.loader.plan.build.internal.FetchStyleLoadPlanBuildingAssociationVisitationStrategy - Building LoadPlan...
12:23:08.030 [main] [o.h.l.p.e.i.LoadQueryJoinAndFetchProcessor] DEBUG org.hibernate.loader.plan.exec.internal.LoadQueryJoinAndFetchProcessor - processing queryspace &lt;gen:0&gt;
12:23:08.030 [main] [o.h.l.p.b.s.LoadPlanTreePrinter] DEBUG org.hibernate.loader.plan.build.spi.LoadPlanTreePrinter - LoadPlan(entity=org.solent.com504.project.model.lot.dto.Lot)
    - Returns
       - EntityReturnImpl(entity=org.solent.com504.project.model.lot.dto.Lot, querySpaceUid=&lt;gen:0&gt;, path=org.solent.com504.project.model.lot.dto.Lot)
          - CollectionAttributeFetchImpl(collection=org.solent.com504.project.model.lot.dto.Lot.bids, querySpaceUid=&lt;gen:1&gt;, path=org.solent.com504.project.model.lot.dto.Lot.bids)
             - (collection element) CollectionFetchableElementEntityGraph(entity=org.solent.com504.project.model.bid.dto.Bid, querySpaceUid=&lt;gen:2&gt;, path=org.solent.com504.project.model.lot.dto.Lot.bids.&lt;elements&gt;)
    - QuerySpaces
       - EntityQuerySpaceImpl(uid=&lt;gen:0&gt;, entity=org.solent.com504.project.model.lot.dto.Lot)
          - SQL table alias mapping - lot0_
          - alias suffix - 0_
          - suffixed key columns - {id1_3_0_}

12:23:08.030 [main] [o.h.l.e.p.EntityLoader] DEBUG org.hibernate.loader.entity.plan.EntityLoader - Static select for entity org.solent.com504.project.model.lot.dto.Lot [UPGRADE_SKIPLOCKED]: select lot0_.id as id1_3_0_, lot0_.duration as duration2_3_0_, lot0_.grade as grade3_3_0_, lot0_.highestBidPrice as highestB4_3_0_, lot0_.life_days as life_day5_3_0_, lot0_.pickdate as pickdate6_3_0_, lot0_.quantity as quantity7_3_0_, lot0_.reservedPrice as reserved8_3_0_ from Lot lot0_ where lot0_.id=? for update
12:23:08.030 [main] [o.h.l.p.b.i.s.QuerySpacesImpl] DEBUG org.hibernate.loader.plan.build.internal.spaces.QuerySpacesImpl - Adding QuerySpace : uid = &lt;gen:0&gt; -&gt; org.hibernate.loader.plan.build.internal.spaces.EntityQuerySpaceImpl@7301eebe]
12:23:08.045 [main] [o.h.p.w.s.MetamodelGraphWalker] DEBUG org.hibernate.persister.walking.spi.MetamodelGraphWalker - Visiting attribute path : bids
12:23:08.045 [main] [o.h.l.p.b.i.s.QuerySpacesImpl] DEBUG org.hibernate.loader.plan.build.internal.spaces.QuerySpacesImpl - Adding QuerySpace : uid = &lt;gen:1&gt; -&gt; org.hibernate.loader.plan.build.internal.spaces.CollectionQuerySpaceImpl@4d6ccc97]
12:23:08.045 [main] [o.h.l.p.b.i.s.QuerySpacesImpl] DEBUG org.hibernate.loader.plan.build.internal.spaces.QuerySpacesImpl - Adding QuerySpace : uid = &lt;gen:2&gt; -&gt; org.hibernate.loader.plan.build.internal.spaces.EntityQuerySpaceImpl@6a12c7a8]
12:23:08.045 [main] [o.h.p.w.s.MetamodelGraphWalker] DEBUG org.hibernate.persister.walking.spi.MetamodelGraphWalker - Visiting attribute path : duration
12:23:08.045 [main] [o.h.p.w.s.MetamodelGraphWalker] DEBUG org.hibernate.persister.walking.spi.MetamodelGraphWalker - Visiting attribute path : grade
12:23:08.045 [main] [o.h.p.w.s.MetamodelGraphWalker] DEBUG org.hibernate.persister.walking.spi.MetamodelGraphWalker - Visiting attribute path : highestBidPrice
12:23:08.045 [main] [o.h.p.w.s.MetamodelGraphWalker] DEBUG org.hibernate.persister.walking.spi.MetamodelGraphWalker - Visiting attribute path : life_days
12:23:08.045 [main] [o.h.p.w.s.MetamodelGraphWalker] DEBUG org.hibernate.persister.walking.spi.MetamodelGraphWalker - Visiting attribute path : pickdate
12:23:08.045 [main] [o.h.p.w.s.MetamodelGraphWalker] DEBUG org.hibernate.persister.walking.spi.MetamodelGraphWalker - Visiting attribute path : quantity
12:23:08.045 [main] [o.h.p.w.s.MetamodelGraphWalker] DEBUG org.hibernate.persister.walking.spi.MetamodelGraphWalker - Visiting attribute path : reservedPrice
12:23:08.045 [main] [o.h.l.p.b.i.FetchStyleLoadPlanBuildingAssociationVisitationStrategy] DEBUG org.hibernate.loader.plan.build.internal.FetchStyleLoadPlanBuildingAssociationVisitationStrategy - Building LoadPlan...
12:23:08.045 [main] [o.h.l.p.e.i.LoadQueryJoinAndFetchProcessor] DEBUG org.hibernate.loader.plan.exec.internal.LoadQueryJoinAndFetchProcessor - processing queryspace &lt;gen:0&gt;
12:23:08.045 [main] [o.h.l.p.b.s.LoadPlanTreePrinter] DEBUG org.hibernate.loader.plan.build.spi.LoadPlanTreePrinter - LoadPlan(entity=org.solent.com504.project.model.lot.dto.Lot)
    - Returns
       - EntityReturnImpl(entity=org.solent.com504.project.model.lot.dto.Lot, querySpaceUid=&lt;gen:0&gt;, path=org.solent.com504.project.model.lot.dto.Lot)
          - CollectionAttributeFetchImpl(collection=org.solent.com504.project.model.lot.dto.Lot.bids, querySpaceUid=&lt;gen:1&gt;, path=org.solent.com504.project.model.lot.dto.Lot.bids)
             - (collection element) CollectionFetchableElementEntityGraph(entity=org.solent.com504.project.model.bid.dto.Bid, querySpaceUid=&lt;gen:2&gt;, path=org.solent.com504.project.model.lot.dto.Lot.bids.&lt;elements&gt;)
    - QuerySpaces
       - EntityQuerySpaceImpl(uid=&lt;gen:0&gt;, entity=org.solent.com504.project.model.lot.dto.Lot)
          - SQL table alias mapping - lot0_
          - alias suffix - 0_
          - suffixed key columns - {id1_3_0_}

12:23:08.045 [main] [o.h.l.e.p.EntityLoader] DEBUG org.hibernate.loader.entity.plan.EntityLoader - Static select for entity org.solent.com504.project.model.lot.dto.Lot [FORCE]: select lot0_.id as id1_3_0_, lot0_.duration as duration2_3_0_, lot0_.grade as grade3_3_0_, lot0_.highestBidPrice as highestB4_3_0_, lot0_.life_days as life_day5_3_0_, lot0_.pickdate as pickdate6_3_0_, lot0_.quantity as quantity7_3_0_, lot0_.reservedPrice as reserved8_3_0_ from Lot lot0_ where lot0_.id=? for update
12:23:08.045 [main] [o.h.l.p.b.i.s.QuerySpacesImpl] DEBUG org.hibernate.loader.plan.build.internal.spaces.QuerySpacesImpl - Adding QuerySpace : uid = &lt;gen:0&gt; -&gt; org.hibernate.loader.plan.build.internal.spaces.EntityQuerySpaceImpl@161aa04a]
12:23:08.045 [main] [o.h.p.w.s.MetamodelGraphWalker] DEBUG org.hibernate.persister.walking.spi.MetamodelGraphWalker - Visiting attribute path : bids
12:23:08.045 [main] [o.h.l.p.b.i.s.QuerySpacesImpl] DEBUG org.hibernate.loader.plan.build.internal.spaces.QuerySpacesImpl - Adding QuerySpace : uid = &lt;gen:1&gt; -&gt; org.hibernate.loader.plan.build.internal.spaces.CollectionQuerySpaceImpl@6848a051]
12:23:08.045 [main] [o.h.l.p.b.i.s.QuerySpacesImpl] DEBUG org.hibernate.loader.plan.build.internal.spaces.QuerySpacesImpl - Adding QuerySpace : uid = &lt;gen:2&gt; -&gt; org.hibernate.loader.plan.build.internal.spaces.EntityQuerySpaceImpl@149b0577]
12:23:08.045 [main] [o.h.p.w.s.MetamodelGraphWalker] DEBUG org.hibernate.persister.walking.spi.MetamodelGraphWalker - Visiting attribute path : duration
12:23:08.045 [main] [o.h.p.w.s.MetamodelGraphWalker] DEBUG org.hibernate.persister.walking.spi.MetamodelGraphWalker - Visiting attribute path : grade
12:23:08.045 [main] [o.h.p.w.s.MetamodelGraphWalker] DEBUG org.hibernate.persister.walking.spi.MetamodelGraphWalker - Visiting attribute path : highestBidPrice
12:23:08.045 [main] [o.h.p.w.s.MetamodelGraphWalker] DEBUG org.hibernate.persister.walking.spi.MetamodelGraphWalker - Visiting attribute path : life_days
12:23:08.045 [main] [o.h.p.w.s.MetamodelGraphWalker] DEBUG org.hibernate.persister.walking.spi.MetamodelGraphWalker - Visiting attribute path : pickdate
12:23:08.045 [main] [o.h.p.w.s.MetamodelGraphWalker] DEBUG org.hibernate.persister.walking.spi.MetamodelGraphWalker - Visiting attribute path : quantity
12:23:08.045 [main] [o.h.p.w.s.MetamodelGraphWalker] DEBUG org.hibernate.persister.walking.spi.MetamodelGraphWalker - Visiting attribute path : reservedPrice
12:23:08.045 [main] [o.h.l.p.b.i.FetchStyleLoadPlanBuildingAssociationVisitationStrategy] DEBUG org.hibernate.loader.plan.build.internal.FetchStyleLoadPlanBuildingAssociationVisitationStrategy - Building LoadPlan...
12:23:08.045 [main] [o.h.l.p.e.i.LoadQueryJoinAndFetchProcessor] DEBUG org.hibernate.loader.plan.exec.internal.LoadQueryJoinAndFetchProcessor - processing queryspace &lt;gen:0&gt;
12:23:08.045 [main] [o.h.l.p.b.s.LoadPlanTreePrinter] DEBUG org.hibernate.loader.plan.build.spi.LoadPlanTreePrinter - LoadPlan(entity=org.solent.com504.project.model.lot.dto.Lot)
    - Returns
       - EntityReturnImpl(entity=org.solent.com504.project.model.lot.dto.Lot, querySpaceUid=&lt;gen:0&gt;, path=org.solent.com504.project.model.lot.dto.Lot)
          - CollectionAttributeFetchImpl(collection=org.solent.com504.project.model.lot.dto.Lot.bids, querySpaceUid=&lt;gen:1&gt;, path=org.solent.com504.project.model.lot.dto.Lot.bids)
             - (collection element) CollectionFetchableElementEntityGraph(entity=org.solent.com504.project.model.bid.dto.Bid, querySpaceUid=&lt;gen:2&gt;, path=org.solent.com504.project.model.lot.dto.Lot.bids.&lt;elements&gt;)
    - QuerySpaces
       - EntityQuerySpaceImpl(uid=&lt;gen:0&gt;, entity=org.solent.com504.project.model.lot.dto.Lot)
          - SQL table alias mapping - lot0_
          - alias suffix - 0_
          - suffixed key columns - {id1_3_0_}

12:23:08.045 [main] [o.h.l.e.p.EntityLoader] DEBUG org.hibernate.loader.entity.plan.EntityLoader - Static select for entity org.solent.com504.project.model.lot.dto.Lot [PESSIMISTIC_READ]: select lot0_.id as id1_3_0_, lot0_.duration as duration2_3_0_, lot0_.grade as grade3_3_0_, lot0_.highestBidPrice as highestB4_3_0_, lot0_.life_days as life_day5_3_0_, lot0_.pickdate as pickdate6_3_0_, lot0_.quantity as quantity7_3_0_, lot0_.reservedPrice as reserved8_3_0_ from Lot lot0_ where lot0_.id=? for update
12:23:08.045 [main] [o.h.l.p.b.i.s.QuerySpacesImpl] DEBUG org.hibernate.loader.plan.build.internal.spaces.QuerySpacesImpl - Adding QuerySpace : uid = &lt;gen:0&gt; -&gt; org.hibernate.loader.plan.build.internal.spaces.EntityQuerySpaceImpl@5740ff5e]
12:23:08.045 [main] [o.h.p.w.s.MetamodelGraphWalker] DEBUG org.hibernate.persister.walking.spi.MetamodelGraphWalker - Visiting attribute path : bids
12:23:08.045 [main] [o.h.l.p.b.i.s.QuerySpacesImpl] DEBUG org.hibernate.loader.plan.build.internal.spaces.QuerySpacesImpl - Adding QuerySpace : uid = &lt;gen:1&gt; -&gt; org.hibernate.loader.plan.build.internal.spaces.CollectionQuerySpaceImpl@67f77f6e]
12:23:08.045 [main] [o.h.l.p.b.i.s.QuerySpacesImpl] DEBUG org.hibernate.loader.plan.build.internal.spaces.QuerySpacesImpl - Adding QuerySpace : uid = &lt;gen:2&gt; -&gt; org.hibernate.loader.plan.build.internal.spaces.EntityQuerySpaceImpl@2b0b7e5a]
12:23:08.045 [main] [o.h.p.w.s.MetamodelGraphWalker] DEBUG org.hibernate.persister.walking.spi.MetamodelGraphWalker - Visiting attribute path : duration
12:23:08.045 [main] [o.h.p.w.s.MetamodelGraphWalker] DEBUG org.hibernate.persister.walking.spi.MetamodelGraphWalker - Visiting attribute path : grade
12:23:08.045 [main] [o.h.p.w.s.MetamodelGraphWalker] DEBUG org.hibernate.persister.walking.spi.MetamodelGraphWalker - Visiting attribute path : highestBidPrice
12:23:08.045 [main] [o.h.p.w.s.MetamodelGraphWalker] DEBUG org.hibernate.persister.walking.spi.MetamodelGraphWalker - Visiting attribute path : life_days
12:23:08.045 [main] [o.h.p.w.s.MetamodelGraphWalker] DEBUG org.hibernate.persister.walking.spi.MetamodelGraphWalker - Visiting attribute path : pickdate
12:23:08.045 [main] [o.h.p.w.s.MetamodelGraphWalker] DEBUG org.hibernate.persister.walking.spi.MetamodelGraphWalker - Visiting attribute path : quantity
12:23:08.045 [main] [o.h.p.w.s.MetamodelGraphWalker] DEBUG org.hibernate.persister.walking.spi.MetamodelGraphWalker - Visiting attribute path : reservedPrice
12:23:08.045 [main] [o.h.l.p.b.i.FetchStyleLoadPlanBuildingAssociationVisitationStrategy] DEBUG org.hibernate.loader.plan.build.internal.FetchStyleLoadPlanBuildingAssociationVisitationStrategy - Building LoadPlan...
12:23:08.045 [main] [o.h.l.p.e.i.LoadQueryJoinAndFetchProcessor] DEBUG org.hibernate.loader.plan.exec.internal.LoadQueryJoinAndFetchProcessor - processing queryspace &lt;gen:0&gt;
12:23:08.045 [main] [o.h.l.p.b.s.LoadPlanTreePrinter] DEBUG org.hibernate.loader.plan.build.spi.LoadPlanTreePrinter - LoadPlan(entity=org.solent.com504.project.model.lot.dto.Lot)
    - Returns
       - EntityReturnImpl(entity=org.solent.com504.project.model.lot.dto.Lot, querySpaceUid=&lt;gen:0&gt;, path=org.solent.com504.project.model.lot.dto.Lot)
          - CollectionAttributeFetchImpl(collection=org.solent.com504.project.model.lot.dto.Lot.bids, querySpaceUid=&lt;gen:1&gt;, path=org.solent.com504.project.model.lot.dto.Lot.bids)
             - (collection element) CollectionFetchableElementEntityGraph(entity=org.solent.com504.project.model.bid.dto.Bid, querySpaceUid=&lt;gen:2&gt;, path=org.solent.com504.project.model.lot.dto.Lot.bids.&lt;elements&gt;)
    - QuerySpaces
       - EntityQuerySpaceImpl(uid=&lt;gen:0&gt;, entity=org.solent.com504.project.model.lot.dto.Lot)
          - SQL table alias mapping - lot0_
          - alias suffix - 0_
          - suffixed key columns - {id1_3_0_}

12:23:08.045 [main] [o.h.l.e.p.EntityLoader] DEBUG org.hibernate.loader.entity.plan.EntityLoader - Static select for entity org.solent.com504.project.model.lot.dto.Lot [PESSIMISTIC_WRITE]: select lot0_.id as id1_3_0_, lot0_.duration as duration2_3_0_, lot0_.grade as grade3_3_0_, lot0_.highestBidPrice as highestB4_3_0_, lot0_.life_days as life_day5_3_0_, lot0_.pickdate as pickdate6_3_0_, lot0_.quantity as quantity7_3_0_, lot0_.reservedPrice as reserved8_3_0_ from Lot lot0_ where lot0_.id=? for update
12:23:08.045 [main] [o.h.l.p.b.i.s.QuerySpacesImpl] DEBUG org.hibernate.loader.plan.build.internal.spaces.QuerySpacesImpl - Adding QuerySpace : uid = &lt;gen:0&gt; -&gt; org.hibernate.loader.plan.build.internal.spaces.EntityQuerySpaceImpl@7be1ce6a]
12:23:08.045 [main] [o.h.p.w.s.MetamodelGraphWalker] DEBUG org.hibernate.persister.walking.spi.MetamodelGraphWalker - Visiting attribute path : bids
12:23:08.045 [main] [o.h.l.p.b.i.s.QuerySpacesImpl] DEBUG org.hibernate.loader.plan.build.internal.spaces.QuerySpacesImpl - Adding QuerySpace : uid = &lt;gen:1&gt; -&gt; org.hibernate.loader.plan.build.internal.spaces.CollectionQuerySpaceImpl@6dc9da2d]
12:23:08.045 [main] [o.h.l.p.b.i.s.QuerySpacesImpl] DEBUG org.hibernate.loader.plan.build.internal.spaces.QuerySpacesImpl - Adding QuerySpace : uid = &lt;gen:2&gt; -&gt; org.hibernate.loader.plan.build.internal.spaces.EntityQuerySpaceImpl@1d408060]
12:23:08.045 [main] [o.h.p.w.s.MetamodelGraphWalker] DEBUG org.hibernate.persister.walking.spi.MetamodelGraphWalker - Visiting attribute path : duration
12:23:08.045 [main] [o.h.p.w.s.MetamodelGraphWalker] DEBUG org.hibernate.persister.walking.spi.MetamodelGraphWalker - Visiting attribute path : grade
12:23:08.045 [main] [o.h.p.w.s.MetamodelGraphWalker] DEBUG org.hibernate.persister.walking.spi.MetamodelGraphWalker - Visiting attribute path : highestBidPrice
12:23:08.045 [main] [o.h.p.w.s.MetamodelGraphWalker] DEBUG org.hibernate.persister.walking.spi.MetamodelGraphWalker - Visiting attribute path : life_days
12:23:08.045 [main] [o.h.p.w.s.MetamodelGraphWalker] DEBUG org.hibernate.persister.walking.spi.MetamodelGraphWalker - Visiting attribute path : pickdate
12:23:08.045 [main] [o.h.p.w.s.MetamodelGraphWalker] DEBUG org.hibernate.persister.walking.spi.MetamodelGraphWalker - Visiting attribute path : quantity
12:23:08.045 [main] [o.h.p.w.s.MetamodelGraphWalker] DEBUG org.hibernate.persister.walking.spi.MetamodelGraphWalker - Visiting attribute path : reservedPrice
12:23:08.045 [main] [o.h.l.p.b.i.FetchStyleLoadPlanBuildingAssociationVisitationStrategy] DEBUG org.hibernate.loader.plan.build.internal.FetchStyleLoadPlanBuildingAssociationVisitationStrategy - Building LoadPlan...
12:23:08.045 [main] [o.h.l.p.e.i.LoadQueryJoinAndFetchProcessor] DEBUG org.hibernate.loader.plan.exec.internal.LoadQueryJoinAndFetchProcessor - processing queryspace &lt;gen:0&gt;
12:23:08.045 [main] [o.h.l.p.b.s.LoadPlanTreePrinter] DEBUG org.hibernate.loader.plan.build.spi.LoadPlanTreePrinter - LoadPlan(entity=org.solent.com504.project.model.lot.dto.Lot)
    - Returns
       - EntityReturnImpl(entity=org.solent.com504.project.model.lot.dto.Lot, querySpaceUid=&lt;gen:0&gt;, path=org.solent.com504.project.model.lot.dto.Lot)
          - CollectionAttributeFetchImpl(collection=org.solent.com504.project.model.lot.dto.Lot.bids, querySpaceUid=&lt;gen:1&gt;, path=org.solent.com504.project.model.lot.dto.Lot.bids)
             - (collection element) CollectionFetchableElementEntityGraph(entity=org.solent.com504.project.model.bid.dto.Bid, querySpaceUid=&lt;gen:2&gt;, path=org.solent.com504.project.model.lot.dto.Lot.bids.&lt;elements&gt;)
    - QuerySpaces
       - EntityQuerySpaceImpl(uid=&lt;gen:0&gt;, entity=org.solent.com504.project.model.lot.dto.Lot)
          - SQL table alias mapping - lot0_
          - alias suffix - 0_
          - suffixed key columns - {id1_3_0_}

12:23:08.045 [main] [o.h.l.e.p.EntityLoader] DEBUG org.hibernate.loader.entity.plan.EntityLoader - Static select for entity org.solent.com504.project.model.lot.dto.Lot [PESSIMISTIC_FORCE_INCREMENT]: select lot0_.id as id1_3_0_, lot0_.duration as duration2_3_0_, lot0_.grade as grade3_3_0_, lot0_.highestBidPrice as highestB4_3_0_, lot0_.life_days as life_day5_3_0_, lot0_.pickdate as pickdate6_3_0_, lot0_.quantity as quantity7_3_0_, lot0_.reservedPrice as reserved8_3_0_ from Lot lot0_ where lot0_.id=? for update
12:23:08.045 [main] [o.h.l.p.b.i.s.QuerySpacesImpl] DEBUG org.hibernate.loader.plan.build.internal.spaces.QuerySpacesImpl - Adding QuerySpace : uid = &lt;gen:0&gt; -&gt; org.hibernate.loader.plan.build.internal.spaces.EntityQuerySpaceImpl@68a78f3c]
12:23:08.045 [main] [o.h.p.w.s.MetamodelGraphWalker] DEBUG org.hibernate.persister.walking.spi.MetamodelGraphWalker - Visiting attribute path : bids
12:23:08.045 [main] [o.h.l.p.b.i.s.QuerySpacesImpl] DEBUG org.hibernate.loader.plan.build.internal.spaces.QuerySpacesImpl - Adding QuerySpace : uid = &lt;gen:1&gt; -&gt; org.hibernate.loader.plan.build.internal.spaces.CollectionQuerySpaceImpl@3481ff98]
12:23:08.045 [main] [o.h.l.p.b.i.s.QuerySpacesImpl] DEBUG org.hibernate.loader.plan.build.internal.spaces.QuerySpacesImpl - Adding QuerySpace : uid = &lt;gen:2&gt; -&gt; org.hibernate.loader.plan.build.internal.spaces.EntityQuerySpaceImpl@2ddb3ae8]
12:23:08.045 [main] [o.h.p.w.s.MetamodelGraphWalker] DEBUG org.hibernate.persister.walking.spi.MetamodelGraphWalker - Visiting attribute path : duration
12:23:08.045 [main] [o.h.p.w.s.MetamodelGraphWalker] DEBUG org.hibernate.persister.walking.spi.MetamodelGraphWalker - Visiting attribute path : grade
12:23:08.045 [main] [o.h.p.w.s.MetamodelGraphWalker] DEBUG org.hibernate.persister.walking.spi.MetamodelGraphWalker - Visiting attribute path : highestBidPrice
12:23:08.045 [main] [o.h.p.w.s.MetamodelGraphWalker] DEBUG org.hibernate.persister.walking.spi.MetamodelGraphWalker - Visiting attribute path : life_days
12:23:08.045 [main] [o.h.p.w.s.MetamodelGraphWalker] DEBUG org.hibernate.persister.walking.spi.MetamodelGraphWalker - Visiting attribute path : pickdate
12:23:08.045 [main] [o.h.p.w.s.MetamodelGraphWalker] DEBUG org.hibernate.persister.walking.spi.MetamodelGraphWalker - Visiting attribute path : quantity
12:23:08.045 [main] [o.h.p.w.s.MetamodelGraphWalker] DEBUG org.hibernate.persister.walking.spi.MetamodelGraphWalker - Visiting attribute path : reservedPrice
12:23:08.045 [main] [o.h.l.p.b.i.FetchStyleLoadPlanBuildingAssociationVisitationStrategy] DEBUG org.hibernate.loader.plan.build.internal.FetchStyleLoadPlanBuildingAssociationVisitationStrategy - Building LoadPlan...
12:23:08.045 [main] [o.h.l.p.e.i.LoadQueryJoinAndFetchProcessor] DEBUG org.hibernate.loader.plan.exec.internal.LoadQueryJoinAndFetchProcessor - processing queryspace &lt;gen:0&gt;
12:23:08.045 [main] [o.h.l.p.b.s.LoadPlanTreePrinter] DEBUG org.hibernate.loader.plan.build.spi.LoadPlanTreePrinter - LoadPlan(entity=org.solent.com504.project.model.lot.dto.Lot)
    - Returns
       - EntityReturnImpl(entity=org.solent.com504.project.model.lot.dto.Lot, querySpaceUid=&lt;gen:0&gt;, path=org.solent.com504.project.model.lot.dto.Lot)
          - CollectionAttributeFetchImpl(collection=org.solent.com504.project.model.lot.dto.Lot.bids, querySpaceUid=&lt;gen:1&gt;, path=org.solent.com504.project.model.lot.dto.Lot.bids)
             - (collection element) CollectionFetchableElementEntityGraph(entity=org.solent.com504.project.model.bid.dto.Bid, querySpaceUid=&lt;gen:2&gt;, path=org.solent.com504.project.model.lot.dto.Lot.bids.&lt;elements&gt;)
    - QuerySpaces
       - EntityQuerySpaceImpl(uid=&lt;gen:0&gt;, entity=org.solent.com504.project.model.lot.dto.Lot)
          - SQL table alias mapping - lot0_
          - alias suffix - 0_
          - suffixed key columns - {id1_3_0_}

12:23:08.045 [main] [o.h.l.e.p.EntityLoader] DEBUG org.hibernate.loader.entity.plan.EntityLoader - Static select for entity org.solent.com504.project.model.lot.dto.Lot [OPTIMISTIC]: select lot0_.id as id1_3_0_, lot0_.duration as duration2_3_0_, lot0_.grade as grade3_3_0_, lot0_.highestBidPrice as highestB4_3_0_, lot0_.life_days as life_day5_3_0_, lot0_.pickdate as pickdate6_3_0_, lot0_.quantity as quantity7_3_0_, lot0_.reservedPrice as reserved8_3_0_ from Lot lot0_ where lot0_.id=?
12:23:08.045 [main] [o.h.l.p.b.i.s.QuerySpacesImpl] DEBUG org.hibernate.loader.plan.build.internal.spaces.QuerySpacesImpl - Adding QuerySpace : uid = &lt;gen:0&gt; -&gt; org.hibernate.loader.plan.build.internal.spaces.EntityQuerySpaceImpl@79518e00]
12:23:08.045 [main] [o.h.p.w.s.MetamodelGraphWalker] DEBUG org.hibernate.persister.walking.spi.MetamodelGraphWalker - Visiting attribute path : bids
12:23:08.045 [main] [o.h.l.p.b.i.s.QuerySpacesImpl] DEBUG org.hibernate.loader.plan.build.internal.spaces.QuerySpacesImpl - Adding QuerySpace : uid = &lt;gen:1&gt; -&gt; org.hibernate.loader.plan.build.internal.spaces.CollectionQuerySpaceImpl@7d70638]
12:23:08.045 [main] [o.h.l.p.b.i.s.QuerySpacesImpl] DEBUG org.hibernate.loader.plan.build.internal.spaces.QuerySpacesImpl - Adding QuerySpace : uid = &lt;gen:2&gt; -&gt; org.hibernate.loader.plan.build.internal.spaces.EntityQuerySpaceImpl@732f6050]
12:23:08.045 [main] [o.h.p.w.s.MetamodelGraphWalker] DEBUG org.hibernate.persister.walking.spi.MetamodelGraphWalker - Visiting attribute path : duration
12:23:08.045 [main] [o.h.p.w.s.MetamodelGraphWalker] DEBUG org.hibernate.persister.walking.spi.MetamodelGraphWalker - Visiting attribute path : grade
12:23:08.045 [main] [o.h.p.w.s.MetamodelGraphWalker] DEBUG org.hibernate.persister.walking.spi.MetamodelGraphWalker - Visiting attribute path : highestBidPrice
12:23:08.045 [main] [o.h.p.w.s.MetamodelGraphWalker] DEBUG org.hibernate.persister.walking.spi.MetamodelGraphWalker - Visiting attribute path : life_days
12:23:08.045 [main] [o.h.p.w.s.MetamodelGraphWalker] DEBUG org.hibernate.persister.walking.spi.MetamodelGraphWalker - Visiting attribute path : pickdate
12:23:08.045 [main] [o.h.p.w.s.MetamodelGraphWalker] DEBUG org.hibernate.persister.walking.spi.MetamodelGraphWalker - Visiting attribute path : quantity
12:23:08.045 [main] [o.h.p.w.s.MetamodelGraphWalker] DEBUG org.hibernate.persister.walking.spi.MetamodelGraphWalker - Visiting attribute path : reservedPrice
12:23:08.045 [main] [o.h.l.p.b.i.FetchStyleLoadPlanBuildingAssociationVisitationStrategy] DEBUG org.hibernate.loader.plan.build.internal.FetchStyleLoadPlanBuildingAssociationVisitationStrategy - Building LoadPlan...
12:23:08.045 [main] [o.h.l.p.e.i.LoadQueryJoinAndFetchProcessor] DEBUG org.hibernate.loader.plan.exec.internal.LoadQueryJoinAndFetchProcessor - processing queryspace &lt;gen:0&gt;
12:23:08.045 [main] [o.h.l.p.b.s.LoadPlanTreePrinter] DEBUG org.hibernate.loader.plan.build.spi.LoadPlanTreePrinter - LoadPlan(entity=org.solent.com504.project.model.lot.dto.Lot)
    - Returns
       - EntityReturnImpl(entity=org.solent.com504.project.model.lot.dto.Lot, querySpaceUid=&lt;gen:0&gt;, path=org.solent.com504.project.model.lot.dto.Lot)
          - CollectionAttributeFetchImpl(collection=org.solent.com504.project.model.lot.dto.Lot.bids, querySpaceUid=&lt;gen:1&gt;, path=org.solent.com504.project.model.lot.dto.Lot.bids)
             - (collection element) CollectionFetchableElementEntityGraph(entity=org.solent.com504.project.model.bid.dto.Bid, querySpaceUid=&lt;gen:2&gt;, path=org.solent.com504.project.model.lot.dto.Lot.bids.&lt;elements&gt;)
    - QuerySpaces
       - EntityQuerySpaceImpl(uid=&lt;gen:0&gt;, entity=org.solent.com504.project.model.lot.dto.Lot)
          - SQL table alias mapping - lot0_
          - alias suffix - 0_
          - suffixed key columns - {id1_3_0_}

12:23:08.045 [main] [o.h.l.e.p.EntityLoader] DEBUG org.hibernate.loader.entity.plan.EntityLoader - Static select for entity org.solent.com504.project.model.lot.dto.Lot [OPTIMISTIC_FORCE_INCREMENT]: select lot0_.id as id1_3_0_, lot0_.duration as duration2_3_0_, lot0_.grade as grade3_3_0_, lot0_.highestBidPrice as highestB4_3_0_, lot0_.life_days as life_day5_3_0_, lot0_.pickdate as pickdate6_3_0_, lot0_.quantity as quantity7_3_0_, lot0_.reservedPrice as reserved8_3_0_ from Lot lot0_ where lot0_.id=?
12:23:08.045 [main] [o.h.l.Loader] DEBUG org.hibernate.loader.Loader - Static select for action ACTION_MERGE on entity org.solent.com504.project.model.lot.dto.Lot: select lot0_.id as id1_3_0_, lot0_.duration as duration2_3_0_, lot0_.grade as grade3_3_0_, lot0_.highestBidPrice as highestB4_3_0_, lot0_.life_days as life_day5_3_0_, lot0_.pickdate as pickdate6_3_0_, lot0_.quantity as quantity7_3_0_, lot0_.reservedPrice as reserved8_3_0_ from Lot lot0_ where lot0_.id=?
12:23:08.045 [main] [o.h.l.Loader] DEBUG org.hibernate.loader.Loader - Static select for action ACTION_REFRESH on entity org.solent.com504.project.model.lot.dto.Lot: select lot0_.id as id1_3_0_, lot0_.duration as duration2_3_0_, lot0_.grade as grade3_3_0_, lot0_.highestBidPrice as highestB4_3_0_, lot0_.life_days as life_day5_3_0_, lot0_.pickdate as pickdate6_3_0_, lot0_.quantity as quantity7_3_0_, lot0_.reservedPrice as reserved8_3_0_ from Lot lot0_ where lot0_.id=?
12:23:08.045 [main] [o.h.p.e.AbstractEntityPersister] DEBUG org.hibernate.persister.entity.AbstractEntityPersister - Static SQL for entity: org.solent.com504.project.model.party.dto.Party
12:23:08.045 [main] [o.h.p.e.AbstractEntityPersister] DEBUG org.hibernate.persister.entity.AbstractEntityPersister -  Version select: select id from Party where id =?
12:23:08.045 [main] [o.h.p.e.AbstractEntityPersister] DEBUG org.hibernate.persister.entity.AbstractEntityPersister -  Snapshot select: select party_.id, party_.addressLine1 as addressL2_5_, party_.addressLine2 as addressL3_5_, party_.country as country4_5_, party_.county as county5_5_, party_.latitude as latitude6_5_, party_.longitude as longitud7_5_, party_.mobile as mobile8_5_, party_.number as number9_5_, party_.postcode as postcod10_5_, party_.telephone as telepho11_5_, party_.enabled as enabled12_5_, party_.firstName as firstNa13_5_, party_.partyRole as partyRo14_5_, party_.partyStatus as partySt15_5_, party_.secondName as secondN16_5_, party_.uuid as uuid17_5_ from Party party_ where party_.id=?
12:23:08.045 [main] [o.h.p.e.AbstractEntityPersister] DEBUG org.hibernate.persister.entity.AbstractEntityPersister -  Insert 0: insert into Party (addressLine1, addressLine2, country, county, latitude, longitude, mobile, number, postcode, telephone, enabled, firstName, partyRole, partyStatus, secondName, uuid, id) values (?, ?, ?, ?, ?, ?, ?, ?, ?, ?, ?, ?, ?, ?, ?, ?, ?)
12:23:08.045 [main] [o.h.p.e.AbstractEntityPersister] DEBUG org.hibernate.persister.entity.AbstractEntityPersister -  Update 0: update Party set addressLine1=?, addressLine2=?, country=?, county=?, latitude=?, longitude=?, mobile=?, number=?, postcode=?, telephone=?, enabled=?, firstName=?, partyRole=?, partyStatus=?, secondName=?, uuid=? where id=?
12:23:08.045 [main] [o.h.p.e.AbstractEntityPersister] DEBUG org.hibernate.persister.entity.AbstractEntityPersister -  Delete 0: delete from Party where id=?
12:23:08.045 [main] [o.h.p.e.AbstractEntityPersister] DEBUG org.hibernate.persister.entity.AbstractEntityPersister -  Identity insert: insert into Party (id, addressLine1, addressLine2, country, county, latitude, longitude, mobile, number, postcode, telephone, enabled, firstName, partyRole, partyStatus, secondName, uuid) values (default, ?, ?, ?, ?, ?, ?, ?, ?, ?, ?, ?, ?, ?, ?, ?, ?)
12:23:08.045 [main] [o.h.l.p.b.i.s.QuerySpacesImpl] DEBUG org.hibernate.loader.plan.build.internal.spaces.QuerySpacesImpl - Adding QuerySpace : uid = &lt;gen:0&gt; -&gt; org.hibernate.loader.plan.build.internal.spaces.EntityQuerySpaceImpl@6fbc1bb]
12:23:08.045 [main] [o.h.p.w.s.MetamodelGraphWalker] DEBUG org.hibernate.persister.walking.spi.MetamodelGraphWalker - Visiting attribute path : address
12:23:08.045 [main] [o.h.l.p.b.i.s.QuerySpacesImpl] DEBUG org.hibernate.loader.plan.build.internal.spaces.QuerySpacesImpl - Adding QuerySpace : uid = &lt;gen:1&gt; -&gt; org.hibernate.loader.plan.build.internal.spaces.CompositeQuerySpaceImpl@f1dd5b4]
12:23:08.045 [main] [o.h.p.w.s.MetamodelGraphWalker] DEBUG org.hibernate.persister.walking.spi.MetamodelGraphWalker - Visiting attribute path : address.addressLine1
12:23:08.045 [main] [o.h.p.w.s.MetamodelGraphWalker] DEBUG org.hibernate.persister.walking.spi.MetamodelGraphWalker - Visiting attribute path : address.addressLine2
12:23:08.045 [main] [o.h.p.w.s.MetamodelGraphWalker] DEBUG org.hibernate.persister.walking.spi.MetamodelGraphWalker - Visiting attribute path : address.country
12:23:08.045 [main] [o.h.p.w.s.MetamodelGraphWalker] DEBUG org.hibernate.persister.walking.spi.MetamodelGraphWalker - Visiting attribute path : address.county
12:23:08.045 [main] [o.h.p.w.s.MetamodelGraphWalker] DEBUG org.hibernate.persister.walking.spi.MetamodelGraphWalker - Visiting attribute path : address.latitude
12:23:08.045 [main] [o.h.p.w.s.MetamodelGraphWalker] DEBUG org.hibernate.persister.walking.spi.MetamodelGraphWalker - Visiting attribute path : address.longitude
12:23:08.045 [main] [o.h.p.w.s.MetamodelGraphWalker] DEBUG org.hibernate.persister.walking.spi.MetamodelGraphWalker - Visiting attribute path : address.mobile
12:23:08.045 [main] [o.h.p.w.s.MetamodelGraphWalker] DEBUG org.hibernate.persister.walking.spi.MetamodelGraphWalker - Visiting attribute path : address.number
12:23:08.045 [main] [o.h.p.w.s.MetamodelGraphWalker] DEBUG org.hibernate.persister.walking.spi.MetamodelGraphWalker - Visiting attribute path : address.postcode
12:23:08.045 [main] [o.h.p.w.s.MetamodelGraphWalker] DEBUG org.hibernate.persister.walking.spi.MetamodelGraphWalker - Visiting attribute path : address.telephone
12:23:08.045 [main] [o.h.p.w.s.MetamodelGraphWalker] DEBUG org.hibernate.persister.walking.spi.MetamodelGraphWalker - Visiting attribute path : enabled
12:23:08.045 [main] [o.h.p.w.s.MetamodelGraphWalker] DEBUG org.hibernate.persister.walking.spi.MetamodelGraphWalker - Visiting attribute path : firstName
12:23:08.045 [main] [o.h.p.w.s.MetamodelGraphWalker] DEBUG org.hibernate.persister.walking.spi.MetamodelGraphWalker - Visiting attribute path : partyRole
12:23:08.045 [main] [o.h.p.w.s.MetamodelGraphWalker] DEBUG org.hibernate.persister.walking.spi.MetamodelGraphWalker - Visiting attribute path : partyStatus
12:23:08.045 [main] [o.h.p.w.s.MetamodelGraphWalker] DEBUG org.hibernate.persister.walking.spi.MetamodelGraphWalker - Visiting attribute path : secondName
12:23:08.045 [main] [o.h.p.w.s.MetamodelGraphWalker] DEBUG org.hibernate.persister.walking.spi.MetamodelGraphWalker - Visiting attribute path : users
12:23:08.045 [main] [o.h.l.p.b.i.s.QuerySpacesImpl] DEBUG org.hibernate.loader.plan.build.internal.spaces.QuerySpacesImpl - Adding QuerySpace : uid = &lt;gen:2&gt; -&gt; org.hibernate.loader.plan.build.internal.spaces.CollectionQuerySpaceImpl@5f96f6a2]
12:23:08.045 [main] [o.h.l.p.b.i.s.QuerySpacesImpl] DEBUG org.hibernate.loader.plan.build.internal.spaces.QuerySpacesImpl - Adding QuerySpace : uid = &lt;gen:3&gt; -&gt; org.hibernate.loader.plan.build.internal.spaces.EntityQuerySpaceImpl@48df4071]
12:23:08.045 [main] [o.h.p.w.s.MetamodelGraphWalker] DEBUG org.hibernate.persister.walking.spi.MetamodelGraphWalker - Visiting attribute path : users.address
12:23:08.045 [main] [o.h.l.p.b.i.s.QuerySpacesImpl] DEBUG org.hibernate.loader.plan.build.internal.spaces.QuerySpacesImpl - Adding QuerySpace : uid = &lt;gen:4&gt; -&gt; org.hibernate.loader.plan.build.internal.spaces.CompositeQuerySpaceImpl@67507df]
12:23:08.045 [main] [o.h.p.w.s.MetamodelGraphWalker] DEBUG org.hibernate.persister.walking.spi.MetamodelGraphWalker - Visiting attribute path : users.address.addressLine1
12:23:08.045 [main] [o.h.p.w.s.MetamodelGraphWalker] DEBUG org.hibernate.persister.walking.spi.MetamodelGraphWalker - Visiting attribute path : users.address.addressLine2
12:23:08.045 [main] [o.h.p.w.s.MetamodelGraphWalker] DEBUG org.hibernate.persister.walking.spi.MetamodelGraphWalker - Visiting attribute path : users.address.country
12:23:08.045 [main] [o.h.p.w.s.MetamodelGraphWalker] DEBUG org.hibernate.persister.walking.spi.MetamodelGraphWalker - Visiting attribute path : users.address.county
12:23:08.045 [main] [o.h.p.w.s.MetamodelGraphWalker] DEBUG org.hibernate.persister.walking.spi.MetamodelGraphWalker - Visiting attribute path : users.address.latitude
12:23:08.045 [main] [o.h.p.w.s.MetamodelGraphWalker] DEBUG org.hibernate.persister.walking.spi.MetamodelGraphWalker - Visiting attribute path : users.address.longitude
12:23:08.045 [main] [o.h.p.w.s.MetamodelGraphWalker] DEBUG org.hibernate.persister.walking.spi.MetamodelGraphWalker - Visiting attribute path : users.address.mobile
12:23:08.045 [main] [o.h.p.w.s.MetamodelGraphWalker] DEBUG org.hibernate.persister.walking.spi.MetamodelGraphWalker - Visiting attribute path : users.address.number
12:23:08.045 [main] [o.h.p.w.s.MetamodelGraphWalker] DEBUG org.hibernate.persister.walking.spi.MetamodelGraphWalker - Visiting attribute path : users.address.postcode
12:23:08.045 [main] [o.h.p.w.s.MetamodelGraphWalker] DEBUG org.hibernate.persister.walking.spi.MetamodelGraphWalker - Visiting attribute path : users.address.telephone
12:23:08.045 [main] [o.h.p.w.s.MetamodelGraphWalker] DEBUG org.hibernate.persister.walking.spi.MetamodelGraphWalker - Visiting attribute path : users.enabled
12:23:08.045 [main] [o.h.p.w.s.MetamodelGraphWalker] DEBUG org.hibernate.persister.walking.spi.MetamodelGraphWalker - Visiting attribute path : users.firstName
12:23:08.045 [main] [o.h.p.w.s.MetamodelGraphWalker] DEBUG org.hibernate.persister.walking.spi.MetamodelGraphWalker - Visiting attribute path : users.parties
12:23:08.045 [main] [o.h.p.w.s.MetamodelGraphWalker] DEBUG org.hibernate.persister.walking.spi.MetamodelGraphWalker - Property path deemed to be circular : users.parties
12:23:08.045 [main] [o.h.p.w.s.MetamodelGraphWalker] DEBUG org.hibernate.persister.walking.spi.MetamodelGraphWalker - Visiting attribute path : users.password
12:23:08.045 [main] [o.h.p.w.s.MetamodelGraphWalker] DEBUG org.hibernate.persister.walking.spi.MetamodelGraphWalker - Visiting attribute path : users.roles
12:23:08.045 [main] [o.h.l.p.b.i.s.QuerySpacesImpl] DEBUG org.hibernate.loader.plan.build.internal.spaces.QuerySpacesImpl - Adding QuerySpace : uid = &lt;gen:5&gt; -&gt; org.hibernate.loader.plan.build.internal.spaces.CollectionQuerySpaceImpl@692dba54]
12:23:08.045 [main] [o.h.l.p.b.i.s.QuerySpacesImpl] DEBUG org.hibernate.loader.plan.build.internal.spaces.QuerySpacesImpl - Adding QuerySpace : uid = &lt;gen:6&gt; -&gt; org.hibernate.loader.plan.build.internal.spaces.EntityQuerySpaceImpl@71f1cc02]
12:23:08.045 [main] [o.h.p.w.s.MetamodelGraphWalker] DEBUG org.hibernate.persister.walking.spi.MetamodelGraphWalker - Visiting attribute path : users.roles.name
12:23:08.045 [main] [o.h.p.w.s.MetamodelGraphWalker] DEBUG org.hibernate.persister.walking.spi.MetamodelGraphWalker - Visiting attribute path : users.roles.users
12:23:08.045 [main] [o.h.p.w.s.MetamodelGraphWalker] DEBUG org.hibernate.persister.walking.spi.MetamodelGraphWalker - Property path deemed to be circular : users.roles.users
12:23:08.045 [main] [o.h.p.w.s.MetamodelGraphWalker] DEBUG org.hibernate.persister.walking.spi.MetamodelGraphWalker - Visiting attribute path : users.secondName
12:23:08.045 [main] [o.h.p.w.s.MetamodelGraphWalker] DEBUG org.hibernate.persister.walking.spi.MetamodelGraphWalker - Visiting attribute path : users.username
12:23:08.045 [main] [o.h.p.w.s.MetamodelGraphWalker] DEBUG org.hibernate.persister.walking.spi.MetamodelGraphWalker - Visiting attribute path : uuid
12:23:08.045 [main] [o.h.l.p.b.i.FetchStyleLoadPlanBuildingAssociationVisitationStrategy] DEBUG org.hibernate.loader.plan.build.internal.FetchStyleLoadPlanBuildingAssociationVisitationStrategy - Building LoadPlan...
12:23:08.045 [main] [o.h.l.p.e.i.LoadQueryJoinAndFetchProcessor] DEBUG org.hibernate.loader.plan.exec.internal.LoadQueryJoinAndFetchProcessor - processing queryspace &lt;gen:0&gt;
12:23:08.045 [main] [o.h.l.p.b.s.LoadPlanTreePrinter] DEBUG org.hibernate.loader.plan.build.spi.LoadPlanTreePrinter - LoadPlan(entity=org.solent.com504.project.model.party.dto.Party)
    - Returns
       - EntityReturnImpl(entity=org.solent.com504.project.model.party.dto.Party, querySpaceUid=&lt;gen:0&gt;, path=org.solent.com504.project.model.party.dto.Party)
          - CompositeAttributeFetchImpl(composite=org.solent.com504.project.model.party.dto.Address, querySpaceUid=&lt;gen:1&gt;, path=org.solent.com504.project.model.party.dto.Party.address)
          - CollectionAttributeFetchImpl(collection=org.solent.com504.project.model.party.dto.Party.users, querySpaceUid=&lt;gen:2&gt;, path=org.solent.com504.project.model.party.dto.Party.users)
             - (collection element) CollectionFetchableElementEntityGraph(entity=org.solent.com504.project.model.user.dto.User, querySpaceUid=&lt;gen:3&gt;, path=org.solent.com504.project.model.party.dto.Party.users.&lt;elements&gt;)
                - CompositeAttributeFetchImpl(composite=org.solent.com504.project.model.party.dto.Address, querySpaceUid=&lt;gen:4&gt;, path=org.solent.com504.project.model.party.dto.Party.users.&lt;elements&gt;.address)
                - CollectionAttributeFetchImpl(collection=org.solent.com504.project.model.user.dto.User.roles, querySpaceUid=&lt;gen:5&gt;, path=org.solent.com504.project.model.party.dto.Party.users.&lt;elements&gt;.roles)
                   - (collection element) CollectionFetchableElementEntityGraph(entity=org.solent.com504.project.model.user.dto.Role, querySpaceUid=&lt;gen:6&gt;, path=org.solent.com504.project.model.party.dto.Party.users.&lt;elements&gt;.roles.&lt;elements&gt;)
    - QuerySpaces
       - EntityQuerySpaceImpl(uid=&lt;gen:0&gt;, entity=org.solent.com504.project.model.party.dto.Party)
          - SQL table alias mapping - party0_
          - alias suffix - 0_
          - suffixed key columns - {id1_5_0_}
          - JOIN (JoinDefinedByMetadata(address)) : &lt;gen:0&gt; -&gt; &lt;gen:1&gt;
             - CompositeQuerySpaceImpl(uid=&lt;gen:1&gt;)
                - SQL table alias mapping - party0_
          - JOIN (JoinDefinedByMetadata(users)) : &lt;gen:0&gt; -&gt; &lt;gen:2&gt;
             - CollectionQuerySpaceImpl(uid=&lt;gen:2&gt;, collection=org.solent.com504.project.model.party.dto.Party.users)
                - SQL table alias mapping - users1_
                - alias suffix - 1_
                - suffixed key columns - {user_id1_8_1_}
                - entity-element alias suffix - 2_
                - 2_entity-element suffixed key columns - id1_7_2_
                - JOIN (JoinDefinedByMetadata(elements)) : &lt;gen:2&gt; -&gt; &lt;gen:3&gt;
                   - EntityQuerySpaceImpl(uid=&lt;gen:3&gt;, entity=org.solent.com504.project.model.user.dto.User)
                      - SQL table alias mapping - user2_
                      - alias suffix - 2_
                      - suffixed key columns - {id1_7_2_}
                      - JOIN (JoinDefinedByMetadata(address)) : &lt;gen:3&gt; -&gt; &lt;gen:4&gt;
                         - CompositeQuerySpaceImpl(uid=&lt;gen:4&gt;)
                            - SQL table alias mapping - user2_
                      - JOIN (JoinDefinedByMetadata(roles)) : &lt;gen:3&gt; -&gt; &lt;gen:5&gt;
                         - CollectionQuerySpaceImpl(uid=&lt;gen:5&gt;, collection=org.solent.com504.project.model.user.dto.User.roles)
                            - SQL table alias mapping - roles3_
                            - alias suffix - 3_
                            - suffixed key columns - {user_id1_9_3_}
                            - entity-element alias suffix - 4_
                            - 4_entity-element suffixed key columns - id1_6_4_
                            - JOIN (JoinDefinedByMetadata(elements)) : &lt;gen:5&gt; -&gt; &lt;gen:6&gt;
                               - EntityQuerySpaceImpl(uid=&lt;gen:6&gt;, entity=org.solent.com504.project.model.user.dto.Role)
                                  - SQL table alias mapping - role4_
                                  - alias suffix - 4_
                                  - suffixed key columns - {id1_6_4_}

12:23:08.045 [main] [o.h.l.e.p.EntityLoader] DEBUG org.hibernate.loader.entity.plan.EntityLoader - Static select for entity org.solent.com504.project.model.party.dto.Party [NONE]: select party0_.id as id1_5_0_, party0_.addressLine1 as addressL2_5_0_, party0_.addressLine2 as addressL3_5_0_, party0_.country as country4_5_0_, party0_.county as county5_5_0_, party0_.latitude as latitude6_5_0_, party0_.longitude as longitud7_5_0_, party0_.mobile as mobile8_5_0_, party0_.number as number9_5_0_, party0_.postcode as postcod10_5_0_, party0_.telephone as telepho11_5_0_, party0_.enabled as enabled12_5_0_, party0_.firstName as firstNa13_5_0_, party0_.partyRole as partyRo14_5_0_, party0_.partyStatus as partySt15_5_0_, party0_.secondName as secondN16_5_0_, party0_.uuid as uuid17_5_0_, users1_.user_id as user_id1_8_1_, user2_.id as party_id2_8_1_, user2_.id as id1_7_2_, user2_.addressLine1 as addressL2_7_2_, user2_.addressLine2 as addressL3_7_2_, user2_.country as country4_7_2_, user2_.county as county5_7_2_, user2_.latitude as latitude6_7_2_, user2_.longitude as longitud7_7_2_, user2_.mobile as mobile8_7_2_, user2_.number as number9_7_2_, user2_.postcode as postcod10_7_2_, user2_.telephone as telepho11_7_2_, user2_.enabled as enabled12_7_2_, user2_.firstName as firstNa13_7_2_, user2_.password as passwor14_7_2_, user2_.secondName as secondN15_7_2_, user2_.username as usernam16_7_2_, roles3_.user_id as user_id1_9_3_, role4_.id as role_id2_9_3_, role4_.id as id1_6_4_, role4_.name as name2_6_4_ from Party party0_ left outer join user_party users1_ on party0_.id=users1_.user_id left outer join user user2_ on users1_.party_id=user2_.id left outer join user_role roles3_ on user2_.id=roles3_.user_id left outer join role role4_ on roles3_.role_id=role4_.id where party0_.id=?
12:23:08.045 [main] [o.h.l.p.b.i.s.QuerySpacesImpl] DEBUG org.hibernate.loader.plan.build.internal.spaces.QuerySpacesImpl - Adding QuerySpace : uid = &lt;gen:0&gt; -&gt; org.hibernate.loader.plan.build.internal.spaces.EntityQuerySpaceImpl@37854b34]
12:23:08.045 [main] [o.h.p.w.s.MetamodelGraphWalker] DEBUG org.hibernate.persister.walking.spi.MetamodelGraphWalker - Visiting attribute path : address
12:23:08.045 [main] [o.h.l.p.b.i.s.QuerySpacesImpl] DEBUG org.hibernate.loader.plan.build.internal.spaces.QuerySpacesImpl - Adding QuerySpace : uid = &lt;gen:1&gt; -&gt; org.hibernate.loader.plan.build.internal.spaces.CompositeQuerySpaceImpl@34332b8d]
12:23:08.045 [main] [o.h.p.w.s.MetamodelGraphWalker] DEBUG org.hibernate.persister.walking.spi.MetamodelGraphWalker - Visiting attribute path : address.addressLine1
12:23:08.045 [main] [o.h.p.w.s.MetamodelGraphWalker] DEBUG org.hibernate.persister.walking.spi.MetamodelGraphWalker - Visiting attribute path : address.addressLine2
12:23:08.061 [main] [o.h.p.w.s.MetamodelGraphWalker] DEBUG org.hibernate.persister.walking.spi.MetamodelGraphWalker - Visiting attribute path : address.country
12:23:08.061 [main] [o.h.p.w.s.MetamodelGraphWalker] DEBUG org.hibernate.persister.walking.spi.MetamodelGraphWalker - Visiting attribute path : address.county
12:23:08.061 [main] [o.h.p.w.s.MetamodelGraphWalker] DEBUG org.hibernate.persister.walking.spi.MetamodelGraphWalker - Visiting attribute path : address.latitude
12:23:08.061 [main] [o.h.p.w.s.MetamodelGraphWalker] DEBUG org.hibernate.persister.walking.spi.MetamodelGraphWalker - Visiting attribute path : address.longitude
12:23:08.061 [main] [o.h.p.w.s.MetamodelGraphWalker] DEBUG org.hibernate.persister.walking.spi.MetamodelGraphWalker - Visiting attribute path : address.mobile
12:23:08.061 [main] [o.h.p.w.s.MetamodelGraphWalker] DEBUG org.hibernate.persister.walking.spi.MetamodelGraphWalker - Visiting attribute path : address.number
12:23:08.061 [main] [o.h.p.w.s.MetamodelGraphWalker] DEBUG org.hibernate.persister.walking.spi.MetamodelGraphWalker - Visiting attribute path : address.postcode
12:23:08.061 [main] [o.h.p.w.s.MetamodelGraphWalker] DEBUG org.hibernate.persister.walking.spi.MetamodelGraphWalker - Visiting attribute path : address.telephone
12:23:08.061 [main] [o.h.p.w.s.MetamodelGraphWalker] DEBUG org.hibernate.persister.walking.spi.MetamodelGraphWalker - Visiting attribute path : enabled
12:23:08.061 [main] [o.h.p.w.s.MetamodelGraphWalker] DEBUG org.hibernate.persister.walking.spi.MetamodelGraphWalker - Visiting attribute path : firstName
12:23:08.061 [main] [o.h.p.w.s.MetamodelGraphWalker] DEBUG org.hibernate.persister.walking.spi.MetamodelGraphWalker - Visiting attribute path : partyRole
12:23:08.061 [main] [o.h.p.w.s.MetamodelGraphWalker] DEBUG org.hibernate.persister.walking.spi.MetamodelGraphWalker - Visiting attribute path : partyStatus
12:23:08.061 [main] [o.h.p.w.s.MetamodelGraphWalker] DEBUG org.hibernate.persister.walking.spi.MetamodelGraphWalker - Visiting attribute path : secondName
12:23:08.061 [main] [o.h.p.w.s.MetamodelGraphWalker] DEBUG org.hibernate.persister.walking.spi.MetamodelGraphWalker - Visiting attribute path : users
12:23:08.061 [main] [o.h.l.p.b.i.s.QuerySpacesImpl] DEBUG org.hibernate.loader.plan.build.internal.spaces.QuerySpacesImpl - Adding QuerySpace : uid = &lt;gen:2&gt; -&gt; org.hibernate.loader.plan.build.internal.spaces.CollectionQuerySpaceImpl@6f8aba08]
12:23:08.061 [main] [o.h.l.p.b.i.s.QuerySpacesImpl] DEBUG org.hibernate.loader.plan.build.internal.spaces.QuerySpacesImpl - Adding QuerySpace : uid = &lt;gen:3&gt; -&gt; org.hibernate.loader.plan.build.internal.spaces.EntityQuerySpaceImpl@7ff19c33]
12:23:08.061 [main] [o.h.p.w.s.MetamodelGraphWalker] DEBUG org.hibernate.persister.walking.spi.MetamodelGraphWalker - Visiting attribute path : users.address
12:23:08.061 [main] [o.h.l.p.b.i.s.QuerySpacesImpl] DEBUG org.hibernate.loader.plan.build.internal.spaces.QuerySpacesImpl - Adding QuerySpace : uid = &lt;gen:4&gt; -&gt; org.hibernate.loader.plan.build.internal.spaces.CompositeQuerySpaceImpl@462abec3]
12:23:08.061 [main] [o.h.p.w.s.MetamodelGraphWalker] DEBUG org.hibernate.persister.walking.spi.MetamodelGraphWalker - Visiting attribute path : users.address.addressLine1
12:23:08.061 [main] [o.h.p.w.s.MetamodelGraphWalker] DEBUG org.hibernate.persister.walking.spi.MetamodelGraphWalker - Visiting attribute path : users.address.addressLine2
12:23:08.061 [main] [o.h.p.w.s.MetamodelGraphWalker] DEBUG org.hibernate.persister.walking.spi.MetamodelGraphWalker - Visiting attribute path : users.address.country
12:23:08.061 [main] [o.h.p.w.s.MetamodelGraphWalker] DEBUG org.hibernate.persister.walking.spi.MetamodelGraphWalker - Visiting attribute path : users.address.county
12:23:08.061 [main] [o.h.p.w.s.MetamodelGraphWalker] DEBUG org.hibernate.persister.walking.spi.MetamodelGraphWalker - Visiting attribute path : users.address.latitude
12:23:08.061 [main] [o.h.p.w.s.MetamodelGraphWalker] DEBUG org.hibernate.persister.walking.spi.MetamodelGraphWalker - Visiting attribute path : users.address.longitude
12:23:08.061 [main] [o.h.p.w.s.MetamodelGraphWalker] DEBUG org.hibernate.persister.walking.spi.MetamodelGraphWalker - Visiting attribute path : users.address.mobile
12:23:08.061 [main] [o.h.p.w.s.MetamodelGraphWalker] DEBUG org.hibernate.persister.walking.spi.MetamodelGraphWalker - Visiting attribute path : users.address.number
12:23:08.061 [main] [o.h.p.w.s.MetamodelGraphWalker] DEBUG org.hibernate.persister.walking.spi.MetamodelGraphWalker - Visiting attribute path : users.address.postcode
12:23:08.061 [main] [o.h.p.w.s.MetamodelGraphWalker] DEBUG org.hibernate.persister.walking.spi.MetamodelGraphWalker - Visiting attribute path : users.address.telephone
12:23:08.061 [main] [o.h.p.w.s.MetamodelGraphWalker] DEBUG org.hibernate.persister.walking.spi.MetamodelGraphWalker - Visiting attribute path : users.enabled
12:23:08.061 [main] [o.h.p.w.s.MetamodelGraphWalker] DEBUG org.hibernate.persister.walking.spi.MetamodelGraphWalker - Visiting attribute path : users.firstName
12:23:08.061 [main] [o.h.p.w.s.MetamodelGraphWalker] DEBUG org.hibernate.persister.walking.spi.MetamodelGraphWalker - Visiting attribute path : users.parties
12:23:08.061 [main] [o.h.p.w.s.MetamodelGraphWalker] DEBUG org.hibernate.persister.walking.spi.MetamodelGraphWalker - Property path deemed to be circular : users.parties
12:23:08.061 [main] [o.h.p.w.s.MetamodelGraphWalker] DEBUG org.hibernate.persister.walking.spi.MetamodelGraphWalker - Visiting attribute path : users.password
12:23:08.061 [main] [o.h.p.w.s.MetamodelGraphWalker] DEBUG org.hibernate.persister.walking.spi.MetamodelGraphWalker - Visiting attribute path : users.roles
12:23:08.061 [main] [o.h.l.p.b.i.s.QuerySpacesImpl] DEBUG org.hibernate.loader.plan.build.internal.spaces.QuerySpacesImpl - Adding QuerySpace : uid = &lt;gen:5&gt; -&gt; org.hibernate.loader.plan.build.internal.spaces.CollectionQuerySpaceImpl@7a4d582c]
12:23:08.061 [main] [o.h.l.p.b.i.s.QuerySpacesImpl] DEBUG org.hibernate.loader.plan.build.internal.spaces.QuerySpacesImpl - Adding QuerySpace : uid = &lt;gen:6&gt; -&gt; org.hibernate.loader.plan.build.internal.spaces.EntityQuerySpaceImpl@5626d18c]
12:23:08.061 [main] [o.h.p.w.s.MetamodelGraphWalker] DEBUG org.hibernate.persister.walking.spi.MetamodelGraphWalker - Visiting attribute path : users.roles.name
12:23:08.061 [main] [o.h.p.w.s.MetamodelGraphWalker] DEBUG org.hibernate.persister.walking.spi.MetamodelGraphWalker - Visiting attribute path : users.roles.users
12:23:08.061 [main] [o.h.p.w.s.MetamodelGraphWalker] DEBUG org.hibernate.persister.walking.spi.MetamodelGraphWalker - Property path deemed to be circular : users.roles.users
12:23:08.061 [main] [o.h.p.w.s.MetamodelGraphWalker] DEBUG org.hibernate.persister.walking.spi.MetamodelGraphWalker - Visiting attribute path : users.secondName
12:23:08.061 [main] [o.h.p.w.s.MetamodelGraphWalker] DEBUG org.hibernate.persister.walking.spi.MetamodelGraphWalker - Visiting attribute path : users.username
12:23:08.061 [main] [o.h.p.w.s.MetamodelGraphWalker] DEBUG org.hibernate.persister.walking.spi.MetamodelGraphWalker - Visiting attribute path : uuid
12:23:08.061 [main] [o.h.l.p.b.i.FetchStyleLoadPlanBuildingAssociationVisitationStrategy] DEBUG org.hibernate.loader.plan.build.internal.FetchStyleLoadPlanBuildingAssociationVisitationStrategy - Building LoadPlan...
12:23:08.061 [main] [o.h.l.p.e.i.LoadQueryJoinAndFetchProcessor] DEBUG org.hibernate.loader.plan.exec.internal.LoadQueryJoinAndFetchProcessor - processing queryspace &lt;gen:0&gt;
12:23:08.061 [main] [o.h.l.p.b.s.LoadPlanTreePrinter] DEBUG org.hibernate.loader.plan.build.spi.LoadPlanTreePrinter - LoadPlan(entity=org.solent.com504.project.model.party.dto.Party)
    - Returns
       - EntityReturnImpl(entity=org.solent.com504.project.model.party.dto.Party, querySpaceUid=&lt;gen:0&gt;, path=org.solent.com504.project.model.party.dto.Party)
          - CompositeAttributeFetchImpl(composite=org.solent.com504.project.model.party.dto.Address, querySpaceUid=&lt;gen:1&gt;, path=org.solent.com504.project.model.party.dto.Party.address)
          - CollectionAttributeFetchImpl(collection=org.solent.com504.project.model.party.dto.Party.users, querySpaceUid=&lt;gen:2&gt;, path=org.solent.com504.project.model.party.dto.Party.users)
             - (collection element) CollectionFetchableElementEntityGraph(entity=org.solent.com504.project.model.user.dto.User, querySpaceUid=&lt;gen:3&gt;, path=org.solent.com504.project.model.party.dto.Party.users.&lt;elements&gt;)
                - CompositeAttributeFetchImpl(composite=org.solent.com504.project.model.party.dto.Address, querySpaceUid=&lt;gen:4&gt;, path=org.solent.com504.project.model.party.dto.Party.users.&lt;elements&gt;.address)
                - CollectionAttributeFetchImpl(collection=org.solent.com504.project.model.user.dto.User.roles, querySpaceUid=&lt;gen:5&gt;, path=org.solent.com504.project.model.party.dto.Party.users.&lt;elements&gt;.roles)
                   - (collection element) CollectionFetchableElementEntityGraph(entity=org.solent.com504.project.model.user.dto.Role, querySpaceUid=&lt;gen:6&gt;, path=org.solent.com504.project.model.party.dto.Party.users.&lt;elements&gt;.roles.&lt;elements&gt;)
    - QuerySpaces
       - EntityQuerySpaceImpl(uid=&lt;gen:0&gt;, entity=org.solent.com504.project.model.party.dto.Party)
          - SQL table alias mapping - party0_
          - alias suffix - 0_
          - suffixed key columns - {id1_5_0_}
          - JOIN (JoinDefinedByMetadata(address)) : &lt;gen:0&gt; -&gt; &lt;gen:1&gt;
             - CompositeQuerySpaceImpl(uid=&lt;gen:1&gt;)
                - SQL table alias mapping - party0_
          - JOIN (JoinDefinedByMetadata(users)) : &lt;gen:0&gt; -&gt; &lt;gen:2&gt;
             - CollectionQuerySpaceImpl(uid=&lt;gen:2&gt;, collection=org.solent.com504.project.model.party.dto.Party.users)
                - SQL table alias mapping - users1_
                - alias suffix - 1_
                - suffixed key columns - {user_id1_8_1_}
                - entity-element alias suffix - 2_
                - 2_entity-element suffixed key columns - id1_7_2_
                - JOIN (JoinDefinedByMetadata(elements)) : &lt;gen:2&gt; -&gt; &lt;gen:3&gt;
                   - EntityQuerySpaceImpl(uid=&lt;gen:3&gt;, entity=org.solent.com504.project.model.user.dto.User)
                      - SQL table alias mapping - user2_
                      - alias suffix - 2_
                      - suffixed key columns - {id1_7_2_}
                      - JOIN (JoinDefinedByMetadata(address)) : &lt;gen:3&gt; -&gt; &lt;gen:4&gt;
                         - CompositeQuerySpaceImpl(uid=&lt;gen:4&gt;)
                            - SQL table alias mapping - user2_
                      - JOIN (JoinDefinedByMetadata(roles)) : &lt;gen:3&gt; -&gt; &lt;gen:5&gt;
                         - CollectionQuerySpaceImpl(uid=&lt;gen:5&gt;, collection=org.solent.com504.project.model.user.dto.User.roles)
                            - SQL table alias mapping - roles3_
                            - alias suffix - 3_
                            - suffixed key columns - {user_id1_9_3_}
                            - entity-element alias suffix - 4_
                            - 4_entity-element suffixed key columns - id1_6_4_
                            - JOIN (JoinDefinedByMetadata(elements)) : &lt;gen:5&gt; -&gt; &lt;gen:6&gt;
                               - EntityQuerySpaceImpl(uid=&lt;gen:6&gt;, entity=org.solent.com504.project.model.user.dto.Role)
                                  - SQL table alias mapping - role4_
                                  - alias suffix - 4_
                                  - suffixed key columns - {id1_6_4_}

12:23:08.061 [main] [o.h.l.e.p.EntityLoader] DEBUG org.hibernate.loader.entity.plan.EntityLoader - Static select for entity org.solent.com504.project.model.party.dto.Party [READ]: select party0_.id as id1_5_0_, party0_.addressLine1 as addressL2_5_0_, party0_.addressLine2 as addressL3_5_0_, party0_.country as country4_5_0_, party0_.county as county5_5_0_, party0_.latitude as latitude6_5_0_, party0_.longitude as longitud7_5_0_, party0_.mobile as mobile8_5_0_, party0_.number as number9_5_0_, party0_.postcode as postcod10_5_0_, party0_.telephone as telepho11_5_0_, party0_.enabled as enabled12_5_0_, party0_.firstName as firstNa13_5_0_, party0_.partyRole as partyRo14_5_0_, party0_.partyStatus as partySt15_5_0_, party0_.secondName as secondN16_5_0_, party0_.uuid as uuid17_5_0_, users1_.user_id as user_id1_8_1_, user2_.id as party_id2_8_1_, user2_.id as id1_7_2_, user2_.addressLine1 as addressL2_7_2_, user2_.addressLine2 as addressL3_7_2_, user2_.country as country4_7_2_, user2_.county as county5_7_2_, user2_.latitude as latitude6_7_2_, user2_.longitude as longitud7_7_2_, user2_.mobile as mobile8_7_2_, user2_.number as number9_7_2_, user2_.postcode as postcod10_7_2_, user2_.telephone as telepho11_7_2_, user2_.enabled as enabled12_7_2_, user2_.firstName as firstNa13_7_2_, user2_.password as passwor14_7_2_, user2_.secondName as secondN15_7_2_, user2_.username as usernam16_7_2_, roles3_.user_id as user_id1_9_3_, role4_.id as role_id2_9_3_, role4_.id as id1_6_4_, role4_.name as name2_6_4_ from Party party0_ left outer join user_party users1_ on party0_.id=users1_.user_id left outer join user user2_ on users1_.party_id=user2_.id left outer join user_role roles3_ on user2_.id=roles3_.user_id left outer join role role4_ on roles3_.role_id=role4_.id where party0_.id=?
12:23:08.061 [main] [o.h.l.p.b.i.s.QuerySpacesImpl] DEBUG org.hibernate.loader.plan.build.internal.spaces.QuerySpacesImpl - Adding QuerySpace : uid = &lt;gen:0&gt; -&gt; org.hibernate.loader.plan.build.internal.spaces.EntityQuerySpaceImpl@2d55e826]
12:23:08.061 [main] [o.h.p.w.s.MetamodelGraphWalker] DEBUG org.hibernate.persister.walking.spi.MetamodelGraphWalker - Visiting attribute path : address
12:23:08.061 [main] [o.h.l.p.b.i.s.QuerySpacesImpl] DEBUG org.hibernate.loader.plan.build.internal.spaces.QuerySpacesImpl - Adding QuerySpace : uid = &lt;gen:1&gt; -&gt; org.hibernate.loader.plan.build.internal.spaces.CompositeQuerySpaceImpl@45f756e6]
12:23:08.061 [main] [o.h.p.w.s.MetamodelGraphWalker] DEBUG org.hibernate.persister.walking.spi.MetamodelGraphWalker - Visiting attribute path : address.addressLine1
12:23:08.061 [main] [o.h.p.w.s.MetamodelGraphWalker] DEBUG org.hibernate.persister.walking.spi.MetamodelGraphWalker - Visiting attribute path : address.addressLine2
12:23:08.061 [main] [o.h.p.w.s.MetamodelGraphWalker] DEBUG org.hibernate.persister.walking.spi.MetamodelGraphWalker - Visiting attribute path : address.country
12:23:08.061 [main] [o.h.p.w.s.MetamodelGraphWalker] DEBUG org.hibernate.persister.walking.spi.MetamodelGraphWalker - Visiting attribute path : address.county
12:23:08.061 [main] [o.h.p.w.s.MetamodelGraphWalker] DEBUG org.hibernate.persister.walking.spi.MetamodelGraphWalker - Visiting attribute path : address.latitude
12:23:08.061 [main] [o.h.p.w.s.MetamodelGraphWalker] DEBUG org.hibernate.persister.walking.spi.MetamodelGraphWalker - Visiting attribute path : address.longitude
12:23:08.061 [main] [o.h.p.w.s.MetamodelGraphWalker] DEBUG org.hibernate.persister.walking.spi.MetamodelGraphWalker - Visiting attribute path : address.mobile
12:23:08.061 [main] [o.h.p.w.s.MetamodelGraphWalker] DEBUG org.hibernate.persister.walking.spi.MetamodelGraphWalker - Visiting attribute path : address.number
12:23:08.061 [main] [o.h.p.w.s.MetamodelGraphWalker] DEBUG org.hibernate.persister.walking.spi.MetamodelGraphWalker - Visiting attribute path : address.postcode
12:23:08.061 [main] [o.h.p.w.s.MetamodelGraphWalker] DEBUG org.hibernate.persister.walking.spi.MetamodelGraphWalker - Visiting attribute path : address.telephone
12:23:08.061 [main] [o.h.p.w.s.MetamodelGraphWalker] DEBUG org.hibernate.persister.walking.spi.MetamodelGraphWalker - Visiting attribute path : enabled
12:23:08.061 [main] [o.h.p.w.s.MetamodelGraphWalker] DEBUG org.hibernate.persister.walking.spi.MetamodelGraphWalker - Visiting attribute path : firstName
12:23:08.061 [main] [o.h.p.w.s.MetamodelGraphWalker] DEBUG org.hibernate.persister.walking.spi.MetamodelGraphWalker - Visiting attribute path : partyRole
12:23:08.061 [main] [o.h.p.w.s.MetamodelGraphWalker] DEBUG org.hibernate.persister.walking.spi.MetamodelGraphWalker - Visiting attribute path : partyStatus
12:23:08.061 [main] [o.h.p.w.s.MetamodelGraphWalker] DEBUG org.hibernate.persister.walking.spi.MetamodelGraphWalker - Visiting attribute path : secondName
12:23:08.061 [main] [o.h.p.w.s.MetamodelGraphWalker] DEBUG org.hibernate.persister.walking.spi.MetamodelGraphWalker - Visiting attribute path : users
12:23:08.061 [main] [o.h.l.p.b.i.s.QuerySpacesImpl] DEBUG org.hibernate.loader.plan.build.internal.spaces.QuerySpacesImpl - Adding QuerySpace : uid = &lt;gen:2&gt; -&gt; org.hibernate.loader.plan.build.internal.spaces.CollectionQuerySpaceImpl@3003827c]
12:23:08.061 [main] [o.h.l.p.b.i.s.QuerySpacesImpl] DEBUG org.hibernate.loader.plan.build.internal.spaces.QuerySpacesImpl - Adding QuerySpace : uid = &lt;gen:3&gt; -&gt; org.hibernate.loader.plan.build.internal.spaces.EntityQuerySpaceImpl@29b40b3]
12:23:08.061 [main] [o.h.p.w.s.MetamodelGraphWalker] DEBUG org.hibernate.persister.walking.spi.MetamodelGraphWalker - Visiting attribute path : uuid
12:23:08.061 [main] [o.h.l.p.b.i.FetchStyleLoadPlanBuildingAssociationVisitationStrategy] DEBUG org.hibernate.loader.plan.build.internal.FetchStyleLoadPlanBuildingAssociationVisitationStrategy - Building LoadPlan...
12:23:08.061 [main] [o.h.l.p.e.i.LoadQueryJoinAndFetchProcessor] DEBUG org.hibernate.loader.plan.exec.internal.LoadQueryJoinAndFetchProcessor - processing queryspace &lt;gen:0&gt;
12:23:08.061 [main] [o.h.l.p.b.s.LoadPlanTreePrinter] DEBUG org.hibernate.loader.plan.build.spi.LoadPlanTreePrinter - LoadPlan(entity=org.solent.com504.project.model.party.dto.Party)
    - Returns
       - EntityReturnImpl(entity=org.solent.com504.project.model.party.dto.Party, querySpaceUid=&lt;gen:0&gt;, path=org.solent.com504.project.model.party.dto.Party)
          - CompositeAttributeFetchImpl(composite=org.solent.com504.project.model.party.dto.Address, querySpaceUid=&lt;gen:1&gt;, path=org.solent.com504.project.model.party.dto.Party.address)
          - CollectionAttributeFetchImpl(collection=org.solent.com504.project.model.party.dto.Party.users, querySpaceUid=&lt;gen:2&gt;, path=org.solent.com504.project.model.party.dto.Party.users)
             - (collection element) CollectionFetchableElementEntityGraph(entity=org.solent.com504.project.model.user.dto.User, querySpaceUid=&lt;gen:3&gt;, path=org.solent.com504.project.model.party.dto.Party.users.&lt;elements&gt;)
    - QuerySpaces
       - EntityQuerySpaceImpl(uid=&lt;gen:0&gt;, entity=org.solent.com504.project.model.party.dto.Party)
          - SQL table alias mapping - party0_
          - alias suffix - 0_
          - suffixed key columns - {id1_5_0_}
          - JOIN (JoinDefinedByMetadata(address)) : &lt;gen:0&gt; -&gt; &lt;gen:1&gt;
             - CompositeQuerySpaceImpl(uid=&lt;gen:1&gt;)
                - SQL table alias mapping - party0_

12:23:08.061 [main] [o.h.l.e.p.EntityLoader] DEBUG org.hibernate.loader.entity.plan.EntityLoader - Static select for entity org.solent.com504.project.model.party.dto.Party [UPGRADE]: select party0_.id as id1_5_0_, party0_.addressLine1 as addressL2_5_0_, party0_.addressLine2 as addressL3_5_0_, party0_.country as country4_5_0_, party0_.county as county5_5_0_, party0_.latitude as latitude6_5_0_, party0_.longitude as longitud7_5_0_, party0_.mobile as mobile8_5_0_, party0_.number as number9_5_0_, party0_.postcode as postcod10_5_0_, party0_.telephone as telepho11_5_0_, party0_.enabled as enabled12_5_0_, party0_.firstName as firstNa13_5_0_, party0_.partyRole as partyRo14_5_0_, party0_.partyStatus as partySt15_5_0_, party0_.secondName as secondN16_5_0_, party0_.uuid as uuid17_5_0_ from Party party0_ where party0_.id=? for update
12:23:08.061 [main] [o.h.l.p.b.i.s.QuerySpacesImpl] DEBUG org.hibernate.loader.plan.build.internal.spaces.QuerySpacesImpl - Adding QuerySpace : uid = &lt;gen:0&gt; -&gt; org.hibernate.loader.plan.build.internal.spaces.EntityQuerySpaceImpl@7d247660]
12:23:08.061 [main] [o.h.p.w.s.MetamodelGraphWalker] DEBUG org.hibernate.persister.walking.spi.MetamodelGraphWalker - Visiting attribute path : address
12:23:08.061 [main] [o.h.l.p.b.i.s.QuerySpacesImpl] DEBUG org.hibernate.loader.plan.build.internal.spaces.QuerySpacesImpl - Adding QuerySpace : uid = &lt;gen:1&gt; -&gt; org.hibernate.loader.plan.build.internal.spaces.CompositeQuerySpaceImpl@49d30c6f]
12:23:08.061 [main] [o.h.p.w.s.MetamodelGraphWalker] DEBUG org.hibernate.persister.walking.spi.MetamodelGraphWalker - Visiting attribute path : address.addressLine1
12:23:08.061 [main] [o.h.p.w.s.MetamodelGraphWalker] DEBUG org.hibernate.persister.walking.spi.MetamodelGraphWalker - Visiting attribute path : address.addressLine2
12:23:08.061 [main] [o.h.p.w.s.MetamodelGraphWalker] DEBUG org.hibernate.persister.walking.spi.MetamodelGraphWalker - Visiting attribute path : address.country
12:23:08.061 [main] [o.h.p.w.s.MetamodelGraphWalker] DEBUG org.hibernate.persister.walking.spi.MetamodelGraphWalker - Visiting attribute path : address.county
12:23:08.061 [main] [o.h.p.w.s.MetamodelGraphWalker] DEBUG org.hibernate.persister.walking.spi.MetamodelGraphWalker - Visiting attribute path : address.latitude
12:23:08.061 [main] [o.h.p.w.s.MetamodelGraphWalker] DEBUG org.hibernate.persister.walking.spi.MetamodelGraphWalker - Visiting attribute path : address.longitude
12:23:08.061 [main] [o.h.p.w.s.MetamodelGraphWalker] DEBUG org.hibernate.persister.walking.spi.MetamodelGraphWalker - Visiting attribute path : address.mobile
12:23:08.061 [main] [o.h.p.w.s.MetamodelGraphWalker] DEBUG org.hibernate.persister.walking.spi.MetamodelGraphWalker - Visiting attribute path : address.number
12:23:08.061 [main] [o.h.p.w.s.MetamodelGraphWalker] DEBUG org.hibernate.persister.walking.spi.MetamodelGraphWalker - Visiting attribute path : address.postcode
12:23:08.061 [main] [o.h.p.w.s.MetamodelGraphWalker] DEBUG org.hibernate.persister.walking.spi.MetamodelGraphWalker - Visiting attribute path : address.telephone
12:23:08.061 [main] [o.h.p.w.s.MetamodelGraphWalker] DEBUG org.hibernate.persister.walking.spi.MetamodelGraphWalker - Visiting attribute path : enabled
12:23:08.061 [main] [o.h.p.w.s.MetamodelGraphWalker] DEBUG org.hibernate.persister.walking.spi.MetamodelGraphWalker - Visiting attribute path : firstName
12:23:08.061 [main] [o.h.p.w.s.MetamodelGraphWalker] DEBUG org.hibernate.persister.walking.spi.MetamodelGraphWalker - Visiting attribute path : partyRole
12:23:08.061 [main] [o.h.p.w.s.MetamodelGraphWalker] DEBUG org.hibernate.persister.walking.spi.MetamodelGraphWalker - Visiting attribute path : partyStatus
12:23:08.061 [main] [o.h.p.w.s.MetamodelGraphWalker] DEBUG org.hibernate.persister.walking.spi.MetamodelGraphWalker - Visiting attribute path : secondName
12:23:08.061 [main] [o.h.p.w.s.MetamodelGraphWalker] DEBUG org.hibernate.persister.walking.spi.MetamodelGraphWalker - Visiting attribute path : users
12:23:08.061 [main] [o.h.l.p.b.i.s.QuerySpacesImpl] DEBUG org.hibernate.loader.plan.build.internal.spaces.QuerySpacesImpl - Adding QuerySpace : uid = &lt;gen:2&gt; -&gt; org.hibernate.loader.plan.build.internal.spaces.CollectionQuerySpaceImpl@4fdca00a]
12:23:08.061 [main] [o.h.l.p.b.i.s.QuerySpacesImpl] DEBUG org.hibernate.loader.plan.build.internal.spaces.QuerySpacesImpl - Adding QuerySpace : uid = &lt;gen:3&gt; -&gt; org.hibernate.loader.plan.build.internal.spaces.EntityQuerySpaceImpl@513b52af]
12:23:08.061 [main] [o.h.p.w.s.MetamodelGraphWalker] DEBUG org.hibernate.persister.walking.spi.MetamodelGraphWalker - Visiting attribute path : uuid
12:23:08.061 [main] [o.h.l.p.b.i.FetchStyleLoadPlanBuildingAssociationVisitationStrategy] DEBUG org.hibernate.loader.plan.build.internal.FetchStyleLoadPlanBuildingAssociationVisitationStrategy - Building LoadPlan...
12:23:08.061 [main] [o.h.l.p.e.i.LoadQueryJoinAndFetchProcessor] DEBUG org.hibernate.loader.plan.exec.internal.LoadQueryJoinAndFetchProcessor - processing queryspace &lt;gen:0&gt;
12:23:08.061 [main] [o.h.l.p.b.s.LoadPlanTreePrinter] DEBUG org.hibernate.loader.plan.build.spi.LoadPlanTreePrinter - LoadPlan(entity=org.solent.com504.project.model.party.dto.Party)
    - Returns
       - EntityReturnImpl(entity=org.solent.com504.project.model.party.dto.Party, querySpaceUid=&lt;gen:0&gt;, path=org.solent.com504.project.model.party.dto.Party)
          - CompositeAttributeFetchImpl(composite=org.solent.com504.project.model.party.dto.Address, querySpaceUid=&lt;gen:1&gt;, path=org.solent.com504.project.model.party.dto.Party.address)
          - CollectionAttributeFetchImpl(collection=org.solent.com504.project.model.party.dto.Party.users, querySpaceUid=&lt;gen:2&gt;, path=org.solent.com504.project.model.party.dto.Party.users)
             - (collection element) CollectionFetchableElementEntityGraph(entity=org.solent.com504.project.model.user.dto.User, querySpaceUid=&lt;gen:3&gt;, path=org.solent.com504.project.model.party.dto.Party.users.&lt;elements&gt;)
    - QuerySpaces
       - EntityQuerySpaceImpl(uid=&lt;gen:0&gt;, entity=org.solent.com504.project.model.party.dto.Party)
          - SQL table alias mapping - party0_
          - alias suffix - 0_
          - suffixed key columns - {id1_5_0_}
          - JOIN (JoinDefinedByMetadata(address)) : &lt;gen:0&gt; -&gt; &lt;gen:1&gt;
             - CompositeQuerySpaceImpl(uid=&lt;gen:1&gt;)
                - SQL table alias mapping - party0_

12:23:08.061 [main] [o.h.l.e.p.EntityLoader] DEBUG org.hibernate.loader.entity.plan.EntityLoader - Static select for entity org.solent.com504.project.model.party.dto.Party [UPGRADE_NOWAIT]: select party0_.id as id1_5_0_, party0_.addressLine1 as addressL2_5_0_, party0_.addressLine2 as addressL3_5_0_, party0_.country as country4_5_0_, party0_.county as county5_5_0_, party0_.latitude as latitude6_5_0_, party0_.longitude as longitud7_5_0_, party0_.mobile as mobile8_5_0_, party0_.number as number9_5_0_, party0_.postcode as postcod10_5_0_, party0_.telephone as telepho11_5_0_, party0_.enabled as enabled12_5_0_, party0_.firstName as firstNa13_5_0_, party0_.partyRole as partyRo14_5_0_, party0_.partyStatus as partySt15_5_0_, party0_.secondName as secondN16_5_0_, party0_.uuid as uuid17_5_0_ from Party party0_ where party0_.id=? for update
12:23:08.061 [main] [o.h.l.p.b.i.s.QuerySpacesImpl] DEBUG org.hibernate.loader.plan.build.internal.spaces.QuerySpacesImpl - Adding QuerySpace : uid = &lt;gen:0&gt; -&gt; org.hibernate.loader.plan.build.internal.spaces.EntityQuerySpaceImpl@5a8c93]
12:23:08.061 [main] [o.h.p.w.s.MetamodelGraphWalker] DEBUG org.hibernate.persister.walking.spi.MetamodelGraphWalker - Visiting attribute path : address
12:23:08.061 [main] [o.h.l.p.b.i.s.QuerySpacesImpl] DEBUG org.hibernate.loader.plan.build.internal.spaces.QuerySpacesImpl - Adding QuerySpace : uid = &lt;gen:1&gt; -&gt; org.hibernate.loader.plan.build.internal.spaces.CompositeQuerySpaceImpl@119b0892]
12:23:08.061 [main] [o.h.p.w.s.MetamodelGraphWalker] DEBUG org.hibernate.persister.walking.spi.MetamodelGraphWalker - Visiting attribute path : address.addressLine1
12:23:08.061 [main] [o.h.p.w.s.MetamodelGraphWalker] DEBUG org.hibernate.persister.walking.spi.MetamodelGraphWalker - Visiting attribute path : address.addressLine2
12:23:08.061 [main] [o.h.p.w.s.MetamodelGraphWalker] DEBUG org.hibernate.persister.walking.spi.MetamodelGraphWalker - Visiting attribute path : address.country
12:23:08.061 [main] [o.h.p.w.s.MetamodelGraphWalker] DEBUG org.hibernate.persister.walking.spi.MetamodelGraphWalker - Visiting attribute path : address.county
12:23:08.061 [main] [o.h.p.w.s.MetamodelGraphWalker] DEBUG org.hibernate.persister.walking.spi.MetamodelGraphWalker - Visiting attribute path : address.latitude
12:23:08.061 [main] [o.h.p.w.s.MetamodelGraphWalker] DEBUG org.hibernate.persister.walking.spi.MetamodelGraphWalker - Visiting attribute path : address.longitude
12:23:08.061 [main] [o.h.p.w.s.MetamodelGraphWalker] DEBUG org.hibernate.persister.walking.spi.MetamodelGraphWalker - Visiting attribute path : address.mobile
12:23:08.061 [main] [o.h.p.w.s.MetamodelGraphWalker] DEBUG org.hibernate.persister.walking.spi.MetamodelGraphWalker - Visiting attribute path : address.number
12:23:08.061 [main] [o.h.p.w.s.MetamodelGraphWalker] DEBUG org.hibernate.persister.walking.spi.MetamodelGraphWalker - Visiting attribute path : address.postcode
12:23:08.061 [main] [o.h.p.w.s.MetamodelGraphWalker] DEBUG org.hibernate.persister.walking.spi.MetamodelGraphWalker - Visiting attribute path : address.telephone
12:23:08.061 [main] [o.h.p.w.s.MetamodelGraphWalker] DEBUG org.hibernate.persister.walking.spi.MetamodelGraphWalker - Visiting attribute path : enabled
12:23:08.061 [main] [o.h.p.w.s.MetamodelGraphWalker] DEBUG org.hibernate.persister.walking.spi.MetamodelGraphWalker - Visiting attribute path : firstName
12:23:08.061 [main] [o.h.p.w.s.MetamodelGraphWalker] DEBUG org.hibernate.persister.walking.spi.MetamodelGraphWalker - Visiting attribute path : partyRole
12:23:08.061 [main] [o.h.p.w.s.MetamodelGraphWalker] DEBUG org.hibernate.persister.walking.spi.MetamodelGraphWalker - Visiting attribute path : partyStatus
12:23:08.061 [main] [o.h.p.w.s.MetamodelGraphWalker] DEBUG org.hibernate.persister.walking.spi.MetamodelGraphWalker - Visiting attribute path : secondName
12:23:08.061 [main] [o.h.p.w.s.MetamodelGraphWalker] DEBUG org.hibernate.persister.walking.spi.MetamodelGraphWalker - Visiting attribute path : users
12:23:08.061 [main] [o.h.l.p.b.i.s.QuerySpacesImpl] DEBUG org.hibernate.loader.plan.build.internal.spaces.QuerySpacesImpl - Adding QuerySpace : uid = &lt;gen:2&gt; -&gt; org.hibernate.loader.plan.build.internal.spaces.CollectionQuerySpaceImpl@4ed4a7e4]
12:23:08.061 [main] [o.h.l.p.b.i.s.QuerySpacesImpl] DEBUG org.hibernate.loader.plan.build.internal.spaces.QuerySpacesImpl - Adding QuerySpace : uid = &lt;gen:3&gt; -&gt; org.hibernate.loader.plan.build.internal.spaces.EntityQuerySpaceImpl@1c7350b0]
12:23:08.061 [main] [o.h.p.w.s.MetamodelGraphWalker] DEBUG org.hibernate.persister.walking.spi.MetamodelGraphWalker - Visiting attribute path : uuid
12:23:08.061 [main] [o.h.l.p.b.i.FetchStyleLoadPlanBuildingAssociationVisitationStrategy] DEBUG org.hibernate.loader.plan.build.internal.FetchStyleLoadPlanBuildingAssociationVisitationStrategy - Building LoadPlan...
12:23:08.061 [main] [o.h.l.p.e.i.LoadQueryJoinAndFetchProcessor] DEBUG org.hibernate.loader.plan.exec.internal.LoadQueryJoinAndFetchProcessor - processing queryspace &lt;gen:0&gt;
12:23:08.061 [main] [o.h.l.p.b.s.LoadPlanTreePrinter] DEBUG org.hibernate.loader.plan.build.spi.LoadPlanTreePrinter - LoadPlan(entity=org.solent.com504.project.model.party.dto.Party)
    - Returns
       - EntityReturnImpl(entity=org.solent.com504.project.model.party.dto.Party, querySpaceUid=&lt;gen:0&gt;, path=org.solent.com504.project.model.party.dto.Party)
          - CompositeAttributeFetchImpl(composite=org.solent.com504.project.model.party.dto.Address, querySpaceUid=&lt;gen:1&gt;, path=org.solent.com504.project.model.party.dto.Party.address)
          - CollectionAttributeFetchImpl(collection=org.solent.com504.project.model.party.dto.Party.users, querySpaceUid=&lt;gen:2&gt;, path=org.solent.com504.project.model.party.dto.Party.users)
             - (collection element) CollectionFetchableElementEntityGraph(entity=org.solent.com504.project.model.user.dto.User, querySpaceUid=&lt;gen:3&gt;, path=org.solent.com504.project.model.party.dto.Party.users.&lt;elements&gt;)
    - QuerySpaces
       - EntityQuerySpaceImpl(uid=&lt;gen:0&gt;, entity=org.solent.com504.project.model.party.dto.Party)
          - SQL table alias mapping - party0_
          - alias suffix - 0_
          - suffixed key columns - {id1_5_0_}
          - JOIN (JoinDefinedByMetadata(address)) : &lt;gen:0&gt; -&gt; &lt;gen:1&gt;
             - CompositeQuerySpaceImpl(uid=&lt;gen:1&gt;)
                - SQL table alias mapping - party0_

12:23:08.061 [main] [o.h.l.e.p.EntityLoader] DEBUG org.hibernate.loader.entity.plan.EntityLoader - Static select for entity org.solent.com504.project.model.party.dto.Party [UPGRADE_SKIPLOCKED]: select party0_.id as id1_5_0_, party0_.addressLine1 as addressL2_5_0_, party0_.addressLine2 as addressL3_5_0_, party0_.country as country4_5_0_, party0_.county as county5_5_0_, party0_.latitude as latitude6_5_0_, party0_.longitude as longitud7_5_0_, party0_.mobile as mobile8_5_0_, party0_.number as number9_5_0_, party0_.postcode as postcod10_5_0_, party0_.telephone as telepho11_5_0_, party0_.enabled as enabled12_5_0_, party0_.firstName as firstNa13_5_0_, party0_.partyRole as partyRo14_5_0_, party0_.partyStatus as partySt15_5_0_, party0_.secondName as secondN16_5_0_, party0_.uuid as uuid17_5_0_ from Party party0_ where party0_.id=? for update
12:23:08.061 [main] [o.h.l.p.b.i.s.QuerySpacesImpl] DEBUG org.hibernate.loader.plan.build.internal.spaces.QuerySpacesImpl - Adding QuerySpace : uid = &lt;gen:0&gt; -&gt; org.hibernate.loader.plan.build.internal.spaces.EntityQuerySpaceImpl@55651434]
12:23:08.061 [main] [o.h.p.w.s.MetamodelGraphWalker] DEBUG org.hibernate.persister.walking.spi.MetamodelGraphWalker - Visiting attribute path : address
12:23:08.061 [main] [o.h.l.p.b.i.s.QuerySpacesImpl] DEBUG org.hibernate.loader.plan.build.internal.spaces.QuerySpacesImpl - Adding QuerySpace : uid = &lt;gen:1&gt; -&gt; org.hibernate.loader.plan.build.internal.spaces.CompositeQuerySpaceImpl@50448409]
12:23:08.061 [main] [o.h.p.w.s.MetamodelGraphWalker] DEBUG org.hibernate.persister.walking.spi.MetamodelGraphWalker - Visiting attribute path : address.addressLine1
12:23:08.061 [main] [o.h.p.w.s.MetamodelGraphWalker] DEBUG org.hibernate.persister.walking.spi.MetamodelGraphWalker - Visiting attribute path : address.addressLine2
12:23:08.061 [main] [o.h.p.w.s.MetamodelGraphWalker] DEBUG org.hibernate.persister.walking.spi.MetamodelGraphWalker - Visiting attribute path : address.country
12:23:08.061 [main] [o.h.p.w.s.MetamodelGraphWalker] DEBUG org.hibernate.persister.walking.spi.MetamodelGraphWalker - Visiting attribute path : address.county
12:23:08.061 [main] [o.h.p.w.s.MetamodelGraphWalker] DEBUG org.hibernate.persister.walking.spi.MetamodelGraphWalker - Visiting attribute path : address.latitude
12:23:08.061 [main] [o.h.p.w.s.MetamodelGraphWalker] DEBUG org.hibernate.persister.walking.spi.MetamodelGraphWalker - Visiting attribute path : address.longitude
12:23:08.061 [main] [o.h.p.w.s.MetamodelGraphWalker] DEBUG org.hibernate.persister.walking.spi.MetamodelGraphWalker - Visiting attribute path : address.mobile
12:23:08.061 [main] [o.h.p.w.s.MetamodelGraphWalker] DEBUG org.hibernate.persister.walking.spi.MetamodelGraphWalker - Visiting attribute path : address.number
12:23:08.061 [main] [o.h.p.w.s.MetamodelGraphWalker] DEBUG org.hibernate.persister.walking.spi.MetamodelGraphWalker - Visiting attribute path : address.postcode
12:23:08.061 [main] [o.h.p.w.s.MetamodelGraphWalker] DEBUG org.hibernate.persister.walking.spi.MetamodelGraphWalker - Visiting attribute path : address.telephone
12:23:08.061 [main] [o.h.p.w.s.MetamodelGraphWalker] DEBUG org.hibernate.persister.walking.spi.MetamodelGraphWalker - Visiting attribute path : enabled
12:23:08.061 [main] [o.h.p.w.s.MetamodelGraphWalker] DEBUG org.hibernate.persister.walking.spi.MetamodelGraphWalker - Visiting attribute path : firstName
12:23:08.061 [main] [o.h.p.w.s.MetamodelGraphWalker] DEBUG org.hibernate.persister.walking.spi.MetamodelGraphWalker - Visiting attribute path : partyRole
12:23:08.061 [main] [o.h.p.w.s.MetamodelGraphWalker] DEBUG org.hibernate.persister.walking.spi.MetamodelGraphWalker - Visiting attribute path : partyStatus
12:23:08.061 [main] [o.h.p.w.s.MetamodelGraphWalker] DEBUG org.hibernate.persister.walking.spi.MetamodelGraphWalker - Visiting attribute path : secondName
12:23:08.061 [main] [o.h.p.w.s.MetamodelGraphWalker] DEBUG org.hibernate.persister.walking.spi.MetamodelGraphWalker - Visiting attribute path : users
12:23:08.061 [main] [o.h.l.p.b.i.s.QuerySpacesImpl] DEBUG org.hibernate.loader.plan.build.internal.spaces.QuerySpacesImpl - Adding QuerySpace : uid = &lt;gen:2&gt; -&gt; org.hibernate.loader.plan.build.internal.spaces.CollectionQuerySpaceImpl@2b0dc227]
12:23:08.061 [main] [o.h.l.p.b.i.s.QuerySpacesImpl] DEBUG org.hibernate.loader.plan.build.internal.spaces.QuerySpacesImpl - Adding QuerySpace : uid = &lt;gen:3&gt; -&gt; org.hibernate.loader.plan.build.internal.spaces.EntityQuerySpaceImpl@37ad042b]
12:23:08.061 [main] [o.h.p.w.s.MetamodelGraphWalker] DEBUG org.hibernate.persister.walking.spi.MetamodelGraphWalker - Visiting attribute path : uuid
12:23:08.061 [main] [o.h.l.p.b.i.FetchStyleLoadPlanBuildingAssociationVisitationStrategy] DEBUG org.hibernate.loader.plan.build.internal.FetchStyleLoadPlanBuildingAssociationVisitationStrategy - Building LoadPlan...
12:23:08.061 [main] [o.h.l.p.e.i.LoadQueryJoinAndFetchProcessor] DEBUG org.hibernate.loader.plan.exec.internal.LoadQueryJoinAndFetchProcessor - processing queryspace &lt;gen:0&gt;
12:23:08.061 [main] [o.h.l.p.b.s.LoadPlanTreePrinter] DEBUG org.hibernate.loader.plan.build.spi.LoadPlanTreePrinter - LoadPlan(entity=org.solent.com504.project.model.party.dto.Party)
    - Returns
       - EntityReturnImpl(entity=org.solent.com504.project.model.party.dto.Party, querySpaceUid=&lt;gen:0&gt;, path=org.solent.com504.project.model.party.dto.Party)
          - CompositeAttributeFetchImpl(composite=org.solent.com504.project.model.party.dto.Address, querySpaceUid=&lt;gen:1&gt;, path=org.solent.com504.project.model.party.dto.Party.address)
          - CollectionAttributeFetchImpl(collection=org.solent.com504.project.model.party.dto.Party.users, querySpaceUid=&lt;gen:2&gt;, path=org.solent.com504.project.model.party.dto.Party.users)
             - (collection element) CollectionFetchableElementEntityGraph(entity=org.solent.com504.project.model.user.dto.User, querySpaceUid=&lt;gen:3&gt;, path=org.solent.com504.project.model.party.dto.Party.users.&lt;elements&gt;)
    - QuerySpaces
       - EntityQuerySpaceImpl(uid=&lt;gen:0&gt;, entity=org.solent.com504.project.model.party.dto.Party)
          - SQL table alias mapping - party0_
          - alias suffix - 0_
          - suffixed key columns - {id1_5_0_}
          - JOIN (JoinDefinedByMetadata(address)) : &lt;gen:0&gt; -&gt; &lt;gen:1&gt;
             - CompositeQuerySpaceImpl(uid=&lt;gen:1&gt;)
                - SQL table alias mapping - party0_

12:23:08.061 [main] [o.h.l.e.p.EntityLoader] DEBUG org.hibernate.loader.entity.plan.EntityLoader - Static select for entity org.solent.com504.project.model.party.dto.Party [FORCE]: select party0_.id as id1_5_0_, party0_.addressLine1 as addressL2_5_0_, party0_.addressLine2 as addressL3_5_0_, party0_.country as country4_5_0_, party0_.county as county5_5_0_, party0_.latitude as latitude6_5_0_, party0_.longitude as longitud7_5_0_, party0_.mobile as mobile8_5_0_, party0_.number as number9_5_0_, party0_.postcode as postcod10_5_0_, party0_.telephone as telepho11_5_0_, party0_.enabled as enabled12_5_0_, party0_.firstName as firstNa13_5_0_, party0_.partyRole as partyRo14_5_0_, party0_.partyStatus as partySt15_5_0_, party0_.secondName as secondN16_5_0_, party0_.uuid as uuid17_5_0_ from Party party0_ where party0_.id=? for update
12:23:08.061 [main] [o.h.l.p.b.i.s.QuerySpacesImpl] DEBUG org.hibernate.loader.plan.build.internal.spaces.QuerySpacesImpl - Adding QuerySpace : uid = &lt;gen:0&gt; -&gt; org.hibernate.loader.plan.build.internal.spaces.EntityQuerySpaceImpl@43bdaa1b]
12:23:08.061 [main] [o.h.p.w.s.MetamodelGraphWalker] DEBUG org.hibernate.persister.walking.spi.MetamodelGraphWalker - Visiting attribute path : address
12:23:08.061 [main] [o.h.l.p.b.i.s.QuerySpacesImpl] DEBUG org.hibernate.loader.plan.build.internal.spaces.QuerySpacesImpl - Adding QuerySpace : uid = &lt;gen:1&gt; -&gt; org.hibernate.loader.plan.build.internal.spaces.CompositeQuerySpaceImpl@75e09567]
12:23:08.061 [main] [o.h.p.w.s.MetamodelGraphWalker] DEBUG org.hibernate.persister.walking.spi.MetamodelGraphWalker - Visiting attribute path : address.addressLine1
12:23:08.061 [main] [o.h.p.w.s.MetamodelGraphWalker] DEBUG org.hibernate.persister.walking.spi.MetamodelGraphWalker - Visiting attribute path : address.addressLine2
12:23:08.061 [main] [o.h.p.w.s.MetamodelGraphWalker] DEBUG org.hibernate.persister.walking.spi.MetamodelGraphWalker - Visiting attribute path : address.country
12:23:08.061 [main] [o.h.p.w.s.MetamodelGraphWalker] DEBUG org.hibernate.persister.walking.spi.MetamodelGraphWalker - Visiting attribute path : address.county
12:23:08.061 [main] [o.h.p.w.s.MetamodelGraphWalker] DEBUG org.hibernate.persister.walking.spi.MetamodelGraphWalker - Visiting attribute path : address.latitude
12:23:08.061 [main] [o.h.p.w.s.MetamodelGraphWalker] DEBUG org.hibernate.persister.walking.spi.MetamodelGraphWalker - Visiting attribute path : address.longitude
12:23:08.061 [main] [o.h.p.w.s.MetamodelGraphWalker] DEBUG org.hibernate.persister.walking.spi.MetamodelGraphWalker - Visiting attribute path : address.mobile
12:23:08.061 [main] [o.h.p.w.s.MetamodelGraphWalker] DEBUG org.hibernate.persister.walking.spi.MetamodelGraphWalker - Visiting attribute path : address.number
12:23:08.061 [main] [o.h.p.w.s.MetamodelGraphWalker] DEBUG org.hibernate.persister.walking.spi.MetamodelGraphWalker - Visiting attribute path : address.postcode
12:23:08.061 [main] [o.h.p.w.s.MetamodelGraphWalker] DEBUG org.hibernate.persister.walking.spi.MetamodelGraphWalker - Visiting attribute path : address.telephone
12:23:08.061 [main] [o.h.p.w.s.MetamodelGraphWalker] DEBUG org.hibernate.persister.walking.spi.MetamodelGraphWalker - Visiting attribute path : enabled
12:23:08.061 [main] [o.h.p.w.s.MetamodelGraphWalker] DEBUG org.hibernate.persister.walking.spi.MetamodelGraphWalker - Visiting attribute path : firstName
12:23:08.061 [main] [o.h.p.w.s.MetamodelGraphWalker] DEBUG org.hibernate.persister.walking.spi.MetamodelGraphWalker - Visiting attribute path : partyRole
12:23:08.061 [main] [o.h.p.w.s.MetamodelGraphWalker] DEBUG org.hibernate.persister.walking.spi.MetamodelGraphWalker - Visiting attribute path : partyStatus
12:23:08.061 [main] [o.h.p.w.s.MetamodelGraphWalker] DEBUG org.hibernate.persister.walking.spi.MetamodelGraphWalker - Visiting attribute path : secondName
12:23:08.061 [main] [o.h.p.w.s.MetamodelGraphWalker] DEBUG org.hibernate.persister.walking.spi.MetamodelGraphWalker - Visiting attribute path : users
12:23:08.061 [main] [o.h.l.p.b.i.s.QuerySpacesImpl] DEBUG org.hibernate.loader.plan.build.internal.spaces.QuerySpacesImpl - Adding QuerySpace : uid = &lt;gen:2&gt; -&gt; org.hibernate.loader.plan.build.internal.spaces.CollectionQuerySpaceImpl@470d183]
12:23:08.061 [main] [o.h.l.p.b.i.s.QuerySpacesImpl] DEBUG org.hibernate.loader.plan.build.internal.spaces.QuerySpacesImpl - Adding QuerySpace : uid = &lt;gen:3&gt; -&gt; org.hibernate.loader.plan.build.internal.spaces.EntityQuerySpaceImpl@7f9fc8bd]
12:23:08.061 [main] [o.h.p.w.s.MetamodelGraphWalker] DEBUG org.hibernate.persister.walking.spi.MetamodelGraphWalker - Visiting attribute path : uuid
12:23:08.061 [main] [o.h.l.p.b.i.FetchStyleLoadPlanBuildingAssociationVisitationStrategy] DEBUG org.hibernate.loader.plan.build.internal.FetchStyleLoadPlanBuildingAssociationVisitationStrategy - Building LoadPlan...
12:23:08.061 [main] [o.h.l.p.e.i.LoadQueryJoinAndFetchProcessor] DEBUG org.hibernate.loader.plan.exec.internal.LoadQueryJoinAndFetchProcessor - processing queryspace &lt;gen:0&gt;
12:23:08.077 [main] [o.h.l.p.b.s.LoadPlanTreePrinter] DEBUG org.hibernate.loader.plan.build.spi.LoadPlanTreePrinter - LoadPlan(entity=org.solent.com504.project.model.party.dto.Party)
    - Returns
       - EntityReturnImpl(entity=org.solent.com504.project.model.party.dto.Party, querySpaceUid=&lt;gen:0&gt;, path=org.solent.com504.project.model.party.dto.Party)
          - CompositeAttributeFetchImpl(composite=org.solent.com504.project.model.party.dto.Address, querySpaceUid=&lt;gen:1&gt;, path=org.solent.com504.project.model.party.dto.Party.address)
          - CollectionAttributeFetchImpl(collection=org.solent.com504.project.model.party.dto.Party.users, querySpaceUid=&lt;gen:2&gt;, path=org.solent.com504.project.model.party.dto.Party.users)
             - (collection element) CollectionFetchableElementEntityGraph(entity=org.solent.com504.project.model.user.dto.User, querySpaceUid=&lt;gen:3&gt;, path=org.solent.com504.project.model.party.dto.Party.users.&lt;elements&gt;)
    - QuerySpaces
       - EntityQuerySpaceImpl(uid=&lt;gen:0&gt;, entity=org.solent.com504.project.model.party.dto.Party)
          - SQL table alias mapping - party0_
          - alias suffix - 0_
          - suffixed key columns - {id1_5_0_}
          - JOIN (JoinDefinedByMetadata(address)) : &lt;gen:0&gt; -&gt; &lt;gen:1&gt;
             - CompositeQuerySpaceImpl(uid=&lt;gen:1&gt;)
                - SQL table alias mapping - party0_

12:23:08.077 [main] [o.h.l.e.p.EntityLoader] DEBUG org.hibernate.loader.entity.plan.EntityLoader - Static select for entity org.solent.com504.project.model.party.dto.Party [PESSIMISTIC_READ]: select party0_.id as id1_5_0_, party0_.addressLine1 as addressL2_5_0_, party0_.addressLine2 as addressL3_5_0_, party0_.country as country4_5_0_, party0_.county as county5_5_0_, party0_.latitude as latitude6_5_0_, party0_.longitude as longitud7_5_0_, party0_.mobile as mobile8_5_0_, party0_.number as number9_5_0_, party0_.postcode as postcod10_5_0_, party0_.telephone as telepho11_5_0_, party0_.enabled as enabled12_5_0_, party0_.firstName as firstNa13_5_0_, party0_.partyRole as partyRo14_5_0_, party0_.partyStatus as partySt15_5_0_, party0_.secondName as secondN16_5_0_, party0_.uuid as uuid17_5_0_ from Party party0_ where party0_.id=? for update
12:23:08.077 [main] [o.h.l.p.b.i.s.QuerySpacesImpl] DEBUG org.hibernate.loader.plan.build.internal.spaces.QuerySpacesImpl - Adding QuerySpace : uid = &lt;gen:0&gt; -&gt; org.hibernate.loader.plan.build.internal.spaces.EntityQuerySpaceImpl@ea52184]
12:23:08.077 [main] [o.h.p.w.s.MetamodelGraphWalker] DEBUG org.hibernate.persister.walking.spi.MetamodelGraphWalker - Visiting attribute path : address
12:23:08.077 [main] [o.h.l.p.b.i.s.QuerySpacesImpl] DEBUG org.hibernate.loader.plan.build.internal.spaces.QuerySpacesImpl - Adding QuerySpace : uid = &lt;gen:1&gt; -&gt; org.hibernate.loader.plan.build.internal.spaces.CompositeQuerySpaceImpl@3c854752]
12:23:08.077 [main] [o.h.p.w.s.MetamodelGraphWalker] DEBUG org.hibernate.persister.walking.spi.MetamodelGraphWalker - Visiting attribute path : address.addressLine1
12:23:08.077 [main] [o.h.p.w.s.MetamodelGraphWalker] DEBUG org.hibernate.persister.walking.spi.MetamodelGraphWalker - Visiting attribute path : address.addressLine2
12:23:08.077 [main] [o.h.p.w.s.MetamodelGraphWalker] DEBUG org.hibernate.persister.walking.spi.MetamodelGraphWalker - Visiting attribute path : address.country
12:23:08.077 [main] [o.h.p.w.s.MetamodelGraphWalker] DEBUG org.hibernate.persister.walking.spi.MetamodelGraphWalker - Visiting attribute path : address.county
12:23:08.077 [main] [o.h.p.w.s.MetamodelGraphWalker] DEBUG org.hibernate.persister.walking.spi.MetamodelGraphWalker - Visiting attribute path : address.latitude
12:23:08.077 [main] [o.h.p.w.s.MetamodelGraphWalker] DEBUG org.hibernate.persister.walking.spi.MetamodelGraphWalker - Visiting attribute path : address.longitude
12:23:08.077 [main] [o.h.p.w.s.MetamodelGraphWalker] DEBUG org.hibernate.persister.walking.spi.MetamodelGraphWalker - Visiting attribute path : address.mobile
12:23:08.077 [main] [o.h.p.w.s.MetamodelGraphWalker] DEBUG org.hibernate.persister.walking.spi.MetamodelGraphWalker - Visiting attribute path : address.number
12:23:08.077 [main] [o.h.p.w.s.MetamodelGraphWalker] DEBUG org.hibernate.persister.walking.spi.MetamodelGraphWalker - Visiting attribute path : address.postcode
12:23:08.077 [main] [o.h.p.w.s.MetamodelGraphWalker] DEBUG org.hibernate.persister.walking.spi.MetamodelGraphWalker - Visiting attribute path : address.telephone
12:23:08.077 [main] [o.h.p.w.s.MetamodelGraphWalker] DEBUG org.hibernate.persister.walking.spi.MetamodelGraphWalker - Visiting attribute path : enabled
12:23:08.077 [main] [o.h.p.w.s.MetamodelGraphWalker] DEBUG org.hibernate.persister.walking.spi.MetamodelGraphWalker - Visiting attribute path : firstName
12:23:08.077 [main] [o.h.p.w.s.MetamodelGraphWalker] DEBUG org.hibernate.persister.walking.spi.MetamodelGraphWalker - Visiting attribute path : partyRole
12:23:08.077 [main] [o.h.p.w.s.MetamodelGraphWalker] DEBUG org.hibernate.persister.walking.spi.MetamodelGraphWalker - Visiting attribute path : partyStatus
12:23:08.077 [main] [o.h.p.w.s.MetamodelGraphWalker] DEBUG org.hibernate.persister.walking.spi.MetamodelGraphWalker - Visiting attribute path : secondName
12:23:08.077 [main] [o.h.p.w.s.MetamodelGraphWalker] DEBUG org.hibernate.persister.walking.spi.MetamodelGraphWalker - Visiting attribute path : users
12:23:08.077 [main] [o.h.l.p.b.i.s.QuerySpacesImpl] DEBUG org.hibernate.loader.plan.build.internal.spaces.QuerySpacesImpl - Adding QuerySpace : uid = &lt;gen:2&gt; -&gt; org.hibernate.loader.plan.build.internal.spaces.CollectionQuerySpaceImpl@1a500561]
12:23:08.077 [main] [o.h.l.p.b.i.s.QuerySpacesImpl] DEBUG org.hibernate.loader.plan.build.internal.spaces.QuerySpacesImpl - Adding QuerySpace : uid = &lt;gen:3&gt; -&gt; org.hibernate.loader.plan.build.internal.spaces.EntityQuerySpaceImpl@7f608e21]
12:23:08.077 [main] [o.h.p.w.s.MetamodelGraphWalker] DEBUG org.hibernate.persister.walking.spi.MetamodelGraphWalker - Visiting attribute path : uuid
12:23:08.077 [main] [o.h.l.p.b.i.FetchStyleLoadPlanBuildingAssociationVisitationStrategy] DEBUG org.hibernate.loader.plan.build.internal.FetchStyleLoadPlanBuildingAssociationVisitationStrategy - Building LoadPlan...
12:23:08.077 [main] [o.h.l.p.e.i.LoadQueryJoinAndFetchProcessor] DEBUG org.hibernate.loader.plan.exec.internal.LoadQueryJoinAndFetchProcessor - processing queryspace &lt;gen:0&gt;
12:23:08.077 [main] [o.h.l.p.b.s.LoadPlanTreePrinter] DEBUG org.hibernate.loader.plan.build.spi.LoadPlanTreePrinter - LoadPlan(entity=org.solent.com504.project.model.party.dto.Party)
    - Returns
       - EntityReturnImpl(entity=org.solent.com504.project.model.party.dto.Party, querySpaceUid=&lt;gen:0&gt;, path=org.solent.com504.project.model.party.dto.Party)
          - CompositeAttributeFetchImpl(composite=org.solent.com504.project.model.party.dto.Address, querySpaceUid=&lt;gen:1&gt;, path=org.solent.com504.project.model.party.dto.Party.address)
          - CollectionAttributeFetchImpl(collection=org.solent.com504.project.model.party.dto.Party.users, querySpaceUid=&lt;gen:2&gt;, path=org.solent.com504.project.model.party.dto.Party.users)
             - (collection element) CollectionFetchableElementEntityGraph(entity=org.solent.com504.project.model.user.dto.User, querySpaceUid=&lt;gen:3&gt;, path=org.solent.com504.project.model.party.dto.Party.users.&lt;elements&gt;)
    - QuerySpaces
       - EntityQuerySpaceImpl(uid=&lt;gen:0&gt;, entity=org.solent.com504.project.model.party.dto.Party)
          - SQL table alias mapping - party0_
          - alias suffix - 0_
          - suffixed key columns - {id1_5_0_}
          - JOIN (JoinDefinedByMetadata(address)) : &lt;gen:0&gt; -&gt; &lt;gen:1&gt;
             - CompositeQuerySpaceImpl(uid=&lt;gen:1&gt;)
                - SQL table alias mapping - party0_

12:23:08.077 [main] [o.h.l.e.p.EntityLoader] DEBUG org.hibernate.loader.entity.plan.EntityLoader - Static select for entity org.solent.com504.project.model.party.dto.Party [PESSIMISTIC_WRITE]: select party0_.id as id1_5_0_, party0_.addressLine1 as addressL2_5_0_, party0_.addressLine2 as addressL3_5_0_, party0_.country as country4_5_0_, party0_.county as county5_5_0_, party0_.latitude as latitude6_5_0_, party0_.longitude as longitud7_5_0_, party0_.mobile as mobile8_5_0_, party0_.number as number9_5_0_, party0_.postcode as postcod10_5_0_, party0_.telephone as telepho11_5_0_, party0_.enabled as enabled12_5_0_, party0_.firstName as firstNa13_5_0_, party0_.partyRole as partyRo14_5_0_, party0_.partyStatus as partySt15_5_0_, party0_.secondName as secondN16_5_0_, party0_.uuid as uuid17_5_0_ from Party party0_ where party0_.id=? for update
12:23:08.077 [main] [o.h.l.p.b.i.s.QuerySpacesImpl] DEBUG org.hibernate.loader.plan.build.internal.spaces.QuerySpacesImpl - Adding QuerySpace : uid = &lt;gen:0&gt; -&gt; org.hibernate.loader.plan.build.internal.spaces.EntityQuerySpaceImpl@6949e948]
12:23:08.077 [main] [o.h.p.w.s.MetamodelGraphWalker] DEBUG org.hibernate.persister.walking.spi.MetamodelGraphWalker - Visiting attribute path : address
12:23:08.077 [main] [o.h.l.p.b.i.s.QuerySpacesImpl] DEBUG org.hibernate.loader.plan.build.internal.spaces.QuerySpacesImpl - Adding QuerySpace : uid = &lt;gen:1&gt; -&gt; org.hibernate.loader.plan.build.internal.spaces.CompositeQuerySpaceImpl@3bec5821]
12:23:08.077 [main] [o.h.p.w.s.MetamodelGraphWalker] DEBUG org.hibernate.persister.walking.spi.MetamodelGraphWalker - Visiting attribute path : address.addressLine1
12:23:08.077 [main] [o.h.p.w.s.MetamodelGraphWalker] DEBUG org.hibernate.persister.walking.spi.MetamodelGraphWalker - Visiting attribute path : address.addressLine2
12:23:08.077 [main] [o.h.p.w.s.MetamodelGraphWalker] DEBUG org.hibernate.persister.walking.spi.MetamodelGraphWalker - Visiting attribute path : address.country
12:23:08.077 [main] [o.h.p.w.s.MetamodelGraphWalker] DEBUG org.hibernate.persister.walking.spi.MetamodelGraphWalker - Visiting attribute path : address.county
12:23:08.077 [main] [o.h.p.w.s.MetamodelGraphWalker] DEBUG org.hibernate.persister.walking.spi.MetamodelGraphWalker - Visiting attribute path : address.latitude
12:23:08.077 [main] [o.h.p.w.s.MetamodelGraphWalker] DEBUG org.hibernate.persister.walking.spi.MetamodelGraphWalker - Visiting attribute path : address.longitude
12:23:08.077 [main] [o.h.p.w.s.MetamodelGraphWalker] DEBUG org.hibernate.persister.walking.spi.MetamodelGraphWalker - Visiting attribute path : address.mobile
12:23:08.077 [main] [o.h.p.w.s.MetamodelGraphWalker] DEBUG org.hibernate.persister.walking.spi.MetamodelGraphWalker - Visiting attribute path : address.number
12:23:08.077 [main] [o.h.p.w.s.MetamodelGraphWalker] DEBUG org.hibernate.persister.walking.spi.MetamodelGraphWalker - Visiting attribute path : address.postcode
12:23:08.077 [main] [o.h.p.w.s.MetamodelGraphWalker] DEBUG org.hibernate.persister.walking.spi.MetamodelGraphWalker - Visiting attribute path : address.telephone
12:23:08.077 [main] [o.h.p.w.s.MetamodelGraphWalker] DEBUG org.hibernate.persister.walking.spi.MetamodelGraphWalker - Visiting attribute path : enabled
12:23:08.077 [main] [o.h.p.w.s.MetamodelGraphWalker] DEBUG org.hibernate.persister.walking.spi.MetamodelGraphWalker - Visiting attribute path : firstName
12:23:08.077 [main] [o.h.p.w.s.MetamodelGraphWalker] DEBUG org.hibernate.persister.walking.spi.MetamodelGraphWalker - Visiting attribute path : partyRole
12:23:08.077 [main] [o.h.p.w.s.MetamodelGraphWalker] DEBUG org.hibernate.persister.walking.spi.MetamodelGraphWalker - Visiting attribute path : partyStatus
12:23:08.077 [main] [o.h.p.w.s.MetamodelGraphWalker] DEBUG org.hibernate.persister.walking.spi.MetamodelGraphWalker - Visiting attribute path : secondName
12:23:08.077 [main] [o.h.p.w.s.MetamodelGraphWalker] DEBUG org.hibernate.persister.walking.spi.MetamodelGraphWalker - Visiting attribute path : users
12:23:08.077 [main] [o.h.l.p.b.i.s.QuerySpacesImpl] DEBUG org.hibernate.loader.plan.build.internal.spaces.QuerySpacesImpl - Adding QuerySpace : uid = &lt;gen:2&gt; -&gt; org.hibernate.loader.plan.build.internal.spaces.CollectionQuerySpaceImpl@66236a0a]
12:23:08.077 [main] [o.h.l.p.b.i.s.QuerySpacesImpl] DEBUG org.hibernate.loader.plan.build.internal.spaces.QuerySpacesImpl - Adding QuerySpace : uid = &lt;gen:3&gt; -&gt; org.hibernate.loader.plan.build.internal.spaces.EntityQuerySpaceImpl@2e3572e8]
12:23:08.077 [main] [o.h.p.w.s.MetamodelGraphWalker] DEBUG org.hibernate.persister.walking.spi.MetamodelGraphWalker - Visiting attribute path : uuid
12:23:08.077 [main] [o.h.l.p.b.i.FetchStyleLoadPlanBuildingAssociationVisitationStrategy] DEBUG org.hibernate.loader.plan.build.internal.FetchStyleLoadPlanBuildingAssociationVisitationStrategy - Building LoadPlan...
12:23:08.077 [main] [o.h.l.p.e.i.LoadQueryJoinAndFetchProcessor] DEBUG org.hibernate.loader.plan.exec.internal.LoadQueryJoinAndFetchProcessor - processing queryspace &lt;gen:0&gt;
12:23:08.077 [main] [o.h.l.p.b.s.LoadPlanTreePrinter] DEBUG org.hibernate.loader.plan.build.spi.LoadPlanTreePrinter - LoadPlan(entity=org.solent.com504.project.model.party.dto.Party)
    - Returns
       - EntityReturnImpl(entity=org.solent.com504.project.model.party.dto.Party, querySpaceUid=&lt;gen:0&gt;, path=org.solent.com504.project.model.party.dto.Party)
          - CompositeAttributeFetchImpl(composite=org.solent.com504.project.model.party.dto.Address, querySpaceUid=&lt;gen:1&gt;, path=org.solent.com504.project.model.party.dto.Party.address)
          - CollectionAttributeFetchImpl(collection=org.solent.com504.project.model.party.dto.Party.users, querySpaceUid=&lt;gen:2&gt;, path=org.solent.com504.project.model.party.dto.Party.users)
             - (collection element) CollectionFetchableElementEntityGraph(entity=org.solent.com504.project.model.user.dto.User, querySpaceUid=&lt;gen:3&gt;, path=org.solent.com504.project.model.party.dto.Party.users.&lt;elements&gt;)
    - QuerySpaces
       - EntityQuerySpaceImpl(uid=&lt;gen:0&gt;, entity=org.solent.com504.project.model.party.dto.Party)
          - SQL table alias mapping - party0_
          - alias suffix - 0_
          - suffixed key columns - {id1_5_0_}
          - JOIN (JoinDefinedByMetadata(address)) : &lt;gen:0&gt; -&gt; &lt;gen:1&gt;
             - CompositeQuerySpaceImpl(uid=&lt;gen:1&gt;)
                - SQL table alias mapping - party0_

12:23:08.077 [main] [o.h.l.e.p.EntityLoader] DEBUG org.hibernate.loader.entity.plan.EntityLoader - Static select for entity org.solent.com504.project.model.party.dto.Party [PESSIMISTIC_FORCE_INCREMENT]: select party0_.id as id1_5_0_, party0_.addressLine1 as addressL2_5_0_, party0_.addressLine2 as addressL3_5_0_, party0_.country as country4_5_0_, party0_.county as county5_5_0_, party0_.latitude as latitude6_5_0_, party0_.longitude as longitud7_5_0_, party0_.mobile as mobile8_5_0_, party0_.number as number9_5_0_, party0_.postcode as postcod10_5_0_, party0_.telephone as telepho11_5_0_, party0_.enabled as enabled12_5_0_, party0_.firstName as firstNa13_5_0_, party0_.partyRole as partyRo14_5_0_, party0_.partyStatus as partySt15_5_0_, party0_.secondName as secondN16_5_0_, party0_.uuid as uuid17_5_0_ from Party party0_ where party0_.id=? for update
12:23:08.077 [main] [o.h.l.p.b.i.s.QuerySpacesImpl] DEBUG org.hibernate.loader.plan.build.internal.spaces.QuerySpacesImpl - Adding QuerySpace : uid = &lt;gen:0&gt; -&gt; org.hibernate.loader.plan.build.internal.spaces.EntityQuerySpaceImpl@77c10a5f]
12:23:08.077 [main] [o.h.p.w.s.MetamodelGraphWalker] DEBUG org.hibernate.persister.walking.spi.MetamodelGraphWalker - Visiting attribute path : address
12:23:08.077 [main] [o.h.l.p.b.i.s.QuerySpacesImpl] DEBUG org.hibernate.loader.plan.build.internal.spaces.QuerySpacesImpl - Adding QuerySpace : uid = &lt;gen:1&gt; -&gt; org.hibernate.loader.plan.build.internal.spaces.CompositeQuerySpaceImpl@7c781c42]
12:23:08.077 [main] [o.h.p.w.s.MetamodelGraphWalker] DEBUG org.hibernate.persister.walking.spi.MetamodelGraphWalker - Visiting attribute path : address.addressLine1
12:23:08.077 [main] [o.h.p.w.s.MetamodelGraphWalker] DEBUG org.hibernate.persister.walking.spi.MetamodelGraphWalker - Visiting attribute path : address.addressLine2
12:23:08.077 [main] [o.h.p.w.s.MetamodelGraphWalker] DEBUG org.hibernate.persister.walking.spi.MetamodelGraphWalker - Visiting attribute path : address.country
12:23:08.077 [main] [o.h.p.w.s.MetamodelGraphWalker] DEBUG org.hibernate.persister.walking.spi.MetamodelGraphWalker - Visiting attribute path : address.county
12:23:08.077 [main] [o.h.p.w.s.MetamodelGraphWalker] DEBUG org.hibernate.persister.walking.spi.MetamodelGraphWalker - Visiting attribute path : address.latitude
12:23:08.077 [main] [o.h.p.w.s.MetamodelGraphWalker] DEBUG org.hibernate.persister.walking.spi.MetamodelGraphWalker - Visiting attribute path : address.longitude
12:23:08.077 [main] [o.h.p.w.s.MetamodelGraphWalker] DEBUG org.hibernate.persister.walking.spi.MetamodelGraphWalker - Visiting attribute path : address.mobile
12:23:08.077 [main] [o.h.p.w.s.MetamodelGraphWalker] DEBUG org.hibernate.persister.walking.spi.MetamodelGraphWalker - Visiting attribute path : address.number
12:23:08.077 [main] [o.h.p.w.s.MetamodelGraphWalker] DEBUG org.hibernate.persister.walking.spi.MetamodelGraphWalker - Visiting attribute path : address.postcode
12:23:08.077 [main] [o.h.p.w.s.MetamodelGraphWalker] DEBUG org.hibernate.persister.walking.spi.MetamodelGraphWalker - Visiting attribute path : address.telephone
12:23:08.077 [main] [o.h.p.w.s.MetamodelGraphWalker] DEBUG org.hibernate.persister.walking.spi.MetamodelGraphWalker - Visiting attribute path : enabled
12:23:08.077 [main] [o.h.p.w.s.MetamodelGraphWalker] DEBUG org.hibernate.persister.walking.spi.MetamodelGraphWalker - Visiting attribute path : firstName
12:23:08.077 [main] [o.h.p.w.s.MetamodelGraphWalker] DEBUG org.hibernate.persister.walking.spi.MetamodelGraphWalker - Visiting attribute path : partyRole
12:23:08.077 [main] [o.h.p.w.s.MetamodelGraphWalker] DEBUG org.hibernate.persister.walking.spi.MetamodelGraphWalker - Visiting attribute path : partyStatus
12:23:08.077 [main] [o.h.p.w.s.MetamodelGraphWalker] DEBUG org.hibernate.persister.walking.spi.MetamodelGraphWalker - Visiting attribute path : secondName
12:23:08.077 [main] [o.h.p.w.s.MetamodelGraphWalker] DEBUG org.hibernate.persister.walking.spi.MetamodelGraphWalker - Visiting attribute path : users
12:23:08.077 [main] [o.h.l.p.b.i.s.QuerySpacesImpl] DEBUG org.hibernate.loader.plan.build.internal.spaces.QuerySpacesImpl - Adding QuerySpace : uid = &lt;gen:2&gt; -&gt; org.hibernate.loader.plan.build.internal.spaces.CollectionQuerySpaceImpl@633fd91]
12:23:08.077 [main] [o.h.l.p.b.i.s.QuerySpacesImpl] DEBUG org.hibernate.loader.plan.build.internal.spaces.QuerySpacesImpl - Adding QuerySpace : uid = &lt;gen:3&gt; -&gt; org.hibernate.loader.plan.build.internal.spaces.EntityQuerySpaceImpl@355c94be]
12:23:08.077 [main] [o.h.p.w.s.MetamodelGraphWalker] DEBUG org.hibernate.persister.walking.spi.MetamodelGraphWalker - Visiting attribute path : uuid
12:23:08.077 [main] [o.h.l.p.b.i.FetchStyleLoadPlanBuildingAssociationVisitationStrategy] DEBUG org.hibernate.loader.plan.build.internal.FetchStyleLoadPlanBuildingAssociationVisitationStrategy - Building LoadPlan...
12:23:08.077 [main] [o.h.l.p.e.i.LoadQueryJoinAndFetchProcessor] DEBUG org.hibernate.loader.plan.exec.internal.LoadQueryJoinAndFetchProcessor - processing queryspace &lt;gen:0&gt;
12:23:08.077 [main] [o.h.l.p.b.s.LoadPlanTreePrinter] DEBUG org.hibernate.loader.plan.build.spi.LoadPlanTreePrinter - LoadPlan(entity=org.solent.com504.project.model.party.dto.Party)
    - Returns
       - EntityReturnImpl(entity=org.solent.com504.project.model.party.dto.Party, querySpaceUid=&lt;gen:0&gt;, path=org.solent.com504.project.model.party.dto.Party)
          - CompositeAttributeFetchImpl(composite=org.solent.com504.project.model.party.dto.Address, querySpaceUid=&lt;gen:1&gt;, path=org.solent.com504.project.model.party.dto.Party.address)
          - CollectionAttributeFetchImpl(collection=org.solent.com504.project.model.party.dto.Party.users, querySpaceUid=&lt;gen:2&gt;, path=org.solent.com504.project.model.party.dto.Party.users)
             - (collection element) CollectionFetchableElementEntityGraph(entity=org.solent.com504.project.model.user.dto.User, querySpaceUid=&lt;gen:3&gt;, path=org.solent.com504.project.model.party.dto.Party.users.&lt;elements&gt;)
    - QuerySpaces
       - EntityQuerySpaceImpl(uid=&lt;gen:0&gt;, entity=org.solent.com504.project.model.party.dto.Party)
          - SQL table alias mapping - party0_
          - alias suffix - 0_
          - suffixed key columns - {id1_5_0_}
          - JOIN (JoinDefinedByMetadata(address)) : &lt;gen:0&gt; -&gt; &lt;gen:1&gt;
             - CompositeQuerySpaceImpl(uid=&lt;gen:1&gt;)
                - SQL table alias mapping - party0_

12:23:08.077 [main] [o.h.l.e.p.EntityLoader] DEBUG org.hibernate.loader.entity.plan.EntityLoader - Static select for entity org.solent.com504.project.model.party.dto.Party [OPTIMISTIC]: select party0_.id as id1_5_0_, party0_.addressLine1 as addressL2_5_0_, party0_.addressLine2 as addressL3_5_0_, party0_.country as country4_5_0_, party0_.county as county5_5_0_, party0_.latitude as latitude6_5_0_, party0_.longitude as longitud7_5_0_, party0_.mobile as mobile8_5_0_, party0_.number as number9_5_0_, party0_.postcode as postcod10_5_0_, party0_.telephone as telepho11_5_0_, party0_.enabled as enabled12_5_0_, party0_.firstName as firstNa13_5_0_, party0_.partyRole as partyRo14_5_0_, party0_.partyStatus as partySt15_5_0_, party0_.secondName as secondN16_5_0_, party0_.uuid as uuid17_5_0_ from Party party0_ where party0_.id=?
12:23:08.077 [main] [o.h.l.p.b.i.s.QuerySpacesImpl] DEBUG org.hibernate.loader.plan.build.internal.spaces.QuerySpacesImpl - Adding QuerySpace : uid = &lt;gen:0&gt; -&gt; org.hibernate.loader.plan.build.internal.spaces.EntityQuerySpaceImpl@97a145b]
12:23:08.077 [main] [o.h.p.w.s.MetamodelGraphWalker] DEBUG org.hibernate.persister.walking.spi.MetamodelGraphWalker - Visiting attribute path : address
12:23:08.077 [main] [o.h.l.p.b.i.s.QuerySpacesImpl] DEBUG org.hibernate.loader.plan.build.internal.spaces.QuerySpacesImpl - Adding QuerySpace : uid = &lt;gen:1&gt; -&gt; org.hibernate.loader.plan.build.internal.spaces.CompositeQuerySpaceImpl@157ec23b]
12:23:08.077 [main] [o.h.p.w.s.MetamodelGraphWalker] DEBUG org.hibernate.persister.walking.spi.MetamodelGraphWalker - Visiting attribute path : address.addressLine1
12:23:08.077 [main] [o.h.p.w.s.MetamodelGraphWalker] DEBUG org.hibernate.persister.walking.spi.MetamodelGraphWalker - Visiting attribute path : address.addressLine2
12:23:08.077 [main] [o.h.p.w.s.MetamodelGraphWalker] DEBUG org.hibernate.persister.walking.spi.MetamodelGraphWalker - Visiting attribute path : address.country
12:23:08.077 [main] [o.h.p.w.s.MetamodelGraphWalker] DEBUG org.hibernate.persister.walking.spi.MetamodelGraphWalker - Visiting attribute path : address.county
12:23:08.077 [main] [o.h.p.w.s.MetamodelGraphWalker] DEBUG org.hibernate.persister.walking.spi.MetamodelGraphWalker - Visiting attribute path : address.latitude
12:23:08.077 [main] [o.h.p.w.s.MetamodelGraphWalker] DEBUG org.hibernate.persister.walking.spi.MetamodelGraphWalker - Visiting attribute path : address.longitude
12:23:08.077 [main] [o.h.p.w.s.MetamodelGraphWalker] DEBUG org.hibernate.persister.walking.spi.MetamodelGraphWalker - Visiting attribute path : address.mobile
12:23:08.077 [main] [o.h.p.w.s.MetamodelGraphWalker] DEBUG org.hibernate.persister.walking.spi.MetamodelGraphWalker - Visiting attribute path : address.number
12:23:08.077 [main] [o.h.p.w.s.MetamodelGraphWalker] DEBUG org.hibernate.persister.walking.spi.MetamodelGraphWalker - Visiting attribute path : address.postcode
12:23:08.077 [main] [o.h.p.w.s.MetamodelGraphWalker] DEBUG org.hibernate.persister.walking.spi.MetamodelGraphWalker - Visiting attribute path : address.telephone
12:23:08.077 [main] [o.h.p.w.s.MetamodelGraphWalker] DEBUG org.hibernate.persister.walking.spi.MetamodelGraphWalker - Visiting attribute path : enabled
12:23:08.077 [main] [o.h.p.w.s.MetamodelGraphWalker] DEBUG org.hibernate.persister.walking.spi.MetamodelGraphWalker - Visiting attribute path : firstName
12:23:08.077 [main] [o.h.p.w.s.MetamodelGraphWalker] DEBUG org.hibernate.persister.walking.spi.MetamodelGraphWalker - Visiting attribute path : partyRole
12:23:08.077 [main] [o.h.p.w.s.MetamodelGraphWalker] DEBUG org.hibernate.persister.walking.spi.MetamodelGraphWalker - Visiting attribute path : partyStatus
12:23:08.077 [main] [o.h.p.w.s.MetamodelGraphWalker] DEBUG org.hibernate.persister.walking.spi.MetamodelGraphWalker - Visiting attribute path : secondName
12:23:08.077 [main] [o.h.p.w.s.MetamodelGraphWalker] DEBUG org.hibernate.persister.walking.spi.MetamodelGraphWalker - Visiting attribute path : users
12:23:08.077 [main] [o.h.l.p.b.i.s.QuerySpacesImpl] DEBUG org.hibernate.loader.plan.build.internal.spaces.QuerySpacesImpl - Adding QuerySpace : uid = &lt;gen:2&gt; -&gt; org.hibernate.loader.plan.build.internal.spaces.CollectionQuerySpaceImpl@1dd74143]
12:23:08.077 [main] [o.h.l.p.b.i.s.QuerySpacesImpl] DEBUG org.hibernate.loader.plan.build.internal.spaces.QuerySpacesImpl - Adding QuerySpace : uid = &lt;gen:3&gt; -&gt; org.hibernate.loader.plan.build.internal.spaces.EntityQuerySpaceImpl@526a9908]
12:23:08.077 [main] [o.h.p.w.s.MetamodelGraphWalker] DEBUG org.hibernate.persister.walking.spi.MetamodelGraphWalker - Visiting attribute path : uuid
12:23:08.077 [main] [o.h.l.p.b.i.FetchStyleLoadPlanBuildingAssociationVisitationStrategy] DEBUG org.hibernate.loader.plan.build.internal.FetchStyleLoadPlanBuildingAssociationVisitationStrategy - Building LoadPlan...
12:23:08.077 [main] [o.h.l.p.e.i.LoadQueryJoinAndFetchProcessor] DEBUG org.hibernate.loader.plan.exec.internal.LoadQueryJoinAndFetchProcessor - processing queryspace &lt;gen:0&gt;
12:23:08.077 [main] [o.h.l.p.b.s.LoadPlanTreePrinter] DEBUG org.hibernate.loader.plan.build.spi.LoadPlanTreePrinter - LoadPlan(entity=org.solent.com504.project.model.party.dto.Party)
    - Returns
       - EntityReturnImpl(entity=org.solent.com504.project.model.party.dto.Party, querySpaceUid=&lt;gen:0&gt;, path=org.solent.com504.project.model.party.dto.Party)
          - CompositeAttributeFetchImpl(composite=org.solent.com504.project.model.party.dto.Address, querySpaceUid=&lt;gen:1&gt;, path=org.solent.com504.project.model.party.dto.Party.address)
          - CollectionAttributeFetchImpl(collection=org.solent.com504.project.model.party.dto.Party.users, querySpaceUid=&lt;gen:2&gt;, path=org.solent.com504.project.model.party.dto.Party.users)
             - (collection element) CollectionFetchableElementEntityGraph(entity=org.solent.com504.project.model.user.dto.User, querySpaceUid=&lt;gen:3&gt;, path=org.solent.com504.project.model.party.dto.Party.users.&lt;elements&gt;)
    - QuerySpaces
       - EntityQuerySpaceImpl(uid=&lt;gen:0&gt;, entity=org.solent.com504.project.model.party.dto.Party)
          - SQL table alias mapping - party0_
          - alias suffix - 0_
          - suffixed key columns - {id1_5_0_}
          - JOIN (JoinDefinedByMetadata(address)) : &lt;gen:0&gt; -&gt; &lt;gen:1&gt;
             - CompositeQuerySpaceImpl(uid=&lt;gen:1&gt;)
                - SQL table alias mapping - party0_

12:23:08.077 [main] [o.h.l.e.p.EntityLoader] DEBUG org.hibernate.loader.entity.plan.EntityLoader - Static select for entity org.solent.com504.project.model.party.dto.Party [OPTIMISTIC_FORCE_INCREMENT]: select party0_.id as id1_5_0_, party0_.addressLine1 as addressL2_5_0_, party0_.addressLine2 as addressL3_5_0_, party0_.country as country4_5_0_, party0_.county as county5_5_0_, party0_.latitude as latitude6_5_0_, party0_.longitude as longitud7_5_0_, party0_.mobile as mobile8_5_0_, party0_.number as number9_5_0_, party0_.postcode as postcod10_5_0_, party0_.telephone as telepho11_5_0_, party0_.enabled as enabled12_5_0_, party0_.firstName as firstNa13_5_0_, party0_.partyRole as partyRo14_5_0_, party0_.partyStatus as partySt15_5_0_, party0_.secondName as secondN16_5_0_, party0_.uuid as uuid17_5_0_ from Party party0_ where party0_.id=?
12:23:08.077 [main] [o.h.l.Loader] DEBUG org.hibernate.loader.Loader - Static select for action ACTION_MERGE on entity org.solent.com504.project.model.party.dto.Party: select party0_.id as id1_5_1_, party0_.addressLine1 as addressL2_5_1_, party0_.addressLine2 as addressL3_5_1_, party0_.country as country4_5_1_, party0_.county as county5_5_1_, party0_.latitude as latitude6_5_1_, party0_.longitude as longitud7_5_1_, party0_.mobile as mobile8_5_1_, party0_.number as number9_5_1_, party0_.postcode as postcod10_5_1_, party0_.telephone as telepho11_5_1_, party0_.enabled as enabled12_5_1_, party0_.firstName as firstNa13_5_1_, party0_.partyRole as partyRo14_5_1_, party0_.partyStatus as partySt15_5_1_, party0_.secondName as secondN16_5_1_, party0_.uuid as uuid17_5_1_, users1_.user_id as user_id1_8_3_, user2_.id as party_id2_8_3_, user2_.id as id1_7_0_, user2_.addressLine1 as addressL2_7_0_, user2_.addressLine2 as addressL3_7_0_, user2_.country as country4_7_0_, user2_.county as county5_7_0_, user2_.latitude as latitude6_7_0_, user2_.longitude as longitud7_7_0_, user2_.mobile as mobile8_7_0_, user2_.number as number9_7_0_, user2_.postcode as postcod10_7_0_, user2_.telephone as telepho11_7_0_, user2_.enabled as enabled12_7_0_, user2_.firstName as firstNa13_7_0_, user2_.password as passwor14_7_0_, user2_.secondName as secondN15_7_0_, user2_.username as usernam16_7_0_ from Party party0_ left outer join user_party users1_ on party0_.id=users1_.user_id left outer join user user2_ on users1_.party_id=user2_.id where party0_.id=?
12:23:08.077 [main] [o.h.l.Loader] DEBUG org.hibernate.loader.Loader - Static select for action ACTION_REFRESH on entity org.solent.com504.project.model.party.dto.Party: select party0_.id as id1_5_0_, party0_.addressLine1 as addressL2_5_0_, party0_.addressLine2 as addressL3_5_0_, party0_.country as country4_5_0_, party0_.county as county5_5_0_, party0_.latitude as latitude6_5_0_, party0_.longitude as longitud7_5_0_, party0_.mobile as mobile8_5_0_, party0_.number as number9_5_0_, party0_.postcode as postcod10_5_0_, party0_.telephone as telepho11_5_0_, party0_.enabled as enabled12_5_0_, party0_.firstName as firstNa13_5_0_, party0_.partyRole as partyRo14_5_0_, party0_.partyStatus as partySt15_5_0_, party0_.secondName as secondN16_5_0_, party0_.uuid as uuid17_5_0_ from Party party0_ where party0_.id=?
12:23:08.077 [main] [o.h.p.e.AbstractEntityPersister] DEBUG org.hibernate.persister.entity.AbstractEntityPersister - Static SQL for entity: org.solent.com504.project.model.user.dto.User
12:23:08.077 [main] [o.h.p.e.AbstractEntityPersister] DEBUG org.hibernate.persister.entity.AbstractEntityPersister -  Version select: select id from user where id =?
12:23:08.077 [main] [o.h.p.e.AbstractEntityPersister] DEBUG org.hibernate.persister.entity.AbstractEntityPersister -  Snapshot select: select user_.id, user_.addressLine1 as addressL2_7_, user_.addressLine2 as addressL3_7_, user_.country as country4_7_, user_.county as county5_7_, user_.latitude as latitude6_7_, user_.longitude as longitud7_7_, user_.mobile as mobile8_7_, user_.number as number9_7_, user_.postcode as postcod10_7_, user_.telephone as telepho11_7_, user_.enabled as enabled12_7_, user_.firstName as firstNa13_7_, user_.password as passwor14_7_, user_.secondName as secondN15_7_, user_.username as usernam16_7_ from user user_ where user_.id=?
12:23:08.077 [main] [o.h.p.e.AbstractEntityPersister] DEBUG org.hibernate.persister.entity.AbstractEntityPersister -  Insert 0: insert into user (addressLine1, addressLine2, country, county, latitude, longitude, mobile, number, postcode, telephone, enabled, firstName, password, secondName, username, id) values (?, ?, ?, ?, ?, ?, ?, ?, ?, ?, ?, ?, ?, ?, ?, ?)
12:23:08.077 [main] [o.h.p.e.AbstractEntityPersister] DEBUG org.hibernate.persister.entity.AbstractEntityPersister -  Update 0: update user set addressLine1=?, addressLine2=?, country=?, county=?, latitude=?, longitude=?, mobile=?, number=?, postcode=?, telephone=?, enabled=?, firstName=?, password=?, secondName=?, username=? where id=?
12:23:08.077 [main] [o.h.p.e.AbstractEntityPersister] DEBUG org.hibernate.persister.entity.AbstractEntityPersister -  Delete 0: delete from user where id=?
12:23:08.077 [main] [o.h.l.p.b.i.s.QuerySpacesImpl] DEBUG org.hibernate.loader.plan.build.internal.spaces.QuerySpacesImpl - Adding QuerySpace : uid = &lt;gen:0&gt; -&gt; org.hibernate.loader.plan.build.internal.spaces.EntityQuerySpaceImpl@3166f664]
12:23:08.077 [main] [o.h.p.w.s.MetamodelGraphWalker] DEBUG org.hibernate.persister.walking.spi.MetamodelGraphWalker - Visiting attribute path : address
12:23:08.077 [main] [o.h.l.p.b.i.s.QuerySpacesImpl] DEBUG org.hibernate.loader.plan.build.internal.spaces.QuerySpacesImpl - Adding QuerySpace : uid = &lt;gen:1&gt; -&gt; org.hibernate.loader.plan.build.internal.spaces.CompositeQuerySpaceImpl@60d6fdd4]
12:23:08.077 [main] [o.h.p.w.s.MetamodelGraphWalker] DEBUG org.hibernate.persister.walking.spi.MetamodelGraphWalker - Visiting attribute path : address.addressLine1
12:23:08.077 [main] [o.h.p.w.s.MetamodelGraphWalker] DEBUG org.hibernate.persister.walking.spi.MetamodelGraphWalker - Visiting attribute path : address.addressLine2
12:23:08.077 [main] [o.h.p.w.s.MetamodelGraphWalker] DEBUG org.hibernate.persister.walking.spi.MetamodelGraphWalker - Visiting attribute path : address.country
12:23:08.077 [main] [o.h.p.w.s.MetamodelGraphWalker] DEBUG org.hibernate.persister.walking.spi.MetamodelGraphWalker - Visiting attribute path : address.county
12:23:08.077 [main] [o.h.p.w.s.MetamodelGraphWalker] DEBUG org.hibernate.persister.walking.spi.MetamodelGraphWalker - Visiting attribute path : address.latitude
12:23:08.077 [main] [o.h.p.w.s.MetamodelGraphWalker] DEBUG org.hibernate.persister.walking.spi.MetamodelGraphWalker - Visiting attribute path : address.longitude
12:23:08.077 [main] [o.h.p.w.s.MetamodelGraphWalker] DEBUG org.hibernate.persister.walking.spi.MetamodelGraphWalker - Visiting attribute path : address.mobile
12:23:08.077 [main] [o.h.p.w.s.MetamodelGraphWalker] DEBUG org.hibernate.persister.walking.spi.MetamodelGraphWalker - Visiting attribute path : address.number
12:23:08.077 [main] [o.h.p.w.s.MetamodelGraphWalker] DEBUG org.hibernate.persister.walking.spi.MetamodelGraphWalker - Visiting attribute path : address.postcode
12:23:08.077 [main] [o.h.p.w.s.MetamodelGraphWalker] DEBUG org.hibernate.persister.walking.spi.MetamodelGraphWalker - Visiting attribute path : address.telephone
12:23:08.077 [main] [o.h.p.w.s.MetamodelGraphWalker] DEBUG org.hibernate.persister.walking.spi.MetamodelGraphWalker - Visiting attribute path : enabled
12:23:08.077 [main] [o.h.p.w.s.MetamodelGraphWalker] DEBUG org.hibernate.persister.walking.spi.MetamodelGraphWalker - Visiting attribute path : firstName
12:23:08.077 [main] [o.h.p.w.s.MetamodelGraphWalker] DEBUG org.hibernate.persister.walking.spi.MetamodelGraphWalker - Visiting attribute path : parties
12:23:08.077 [main] [o.h.l.p.b.i.s.QuerySpacesImpl] DEBUG org.hibernate.loader.plan.build.internal.spaces.QuerySpacesImpl - Adding QuerySpace : uid = &lt;gen:2&gt; -&gt; org.hibernate.loader.plan.build.internal.spaces.CollectionQuerySpaceImpl@60a19573]
12:23:08.077 [main] [o.h.l.p.b.i.s.QuerySpacesImpl] DEBUG org.hibernate.loader.plan.build.internal.spaces.QuerySpacesImpl - Adding QuerySpace : uid = &lt;gen:3&gt; -&gt; org.hibernate.loader.plan.build.internal.spaces.EntityQuerySpaceImpl@44a085e5]
12:23:08.077 [main] [o.h.p.w.s.MetamodelGraphWalker] DEBUG org.hibernate.persister.walking.spi.MetamodelGraphWalker - Visiting attribute path : parties.address
12:23:08.077 [main] [o.h.l.p.b.i.s.QuerySpacesImpl] DEBUG org.hibernate.loader.plan.build.internal.spaces.QuerySpacesImpl - Adding QuerySpace : uid = &lt;gen:4&gt; -&gt; org.hibernate.loader.plan.build.internal.spaces.CompositeQuerySpaceImpl@df921b1]
12:23:08.077 [main] [o.h.p.w.s.MetamodelGraphWalker] DEBUG org.hibernate.persister.walking.spi.MetamodelGraphWalker - Visiting attribute path : parties.address.addressLine1
12:23:08.077 [main] [o.h.p.w.s.MetamodelGraphWalker] DEBUG org.hibernate.persister.walking.spi.MetamodelGraphWalker - Visiting attribute path : parties.address.addressLine2
12:23:08.077 [main] [o.h.p.w.s.MetamodelGraphWalker] DEBUG org.hibernate.persister.walking.spi.MetamodelGraphWalker - Visiting attribute path : parties.address.country
12:23:08.077 [main] [o.h.p.w.s.MetamodelGraphWalker] DEBUG org.hibernate.persister.walking.spi.MetamodelGraphWalker - Visiting attribute path : parties.address.county
12:23:08.077 [main] [o.h.p.w.s.MetamodelGraphWalker] DEBUG org.hibernate.persister.walking.spi.MetamodelGraphWalker - Visiting attribute path : parties.address.latitude
12:23:08.077 [main] [o.h.p.w.s.MetamodelGraphWalker] DEBUG org.hibernate.persister.walking.spi.MetamodelGraphWalker - Visiting attribute path : parties.address.longitude
12:23:08.077 [main] [o.h.p.w.s.MetamodelGraphWalker] DEBUG org.hibernate.persister.walking.spi.MetamodelGraphWalker - Visiting attribute path : parties.address.mobile
12:23:08.077 [main] [o.h.p.w.s.MetamodelGraphWalker] DEBUG org.hibernate.persister.walking.spi.MetamodelGraphWalker - Visiting attribute path : parties.address.number
12:23:08.077 [main] [o.h.p.w.s.MetamodelGraphWalker] DEBUG org.hibernate.persister.walking.spi.MetamodelGraphWalker - Visiting attribute path : parties.address.postcode
12:23:08.077 [main] [o.h.p.w.s.MetamodelGraphWalker] DEBUG org.hibernate.persister.walking.spi.MetamodelGraphWalker - Visiting attribute path : parties.address.telephone
12:23:08.077 [main] [o.h.p.w.s.MetamodelGraphWalker] DEBUG org.hibernate.persister.walking.spi.MetamodelGraphWalker - Visiting attribute path : parties.enabled
12:23:08.077 [main] [o.h.p.w.s.MetamodelGraphWalker] DEBUG org.hibernate.persister.walking.spi.MetamodelGraphWalker - Visiting attribute path : parties.firstName
12:23:08.077 [main] [o.h.p.w.s.MetamodelGraphWalker] DEBUG org.hibernate.persister.walking.spi.MetamodelGraphWalker - Visiting attribute path : parties.partyRole
12:23:08.077 [main] [o.h.p.w.s.MetamodelGraphWalker] DEBUG org.hibernate.persister.walking.spi.MetamodelGraphWalker - Visiting attribute path : parties.partyStatus
12:23:08.077 [main] [o.h.p.w.s.MetamodelGraphWalker] DEBUG org.hibernate.persister.walking.spi.MetamodelGraphWalker - Visiting attribute path : parties.secondName
12:23:08.077 [main] [o.h.p.w.s.MetamodelGraphWalker] DEBUG org.hibernate.persister.walking.spi.MetamodelGraphWalker - Visiting attribute path : parties.users
12:23:08.077 [main] [o.h.p.w.s.MetamodelGraphWalker] DEBUG org.hibernate.persister.walking.spi.MetamodelGraphWalker - Property path deemed to be circular : parties.users
12:23:08.077 [main] [o.h.p.w.s.MetamodelGraphWalker] DEBUG org.hibernate.persister.walking.spi.MetamodelGraphWalker - Visiting attribute path : parties.uuid
12:23:08.077 [main] [o.h.p.w.s.MetamodelGraphWalker] DEBUG org.hibernate.persister.walking.spi.MetamodelGraphWalker - Visiting attribute path : password
12:23:08.077 [main] [o.h.p.w.s.MetamodelGraphWalker] DEBUG org.hibernate.persister.walking.spi.MetamodelGraphWalker - Visiting attribute path : roles
12:23:08.077 [main] [o.h.l.p.b.i.s.QuerySpacesImpl] DEBUG org.hibernate.loader.plan.build.internal.spaces.QuerySpacesImpl - Adding QuerySpace : uid = &lt;gen:5&gt; -&gt; org.hibernate.loader.plan.build.internal.spaces.CollectionQuerySpaceImpl@2152ab30]
12:23:08.077 [main] [o.h.l.p.b.i.s.QuerySpacesImpl] DEBUG org.hibernate.loader.plan.build.internal.spaces.QuerySpacesImpl - Adding QuerySpace : uid = &lt;gen:6&gt; -&gt; org.hibernate.loader.plan.build.internal.spaces.EntityQuerySpaceImpl@3902bd2c]
12:23:08.077 [main] [o.h.p.w.s.MetamodelGraphWalker] DEBUG org.hibernate.persister.walking.spi.MetamodelGraphWalker - Visiting attribute path : roles.name
12:23:08.077 [main] [o.h.p.w.s.MetamodelGraphWalker] DEBUG org.hibernate.persister.walking.spi.MetamodelGraphWalker - Visiting attribute path : roles.users
12:23:08.077 [main] [o.h.p.w.s.MetamodelGraphWalker] DEBUG org.hibernate.persister.walking.spi.MetamodelGraphWalker - Property path deemed to be circular : roles.users
12:23:08.077 [main] [o.h.p.w.s.MetamodelGraphWalker] DEBUG org.hibernate.persister.walking.spi.MetamodelGraphWalker - Visiting attribute path : secondName
12:23:08.077 [main] [o.h.p.w.s.MetamodelGraphWalker] DEBUG org.hibernate.persister.walking.spi.MetamodelGraphWalker - Visiting attribute path : username
12:23:08.077 [main] [o.h.l.p.b.i.FetchStyleLoadPlanBuildingAssociationVisitationStrategy] DEBUG org.hibernate.loader.plan.build.internal.FetchStyleLoadPlanBuildingAssociationVisitationStrategy - Building LoadPlan...
12:23:08.077 [main] [o.h.l.p.e.i.LoadQueryJoinAndFetchProcessor] DEBUG org.hibernate.loader.plan.exec.internal.LoadQueryJoinAndFetchProcessor - processing queryspace &lt;gen:0&gt;
12:23:08.077 [main] [o.h.l.p.b.s.LoadPlanTreePrinter] DEBUG org.hibernate.loader.plan.build.spi.LoadPlanTreePrinter - LoadPlan(entity=org.solent.com504.project.model.user.dto.User)
    - Returns
       - EntityReturnImpl(entity=org.solent.com504.project.model.user.dto.User, querySpaceUid=&lt;gen:0&gt;, path=org.solent.com504.project.model.user.dto.User)
          - CompositeAttributeFetchImpl(composite=org.solent.com504.project.model.party.dto.Address, querySpaceUid=&lt;gen:1&gt;, path=org.solent.com504.project.model.user.dto.User.address)
          - CollectionAttributeFetchImpl(collection=org.solent.com504.project.model.user.dto.User.parties, querySpaceUid=&lt;gen:2&gt;, path=org.solent.com504.project.model.user.dto.User.parties)
             - (collection element) CollectionFetchableElementEntityGraph(entity=org.solent.com504.project.model.party.dto.Party, querySpaceUid=&lt;gen:3&gt;, path=org.solent.com504.project.model.user.dto.User.parties.&lt;elements&gt;)
                - CompositeAttributeFetchImpl(composite=org.solent.com504.project.model.party.dto.Address, querySpaceUid=&lt;gen:4&gt;, path=org.solent.com504.project.model.user.dto.User.parties.&lt;elements&gt;.address)
          - CollectionAttributeFetchImpl(collection=org.solent.com504.project.model.user.dto.User.roles, querySpaceUid=&lt;gen:5&gt;, path=org.solent.com504.project.model.user.dto.User.roles)
             - (collection element) CollectionFetchableElementEntityGraph(entity=org.solent.com504.project.model.user.dto.Role, querySpaceUid=&lt;gen:6&gt;, path=org.solent.com504.project.model.user.dto.User.roles.&lt;elements&gt;)
    - QuerySpaces
       - EntityQuerySpaceImpl(uid=&lt;gen:0&gt;, entity=org.solent.com504.project.model.user.dto.User)
          - SQL table alias mapping - user0_
          - alias suffix - 0_
          - suffixed key columns - {id1_7_0_}
          - JOIN (JoinDefinedByMetadata(address)) : &lt;gen:0&gt; -&gt; &lt;gen:1&gt;
             - CompositeQuerySpaceImpl(uid=&lt;gen:1&gt;)
                - SQL table alias mapping - user0_
          - JOIN (JoinDefinedByMetadata(parties)) : &lt;gen:0&gt; -&gt; &lt;gen:2&gt;
             - CollectionQuerySpaceImpl(uid=&lt;gen:2&gt;, collection=org.solent.com504.project.model.user.dto.User.parties)
                - SQL table alias mapping - parties1_
                - alias suffix - 1_
                - suffixed key columns - {party_id2_8_1_}
                - entity-element alias suffix - 2_
                - 2_entity-element suffixed key columns - id1_5_2_
                - JOIN (JoinDefinedByMetadata(elements)) : &lt;gen:2&gt; -&gt; &lt;gen:3&gt;
                   - EntityQuerySpaceImpl(uid=&lt;gen:3&gt;, entity=org.solent.com504.project.model.party.dto.Party)
                      - SQL table alias mapping - party2_
                      - alias suffix - 2_
                      - suffixed key columns - {id1_5_2_}
                      - JOIN (JoinDefinedByMetadata(address)) : &lt;gen:3&gt; -&gt; &lt;gen:4&gt;
                         - CompositeQuerySpaceImpl(uid=&lt;gen:4&gt;)
                            - SQL table alias mapping - party2_
          - JOIN (JoinDefinedByMetadata(roles)) : &lt;gen:0&gt; -&gt; &lt;gen:5&gt;
             - CollectionQuerySpaceImpl(uid=&lt;gen:5&gt;, collection=org.solent.com504.project.model.user.dto.User.roles)
                - SQL table alias mapping - roles3_
                - alias suffix - 3_
                - suffixed key columns - {user_id1_9_3_}
                - entity-element alias suffix - 4_
                - 4_entity-element suffixed key columns - id1_6_4_
                - JOIN (JoinDefinedByMetadata(elements)) : &lt;gen:5&gt; -&gt; &lt;gen:6&gt;
                   - EntityQuerySpaceImpl(uid=&lt;gen:6&gt;, entity=org.solent.com504.project.model.user.dto.Role)
                      - SQL table alias mapping - role4_
                      - alias suffix - 4_
                      - suffixed key columns - {id1_6_4_}

12:23:08.077 [main] [o.h.l.e.p.EntityLoader] DEBUG org.hibernate.loader.entity.plan.EntityLoader - Static select for entity org.solent.com504.project.model.user.dto.User [NONE]: select user0_.id as id1_7_0_, user0_.addressLine1 as addressL2_7_0_, user0_.addressLine2 as addressL3_7_0_, user0_.country as country4_7_0_, user0_.county as county5_7_0_, user0_.latitude as latitude6_7_0_, user0_.longitude as longitud7_7_0_, user0_.mobile as mobile8_7_0_, user0_.number as number9_7_0_, user0_.postcode as postcod10_7_0_, user0_.telephone as telepho11_7_0_, user0_.enabled as enabled12_7_0_, user0_.firstName as firstNa13_7_0_, user0_.password as passwor14_7_0_, user0_.secondName as secondN15_7_0_, user0_.username as usernam16_7_0_, parties1_.party_id as party_id2_8_1_, party2_.id as user_id1_8_1_, party2_.id as id1_5_2_, party2_.addressLine1 as addressL2_5_2_, party2_.addressLine2 as addressL3_5_2_, party2_.country as country4_5_2_, party2_.county as county5_5_2_, party2_.latitude as latitude6_5_2_, party2_.longitude as longitud7_5_2_, party2_.mobile as mobile8_5_2_, party2_.number as number9_5_2_, party2_.postcode as postcod10_5_2_, party2_.telephone as telepho11_5_2_, party2_.enabled as enabled12_5_2_, party2_.firstName as firstNa13_5_2_, party2_.partyRole as partyRo14_5_2_, party2_.partyStatus as partySt15_5_2_, party2_.secondName as secondN16_5_2_, party2_.uuid as uuid17_5_2_, roles3_.user_id as user_id1_9_3_, role4_.id as role_id2_9_3_, role4_.id as id1_6_4_, role4_.name as name2_6_4_ from user user0_ left outer join user_party parties1_ on user0_.id=parties1_.party_id left outer join Party party2_ on parties1_.user_id=party2_.id left outer join user_role roles3_ on user0_.id=roles3_.user_id left outer join role role4_ on roles3_.role_id=role4_.id where user0_.id=?
12:23:08.092 [main] [o.h.l.p.b.i.s.QuerySpacesImpl] DEBUG org.hibernate.loader.plan.build.internal.spaces.QuerySpacesImpl - Adding QuerySpace : uid = &lt;gen:0&gt; -&gt; org.hibernate.loader.plan.build.internal.spaces.EntityQuerySpaceImpl@34d45ec0]
12:23:08.092 [main] [o.h.p.w.s.MetamodelGraphWalker] DEBUG org.hibernate.persister.walking.spi.MetamodelGraphWalker - Visiting attribute path : address
12:23:08.092 [main] [o.h.l.p.b.i.s.QuerySpacesImpl] DEBUG org.hibernate.loader.plan.build.internal.spaces.QuerySpacesImpl - Adding QuerySpace : uid = &lt;gen:1&gt; -&gt; org.hibernate.loader.plan.build.internal.spaces.CompositeQuerySpaceImpl@727320fa]
12:23:08.092 [main] [o.h.p.w.s.MetamodelGraphWalker] DEBUG org.hibernate.persister.walking.spi.MetamodelGraphWalker - Visiting attribute path : address.addressLine1
12:23:08.092 [main] [o.h.p.w.s.MetamodelGraphWalker] DEBUG org.hibernate.persister.walking.spi.MetamodelGraphWalker - Visiting attribute path : address.addressLine2
12:23:08.092 [main] [o.h.p.w.s.MetamodelGraphWalker] DEBUG org.hibernate.persister.walking.spi.MetamodelGraphWalker - Visiting attribute path : address.country
12:23:08.092 [main] [o.h.p.w.s.MetamodelGraphWalker] DEBUG org.hibernate.persister.walking.spi.MetamodelGraphWalker - Visiting attribute path : address.county
12:23:08.092 [main] [o.h.p.w.s.MetamodelGraphWalker] DEBUG org.hibernate.persister.walking.spi.MetamodelGraphWalker - Visiting attribute path : address.latitude
12:23:08.092 [main] [o.h.p.w.s.MetamodelGraphWalker] DEBUG org.hibernate.persister.walking.spi.MetamodelGraphWalker - Visiting attribute path : address.longitude
12:23:08.092 [main] [o.h.p.w.s.MetamodelGraphWalker] DEBUG org.hibernate.persister.walking.spi.MetamodelGraphWalker - Visiting attribute path : address.mobile
12:23:08.092 [main] [o.h.p.w.s.MetamodelGraphWalker] DEBUG org.hibernate.persister.walking.spi.MetamodelGraphWalker - Visiting attribute path : address.number
12:23:08.092 [main] [o.h.p.w.s.MetamodelGraphWalker] DEBUG org.hibernate.persister.walking.spi.MetamodelGraphWalker - Visiting attribute path : address.postcode
12:23:08.092 [main] [o.h.p.w.s.MetamodelGraphWalker] DEBUG org.hibernate.persister.walking.spi.MetamodelGraphWalker - Visiting attribute path : address.telephone
12:23:08.092 [main] [o.h.p.w.s.MetamodelGraphWalker] DEBUG org.hibernate.persister.walking.spi.MetamodelGraphWalker - Visiting attribute path : enabled
12:23:08.092 [main] [o.h.p.w.s.MetamodelGraphWalker] DEBUG org.hibernate.persister.walking.spi.MetamodelGraphWalker - Visiting attribute path : firstName
12:23:08.092 [main] [o.h.p.w.s.MetamodelGraphWalker] DEBUG org.hibernate.persister.walking.spi.MetamodelGraphWalker - Visiting attribute path : parties
12:23:08.092 [main] [o.h.l.p.b.i.s.QuerySpacesImpl] DEBUG org.hibernate.loader.plan.build.internal.spaces.QuerySpacesImpl - Adding QuerySpace : uid = &lt;gen:2&gt; -&gt; org.hibernate.loader.plan.build.internal.spaces.CollectionQuerySpaceImpl@3f018494]
12:23:08.092 [main] [o.h.l.p.b.i.s.QuerySpacesImpl] DEBUG org.hibernate.loader.plan.build.internal.spaces.QuerySpacesImpl - Adding QuerySpace : uid = &lt;gen:3&gt; -&gt; org.hibernate.loader.plan.build.internal.spaces.EntityQuerySpaceImpl@3ce443f9]
12:23:08.092 [main] [o.h.p.w.s.MetamodelGraphWalker] DEBUG org.hibernate.persister.walking.spi.MetamodelGraphWalker - Visiting attribute path : parties.address
12:23:08.092 [main] [o.h.l.p.b.i.s.QuerySpacesImpl] DEBUG org.hibernate.loader.plan.build.internal.spaces.QuerySpacesImpl - Adding QuerySpace : uid = &lt;gen:4&gt; -&gt; org.hibernate.loader.plan.build.internal.spaces.CompositeQuerySpaceImpl@62b790a5]
12:23:08.092 [main] [o.h.p.w.s.MetamodelGraphWalker] DEBUG org.hibernate.persister.walking.spi.MetamodelGraphWalker - Visiting attribute path : parties.address.addressLine1
12:23:08.092 [main] [o.h.p.w.s.MetamodelGraphWalker] DEBUG org.hibernate.persister.walking.spi.MetamodelGraphWalker - Visiting attribute path : parties.address.addressLine2
12:23:08.092 [main] [o.h.p.w.s.MetamodelGraphWalker] DEBUG org.hibernate.persister.walking.spi.MetamodelGraphWalker - Visiting attribute path : parties.address.country
12:23:08.092 [main] [o.h.p.w.s.MetamodelGraphWalker] DEBUG org.hibernate.persister.walking.spi.MetamodelGraphWalker - Visiting attribute path : parties.address.county
12:23:08.092 [main] [o.h.p.w.s.MetamodelGraphWalker] DEBUG org.hibernate.persister.walking.spi.MetamodelGraphWalker - Visiting attribute path : parties.address.latitude
12:23:08.092 [main] [o.h.p.w.s.MetamodelGraphWalker] DEBUG org.hibernate.persister.walking.spi.MetamodelGraphWalker - Visiting attribute path : parties.address.longitude
12:23:08.092 [main] [o.h.p.w.s.MetamodelGraphWalker] DEBUG org.hibernate.persister.walking.spi.MetamodelGraphWalker - Visiting attribute path : parties.address.mobile
12:23:08.092 [main] [o.h.p.w.s.MetamodelGraphWalker] DEBUG org.hibernate.persister.walking.spi.MetamodelGraphWalker - Visiting attribute path : parties.address.number
12:23:08.092 [main] [o.h.p.w.s.MetamodelGraphWalker] DEBUG org.hibernate.persister.walking.spi.MetamodelGraphWalker - Visiting attribute path : parties.address.postcode
12:23:08.092 [main] [o.h.p.w.s.MetamodelGraphWalker] DEBUG org.hibernate.persister.walking.spi.MetamodelGraphWalker - Visiting attribute path : parties.address.telephone
12:23:08.092 [main] [o.h.p.w.s.MetamodelGraphWalker] DEBUG org.hibernate.persister.walking.spi.MetamodelGraphWalker - Visiting attribute path : parties.enabled
12:23:08.092 [main] [o.h.p.w.s.MetamodelGraphWalker] DEBUG org.hibernate.persister.walking.spi.MetamodelGraphWalker - Visiting attribute path : parties.firstName
12:23:08.092 [main] [o.h.p.w.s.MetamodelGraphWalker] DEBUG org.hibernate.persister.walking.spi.MetamodelGraphWalker - Visiting attribute path : parties.partyRole
12:23:08.092 [main] [o.h.p.w.s.MetamodelGraphWalker] DEBUG org.hibernate.persister.walking.spi.MetamodelGraphWalker - Visiting attribute path : parties.partyStatus
12:23:08.092 [main] [o.h.p.w.s.MetamodelGraphWalker] DEBUG org.hibernate.persister.walking.spi.MetamodelGraphWalker - Visiting attribute path : parties.secondName
12:23:08.092 [main] [o.h.p.w.s.MetamodelGraphWalker] DEBUG org.hibernate.persister.walking.spi.MetamodelGraphWalker - Visiting attribute path : parties.users
12:23:08.092 [main] [o.h.p.w.s.MetamodelGraphWalker] DEBUG org.hibernate.persister.walking.spi.MetamodelGraphWalker - Property path deemed to be circular : parties.users
12:23:08.092 [main] [o.h.p.w.s.MetamodelGraphWalker] DEBUG org.hibernate.persister.walking.spi.MetamodelGraphWalker - Visiting attribute path : parties.uuid
12:23:08.092 [main] [o.h.p.w.s.MetamodelGraphWalker] DEBUG org.hibernate.persister.walking.spi.MetamodelGraphWalker - Visiting attribute path : password
12:23:08.092 [main] [o.h.p.w.s.MetamodelGraphWalker] DEBUG org.hibernate.persister.walking.spi.MetamodelGraphWalker - Visiting attribute path : roles
12:23:08.092 [main] [o.h.l.p.b.i.s.QuerySpacesImpl] DEBUG org.hibernate.loader.plan.build.internal.spaces.QuerySpacesImpl - Adding QuerySpace : uid = &lt;gen:5&gt; -&gt; org.hibernate.loader.plan.build.internal.spaces.CollectionQuerySpaceImpl@7523a3dc]
12:23:08.092 [main] [o.h.l.p.b.i.s.QuerySpacesImpl] DEBUG org.hibernate.loader.plan.build.internal.spaces.QuerySpacesImpl - Adding QuerySpace : uid = &lt;gen:6&gt; -&gt; org.hibernate.loader.plan.build.internal.spaces.EntityQuerySpaceImpl@2806d6da]
12:23:08.092 [main] [o.h.p.w.s.MetamodelGraphWalker] DEBUG org.hibernate.persister.walking.spi.MetamodelGraphWalker - Visiting attribute path : roles.name
12:23:08.092 [main] [o.h.p.w.s.MetamodelGraphWalker] DEBUG org.hibernate.persister.walking.spi.MetamodelGraphWalker - Visiting attribute path : roles.users
12:23:08.092 [main] [o.h.p.w.s.MetamodelGraphWalker] DEBUG org.hibernate.persister.walking.spi.MetamodelGraphWalker - Property path deemed to be circular : roles.users
12:23:08.092 [main] [o.h.p.w.s.MetamodelGraphWalker] DEBUG org.hibernate.persister.walking.spi.MetamodelGraphWalker - Visiting attribute path : secondName
12:23:08.092 [main] [o.h.p.w.s.MetamodelGraphWalker] DEBUG org.hibernate.persister.walking.spi.MetamodelGraphWalker - Visiting attribute path : username
12:23:08.092 [main] [o.h.l.p.b.i.FetchStyleLoadPlanBuildingAssociationVisitationStrategy] DEBUG org.hibernate.loader.plan.build.internal.FetchStyleLoadPlanBuildingAssociationVisitationStrategy - Building LoadPlan...
12:23:08.092 [main] [o.h.l.p.e.i.LoadQueryJoinAndFetchProcessor] DEBUG org.hibernate.loader.plan.exec.internal.LoadQueryJoinAndFetchProcessor - processing queryspace &lt;gen:0&gt;
12:23:08.092 [main] [o.h.l.p.b.s.LoadPlanTreePrinter] DEBUG org.hibernate.loader.plan.build.spi.LoadPlanTreePrinter - LoadPlan(entity=org.solent.com504.project.model.user.dto.User)
    - Returns
       - EntityReturnImpl(entity=org.solent.com504.project.model.user.dto.User, querySpaceUid=&lt;gen:0&gt;, path=org.solent.com504.project.model.user.dto.User)
          - CompositeAttributeFetchImpl(composite=org.solent.com504.project.model.party.dto.Address, querySpaceUid=&lt;gen:1&gt;, path=org.solent.com504.project.model.user.dto.User.address)
          - CollectionAttributeFetchImpl(collection=org.solent.com504.project.model.user.dto.User.parties, querySpaceUid=&lt;gen:2&gt;, path=org.solent.com504.project.model.user.dto.User.parties)
             - (collection element) CollectionFetchableElementEntityGraph(entity=org.solent.com504.project.model.party.dto.Party, querySpaceUid=&lt;gen:3&gt;, path=org.solent.com504.project.model.user.dto.User.parties.&lt;elements&gt;)
                - CompositeAttributeFetchImpl(composite=org.solent.com504.project.model.party.dto.Address, querySpaceUid=&lt;gen:4&gt;, path=org.solent.com504.project.model.user.dto.User.parties.&lt;elements&gt;.address)
          - CollectionAttributeFetchImpl(collection=org.solent.com504.project.model.user.dto.User.roles, querySpaceUid=&lt;gen:5&gt;, path=org.solent.com504.project.model.user.dto.User.roles)
             - (collection element) CollectionFetchableElementEntityGraph(entity=org.solent.com504.project.model.user.dto.Role, querySpaceUid=&lt;gen:6&gt;, path=org.solent.com504.project.model.user.dto.User.roles.&lt;elements&gt;)
    - QuerySpaces
       - EntityQuerySpaceImpl(uid=&lt;gen:0&gt;, entity=org.solent.com504.project.model.user.dto.User)
          - SQL table alias mapping - user0_
          - alias suffix - 0_
          - suffixed key columns - {id1_7_0_}
          - JOIN (JoinDefinedByMetadata(address)) : &lt;gen:0&gt; -&gt; &lt;gen:1&gt;
             - CompositeQuerySpaceImpl(uid=&lt;gen:1&gt;)
                - SQL table alias mapping - user0_
          - JOIN (JoinDefinedByMetadata(parties)) : &lt;gen:0&gt; -&gt; &lt;gen:2&gt;
             - CollectionQuerySpaceImpl(uid=&lt;gen:2&gt;, collection=org.solent.com504.project.model.user.dto.User.parties)
                - SQL table alias mapping - parties1_
                - alias suffix - 1_
                - suffixed key columns - {party_id2_8_1_}
                - entity-element alias suffix - 2_
                - 2_entity-element suffixed key columns - id1_5_2_
                - JOIN (JoinDefinedByMetadata(elements)) : &lt;gen:2&gt; -&gt; &lt;gen:3&gt;
                   - EntityQuerySpaceImpl(uid=&lt;gen:3&gt;, entity=org.solent.com504.project.model.party.dto.Party)
                      - SQL table alias mapping - party2_
                      - alias suffix - 2_
                      - suffixed key columns - {id1_5_2_}
                      - JOIN (JoinDefinedByMetadata(address)) : &lt;gen:3&gt; -&gt; &lt;gen:4&gt;
                         - CompositeQuerySpaceImpl(uid=&lt;gen:4&gt;)
                            - SQL table alias mapping - party2_
          - JOIN (JoinDefinedByMetadata(roles)) : &lt;gen:0&gt; -&gt; &lt;gen:5&gt;
             - CollectionQuerySpaceImpl(uid=&lt;gen:5&gt;, collection=org.solent.com504.project.model.user.dto.User.roles)
                - SQL table alias mapping - roles3_
                - alias suffix - 3_
                - suffixed key columns - {user_id1_9_3_}
                - entity-element alias suffix - 4_
                - 4_entity-element suffixed key columns - id1_6_4_
                - JOIN (JoinDefinedByMetadata(elements)) : &lt;gen:5&gt; -&gt; &lt;gen:6&gt;
                   - EntityQuerySpaceImpl(uid=&lt;gen:6&gt;, entity=org.solent.com504.project.model.user.dto.Role)
                      - SQL table alias mapping - role4_
                      - alias suffix - 4_
                      - suffixed key columns - {id1_6_4_}

12:23:08.092 [main] [o.h.l.e.p.EntityLoader] DEBUG org.hibernate.loader.entity.plan.EntityLoader - Static select for entity org.solent.com504.project.model.user.dto.User [READ]: select user0_.id as id1_7_0_, user0_.addressLine1 as addressL2_7_0_, user0_.addressLine2 as addressL3_7_0_, user0_.country as country4_7_0_, user0_.county as county5_7_0_, user0_.latitude as latitude6_7_0_, user0_.longitude as longitud7_7_0_, user0_.mobile as mobile8_7_0_, user0_.number as number9_7_0_, user0_.postcode as postcod10_7_0_, user0_.telephone as telepho11_7_0_, user0_.enabled as enabled12_7_0_, user0_.firstName as firstNa13_7_0_, user0_.password as passwor14_7_0_, user0_.secondName as secondN15_7_0_, user0_.username as usernam16_7_0_, parties1_.party_id as party_id2_8_1_, party2_.id as user_id1_8_1_, party2_.id as id1_5_2_, party2_.addressLine1 as addressL2_5_2_, party2_.addressLine2 as addressL3_5_2_, party2_.country as country4_5_2_, party2_.county as county5_5_2_, party2_.latitude as latitude6_5_2_, party2_.longitude as longitud7_5_2_, party2_.mobile as mobile8_5_2_, party2_.number as number9_5_2_, party2_.postcode as postcod10_5_2_, party2_.telephone as telepho11_5_2_, party2_.enabled as enabled12_5_2_, party2_.firstName as firstNa13_5_2_, party2_.partyRole as partyRo14_5_2_, party2_.partyStatus as partySt15_5_2_, party2_.secondName as secondN16_5_2_, party2_.uuid as uuid17_5_2_, roles3_.user_id as user_id1_9_3_, role4_.id as role_id2_9_3_, role4_.id as id1_6_4_, role4_.name as name2_6_4_ from user user0_ left outer join user_party parties1_ on user0_.id=parties1_.party_id left outer join Party party2_ on parties1_.user_id=party2_.id left outer join user_role roles3_ on user0_.id=roles3_.user_id left outer join role role4_ on roles3_.role_id=role4_.id where user0_.id=?
12:23:08.092 [main] [o.h.l.p.b.i.s.QuerySpacesImpl] DEBUG org.hibernate.loader.plan.build.internal.spaces.QuerySpacesImpl - Adding QuerySpace : uid = &lt;gen:0&gt; -&gt; org.hibernate.loader.plan.build.internal.spaces.EntityQuerySpaceImpl@75e27856]
12:23:08.092 [main] [o.h.p.w.s.MetamodelGraphWalker] DEBUG org.hibernate.persister.walking.spi.MetamodelGraphWalker - Visiting attribute path : address
12:23:08.092 [main] [o.h.l.p.b.i.s.QuerySpacesImpl] DEBUG org.hibernate.loader.plan.build.internal.spaces.QuerySpacesImpl - Adding QuerySpace : uid = &lt;gen:1&gt; -&gt; org.hibernate.loader.plan.build.internal.spaces.CompositeQuerySpaceImpl@4f4c88f9]
12:23:08.092 [main] [o.h.p.w.s.MetamodelGraphWalker] DEBUG org.hibernate.persister.walking.spi.MetamodelGraphWalker - Visiting attribute path : address.addressLine1
12:23:08.092 [main] [o.h.p.w.s.MetamodelGraphWalker] DEBUG org.hibernate.persister.walking.spi.MetamodelGraphWalker - Visiting attribute path : address.addressLine2
12:23:08.092 [main] [o.h.p.w.s.MetamodelGraphWalker] DEBUG org.hibernate.persister.walking.spi.MetamodelGraphWalker - Visiting attribute path : address.country
12:23:08.092 [main] [o.h.p.w.s.MetamodelGraphWalker] DEBUG org.hibernate.persister.walking.spi.MetamodelGraphWalker - Visiting attribute path : address.county
12:23:08.092 [main] [o.h.p.w.s.MetamodelGraphWalker] DEBUG org.hibernate.persister.walking.spi.MetamodelGraphWalker - Visiting attribute path : address.latitude
12:23:08.092 [main] [o.h.p.w.s.MetamodelGraphWalker] DEBUG org.hibernate.persister.walking.spi.MetamodelGraphWalker - Visiting attribute path : address.longitude
12:23:08.092 [main] [o.h.p.w.s.MetamodelGraphWalker] DEBUG org.hibernate.persister.walking.spi.MetamodelGraphWalker - Visiting attribute path : address.mobile
12:23:08.092 [main] [o.h.p.w.s.MetamodelGraphWalker] DEBUG org.hibernate.persister.walking.spi.MetamodelGraphWalker - Visiting attribute path : address.number
12:23:08.092 [main] [o.h.p.w.s.MetamodelGraphWalker] DEBUG org.hibernate.persister.walking.spi.MetamodelGraphWalker - Visiting attribute path : address.postcode
12:23:08.092 [main] [o.h.p.w.s.MetamodelGraphWalker] DEBUG org.hibernate.persister.walking.spi.MetamodelGraphWalker - Visiting attribute path : address.telephone
12:23:08.092 [main] [o.h.p.w.s.MetamodelGraphWalker] DEBUG org.hibernate.persister.walking.spi.MetamodelGraphWalker - Visiting attribute path : enabled
12:23:08.092 [main] [o.h.p.w.s.MetamodelGraphWalker] DEBUG org.hibernate.persister.walking.spi.MetamodelGraphWalker - Visiting attribute path : firstName
12:23:08.092 [main] [o.h.p.w.s.MetamodelGraphWalker] DEBUG org.hibernate.persister.walking.spi.MetamodelGraphWalker - Visiting attribute path : parties
12:23:08.092 [main] [o.h.l.p.b.i.s.QuerySpacesImpl] DEBUG org.hibernate.loader.plan.build.internal.spaces.QuerySpacesImpl - Adding QuerySpace : uid = &lt;gen:2&gt; -&gt; org.hibernate.loader.plan.build.internal.spaces.CollectionQuerySpaceImpl@cb39552]
12:23:08.092 [main] [o.h.l.p.b.i.s.QuerySpacesImpl] DEBUG org.hibernate.loader.plan.build.internal.spaces.QuerySpacesImpl - Adding QuerySpace : uid = &lt;gen:3&gt; -&gt; org.hibernate.loader.plan.build.internal.spaces.EntityQuerySpaceImpl@1f3b992]
12:23:08.092 [main] [o.h.p.w.s.MetamodelGraphWalker] DEBUG org.hibernate.persister.walking.spi.MetamodelGraphWalker - Visiting attribute path : password
12:23:08.092 [main] [o.h.p.w.s.MetamodelGraphWalker] DEBUG org.hibernate.persister.walking.spi.MetamodelGraphWalker - Visiting attribute path : roles
12:23:08.092 [main] [o.h.l.p.b.i.s.QuerySpacesImpl] DEBUG org.hibernate.loader.plan.build.internal.spaces.QuerySpacesImpl - Adding QuerySpace : uid = &lt;gen:4&gt; -&gt; org.hibernate.loader.plan.build.internal.spaces.CollectionQuerySpaceImpl@2a53f215]
12:23:08.092 [main] [o.h.l.p.b.i.s.QuerySpacesImpl] DEBUG org.hibernate.loader.plan.build.internal.spaces.QuerySpacesImpl - Adding QuerySpace : uid = &lt;gen:5&gt; -&gt; org.hibernate.loader.plan.build.internal.spaces.EntityQuerySpaceImpl@6b63e6ad]
12:23:08.092 [main] [o.h.p.w.s.MetamodelGraphWalker] DEBUG org.hibernate.persister.walking.spi.MetamodelGraphWalker - Visiting attribute path : secondName
12:23:08.092 [main] [o.h.p.w.s.MetamodelGraphWalker] DEBUG org.hibernate.persister.walking.spi.MetamodelGraphWalker - Visiting attribute path : username
12:23:08.092 [main] [o.h.l.p.b.i.FetchStyleLoadPlanBuildingAssociationVisitationStrategy] DEBUG org.hibernate.loader.plan.build.internal.FetchStyleLoadPlanBuildingAssociationVisitationStrategy - Building LoadPlan...
12:23:08.092 [main] [o.h.l.p.e.i.LoadQueryJoinAndFetchProcessor] DEBUG org.hibernate.loader.plan.exec.internal.LoadQueryJoinAndFetchProcessor - processing queryspace &lt;gen:0&gt;
12:23:08.092 [main] [o.h.l.p.b.s.LoadPlanTreePrinter] DEBUG org.hibernate.loader.plan.build.spi.LoadPlanTreePrinter - LoadPlan(entity=org.solent.com504.project.model.user.dto.User)
    - Returns
       - EntityReturnImpl(entity=org.solent.com504.project.model.user.dto.User, querySpaceUid=&lt;gen:0&gt;, path=org.solent.com504.project.model.user.dto.User)
          - CompositeAttributeFetchImpl(composite=org.solent.com504.project.model.party.dto.Address, querySpaceUid=&lt;gen:1&gt;, path=org.solent.com504.project.model.user.dto.User.address)
          - CollectionAttributeFetchImpl(collection=org.solent.com504.project.model.user.dto.User.parties, querySpaceUid=&lt;gen:2&gt;, path=org.solent.com504.project.model.user.dto.User.parties)
             - (collection element) CollectionFetchableElementEntityGraph(entity=org.solent.com504.project.model.party.dto.Party, querySpaceUid=&lt;gen:3&gt;, path=org.solent.com504.project.model.user.dto.User.parties.&lt;elements&gt;)
          - CollectionAttributeFetchImpl(collection=org.solent.com504.project.model.user.dto.User.roles, querySpaceUid=&lt;gen:4&gt;, path=org.solent.com504.project.model.user.dto.User.roles)
             - (collection element) CollectionFetchableElementEntityGraph(entity=org.solent.com504.project.model.user.dto.Role, querySpaceUid=&lt;gen:5&gt;, path=org.solent.com504.project.model.user.dto.User.roles.&lt;elements&gt;)
    - QuerySpaces
       - EntityQuerySpaceImpl(uid=&lt;gen:0&gt;, entity=org.solent.com504.project.model.user.dto.User)
          - SQL table alias mapping - user0_
          - alias suffix - 0_
          - suffixed key columns - {id1_7_0_}
          - JOIN (JoinDefinedByMetadata(address)) : &lt;gen:0&gt; -&gt; &lt;gen:1&gt;
             - CompositeQuerySpaceImpl(uid=&lt;gen:1&gt;)
                - SQL table alias mapping - user0_

12:23:08.092 [main] [o.h.l.e.p.EntityLoader] DEBUG org.hibernate.loader.entity.plan.EntityLoader - Static select for entity org.solent.com504.project.model.user.dto.User [UPGRADE]: select user0_.id as id1_7_0_, user0_.addressLine1 as addressL2_7_0_, user0_.addressLine2 as addressL3_7_0_, user0_.country as country4_7_0_, user0_.county as county5_7_0_, user0_.latitude as latitude6_7_0_, user0_.longitude as longitud7_7_0_, user0_.mobile as mobile8_7_0_, user0_.number as number9_7_0_, user0_.postcode as postcod10_7_0_, user0_.telephone as telepho11_7_0_, user0_.enabled as enabled12_7_0_, user0_.firstName as firstNa13_7_0_, user0_.password as passwor14_7_0_, user0_.secondName as secondN15_7_0_, user0_.username as usernam16_7_0_ from user user0_ where user0_.id=? for update
12:23:08.092 [main] [o.h.l.p.b.i.s.QuerySpacesImpl] DEBUG org.hibernate.loader.plan.build.internal.spaces.QuerySpacesImpl - Adding QuerySpace : uid = &lt;gen:0&gt; -&gt; org.hibernate.loader.plan.build.internal.spaces.EntityQuerySpaceImpl@7beae796]
12:23:08.092 [main] [o.h.p.w.s.MetamodelGraphWalker] DEBUG org.hibernate.persister.walking.spi.MetamodelGraphWalker - Visiting attribute path : address
12:23:08.092 [main] [o.h.l.p.b.i.s.QuerySpacesImpl] DEBUG org.hibernate.loader.plan.build.internal.spaces.QuerySpacesImpl - Adding QuerySpace : uid = &lt;gen:1&gt; -&gt; org.hibernate.loader.plan.build.internal.spaces.CompositeQuerySpaceImpl@52bf7bf6]
12:23:08.092 [main] [o.h.p.w.s.MetamodelGraphWalker] DEBUG org.hibernate.persister.walking.spi.MetamodelGraphWalker - Visiting attribute path : address.addressLine1
12:23:08.092 [main] [o.h.p.w.s.MetamodelGraphWalker] DEBUG org.hibernate.persister.walking.spi.MetamodelGraphWalker - Visiting attribute path : address.addressLine2
12:23:08.092 [main] [o.h.p.w.s.MetamodelGraphWalker] DEBUG org.hibernate.persister.walking.spi.MetamodelGraphWalker - Visiting attribute path : address.country
12:23:08.092 [main] [o.h.p.w.s.MetamodelGraphWalker] DEBUG org.hibernate.persister.walking.spi.MetamodelGraphWalker - Visiting attribute path : address.county
12:23:08.092 [main] [o.h.p.w.s.MetamodelGraphWalker] DEBUG org.hibernate.persister.walking.spi.MetamodelGraphWalker - Visiting attribute path : address.latitude
12:23:08.092 [main] [o.h.p.w.s.MetamodelGraphWalker] DEBUG org.hibernate.persister.walking.spi.MetamodelGraphWalker - Visiting attribute path : address.longitude
12:23:08.092 [main] [o.h.p.w.s.MetamodelGraphWalker] DEBUG org.hibernate.persister.walking.spi.MetamodelGraphWalker - Visiting attribute path : address.mobile
12:23:08.092 [main] [o.h.p.w.s.MetamodelGraphWalker] DEBUG org.hibernate.persister.walking.spi.MetamodelGraphWalker - Visiting attribute path : address.number
12:23:08.092 [main] [o.h.p.w.s.MetamodelGraphWalker] DEBUG org.hibernate.persister.walking.spi.MetamodelGraphWalker - Visiting attribute path : address.postcode
12:23:08.092 [main] [o.h.p.w.s.MetamodelGraphWalker] DEBUG org.hibernate.persister.walking.spi.MetamodelGraphWalker - Visiting attribute path : address.telephone
12:23:08.092 [main] [o.h.p.w.s.MetamodelGraphWalker] DEBUG org.hibernate.persister.walking.spi.MetamodelGraphWalker - Visiting attribute path : enabled
12:23:08.092 [main] [o.h.p.w.s.MetamodelGraphWalker] DEBUG org.hibernate.persister.walking.spi.MetamodelGraphWalker - Visiting attribute path : firstName
12:23:08.092 [main] [o.h.p.w.s.MetamodelGraphWalker] DEBUG org.hibernate.persister.walking.spi.MetamodelGraphWalker - Visiting attribute path : parties
12:23:08.092 [main] [o.h.l.p.b.i.s.QuerySpacesImpl] DEBUG org.hibernate.loader.plan.build.internal.spaces.QuerySpacesImpl - Adding QuerySpace : uid = &lt;gen:2&gt; -&gt; org.hibernate.loader.plan.build.internal.spaces.CollectionQuerySpaceImpl@ae73c80]
12:23:08.092 [main] [o.h.l.p.b.i.s.QuerySpacesImpl] DEBUG org.hibernate.loader.plan.build.internal.spaces.QuerySpacesImpl - Adding QuerySpace : uid = &lt;gen:3&gt; -&gt; org.hibernate.loader.plan.build.internal.spaces.EntityQuerySpaceImpl@22f4f8f2]
12:23:08.092 [main] [o.h.p.w.s.MetamodelGraphWalker] DEBUG org.hibernate.persister.walking.spi.MetamodelGraphWalker - Visiting attribute path : password
12:23:08.092 [main] [o.h.p.w.s.MetamodelGraphWalker] DEBUG org.hibernate.persister.walking.spi.MetamodelGraphWalker - Visiting attribute path : roles
12:23:08.092 [main] [o.h.l.p.b.i.s.QuerySpacesImpl] DEBUG org.hibernate.loader.plan.build.internal.spaces.QuerySpacesImpl - Adding QuerySpace : uid = &lt;gen:4&gt; -&gt; org.hibernate.loader.plan.build.internal.spaces.CollectionQuerySpaceImpl@bbd4791]
12:23:08.092 [main] [o.h.l.p.b.i.s.QuerySpacesImpl] DEBUG org.hibernate.loader.plan.build.internal.spaces.QuerySpacesImpl - Adding QuerySpace : uid = &lt;gen:5&gt; -&gt; org.hibernate.loader.plan.build.internal.spaces.EntityQuerySpaceImpl@40a72ecd]
12:23:08.092 [main] [o.h.p.w.s.MetamodelGraphWalker] DEBUG org.hibernate.persister.walking.spi.MetamodelGraphWalker - Visiting attribute path : secondName
12:23:08.092 [main] [o.h.p.w.s.MetamodelGraphWalker] DEBUG org.hibernate.persister.walking.spi.MetamodelGraphWalker - Visiting attribute path : username
12:23:08.092 [main] [o.h.l.p.b.i.FetchStyleLoadPlanBuildingAssociationVisitationStrategy] DEBUG org.hibernate.loader.plan.build.internal.FetchStyleLoadPlanBuildingAssociationVisitationStrategy - Building LoadPlan...
12:23:08.092 [main] [o.h.l.p.e.i.LoadQueryJoinAndFetchProcessor] DEBUG org.hibernate.loader.plan.exec.internal.LoadQueryJoinAndFetchProcessor - processing queryspace &lt;gen:0&gt;
12:23:08.092 [main] [o.h.l.p.b.s.LoadPlanTreePrinter] DEBUG org.hibernate.loader.plan.build.spi.LoadPlanTreePrinter - LoadPlan(entity=org.solent.com504.project.model.user.dto.User)
    - Returns
       - EntityReturnImpl(entity=org.solent.com504.project.model.user.dto.User, querySpaceUid=&lt;gen:0&gt;, path=org.solent.com504.project.model.user.dto.User)
          - CompositeAttributeFetchImpl(composite=org.solent.com504.project.model.party.dto.Address, querySpaceUid=&lt;gen:1&gt;, path=org.solent.com504.project.model.user.dto.User.address)
          - CollectionAttributeFetchImpl(collection=org.solent.com504.project.model.user.dto.User.parties, querySpaceUid=&lt;gen:2&gt;, path=org.solent.com504.project.model.user.dto.User.parties)
             - (collection element) CollectionFetchableElementEntityGraph(entity=org.solent.com504.project.model.party.dto.Party, querySpaceUid=&lt;gen:3&gt;, path=org.solent.com504.project.model.user.dto.User.parties.&lt;elements&gt;)
          - CollectionAttributeFetchImpl(collection=org.solent.com504.project.model.user.dto.User.roles, querySpaceUid=&lt;gen:4&gt;, path=org.solent.com504.project.model.user.dto.User.roles)
             - (collection element) CollectionFetchableElementEntityGraph(entity=org.solent.com504.project.model.user.dto.Role, querySpaceUid=&lt;gen:5&gt;, path=org.solent.com504.project.model.user.dto.User.roles.&lt;elements&gt;)
    - QuerySpaces
       - EntityQuerySpaceImpl(uid=&lt;gen:0&gt;, entity=org.solent.com504.project.model.user.dto.User)
          - SQL table alias mapping - user0_
          - alias suffix - 0_
          - suffixed key columns - {id1_7_0_}
          - JOIN (JoinDefinedByMetadata(address)) : &lt;gen:0&gt; -&gt; &lt;gen:1&gt;
             - CompositeQuerySpaceImpl(uid=&lt;gen:1&gt;)
                - SQL table alias mapping - user0_

12:23:08.092 [main] [o.h.l.e.p.EntityLoader] DEBUG org.hibernate.loader.entity.plan.EntityLoader - Static select for entity org.solent.com504.project.model.user.dto.User [UPGRADE_NOWAIT]: select user0_.id as id1_7_0_, user0_.addressLine1 as addressL2_7_0_, user0_.addressLine2 as addressL3_7_0_, user0_.country as country4_7_0_, user0_.county as county5_7_0_, user0_.latitude as latitude6_7_0_, user0_.longitude as longitud7_7_0_, user0_.mobile as mobile8_7_0_, user0_.number as number9_7_0_, user0_.postcode as postcod10_7_0_, user0_.telephone as telepho11_7_0_, user0_.enabled as enabled12_7_0_, user0_.firstName as firstNa13_7_0_, user0_.password as passwor14_7_0_, user0_.secondName as secondN15_7_0_, user0_.username as usernam16_7_0_ from user user0_ where user0_.id=? for update
12:23:08.092 [main] [o.h.l.p.b.i.s.QuerySpacesImpl] DEBUG org.hibernate.loader.plan.build.internal.spaces.QuerySpacesImpl - Adding QuerySpace : uid = &lt;gen:0&gt; -&gt; org.hibernate.loader.plan.build.internal.spaces.EntityQuerySpaceImpl@73971965]
12:23:08.092 [main] [o.h.p.w.s.MetamodelGraphWalker] DEBUG org.hibernate.persister.walking.spi.MetamodelGraphWalker - Visiting attribute path : address
12:23:08.092 [main] [o.h.l.p.b.i.s.QuerySpacesImpl] DEBUG org.hibernate.loader.plan.build.internal.spaces.QuerySpacesImpl - Adding QuerySpace : uid = &lt;gen:1&gt; -&gt; org.hibernate.loader.plan.build.internal.spaces.CompositeQuerySpaceImpl@17410c07]
12:23:08.092 [main] [o.h.p.w.s.MetamodelGraphWalker] DEBUG org.hibernate.persister.walking.spi.MetamodelGraphWalker - Visiting attribute path : address.addressLine1
12:23:08.092 [main] [o.h.p.w.s.MetamodelGraphWalker] DEBUG org.hibernate.persister.walking.spi.MetamodelGraphWalker - Visiting attribute path : address.addressLine2
12:23:08.092 [main] [o.h.p.w.s.MetamodelGraphWalker] DEBUG org.hibernate.persister.walking.spi.MetamodelGraphWalker - Visiting attribute path : address.country
12:23:08.092 [main] [o.h.p.w.s.MetamodelGraphWalker] DEBUG org.hibernate.persister.walking.spi.MetamodelGraphWalker - Visiting attribute path : address.county
12:23:08.092 [main] [o.h.p.w.s.MetamodelGraphWalker] DEBUG org.hibernate.persister.walking.spi.MetamodelGraphWalker - Visiting attribute path : address.latitude
12:23:08.092 [main] [o.h.p.w.s.MetamodelGraphWalker] DEBUG org.hibernate.persister.walking.spi.MetamodelGraphWalker - Visiting attribute path : address.longitude
12:23:08.092 [main] [o.h.p.w.s.MetamodelGraphWalker] DEBUG org.hibernate.persister.walking.spi.MetamodelGraphWalker - Visiting attribute path : address.mobile
12:23:08.092 [main] [o.h.p.w.s.MetamodelGraphWalker] DEBUG org.hibernate.persister.walking.spi.MetamodelGraphWalker - Visiting attribute path : address.number
12:23:08.092 [main] [o.h.p.w.s.MetamodelGraphWalker] DEBUG org.hibernate.persister.walking.spi.MetamodelGraphWalker - Visiting attribute path : address.postcode
12:23:08.092 [main] [o.h.p.w.s.MetamodelGraphWalker] DEBUG org.hibernate.persister.walking.spi.MetamodelGraphWalker - Visiting attribute path : address.telephone
12:23:08.092 [main] [o.h.p.w.s.MetamodelGraphWalker] DEBUG org.hibernate.persister.walking.spi.MetamodelGraphWalker - Visiting attribute path : enabled
12:23:08.092 [main] [o.h.p.w.s.MetamodelGraphWalker] DEBUG org.hibernate.persister.walking.spi.MetamodelGraphWalker - Visiting attribute path : firstName
12:23:08.092 [main] [o.h.p.w.s.MetamodelGraphWalker] DEBUG org.hibernate.persister.walking.spi.MetamodelGraphWalker - Visiting attribute path : parties
12:23:08.092 [main] [o.h.l.p.b.i.s.QuerySpacesImpl] DEBUG org.hibernate.loader.plan.build.internal.spaces.QuerySpacesImpl - Adding QuerySpace : uid = &lt;gen:2&gt; -&gt; org.hibernate.loader.plan.build.internal.spaces.CollectionQuerySpaceImpl@257ef9ed]
12:23:08.092 [main] [o.h.l.p.b.i.s.QuerySpacesImpl] DEBUG org.hibernate.loader.plan.build.internal.spaces.QuerySpacesImpl - Adding QuerySpace : uid = &lt;gen:3&gt; -&gt; org.hibernate.loader.plan.build.internal.spaces.EntityQuerySpaceImpl@59c70ceb]
12:23:08.092 [main] [o.h.p.w.s.MetamodelGraphWalker] DEBUG org.hibernate.persister.walking.spi.MetamodelGraphWalker - Visiting attribute path : password
12:23:08.092 [main] [o.h.p.w.s.MetamodelGraphWalker] DEBUG org.hibernate.persister.walking.spi.MetamodelGraphWalker - Visiting attribute path : roles
12:23:08.092 [main] [o.h.l.p.b.i.s.QuerySpacesImpl] DEBUG org.hibernate.loader.plan.build.internal.spaces.QuerySpacesImpl - Adding QuerySpace : uid = &lt;gen:4&gt; -&gt; org.hibernate.loader.plan.build.internal.spaces.CollectionQuerySpaceImpl@46f902e0]
12:23:08.092 [main] [o.h.l.p.b.i.s.QuerySpacesImpl] DEBUG org.hibernate.loader.plan.build.internal.spaces.QuerySpacesImpl - Adding QuerySpace : uid = &lt;gen:5&gt; -&gt; org.hibernate.loader.plan.build.internal.spaces.EntityQuerySpaceImpl@64f981e2]
12:23:08.092 [main] [o.h.p.w.s.MetamodelGraphWalker] DEBUG org.hibernate.persister.walking.spi.MetamodelGraphWalker - Visiting attribute path : secondName
12:23:08.092 [main] [o.h.p.w.s.MetamodelGraphWalker] DEBUG org.hibernate.persister.walking.spi.MetamodelGraphWalker - Visiting attribute path : username
12:23:08.092 [main] [o.h.l.p.b.i.FetchStyleLoadPlanBuildingAssociationVisitationStrategy] DEBUG org.hibernate.loader.plan.build.internal.FetchStyleLoadPlanBuildingAssociationVisitationStrategy - Building LoadPlan...
12:23:08.092 [main] [o.h.l.p.e.i.LoadQueryJoinAndFetchProcessor] DEBUG org.hibernate.loader.plan.exec.internal.LoadQueryJoinAndFetchProcessor - processing queryspace &lt;gen:0&gt;
12:23:08.092 [main] [o.h.l.p.b.s.LoadPlanTreePrinter] DEBUG org.hibernate.loader.plan.build.spi.LoadPlanTreePrinter - LoadPlan(entity=org.solent.com504.project.model.user.dto.User)
    - Returns
       - EntityReturnImpl(entity=org.solent.com504.project.model.user.dto.User, querySpaceUid=&lt;gen:0&gt;, path=org.solent.com504.project.model.user.dto.User)
          - CompositeAttributeFetchImpl(composite=org.solent.com504.project.model.party.dto.Address, querySpaceUid=&lt;gen:1&gt;, path=org.solent.com504.project.model.user.dto.User.address)
          - CollectionAttributeFetchImpl(collection=org.solent.com504.project.model.user.dto.User.parties, querySpaceUid=&lt;gen:2&gt;, path=org.solent.com504.project.model.user.dto.User.parties)
             - (collection element) CollectionFetchableElementEntityGraph(entity=org.solent.com504.project.model.party.dto.Party, querySpaceUid=&lt;gen:3&gt;, path=org.solent.com504.project.model.user.dto.User.parties.&lt;elements&gt;)
          - CollectionAttributeFetchImpl(collection=org.solent.com504.project.model.user.dto.User.roles, querySpaceUid=&lt;gen:4&gt;, path=org.solent.com504.project.model.user.dto.User.roles)
             - (collection element) CollectionFetchableElementEntityGraph(entity=org.solent.com504.project.model.user.dto.Role, querySpaceUid=&lt;gen:5&gt;, path=org.solent.com504.project.model.user.dto.User.roles.&lt;elements&gt;)
    - QuerySpaces
       - EntityQuerySpaceImpl(uid=&lt;gen:0&gt;, entity=org.solent.com504.project.model.user.dto.User)
          - SQL table alias mapping - user0_
          - alias suffix - 0_
          - suffixed key columns - {id1_7_0_}
          - JOIN (JoinDefinedByMetadata(address)) : &lt;gen:0&gt; -&gt; &lt;gen:1&gt;
             - CompositeQuerySpaceImpl(uid=&lt;gen:1&gt;)
                - SQL table alias mapping - user0_

12:23:08.092 [main] [o.h.l.e.p.EntityLoader] DEBUG org.hibernate.loader.entity.plan.EntityLoader - Static select for entity org.solent.com504.project.model.user.dto.User [UPGRADE_SKIPLOCKED]: select user0_.id as id1_7_0_, user0_.addressLine1 as addressL2_7_0_, user0_.addressLine2 as addressL3_7_0_, user0_.country as country4_7_0_, user0_.county as county5_7_0_, user0_.latitude as latitude6_7_0_, user0_.longitude as longitud7_7_0_, user0_.mobile as mobile8_7_0_, user0_.number as number9_7_0_, user0_.postcode as postcod10_7_0_, user0_.telephone as telepho11_7_0_, user0_.enabled as enabled12_7_0_, user0_.firstName as firstNa13_7_0_, user0_.password as passwor14_7_0_, user0_.secondName as secondN15_7_0_, user0_.username as usernam16_7_0_ from user user0_ where user0_.id=? for update
12:23:08.092 [main] [o.h.l.p.b.i.s.QuerySpacesImpl] DEBUG org.hibernate.loader.plan.build.internal.spaces.QuerySpacesImpl - Adding QuerySpace : uid = &lt;gen:0&gt; -&gt; org.hibernate.loader.plan.build.internal.spaces.EntityQuerySpaceImpl@361abd01]
12:23:08.092 [main] [o.h.p.w.s.MetamodelGraphWalker] DEBUG org.hibernate.persister.walking.spi.MetamodelGraphWalker - Visiting attribute path : address
12:23:08.092 [main] [o.h.l.p.b.i.s.QuerySpacesImpl] DEBUG org.hibernate.loader.plan.build.internal.spaces.QuerySpacesImpl - Adding QuerySpace : uid = &lt;gen:1&gt; -&gt; org.hibernate.loader.plan.build.internal.spaces.CompositeQuerySpaceImpl@59bbb974]
12:23:08.092 [main] [o.h.p.w.s.MetamodelGraphWalker] DEBUG org.hibernate.persister.walking.spi.MetamodelGraphWalker - Visiting attribute path : address.addressLine1
12:23:08.092 [main] [o.h.p.w.s.MetamodelGraphWalker] DEBUG org.hibernate.persister.walking.spi.MetamodelGraphWalker - Visiting attribute path : address.addressLine2
12:23:08.092 [main] [o.h.p.w.s.MetamodelGraphWalker] DEBUG org.hibernate.persister.walking.spi.MetamodelGraphWalker - Visiting attribute path : address.country
12:23:08.092 [main] [o.h.p.w.s.MetamodelGraphWalker] DEBUG org.hibernate.persister.walking.spi.MetamodelGraphWalker - Visiting attribute path : address.county
12:23:08.092 [main] [o.h.p.w.s.MetamodelGraphWalker] DEBUG org.hibernate.persister.walking.spi.MetamodelGraphWalker - Visiting attribute path : address.latitude
12:23:08.092 [main] [o.h.p.w.s.MetamodelGraphWalker] DEBUG org.hibernate.persister.walking.spi.MetamodelGraphWalker - Visiting attribute path : address.longitude
12:23:08.092 [main] [o.h.p.w.s.MetamodelGraphWalker] DEBUG org.hibernate.persister.walking.spi.MetamodelGraphWalker - Visiting attribute path : address.mobile
12:23:08.092 [main] [o.h.p.w.s.MetamodelGraphWalker] DEBUG org.hibernate.persister.walking.spi.MetamodelGraphWalker - Visiting attribute path : address.number
12:23:08.092 [main] [o.h.p.w.s.MetamodelGraphWalker] DEBUG org.hibernate.persister.walking.spi.MetamodelGraphWalker - Visiting attribute path : address.postcode
12:23:08.092 [main] [o.h.p.w.s.MetamodelGraphWalker] DEBUG org.hibernate.persister.walking.spi.MetamodelGraphWalker - Visiting attribute path : address.telephone
12:23:08.092 [main] [o.h.p.w.s.MetamodelGraphWalker] DEBUG org.hibernate.persister.walking.spi.MetamodelGraphWalker - Visiting attribute path : enabled
12:23:08.092 [main] [o.h.p.w.s.MetamodelGraphWalker] DEBUG org.hibernate.persister.walking.spi.MetamodelGraphWalker - Visiting attribute path : firstName
12:23:08.092 [main] [o.h.p.w.s.MetamodelGraphWalker] DEBUG org.hibernate.persister.walking.spi.MetamodelGraphWalker - Visiting attribute path : parties
12:23:08.092 [main] [o.h.l.p.b.i.s.QuerySpacesImpl] DEBUG org.hibernate.loader.plan.build.internal.spaces.QuerySpacesImpl - Adding QuerySpace : uid = &lt;gen:2&gt; -&gt; org.hibernate.loader.plan.build.internal.spaces.CollectionQuerySpaceImpl@12f49ca8]
12:23:08.092 [main] [o.h.l.p.b.i.s.QuerySpacesImpl] DEBUG org.hibernate.loader.plan.build.internal.spaces.QuerySpacesImpl - Adding QuerySpace : uid = &lt;gen:3&gt; -&gt; org.hibernate.loader.plan.build.internal.spaces.EntityQuerySpaceImpl@1fd9893c]
12:23:08.092 [main] [o.h.p.w.s.MetamodelGraphWalker] DEBUG org.hibernate.persister.walking.spi.MetamodelGraphWalker - Visiting attribute path : password
12:23:08.092 [main] [o.h.p.w.s.MetamodelGraphWalker] DEBUG org.hibernate.persister.walking.spi.MetamodelGraphWalker - Visiting attribute path : roles
12:23:08.092 [main] [o.h.l.p.b.i.s.QuerySpacesImpl] DEBUG org.hibernate.loader.plan.build.internal.spaces.QuerySpacesImpl - Adding QuerySpace : uid = &lt;gen:4&gt; -&gt; org.hibernate.loader.plan.build.internal.spaces.CollectionQuerySpaceImpl@1b2df3aa]
12:23:08.092 [main] [o.h.l.p.b.i.s.QuerySpacesImpl] DEBUG org.hibernate.loader.plan.build.internal.spaces.QuerySpacesImpl - Adding QuerySpace : uid = &lt;gen:5&gt; -&gt; org.hibernate.loader.plan.build.internal.spaces.EntityQuerySpaceImpl@44be69aa]
12:23:08.092 [main] [o.h.p.w.s.MetamodelGraphWalker] DEBUG org.hibernate.persister.walking.spi.MetamodelGraphWalker - Visiting attribute path : secondName
12:23:08.092 [main] [o.h.p.w.s.MetamodelGraphWalker] DEBUG org.hibernate.persister.walking.spi.MetamodelGraphWalker - Visiting attribute path : username
12:23:08.092 [main] [o.h.l.p.b.i.FetchStyleLoadPlanBuildingAssociationVisitationStrategy] DEBUG org.hibernate.loader.plan.build.internal.FetchStyleLoadPlanBuildingAssociationVisitationStrategy - Building LoadPlan...
12:23:08.092 [main] [o.h.l.p.e.i.LoadQueryJoinAndFetchProcessor] DEBUG org.hibernate.loader.plan.exec.internal.LoadQueryJoinAndFetchProcessor - processing queryspace &lt;gen:0&gt;
12:23:08.092 [main] [o.h.l.p.b.s.LoadPlanTreePrinter] DEBUG org.hibernate.loader.plan.build.spi.LoadPlanTreePrinter - LoadPlan(entity=org.solent.com504.project.model.user.dto.User)
    - Returns
       - EntityReturnImpl(entity=org.solent.com504.project.model.user.dto.User, querySpaceUid=&lt;gen:0&gt;, path=org.solent.com504.project.model.user.dto.User)
          - CompositeAttributeFetchImpl(composite=org.solent.com504.project.model.party.dto.Address, querySpaceUid=&lt;gen:1&gt;, path=org.solent.com504.project.model.user.dto.User.address)
          - CollectionAttributeFetchImpl(collection=org.solent.com504.project.model.user.dto.User.parties, querySpaceUid=&lt;gen:2&gt;, path=org.solent.com504.project.model.user.dto.User.parties)
             - (collection element) CollectionFetchableElementEntityGraph(entity=org.solent.com504.project.model.party.dto.Party, querySpaceUid=&lt;gen:3&gt;, path=org.solent.com504.project.model.user.dto.User.parties.&lt;elements&gt;)
          - CollectionAttributeFetchImpl(collection=org.solent.com504.project.model.user.dto.User.roles, querySpaceUid=&lt;gen:4&gt;, path=org.solent.com504.project.model.user.dto.User.roles)
             - (collection element) CollectionFetchableElementEntityGraph(entity=org.solent.com504.project.model.user.dto.Role, querySpaceUid=&lt;gen:5&gt;, path=org.solent.com504.project.model.user.dto.User.roles.&lt;elements&gt;)
    - QuerySpaces
       - EntityQuerySpaceImpl(uid=&lt;gen:0&gt;, entity=org.solent.com504.project.model.user.dto.User)
          - SQL table alias mapping - user0_
          - alias suffix - 0_
          - suffixed key columns - {id1_7_0_}
          - JOIN (JoinDefinedByMetadata(address)) : &lt;gen:0&gt; -&gt; &lt;gen:1&gt;
             - CompositeQuerySpaceImpl(uid=&lt;gen:1&gt;)
                - SQL table alias mapping - user0_

12:23:08.092 [main] [o.h.l.e.p.EntityLoader] DEBUG org.hibernate.loader.entity.plan.EntityLoader - Static select for entity org.solent.com504.project.model.user.dto.User [FORCE]: select user0_.id as id1_7_0_, user0_.addressLine1 as addressL2_7_0_, user0_.addressLine2 as addressL3_7_0_, user0_.country as country4_7_0_, user0_.county as county5_7_0_, user0_.latitude as latitude6_7_0_, user0_.longitude as longitud7_7_0_, user0_.mobile as mobile8_7_0_, user0_.number as number9_7_0_, user0_.postcode as postcod10_7_0_, user0_.telephone as telepho11_7_0_, user0_.enabled as enabled12_7_0_, user0_.firstName as firstNa13_7_0_, user0_.password as passwor14_7_0_, user0_.secondName as secondN15_7_0_, user0_.username as usernam16_7_0_ from user user0_ where user0_.id=? for update
12:23:08.092 [main] [o.h.l.p.b.i.s.QuerySpacesImpl] DEBUG org.hibernate.loader.plan.build.internal.spaces.QuerySpacesImpl - Adding QuerySpace : uid = &lt;gen:0&gt; -&gt; org.hibernate.loader.plan.build.internal.spaces.EntityQuerySpaceImpl@7219ac49]
12:23:08.092 [main] [o.h.p.w.s.MetamodelGraphWalker] DEBUG org.hibernate.persister.walking.spi.MetamodelGraphWalker - Visiting attribute path : address
12:23:08.092 [main] [o.h.l.p.b.i.s.QuerySpacesImpl] DEBUG org.hibernate.loader.plan.build.internal.spaces.QuerySpacesImpl - Adding QuerySpace : uid = &lt;gen:1&gt; -&gt; org.hibernate.loader.plan.build.internal.spaces.CompositeQuerySpaceImpl@551e4c6d]
12:23:08.092 [main] [o.h.p.w.s.MetamodelGraphWalker] DEBUG org.hibernate.persister.walking.spi.MetamodelGraphWalker - Visiting attribute path : address.addressLine1
12:23:08.092 [main] [o.h.p.w.s.MetamodelGraphWalker] DEBUG org.hibernate.persister.walking.spi.MetamodelGraphWalker - Visiting attribute path : address.addressLine2
12:23:08.092 [main] [o.h.p.w.s.MetamodelGraphWalker] DEBUG org.hibernate.persister.walking.spi.MetamodelGraphWalker - Visiting attribute path : address.country
12:23:08.092 [main] [o.h.p.w.s.MetamodelGraphWalker] DEBUG org.hibernate.persister.walking.spi.MetamodelGraphWalker - Visiting attribute path : address.county
12:23:08.092 [main] [o.h.p.w.s.MetamodelGraphWalker] DEBUG org.hibernate.persister.walking.spi.MetamodelGraphWalker - Visiting attribute path : address.latitude
12:23:08.092 [main] [o.h.p.w.s.MetamodelGraphWalker] DEBUG org.hibernate.persister.walking.spi.MetamodelGraphWalker - Visiting attribute path : address.longitude
12:23:08.092 [main] [o.h.p.w.s.MetamodelGraphWalker] DEBUG org.hibernate.persister.walking.spi.MetamodelGraphWalker - Visiting attribute path : address.mobile
12:23:08.092 [main] [o.h.p.w.s.MetamodelGraphWalker] DEBUG org.hibernate.persister.walking.spi.MetamodelGraphWalker - Visiting attribute path : address.number
12:23:08.092 [main] [o.h.p.w.s.MetamodelGraphWalker] DEBUG org.hibernate.persister.walking.spi.MetamodelGraphWalker - Visiting attribute path : address.postcode
12:23:08.092 [main] [o.h.p.w.s.MetamodelGraphWalker] DEBUG org.hibernate.persister.walking.spi.MetamodelGraphWalker - Visiting attribute path : address.telephone
12:23:08.092 [main] [o.h.p.w.s.MetamodelGraphWalker] DEBUG org.hibernate.persister.walking.spi.MetamodelGraphWalker - Visiting attribute path : enabled
12:23:08.092 [main] [o.h.p.w.s.MetamodelGraphWalker] DEBUG org.hibernate.persister.walking.spi.MetamodelGraphWalker - Visiting attribute path : firstName
12:23:08.092 [main] [o.h.p.w.s.MetamodelGraphWalker] DEBUG org.hibernate.persister.walking.spi.MetamodelGraphWalker - Visiting attribute path : parties
12:23:08.092 [main] [o.h.l.p.b.i.s.QuerySpacesImpl] DEBUG org.hibernate.loader.plan.build.internal.spaces.QuerySpacesImpl - Adding QuerySpace : uid = &lt;gen:2&gt; -&gt; org.hibernate.loader.plan.build.internal.spaces.CollectionQuerySpaceImpl@5d1e0fbb]
12:23:08.092 [main] [o.h.l.p.b.i.s.QuerySpacesImpl] DEBUG org.hibernate.loader.plan.build.internal.spaces.QuerySpacesImpl - Adding QuerySpace : uid = &lt;gen:3&gt; -&gt; org.hibernate.loader.plan.build.internal.spaces.EntityQuerySpaceImpl@2eed37f4]
12:23:08.092 [main] [o.h.p.w.s.MetamodelGraphWalker] DEBUG org.hibernate.persister.walking.spi.MetamodelGraphWalker - Visiting attribute path : password
12:23:08.092 [main] [o.h.p.w.s.MetamodelGraphWalker] DEBUG org.hibernate.persister.walking.spi.MetamodelGraphWalker - Visiting attribute path : roles
12:23:08.092 [main] [o.h.l.p.b.i.s.QuerySpacesImpl] DEBUG org.hibernate.loader.plan.build.internal.spaces.QuerySpacesImpl - Adding QuerySpace : uid = &lt;gen:4&gt; -&gt; org.hibernate.loader.plan.build.internal.spaces.CollectionQuerySpaceImpl@9b76b60]
12:23:08.092 [main] [o.h.l.p.b.i.s.QuerySpacesImpl] DEBUG org.hibernate.loader.plan.build.internal.spaces.QuerySpacesImpl - Adding QuerySpace : uid = &lt;gen:5&gt; -&gt; org.hibernate.loader.plan.build.internal.spaces.EntityQuerySpaceImpl@3fb9a67f]
12:23:08.092 [main] [o.h.p.w.s.MetamodelGraphWalker] DEBUG org.hibernate.persister.walking.spi.MetamodelGraphWalker - Visiting attribute path : secondName
12:23:08.092 [main] [o.h.p.w.s.MetamodelGraphWalker] DEBUG org.hibernate.persister.walking.spi.MetamodelGraphWalker - Visiting attribute path : username
12:23:08.092 [main] [o.h.l.p.b.i.FetchStyleLoadPlanBuildingAssociationVisitationStrategy] DEBUG org.hibernate.loader.plan.build.internal.FetchStyleLoadPlanBuildingAssociationVisitationStrategy - Building LoadPlan...
12:23:08.092 [main] [o.h.l.p.e.i.LoadQueryJoinAndFetchProcessor] DEBUG org.hibernate.loader.plan.exec.internal.LoadQueryJoinAndFetchProcessor - processing queryspace &lt;gen:0&gt;
12:23:08.092 [main] [o.h.l.p.b.s.LoadPlanTreePrinter] DEBUG org.hibernate.loader.plan.build.spi.LoadPlanTreePrinter - LoadPlan(entity=org.solent.com504.project.model.user.dto.User)
    - Returns
       - EntityReturnImpl(entity=org.solent.com504.project.model.user.dto.User, querySpaceUid=&lt;gen:0&gt;, path=org.solent.com504.project.model.user.dto.User)
          - CompositeAttributeFetchImpl(composite=org.solent.com504.project.model.party.dto.Address, querySpaceUid=&lt;gen:1&gt;, path=org.solent.com504.project.model.user.dto.User.address)
          - CollectionAttributeFetchImpl(collection=org.solent.com504.project.model.user.dto.User.parties, querySpaceUid=&lt;gen:2&gt;, path=org.solent.com504.project.model.user.dto.User.parties)
             - (collection element) CollectionFetchableElementEntityGraph(entity=org.solent.com504.project.model.party.dto.Party, querySpaceUid=&lt;gen:3&gt;, path=org.solent.com504.project.model.user.dto.User.parties.&lt;elements&gt;)
          - CollectionAttributeFetchImpl(collection=org.solent.com504.project.model.user.dto.User.roles, querySpaceUid=&lt;gen:4&gt;, path=org.solent.com504.project.model.user.dto.User.roles)
             - (collection element) CollectionFetchableElementEntityGraph(entity=org.solent.com504.project.model.user.dto.Role, querySpaceUid=&lt;gen:5&gt;, path=org.solent.com504.project.model.user.dto.User.roles.&lt;elements&gt;)
    - QuerySpaces
       - EntityQuerySpaceImpl(uid=&lt;gen:0&gt;, entity=org.solent.com504.project.model.user.dto.User)
          - SQL table alias mapping - user0_
          - alias suffix - 0_
          - suffixed key columns - {id1_7_0_}
          - JOIN (JoinDefinedByMetadata(address)) : &lt;gen:0&gt; -&gt; &lt;gen:1&gt;
             - CompositeQuerySpaceImpl(uid=&lt;gen:1&gt;)
                - SQL table alias mapping - user0_

12:23:08.092 [main] [o.h.l.e.p.EntityLoader] DEBUG org.hibernate.loader.entity.plan.EntityLoader - Static select for entity org.solent.com504.project.model.user.dto.User [PESSIMISTIC_READ]: select user0_.id as id1_7_0_, user0_.addressLine1 as addressL2_7_0_, user0_.addressLine2 as addressL3_7_0_, user0_.country as country4_7_0_, user0_.county as county5_7_0_, user0_.latitude as latitude6_7_0_, user0_.longitude as longitud7_7_0_, user0_.mobile as mobile8_7_0_, user0_.number as number9_7_0_, user0_.postcode as postcod10_7_0_, user0_.telephone as telepho11_7_0_, user0_.enabled as enabled12_7_0_, user0_.firstName as firstNa13_7_0_, user0_.password as passwor14_7_0_, user0_.secondName as secondN15_7_0_, user0_.username as usernam16_7_0_ from user user0_ where user0_.id=? for update
12:23:08.092 [main] [o.h.l.p.b.i.s.QuerySpacesImpl] DEBUG org.hibernate.loader.plan.build.internal.spaces.QuerySpacesImpl - Adding QuerySpace : uid = &lt;gen:0&gt; -&gt; org.hibernate.loader.plan.build.internal.spaces.EntityQuerySpaceImpl@127705e4]
12:23:08.092 [main] [o.h.p.w.s.MetamodelGraphWalker] DEBUG org.hibernate.persister.walking.spi.MetamodelGraphWalker - Visiting attribute path : address
12:23:08.092 [main] [o.h.l.p.b.i.s.QuerySpacesImpl] DEBUG org.hibernate.loader.plan.build.internal.spaces.QuerySpacesImpl - Adding QuerySpace : uid = &lt;gen:1&gt; -&gt; org.hibernate.loader.plan.build.internal.spaces.CompositeQuerySpaceImpl@673c4f6e]
12:23:08.092 [main] [o.h.p.w.s.MetamodelGraphWalker] DEBUG org.hibernate.persister.walking.spi.MetamodelGraphWalker - Visiting attribute path : address.addressLine1
12:23:08.092 [main] [o.h.p.w.s.MetamodelGraphWalker] DEBUG org.hibernate.persister.walking.spi.MetamodelGraphWalker - Visiting attribute path : address.addressLine2
12:23:08.092 [main] [o.h.p.w.s.MetamodelGraphWalker] DEBUG org.hibernate.persister.walking.spi.MetamodelGraphWalker - Visiting attribute path : address.country
12:23:08.092 [main] [o.h.p.w.s.MetamodelGraphWalker] DEBUG org.hibernate.persister.walking.spi.MetamodelGraphWalker - Visiting attribute path : address.county
12:23:08.092 [main] [o.h.p.w.s.MetamodelGraphWalker] DEBUG org.hibernate.persister.walking.spi.MetamodelGraphWalker - Visiting attribute path : address.latitude
12:23:08.092 [main] [o.h.p.w.s.MetamodelGraphWalker] DEBUG org.hibernate.persister.walking.spi.MetamodelGraphWalker - Visiting attribute path : address.longitude
12:23:08.092 [main] [o.h.p.w.s.MetamodelGraphWalker] DEBUG org.hibernate.persister.walking.spi.MetamodelGraphWalker - Visiting attribute path : address.mobile
12:23:08.092 [main] [o.h.p.w.s.MetamodelGraphWalker] DEBUG org.hibernate.persister.walking.spi.MetamodelGraphWalker - Visiting attribute path : address.number
12:23:08.092 [main] [o.h.p.w.s.MetamodelGraphWalker] DEBUG org.hibernate.persister.walking.spi.MetamodelGraphWalker - Visiting attribute path : address.postcode
12:23:08.092 [main] [o.h.p.w.s.MetamodelGraphWalker] DEBUG org.hibernate.persister.walking.spi.MetamodelGraphWalker - Visiting attribute path : address.telephone
12:23:08.092 [main] [o.h.p.w.s.MetamodelGraphWalker] DEBUG org.hibernate.persister.walking.spi.MetamodelGraphWalker - Visiting attribute path : enabled
12:23:08.092 [main] [o.h.p.w.s.MetamodelGraphWalker] DEBUG org.hibernate.persister.walking.spi.MetamodelGraphWalker - Visiting attribute path : firstName
12:23:08.092 [main] [o.h.p.w.s.MetamodelGraphWalker] DEBUG org.hibernate.persister.walking.spi.MetamodelGraphWalker - Visiting attribute path : parties
12:23:08.092 [main] [o.h.l.p.b.i.s.QuerySpacesImpl] DEBUG org.hibernate.loader.plan.build.internal.spaces.QuerySpacesImpl - Adding QuerySpace : uid = &lt;gen:2&gt; -&gt; org.hibernate.loader.plan.build.internal.spaces.CollectionQuerySpaceImpl@3f36e8d1]
12:23:08.092 [main] [o.h.l.p.b.i.s.QuerySpacesImpl] DEBUG org.hibernate.loader.plan.build.internal.spaces.QuerySpacesImpl - Adding QuerySpace : uid = &lt;gen:3&gt; -&gt; org.hibernate.loader.plan.build.internal.spaces.EntityQuerySpaceImpl@7c011174]
12:23:08.092 [main] [o.h.p.w.s.MetamodelGraphWalker] DEBUG org.hibernate.persister.walking.spi.MetamodelGraphWalker - Visiting attribute path : password
12:23:08.092 [main] [o.h.p.w.s.MetamodelGraphWalker] DEBUG org.hibernate.persister.walking.spi.MetamodelGraphWalker - Visiting attribute path : roles
12:23:08.092 [main] [o.h.l.p.b.i.s.QuerySpacesImpl] DEBUG org.hibernate.loader.plan.build.internal.spaces.QuerySpacesImpl - Adding QuerySpace : uid = &lt;gen:4&gt; -&gt; org.hibernate.loader.plan.build.internal.spaces.CollectionQuerySpaceImpl@794366a5]
12:23:08.092 [main] [o.h.l.p.b.i.s.QuerySpacesImpl] DEBUG org.hibernate.loader.plan.build.internal.spaces.QuerySpacesImpl - Adding QuerySpace : uid = &lt;gen:5&gt; -&gt; org.hibernate.loader.plan.build.internal.spaces.EntityQuerySpaceImpl@480b57e2]
12:23:08.092 [main] [o.h.p.w.s.MetamodelGraphWalker] DEBUG org.hibernate.persister.walking.spi.MetamodelGraphWalker - Visiting attribute path : secondName
12:23:08.092 [main] [o.h.p.w.s.MetamodelGraphWalker] DEBUG org.hibernate.persister.walking.spi.MetamodelGraphWalker - Visiting attribute path : username
12:23:08.092 [main] [o.h.l.p.b.i.FetchStyleLoadPlanBuildingAssociationVisitationStrategy] DEBUG org.hibernate.loader.plan.build.internal.FetchStyleLoadPlanBuildingAssociationVisitationStrategy - Building LoadPlan...
12:23:08.092 [main] [o.h.l.p.e.i.LoadQueryJoinAndFetchProcessor] DEBUG org.hibernate.loader.plan.exec.internal.LoadQueryJoinAndFetchProcessor - processing queryspace &lt;gen:0&gt;
12:23:08.092 [main] [o.h.l.p.b.s.LoadPlanTreePrinter] DEBUG org.hibernate.loader.plan.build.spi.LoadPlanTreePrinter - LoadPlan(entity=org.solent.com504.project.model.user.dto.User)
    - Returns
       - EntityReturnImpl(entity=org.solent.com504.project.model.user.dto.User, querySpaceUid=&lt;gen:0&gt;, path=org.solent.com504.project.model.user.dto.User)
          - CompositeAttributeFetchImpl(composite=org.solent.com504.project.model.party.dto.Address, querySpaceUid=&lt;gen:1&gt;, path=org.solent.com504.project.model.user.dto.User.address)
          - CollectionAttributeFetchImpl(collection=org.solent.com504.project.model.user.dto.User.parties, querySpaceUid=&lt;gen:2&gt;, path=org.solent.com504.project.model.user.dto.User.parties)
             - (collection element) CollectionFetchableElementEntityGraph(entity=org.solent.com504.project.model.party.dto.Party, querySpaceUid=&lt;gen:3&gt;, path=org.solent.com504.project.model.user.dto.User.parties.&lt;elements&gt;)
          - CollectionAttributeFetchImpl(collection=org.solent.com504.project.model.user.dto.User.roles, querySpaceUid=&lt;gen:4&gt;, path=org.solent.com504.project.model.user.dto.User.roles)
             - (collection element) CollectionFetchableElementEntityGraph(entity=org.solent.com504.project.model.user.dto.Role, querySpaceUid=&lt;gen:5&gt;, path=org.solent.com504.project.model.user.dto.User.roles.&lt;elements&gt;)
    - QuerySpaces
       - EntityQuerySpaceImpl(uid=&lt;gen:0&gt;, entity=org.solent.com504.project.model.user.dto.User)
          - SQL table alias mapping - user0_
          - alias suffix - 0_
          - suffixed key columns - {id1_7_0_}
          - JOIN (JoinDefinedByMetadata(address)) : &lt;gen:0&gt; -&gt; &lt;gen:1&gt;
             - CompositeQuerySpaceImpl(uid=&lt;gen:1&gt;)
                - SQL table alias mapping - user0_

12:23:08.092 [main] [o.h.l.e.p.EntityLoader] DEBUG org.hibernate.loader.entity.plan.EntityLoader - Static select for entity org.solent.com504.project.model.user.dto.User [PESSIMISTIC_WRITE]: select user0_.id as id1_7_0_, user0_.addressLine1 as addressL2_7_0_, user0_.addressLine2 as addressL3_7_0_, user0_.country as country4_7_0_, user0_.county as county5_7_0_, user0_.latitude as latitude6_7_0_, user0_.longitude as longitud7_7_0_, user0_.mobile as mobile8_7_0_, user0_.number as number9_7_0_, user0_.postcode as postcod10_7_0_, user0_.telephone as telepho11_7_0_, user0_.enabled as enabled12_7_0_, user0_.firstName as firstNa13_7_0_, user0_.password as passwor14_7_0_, user0_.secondName as secondN15_7_0_, user0_.username as usernam16_7_0_ from user user0_ where user0_.id=? for update
12:23:08.092 [main] [o.h.l.p.b.i.s.QuerySpacesImpl] DEBUG org.hibernate.loader.plan.build.internal.spaces.QuerySpacesImpl - Adding QuerySpace : uid = &lt;gen:0&gt; -&gt; org.hibernate.loader.plan.build.internal.spaces.EntityQuerySpaceImpl@40f35e52]
12:23:08.092 [main] [o.h.p.w.s.MetamodelGraphWalker] DEBUG org.hibernate.persister.walking.spi.MetamodelGraphWalker - Visiting attribute path : address
12:23:08.092 [main] [o.h.l.p.b.i.s.QuerySpacesImpl] DEBUG org.hibernate.loader.plan.build.internal.spaces.QuerySpacesImpl - Adding QuerySpace : uid = &lt;gen:1&gt; -&gt; org.hibernate.loader.plan.build.internal.spaces.CompositeQuerySpaceImpl@561953e3]
12:23:08.092 [main] [o.h.p.w.s.MetamodelGraphWalker] DEBUG org.hibernate.persister.walking.spi.MetamodelGraphWalker - Visiting attribute path : address.addressLine1
12:23:08.092 [main] [o.h.p.w.s.MetamodelGraphWalker] DEBUG org.hibernate.persister.walking.spi.MetamodelGraphWalker - Visiting attribute path : address.addressLine2
12:23:08.092 [main] [o.h.p.w.s.MetamodelGraphWalker] DEBUG org.hibernate.persister.walking.spi.MetamodelGraphWalker - Visiting attribute path : address.country
12:23:08.092 [main] [o.h.p.w.s.MetamodelGraphWalker] DEBUG org.hibernate.persister.walking.spi.MetamodelGraphWalker - Visiting attribute path : address.county
12:23:08.092 [main] [o.h.p.w.s.MetamodelGraphWalker] DEBUG org.hibernate.persister.walking.spi.MetamodelGraphWalker - Visiting attribute path : address.latitude
12:23:08.092 [main] [o.h.p.w.s.MetamodelGraphWalker] DEBUG org.hibernate.persister.walking.spi.MetamodelGraphWalker - Visiting attribute path : address.longitude
12:23:08.092 [main] [o.h.p.w.s.MetamodelGraphWalker] DEBUG org.hibernate.persister.walking.spi.MetamodelGraphWalker - Visiting attribute path : address.mobile
12:23:08.092 [main] [o.h.p.w.s.MetamodelGraphWalker] DEBUG org.hibernate.persister.walking.spi.MetamodelGraphWalker - Visiting attribute path : address.number
12:23:08.092 [main] [o.h.p.w.s.MetamodelGraphWalker] DEBUG org.hibernate.persister.walking.spi.MetamodelGraphWalker - Visiting attribute path : address.postcode
12:23:08.092 [main] [o.h.p.w.s.MetamodelGraphWalker] DEBUG org.hibernate.persister.walking.spi.MetamodelGraphWalker - Visiting attribute path : address.telephone
12:23:08.092 [main] [o.h.p.w.s.MetamodelGraphWalker] DEBUG org.hibernate.persister.walking.spi.MetamodelGraphWalker - Visiting attribute path : enabled
12:23:08.092 [main] [o.h.p.w.s.MetamodelGraphWalker] DEBUG org.hibernate.persister.walking.spi.MetamodelGraphWalker - Visiting attribute path : firstName
12:23:08.092 [main] [o.h.p.w.s.MetamodelGraphWalker] DEBUG org.hibernate.persister.walking.spi.MetamodelGraphWalker - Visiting attribute path : parties
12:23:08.092 [main] [o.h.l.p.b.i.s.QuerySpacesImpl] DEBUG org.hibernate.loader.plan.build.internal.spaces.QuerySpacesImpl - Adding QuerySpace : uid = &lt;gen:2&gt; -&gt; org.hibernate.loader.plan.build.internal.spaces.CollectionQuerySpaceImpl@1ee47d9e]
12:23:08.092 [main] [o.h.l.p.b.i.s.QuerySpacesImpl] DEBUG org.hibernate.loader.plan.build.internal.spaces.QuerySpacesImpl - Adding QuerySpace : uid = &lt;gen:3&gt; -&gt; org.hibernate.loader.plan.build.internal.spaces.EntityQuerySpaceImpl@41da3aee]
12:23:08.092 [main] [o.h.p.w.s.MetamodelGraphWalker] DEBUG org.hibernate.persister.walking.spi.MetamodelGraphWalker - Visiting attribute path : password
12:23:08.092 [main] [o.h.p.w.s.MetamodelGraphWalker] DEBUG org.hibernate.persister.walking.spi.MetamodelGraphWalker - Visiting attribute path : roles
12:23:08.092 [main] [o.h.l.p.b.i.s.QuerySpacesImpl] DEBUG org.hibernate.loader.plan.build.internal.spaces.QuerySpacesImpl - Adding QuerySpace : uid = &lt;gen:4&gt; -&gt; org.hibernate.loader.plan.build.internal.spaces.CollectionQuerySpaceImpl@5dc0ff7d]
12:23:08.092 [main] [o.h.l.p.b.i.s.QuerySpacesImpl] DEBUG org.hibernate.loader.plan.build.internal.spaces.QuerySpacesImpl - Adding QuerySpace : uid = &lt;gen:5&gt; -&gt; org.hibernate.loader.plan.build.internal.spaces.EntityQuerySpaceImpl@64920dc2]
12:23:08.092 [main] [o.h.p.w.s.MetamodelGraphWalker] DEBUG org.hibernate.persister.walking.spi.MetamodelGraphWalker - Visiting attribute path : secondName
12:23:08.108 [main] [o.h.p.w.s.MetamodelGraphWalker] DEBUG org.hibernate.persister.walking.spi.MetamodelGraphWalker - Visiting attribute path : username
12:23:08.108 [main] [o.h.l.p.b.i.FetchStyleLoadPlanBuildingAssociationVisitationStrategy] DEBUG org.hibernate.loader.plan.build.internal.FetchStyleLoadPlanBuildingAssociationVisitationStrategy - Building LoadPlan...
12:23:08.108 [main] [o.h.l.p.e.i.LoadQueryJoinAndFetchProcessor] DEBUG org.hibernate.loader.plan.exec.internal.LoadQueryJoinAndFetchProcessor - processing queryspace &lt;gen:0&gt;
12:23:08.108 [main] [o.h.l.p.b.s.LoadPlanTreePrinter] DEBUG org.hibernate.loader.plan.build.spi.LoadPlanTreePrinter - LoadPlan(entity=org.solent.com504.project.model.user.dto.User)
    - Returns
       - EntityReturnImpl(entity=org.solent.com504.project.model.user.dto.User, querySpaceUid=&lt;gen:0&gt;, path=org.solent.com504.project.model.user.dto.User)
          - CompositeAttributeFetchImpl(composite=org.solent.com504.project.model.party.dto.Address, querySpaceUid=&lt;gen:1&gt;, path=org.solent.com504.project.model.user.dto.User.address)
          - CollectionAttributeFetchImpl(collection=org.solent.com504.project.model.user.dto.User.parties, querySpaceUid=&lt;gen:2&gt;, path=org.solent.com504.project.model.user.dto.User.parties)
             - (collection element) CollectionFetchableElementEntityGraph(entity=org.solent.com504.project.model.party.dto.Party, querySpaceUid=&lt;gen:3&gt;, path=org.solent.com504.project.model.user.dto.User.parties.&lt;elements&gt;)
          - CollectionAttributeFetchImpl(collection=org.solent.com504.project.model.user.dto.User.roles, querySpaceUid=&lt;gen:4&gt;, path=org.solent.com504.project.model.user.dto.User.roles)
             - (collection element) CollectionFetchableElementEntityGraph(entity=org.solent.com504.project.model.user.dto.Role, querySpaceUid=&lt;gen:5&gt;, path=org.solent.com504.project.model.user.dto.User.roles.&lt;elements&gt;)
    - QuerySpaces
       - EntityQuerySpaceImpl(uid=&lt;gen:0&gt;, entity=org.solent.com504.project.model.user.dto.User)
          - SQL table alias mapping - user0_
          - alias suffix - 0_
          - suffixed key columns - {id1_7_0_}
          - JOIN (JoinDefinedByMetadata(address)) : &lt;gen:0&gt; -&gt; &lt;gen:1&gt;
             - CompositeQuerySpaceImpl(uid=&lt;gen:1&gt;)
                - SQL table alias mapping - user0_

12:23:08.108 [main] [o.h.l.e.p.EntityLoader] DEBUG org.hibernate.loader.entity.plan.EntityLoader - Static select for entity org.solent.com504.project.model.user.dto.User [PESSIMISTIC_FORCE_INCREMENT]: select user0_.id as id1_7_0_, user0_.addressLine1 as addressL2_7_0_, user0_.addressLine2 as addressL3_7_0_, user0_.country as country4_7_0_, user0_.county as county5_7_0_, user0_.latitude as latitude6_7_0_, user0_.longitude as longitud7_7_0_, user0_.mobile as mobile8_7_0_, user0_.number as number9_7_0_, user0_.postcode as postcod10_7_0_, user0_.telephone as telepho11_7_0_, user0_.enabled as enabled12_7_0_, user0_.firstName as firstNa13_7_0_, user0_.password as passwor14_7_0_, user0_.secondName as secondN15_7_0_, user0_.username as usernam16_7_0_ from user user0_ where user0_.id=? for update
12:23:08.108 [main] [o.h.l.p.b.i.s.QuerySpacesImpl] DEBUG org.hibernate.loader.plan.build.internal.spaces.QuerySpacesImpl - Adding QuerySpace : uid = &lt;gen:0&gt; -&gt; org.hibernate.loader.plan.build.internal.spaces.EntityQuerySpaceImpl@59a79443]
12:23:08.108 [main] [o.h.p.w.s.MetamodelGraphWalker] DEBUG org.hibernate.persister.walking.spi.MetamodelGraphWalker - Visiting attribute path : address
12:23:08.108 [main] [o.h.l.p.b.i.s.QuerySpacesImpl] DEBUG org.hibernate.loader.plan.build.internal.spaces.QuerySpacesImpl - Adding QuerySpace : uid = &lt;gen:1&gt; -&gt; org.hibernate.loader.plan.build.internal.spaces.CompositeQuerySpaceImpl@13dbed9e]
12:23:08.108 [main] [o.h.p.w.s.MetamodelGraphWalker] DEBUG org.hibernate.persister.walking.spi.MetamodelGraphWalker - Visiting attribute path : address.addressLine1
12:23:08.108 [main] [o.h.p.w.s.MetamodelGraphWalker] DEBUG org.hibernate.persister.walking.spi.MetamodelGraphWalker - Visiting attribute path : address.addressLine2
12:23:08.108 [main] [o.h.p.w.s.MetamodelGraphWalker] DEBUG org.hibernate.persister.walking.spi.MetamodelGraphWalker - Visiting attribute path : address.country
12:23:08.108 [main] [o.h.p.w.s.MetamodelGraphWalker] DEBUG org.hibernate.persister.walking.spi.MetamodelGraphWalker - Visiting attribute path : address.county
12:23:08.108 [main] [o.h.p.w.s.MetamodelGraphWalker] DEBUG org.hibernate.persister.walking.spi.MetamodelGraphWalker - Visiting attribute path : address.latitude
12:23:08.108 [main] [o.h.p.w.s.MetamodelGraphWalker] DEBUG org.hibernate.persister.walking.spi.MetamodelGraphWalker - Visiting attribute path : address.longitude
12:23:08.108 [main] [o.h.p.w.s.MetamodelGraphWalker] DEBUG org.hibernate.persister.walking.spi.MetamodelGraphWalker - Visiting attribute path : address.mobile
12:23:08.108 [main] [o.h.p.w.s.MetamodelGraphWalker] DEBUG org.hibernate.persister.walking.spi.MetamodelGraphWalker - Visiting attribute path : address.number
12:23:08.108 [main] [o.h.p.w.s.MetamodelGraphWalker] DEBUG org.hibernate.persister.walking.spi.MetamodelGraphWalker - Visiting attribute path : address.postcode
12:23:08.108 [main] [o.h.p.w.s.MetamodelGraphWalker] DEBUG org.hibernate.persister.walking.spi.MetamodelGraphWalker - Visiting attribute path : address.telephone
12:23:08.108 [main] [o.h.p.w.s.MetamodelGraphWalker] DEBUG org.hibernate.persister.walking.spi.MetamodelGraphWalker - Visiting attribute path : enabled
12:23:08.108 [main] [o.h.p.w.s.MetamodelGraphWalker] DEBUG org.hibernate.persister.walking.spi.MetamodelGraphWalker - Visiting attribute path : firstName
12:23:08.108 [main] [o.h.p.w.s.MetamodelGraphWalker] DEBUG org.hibernate.persister.walking.spi.MetamodelGraphWalker - Visiting attribute path : parties
12:23:08.108 [main] [o.h.l.p.b.i.s.QuerySpacesImpl] DEBUG org.hibernate.loader.plan.build.internal.spaces.QuerySpacesImpl - Adding QuerySpace : uid = &lt;gen:2&gt; -&gt; org.hibernate.loader.plan.build.internal.spaces.CollectionQuerySpaceImpl@2b38b1f]
12:23:08.108 [main] [o.h.l.p.b.i.s.QuerySpacesImpl] DEBUG org.hibernate.loader.plan.build.internal.spaces.QuerySpacesImpl - Adding QuerySpace : uid = &lt;gen:3&gt; -&gt; org.hibernate.loader.plan.build.internal.spaces.EntityQuerySpaceImpl@1d50a7ca]
12:23:08.108 [main] [o.h.p.w.s.MetamodelGraphWalker] DEBUG org.hibernate.persister.walking.spi.MetamodelGraphWalker - Visiting attribute path : password
12:23:08.108 [main] [o.h.p.w.s.MetamodelGraphWalker] DEBUG org.hibernate.persister.walking.spi.MetamodelGraphWalker - Visiting attribute path : roles
12:23:08.108 [main] [o.h.l.p.b.i.s.QuerySpacesImpl] DEBUG org.hibernate.loader.plan.build.internal.spaces.QuerySpacesImpl - Adding QuerySpace : uid = &lt;gen:4&gt; -&gt; org.hibernate.loader.plan.build.internal.spaces.CollectionQuerySpaceImpl@51ab1ee3]
12:23:08.108 [main] [o.h.l.p.b.i.s.QuerySpacesImpl] DEBUG org.hibernate.loader.plan.build.internal.spaces.QuerySpacesImpl - Adding QuerySpace : uid = &lt;gen:5&gt; -&gt; org.hibernate.loader.plan.build.internal.spaces.EntityQuerySpaceImpl@2e766822]
12:23:08.108 [main] [o.h.p.w.s.MetamodelGraphWalker] DEBUG org.hibernate.persister.walking.spi.MetamodelGraphWalker - Visiting attribute path : secondName
12:23:08.108 [main] [o.h.p.w.s.MetamodelGraphWalker] DEBUG org.hibernate.persister.walking.spi.MetamodelGraphWalker - Visiting attribute path : username
12:23:08.108 [main] [o.h.l.p.b.i.FetchStyleLoadPlanBuildingAssociationVisitationStrategy] DEBUG org.hibernate.loader.plan.build.internal.FetchStyleLoadPlanBuildingAssociationVisitationStrategy - Building LoadPlan...
12:23:08.108 [main] [o.h.l.p.e.i.LoadQueryJoinAndFetchProcessor] DEBUG org.hibernate.loader.plan.exec.internal.LoadQueryJoinAndFetchProcessor - processing queryspace &lt;gen:0&gt;
12:23:08.108 [main] [o.h.l.p.b.s.LoadPlanTreePrinter] DEBUG org.hibernate.loader.plan.build.spi.LoadPlanTreePrinter - LoadPlan(entity=org.solent.com504.project.model.user.dto.User)
    - Returns
       - EntityReturnImpl(entity=org.solent.com504.project.model.user.dto.User, querySpaceUid=&lt;gen:0&gt;, path=org.solent.com504.project.model.user.dto.User)
          - CompositeAttributeFetchImpl(composite=org.solent.com504.project.model.party.dto.Address, querySpaceUid=&lt;gen:1&gt;, path=org.solent.com504.project.model.user.dto.User.address)
          - CollectionAttributeFetchImpl(collection=org.solent.com504.project.model.user.dto.User.parties, querySpaceUid=&lt;gen:2&gt;, path=org.solent.com504.project.model.user.dto.User.parties)
             - (collection element) CollectionFetchableElementEntityGraph(entity=org.solent.com504.project.model.party.dto.Party, querySpaceUid=&lt;gen:3&gt;, path=org.solent.com504.project.model.user.dto.User.parties.&lt;elements&gt;)
          - CollectionAttributeFetchImpl(collection=org.solent.com504.project.model.user.dto.User.roles, querySpaceUid=&lt;gen:4&gt;, path=org.solent.com504.project.model.user.dto.User.roles)
             - (collection element) CollectionFetchableElementEntityGraph(entity=org.solent.com504.project.model.user.dto.Role, querySpaceUid=&lt;gen:5&gt;, path=org.solent.com504.project.model.user.dto.User.roles.&lt;elements&gt;)
    - QuerySpaces
       - EntityQuerySpaceImpl(uid=&lt;gen:0&gt;, entity=org.solent.com504.project.model.user.dto.User)
          - SQL table alias mapping - user0_
          - alias suffix - 0_
          - suffixed key columns - {id1_7_0_}
          - JOIN (JoinDefinedByMetadata(address)) : &lt;gen:0&gt; -&gt; &lt;gen:1&gt;
             - CompositeQuerySpaceImpl(uid=&lt;gen:1&gt;)
                - SQL table alias mapping - user0_

12:23:08.108 [main] [o.h.l.e.p.EntityLoader] DEBUG org.hibernate.loader.entity.plan.EntityLoader - Static select for entity org.solent.com504.project.model.user.dto.User [OPTIMISTIC]: select user0_.id as id1_7_0_, user0_.addressLine1 as addressL2_7_0_, user0_.addressLine2 as addressL3_7_0_, user0_.country as country4_7_0_, user0_.county as county5_7_0_, user0_.latitude as latitude6_7_0_, user0_.longitude as longitud7_7_0_, user0_.mobile as mobile8_7_0_, user0_.number as number9_7_0_, user0_.postcode as postcod10_7_0_, user0_.telephone as telepho11_7_0_, user0_.enabled as enabled12_7_0_, user0_.firstName as firstNa13_7_0_, user0_.password as passwor14_7_0_, user0_.secondName as secondN15_7_0_, user0_.username as usernam16_7_0_ from user user0_ where user0_.id=?
12:23:08.108 [main] [o.h.l.p.b.i.s.QuerySpacesImpl] DEBUG org.hibernate.loader.plan.build.internal.spaces.QuerySpacesImpl - Adding QuerySpace : uid = &lt;gen:0&gt; -&gt; org.hibernate.loader.plan.build.internal.spaces.EntityQuerySpaceImpl@3003e580]
12:23:08.108 [main] [o.h.p.w.s.MetamodelGraphWalker] DEBUG org.hibernate.persister.walking.spi.MetamodelGraphWalker - Visiting attribute path : address
12:23:08.108 [main] [o.h.l.p.b.i.s.QuerySpacesImpl] DEBUG org.hibernate.loader.plan.build.internal.spaces.QuerySpacesImpl - Adding QuerySpace : uid = &lt;gen:1&gt; -&gt; org.hibernate.loader.plan.build.internal.spaces.CompositeQuerySpaceImpl@21a02556]
12:23:08.108 [main] [o.h.p.w.s.MetamodelGraphWalker] DEBUG org.hibernate.persister.walking.spi.MetamodelGraphWalker - Visiting attribute path : address.addressLine1
12:23:08.108 [main] [o.h.p.w.s.MetamodelGraphWalker] DEBUG org.hibernate.persister.walking.spi.MetamodelGraphWalker - Visiting attribute path : address.addressLine2
12:23:08.108 [main] [o.h.p.w.s.MetamodelGraphWalker] DEBUG org.hibernate.persister.walking.spi.MetamodelGraphWalker - Visiting attribute path : address.country
12:23:08.108 [main] [o.h.p.w.s.MetamodelGraphWalker] DEBUG org.hibernate.persister.walking.spi.MetamodelGraphWalker - Visiting attribute path : address.county
12:23:08.108 [main] [o.h.p.w.s.MetamodelGraphWalker] DEBUG org.hibernate.persister.walking.spi.MetamodelGraphWalker - Visiting attribute path : address.latitude
12:23:08.108 [main] [o.h.p.w.s.MetamodelGraphWalker] DEBUG org.hibernate.persister.walking.spi.MetamodelGraphWalker - Visiting attribute path : address.longitude
12:23:08.108 [main] [o.h.p.w.s.MetamodelGraphWalker] DEBUG org.hibernate.persister.walking.spi.MetamodelGraphWalker - Visiting attribute path : address.mobile
12:23:08.108 [main] [o.h.p.w.s.MetamodelGraphWalker] DEBUG org.hibernate.persister.walking.spi.MetamodelGraphWalker - Visiting attribute path : address.number
12:23:08.108 [main] [o.h.p.w.s.MetamodelGraphWalker] DEBUG org.hibernate.persister.walking.spi.MetamodelGraphWalker - Visiting attribute path : address.postcode
12:23:08.108 [main] [o.h.p.w.s.MetamodelGraphWalker] DEBUG org.hibernate.persister.walking.spi.MetamodelGraphWalker - Visiting attribute path : address.telephone
12:23:08.108 [main] [o.h.p.w.s.MetamodelGraphWalker] DEBUG org.hibernate.persister.walking.spi.MetamodelGraphWalker - Visiting attribute path : enabled
12:23:08.108 [main] [o.h.p.w.s.MetamodelGraphWalker] DEBUG org.hibernate.persister.walking.spi.MetamodelGraphWalker - Visiting attribute path : firstName
12:23:08.108 [main] [o.h.p.w.s.MetamodelGraphWalker] DEBUG org.hibernate.persister.walking.spi.MetamodelGraphWalker - Visiting attribute path : parties
12:23:08.108 [main] [o.h.l.p.b.i.s.QuerySpacesImpl] DEBUG org.hibernate.loader.plan.build.internal.spaces.QuerySpacesImpl - Adding QuerySpace : uid = &lt;gen:2&gt; -&gt; org.hibernate.loader.plan.build.internal.spaces.CollectionQuerySpaceImpl@138aa3cc]
12:23:08.108 [main] [o.h.l.p.b.i.s.QuerySpacesImpl] DEBUG org.hibernate.loader.plan.build.internal.spaces.QuerySpacesImpl - Adding QuerySpace : uid = &lt;gen:3&gt; -&gt; org.hibernate.loader.plan.build.internal.spaces.EntityQuerySpaceImpl@10a98392]
12:23:08.108 [main] [o.h.p.w.s.MetamodelGraphWalker] DEBUG org.hibernate.persister.walking.spi.MetamodelGraphWalker - Visiting attribute path : password
12:23:08.108 [main] [o.h.p.w.s.MetamodelGraphWalker] DEBUG org.hibernate.persister.walking.spi.MetamodelGraphWalker - Visiting attribute path : roles
12:23:08.108 [main] [o.h.l.p.b.i.s.QuerySpacesImpl] DEBUG org.hibernate.loader.plan.build.internal.spaces.QuerySpacesImpl - Adding QuerySpace : uid = &lt;gen:4&gt; -&gt; org.hibernate.loader.plan.build.internal.spaces.CollectionQuerySpaceImpl@30839e44]
12:23:08.108 [main] [o.h.l.p.b.i.s.QuerySpacesImpl] DEBUG org.hibernate.loader.plan.build.internal.spaces.QuerySpacesImpl - Adding QuerySpace : uid = &lt;gen:5&gt; -&gt; org.hibernate.loader.plan.build.internal.spaces.EntityQuerySpaceImpl@5f174dd2]
12:23:08.108 [main] [o.h.p.w.s.MetamodelGraphWalker] DEBUG org.hibernate.persister.walking.spi.MetamodelGraphWalker - Visiting attribute path : secondName
12:23:08.108 [main] [o.h.p.w.s.MetamodelGraphWalker] DEBUG org.hibernate.persister.walking.spi.MetamodelGraphWalker - Visiting attribute path : username
12:23:08.108 [main] [o.h.l.p.b.i.FetchStyleLoadPlanBuildingAssociationVisitationStrategy] DEBUG org.hibernate.loader.plan.build.internal.FetchStyleLoadPlanBuildingAssociationVisitationStrategy - Building LoadPlan...
12:23:08.108 [main] [o.h.l.p.e.i.LoadQueryJoinAndFetchProcessor] DEBUG org.hibernate.loader.plan.exec.internal.LoadQueryJoinAndFetchProcessor - processing queryspace &lt;gen:0&gt;
12:23:08.108 [main] [o.h.l.p.b.s.LoadPlanTreePrinter] DEBUG org.hibernate.loader.plan.build.spi.LoadPlanTreePrinter - LoadPlan(entity=org.solent.com504.project.model.user.dto.User)
    - Returns
       - EntityReturnImpl(entity=org.solent.com504.project.model.user.dto.User, querySpaceUid=&lt;gen:0&gt;, path=org.solent.com504.project.model.user.dto.User)
          - CompositeAttributeFetchImpl(composite=org.solent.com504.project.model.party.dto.Address, querySpaceUid=&lt;gen:1&gt;, path=org.solent.com504.project.model.user.dto.User.address)
          - CollectionAttributeFetchImpl(collection=org.solent.com504.project.model.user.dto.User.parties, querySpaceUid=&lt;gen:2&gt;, path=org.solent.com504.project.model.user.dto.User.parties)
             - (collection element) CollectionFetchableElementEntityGraph(entity=org.solent.com504.project.model.party.dto.Party, querySpaceUid=&lt;gen:3&gt;, path=org.solent.com504.project.model.user.dto.User.parties.&lt;elements&gt;)
          - CollectionAttributeFetchImpl(collection=org.solent.com504.project.model.user.dto.User.roles, querySpaceUid=&lt;gen:4&gt;, path=org.solent.com504.project.model.user.dto.User.roles)
             - (collection element) CollectionFetchableElementEntityGraph(entity=org.solent.com504.project.model.user.dto.Role, querySpaceUid=&lt;gen:5&gt;, path=org.solent.com504.project.model.user.dto.User.roles.&lt;elements&gt;)
    - QuerySpaces
       - EntityQuerySpaceImpl(uid=&lt;gen:0&gt;, entity=org.solent.com504.project.model.user.dto.User)
          - SQL table alias mapping - user0_
          - alias suffix - 0_
          - suffixed key columns - {id1_7_0_}
          - JOIN (JoinDefinedByMetadata(address)) : &lt;gen:0&gt; -&gt; &lt;gen:1&gt;
             - CompositeQuerySpaceImpl(uid=&lt;gen:1&gt;)
                - SQL table alias mapping - user0_

12:23:08.108 [main] [o.h.l.e.p.EntityLoader] DEBUG org.hibernate.loader.entity.plan.EntityLoader - Static select for entity org.solent.com504.project.model.user.dto.User [OPTIMISTIC_FORCE_INCREMENT]: select user0_.id as id1_7_0_, user0_.addressLine1 as addressL2_7_0_, user0_.addressLine2 as addressL3_7_0_, user0_.country as country4_7_0_, user0_.county as county5_7_0_, user0_.latitude as latitude6_7_0_, user0_.longitude as longitud7_7_0_, user0_.mobile as mobile8_7_0_, user0_.number as number9_7_0_, user0_.postcode as postcod10_7_0_, user0_.telephone as telepho11_7_0_, user0_.enabled as enabled12_7_0_, user0_.firstName as firstNa13_7_0_, user0_.password as passwor14_7_0_, user0_.secondName as secondN15_7_0_, user0_.username as usernam16_7_0_ from user user0_ where user0_.id=?
12:23:08.108 [main] [o.h.l.Loader] DEBUG org.hibernate.loader.Loader - Static select for action ACTION_MERGE on entity org.solent.com504.project.model.user.dto.User: select user0_.id as id1_7_0_, user0_.addressLine1 as addressL2_7_0_, user0_.addressLine2 as addressL3_7_0_, user0_.country as country4_7_0_, user0_.county as county5_7_0_, user0_.latitude as latitude6_7_0_, user0_.longitude as longitud7_7_0_, user0_.mobile as mobile8_7_0_, user0_.number as number9_7_0_, user0_.postcode as postcod10_7_0_, user0_.telephone as telepho11_7_0_, user0_.enabled as enabled12_7_0_, user0_.firstName as firstNa13_7_0_, user0_.password as passwor14_7_0_, user0_.secondName as secondN15_7_0_, user0_.username as usernam16_7_0_ from user user0_ where user0_.id=?
12:23:08.108 [main] [o.h.l.Loader] DEBUG org.hibernate.loader.Loader - Static select for action ACTION_REFRESH on entity org.solent.com504.project.model.user.dto.User: select user0_.id as id1_7_0_, user0_.addressLine1 as addressL2_7_0_, user0_.addressLine2 as addressL3_7_0_, user0_.country as country4_7_0_, user0_.county as county5_7_0_, user0_.latitude as latitude6_7_0_, user0_.longitude as longitud7_7_0_, user0_.mobile as mobile8_7_0_, user0_.number as number9_7_0_, user0_.postcode as postcod10_7_0_, user0_.telephone as telepho11_7_0_, user0_.enabled as enabled12_7_0_, user0_.firstName as firstNa13_7_0_, user0_.password as passwor14_7_0_, user0_.secondName as secondN15_7_0_, user0_.username as usernam16_7_0_ from user user0_ where user0_.id=?
12:23:08.108 [main] [o.h.l.p.b.i.s.QuerySpacesImpl] DEBUG org.hibernate.loader.plan.build.internal.spaces.QuerySpacesImpl - Adding QuerySpace : uid = &lt;gen:0&gt; -&gt; org.hibernate.loader.plan.build.internal.spaces.CollectionQuerySpaceImpl@1945113f]
12:23:08.108 [main] [o.h.l.p.b.i.s.QuerySpacesImpl] DEBUG org.hibernate.loader.plan.build.internal.spaces.QuerySpacesImpl - Adding QuerySpace : uid = &lt;gen:1&gt; -&gt; org.hibernate.loader.plan.build.internal.spaces.EntityQuerySpaceImpl@45aca496]
12:23:08.108 [main] [o.h.p.w.s.MetamodelGraphWalker] DEBUG org.hibernate.persister.walking.spi.MetamodelGraphWalker - Visiting attribute path : name
12:23:08.108 [main] [o.h.p.w.s.MetamodelGraphWalker] DEBUG org.hibernate.persister.walking.spi.MetamodelGraphWalker - Visiting attribute path : users
12:23:08.108 [main] [o.h.p.w.s.MetamodelGraphWalker] DEBUG org.hibernate.persister.walking.spi.MetamodelGraphWalker - Property path deemed to be circular : users
12:23:08.108 [main] [o.h.l.p.b.i.FetchStyleLoadPlanBuildingAssociationVisitationStrategy] DEBUG org.hibernate.loader.plan.build.internal.FetchStyleLoadPlanBuildingAssociationVisitationStrategy - Building LoadPlan...
12:23:08.108 [main] [o.h.l.p.e.i.LoadQueryJoinAndFetchProcessor] DEBUG org.hibernate.loader.plan.exec.internal.LoadQueryJoinAndFetchProcessor - processing queryspace &lt;gen:0&gt;
12:23:08.108 [main] [o.h.l.p.b.s.LoadPlanTreePrinter] DEBUG org.hibernate.loader.plan.build.spi.LoadPlanTreePrinter - LoadPlan(collection=org.solent.com504.project.model.user.dto.User.roles)
    - Returns
       - CollectionReturnImpl(collection=org.solent.com504.project.model.user.dto.User.roles, querySpaceUid=&lt;gen:0&gt;, path=[org.solent.com504.project.model.user.dto.User.roles])
          - (collection element) CollectionFetchableElementEntityGraph(entity=org.solent.com504.project.model.user.dto.Role, querySpaceUid=&lt;gen:1&gt;, path=[org.solent.com504.project.model.user.dto.User.roles].&lt;elements&gt;)
    - QuerySpaces
       - CollectionQuerySpaceImpl(uid=&lt;gen:0&gt;, collection=org.solent.com504.project.model.user.dto.User.roles)
          - SQL table alias mapping - roles0_
          - alias suffix - 0_
          - suffixed key columns - {user_id1_9_0_}
          - entity-element alias suffix - 1_
          - 1_entity-element suffixed key columns - id1_6_1_
          - JOIN (JoinDefinedByMetadata(elements)) : &lt;gen:0&gt; -&gt; &lt;gen:1&gt;
             - EntityQuerySpaceImpl(uid=&lt;gen:1&gt;, entity=org.solent.com504.project.model.user.dto.Role)
                - SQL table alias mapping - role1_
                - alias suffix - 1_
                - suffixed key columns - {id1_6_1_}

12:23:08.108 [main] [o.h.l.c.p.CollectionLoader] DEBUG org.hibernate.loader.collection.plan.CollectionLoader - Static select for collection org.solent.com504.project.model.user.dto.User.roles: select roles0_.user_id as user_id1_9_0_, roles0_.role_id as role_id2_9_0_, role1_.id as id1_6_1_, role1_.name as name2_6_1_ from user_role roles0_ inner join role role1_ on roles0_.role_id=role1_.id where roles0_.user_id=?
12:23:08.108 [main] [o.h.l.p.b.i.s.QuerySpacesImpl] DEBUG org.hibernate.loader.plan.build.internal.spaces.QuerySpacesImpl - Adding QuerySpace : uid = &lt;gen:0&gt; -&gt; org.hibernate.loader.plan.build.internal.spaces.CollectionQuerySpaceImpl@3d90eeb3]
12:23:08.108 [main] [o.h.l.p.b.i.s.QuerySpacesImpl] DEBUG org.hibernate.loader.plan.build.internal.spaces.QuerySpacesImpl - Adding QuerySpace : uid = &lt;gen:1&gt; -&gt; org.hibernate.loader.plan.build.internal.spaces.EntityQuerySpaceImpl@1db87583]
12:23:08.108 [main] [o.h.p.w.s.MetamodelGraphWalker] DEBUG org.hibernate.persister.walking.spi.MetamodelGraphWalker - Visiting attribute path : address
12:23:08.108 [main] [o.h.l.p.b.i.s.QuerySpacesImpl] DEBUG org.hibernate.loader.plan.build.internal.spaces.QuerySpacesImpl - Adding QuerySpace : uid = &lt;gen:2&gt; -&gt; org.hibernate.loader.plan.build.internal.spaces.CompositeQuerySpaceImpl@27329d2a]
12:23:08.108 [main] [o.h.p.w.s.MetamodelGraphWalker] DEBUG org.hibernate.persister.walking.spi.MetamodelGraphWalker - Visiting attribute path : address.addressLine1
12:23:08.108 [main] [o.h.p.w.s.MetamodelGraphWalker] DEBUG org.hibernate.persister.walking.spi.MetamodelGraphWalker - Visiting attribute path : address.addressLine2
12:23:08.108 [main] [o.h.p.w.s.MetamodelGraphWalker] DEBUG org.hibernate.persister.walking.spi.MetamodelGraphWalker - Visiting attribute path : address.country
12:23:08.108 [main] [o.h.p.w.s.MetamodelGraphWalker] DEBUG org.hibernate.persister.walking.spi.MetamodelGraphWalker - Visiting attribute path : address.county
12:23:08.108 [main] [o.h.p.w.s.MetamodelGraphWalker] DEBUG org.hibernate.persister.walking.spi.MetamodelGraphWalker - Visiting attribute path : address.latitude
12:23:08.108 [main] [o.h.p.w.s.MetamodelGraphWalker] DEBUG org.hibernate.persister.walking.spi.MetamodelGraphWalker - Visiting attribute path : address.longitude
12:23:08.108 [main] [o.h.p.w.s.MetamodelGraphWalker] DEBUG org.hibernate.persister.walking.spi.MetamodelGraphWalker - Visiting attribute path : address.mobile
12:23:08.108 [main] [o.h.p.w.s.MetamodelGraphWalker] DEBUG org.hibernate.persister.walking.spi.MetamodelGraphWalker - Visiting attribute path : address.number
12:23:08.108 [main] [o.h.p.w.s.MetamodelGraphWalker] DEBUG org.hibernate.persister.walking.spi.MetamodelGraphWalker - Visiting attribute path : address.postcode
12:23:08.108 [main] [o.h.p.w.s.MetamodelGraphWalker] DEBUG org.hibernate.persister.walking.spi.MetamodelGraphWalker - Visiting attribute path : address.telephone
12:23:08.108 [main] [o.h.p.w.s.MetamodelGraphWalker] DEBUG org.hibernate.persister.walking.spi.MetamodelGraphWalker - Visiting attribute path : enabled
12:23:08.108 [main] [o.h.p.w.s.MetamodelGraphWalker] DEBUG org.hibernate.persister.walking.spi.MetamodelGraphWalker - Visiting attribute path : firstName
12:23:08.108 [main] [o.h.p.w.s.MetamodelGraphWalker] DEBUG org.hibernate.persister.walking.spi.MetamodelGraphWalker - Visiting attribute path : parties
12:23:08.108 [main] [o.h.l.p.b.i.s.QuerySpacesImpl] DEBUG org.hibernate.loader.plan.build.internal.spaces.QuerySpacesImpl - Adding QuerySpace : uid = &lt;gen:3&gt; -&gt; org.hibernate.loader.plan.build.internal.spaces.CollectionQuerySpaceImpl@2f894ad9]
12:23:08.108 [main] [o.h.l.p.b.i.s.QuerySpacesImpl] DEBUG org.hibernate.loader.plan.build.internal.spaces.QuerySpacesImpl - Adding QuerySpace : uid = &lt;gen:4&gt; -&gt; org.hibernate.loader.plan.build.internal.spaces.EntityQuerySpaceImpl@5afbd567]
12:23:08.108 [main] [o.h.p.w.s.MetamodelGraphWalker] DEBUG org.hibernate.persister.walking.spi.MetamodelGraphWalker - Visiting attribute path : password
12:23:08.108 [main] [o.h.p.w.s.MetamodelGraphWalker] DEBUG org.hibernate.persister.walking.spi.MetamodelGraphWalker - Visiting attribute path : roles
12:23:08.108 [main] [o.h.p.w.s.MetamodelGraphWalker] DEBUG org.hibernate.persister.walking.spi.MetamodelGraphWalker - Property path deemed to be circular : roles
12:23:08.108 [main] [o.h.p.w.s.MetamodelGraphWalker] DEBUG org.hibernate.persister.walking.spi.MetamodelGraphWalker - Visiting attribute path : secondName
12:23:08.108 [main] [o.h.p.w.s.MetamodelGraphWalker] DEBUG org.hibernate.persister.walking.spi.MetamodelGraphWalker - Visiting attribute path : username
12:23:08.108 [main] [o.h.l.p.b.i.FetchStyleLoadPlanBuildingAssociationVisitationStrategy] DEBUG org.hibernate.loader.plan.build.internal.FetchStyleLoadPlanBuildingAssociationVisitationStrategy - Building LoadPlan...
12:23:08.108 [main] [o.h.l.p.e.i.LoadQueryJoinAndFetchProcessor] DEBUG org.hibernate.loader.plan.exec.internal.LoadQueryJoinAndFetchProcessor - processing queryspace &lt;gen:0&gt;
12:23:08.108 [main] [o.h.l.p.b.s.LoadPlanTreePrinter] DEBUG org.hibernate.loader.plan.build.spi.LoadPlanTreePrinter - LoadPlan(collection=org.solent.com504.project.model.user.dto.Role.users)
    - Returns
       - CollectionReturnImpl(collection=org.solent.com504.project.model.user.dto.Role.users, querySpaceUid=&lt;gen:0&gt;, path=[org.solent.com504.project.model.user.dto.Role.users])
          - (collection element) CollectionFetchableElementEntityGraph(entity=org.solent.com504.project.model.user.dto.User, querySpaceUid=&lt;gen:1&gt;, path=[org.solent.com504.project.model.user.dto.Role.users].&lt;elements&gt;)
             - CompositeAttributeFetchImpl(composite=org.solent.com504.project.model.party.dto.Address, querySpaceUid=&lt;gen:2&gt;, path=[org.solent.com504.project.model.user.dto.Role.users].&lt;elements&gt;.address)
             - CollectionAttributeFetchImpl(collection=org.solent.com504.project.model.user.dto.User.parties, querySpaceUid=&lt;gen:3&gt;, path=[org.solent.com504.project.model.user.dto.Role.users].&lt;elements&gt;.parties)
                - (collection element) CollectionFetchableElementEntityGraph(entity=org.solent.com504.project.model.party.dto.Party, querySpaceUid=&lt;gen:4&gt;, path=[org.solent.com504.project.model.user.dto.Role.users].&lt;elements&gt;.parties.&lt;elements&gt;)
    - QuerySpaces
       - CollectionQuerySpaceImpl(uid=&lt;gen:0&gt;, collection=org.solent.com504.project.model.user.dto.Role.users)
          - SQL table alias mapping - users0_
          - alias suffix - 0_
          - suffixed key columns - {role_id2_9_0_}
          - entity-element alias suffix - 1_
          - 1_entity-element suffixed key columns - id1_7_1_
          - JOIN (JoinDefinedByMetadata(elements)) : &lt;gen:0&gt; -&gt; &lt;gen:1&gt;
             - EntityQuerySpaceImpl(uid=&lt;gen:1&gt;, entity=org.solent.com504.project.model.user.dto.User)
                - SQL table alias mapping - user1_
                - alias suffix - 1_
                - suffixed key columns - {id1_7_1_}
                - JOIN (JoinDefinedByMetadata(address)) : &lt;gen:1&gt; -&gt; &lt;gen:2&gt;
                   - CompositeQuerySpaceImpl(uid=&lt;gen:2&gt;)
                      - SQL table alias mapping - user1_

12:23:08.108 [main] [o.h.l.c.p.CollectionLoader] DEBUG org.hibernate.loader.collection.plan.CollectionLoader - Static select for collection org.solent.com504.project.model.user.dto.Role.users: select users0_.role_id as role_id2_9_0_, users0_.user_id as user_id1_9_0_, user1_.id as id1_7_1_, user1_.addressLine1 as addressL2_7_1_, user1_.addressLine2 as addressL3_7_1_, user1_.country as country4_7_1_, user1_.county as county5_7_1_, user1_.latitude as latitude6_7_1_, user1_.longitude as longitud7_7_1_, user1_.mobile as mobile8_7_1_, user1_.number as number9_7_1_, user1_.postcode as postcod10_7_1_, user1_.telephone as telepho11_7_1_, user1_.enabled as enabled12_7_1_, user1_.firstName as firstNa13_7_1_, user1_.password as passwor14_7_1_, user1_.secondName as secondN15_7_1_, user1_.username as usernam16_7_1_ from user_role users0_ inner join user user1_ on users0_.user_id=user1_.id where users0_.role_id=?
12:23:08.108 [main] [o.h.l.p.b.i.s.QuerySpacesImpl] DEBUG org.hibernate.loader.plan.build.internal.spaces.QuerySpacesImpl - Adding QuerySpace : uid = &lt;gen:0&gt; -&gt; org.hibernate.loader.plan.build.internal.spaces.CollectionQuerySpaceImpl@6993c8df]
12:23:08.108 [main] [o.h.l.p.b.i.s.QuerySpacesImpl] DEBUG org.hibernate.loader.plan.build.internal.spaces.QuerySpacesImpl - Adding QuerySpace : uid = &lt;gen:1&gt; -&gt; org.hibernate.loader.plan.build.internal.spaces.EntityQuerySpaceImpl@57545c3f]
12:23:08.108 [main] [o.h.p.w.s.MetamodelGraphWalker] DEBUG org.hibernate.persister.walking.spi.MetamodelGraphWalker - Visiting attribute path : bids
12:23:08.108 [main] [o.h.l.p.b.i.s.QuerySpacesImpl] DEBUG org.hibernate.loader.plan.build.internal.spaces.QuerySpacesImpl - Adding QuerySpace : uid = &lt;gen:2&gt; -&gt; org.hibernate.loader.plan.build.internal.spaces.CollectionQuerySpaceImpl@41184371]
12:23:08.108 [main] [o.h.l.p.b.i.s.QuerySpacesImpl] DEBUG org.hibernate.loader.plan.build.internal.spaces.QuerySpacesImpl - Adding QuerySpace : uid = &lt;gen:3&gt; -&gt; org.hibernate.loader.plan.build.internal.spaces.EntityQuerySpaceImpl@34585ac9]
12:23:08.108 [main] [o.h.p.w.s.MetamodelGraphWalker] DEBUG org.hibernate.persister.walking.spi.MetamodelGraphWalker - Visiting attribute path : duration
12:23:08.108 [main] [o.h.p.w.s.MetamodelGraphWalker] DEBUG org.hibernate.persister.walking.spi.MetamodelGraphWalker - Visiting attribute path : grade
12:23:08.108 [main] [o.h.p.w.s.MetamodelGraphWalker] DEBUG org.hibernate.persister.walking.spi.MetamodelGraphWalker - Visiting attribute path : highestBidPrice
12:23:08.108 [main] [o.h.p.w.s.MetamodelGraphWalker] DEBUG org.hibernate.persister.walking.spi.MetamodelGraphWalker - Visiting attribute path : life_days
12:23:08.108 [main] [o.h.p.w.s.MetamodelGraphWalker] DEBUG org.hibernate.persister.walking.spi.MetamodelGraphWalker - Visiting attribute path : pickdate
12:23:08.108 [main] [o.h.p.w.s.MetamodelGraphWalker] DEBUG org.hibernate.persister.walking.spi.MetamodelGraphWalker - Visiting attribute path : quantity
12:23:08.108 [main] [o.h.p.w.s.MetamodelGraphWalker] DEBUG org.hibernate.persister.walking.spi.MetamodelGraphWalker - Visiting attribute path : reservedPrice
12:23:08.108 [main] [o.h.l.p.b.i.FetchStyleLoadPlanBuildingAssociationVisitationStrategy] DEBUG org.hibernate.loader.plan.build.internal.FetchStyleLoadPlanBuildingAssociationVisitationStrategy - Building LoadPlan...
12:23:08.108 [main] [o.h.l.p.e.i.LoadQueryJoinAndFetchProcessor] DEBUG org.hibernate.loader.plan.exec.internal.LoadQueryJoinAndFetchProcessor - processing queryspace &lt;gen:0&gt;
12:23:08.108 [main] [o.h.l.p.b.s.LoadPlanTreePrinter] DEBUG org.hibernate.loader.plan.build.spi.LoadPlanTreePrinter - LoadPlan(collection=org.solent.com504.project.model.auction.dto.Auction.lots)
    - Returns
       - CollectionReturnImpl(collection=org.solent.com504.project.model.auction.dto.Auction.lots, querySpaceUid=&lt;gen:0&gt;, path=[org.solent.com504.project.model.auction.dto.Auction.lots])
          - (collection element) CollectionFetchableElementEntityGraph(entity=org.solent.com504.project.model.lot.dto.Lot, querySpaceUid=&lt;gen:1&gt;, path=[org.solent.com504.project.model.auction.dto.Auction.lots].&lt;elements&gt;)
             - CollectionAttributeFetchImpl(collection=org.solent.com504.project.model.lot.dto.Lot.bids, querySpaceUid=&lt;gen:2&gt;, path=[org.solent.com504.project.model.auction.dto.Auction.lots].&lt;elements&gt;.bids)
                - (collection element) CollectionFetchableElementEntityGraph(entity=org.solent.com504.project.model.bid.dto.Bid, querySpaceUid=&lt;gen:3&gt;, path=[org.solent.com504.project.model.auction.dto.Auction.lots].&lt;elements&gt;.bids.&lt;elements&gt;)
    - QuerySpaces
       - CollectionQuerySpaceImpl(uid=&lt;gen:0&gt;, collection=org.solent.com504.project.model.auction.dto.Auction.lots)
          - SQL table alias mapping - lots0_
          - alias suffix - 0_
          - suffixed key columns - {Auction_1_1_0_}
          - entity-element alias suffix - 1_
          - 1_entity-element suffixed key columns - id1_3_1_
          - JOIN (JoinDefinedByMetadata(elements)) : &lt;gen:0&gt; -&gt; &lt;gen:1&gt;
             - EntityQuerySpaceImpl(uid=&lt;gen:1&gt;, entity=org.solent.com504.project.model.lot.dto.Lot)
                - SQL table alias mapping - lot1_
                - alias suffix - 1_
                - suffixed key columns - {id1_3_1_}

12:23:08.108 [main] [o.h.l.c.p.CollectionLoader] DEBUG org.hibernate.loader.collection.plan.CollectionLoader - Static select for collection org.solent.com504.project.model.auction.dto.Auction.lots: select lots0_.Auction_id as Auction_1_1_0_, lots0_.lots_id as lots_id2_1_0_, lot1_.id as id1_3_1_, lot1_.duration as duration2_3_1_, lot1_.grade as grade3_3_1_, lot1_.highestBidPrice as highestB4_3_1_, lot1_.life_days as life_day5_3_1_, lot1_.pickdate as pickdate6_3_1_, lot1_.quantity as quantity7_3_1_, lot1_.reservedPrice as reserved8_3_1_ from Auction_Lot lots0_ inner join Lot lot1_ on lots0_.lots_id=lot1_.id where lots0_.Auction_id=?
12:23:08.108 [main] [o.h.l.p.b.i.s.QuerySpacesImpl] DEBUG org.hibernate.loader.plan.build.internal.spaces.QuerySpacesImpl - Adding QuerySpace : uid = &lt;gen:0&gt; -&gt; org.hibernate.loader.plan.build.internal.spaces.CollectionQuerySpaceImpl@76a805b7]
12:23:08.108 [main] [o.h.l.p.b.i.s.QuerySpacesImpl] DEBUG org.hibernate.loader.plan.build.internal.spaces.QuerySpacesImpl - Adding QuerySpace : uid = &lt;gen:1&gt; -&gt; org.hibernate.loader.plan.build.internal.spaces.EntityQuerySpaceImpl@15f35bc3]
12:23:08.108 [main] [o.h.p.w.s.MetamodelGraphWalker] DEBUG org.hibernate.persister.walking.spi.MetamodelGraphWalker - Visiting attribute path : address
12:23:08.108 [main] [o.h.l.p.b.i.s.QuerySpacesImpl] DEBUG org.hibernate.loader.plan.build.internal.spaces.QuerySpacesImpl - Adding QuerySpace : uid = &lt;gen:2&gt; -&gt; org.hibernate.loader.plan.build.internal.spaces.CompositeQuerySpaceImpl@56382bc9]
12:23:08.108 [main] [o.h.p.w.s.MetamodelGraphWalker] DEBUG org.hibernate.persister.walking.spi.MetamodelGraphWalker - Visiting attribute path : address.addressLine1
12:23:08.108 [main] [o.h.p.w.s.MetamodelGraphWalker] DEBUG org.hibernate.persister.walking.spi.MetamodelGraphWalker - Visiting attribute path : address.addressLine2
12:23:08.108 [main] [o.h.p.w.s.MetamodelGraphWalker] DEBUG org.hibernate.persister.walking.spi.MetamodelGraphWalker - Visiting attribute path : address.country
12:23:08.108 [main] [o.h.p.w.s.MetamodelGraphWalker] DEBUG org.hibernate.persister.walking.spi.MetamodelGraphWalker - Visiting attribute path : address.county
12:23:08.108 [main] [o.h.p.w.s.MetamodelGraphWalker] DEBUG org.hibernate.persister.walking.spi.MetamodelGraphWalker - Visiting attribute path : address.latitude
12:23:08.108 [main] [o.h.p.w.s.MetamodelGraphWalker] DEBUG org.hibernate.persister.walking.spi.MetamodelGraphWalker - Visiting attribute path : address.longitude
12:23:08.108 [main] [o.h.p.w.s.MetamodelGraphWalker] DEBUG org.hibernate.persister.walking.spi.MetamodelGraphWalker - Visiting attribute path : address.mobile
12:23:08.108 [main] [o.h.p.w.s.MetamodelGraphWalker] DEBUG org.hibernate.persister.walking.spi.MetamodelGraphWalker - Visiting attribute path : address.number
12:23:08.108 [main] [o.h.p.w.s.MetamodelGraphWalker] DEBUG org.hibernate.persister.walking.spi.MetamodelGraphWalker - Visiting attribute path : address.postcode
12:23:08.108 [main] [o.h.p.w.s.MetamodelGraphWalker] DEBUG org.hibernate.persister.walking.spi.MetamodelGraphWalker - Visiting attribute path : address.telephone
12:23:08.108 [main] [o.h.p.w.s.MetamodelGraphWalker] DEBUG org.hibernate.persister.walking.spi.MetamodelGraphWalker - Visiting attribute path : enabled
12:23:08.108 [main] [o.h.p.w.s.MetamodelGraphWalker] DEBUG org.hibernate.persister.walking.spi.MetamodelGraphWalker - Visiting attribute path : firstName
12:23:08.108 [main] [o.h.p.w.s.MetamodelGraphWalker] DEBUG org.hibernate.persister.walking.spi.MetamodelGraphWalker - Visiting attribute path : parties
12:23:08.108 [main] [o.h.p.w.s.MetamodelGraphWalker] DEBUG org.hibernate.persister.walking.spi.MetamodelGraphWalker - Property path deemed to be circular : parties
12:23:08.108 [main] [o.h.p.w.s.MetamodelGraphWalker] DEBUG org.hibernate.persister.walking.spi.MetamodelGraphWalker - Visiting attribute path : password
12:23:08.108 [main] [o.h.p.w.s.MetamodelGraphWalker] DEBUG org.hibernate.persister.walking.spi.MetamodelGraphWalker - Visiting attribute path : roles
12:23:08.108 [main] [o.h.l.p.b.i.s.QuerySpacesImpl] DEBUG org.hibernate.loader.plan.build.internal.spaces.QuerySpacesImpl - Adding QuerySpace : uid = &lt;gen:3&gt; -&gt; org.hibernate.loader.plan.build.internal.spaces.CollectionQuerySpaceImpl@53ed80d3]
12:23:08.108 [main] [o.h.l.p.b.i.s.QuerySpacesImpl] DEBUG org.hibernate.loader.plan.build.internal.spaces.QuerySpacesImpl - Adding QuerySpace : uid = &lt;gen:4&gt; -&gt; org.hibernate.loader.plan.build.internal.spaces.EntityQuerySpaceImpl@6ba060f3]
12:23:08.108 [main] [o.h.p.w.s.MetamodelGraphWalker] DEBUG org.hibernate.persister.walking.spi.MetamodelGraphWalker - Visiting attribute path : secondName
12:23:08.108 [main] [o.h.p.w.s.MetamodelGraphWalker] DEBUG org.hibernate.persister.walking.spi.MetamodelGraphWalker - Visiting attribute path : username
12:23:08.108 [main] [o.h.l.p.b.i.FetchStyleLoadPlanBuildingAssociationVisitationStrategy] DEBUG org.hibernate.loader.plan.build.internal.FetchStyleLoadPlanBuildingAssociationVisitationStrategy - Building LoadPlan...
12:23:08.123 [main] [o.h.l.p.e.i.LoadQueryJoinAndFetchProcessor] DEBUG org.hibernate.loader.plan.exec.internal.LoadQueryJoinAndFetchProcessor - processing queryspace &lt;gen:0&gt;
12:23:08.123 [main] [o.h.l.p.b.s.LoadPlanTreePrinter] DEBUG org.hibernate.loader.plan.build.spi.LoadPlanTreePrinter - LoadPlan(collection=org.solent.com504.project.model.party.dto.Party.users)
    - Returns
       - CollectionReturnImpl(collection=org.solent.com504.project.model.party.dto.Party.users, querySpaceUid=&lt;gen:0&gt;, path=[org.solent.com504.project.model.party.dto.Party.users])
          - (collection element) CollectionFetchableElementEntityGraph(entity=org.solent.com504.project.model.user.dto.User, querySpaceUid=&lt;gen:1&gt;, path=[org.solent.com504.project.model.party.dto.Party.users].&lt;elements&gt;)
             - CompositeAttributeFetchImpl(composite=org.solent.com504.project.model.party.dto.Address, querySpaceUid=&lt;gen:2&gt;, path=[org.solent.com504.project.model.party.dto.Party.users].&lt;elements&gt;.address)
             - CollectionAttributeFetchImpl(collection=org.solent.com504.project.model.user.dto.User.roles, querySpaceUid=&lt;gen:3&gt;, path=[org.solent.com504.project.model.party.dto.Party.users].&lt;elements&gt;.roles)
                - (collection element) CollectionFetchableElementEntityGraph(entity=org.solent.com504.project.model.user.dto.Role, querySpaceUid=&lt;gen:4&gt;, path=[org.solent.com504.project.model.party.dto.Party.users].&lt;elements&gt;.roles.&lt;elements&gt;)
    - QuerySpaces
       - CollectionQuerySpaceImpl(uid=&lt;gen:0&gt;, collection=org.solent.com504.project.model.party.dto.Party.users)
          - SQL table alias mapping - users0_
          - alias suffix - 0_
          - suffixed key columns - {user_id1_8_0_}
          - entity-element alias suffix - 1_
          - 1_entity-element suffixed key columns - id1_7_1_
          - JOIN (JoinDefinedByMetadata(elements)) : &lt;gen:0&gt; -&gt; &lt;gen:1&gt;
             - EntityQuerySpaceImpl(uid=&lt;gen:1&gt;, entity=org.solent.com504.project.model.user.dto.User)
                - SQL table alias mapping - user1_
                - alias suffix - 1_
                - suffixed key columns - {id1_7_1_}
                - JOIN (JoinDefinedByMetadata(address)) : &lt;gen:1&gt; -&gt; &lt;gen:2&gt;
                   - CompositeQuerySpaceImpl(uid=&lt;gen:2&gt;)
                      - SQL table alias mapping - user1_

12:23:08.123 [main] [o.h.l.c.p.CollectionLoader] DEBUG org.hibernate.loader.collection.plan.CollectionLoader - Static select for collection org.solent.com504.project.model.party.dto.Party.users: select users0_.user_id as user_id1_8_0_, users0_.party_id as party_id2_8_0_, user1_.id as id1_7_1_, user1_.addressLine1 as addressL2_7_1_, user1_.addressLine2 as addressL3_7_1_, user1_.country as country4_7_1_, user1_.county as county5_7_1_, user1_.latitude as latitude6_7_1_, user1_.longitude as longitud7_7_1_, user1_.mobile as mobile8_7_1_, user1_.number as number9_7_1_, user1_.postcode as postcod10_7_1_, user1_.telephone as telepho11_7_1_, user1_.enabled as enabled12_7_1_, user1_.firstName as firstNa13_7_1_, user1_.password as passwor14_7_1_, user1_.secondName as secondN15_7_1_, user1_.username as usernam16_7_1_ from user_party users0_ inner join user user1_ on users0_.party_id=user1_.id where users0_.user_id=?
12:23:08.123 [main] [o.h.l.p.b.i.s.QuerySpacesImpl] DEBUG org.hibernate.loader.plan.build.internal.spaces.QuerySpacesImpl - Adding QuerySpace : uid = &lt;gen:0&gt; -&gt; org.hibernate.loader.plan.build.internal.spaces.CollectionQuerySpaceImpl@7c51782d]
12:23:08.123 [main] [o.h.l.p.b.i.s.QuerySpacesImpl] DEBUG org.hibernate.loader.plan.build.internal.spaces.QuerySpacesImpl - Adding QuerySpace : uid = &lt;gen:1&gt; -&gt; org.hibernate.loader.plan.build.internal.spaces.EntityQuerySpaceImpl@77bc2e16]
12:23:08.123 [main] [o.h.p.w.s.MetamodelGraphWalker] DEBUG org.hibernate.persister.walking.spi.MetamodelGraphWalker - Visiting attribute path : lot
12:23:08.123 [main] [o.h.l.p.b.i.s.QuerySpacesImpl] DEBUG org.hibernate.loader.plan.build.internal.spaces.QuerySpacesImpl - Adding QuerySpace : uid = &lt;gen:2&gt; -&gt; org.hibernate.loader.plan.build.internal.spaces.EntityQuerySpaceImpl@57c00115]
12:23:08.123 [main] [o.h.p.w.s.MetamodelGraphWalker] DEBUG org.hibernate.persister.walking.spi.MetamodelGraphWalker - Visiting attribute path : lot.bids
12:23:08.123 [main] [o.h.p.w.s.MetamodelGraphWalker] DEBUG org.hibernate.persister.walking.spi.MetamodelGraphWalker - Property path deemed to be circular : lot.bids
12:23:08.123 [main] [o.h.p.w.s.MetamodelGraphWalker] DEBUG org.hibernate.persister.walking.spi.MetamodelGraphWalker - Visiting attribute path : lot.duration
12:23:08.123 [main] [o.h.p.w.s.MetamodelGraphWalker] DEBUG org.hibernate.persister.walking.spi.MetamodelGraphWalker - Visiting attribute path : lot.grade
12:23:08.123 [main] [o.h.p.w.s.MetamodelGraphWalker] DEBUG org.hibernate.persister.walking.spi.MetamodelGraphWalker - Visiting attribute path : lot.highestBidPrice
12:23:08.123 [main] [o.h.p.w.s.MetamodelGraphWalker] DEBUG org.hibernate.persister.walking.spi.MetamodelGraphWalker - Visiting attribute path : lot.life_days
12:23:08.123 [main] [o.h.p.w.s.MetamodelGraphWalker] DEBUG org.hibernate.persister.walking.spi.MetamodelGraphWalker - Visiting attribute path : lot.pickdate
12:23:08.123 [main] [o.h.p.w.s.MetamodelGraphWalker] DEBUG org.hibernate.persister.walking.spi.MetamodelGraphWalker - Visiting attribute path : lot.quantity
12:23:08.123 [main] [o.h.p.w.s.MetamodelGraphWalker] DEBUG org.hibernate.persister.walking.spi.MetamodelGraphWalker - Visiting attribute path : lot.reservedPrice
12:23:08.123 [main] [o.h.p.w.s.MetamodelGraphWalker] DEBUG org.hibernate.persister.walking.spi.MetamodelGraphWalker - Visiting attribute path : partyId
12:23:08.123 [main] [o.h.p.w.s.MetamodelGraphWalker] DEBUG org.hibernate.persister.walking.spi.MetamodelGraphWalker - Visiting attribute path : timeStamp
12:23:08.123 [main] [o.h.p.w.s.MetamodelGraphWalker] DEBUG org.hibernate.persister.walking.spi.MetamodelGraphWalker - Visiting attribute path : value
12:23:08.123 [main] [o.h.l.p.b.i.FetchStyleLoadPlanBuildingAssociationVisitationStrategy] DEBUG org.hibernate.loader.plan.build.internal.FetchStyleLoadPlanBuildingAssociationVisitationStrategy - Building LoadPlan...
12:23:08.123 [main] [o.h.l.p.e.i.LoadQueryJoinAndFetchProcessor] DEBUG org.hibernate.loader.plan.exec.internal.LoadQueryJoinAndFetchProcessor - processing queryspace &lt;gen:0&gt;
12:23:08.123 [main] [o.h.l.p.b.s.LoadPlanTreePrinter] DEBUG org.hibernate.loader.plan.build.spi.LoadPlanTreePrinter - LoadPlan(collection=org.solent.com504.project.model.lot.dto.Lot.bids)
    - Returns
       - CollectionReturnImpl(collection=org.solent.com504.project.model.lot.dto.Lot.bids, querySpaceUid=&lt;gen:0&gt;, path=[org.solent.com504.project.model.lot.dto.Lot.bids])
          - (collection element) CollectionFetchableElementEntityGraph(entity=org.solent.com504.project.model.bid.dto.Bid, querySpaceUid=&lt;gen:1&gt;, path=[org.solent.com504.project.model.lot.dto.Lot.bids].&lt;elements&gt;)
             - EntityAttributeFetchImpl(entity=org.solent.com504.project.model.lot.dto.Lot, querySpaceUid=&lt;gen:2&gt;, path=[org.solent.com504.project.model.lot.dto.Lot.bids].&lt;elements&gt;.lot)
    - QuerySpaces
       - CollectionQuerySpaceImpl(uid=&lt;gen:0&gt;, collection=org.solent.com504.project.model.lot.dto.Lot.bids)
          - SQL table alias mapping - bids0_
          - alias suffix - 0_
          - suffixed key columns - {Lot_id1_4_0_}
          - entity-element alias suffix - 1_
          - 1_entity-element suffixed key columns - id1_2_1_
          - JOIN (JoinDefinedByMetadata(elements)) : &lt;gen:0&gt; -&gt; &lt;gen:1&gt;
             - EntityQuerySpaceImpl(uid=&lt;gen:1&gt;, entity=org.solent.com504.project.model.bid.dto.Bid)
                - SQL table alias mapping - bid1_
                - alias suffix - 1_
                - suffixed key columns - {id1_2_1_}
                - JOIN (JoinDefinedByMetadata(lot)) : &lt;gen:1&gt; -&gt; &lt;gen:2&gt;
                   - EntityQuerySpaceImpl(uid=&lt;gen:2&gt;, entity=org.solent.com504.project.model.lot.dto.Lot)
                      - SQL table alias mapping - lot2_
                      - alias suffix - 2_
                      - suffixed key columns - {id1_3_2_}

12:23:08.123 [main] [o.h.l.c.p.CollectionLoader] DEBUG org.hibernate.loader.collection.plan.CollectionLoader - Static select for collection org.solent.com504.project.model.lot.dto.Lot.bids: select bids0_.Lot_id as Lot_id1_4_0_, bids0_.bids_id as bids_id2_4_0_, bid1_.id as id1_2_1_, bid1_.lot_id as lot_id5_2_1_, bid1_.partyId as partyId2_2_1_, bid1_.timeStamp as timeStam3_2_1_, bid1_.value as value4_2_1_, lot2_.id as id1_3_2_, lot2_.duration as duration2_3_2_, lot2_.grade as grade3_3_2_, lot2_.highestBidPrice as highestB4_3_2_, lot2_.life_days as life_day5_3_2_, lot2_.pickdate as pickdate6_3_2_, lot2_.quantity as quantity7_3_2_, lot2_.reservedPrice as reserved8_3_2_ from Lot_Bid bids0_ inner join Bid bid1_ on bids0_.bids_id=bid1_.id left outer join Lot lot2_ on bid1_.lot_id=lot2_.id where bids0_.Lot_id=?
12:23:08.123 [main] [o.h.l.p.b.i.s.QuerySpacesImpl] DEBUG org.hibernate.loader.plan.build.internal.spaces.QuerySpacesImpl - Adding QuerySpace : uid = &lt;gen:0&gt; -&gt; org.hibernate.loader.plan.build.internal.spaces.CollectionQuerySpaceImpl@4fe533ff]
12:23:08.123 [main] [o.h.l.p.b.i.s.QuerySpacesImpl] DEBUG org.hibernate.loader.plan.build.internal.spaces.QuerySpacesImpl - Adding QuerySpace : uid = &lt;gen:1&gt; -&gt; org.hibernate.loader.plan.build.internal.spaces.EntityQuerySpaceImpl@5377414a]
12:23:08.123 [main] [o.h.p.w.s.MetamodelGraphWalker] DEBUG org.hibernate.persister.walking.spi.MetamodelGraphWalker - Visiting attribute path : address
12:23:08.123 [main] [o.h.l.p.b.i.s.QuerySpacesImpl] DEBUG org.hibernate.loader.plan.build.internal.spaces.QuerySpacesImpl - Adding QuerySpace : uid = &lt;gen:2&gt; -&gt; org.hibernate.loader.plan.build.internal.spaces.CompositeQuerySpaceImpl@71b639d0]
12:23:08.123 [main] [o.h.p.w.s.MetamodelGraphWalker] DEBUG org.hibernate.persister.walking.spi.MetamodelGraphWalker - Visiting attribute path : address.addressLine1
12:23:08.123 [main] [o.h.p.w.s.MetamodelGraphWalker] DEBUG org.hibernate.persister.walking.spi.MetamodelGraphWalker - Visiting attribute path : address.addressLine2
12:23:08.123 [main] [o.h.p.w.s.MetamodelGraphWalker] DEBUG org.hibernate.persister.walking.spi.MetamodelGraphWalker - Visiting attribute path : address.country
12:23:08.123 [main] [o.h.p.w.s.MetamodelGraphWalker] DEBUG org.hibernate.persister.walking.spi.MetamodelGraphWalker - Visiting attribute path : address.county
12:23:08.123 [main] [o.h.p.w.s.MetamodelGraphWalker] DEBUG org.hibernate.persister.walking.spi.MetamodelGraphWalker - Visiting attribute path : address.latitude
12:23:08.123 [main] [o.h.p.w.s.MetamodelGraphWalker] DEBUG org.hibernate.persister.walking.spi.MetamodelGraphWalker - Visiting attribute path : address.longitude
12:23:08.123 [main] [o.h.p.w.s.MetamodelGraphWalker] DEBUG org.hibernate.persister.walking.spi.MetamodelGraphWalker - Visiting attribute path : address.mobile
12:23:08.123 [main] [o.h.p.w.s.MetamodelGraphWalker] DEBUG org.hibernate.persister.walking.spi.MetamodelGraphWalker - Visiting attribute path : address.number
12:23:08.123 [main] [o.h.p.w.s.MetamodelGraphWalker] DEBUG org.hibernate.persister.walking.spi.MetamodelGraphWalker - Visiting attribute path : address.postcode
12:23:08.123 [main] [o.h.p.w.s.MetamodelGraphWalker] DEBUG org.hibernate.persister.walking.spi.MetamodelGraphWalker - Visiting attribute path : address.telephone
12:23:08.123 [main] [o.h.p.w.s.MetamodelGraphWalker] DEBUG org.hibernate.persister.walking.spi.MetamodelGraphWalker - Visiting attribute path : enabled
12:23:08.123 [main] [o.h.p.w.s.MetamodelGraphWalker] DEBUG org.hibernate.persister.walking.spi.MetamodelGraphWalker - Visiting attribute path : firstName
12:23:08.123 [main] [o.h.p.w.s.MetamodelGraphWalker] DEBUG org.hibernate.persister.walking.spi.MetamodelGraphWalker - Visiting attribute path : partyRole
12:23:08.123 [main] [o.h.p.w.s.MetamodelGraphWalker] DEBUG org.hibernate.persister.walking.spi.MetamodelGraphWalker - Visiting attribute path : partyStatus
12:23:08.123 [main] [o.h.p.w.s.MetamodelGraphWalker] DEBUG org.hibernate.persister.walking.spi.MetamodelGraphWalker - Visiting attribute path : secondName
12:23:08.123 [main] [o.h.p.w.s.MetamodelGraphWalker] DEBUG org.hibernate.persister.walking.spi.MetamodelGraphWalker - Visiting attribute path : users
12:23:08.123 [main] [o.h.p.w.s.MetamodelGraphWalker] DEBUG org.hibernate.persister.walking.spi.MetamodelGraphWalker - Property path deemed to be circular : users
12:23:08.123 [main] [o.h.p.w.s.MetamodelGraphWalker] DEBUG org.hibernate.persister.walking.spi.MetamodelGraphWalker - Visiting attribute path : uuid
12:23:08.123 [main] [o.h.l.p.b.i.FetchStyleLoadPlanBuildingAssociationVisitationStrategy] DEBUG org.hibernate.loader.plan.build.internal.FetchStyleLoadPlanBuildingAssociationVisitationStrategy - Building LoadPlan...
12:23:08.123 [main] [o.h.l.p.e.i.LoadQueryJoinAndFetchProcessor] DEBUG org.hibernate.loader.plan.exec.internal.LoadQueryJoinAndFetchProcessor - processing queryspace &lt;gen:0&gt;
12:23:08.123 [main] [o.h.l.p.b.s.LoadPlanTreePrinter] DEBUG org.hibernate.loader.plan.build.spi.LoadPlanTreePrinter - LoadPlan(collection=org.solent.com504.project.model.user.dto.User.parties)
    - Returns
       - CollectionReturnImpl(collection=org.solent.com504.project.model.user.dto.User.parties, querySpaceUid=&lt;gen:0&gt;, path=[org.solent.com504.project.model.user.dto.User.parties])
          - (collection element) CollectionFetchableElementEntityGraph(entity=org.solent.com504.project.model.party.dto.Party, querySpaceUid=&lt;gen:1&gt;, path=[org.solent.com504.project.model.user.dto.User.parties].&lt;elements&gt;)
             - CompositeAttributeFetchImpl(composite=org.solent.com504.project.model.party.dto.Address, querySpaceUid=&lt;gen:2&gt;, path=[org.solent.com504.project.model.user.dto.User.parties].&lt;elements&gt;.address)
    - QuerySpaces
       - CollectionQuerySpaceImpl(uid=&lt;gen:0&gt;, collection=org.solent.com504.project.model.user.dto.User.parties)
          - SQL table alias mapping - parties0_
          - alias suffix - 0_
          - suffixed key columns - {party_id2_8_0_}
          - entity-element alias suffix - 1_
          - 1_entity-element suffixed key columns - id1_5_1_
          - JOIN (JoinDefinedByMetadata(elements)) : &lt;gen:0&gt; -&gt; &lt;gen:1&gt;
             - EntityQuerySpaceImpl(uid=&lt;gen:1&gt;, entity=org.solent.com504.project.model.party.dto.Party)
                - SQL table alias mapping - party1_
                - alias suffix - 1_
                - suffixed key columns - {id1_5_1_}
                - JOIN (JoinDefinedByMetadata(address)) : &lt;gen:1&gt; -&gt; &lt;gen:2&gt;
                   - CompositeQuerySpaceImpl(uid=&lt;gen:2&gt;)
                      - SQL table alias mapping - party1_

12:23:08.123 [main] [o.h.l.c.p.CollectionLoader] DEBUG org.hibernate.loader.collection.plan.CollectionLoader - Static select for collection org.solent.com504.project.model.user.dto.User.parties: select parties0_.party_id as party_id2_8_0_, parties0_.user_id as user_id1_8_0_, party1_.id as id1_5_1_, party1_.addressLine1 as addressL2_5_1_, party1_.addressLine2 as addressL3_5_1_, party1_.country as country4_5_1_, party1_.county as county5_5_1_, party1_.latitude as latitude6_5_1_, party1_.longitude as longitud7_5_1_, party1_.mobile as mobile8_5_1_, party1_.number as number9_5_1_, party1_.postcode as postcod10_5_1_, party1_.telephone as telepho11_5_1_, party1_.enabled as enabled12_5_1_, party1_.firstName as firstNa13_5_1_, party1_.partyRole as partyRo14_5_1_, party1_.partyStatus as partySt15_5_1_, party1_.secondName as secondN16_5_1_, party1_.uuid as uuid17_5_1_ from user_party parties0_ inner join Party party1_ on parties0_.user_id=party1_.id where parties0_.party_id=?
12:23:08.139 [main] [o.s.j.d.DriverManagerDataSource] DEBUG org.springframework.jdbc.datasource.DriverManagerDataSource - Creating new JDBC DriverManager Connection to [jdbc:hsqldb:file:C:\Users\3moulj69\AppData\Local\Temp\/hsqldb/productDb;shutdown=true]
12:23:08.217 [main] [o.h.m.Table] DEBUG org.hibernate.mapping.Table - No alter strings for table : Auction
12:23:08.217 [main] [o.h.m.Table] DEBUG org.hibernate.mapping.Table - No alter strings for table : Auction_Lot
12:23:08.217 [main] [o.h.m.Table] DEBUG org.hibernate.mapping.Table - No alter strings for table : Bid
12:23:08.217 [main] [o.h.m.Table] DEBUG org.hibernate.mapping.Table - No alter strings for table : Lot
12:23:08.217 [main] [o.h.m.Table] DEBUG org.hibernate.mapping.Table - No alter strings for table : Lot_Bid
12:23:08.217 [main] [o.h.m.Table] DEBUG org.hibernate.mapping.Table - No alter strings for table : Party
12:23:08.217 [main] [o.h.m.Table] DEBUG org.hibernate.mapping.Table - No alter strings for table : role
12:23:08.217 [main] [o.h.m.Table] DEBUG org.hibernate.mapping.Table - No alter strings for table : user
12:23:08.217 [main] [o.h.m.Table] DEBUG org.hibernate.mapping.Table - No alter strings for table : user_party
12:23:08.217 [main] [o.h.m.Table] DEBUG org.hibernate.mapping.Table - No alter strings for table : user_role
12:23:08.217 [main] [o.h.SQL] DEBUG org.hibernate.SQL - alter table Auction_Lot drop constraint UK_coa4u7ju4h1s2v3vaxc5fxr4k
Hibernate: alter table Auction_Lot drop constraint UK_coa4u7ju4h1s2v3vaxc5fxr4k
12:23:08.217 [main] [o.h.SQL] DEBUG org.hibernate.SQL - alter table Auction_Lot add constraint UK_coa4u7ju4h1s2v3vaxc5fxr4k unique (lots_id)
Hibernate: alter table Auction_Lot add constraint UK_coa4u7ju4h1s2v3vaxc5fxr4k unique (lots_id)
12:23:08.217 [main] [o.h.SQL] DEBUG org.hibernate.SQL - alter table Lot_Bid drop constraint UK_ppfjw263md5dd2rro8d0f7qbt
Hibernate: alter table Lot_Bid drop constraint UK_ppfjw263md5dd2rro8d0f7qbt
12:23:08.233 [main] [o.h.SQL] DEBUG org.hibernate.SQL - alter table Lot_Bid add constraint UK_ppfjw263md5dd2rro8d0f7qbt unique (bids_id)
Hibernate: alter table Lot_Bid add constraint UK_ppfjw263md5dd2rro8d0f7qbt unique (bids_id)
12:23:08.592 [main] [o.h.e.t.j.p.i.JtaPlatformInitiator] DEBUG org.hibernate.engine.transaction.jta.platform.internal.JtaPlatformInitiator - No JtaPlatform was specified, checking resolver
12:23:08.592 [main] [o.h.e.t.j.p.i.JtaPlatformResolverInitiator] DEBUG org.hibernate.engine.transaction.jta.platform.internal.JtaPlatformResolverInitiator - No JtaPlatformResolver was specified, using default [org.hibernate.engine.transaction.jta.platform.internal.StandardJtaPlatformResolver]
12:23:08.608 [main] [o.h.e.t.j.p.i.StandardJtaPlatformResolver] DEBUG org.hibernate.engine.transaction.jta.platform.internal.StandardJtaPlatformResolver - Could not resolve JtaPlatform, using default [org.hibernate.engine.transaction.jta.platform.internal.NoJtaPlatform]
12:23:08.608 [main] [o.h.q.s.NamedQueryRepository] DEBUG org.hibernate.query.spi.NamedQueryRepository - Checking 0 named HQL queries
12:23:08.608 [main] [o.h.q.s.NamedQueryRepository] DEBUG org.hibernate.query.spi.NamedQueryRepository - Checking 0 named SQL queries
12:23:08.608 [main] [o.h.i.SessionFactoryRegistry] DEBUG org.hibernate.internal.SessionFactoryRegistry - Registering SessionFactory: 691340d4-e4c3-4f40-aadd-30a5c4e2fefb (&lt;unnamed&gt;)
12:23:08.608 [main] [o.h.i.SessionFactoryRegistry] DEBUG org.hibernate.internal.SessionFactoryRegistry - Not binding SessionFactory to JNDI, no JNDI name configured
12:23:08.608 [main] [o.s.o.j.LocalContainerEntityManagerFactoryBean] INFO  org.springframework.orm.jpa.LocalContainerEntityManagerFactoryBean - Initialized JPA EntityManagerFactory for persistence unit &apos;default&apos;
12:23:08.608 [main] [o.s.b.f.s.DefaultListableBeanFactory] DEBUG org.springframework.beans.factory.support.DefaultListableBeanFactory - Creating shared instance of singleton bean &apos;auctionService&apos;
12:23:08.608 [main] [o.s.b.f.s.DefaultListableBeanFactory] DEBUG org.springframework.beans.factory.support.DefaultListableBeanFactory - Creating shared instance of singleton bean &apos;auctionDAOImplSpring&apos;
12:23:08.623 [main] [o.s.c.s.GenericApplicationContext] WARN  org.springframework.context.support.GenericApplicationContext - Exception encountered during context initialization - cancelling refresh attempt: org.springframework.beans.factory.UnsatisfiedDependencyException: Error creating bean with name &apos;auctionService&apos;: Unsatisfied dependency expressed through field &apos;auctionDao&apos;; nested exception is org.springframework.beans.factory.UnsatisfiedDependencyException: Error creating bean with name &apos;auctionDAOImplSpring&apos;: Unsatisfied dependency expressed through field &apos;auctionRepository&apos;; nested exception is org.springframework.beans.factory.NoSuchBeanDefinitionException: No qualifying bean of type &apos;org.solent.com504.project.impl.dao.auction.springdata.AuctionRepository&apos; available: expected at least 1 bean which qualifies as autowire candidate. Dependency annotations: {@org.springframework.beans.factory.annotation.Autowired(required=true)}
12:23:08.623 [main] [o.s.o.j.LocalContainerEntityManagerFactoryBean] INFO  org.springframework.orm.jpa.LocalContainerEntityManagerFactoryBean - Closing JPA EntityManagerFactory for persistence unit &apos;default&apos;
12:23:08.623 [main] [o.h.i.SessionFactoryImpl] DEBUG org.hibernate.internal.SessionFactoryImpl - HHH000031: Closing
12:23:08.623 [main] [o.h.e.s.CascadeStyles] DEBUG org.hibernate.engine.spi.CascadeStyles - External cascade style registration [persist : STYLE_PERSIST] overrode base registration [STYLE_PERSIST_SKIPLAZY]
12:23:08.623 [main] [o.h.s.i.AbstractServiceRegistryImpl] DEBUG org.hibernate.service.internal.AbstractServiceRegistryImpl - Implicitly destroying ServiceRegistry on de-registration of all child ServiceRegistries
12:23:08.623 [main] [o.h.b.r.i.BootstrapServiceRegistryImpl] DEBUG org.hibernate.boot.registry.internal.BootstrapServiceRegistryImpl - Implicitly destroying Boot-strap registry on de-registration of all child ServiceRegistries
12:23:08.623 [main] [o.s.t.c.TestContextManager] ERROR org.springframework.test.context.TestContextManager - Caught exception while allowing TestExecutionListener [org.springframework.test.context.support.DependencyInjectionTestExecutionListener@40a4337a] to prepare test instance [org.solent.com504.project.impl.service.test.ServiceFacadeJpaTest@3291b443]
java.lang.IllegalStateException: Failed to load ApplicationContext
	at org.springframework.test.context.cache.DefaultCacheAwareContextLoaderDelegate.loadContext(DefaultCacheAwareContextLoaderDelegate.java:132) ~[spring-test-5.2.3.RELEASE.jar:5.2.3.RELEASE]
	at org.springframework.test.context.support.DefaultTestContext.getApplicationContext(DefaultTestContext.java:123) ~[spring-test-5.2.3.RELEASE.jar:5.2.3.RELEASE]
	at org.springframework.test.context.support.DependencyInjectionTestExecutionListener.injectDependencies(DependencyInjectionTestExecutionListener.java:118) ~[spring-test-5.2.3.RELEASE.jar:5.2.3.RELEASE]
	at org.springframework.test.context.support.DependencyInjectionTestExecutionListener.prepareTestInstance(DependencyInjectionTestExecutionListener.java:83) ~[spring-test-5.2.3.RELEASE.jar:5.2.3.RELEASE]
	at org.springframework.test.context.TestContextManager.prepareTestInstance(TestContextManager.java:244) [spring-test-5.2.3.RELEASE.jar:5.2.3.RELEASE]
	at org.springframework.test.context.junit4.SpringJUnit4ClassRunner.createTest(SpringJUnit4ClassRunner.java:227) [spring-test-5.2.3.RELEASE.jar:5.2.3.RELEASE]
	at org.springframework.test.context.junit4.SpringJUnit4ClassRunner$1.runReflectiveCall(SpringJUnit4ClassRunner.java:289) [spring-test-5.2.3.RELEASE.jar:5.2.3.RELEASE]
	at org.junit.internal.runners.model.ReflectiveCallable.run(ReflectiveCallable.java:12) [junit-4.12.jar:4.12]
	at org.springframework.test.context.junit4.SpringJUnit4ClassRunner.methodBlock(SpringJUnit4ClassRunner.java:291) [spring-test-5.2.3.RELEASE.jar:5.2.3.RELEASE]
	at org.springframework.test.context.junit4.SpringJUnit4ClassRunner.runChild(SpringJUnit4ClassRunner.java:246) [spring-test-5.2.3.RELEASE.jar:5.2.3.RELEASE]
	at org.springframework.test.context.junit4.SpringJUnit4ClassRunner.runChild(SpringJUnit4ClassRunner.java:97) [spring-test-5.2.3.RELEASE.jar:5.2.3.RELEASE]
	at org.junit.runners.ParentRunner$3.run(ParentRunner.java:290) [junit-4.12.jar:4.12]
	at org.junit.runners.ParentRunner$1.schedule(ParentRunner.java:71) [junit-4.12.jar:4.12]
	at org.junit.runners.ParentRunner.runChildren(ParentRunner.java:288) [junit-4.12.jar:4.12]
	at org.junit.runners.ParentRunner.access$000(ParentRunner.java:58) [junit-4.12.jar:4.12]
	at org.junit.runners.ParentRunner$2.evaluate(ParentRunner.java:268) [junit-4.12.jar:4.12]
	at org.springframework.test.context.junit4.statements.RunBeforeTestClassCallbacks.evaluate(RunBeforeTestClassCallbacks.java:61) [spring-test-5.2.3.RELEASE.jar:5.2.3.RELEASE]
	at org.springframework.test.context.junit4.statements.RunAfterTestClassCallbacks.evaluate(RunAfterTestClassCallbacks.java:70) [spring-test-5.2.3.RELEASE.jar:5.2.3.RELEASE]
	at org.junit.runners.ParentRunner.run(ParentRunner.java:363) [junit-4.12.jar:4.12]
	at org.springframework.test.context.junit4.SpringJUnit4ClassRunner.run(SpringJUnit4ClassRunner.java:190) [spring-test-5.2.3.RELEASE.jar:5.2.3.RELEASE]
	at org.apache.maven.surefire.junit4.JUnit4Provider.execute(JUnit4Provider.java:252) [surefire-junit4-2.12.4.jar:2.12.4]
	at org.apache.maven.surefire.junit4.JUnit4Provider.executeTestSet(JUnit4Provider.java:141) [surefire-junit4-2.12.4.jar:2.12.4]
	at org.apache.maven.surefire.junit4.JUnit4Provider.invoke(JUnit4Provider.java:112) [surefire-junit4-2.12.4.jar:2.12.4]
	at sun.reflect.NativeMethodAccessorImpl.invoke0(Native Method) ~[?:1.8.0_202]
	at sun.reflect.NativeMethodAccessorImpl.invoke(NativeMethodAccessorImpl.java:62) ~[?:1.8.0_202]
	at sun.reflect.DelegatingMethodAccessorImpl.invoke(DelegatingMethodAccessorImpl.java:43) ~[?:1.8.0_202]
	at java.lang.reflect.Method.invoke(Method.java:498) ~[?:1.8.0_202]
	at org.apache.maven.surefire.util.ReflectionUtils.invokeMethodWithArray(ReflectionUtils.java:189) [surefire-api-2.12.4.jar:2.12.4]
	at org.apache.maven.surefire.booter.ProviderFactory$ProviderProxy.invoke(ProviderFactory.java:165) [surefire-booter-2.12.4.jar:2.12.4]
	at org.apache.maven.surefire.booter.ProviderFactory.invokeProvider(ProviderFactory.java:85) [surefire-booter-2.12.4.jar:2.12.4]
	at org.apache.maven.surefire.booter.ForkedBooter.runSuitesInProcess(ForkedBooter.java:115) [surefire-booter-2.12.4.jar:2.12.4]
	at org.apache.maven.surefire.booter.ForkedBooter.main(ForkedBooter.java:75) [surefire-booter-2.12.4.jar:2.12.4]
Caused by: org.springframework.beans.factory.UnsatisfiedDependencyException: Error creating bean with name &apos;auctionService&apos;: Unsatisfied dependency expressed through field &apos;auctionDao&apos;; nested exception is org.springframework.beans.factory.UnsatisfiedDependencyException: Error creating bean with name &apos;auctionDAOImplSpring&apos;: Unsatisfied dependency expressed through field &apos;auctionRepository&apos;; nested exception is org.springframework.beans.factory.NoSuchBeanDefinitionException: No qualifying bean of type &apos;org.solent.com504.project.impl.dao.auction.springdata.AuctionRepository&apos; available: expected at least 1 bean which qualifies as autowire candidate. Dependency annotations: {@org.springframework.beans.factory.annotation.Autowired(required=true)}
	at org.springframework.beans.factory.annotation.AutowiredAnnotationBeanPostProcessor$AutowiredFieldElement.inject(AutowiredAnnotationBeanPostProcessor.java:639) ~[spring-beans-5.2.1.RELEASE.jar:5.2.1.RELEASE]
	at org.springframework.beans.factory.annotation.InjectionMetadata.inject(InjectionMetadata.java:116) ~[spring-beans-5.2.1.RELEASE.jar:5.2.1.RELEASE]
	at org.springframework.beans.factory.annotation.AutowiredAnnotationBeanPostProcessor.postProcessProperties(AutowiredAnnotationBeanPostProcessor.java:397) ~[spring-beans-5.2.1.RELEASE.jar:5.2.1.RELEASE]
	at org.springframework.beans.factory.support.AbstractAutowireCapableBeanFactory.populateBean(AbstractAutowireCapableBeanFactory.java:1429) ~[spring-beans-5.2.1.RELEASE.jar:5.2.1.RELEASE]
	at org.springframework.beans.factory.support.AbstractAutowireCapableBeanFactory.doCreateBean(AbstractAutowireCapableBeanFactory.java:594) ~[spring-beans-5.2.1.RELEASE.jar:5.2.1.RELEASE]
	at org.springframework.beans.factory.support.AbstractAutowireCapableBeanFactory.createBean(AbstractAutowireCapableBeanFactory.java:517) ~[spring-beans-5.2.1.RELEASE.jar:5.2.1.RELEASE]
	at org.springframework.beans.factory.support.AbstractBeanFactory.lambda$doGetBean$0(AbstractBeanFactory.java:323) ~[spring-beans-5.2.1.RELEASE.jar:5.2.1.RELEASE]
	at org.springframework.beans.factory.support.DefaultSingletonBeanRegistry.getSingleton(DefaultSingletonBeanRegistry.java:222) ~[spring-beans-5.2.1.RELEASE.jar:5.2.1.RELEASE]
	at org.springframework.beans.factory.support.AbstractBeanFactory.doGetBean(AbstractBeanFactory.java:321) ~[spring-beans-5.2.1.RELEASE.jar:5.2.1.RELEASE]
	at org.springframework.beans.factory.support.AbstractBeanFactory.getBean(AbstractBeanFactory.java:202) ~[spring-beans-5.2.1.RELEASE.jar:5.2.1.RELEASE]
	at org.springframework.beans.factory.support.DefaultListableBeanFactory.preInstantiateSingletons(DefaultListableBeanFactory.java:879) ~[spring-beans-5.2.1.RELEASE.jar:5.2.1.RELEASE]
	at org.springframework.context.support.AbstractApplicationContext.finishBeanFactoryInitialization(AbstractApplicationContext.java:878) ~[spring-context-5.2.3.RELEASE.jar:5.2.3.RELEASE]
	at org.springframework.context.support.AbstractApplicationContext.refresh(AbstractApplicationContext.java:550) ~[spring-context-5.2.3.RELEASE.jar:5.2.3.RELEASE]
	at org.springframework.test.context.support.AbstractGenericContextLoader.loadContext(AbstractGenericContextLoader.java:128) ~[spring-test-5.2.3.RELEASE.jar:5.2.3.RELEASE]
	at org.springframework.test.context.support.AbstractGenericContextLoader.loadContext(AbstractGenericContextLoader.java:60) ~[spring-test-5.2.3.RELEASE.jar:5.2.3.RELEASE]
	at org.springframework.test.context.support.AbstractDelegatingSmartContextLoader.delegateLoading(AbstractDelegatingSmartContextLoader.java:275) ~[spring-test-5.2.3.RELEASE.jar:5.2.3.RELEASE]
	at org.springframework.test.context.support.AbstractDelegatingSmartContextLoader.loadContext(AbstractDelegatingSmartContextLoader.java:243) ~[spring-test-5.2.3.RELEASE.jar:5.2.3.RELEASE]
	at org.springframework.test.context.cache.DefaultCacheAwareContextLoaderDelegate.loadContextInternal(DefaultCacheAwareContextLoaderDelegate.java:99) ~[spring-test-5.2.3.RELEASE.jar:5.2.3.RELEASE]
	at org.springframework.test.context.cache.DefaultCacheAwareContextLoaderDelegate.loadContext(DefaultCacheAwareContextLoaderDelegate.java:124) ~[spring-test-5.2.3.RELEASE.jar:5.2.3.RELEASE]
	... 31 more
Caused by: org.springframework.beans.factory.UnsatisfiedDependencyException: Error creating bean with name &apos;auctionDAOImplSpring&apos;: Unsatisfied dependency expressed through field &apos;auctionRepository&apos;; nested exception is org.springframework.beans.factory.NoSuchBeanDefinitionException: No qualifying bean of type &apos;org.solent.com504.project.impl.dao.auction.springdata.AuctionRepository&apos; available: expected at least 1 bean which qualifies as autowire candidate. Dependency annotations: {@org.springframework.beans.factory.annotation.Autowired(required=true)}
	at org.springframework.beans.factory.annotation.AutowiredAnnotationBeanPostProcessor$AutowiredFieldElement.inject(AutowiredAnnotationBeanPostProcessor.java:639) ~[spring-beans-5.2.1.RELEASE.jar:5.2.1.RELEASE]
	at org.springframework.beans.factory.annotation.InjectionMetadata.inject(InjectionMetadata.java:116) ~[spring-beans-5.2.1.RELEASE.jar:5.2.1.RELEASE]
	at org.springframework.beans.factory.annotation.AutowiredAnnotationBeanPostProcessor.postProcessProperties(AutowiredAnnotationBeanPostProcessor.java:397) ~[spring-beans-5.2.1.RELEASE.jar:5.2.1.RELEASE]
	at org.springframework.beans.factory.support.AbstractAutowireCapableBeanFactory.populateBean(AbstractAutowireCapableBeanFactory.java:1429) ~[spring-beans-5.2.1.RELEASE.jar:5.2.1.RELEASE]
	at org.springframework.beans.factory.support.AbstractAutowireCapableBeanFactory.doCreateBean(AbstractAutowireCapableBeanFactory.java:594) ~[spring-beans-5.2.1.RELEASE.jar:5.2.1.RELEASE]
	at org.springframework.beans.factory.support.AbstractAutowireCapableBeanFactory.createBean(AbstractAutowireCapableBeanFactory.java:517) ~[spring-beans-5.2.1.RELEASE.jar:5.2.1.RELEASE]
	at org.springframework.beans.factory.support.AbstractBeanFactory.lambda$doGetBean$0(AbstractBeanFactory.java:323) ~[spring-beans-5.2.1.RELEASE.jar:5.2.1.RELEASE]
	at org.springframework.beans.factory.support.DefaultSingletonBeanRegistry.getSingleton(DefaultSingletonBeanRegistry.java:222) ~[spring-beans-5.2.1.RELEASE.jar:5.2.1.RELEASE]
	at org.springframework.beans.factory.support.AbstractBeanFactory.doGetBean(AbstractBeanFactory.java:321) ~[spring-beans-5.2.1.RELEASE.jar:5.2.1.RELEASE]
	at org.springframework.beans.factory.support.AbstractBeanFactory.getBean(AbstractBeanFactory.java:202) ~[spring-beans-5.2.1.RELEASE.jar:5.2.1.RELEASE]
	at org.springframework.beans.factory.config.DependencyDescriptor.resolveCandidate(DependencyDescriptor.java:276) ~[spring-beans-5.2.1.RELEASE.jar:5.2.1.RELEASE]
	at org.springframework.beans.factory.support.DefaultListableBeanFactory.doResolveDependency(DefaultListableBeanFactory.java:1287) ~[spring-beans-5.2.1.RELEASE.jar:5.2.1.RELEASE]
	at org.springframework.beans.factory.support.DefaultListableBeanFactory.resolveDependency(DefaultListableBeanFactory.java:1207) ~[spring-beans-5.2.1.RELEASE.jar:5.2.1.RELEASE]
	at org.springframework.beans.factory.annotation.AutowiredAnnotationBeanPostProcessor$AutowiredFieldElement.inject(AutowiredAnnotationBeanPostProcessor.java:636) ~[spring-beans-5.2.1.RELEASE.jar:5.2.1.RELEASE]
	at org.springframework.beans.factory.annotation.InjectionMetadata.inject(InjectionMetadata.java:116) ~[spring-beans-5.2.1.RELEASE.jar:5.2.1.RELEASE]
	at org.springframework.beans.factory.annotation.AutowiredAnnotationBeanPostProcessor.postProcessProperties(AutowiredAnnotationBeanPostProcessor.java:397) ~[spring-beans-5.2.1.RELEASE.jar:5.2.1.RELEASE]
	at org.springframework.beans.factory.support.AbstractAutowireCapableBeanFactory.populateBean(AbstractAutowireCapableBeanFactory.java:1429) ~[spring-beans-5.2.1.RELEASE.jar:5.2.1.RELEASE]
	at org.springframework.beans.factory.support.AbstractAutowireCapableBeanFactory.doCreateBean(AbstractAutowireCapableBeanFactory.java:594) ~[spring-beans-5.2.1.RELEASE.jar:5.2.1.RELEASE]
	at org.springframework.beans.factory.support.AbstractAutowireCapableBeanFactory.createBean(AbstractAutowireCapableBeanFactory.java:517) ~[spring-beans-5.2.1.RELEASE.jar:5.2.1.RELEASE]
	at org.springframework.beans.factory.support.AbstractBeanFactory.lambda$doGetBean$0(AbstractBeanFactory.java:323) ~[spring-beans-5.2.1.RELEASE.jar:5.2.1.RELEASE]
	at org.springframework.beans.factory.support.DefaultSingletonBeanRegistry.getSingleton(DefaultSingletonBeanRegistry.java:222) ~[spring-beans-5.2.1.RELEASE.jar:5.2.1.RELEASE]
	at org.springframework.beans.factory.support.AbstractBeanFactory.doGetBean(AbstractBeanFactory.java:321) ~[spring-beans-5.2.1.RELEASE.jar:5.2.1.RELEASE]
	at org.springframework.beans.factory.support.AbstractBeanFactory.getBean(AbstractBeanFactory.java:202) ~[spring-beans-5.2.1.RELEASE.jar:5.2.1.RELEASE]
	at org.springframework.beans.factory.support.DefaultListableBeanFactory.preInstantiateSingletons(DefaultListableBeanFactory.java:879) ~[spring-beans-5.2.1.RELEASE.jar:5.2.1.RELEASE]
	at org.springframework.context.support.AbstractApplicationContext.finishBeanFactoryInitialization(AbstractApplicationContext.java:878) ~[spring-context-5.2.3.RELEASE.jar:5.2.3.RELEASE]
	at org.springframework.context.support.AbstractApplicationContext.refresh(AbstractApplicationContext.java:550) ~[spring-context-5.2.3.RELEASE.jar:5.2.3.RELEASE]
	at org.springframework.test.context.support.AbstractGenericContextLoader.loadContext(AbstractGenericContextLoader.java:128) ~[spring-test-5.2.3.RELEASE.jar:5.2.3.RELEASE]
	at org.springframework.test.context.support.AbstractGenericContextLoader.loadContext(AbstractGenericContextLoader.java:60) ~[spring-test-5.2.3.RELEASE.jar:5.2.3.RELEASE]
	at org.springframework.test.context.support.AbstractDelegatingSmartContextLoader.delegateLoading(AbstractDelegatingSmartContextLoader.java:275) ~[spring-test-5.2.3.RELEASE.jar:5.2.3.RELEASE]
	at org.springframework.test.context.support.AbstractDelegatingSmartContextLoader.loadContext(AbstractDelegatingSmartContextLoader.java:243) ~[spring-test-5.2.3.RELEASE.jar:5.2.3.RELEASE]
	at org.springframework.test.context.cache.DefaultCacheAwareContextLoaderDelegate.loadContextInternal(DefaultCacheAwareContextLoaderDelegate.java:99) ~[spring-test-5.2.3.RELEASE.jar:5.2.3.RELEASE]
	at org.springframework.test.context.cache.DefaultCacheAwareContextLoaderDelegate.loadContext(DefaultCacheAwareContextLoaderDelegate.java:124) ~[spring-test-5.2.3.RELEASE.jar:5.2.3.RELEASE]
	... 31 more
Caused by: org.springframework.beans.factory.NoSuchBeanDefinitionException: No qualifying bean of type &apos;org.solent.com504.project.impl.dao.auction.springdata.AuctionRepository&apos; available: expected at least 1 bean which qualifies as autowire candidate. Dependency annotations: {@org.springframework.beans.factory.annotation.Autowired(required=true)}
	at org.springframework.beans.factory.support.DefaultListableBeanFactory.raiseNoMatchingBeanFound(DefaultListableBeanFactory.java:1695) ~[spring-beans-5.2.1.RELEASE.jar:5.2.1.RELEASE]
	at org.springframework.beans.factory.support.DefaultListableBeanFactory.doResolveDependency(DefaultListableBeanFactory.java:1253) ~[spring-beans-5.2.1.RELEASE.jar:5.2.1.RELEASE]
	at org.springframework.beans.factory.support.DefaultListableBeanFactory.resolveDependency(DefaultListableBeanFactory.java:1207) ~[spring-beans-5.2.1.RELEASE.jar:5.2.1.RELEASE]
	at org.springframework.beans.factory.annotation.AutowiredAnnotationBeanPostProcessor$AutowiredFieldElement.inject(AutowiredAnnotationBeanPostProcessor.java:636) ~[spring-beans-5.2.1.RELEASE.jar:5.2.1.RELEASE]
	at org.springframework.beans.factory.annotation.InjectionMetadata.inject(InjectionMetadata.java:116) ~[spring-beans-5.2.1.RELEASE.jar:5.2.1.RELEASE]
	at org.springframework.beans.factory.annotation.AutowiredAnnotationBeanPostProcessor.postProcessProperties(AutowiredAnnotationBeanPostProcessor.java:397) ~[spring-beans-5.2.1.RELEASE.jar:5.2.1.RELEASE]
	at org.springframework.beans.factory.support.AbstractAutowireCapableBeanFactory.populateBean(AbstractAutowireCapableBeanFactory.java:1429) ~[spring-beans-5.2.1.RELEASE.jar:5.2.1.RELEASE]
	at org.springframework.beans.factory.support.AbstractAutowireCapableBeanFactory.doCreateBean(AbstractAutowireCapableBeanFactory.java:594) ~[spring-beans-5.2.1.RELEASE.jar:5.2.1.RELEASE]
	at org.springframework.beans.factory.support.AbstractAutowireCapableBeanFactory.createBean(AbstractAutowireCapableBeanFactory.java:517) ~[spring-beans-5.2.1.RELEASE.jar:5.2.1.RELEASE]
	at org.springframework.beans.factory.support.AbstractBeanFactory.lambda$doGetBean$0(AbstractBeanFactory.java:323) ~[spring-beans-5.2.1.RELEASE.jar:5.2.1.RELEASE]
	at org.springframework.beans.factory.support.DefaultSingletonBeanRegistry.getSingleton(DefaultSingletonBeanRegistry.java:222) ~[spring-beans-5.2.1.RELEASE.jar:5.2.1.RELEASE]
	at org.springframework.beans.factory.support.AbstractBeanFactory.doGetBean(AbstractBeanFactory.java:321) ~[spring-beans-5.2.1.RELEASE.jar:5.2.1.RELEASE]
	at org.springframework.beans.factory.support.AbstractBeanFactory.getBean(AbstractBeanFactory.java:202) ~[spring-beans-5.2.1.RELEASE.jar:5.2.1.RELEASE]
	at org.springframework.beans.factory.config.DependencyDescriptor.resolveCandidate(DependencyDescriptor.java:276) ~[spring-beans-5.2.1.RELEASE.jar:5.2.1.RELEASE]
	at org.springframework.beans.factory.support.DefaultListableBeanFactory.doResolveDependency(DefaultListableBeanFactory.java:1287) ~[spring-beans-5.2.1.RELEASE.jar:5.2.1.RELEASE]
	at org.springframework.beans.factory.support.DefaultListableBeanFactory.resolveDependency(DefaultListableBeanFactory.java:1207) ~[spring-beans-5.2.1.RELEASE.jar:5.2.1.RELEASE]
	at org.springframework.beans.factory.annotation.AutowiredAnnotationBeanPostProcessor$AutowiredFieldElement.inject(AutowiredAnnotationBeanPostProcessor.java:636) ~[spring-beans-5.2.1.RELEASE.jar:5.2.1.RELEASE]
	at org.springframework.beans.factory.annotation.InjectionMetadata.inject(InjectionMetadata.java:116) ~[spring-beans-5.2.1.RELEASE.jar:5.2.1.RELEASE]
	at org.springframework.beans.factory.annotation.AutowiredAnnotationBeanPostProcessor.postProcessProperties(AutowiredAnnotationBeanPostProcessor.java:397) ~[spring-beans-5.2.1.RELEASE.jar:5.2.1.RELEASE]
	at org.springframework.beans.factory.support.AbstractAutowireCapableBeanFactory.populateBean(AbstractAutowireCapableBeanFactory.java:1429) ~[spring-beans-5.2.1.RELEASE.jar:5.2.1.RELEASE]
	at org.springframework.beans.factory.support.AbstractAutowireCapableBeanFactory.doCreateBean(AbstractAutowireCapableBeanFactory.java:594) ~[spring-beans-5.2.1.RELEASE.jar:5.2.1.RELEASE]
	at org.springframework.beans.factory.support.AbstractAutowireCapableBeanFactory.createBean(AbstractAutowireCapableBeanFactory.java:517) ~[spring-beans-5.2.1.RELEASE.jar:5.2.1.RELEASE]
	at org.springframework.beans.factory.support.AbstractBeanFactory.lambda$doGetBean$0(AbstractBeanFactory.java:323) ~[spring-beans-5.2.1.RELEASE.jar:5.2.1.RELEASE]
	at org.springframework.beans.factory.support.DefaultSingletonBeanRegistry.getSingleton(DefaultSingletonBeanRegistry.java:222) ~[spring-beans-5.2.1.RELEASE.jar:5.2.1.RELEASE]
	at org.springframework.beans.factory.support.AbstractBeanFactory.doGetBean(AbstractBeanFactory.java:321) ~[spring-beans-5.2.1.RELEASE.jar:5.2.1.RELEASE]
	at org.springframework.beans.factory.support.AbstractBeanFactory.getBean(AbstractBeanFactory.java:202) ~[spring-beans-5.2.1.RELEASE.jar:5.2.1.RELEASE]
	at org.springframework.beans.factory.support.DefaultListableBeanFactory.preInstantiateSingletons(DefaultListableBeanFactory.java:879) ~[spring-beans-5.2.1.RELEASE.jar:5.2.1.RELEASE]
	at org.springframework.context.support.AbstractApplicationContext.finishBeanFactoryInitialization(AbstractApplicationContext.java:878) ~[spring-context-5.2.3.RELEASE.jar:5.2.3.RELEASE]
	at org.springframework.context.support.AbstractApplicationContext.refresh(AbstractApplicationContext.java:550) ~[spring-context-5.2.3.RELEASE.jar:5.2.3.RELEASE]
	at org.springframework.test.context.support.AbstractGenericContextLoader.loadContext(AbstractGenericContextLoader.java:128) ~[spring-test-5.2.3.RELEASE.jar:5.2.3.RELEASE]
	at org.springframework.test.context.support.AbstractGenericContextLoader.loadContext(AbstractGenericContextLoader.java:60) ~[spring-test-5.2.3.RELEASE.jar:5.2.3.RELEASE]
	at org.springframework.test.context.support.AbstractDelegatingSmartContextLoader.delegateLoading(AbstractDelegatingSmartContextLoader.java:275) ~[spring-test-5.2.3.RELEASE.jar:5.2.3.RELEASE]
	at org.springframework.test.context.support.AbstractDelegatingSmartContextLoader.loadContext(AbstractDelegatingSmartContextLoader.java:243) ~[spring-test-5.2.3.RELEASE.jar:5.2.3.RELEASE]
	at org.springframework.test.context.cache.DefaultCacheAwareContextLoaderDelegate.loadContextInternal(DefaultCacheAwareContextLoaderDelegate.java:99) ~[spring-test-5.2.3.RELEASE.jar:5.2.3.RELEASE]
	at org.springframework.test.context.cache.DefaultCacheAwareContextLoaderDelegate.loadContext(DefaultCacheAwareContextLoaderDelegate.java:124) ~[spring-test-5.2.3.RELEASE.jar:5.2.3.RELEASE]
	... 31 more
</system-out>
  </testcase>
  <testcase classname="org.solent.com504.project.impl.service.test.ServiceFacadeJpaTest" name="testGetHeartbeat" time="0">
    <error message="Failed to load ApplicationContext" type="java.lang.IllegalStateException">java.lang.IllegalStateException: Failed to load ApplicationContext
	at org.springframework.test.context.cache.DefaultCacheAwareContextLoaderDelegate.loadContext(DefaultCacheAwareContextLoaderDelegate.java:132)
	at org.springframework.test.context.support.DefaultTestContext.getApplicationContext(DefaultTestContext.java:123)
	at org.springframework.test.context.support.DependencyInjectionTestExecutionListener.injectDependencies(DependencyInjectionTestExecutionListener.java:118)
	at org.springframework.test.context.support.DependencyInjectionTestExecutionListener.prepareTestInstance(DependencyInjectionTestExecutionListener.java:83)
	at org.springframework.test.context.TestContextManager.prepareTestInstance(TestContextManager.java:244)
	at org.springframework.test.context.junit4.SpringJUnit4ClassRunner.createTest(SpringJUnit4ClassRunner.java:227)
	at org.springframework.test.context.junit4.SpringJUnit4ClassRunner$1.runReflectiveCall(SpringJUnit4ClassRunner.java:289)
	at org.junit.internal.runners.model.ReflectiveCallable.run(ReflectiveCallable.java:12)
	at org.springframework.test.context.junit4.SpringJUnit4ClassRunner.methodBlock(SpringJUnit4ClassRunner.java:291)
	at org.springframework.test.context.junit4.SpringJUnit4ClassRunner.runChild(SpringJUnit4ClassRunner.java:246)
	at org.springframework.test.context.junit4.SpringJUnit4ClassRunner.runChild(SpringJUnit4ClassRunner.java:97)
	at org.junit.runners.ParentRunner$3.run(ParentRunner.java:290)
	at org.junit.runners.ParentRunner$1.schedule(ParentRunner.java:71)
	at org.junit.runners.ParentRunner.runChildren(ParentRunner.java:288)
	at org.junit.runners.ParentRunner.access$000(ParentRunner.java:58)
	at org.junit.runners.ParentRunner$2.evaluate(ParentRunner.java:268)
	at org.springframework.test.context.junit4.statements.RunBeforeTestClassCallbacks.evaluate(RunBeforeTestClassCallbacks.java:61)
	at org.springframework.test.context.junit4.statements.RunAfterTestClassCallbacks.evaluate(RunAfterTestClassCallbacks.java:70)
	at org.junit.runners.ParentRunner.run(ParentRunner.java:363)
	at org.springframework.test.context.junit4.SpringJUnit4ClassRunner.run(SpringJUnit4ClassRunner.java:190)
	at org.apache.maven.surefire.junit4.JUnit4Provider.execute(JUnit4Provider.java:252)
	at org.apache.maven.surefire.junit4.JUnit4Provider.executeTestSet(JUnit4Provider.java:141)
	at org.apache.maven.surefire.junit4.JUnit4Provider.invoke(JUnit4Provider.java:112)
	at sun.reflect.NativeMethodAccessorImpl.invoke0(Native Method)
	at sun.reflect.NativeMethodAccessorImpl.invoke(NativeMethodAccessorImpl.java:62)
	at sun.reflect.DelegatingMethodAccessorImpl.invoke(DelegatingMethodAccessorImpl.java:43)
	at java.lang.reflect.Method.invoke(Method.java:498)
	at org.apache.maven.surefire.util.ReflectionUtils.invokeMethodWithArray(ReflectionUtils.java:189)
	at org.apache.maven.surefire.booter.ProviderFactory$ProviderProxy.invoke(ProviderFactory.java:165)
	at org.apache.maven.surefire.booter.ProviderFactory.invokeProvider(ProviderFactory.java:85)
	at org.apache.maven.surefire.booter.ForkedBooter.runSuitesInProcess(ForkedBooter.java:115)
	at org.apache.maven.surefire.booter.ForkedBooter.main(ForkedBooter.java:75)
Caused by: org.springframework.beans.factory.UnsatisfiedDependencyException: Error creating bean with name &apos;auctionService&apos;: Unsatisfied dependency expressed through field &apos;auctionDao&apos;; nested exception is org.springframework.beans.factory.UnsatisfiedDependencyException: Error creating bean with name &apos;auctionDAOImplSpring&apos;: Unsatisfied dependency expressed through field &apos;auctionRepository&apos;; nested exception is org.springframework.beans.factory.NoSuchBeanDefinitionException: No qualifying bean of type &apos;org.solent.com504.project.impl.dao.auction.springdata.AuctionRepository&apos; available: expected at least 1 bean which qualifies as autowire candidate. Dependency annotations: {@org.springframework.beans.factory.annotation.Autowired(required=true)}
	at org.springframework.beans.factory.annotation.AutowiredAnnotationBeanPostProcessor$AutowiredFieldElement.inject(AutowiredAnnotationBeanPostProcessor.java:639)
	at org.springframework.beans.factory.annotation.InjectionMetadata.inject(InjectionMetadata.java:116)
	at org.springframework.beans.factory.annotation.AutowiredAnnotationBeanPostProcessor.postProcessProperties(AutowiredAnnotationBeanPostProcessor.java:397)
	at org.springframework.beans.factory.support.AbstractAutowireCapableBeanFactory.populateBean(AbstractAutowireCapableBeanFactory.java:1429)
	at org.springframework.beans.factory.support.AbstractAutowireCapableBeanFactory.doCreateBean(AbstractAutowireCapableBeanFactory.java:594)
	at org.springframework.beans.factory.support.AbstractAutowireCapableBeanFactory.createBean(AbstractAutowireCapableBeanFactory.java:517)
	at org.springframework.beans.factory.support.AbstractBeanFactory.lambda$doGetBean$0(AbstractBeanFactory.java:323)
	at org.springframework.beans.factory.support.DefaultSingletonBeanRegistry.getSingleton(DefaultSingletonBeanRegistry.java:222)
	at org.springframework.beans.factory.support.AbstractBeanFactory.doGetBean(AbstractBeanFactory.java:321)
	at org.springframework.beans.factory.support.AbstractBeanFactory.getBean(AbstractBeanFactory.java:202)
	at org.springframework.beans.factory.support.DefaultListableBeanFactory.preInstantiateSingletons(DefaultListableBeanFactory.java:879)
	at org.springframework.context.support.AbstractApplicationContext.finishBeanFactoryInitialization(AbstractApplicationContext.java:878)
	at org.springframework.context.support.AbstractApplicationContext.refresh(AbstractApplicationContext.java:550)
	at org.springframework.test.context.support.AbstractGenericContextLoader.loadContext(AbstractGenericContextLoader.java:128)
	at org.springframework.test.context.support.AbstractGenericContextLoader.loadContext(AbstractGenericContextLoader.java:60)
	at org.springframework.test.context.support.AbstractDelegatingSmartContextLoader.delegateLoading(AbstractDelegatingSmartContextLoader.java:275)
	at org.springframework.test.context.support.AbstractDelegatingSmartContextLoader.loadContext(AbstractDelegatingSmartContextLoader.java:243)
	at org.springframework.test.context.cache.DefaultCacheAwareContextLoaderDelegate.loadContextInternal(DefaultCacheAwareContextLoaderDelegate.java:99)
	at org.springframework.test.context.cache.DefaultCacheAwareContextLoaderDelegate.loadContext(DefaultCacheAwareContextLoaderDelegate.java:124)
	... 31 more
Caused by: org.springframework.beans.factory.UnsatisfiedDependencyException: Error creating bean with name &apos;auctionDAOImplSpring&apos;: Unsatisfied dependency expressed through field &apos;auctionRepository&apos;; nested exception is org.springframework.beans.factory.NoSuchBeanDefinitionException: No qualifying bean of type &apos;org.solent.com504.project.impl.dao.auction.springdata.AuctionRepository&apos; available: expected at least 1 bean which qualifies as autowire candidate. Dependency annotations: {@org.springframework.beans.factory.annotation.Autowired(required=true)}
	at org.springframework.beans.factory.annotation.AutowiredAnnotationBeanPostProcessor$AutowiredFieldElement.inject(AutowiredAnnotationBeanPostProcessor.java:639)
	at org.springframework.beans.factory.annotation.InjectionMetadata.inject(InjectionMetadata.java:116)
	at org.springframework.beans.factory.annotation.AutowiredAnnotationBeanPostProcessor.postProcessProperties(AutowiredAnnotationBeanPostProcessor.java:397)
	at org.springframework.beans.factory.support.AbstractAutowireCapableBeanFactory.populateBean(AbstractAutowireCapableBeanFactory.java:1429)
	at org.springframework.beans.factory.support.AbstractAutowireCapableBeanFactory.doCreateBean(AbstractAutowireCapableBeanFactory.java:594)
	at org.springframework.beans.factory.support.AbstractAutowireCapableBeanFactory.createBean(AbstractAutowireCapableBeanFactory.java:517)
	at org.springframework.beans.factory.support.AbstractBeanFactory.lambda$doGetBean$0(AbstractBeanFactory.java:323)
	at org.springframework.beans.factory.support.DefaultSingletonBeanRegistry.getSingleton(DefaultSingletonBeanRegistry.java:222)
	at org.springframework.beans.factory.support.AbstractBeanFactory.doGetBean(AbstractBeanFactory.java:321)
	at org.springframework.beans.factory.support.AbstractBeanFactory.getBean(AbstractBeanFactory.java:202)
	at org.springframework.beans.factory.config.DependencyDescriptor.resolveCandidate(DependencyDescriptor.java:276)
	at org.springframework.beans.factory.support.DefaultListableBeanFactory.doResolveDependency(DefaultListableBeanFactory.java:1287)
	at org.springframework.beans.factory.support.DefaultListableBeanFactory.resolveDependency(DefaultListableBeanFactory.java:1207)
	at org.springframework.beans.factory.annotation.AutowiredAnnotationBeanPostProcessor$AutowiredFieldElement.inject(AutowiredAnnotationBeanPostProcessor.java:636)
	... 49 more
Caused by: org.springframework.beans.factory.NoSuchBeanDefinitionException: No qualifying bean of type &apos;org.solent.com504.project.impl.dao.auction.springdata.AuctionRepository&apos; available: expected at least 1 bean which qualifies as autowire candidate. Dependency annotations: {@org.springframework.beans.factory.annotation.Autowired(required=true)}
	at org.springframework.beans.factory.support.DefaultListableBeanFactory.raiseNoMatchingBeanFound(DefaultListableBeanFactory.java:1695)
	at org.springframework.beans.factory.support.DefaultListableBeanFactory.doResolveDependency(DefaultListableBeanFactory.java:1253)
	at org.springframework.beans.factory.support.DefaultListableBeanFactory.resolveDependency(DefaultListableBeanFactory.java:1207)
	at org.springframework.beans.factory.annotation.AutowiredAnnotationBeanPostProcessor$AutowiredFieldElement.inject(AutowiredAnnotationBeanPostProcessor.java:636)
	... 62 more
</error>
    <system-out>12:23:08.623 [main] [o.s.t.a.ProfileValueUtils] DEBUG org.springframework.test.annotation.ProfileValueUtils - Retrieved @ProfileValueSourceConfiguration [null] for test class [org.solent.com504.project.impl.service.test.ServiceFacadeJpaTest]
12:23:08.623 [main] [o.s.t.a.ProfileValueUtils] DEBUG org.springframework.test.annotation.ProfileValueUtils - Retrieved ProfileValueSource type [class org.springframework.test.annotation.SystemProfileValueSource] for class [org.solent.com504.project.impl.service.test.ServiceFacadeJpaTest]
12:23:08.623 [main] [o.s.t.c.s.DependencyInjectionTestExecutionListener] DEBUG org.springframework.test.context.support.DependencyInjectionTestExecutionListener - Performing dependency injection for test context [[DefaultTestContext@385c9627 testClass = ServiceFacadeJpaTest, testInstance = org.solent.com504.project.impl.service.test.ServiceFacadeJpaTest@76130a29, testMethod = [null], testException = [null], mergedContextConfiguration = [MergedContextConfiguration@139982de testClass = ServiceFacadeJpaTest, locations = &apos;{classpath:/appconfig-service.xml}&apos;, classes = &apos;{}&apos;, contextInitializerClasses = &apos;[]&apos;, activeProfiles = &apos;{}&apos;, propertySourceLocations = &apos;{}&apos;, propertySourceProperties = &apos;{}&apos;, contextCustomizers = set[[empty]], contextLoader = &apos;org.springframework.test.context.support.DelegatingSmartContextLoader&apos;, parent = [null]], attributes = map[[empty]]]].
12:23:08.623 [main] [o.s.t.c.s.AbstractDelegatingSmartContextLoader] DEBUG org.springframework.test.context.support.AbstractDelegatingSmartContextLoader - Delegating to GenericXmlContextLoader to load context from [MergedContextConfiguration@139982de testClass = ServiceFacadeJpaTest, locations = &apos;{classpath:/appconfig-service.xml}&apos;, classes = &apos;{}&apos;, contextInitializerClasses = &apos;[]&apos;, activeProfiles = &apos;{}&apos;, propertySourceLocations = &apos;{}&apos;, propertySourceProperties = &apos;{}&apos;, contextCustomizers = set[[empty]], contextLoader = &apos;org.springframework.test.context.support.DelegatingSmartContextLoader&apos;, parent = [null]].
12:23:08.623 [main] [o.s.t.c.s.AbstractGenericContextLoader] DEBUG org.springframework.test.context.support.AbstractGenericContextLoader - Loading ApplicationContext for merged context configuration [[MergedContextConfiguration@139982de testClass = ServiceFacadeJpaTest, locations = &apos;{classpath:/appconfig-service.xml}&apos;, classes = &apos;{}&apos;, contextInitializerClasses = &apos;[]&apos;, activeProfiles = &apos;{}&apos;, propertySourceLocations = &apos;{}&apos;, propertySourceProperties = &apos;{}&apos;, contextCustomizers = set[[empty]], contextLoader = &apos;org.springframework.test.context.support.DelegatingSmartContextLoader&apos;, parent = [null]]].
12:23:08.623 [main] [o.s.c.e.StandardEnvironment] DEBUG org.springframework.core.env.StandardEnvironment - Activating profiles []
12:23:08.733 [main] [o.s.c.a.ClassPathBeanDefinitionScanner] DEBUG org.springframework.context.annotation.ClassPathBeanDefinitionScanner - Identified candidate component class: file [C:\Users\3moulj69\Repos\temp\SOFTWARE-SYSTEMS-DEVELOPMENT\Josh\Andres-Project\project\service\target\classes\org\solent\com504\project\impl\service\AuctionServiceImpl.class]
12:23:08.748 [main] [o.s.c.a.ClassPathBeanDefinitionScanner] DEBUG org.springframework.context.annotation.ClassPathBeanDefinitionScanner - Identified candidate component class: file [C:\Users\3moulj69\Repos\temp\SOFTWARE-SYSTEMS-DEVELOPMENT\Josh\Andres-Project\project\service\target\classes\org\solent\com504\project\impl\service\ServiceFacadeImpl.class]
12:23:08.748 [main] [o.s.c.a.ClassPathBeanDefinitionScanner] DEBUG org.springframework.context.annotation.ClassPathBeanDefinitionScanner - Identified candidate component class: file [C:\Users\3moulj69\Repos\temp\SOFTWARE-SYSTEMS-DEVELOPMENT\Josh\Andres-Project\project\service\target\classes\org\solent\com504\project\impl\user\service\SecurityServiceImpl.class]
12:23:08.748 [main] [o.s.c.a.ClassPathBeanDefinitionScanner] DEBUG org.springframework.context.annotation.ClassPathBeanDefinitionScanner - Identified candidate component class: file [C:\Users\3moulj69\Repos\temp\SOFTWARE-SYSTEMS-DEVELOPMENT\Josh\Andres-Project\project\service\target\classes\org\solent\com504\project\impl\user\service\UserServiceImpl.class]
12:23:08.764 [main] [o.s.c.a.ClassPathBeanDefinitionScanner] DEBUG org.springframework.context.annotation.ClassPathBeanDefinitionScanner - Identified candidate component class: URL [jar:file:/C:/Users/3moulj69/Repos/temp/SOFTWARE-SYSTEMS-DEVELOPMENT/Josh/Andres-Project/project/dao-springdata-jpa/target/project-dao-springdata-jpa-1.5-SNAPSHOT.jar!/org/solent/com504/project/impl/dao/auction/spring/AuctionDAOImplSpring.class]
12:23:08.764 [main] [o.s.c.a.ClassPathBeanDefinitionScanner] DEBUG org.springframework.context.annotation.ClassPathBeanDefinitionScanner - Ignored because not a concrete top-level class: URL [jar:file:/C:/Users/3moulj69/Repos/temp/SOFTWARE-SYSTEMS-DEVELOPMENT/Josh/Andres-Project/project/dao-springdata-jpa/target/project-dao-springdata-jpa-1.5-SNAPSHOT.jar!/org/solent/com504/project/impl/dao/auction/springdata/AuctionRepository.class]
12:23:08.764 [main] [o.s.c.a.ClassPathBeanDefinitionScanner] DEBUG org.springframework.context.annotation.ClassPathBeanDefinitionScanner - Identified candidate component class: URL [jar:file:/C:/Users/3moulj69/Repos/temp/SOFTWARE-SYSTEMS-DEVELOPMENT/Josh/Andres-Project/project/dao-springdata-jpa/target/project-dao-springdata-jpa-1.5-SNAPSHOT.jar!/org/solent/com504/project/impl/dao/party/spring/PartyDAOImplSpring.class]
12:23:08.764 [main] [o.s.c.a.ClassPathBeanDefinitionScanner] DEBUG org.springframework.context.annotation.ClassPathBeanDefinitionScanner - Ignored because not a concrete top-level class: URL [jar:file:/C:/Users/3moulj69/Repos/temp/SOFTWARE-SYSTEMS-DEVELOPMENT/Josh/Andres-Project/project/dao-springdata-jpa/target/project-dao-springdata-jpa-1.5-SNAPSHOT.jar!/org/solent/com504/project/impl/dao/party/springdata/PartyRepository.class]
12:23:08.764 [main] [o.s.c.a.ClassPathBeanDefinitionScanner] DEBUG org.springframework.context.annotation.ClassPathBeanDefinitionScanner - Identified candidate component class: URL [jar:file:/C:/Users/3moulj69/Repos/temp/SOFTWARE-SYSTEMS-DEVELOPMENT/Josh/Andres-Project/project/dao-springdata-jpa/target/project-dao-springdata-jpa-1.5-SNAPSHOT.jar!/org/solent/com504/project/impl/dao/user/spring/RoleDAOImplSpring.class]
12:23:08.764 [main] [o.s.c.a.ClassPathBeanDefinitionScanner] DEBUG org.springframework.context.annotation.ClassPathBeanDefinitionScanner - Identified candidate component class: URL [jar:file:/C:/Users/3moulj69/Repos/temp/SOFTWARE-SYSTEMS-DEVELOPMENT/Josh/Andres-Project/project/dao-springdata-jpa/target/project-dao-springdata-jpa-1.5-SNAPSHOT.jar!/org/solent/com504/project/impl/dao/user/spring/UserDAOImplSpring.class]
12:23:08.764 [main] [o.s.c.a.ClassPathBeanDefinitionScanner] DEBUG org.springframework.context.annotation.ClassPathBeanDefinitionScanner - Identified candidate component class: file [C:\Users\3moulj69\Repos\temp\SOFTWARE-SYSTEMS-DEVELOPMENT\Josh\Andres-Project\project\service\target\classes\org\solent\com504\project\impl\party\service\PartyServiceImpl.class]
12:23:08.764 [main] [o.s.d.r.c.RepositoryConfigurationDelegate] INFO  org.springframework.data.repository.config.RepositoryConfigurationDelegate - Bootstrapping Spring Data JPA repositories in DEFAULT mode.
12:23:08.764 [main] [o.s.d.r.c.RepositoryConfigurationDelegate] DEBUG org.springframework.data.repository.config.RepositoryConfigurationDelegate - Scanning for JPA repositories in packages org.solent.com504.project.impl.dao.user.springdata, org.solent.com504.project.impl.dao.party.springdata, org.solent.com504.project.impl.dao.springdata.
12:23:08.780 [main] [o.s.d.r.c.RepositoryComponentProvider] DEBUG org.springframework.data.repository.config.RepositoryComponentProvider - Identified candidate component class: URL [jar:file:/C:/Users/3moulj69/Repos/temp/SOFTWARE-SYSTEMS-DEVELOPMENT/Josh/Andres-Project/project/dao-springdata-jpa/target/project-dao-springdata-jpa-1.5-SNAPSHOT.jar!/org/solent/com504/project/impl/dao/user/springdata/RoleRepository.class]
12:23:08.780 [main] [o.s.d.r.c.RepositoryComponentProvider] DEBUG org.springframework.data.repository.config.RepositoryComponentProvider - Identified candidate component class: URL [jar:file:/C:/Users/3moulj69/Repos/temp/SOFTWARE-SYSTEMS-DEVELOPMENT/Josh/Andres-Project/project/dao-springdata-jpa/target/project-dao-springdata-jpa-1.5-SNAPSHOT.jar!/org/solent/com504/project/impl/dao/user/springdata/UserRepository.class]
12:23:08.780 [main] [o.s.d.r.c.RepositoryComponentProvider] DEBUG org.springframework.data.repository.config.RepositoryComponentProvider - Identified candidate component class: URL [jar:file:/C:/Users/3moulj69/Repos/temp/SOFTWARE-SYSTEMS-DEVELOPMENT/Josh/Andres-Project/project/dao-springdata-jpa/target/project-dao-springdata-jpa-1.5-SNAPSHOT.jar!/org/solent/com504/project/impl/dao/party/springdata/PartyRepository.class]
12:23:08.795 [main] [o.s.d.r.c.RepositoryConfigurationDelegate] INFO  org.springframework.data.repository.config.RepositoryConfigurationDelegate - Finished Spring Data repository scanning in 33ms. Found 3 JPA repository interfaces.
12:23:08.811 [main] [o.s.b.f.x.XmlBeanDefinitionReader] DEBUG org.springframework.beans.factory.xml.XmlBeanDefinitionReader - Loaded 33 bean definitions from class path resource [appconfig-data.xml]
12:23:08.827 [main] [o.s.s.c.SecurityNamespaceHandler] INFO  org.springframework.security.config.SecurityNamespaceHandler - Spring Security &apos;config&apos; module version is 5.2.1.RELEASE
12:23:08.842 [main] [o.s.b.f.x.XmlBeanDefinitionReader] DEBUG org.springframework.beans.factory.xml.XmlBeanDefinitionReader - Loaded 5 bean definitions from class path resource [appconfig-security.xml]
12:23:08.842 [main] [o.s.c.a.ClassPathBeanDefinitionScanner] DEBUG org.springframework.context.annotation.ClassPathBeanDefinitionScanner - Identified candidate component class: file [C:\Users\3moulj69\Repos\temp\SOFTWARE-SYSTEMS-DEVELOPMENT\Josh\Andres-Project\project\service\target\classes\org\solent\com504\project\impl\service\AuctionServiceImpl.class]
12:23:08.842 [main] [o.s.c.a.ClassPathBeanDefinitionScanner] DEBUG org.springframework.context.annotation.ClassPathBeanDefinitionScanner - Identified candidate component class: file [C:\Users\3moulj69\Repos\temp\SOFTWARE-SYSTEMS-DEVELOPMENT\Josh\Andres-Project\project\service\target\classes\org\solent\com504\project\impl\service\ServiceFacadeImpl.class]
12:23:08.842 [main] [o.s.c.a.ClassPathBeanDefinitionScanner] DEBUG org.springframework.context.annotation.ClassPathBeanDefinitionScanner - Identified candidate component class: file [C:\Users\3moulj69\Repos\temp\SOFTWARE-SYSTEMS-DEVELOPMENT\Josh\Andres-Project\project\service\target\classes\org\solent\com504\project\impl\user\service\SecurityServiceImpl.class]
12:23:08.858 [main] [o.s.c.a.ClassPathBeanDefinitionScanner] DEBUG org.springframework.context.annotation.ClassPathBeanDefinitionScanner - Identified candidate component class: file [C:\Users\3moulj69\Repos\temp\SOFTWARE-SYSTEMS-DEVELOPMENT\Josh\Andres-Project\project\service\target\classes\org\solent\com504\project\impl\user\service\UserServiceImpl.class]
12:23:08.858 [main] [o.s.c.a.ClassPathBeanDefinitionScanner] DEBUG org.springframework.context.annotation.ClassPathBeanDefinitionScanner - Identified candidate component class: file [C:\Users\3moulj69\Repos\temp\SOFTWARE-SYSTEMS-DEVELOPMENT\Josh\Andres-Project\project\service\target\classes\org\solent\com504\project\impl\party\service\PartyServiceImpl.class]
12:23:08.858 [main] [o.s.b.f.x.XmlBeanDefinitionReader] DEBUG org.springframework.beans.factory.xml.XmlBeanDefinitionReader - Loaded 39 bean definitions from class path resource [appconfig-service.xml]
12:23:08.858 [main] [o.s.c.s.GenericApplicationContext] DEBUG org.springframework.context.support.GenericApplicationContext - Refreshing org.springframework.context.support.GenericApplicationContext@124d02b2
12:23:08.858 [main] [o.s.b.f.s.DefaultListableBeanFactory] DEBUG org.springframework.beans.factory.support.DefaultListableBeanFactory - Creating shared instance of singleton bean &apos;org.springframework.context.annotation.internalConfigurationAnnotationProcessor&apos;
12:23:08.905 [main] [o.s.b.f.s.DefaultListableBeanFactory] DEBUG org.springframework.beans.factory.support.DefaultListableBeanFactory - Creating shared instance of singleton bean &apos;emBeanDefinitionRegistrarPostProcessor&apos;
12:23:08.905 [main] [o.s.b.f.s.DefaultListableBeanFactory] DEBUG org.springframework.beans.factory.support.DefaultListableBeanFactory - Creating shared instance of singleton bean &apos;org.springframework.context.event.internalEventListenerProcessor&apos;
12:23:08.905 [main] [o.s.b.f.s.DefaultListableBeanFactory] DEBUG org.springframework.beans.factory.support.DefaultListableBeanFactory - Creating shared instance of singleton bean &apos;org.springframework.context.event.internalEventListenerFactory&apos;
12:23:08.905 [main] [o.s.b.f.s.DefaultListableBeanFactory] DEBUG org.springframework.beans.factory.support.DefaultListableBeanFactory - Creating shared instance of singleton bean &apos;org.springframework.transaction.config.internalTransactionalEventListenerFactory&apos;
12:23:08.905 [main] [o.s.b.f.s.DefaultListableBeanFactory] DEBUG org.springframework.beans.factory.support.DefaultListableBeanFactory - Creating shared instance of singleton bean &apos;org.springframework.context.annotation.internalAutowiredAnnotationProcessor&apos;
12:23:08.905 [main] [o.s.b.f.s.DefaultListableBeanFactory] DEBUG org.springframework.beans.factory.support.DefaultListableBeanFactory - Creating shared instance of singleton bean &apos;org.springframework.context.annotation.internalCommonAnnotationProcessor&apos;
12:23:08.905 [main] [o.s.b.f.s.DefaultListableBeanFactory] DEBUG org.springframework.beans.factory.support.DefaultListableBeanFactory - Creating shared instance of singleton bean &apos;org.springframework.context.annotation.internalPersistenceAnnotationProcessor&apos;
12:23:08.905 [main] [o.s.b.f.s.DefaultListableBeanFactory] DEBUG org.springframework.beans.factory.support.DefaultListableBeanFactory - Creating shared instance of singleton bean &apos;org.springframework.aop.config.internalAutoProxyCreator&apos;
12:23:08.920 [main] [o.s.b.f.s.DefaultListableBeanFactory] DEBUG org.springframework.beans.factory.support.DefaultListableBeanFactory - Creating shared instance of singleton bean &apos;entityManagerFactory&apos;
12:23:08.920 [main] [o.s.b.f.s.DefaultListableBeanFactory] DEBUG org.springframework.beans.factory.support.DefaultListableBeanFactory - Creating shared instance of singleton bean &apos;org.springframework.transaction.config.internalTransactionAdvisor&apos;
12:23:08.920 [main] [o.s.b.f.s.DefaultListableBeanFactory] DEBUG org.springframework.beans.factory.support.DefaultListableBeanFactory - Creating shared instance of singleton bean &apos;org.springframework.transaction.annotation.AnnotationTransactionAttributeSource#0&apos;
12:23:08.936 [main] [o.s.b.f.s.DefaultListableBeanFactory] DEBUG org.springframework.beans.factory.support.DefaultListableBeanFactory - Creating shared instance of singleton bean &apos;dataSource&apos;
12:23:08.936 [main] [o.s.j.d.DriverManagerDataSource] DEBUG org.springframework.jdbc.datasource.DriverManagerDataSource - Loaded JDBC driver: org.hsqldb.jdbcDriver
12:23:08.967 [main] [o.s.o.j.LocalContainerEntityManagerFactoryBean] DEBUG org.springframework.orm.jpa.LocalContainerEntityManagerFactoryBean - Building JPA container EntityManagerFactory for persistence unit &apos;default&apos;
12:23:08.967 [main] [o.h.j.i.u.LogHelper] DEBUG org.hibernate.jpa.internal.util.LogHelper - PersistenceUnitInfo [
	name: default
	persistence provider classname: null
	classloader: sun.misc.Launcher$AppClassLoader@42a57993
	excludeUnlistedClasses: true
	JTA datasource: null
	Non JTA datasource: org.springframework.jdbc.datasource.DriverManagerDataSource@44fdce3c
	Transaction type: RESOURCE_LOCAL
	PU root URL: file:/C:/Users/3moulj69/Repos/temp/SOFTWARE-SYSTEMS-DEVELOPMENT/Josh/Andres-Project/project/model/target/project-model-1.5-SNAPSHOT.jar
	Shared Cache Mode: UNSPECIFIED
	Validation Mode: AUTO
	Jar files URLs []
	Managed classes names [
		org.solent.com504.project.model.auction.dto.Auction
		org.solent.com504.project.model.bid.dto.Bid
		org.solent.com504.project.model.lot.dto.Lot
		org.solent.com504.project.model.party.dto.Address
		org.solent.com504.project.model.party.dto.Party
		org.solent.com504.project.model.user.dto.Role
		org.solent.com504.project.model.user.dto.User]
	Mapping files names []
	Properties []
12:23:08.967 [main] [o.h.i.i.IntegratorServiceImpl] DEBUG org.hibernate.integrator.internal.IntegratorServiceImpl - Adding Integrator [org.hibernate.cfg.beanvalidation.BeanValidationIntegrator].
12:23:08.967 [main] [o.h.i.i.IntegratorServiceImpl] DEBUG org.hibernate.integrator.internal.IntegratorServiceImpl - Adding Integrator [org.hibernate.secure.spi.JaccIntegrator].
12:23:08.967 [main] [o.h.i.i.IntegratorServiceImpl] DEBUG org.hibernate.integrator.internal.IntegratorServiceImpl - Adding Integrator [org.hibernate.cache.internal.CollectionCacheInvalidator].
12:23:08.967 [main] [o.h.i.i.IntegratorServiceImpl] DEBUG org.hibernate.integrator.internal.IntegratorServiceImpl - Adding Integrator [org.hibernate.jpa.event.spi.JpaIntegrator].
12:23:08.967 [main] [o.h.s.s.ServiceBinding] DEBUG org.hibernate.service.spi.ServiceBinding - Overriding existing service binding [org.hibernate.secure.spi.JaccService]
12:23:08.967 [main] [o.h.c.i.RegionFactoryInitiator] DEBUG org.hibernate.cache.internal.RegionFactoryInitiator - Cache region factory : org.hibernate.cache.internal.NoCachingRegionFactory
12:23:08.983 [main] [o.h.t.BasicTypeRegistry] DEBUG org.hibernate.type.BasicTypeRegistry - Adding type registration boolean -&gt; org.hibernate.type.BooleanType@48f5bde6
12:23:08.983 [main] [o.h.t.BasicTypeRegistry] DEBUG org.hibernate.type.BasicTypeRegistry - Adding type registration boolean -&gt; org.hibernate.type.BooleanType@48f5bde6
12:23:08.983 [main] [o.h.t.BasicTypeRegistry] DEBUG org.hibernate.type.BasicTypeRegistry - Adding type registration java.lang.Boolean -&gt; org.hibernate.type.BooleanType@48f5bde6
12:23:08.983 [main] [o.h.t.BasicTypeRegistry] DEBUG org.hibernate.type.BasicTypeRegistry - Adding type registration numeric_boolean -&gt; org.hibernate.type.NumericBooleanType@2ca65ce4
12:23:08.983 [main] [o.h.t.BasicTypeRegistry] DEBUG org.hibernate.type.BasicTypeRegistry - Adding type registration true_false -&gt; org.hibernate.type.TrueFalseType@2970a5bc
12:23:08.983 [main] [o.h.t.BasicTypeRegistry] DEBUG org.hibernate.type.BasicTypeRegistry - Adding type registration yes_no -&gt; org.hibernate.type.YesNoType@6d511b5f
12:23:08.983 [main] [o.h.t.BasicTypeRegistry] DEBUG org.hibernate.type.BasicTypeRegistry - Adding type registration byte -&gt; org.hibernate.type.ByteType@13579834
12:23:08.983 [main] [o.h.t.BasicTypeRegistry] DEBUG org.hibernate.type.BasicTypeRegistry - Adding type registration byte -&gt; org.hibernate.type.ByteType@13579834
12:23:08.983 [main] [o.h.t.BasicTypeRegistry] DEBUG org.hibernate.type.BasicTypeRegistry - Adding type registration java.lang.Byte -&gt; org.hibernate.type.ByteType@13579834
12:23:08.983 [main] [o.h.t.BasicTypeRegistry] DEBUG org.hibernate.type.BasicTypeRegistry - Adding type registration character -&gt; org.hibernate.type.CharacterType@70d2e40b
12:23:08.983 [main] [o.h.t.BasicTypeRegistry] DEBUG org.hibernate.type.BasicTypeRegistry - Adding type registration char -&gt; org.hibernate.type.CharacterType@70d2e40b
12:23:08.983 [main] [o.h.t.BasicTypeRegistry] DEBUG org.hibernate.type.BasicTypeRegistry - Adding type registration java.lang.Character -&gt; org.hibernate.type.CharacterType@70d2e40b
12:23:08.983 [main] [o.h.t.BasicTypeRegistry] DEBUG org.hibernate.type.BasicTypeRegistry - Adding type registration short -&gt; org.hibernate.type.ShortType@70e29e14
12:23:08.983 [main] [o.h.t.BasicTypeRegistry] DEBUG org.hibernate.type.BasicTypeRegistry - Adding type registration short -&gt; org.hibernate.type.ShortType@70e29e14
12:23:08.983 [main] [o.h.t.BasicTypeRegistry] DEBUG org.hibernate.type.BasicTypeRegistry - Adding type registration java.lang.Short -&gt; org.hibernate.type.ShortType@70e29e14
12:23:08.983 [main] [o.h.t.BasicTypeRegistry] DEBUG org.hibernate.type.BasicTypeRegistry - Adding type registration integer -&gt; org.hibernate.type.IntegerType@42a9a63e
12:23:08.983 [main] [o.h.t.BasicTypeRegistry] DEBUG org.hibernate.type.BasicTypeRegistry - Adding type registration int -&gt; org.hibernate.type.IntegerType@42a9a63e
12:23:08.983 [main] [o.h.t.BasicTypeRegistry] DEBUG org.hibernate.type.BasicTypeRegistry - Adding type registration java.lang.Integer -&gt; org.hibernate.type.IntegerType@42a9a63e
12:23:08.983 [main] [o.h.t.BasicTypeRegistry] DEBUG org.hibernate.type.BasicTypeRegistry - Adding type registration long -&gt; org.hibernate.type.LongType@6b9267b
12:23:08.983 [main] [o.h.t.BasicTypeRegistry] DEBUG org.hibernate.type.BasicTypeRegistry - Adding type registration long -&gt; org.hibernate.type.LongType@6b9267b
12:23:08.983 [main] [o.h.t.BasicTypeRegistry] DEBUG org.hibernate.type.BasicTypeRegistry - Adding type registration java.lang.Long -&gt; org.hibernate.type.LongType@6b9267b
12:23:08.983 [main] [o.h.t.BasicTypeRegistry] DEBUG org.hibernate.type.BasicTypeRegistry - Adding type registration float -&gt; org.hibernate.type.FloatType@14bb2297
12:23:08.983 [main] [o.h.t.BasicTypeRegistry] DEBUG org.hibernate.type.BasicTypeRegistry - Adding type registration float -&gt; org.hibernate.type.FloatType@14bb2297
12:23:08.983 [main] [o.h.t.BasicTypeRegistry] DEBUG org.hibernate.type.BasicTypeRegistry - Adding type registration java.lang.Float -&gt; org.hibernate.type.FloatType@14bb2297
12:23:08.983 [main] [o.h.t.BasicTypeRegistry] DEBUG org.hibernate.type.BasicTypeRegistry - Adding type registration double -&gt; org.hibernate.type.DoubleType@5bd1ceca
12:23:08.983 [main] [o.h.t.BasicTypeRegistry] DEBUG org.hibernate.type.BasicTypeRegistry - Adding type registration double -&gt; org.hibernate.type.DoubleType@5bd1ceca
12:23:08.983 [main] [o.h.t.BasicTypeRegistry] DEBUG org.hibernate.type.BasicTypeRegistry - Adding type registration java.lang.Double -&gt; org.hibernate.type.DoubleType@5bd1ceca
12:23:08.983 [main] [o.h.t.BasicTypeRegistry] DEBUG org.hibernate.type.BasicTypeRegistry - Adding type registration big_decimal -&gt; org.hibernate.type.BigDecimalType@615f972
12:23:08.983 [main] [o.h.t.BasicTypeRegistry] DEBUG org.hibernate.type.BasicTypeRegistry - Adding type registration java.math.BigDecimal -&gt; org.hibernate.type.BigDecimalType@615f972
12:23:08.983 [main] [o.h.t.BasicTypeRegistry] DEBUG org.hibernate.type.BasicTypeRegistry - Adding type registration big_integer -&gt; org.hibernate.type.BigIntegerType@48e64352
12:23:08.983 [main] [o.h.t.BasicTypeRegistry] DEBUG org.hibernate.type.BasicTypeRegistry - Adding type registration java.math.BigInteger -&gt; org.hibernate.type.BigIntegerType@48e64352
12:23:08.983 [main] [o.h.t.BasicTypeRegistry] DEBUG org.hibernate.type.BasicTypeRegistry - Adding type registration string -&gt; org.hibernate.type.StringType@200606de
12:23:08.983 [main] [o.h.t.BasicTypeRegistry] DEBUG org.hibernate.type.BasicTypeRegistry - Adding type registration java.lang.String -&gt; org.hibernate.type.StringType@200606de
12:23:08.983 [main] [o.h.t.BasicTypeRegistry] DEBUG org.hibernate.type.BasicTypeRegistry - Adding type registration nstring -&gt; org.hibernate.type.StringNVarcharType@24f43aa3
12:23:08.983 [main] [o.h.t.BasicTypeRegistry] DEBUG org.hibernate.type.BasicTypeRegistry - Adding type registration ncharacter -&gt; org.hibernate.type.CharacterNCharType@7957dc72
12:23:08.983 [main] [o.h.t.BasicTypeRegistry] DEBUG org.hibernate.type.BasicTypeRegistry - Adding type registration url -&gt; org.hibernate.type.UrlType@5be82d43
12:23:08.983 [main] [o.h.t.BasicTypeRegistry] DEBUG org.hibernate.type.BasicTypeRegistry - Adding type registration java.net.URL -&gt; org.hibernate.type.UrlType@5be82d43
12:23:08.983 [main] [o.h.t.BasicTypeRegistry] DEBUG org.hibernate.type.BasicTypeRegistry - Adding type registration Duration -&gt; org.hibernate.type.DurationType@473b3b7a
12:23:08.983 [main] [o.h.t.BasicTypeRegistry] DEBUG org.hibernate.type.BasicTypeRegistry - Adding type registration java.time.Duration -&gt; org.hibernate.type.DurationType@473b3b7a
12:23:08.983 [main] [o.h.t.BasicTypeRegistry] DEBUG org.hibernate.type.BasicTypeRegistry - Adding type registration Instant -&gt; org.hibernate.type.InstantType@47747fb9
12:23:08.983 [main] [o.h.t.BasicTypeRegistry] DEBUG org.hibernate.type.BasicTypeRegistry - Adding type registration java.time.Instant -&gt; org.hibernate.type.InstantType@47747fb9
12:23:08.983 [main] [o.h.t.BasicTypeRegistry] DEBUG org.hibernate.type.BasicTypeRegistry - Adding type registration LocalDateTime -&gt; org.hibernate.type.LocalDateTimeType@20312893
12:23:08.983 [main] [o.h.t.BasicTypeRegistry] DEBUG org.hibernate.type.BasicTypeRegistry - Adding type registration java.time.LocalDateTime -&gt; org.hibernate.type.LocalDateTimeType@20312893
12:23:08.983 [main] [o.h.t.BasicTypeRegistry] DEBUG org.hibernate.type.BasicTypeRegistry - Adding type registration LocalDate -&gt; org.hibernate.type.LocalDateType@2a551a63
12:23:08.983 [main] [o.h.t.BasicTypeRegistry] DEBUG org.hibernate.type.BasicTypeRegistry - Adding type registration java.time.LocalDate -&gt; org.hibernate.type.LocalDateType@2a551a63
12:23:08.983 [main] [o.h.t.BasicTypeRegistry] DEBUG org.hibernate.type.BasicTypeRegistry - Adding type registration LocalTime -&gt; org.hibernate.type.LocalTimeType@32f61a31
12:23:08.983 [main] [o.h.t.BasicTypeRegistry] DEBUG org.hibernate.type.BasicTypeRegistry - Adding type registration java.time.LocalTime -&gt; org.hibernate.type.LocalTimeType@32f61a31
12:23:08.983 [main] [o.h.t.BasicTypeRegistry] DEBUG org.hibernate.type.BasicTypeRegistry - Adding type registration OffsetDateTime -&gt; org.hibernate.type.OffsetDateTimeType@3dddbe65
12:23:08.983 [main] [o.h.t.BasicTypeRegistry] DEBUG org.hibernate.type.BasicTypeRegistry - Adding type registration java.time.OffsetDateTime -&gt; org.hibernate.type.OffsetDateTimeType@3dddbe65
12:23:08.983 [main] [o.h.t.BasicTypeRegistry] DEBUG org.hibernate.type.BasicTypeRegistry - Adding type registration OffsetTime -&gt; org.hibernate.type.OffsetTimeType@4d9d1b69
12:23:08.983 [main] [o.h.t.BasicTypeRegistry] DEBUG org.hibernate.type.BasicTypeRegistry - Adding type registration java.time.OffsetTime -&gt; org.hibernate.type.OffsetTimeType@4d9d1b69
12:23:08.983 [main] [o.h.t.BasicTypeRegistry] DEBUG org.hibernate.type.BasicTypeRegistry - Adding type registration ZonedDateTime -&gt; org.hibernate.type.ZonedDateTimeType@ecf9fb3
12:23:08.983 [main] [o.h.t.BasicTypeRegistry] DEBUG org.hibernate.type.BasicTypeRegistry - Adding type registration java.time.ZonedDateTime -&gt; org.hibernate.type.ZonedDateTimeType@ecf9fb3
12:23:08.983 [main] [o.h.t.BasicTypeRegistry] DEBUG org.hibernate.type.BasicTypeRegistry - Adding type registration date -&gt; org.hibernate.type.DateType@22db8f4
12:23:08.983 [main] [o.h.t.BasicTypeRegistry] DEBUG org.hibernate.type.BasicTypeRegistry - Adding type registration java.sql.Date -&gt; org.hibernate.type.DateType@22db8f4
12:23:08.983 [main] [o.h.t.BasicTypeRegistry] DEBUG org.hibernate.type.BasicTypeRegistry - Adding type registration time -&gt; org.hibernate.type.TimeType@5851bd4f
12:23:08.983 [main] [o.h.t.BasicTypeRegistry] DEBUG org.hibernate.type.BasicTypeRegistry - Adding type registration java.sql.Time -&gt; org.hibernate.type.TimeType@5851bd4f
12:23:08.983 [main] [o.h.t.BasicTypeRegistry] DEBUG org.hibernate.type.BasicTypeRegistry - Adding type registration timestamp -&gt; org.hibernate.type.TimestampType@1804f60d
12:23:08.983 [main] [o.h.t.BasicTypeRegistry] DEBUG org.hibernate.type.BasicTypeRegistry - Adding type registration java.sql.Timestamp -&gt; org.hibernate.type.TimestampType@1804f60d
12:23:08.983 [main] [o.h.t.BasicTypeRegistry] DEBUG org.hibernate.type.BasicTypeRegistry - Adding type registration java.util.Date -&gt; org.hibernate.type.TimestampType@1804f60d
12:23:08.983 [main] [o.h.t.BasicTypeRegistry] DEBUG org.hibernate.type.BasicTypeRegistry - Adding type registration dbtimestamp -&gt; org.hibernate.type.DbTimestampType@1c807b1d
12:23:08.983 [main] [o.h.t.BasicTypeRegistry] DEBUG org.hibernate.type.BasicTypeRegistry - Adding type registration calendar -&gt; org.hibernate.type.CalendarType@588ab592
12:23:08.983 [main] [o.h.t.BasicTypeRegistry] DEBUG org.hibernate.type.BasicTypeRegistry - Adding type registration java.util.Calendar -&gt; org.hibernate.type.CalendarType@588ab592
12:23:08.983 [main] [o.h.t.BasicTypeRegistry] DEBUG org.hibernate.type.BasicTypeRegistry - Adding type registration java.util.GregorianCalendar -&gt; org.hibernate.type.CalendarType@588ab592
12:23:08.983 [main] [o.h.t.BasicTypeRegistry] DEBUG org.hibernate.type.BasicTypeRegistry - Adding type registration calendar_date -&gt; org.hibernate.type.CalendarDateType@2d8f2f3a
12:23:08.983 [main] [o.h.t.BasicTypeRegistry] DEBUG org.hibernate.type.BasicTypeRegistry - Adding type registration locale -&gt; org.hibernate.type.LocaleType@5949eba8
12:23:08.983 [main] [o.h.t.BasicTypeRegistry] DEBUG org.hibernate.type.BasicTypeRegistry - Adding type registration java.util.Locale -&gt; org.hibernate.type.LocaleType@5949eba8
12:23:08.983 [main] [o.h.t.BasicTypeRegistry] DEBUG org.hibernate.type.BasicTypeRegistry - Adding type registration currency -&gt; org.hibernate.type.CurrencyType@2d0566ba
12:23:08.983 [main] [o.h.t.BasicTypeRegistry] DEBUG org.hibernate.type.BasicTypeRegistry - Adding type registration java.util.Currency -&gt; org.hibernate.type.CurrencyType@2d0566ba
12:23:08.983 [main] [o.h.t.BasicTypeRegistry] DEBUG org.hibernate.type.BasicTypeRegistry - Adding type registration timezone -&gt; org.hibernate.type.TimeZoneType@1cfd1875
12:23:08.983 [main] [o.h.t.BasicTypeRegistry] DEBUG org.hibernate.type.BasicTypeRegistry - Adding type registration java.util.TimeZone -&gt; org.hibernate.type.TimeZoneType@1cfd1875
12:23:08.983 [main] [o.h.t.BasicTypeRegistry] DEBUG org.hibernate.type.BasicTypeRegistry - Adding type registration class -&gt; org.hibernate.type.ClassType@436390f4
12:23:08.983 [main] [o.h.t.BasicTypeRegistry] DEBUG org.hibernate.type.BasicTypeRegistry - Adding type registration java.lang.Class -&gt; org.hibernate.type.ClassType@436390f4
12:23:08.983 [main] [o.h.t.BasicTypeRegistry] DEBUG org.hibernate.type.BasicTypeRegistry - Adding type registration uuid-binary -&gt; org.hibernate.type.UUIDBinaryType@3c8bdd5b
12:23:08.983 [main] [o.h.t.BasicTypeRegistry] DEBUG org.hibernate.type.BasicTypeRegistry - Adding type registration java.util.UUID -&gt; org.hibernate.type.UUIDBinaryType@3c8bdd5b
12:23:08.983 [main] [o.h.t.BasicTypeRegistry] DEBUG org.hibernate.type.BasicTypeRegistry - Adding type registration uuid-char -&gt; org.hibernate.type.UUIDCharType@58783f6c
12:23:08.983 [main] [o.h.t.BasicTypeRegistry] DEBUG org.hibernate.type.BasicTypeRegistry - Adding type registration binary -&gt; org.hibernate.type.BinaryType@1bc53649
12:23:08.983 [main] [o.h.t.BasicTypeRegistry] DEBUG org.hibernate.type.BasicTypeRegistry - Adding type registration byte[] -&gt; org.hibernate.type.BinaryType@1bc53649
12:23:08.983 [main] [o.h.t.BasicTypeRegistry] DEBUG org.hibernate.type.BasicTypeRegistry - Adding type registration [B -&gt; org.hibernate.type.BinaryType@1bc53649
12:23:08.983 [main] [o.h.t.BasicTypeRegistry] DEBUG org.hibernate.type.BasicTypeRegistry - Adding type registration wrapper-binary -&gt; org.hibernate.type.WrapperBinaryType@160c3ec1
12:23:08.983 [main] [o.h.t.BasicTypeRegistry] DEBUG org.hibernate.type.BasicTypeRegistry - Adding type registration Byte[] -&gt; org.hibernate.type.WrapperBinaryType@160c3ec1
12:23:08.983 [main] [o.h.t.BasicTypeRegistry] DEBUG org.hibernate.type.BasicTypeRegistry - Adding type registration [Ljava.lang.Byte; -&gt; org.hibernate.type.WrapperBinaryType@160c3ec1
12:23:08.983 [main] [o.h.t.BasicTypeRegistry] DEBUG org.hibernate.type.BasicTypeRegistry - Adding type registration row_version -&gt; org.hibernate.type.RowVersionType@3704122f
12:23:08.983 [main] [o.h.t.BasicTypeRegistry] DEBUG org.hibernate.type.BasicTypeRegistry - Adding type registration image -&gt; org.hibernate.type.ImageType@10b3df93
12:23:08.983 [main] [o.h.t.BasicTypeRegistry] DEBUG org.hibernate.type.BasicTypeRegistry - Adding type registration characters -&gt; org.hibernate.type.CharArrayType@1dfd5f51
12:23:08.983 [main] [o.h.t.BasicTypeRegistry] DEBUG org.hibernate.type.BasicTypeRegistry - Adding type registration char[] -&gt; org.hibernate.type.CharArrayType@1dfd5f51
12:23:08.983 [main] [o.h.t.BasicTypeRegistry] DEBUG org.hibernate.type.BasicTypeRegistry - Adding type registration [C -&gt; org.hibernate.type.CharArrayType@1dfd5f51
12:23:08.983 [main] [o.h.t.BasicTypeRegistry] DEBUG org.hibernate.type.BasicTypeRegistry - Adding type registration wrapper-characters -&gt; org.hibernate.type.CharacterArrayType@610db97e
12:23:08.983 [main] [o.h.t.BasicTypeRegistry] DEBUG org.hibernate.type.BasicTypeRegistry - Adding type registration [Ljava.lang.Character; -&gt; org.hibernate.type.CharacterArrayType@610db97e
12:23:08.983 [main] [o.h.t.BasicTypeRegistry] DEBUG org.hibernate.type.BasicTypeRegistry - Adding type registration Character[] -&gt; org.hibernate.type.CharacterArrayType@610db97e
12:23:08.983 [main] [o.h.t.BasicTypeRegistry] DEBUG org.hibernate.type.BasicTypeRegistry - Adding type registration text -&gt; org.hibernate.type.TextType@4ced35ed
12:23:08.983 [main] [o.h.t.BasicTypeRegistry] DEBUG org.hibernate.type.BasicTypeRegistry - Adding type registration ntext -&gt; org.hibernate.type.NTextType@6831d8fd
12:23:08.983 [main] [o.h.t.BasicTypeRegistry] DEBUG org.hibernate.type.BasicTypeRegistry - Adding type registration blob -&gt; org.hibernate.type.BlobType@4acf72b6
12:23:08.983 [main] [o.h.t.BasicTypeRegistry] DEBUG org.hibernate.type.BasicTypeRegistry - Adding type registration java.sql.Blob -&gt; org.hibernate.type.BlobType@4acf72b6
12:23:08.983 [main] [o.h.t.BasicTypeRegistry] DEBUG org.hibernate.type.BasicTypeRegistry - Adding type registration materialized_blob -&gt; org.hibernate.type.MaterializedBlobType@24b52d3e
12:23:08.983 [main] [o.h.t.BasicTypeRegistry] DEBUG org.hibernate.type.BasicTypeRegistry - Adding type registration clob -&gt; org.hibernate.type.ClobType@4b770e40
12:23:08.983 [main] [o.h.t.BasicTypeRegistry] DEBUG org.hibernate.type.BasicTypeRegistry - Adding type registration java.sql.Clob -&gt; org.hibernate.type.ClobType@4b770e40
12:23:08.983 [main] [o.h.t.BasicTypeRegistry] DEBUG org.hibernate.type.BasicTypeRegistry - Adding type registration nclob -&gt; org.hibernate.type.NClobType@4102b1b1
12:23:08.983 [main] [o.h.t.BasicTypeRegistry] DEBUG org.hibernate.type.BasicTypeRegistry - Adding type registration java.sql.NClob -&gt; org.hibernate.type.NClobType@4102b1b1
12:23:08.983 [main] [o.h.t.BasicTypeRegistry] DEBUG org.hibernate.type.BasicTypeRegistry - Adding type registration materialized_clob -&gt; org.hibernate.type.MaterializedClobType@5b69fd74
12:23:08.983 [main] [o.h.t.BasicTypeRegistry] DEBUG org.hibernate.type.BasicTypeRegistry - Adding type registration materialized_nclob -&gt; org.hibernate.type.MaterializedNClobType@77b325b3
12:23:08.983 [main] [o.h.t.BasicTypeRegistry] DEBUG org.hibernate.type.BasicTypeRegistry - Adding type registration serializable -&gt; org.hibernate.type.SerializableType@51abf713
12:23:08.983 [main] [o.h.t.BasicTypeRegistry] DEBUG org.hibernate.type.BasicTypeRegistry - Adding type registration object -&gt; org.hibernate.type.ObjectType@308a6984
12:23:08.983 [main] [o.h.t.BasicTypeRegistry] DEBUG org.hibernate.type.BasicTypeRegistry - Adding type registration java.lang.Object -&gt; org.hibernate.type.ObjectType@308a6984
12:23:08.983 [main] [o.h.t.BasicTypeRegistry] DEBUG org.hibernate.type.BasicTypeRegistry - Adding type registration imm_date -&gt; org.hibernate.type.AdaptedImmutableType@748ac6f3
12:23:08.983 [main] [o.h.t.BasicTypeRegistry] DEBUG org.hibernate.type.BasicTypeRegistry - Adding type registration imm_time -&gt; org.hibernate.type.AdaptedImmutableType@68f6e55d
12:23:08.983 [main] [o.h.t.BasicTypeRegistry] DEBUG org.hibernate.type.BasicTypeRegistry - Adding type registration imm_timestamp -&gt; org.hibernate.type.AdaptedImmutableType@6fff46bf
12:23:08.983 [main] [o.h.t.BasicTypeRegistry] DEBUG org.hibernate.type.BasicTypeRegistry - Adding type registration imm_dbtimestamp -&gt; org.hibernate.type.AdaptedImmutableType@1835dc92
12:23:08.983 [main] [o.h.t.BasicTypeRegistry] DEBUG org.hibernate.type.BasicTypeRegistry - Adding type registration imm_calendar -&gt; org.hibernate.type.AdaptedImmutableType@3aaa3c39
12:23:08.983 [main] [o.h.t.BasicTypeRegistry] DEBUG org.hibernate.type.BasicTypeRegistry - Adding type registration imm_calendar_date -&gt; org.hibernate.type.AdaptedImmutableType@65a9ea3c
12:23:08.983 [main] [o.h.t.BasicTypeRegistry] DEBUG org.hibernate.type.BasicTypeRegistry - Adding type registration imm_binary -&gt; org.hibernate.type.AdaptedImmutableType@70f68288
12:23:08.983 [main] [o.h.t.BasicTypeRegistry] DEBUG org.hibernate.type.BasicTypeRegistry - Adding type registration imm_serializable -&gt; org.hibernate.type.AdaptedImmutableType@46911148
12:23:08.983 [main] [o.s.j.d.DriverManagerDataSource] DEBUG org.springframework.jdbc.datasource.DriverManagerDataSource - Creating new JDBC DriverManager Connection to [jdbc:hsqldb:file:C:\Users\3moulj69\AppData\Local\Temp\/hsqldb/productDb;shutdown=true]
12:23:09.030 [main] [o.h.e.j.e.i.JdbcEnvironmentInitiator] DEBUG org.hibernate.engine.jdbc.env.internal.JdbcEnvironmentInitiator - Database -&gt;
       name : HSQL Database Engine
    version : 2.2.4
      major : 2
      minor : 2
12:23:09.030 [main] [o.h.e.j.e.i.JdbcEnvironmentInitiator] DEBUG org.hibernate.engine.jdbc.env.internal.JdbcEnvironmentInitiator - Driver -&gt;
       name : HSQL Database Engine Driver
    version : 2.2.4
      major : 2
      minor : 2
12:23:09.030 [main] [o.h.e.j.e.i.JdbcEnvironmentInitiator] DEBUG org.hibernate.engine.jdbc.env.internal.JdbcEnvironmentInitiator - JDBC version : 4.0
12:23:09.030 [main] [o.h.d.Dialect] INFO  org.hibernate.dialect.Dialect - HHH000400: Using dialect: org.hibernate.dialect.HSQLDialect
12:23:09.030 [main] [o.h.e.j.e.s.IdentifierHelperBuilder] DEBUG org.hibernate.engine.jdbc.env.spi.IdentifierHelperBuilder - JDBC driver metadata reported database stores quoted identifiers in neither upper, lower nor mixed case
12:23:09.155 [main] [o.h.i.f.i.DefaultIdentifierGeneratorFactory] DEBUG org.hibernate.id.factory.internal.DefaultIdentifierGeneratorFactory - Registering IdentifierGenerator strategy [uuid2] -&gt; [org.hibernate.id.UUIDGenerator]
12:23:09.155 [main] [o.h.i.f.i.DefaultIdentifierGeneratorFactory] DEBUG org.hibernate.id.factory.internal.DefaultIdentifierGeneratorFactory - Registering IdentifierGenerator strategy [guid] -&gt; [org.hibernate.id.GUIDGenerator]
12:23:09.155 [main] [o.h.i.f.i.DefaultIdentifierGeneratorFactory] DEBUG org.hibernate.id.factory.internal.DefaultIdentifierGeneratorFactory - Registering IdentifierGenerator strategy [uuid] -&gt; [org.hibernate.id.UUIDHexGenerator]
12:23:09.155 [main] [o.h.i.f.i.DefaultIdentifierGeneratorFactory] DEBUG org.hibernate.id.factory.internal.DefaultIdentifierGeneratorFactory - Registering IdentifierGenerator strategy [uuid.hex] -&gt; [org.hibernate.id.UUIDHexGenerator]
12:23:09.155 [main] [o.h.i.f.i.DefaultIdentifierGeneratorFactory] DEBUG org.hibernate.id.factory.internal.DefaultIdentifierGeneratorFactory - Registering IdentifierGenerator strategy [assigned] -&gt; [org.hibernate.id.Assigned]
12:23:09.155 [main] [o.h.i.f.i.DefaultIdentifierGeneratorFactory] DEBUG org.hibernate.id.factory.internal.DefaultIdentifierGeneratorFactory - Registering IdentifierGenerator strategy [identity] -&gt; [org.hibernate.id.IdentityGenerator]
12:23:09.155 [main] [o.h.i.f.i.DefaultIdentifierGeneratorFactory] DEBUG org.hibernate.id.factory.internal.DefaultIdentifierGeneratorFactory - Registering IdentifierGenerator strategy [select] -&gt; [org.hibernate.id.SelectGenerator]
12:23:09.155 [main] [o.h.i.f.i.DefaultIdentifierGeneratorFactory] DEBUG org.hibernate.id.factory.internal.DefaultIdentifierGeneratorFactory - Registering IdentifierGenerator strategy [sequence] -&gt; [org.hibernate.id.enhanced.SequenceStyleGenerator]
12:23:09.155 [main] [o.h.i.f.i.DefaultIdentifierGeneratorFactory] DEBUG org.hibernate.id.factory.internal.DefaultIdentifierGeneratorFactory - Registering IdentifierGenerator strategy [seqhilo] -&gt; [org.hibernate.id.SequenceHiLoGenerator]
12:23:09.155 [main] [o.h.i.f.i.DefaultIdentifierGeneratorFactory] DEBUG org.hibernate.id.factory.internal.DefaultIdentifierGeneratorFactory - Registering IdentifierGenerator strategy [increment] -&gt; [org.hibernate.id.IncrementGenerator]
12:23:09.155 [main] [o.h.i.f.i.DefaultIdentifierGeneratorFactory] DEBUG org.hibernate.id.factory.internal.DefaultIdentifierGeneratorFactory - Registering IdentifierGenerator strategy [foreign] -&gt; [org.hibernate.id.ForeignGenerator]
12:23:09.155 [main] [o.h.i.f.i.DefaultIdentifierGeneratorFactory] DEBUG org.hibernate.id.factory.internal.DefaultIdentifierGeneratorFactory - Registering IdentifierGenerator strategy [sequence-identity] -&gt; [org.hibernate.id.SequenceIdentityGenerator]
12:23:09.155 [main] [o.h.i.f.i.DefaultIdentifierGeneratorFactory] DEBUG org.hibernate.id.factory.internal.DefaultIdentifierGeneratorFactory - Registering IdentifierGenerator strategy [enhanced-sequence] -&gt; [org.hibernate.id.enhanced.SequenceStyleGenerator]
12:23:09.155 [main] [o.h.i.f.i.DefaultIdentifierGeneratorFactory] DEBUG org.hibernate.id.factory.internal.DefaultIdentifierGeneratorFactory - Registering IdentifierGenerator strategy [enhanced-table] -&gt; [org.hibernate.id.enhanced.TableGenerator]
12:23:09.155 [main] [o.h.b.m.r.Namespace] DEBUG org.hibernate.boot.model.relational.Namespace - Created database namespace [logicalName=Name{catalog=null, schema=null}, physicalName=Name{catalog=null, schema=null}]
12:23:09.155 [main] [o.h.c.AnnotationBinder] DEBUG org.hibernate.cfg.AnnotationBinder - Binding entity from annotated class: org.solent.com504.project.model.bid.dto.Bid
12:23:09.155 [main] [o.h.c.Ejb3Column] DEBUG org.hibernate.cfg.Ejb3Column - Binding column: Ejb3DiscriminatorColumn{logicalColumnName&apos;DTYPE&apos;, discriminatorTypeName=&apos;string&apos;}
12:23:09.155 [main] [o.h.c.a.EntityBinder] DEBUG org.hibernate.cfg.annotations.EntityBinder - Import with entity name Bid
12:23:09.155 [main] [o.h.c.a.EntityBinder] DEBUG org.hibernate.cfg.annotations.EntityBinder - Bind entity org.solent.com504.project.model.bid.dto.Bid on table Bid
12:23:09.155 [main] [o.h.c.Ejb3Column] DEBUG org.hibernate.cfg.Ejb3Column - Binding column: Ejb3Column{table=org.hibernate.mapping.Table(Bid), mappingColumn=id, insertable=true, updatable=true, unique=false}
12:23:09.155 [main] [o.h.c.a.PropertyBinder] DEBUG org.hibernate.cfg.annotations.PropertyBinder - MetadataSourceProcessor property id with lazy=false
12:23:09.155 [main] [o.h.c.AbstractPropertyHolder] DEBUG org.hibernate.cfg.AbstractPropertyHolder - Attempting to locate auto-apply AttributeConverter for property [org.solent.com504.project.model.bid.dto.Bid:id]
12:23:09.155 [main] [o.h.c.a.SimpleValueBinder] DEBUG org.hibernate.cfg.annotations.SimpleValueBinder - building SimpleValue for id
12:23:09.155 [main] [o.h.c.a.PropertyBinder] DEBUG org.hibernate.cfg.annotations.PropertyBinder - Building property id
12:23:09.155 [main] [o.h.c.Ejb3Column] DEBUG org.hibernate.cfg.Ejb3Column - Binding column: Ejb3JoinColumn{logicalColumnName=&apos;null&apos;, referencedColumn=&apos;null&apos;, mappedBy=&apos;null&apos;}
12:23:09.155 [main] [o.h.c.Ejb3Column] DEBUG org.hibernate.cfg.Ejb3Column - Binding column: Ejb3Column{table=org.hibernate.mapping.Table(Bid), mappingColumn=lot, insertable=true, updatable=true, unique=false}
12:23:09.155 [main] [o.h.c.a.PropertyBinder] DEBUG org.hibernate.cfg.annotations.PropertyBinder - Building property lot
12:23:09.155 [main] [o.h.c.Ejb3Column] DEBUG org.hibernate.cfg.Ejb3Column - Binding column: Ejb3Column{table=org.hibernate.mapping.Table(Bid), mappingColumn=partyId, insertable=true, updatable=true, unique=false}
12:23:09.155 [main] [o.h.c.a.PropertyBinder] DEBUG org.hibernate.cfg.annotations.PropertyBinder - MetadataSourceProcessor property partyId with lazy=false
12:23:09.155 [main] [o.h.c.AbstractPropertyHolder] DEBUG org.hibernate.cfg.AbstractPropertyHolder - Attempting to locate auto-apply AttributeConverter for property [org.solent.com504.project.model.bid.dto.Bid:partyId]
12:23:09.155 [main] [o.h.c.a.SimpleValueBinder] DEBUG org.hibernate.cfg.annotations.SimpleValueBinder - building SimpleValue for partyId
12:23:09.155 [main] [o.h.c.a.PropertyBinder] DEBUG org.hibernate.cfg.annotations.PropertyBinder - Building property partyId
12:23:09.155 [main] [o.h.c.Ejb3Column] DEBUG org.hibernate.cfg.Ejb3Column - Binding column: Ejb3Column{table=org.hibernate.mapping.Table(Bid), mappingColumn=timeStamp, insertable=true, updatable=true, unique=false}
12:23:09.155 [main] [o.h.c.a.PropertyBinder] DEBUG org.hibernate.cfg.annotations.PropertyBinder - MetadataSourceProcessor property timeStamp with lazy=false
12:23:09.155 [main] [o.h.c.AbstractPropertyHolder] DEBUG org.hibernate.cfg.AbstractPropertyHolder - Attempting to locate auto-apply AttributeConverter for property [org.solent.com504.project.model.bid.dto.Bid:timeStamp]
12:23:09.155 [main] [o.h.c.a.SimpleValueBinder] DEBUG org.hibernate.cfg.annotations.SimpleValueBinder - building SimpleValue for timeStamp
12:23:09.155 [main] [o.h.c.a.PropertyBinder] DEBUG org.hibernate.cfg.annotations.PropertyBinder - Building property timeStamp
12:23:09.155 [main] [o.h.c.Ejb3Column] DEBUG org.hibernate.cfg.Ejb3Column - Binding column: Ejb3Column{table=org.hibernate.mapping.Table(Bid), mappingColumn=value, insertable=true, updatable=true, unique=false}
12:23:09.155 [main] [o.h.c.a.PropertyBinder] DEBUG org.hibernate.cfg.annotations.PropertyBinder - MetadataSourceProcessor property value with lazy=false
12:23:09.155 [main] [o.h.c.AbstractPropertyHolder] DEBUG org.hibernate.cfg.AbstractPropertyHolder - Attempting to locate auto-apply AttributeConverter for property [org.solent.com504.project.model.bid.dto.Bid:value]
12:23:09.155 [main] [o.h.c.a.SimpleValueBinder] DEBUG org.hibernate.cfg.annotations.SimpleValueBinder - building SimpleValue for value
12:23:09.155 [main] [o.h.c.a.PropertyBinder] DEBUG org.hibernate.cfg.annotations.PropertyBinder - Building property value
12:23:09.155 [main] [o.h.c.AnnotationBinder] DEBUG org.hibernate.cfg.AnnotationBinder - Binding entity from annotated class: org.solent.com504.project.model.user.dto.Role
12:23:09.155 [main] [o.h.c.Ejb3Column] DEBUG org.hibernate.cfg.Ejb3Column - Binding column: Ejb3DiscriminatorColumn{logicalColumnName&apos;DTYPE&apos;, discriminatorTypeName=&apos;string&apos;}
12:23:09.155 [main] [o.h.c.a.EntityBinder] DEBUG org.hibernate.cfg.annotations.EntityBinder - Import with entity name Role
12:23:09.170 [main] [o.h.c.a.EntityBinder] DEBUG org.hibernate.cfg.annotations.EntityBinder - Bind entity org.solent.com504.project.model.user.dto.Role on table role
12:23:09.170 [main] [o.h.c.Ejb3Column] DEBUG org.hibernate.cfg.Ejb3Column - Binding column: Ejb3Column{table=org.hibernate.mapping.Table(role), mappingColumn=id, insertable=true, updatable=true, unique=false}
12:23:09.170 [main] [o.h.c.a.PropertyBinder] DEBUG org.hibernate.cfg.annotations.PropertyBinder - MetadataSourceProcessor property id with lazy=false
12:23:09.170 [main] [o.h.c.AbstractPropertyHolder] DEBUG org.hibernate.cfg.AbstractPropertyHolder - Attempting to locate auto-apply AttributeConverter for property [org.solent.com504.project.model.user.dto.Role:id]
12:23:09.170 [main] [o.h.c.a.SimpleValueBinder] DEBUG org.hibernate.cfg.annotations.SimpleValueBinder - building SimpleValue for id
12:23:09.170 [main] [o.h.c.a.PropertyBinder] DEBUG org.hibernate.cfg.annotations.PropertyBinder - Building property id
12:23:09.170 [main] [o.h.c.Ejb3Column] DEBUG org.hibernate.cfg.Ejb3Column - Binding column: Ejb3Column{table=org.hibernate.mapping.Table(role), mappingColumn=name, insertable=true, updatable=true, unique=false}
12:23:09.170 [main] [o.h.c.a.PropertyBinder] DEBUG org.hibernate.cfg.annotations.PropertyBinder - MetadataSourceProcessor property name with lazy=false
12:23:09.170 [main] [o.h.c.AbstractPropertyHolder] DEBUG org.hibernate.cfg.AbstractPropertyHolder - Attempting to locate auto-apply AttributeConverter for property [org.solent.com504.project.model.user.dto.Role:name]
12:23:09.170 [main] [o.h.c.a.SimpleValueBinder] DEBUG org.hibernate.cfg.annotations.SimpleValueBinder - building SimpleValue for name
12:23:09.170 [main] [o.h.c.a.PropertyBinder] DEBUG org.hibernate.cfg.annotations.PropertyBinder - Building property name
12:23:09.170 [main] [o.h.c.Ejb3Column] DEBUG org.hibernate.cfg.Ejb3Column - Binding column: Ejb3Column{table=org.hibernate.mapping.Table(role), mappingColumn=null, insertable=true, updatable=true, unique=false}
12:23:09.170 [main] [o.h.c.Ejb3Column] DEBUG org.hibernate.cfg.Ejb3Column - Binding column: Ejb3Column{table=org.hibernate.mapping.Table(role), mappingColumn=element, insertable=true, updatable=true, unique=false}
12:23:09.170 [main] [o.h.c.Ejb3Column] DEBUG org.hibernate.cfg.Ejb3Column - Binding column: Ejb3Column{table=org.hibernate.mapping.Table(role), mappingColumn=users_KEY, insertable=true, updatable=true, unique=false}
12:23:09.170 [main] [o.h.c.Ejb3Column] DEBUG org.hibernate.cfg.Ejb3Column - Binding column: Ejb3JoinColumn{logicalColumnName=&apos;users_KEY&apos;, referencedColumn=&apos;null&apos;, mappedBy=&apos;null&apos;}
12:23:09.170 [main] [o.h.c.Ejb3Column] DEBUG org.hibernate.cfg.Ejb3Column - Binding column: Ejb3JoinColumn{logicalColumnName=&apos;null&apos;, referencedColumn=&apos;null&apos;, mappedBy=&apos;roles&apos;}
12:23:09.170 [main] [o.h.c.Ejb3Column] DEBUG org.hibernate.cfg.Ejb3Column - Binding column: Ejb3JoinColumn{logicalColumnName=&apos;null&apos;, referencedColumn=&apos;null&apos;, mappedBy=&apos;roles&apos;}
12:23:09.170 [main] [o.h.c.a.CollectionBinder] DEBUG org.hibernate.cfg.annotations.CollectionBinder - Collection role: org.solent.com504.project.model.user.dto.Role.users
12:23:09.170 [main] [o.h.c.a.PropertyBinder] DEBUG org.hibernate.cfg.annotations.PropertyBinder - Building property users
12:23:09.170 [main] [o.h.c.AnnotationBinder] DEBUG org.hibernate.cfg.AnnotationBinder - Binding entity from annotated class: org.solent.com504.project.model.auction.dto.Auction
12:23:09.170 [main] [o.h.c.Ejb3Column] DEBUG org.hibernate.cfg.Ejb3Column - Binding column: Ejb3DiscriminatorColumn{logicalColumnName&apos;DTYPE&apos;, discriminatorTypeName=&apos;string&apos;}
12:23:09.170 [main] [o.h.c.a.EntityBinder] DEBUG org.hibernate.cfg.annotations.EntityBinder - Import with entity name Auction
12:23:09.170 [main] [o.h.c.a.EntityBinder] DEBUG org.hibernate.cfg.annotations.EntityBinder - Bind entity org.solent.com504.project.model.auction.dto.Auction on table Auction
12:23:09.170 [main] [o.h.c.Ejb3Column] DEBUG org.hibernate.cfg.Ejb3Column - Binding column: Ejb3Column{table=org.hibernate.mapping.Table(Auction), mappingColumn=id, insertable=true, updatable=true, unique=false}
12:23:09.170 [main] [o.h.c.a.PropertyBinder] DEBUG org.hibernate.cfg.annotations.PropertyBinder - MetadataSourceProcessor property id with lazy=false
12:23:09.170 [main] [o.h.c.AbstractPropertyHolder] DEBUG org.hibernate.cfg.AbstractPropertyHolder - Attempting to locate auto-apply AttributeConverter for property [org.solent.com504.project.model.auction.dto.Auction:id]
12:23:09.170 [main] [o.h.c.a.SimpleValueBinder] DEBUG org.hibernate.cfg.annotations.SimpleValueBinder - building SimpleValue for id
12:23:09.170 [main] [o.h.c.a.PropertyBinder] DEBUG org.hibernate.cfg.annotations.PropertyBinder - Building property id
12:23:09.170 [main] [o.h.c.Ejb3Column] DEBUG org.hibernate.cfg.Ejb3Column - Binding column: Ejb3Column{table=org.hibernate.mapping.Table(Auction), mappingColumn=auctionType, insertable=true, updatable=true, unique=false}
12:23:09.170 [main] [o.h.c.a.PropertyBinder] DEBUG org.hibernate.cfg.annotations.PropertyBinder - MetadataSourceProcessor property auctionType with lazy=false
12:23:09.170 [main] [o.h.c.AbstractPropertyHolder] DEBUG org.hibernate.cfg.AbstractPropertyHolder - Attempting to locate auto-apply AttributeConverter for property [org.solent.com504.project.model.auction.dto.Auction:auctionType]
12:23:09.170 [main] [o.h.c.a.SimpleValueBinder] DEBUG org.hibernate.cfg.annotations.SimpleValueBinder - building SimpleValue for auctionType
12:23:09.170 [main] [o.h.c.a.PropertyBinder] DEBUG org.hibernate.cfg.annotations.PropertyBinder - Building property auctionType
12:23:09.170 [main] [o.h.c.Ejb3Column] DEBUG org.hibernate.cfg.Ejb3Column - Binding column: Ejb3JoinColumn{logicalColumnName=&apos;null&apos;, referencedColumn=&apos;null&apos;, mappedBy=&apos;&apos;}
12:23:09.170 [main] [o.h.c.Ejb3Column] DEBUG org.hibernate.cfg.Ejb3Column - Binding column: Ejb3Column{table=org.hibernate.mapping.Table(Auction), mappingColumn=lots, insertable=true, updatable=true, unique=false}
12:23:09.170 [main] [o.h.c.Ejb3Column] DEBUG org.hibernate.cfg.Ejb3Column - Binding column: Ejb3Column{table=org.hibernate.mapping.Table(Auction), mappingColumn=null, insertable=true, updatable=true, unique=false}
12:23:09.170 [main] [o.h.c.Ejb3Column] DEBUG org.hibernate.cfg.Ejb3Column - Binding column: Ejb3Column{table=org.hibernate.mapping.Table(Auction), mappingColumn=element, insertable=true, updatable=true, unique=false}
12:23:09.170 [main] [o.h.c.Ejb3Column] DEBUG org.hibernate.cfg.Ejb3Column - Binding column: Ejb3Column{table=org.hibernate.mapping.Table(Auction), mappingColumn=lots_KEY, insertable=true, updatable=true, unique=false}
12:23:09.170 [main] [o.h.c.Ejb3Column] DEBUG org.hibernate.cfg.Ejb3Column - Binding column: Ejb3JoinColumn{logicalColumnName=&apos;lots_KEY&apos;, referencedColumn=&apos;null&apos;, mappedBy=&apos;null&apos;}
12:23:09.170 [main] [o.h.c.Ejb3Column] DEBUG org.hibernate.cfg.Ejb3Column - Binding column: Ejb3JoinColumn{logicalColumnName=&apos;null&apos;, referencedColumn=&apos;null&apos;, mappedBy=&apos;&apos;}
12:23:09.170 [main] [o.h.c.Ejb3Column] DEBUG org.hibernate.cfg.Ejb3Column - Binding column: Ejb3JoinColumn{logicalColumnName=&apos;null&apos;, referencedColumn=&apos;null&apos;, mappedBy=&apos;&apos;}
12:23:09.170 [main] [o.h.c.a.CollectionBinder] DEBUG org.hibernate.cfg.annotations.CollectionBinder - Collection role: org.solent.com504.project.model.auction.dto.Auction.lots
12:23:09.170 [main] [o.h.c.a.PropertyBinder] DEBUG org.hibernate.cfg.annotations.PropertyBinder - Building property lots
12:23:09.202 [main] [o.h.c.Ejb3Column] DEBUG org.hibernate.cfg.Ejb3Column - Binding column: Ejb3Column{table=org.hibernate.mapping.Table(Auction), mappingColumn=startTime, insertable=true, updatable=true, unique=false}
12:23:09.202 [main] [o.h.c.a.PropertyBinder] DEBUG org.hibernate.cfg.annotations.PropertyBinder - MetadataSourceProcessor property startTime with lazy=false
12:23:09.202 [main] [o.h.c.AbstractPropertyHolder] DEBUG org.hibernate.cfg.AbstractPropertyHolder - Attempting to locate auto-apply AttributeConverter for property [org.solent.com504.project.model.auction.dto.Auction:startTime]
12:23:09.202 [main] [o.h.c.a.SimpleValueBinder] DEBUG org.hibernate.cfg.annotations.SimpleValueBinder - building SimpleValue for startTime
12:23:09.202 [main] [o.h.c.a.PropertyBinder] DEBUG org.hibernate.cfg.annotations.PropertyBinder - Building property startTime
12:23:09.202 [main] [o.h.c.Ejb3Column] DEBUG org.hibernate.cfg.Ejb3Column - Binding column: Ejb3Column{table=org.hibernate.mapping.Table(Auction), mappingColumn=type, insertable=true, updatable=true, unique=false}
12:23:09.202 [main] [o.h.c.a.PropertyBinder] DEBUG org.hibernate.cfg.annotations.PropertyBinder - MetadataSourceProcessor property type with lazy=false
12:23:09.202 [main] [o.h.c.AbstractPropertyHolder] DEBUG org.hibernate.cfg.AbstractPropertyHolder - Attempting to locate auto-apply AttributeConverter for property [org.solent.com504.project.model.auction.dto.Auction:type]
12:23:09.202 [main] [o.h.c.a.SimpleValueBinder] DEBUG org.hibernate.cfg.annotations.SimpleValueBinder - building SimpleValue for type
12:23:09.202 [main] [o.h.c.a.PropertyBinder] DEBUG org.hibernate.cfg.annotations.PropertyBinder - Building property type
12:23:09.202 [main] [o.h.c.AnnotationBinder] DEBUG org.hibernate.cfg.AnnotationBinder - Binding entity from annotated class: org.solent.com504.project.model.lot.dto.Lot
12:23:09.202 [main] [o.h.c.Ejb3Column] DEBUG org.hibernate.cfg.Ejb3Column - Binding column: Ejb3DiscriminatorColumn{logicalColumnName&apos;DTYPE&apos;, discriminatorTypeName=&apos;string&apos;}
12:23:09.202 [main] [o.h.c.a.EntityBinder] DEBUG org.hibernate.cfg.annotations.EntityBinder - Import with entity name Lot
12:23:09.202 [main] [o.h.c.a.EntityBinder] DEBUG org.hibernate.cfg.annotations.EntityBinder - Bind entity org.solent.com504.project.model.lot.dto.Lot on table Lot
12:23:09.202 [main] [o.h.c.Ejb3Column] DEBUG org.hibernate.cfg.Ejb3Column - Binding column: Ejb3Column{table=org.hibernate.mapping.Table(Lot), mappingColumn=id, insertable=true, updatable=true, unique=false}
12:23:09.202 [main] [o.h.c.a.PropertyBinder] DEBUG org.hibernate.cfg.annotations.PropertyBinder - MetadataSourceProcessor property id with lazy=false
12:23:09.202 [main] [o.h.c.AbstractPropertyHolder] DEBUG org.hibernate.cfg.AbstractPropertyHolder - Attempting to locate auto-apply AttributeConverter for property [org.solent.com504.project.model.lot.dto.Lot:id]
12:23:09.202 [main] [o.h.c.a.SimpleValueBinder] DEBUG org.hibernate.cfg.annotations.SimpleValueBinder - building SimpleValue for id
12:23:09.202 [main] [o.h.c.a.PropertyBinder] DEBUG org.hibernate.cfg.annotations.PropertyBinder - Building property id
12:23:09.202 [main] [o.h.c.Ejb3Column] DEBUG org.hibernate.cfg.Ejb3Column - Binding column: Ejb3JoinColumn{logicalColumnName=&apos;null&apos;, referencedColumn=&apos;null&apos;, mappedBy=&apos;&apos;}
12:23:09.202 [main] [o.h.c.Ejb3Column] DEBUG org.hibernate.cfg.Ejb3Column - Binding column: Ejb3Column{table=org.hibernate.mapping.Table(Lot), mappingColumn=bids, insertable=true, updatable=true, unique=false}
12:23:09.202 [main] [o.h.c.Ejb3Column] DEBUG org.hibernate.cfg.Ejb3Column - Binding column: Ejb3Column{table=org.hibernate.mapping.Table(Lot), mappingColumn=null, insertable=true, updatable=true, unique=false}
12:23:09.202 [main] [o.h.c.Ejb3Column] DEBUG org.hibernate.cfg.Ejb3Column - Binding column: Ejb3Column{table=org.hibernate.mapping.Table(Lot), mappingColumn=element, insertable=true, updatable=true, unique=false}
12:23:09.202 [main] [o.h.c.Ejb3Column] DEBUG org.hibernate.cfg.Ejb3Column - Binding column: Ejb3Column{table=org.hibernate.mapping.Table(Lot), mappingColumn=bids_KEY, insertable=true, updatable=true, unique=false}
12:23:09.202 [main] [o.h.c.Ejb3Column] DEBUG org.hibernate.cfg.Ejb3Column - Binding column: Ejb3JoinColumn{logicalColumnName=&apos;bids_KEY&apos;, referencedColumn=&apos;null&apos;, mappedBy=&apos;null&apos;}
12:23:09.202 [main] [o.h.c.Ejb3Column] DEBUG org.hibernate.cfg.Ejb3Column - Binding column: Ejb3JoinColumn{logicalColumnName=&apos;null&apos;, referencedColumn=&apos;null&apos;, mappedBy=&apos;&apos;}
12:23:09.202 [main] [o.h.c.Ejb3Column] DEBUG org.hibernate.cfg.Ejb3Column - Binding column: Ejb3JoinColumn{logicalColumnName=&apos;null&apos;, referencedColumn=&apos;null&apos;, mappedBy=&apos;&apos;}
12:23:09.202 [main] [o.h.c.a.CollectionBinder] DEBUG org.hibernate.cfg.annotations.CollectionBinder - Collection role: org.solent.com504.project.model.lot.dto.Lot.bids
12:23:09.202 [main] [o.h.c.a.PropertyBinder] DEBUG org.hibernate.cfg.annotations.PropertyBinder - Building property bids
12:23:09.202 [main] [o.h.c.Ejb3Column] DEBUG org.hibernate.cfg.Ejb3Column - Binding column: Ejb3Column{table=org.hibernate.mapping.Table(Lot), mappingColumn=duration, insertable=true, updatable=true, unique=false}
12:23:09.202 [main] [o.h.c.a.PropertyBinder] DEBUG org.hibernate.cfg.annotations.PropertyBinder - MetadataSourceProcessor property duration with lazy=false
12:23:09.202 [main] [o.h.c.AbstractPropertyHolder] DEBUG org.hibernate.cfg.AbstractPropertyHolder - Attempting to locate auto-apply AttributeConverter for property [org.solent.com504.project.model.lot.dto.Lot:duration]
12:23:09.202 [main] [o.h.c.a.SimpleValueBinder] DEBUG org.hibernate.cfg.annotations.SimpleValueBinder - building SimpleValue for duration
12:23:09.202 [main] [o.h.c.a.PropertyBinder] DEBUG org.hibernate.cfg.annotations.PropertyBinder - Building property duration
12:23:09.202 [main] [o.h.c.Ejb3Column] DEBUG org.hibernate.cfg.Ejb3Column - Binding column: Ejb3Column{table=org.hibernate.mapping.Table(Lot), mappingColumn=grade, insertable=true, updatable=true, unique=false}
12:23:09.202 [main] [o.h.c.a.PropertyBinder] DEBUG org.hibernate.cfg.annotations.PropertyBinder - MetadataSourceProcessor property grade with lazy=false
12:23:09.202 [main] [o.h.c.AbstractPropertyHolder] DEBUG org.hibernate.cfg.AbstractPropertyHolder - Attempting to locate auto-apply AttributeConverter for property [org.solent.com504.project.model.lot.dto.Lot:grade]
12:23:09.202 [main] [o.h.c.a.SimpleValueBinder] DEBUG org.hibernate.cfg.annotations.SimpleValueBinder - building SimpleValue for grade
12:23:09.202 [main] [o.h.c.a.PropertyBinder] DEBUG org.hibernate.cfg.annotations.PropertyBinder - Building property grade
12:23:09.202 [main] [o.h.c.Ejb3Column] DEBUG org.hibernate.cfg.Ejb3Column - Binding column: Ejb3Column{table=org.hibernate.mapping.Table(Lot), mappingColumn=highestBidPrice, insertable=true, updatable=true, unique=false}
12:23:09.202 [main] [o.h.c.a.PropertyBinder] DEBUG org.hibernate.cfg.annotations.PropertyBinder - MetadataSourceProcessor property highestBidPrice with lazy=false
12:23:09.202 [main] [o.h.c.AbstractPropertyHolder] DEBUG org.hibernate.cfg.AbstractPropertyHolder - Attempting to locate auto-apply AttributeConverter for property [org.solent.com504.project.model.lot.dto.Lot:highestBidPrice]
12:23:09.202 [main] [o.h.c.a.SimpleValueBinder] DEBUG org.hibernate.cfg.annotations.SimpleValueBinder - building SimpleValue for highestBidPrice
12:23:09.202 [main] [o.h.c.a.PropertyBinder] DEBUG org.hibernate.cfg.annotations.PropertyBinder - Building property highestBidPrice
12:23:09.202 [main] [o.h.c.Ejb3Column] DEBUG org.hibernate.cfg.Ejb3Column - Binding column: Ejb3Column{table=org.hibernate.mapping.Table(Lot), mappingColumn=life_days, insertable=true, updatable=true, unique=false}
12:23:09.202 [main] [o.h.c.a.PropertyBinder] DEBUG org.hibernate.cfg.annotations.PropertyBinder - MetadataSourceProcessor property life_days with lazy=false
12:23:09.202 [main] [o.h.c.AbstractPropertyHolder] DEBUG org.hibernate.cfg.AbstractPropertyHolder - Attempting to locate auto-apply AttributeConverter for property [org.solent.com504.project.model.lot.dto.Lot:life_days]
12:23:09.202 [main] [o.h.c.a.SimpleValueBinder] DEBUG org.hibernate.cfg.annotations.SimpleValueBinder - building SimpleValue for life_days
12:23:09.202 [main] [o.h.c.a.PropertyBinder] DEBUG org.hibernate.cfg.annotations.PropertyBinder - Building property life_days
12:23:09.202 [main] [o.h.c.Ejb3Column] DEBUG org.hibernate.cfg.Ejb3Column - Binding column: Ejb3Column{table=org.hibernate.mapping.Table(Lot), mappingColumn=pickdate, insertable=true, updatable=true, unique=false}
12:23:09.202 [main] [o.h.c.a.PropertyBinder] DEBUG org.hibernate.cfg.annotations.PropertyBinder - MetadataSourceProcessor property pickdate with lazy=false
12:23:09.202 [main] [o.h.c.AbstractPropertyHolder] DEBUG org.hibernate.cfg.AbstractPropertyHolder - Attempting to locate auto-apply AttributeConverter for property [org.solent.com504.project.model.lot.dto.Lot:pickdate]
12:23:09.202 [main] [o.h.c.a.SimpleValueBinder] DEBUG org.hibernate.cfg.annotations.SimpleValueBinder - building SimpleValue for pickdate
12:23:09.202 [main] [o.h.c.a.PropertyBinder] DEBUG org.hibernate.cfg.annotations.PropertyBinder - Building property pickdate
12:23:09.202 [main] [o.h.c.Ejb3Column] DEBUG org.hibernate.cfg.Ejb3Column - Binding column: Ejb3Column{table=org.hibernate.mapping.Table(Lot), mappingColumn=quantity, insertable=true, updatable=true, unique=false}
12:23:09.202 [main] [o.h.c.a.PropertyBinder] DEBUG org.hibernate.cfg.annotations.PropertyBinder - MetadataSourceProcessor property quantity with lazy=false
12:23:09.202 [main] [o.h.c.AbstractPropertyHolder] DEBUG org.hibernate.cfg.AbstractPropertyHolder - Attempting to locate auto-apply AttributeConverter for property [org.solent.com504.project.model.lot.dto.Lot:quantity]
12:23:09.202 [main] [o.h.c.a.SimpleValueBinder] DEBUG org.hibernate.cfg.annotations.SimpleValueBinder - building SimpleValue for quantity
12:23:09.202 [main] [o.h.c.a.PropertyBinder] DEBUG org.hibernate.cfg.annotations.PropertyBinder - Building property quantity
12:23:09.202 [main] [o.h.c.Ejb3Column] DEBUG org.hibernate.cfg.Ejb3Column - Binding column: Ejb3Column{table=org.hibernate.mapping.Table(Lot), mappingColumn=reservedPrice, insertable=true, updatable=true, unique=false}
12:23:09.202 [main] [o.h.c.a.PropertyBinder] DEBUG org.hibernate.cfg.annotations.PropertyBinder - MetadataSourceProcessor property reservedPrice with lazy=false
12:23:09.202 [main] [o.h.c.AbstractPropertyHolder] DEBUG org.hibernate.cfg.AbstractPropertyHolder - Attempting to locate auto-apply AttributeConverter for property [org.solent.com504.project.model.lot.dto.Lot:reservedPrice]
12:23:09.202 [main] [o.h.c.a.SimpleValueBinder] DEBUG org.hibernate.cfg.annotations.SimpleValueBinder - building SimpleValue for reservedPrice
12:23:09.202 [main] [o.h.c.a.PropertyBinder] DEBUG org.hibernate.cfg.annotations.PropertyBinder - Building property reservedPrice
12:23:09.202 [main] [o.h.c.AnnotationBinder] DEBUG org.hibernate.cfg.AnnotationBinder - Binding entity from annotated class: org.solent.com504.project.model.party.dto.Party
12:23:09.202 [main] [o.h.c.Ejb3Column] DEBUG org.hibernate.cfg.Ejb3Column - Binding column: Ejb3DiscriminatorColumn{logicalColumnName&apos;DTYPE&apos;, discriminatorTypeName=&apos;string&apos;}
12:23:09.202 [main] [o.h.c.a.EntityBinder] DEBUG org.hibernate.cfg.annotations.EntityBinder - Import with entity name Party
12:23:09.202 [main] [o.h.c.a.EntityBinder] DEBUG org.hibernate.cfg.annotations.EntityBinder - Bind entity org.solent.com504.project.model.party.dto.Party on table Party
12:23:09.202 [main] [o.h.c.Ejb3Column] DEBUG org.hibernate.cfg.Ejb3Column - Binding column: Ejb3Column{table=org.hibernate.mapping.Table(Party), mappingColumn=id, insertable=true, updatable=true, unique=false}
12:23:09.202 [main] [o.h.c.a.PropertyBinder] DEBUG org.hibernate.cfg.annotations.PropertyBinder - MetadataSourceProcessor property id with lazy=false
12:23:09.202 [main] [o.h.c.AbstractPropertyHolder] DEBUG org.hibernate.cfg.AbstractPropertyHolder - Attempting to locate auto-apply AttributeConverter for property [org.solent.com504.project.model.party.dto.Party:id]
12:23:09.202 [main] [o.h.c.a.SimpleValueBinder] DEBUG org.hibernate.cfg.annotations.SimpleValueBinder - building SimpleValue for id
12:23:09.202 [main] [o.h.c.a.PropertyBinder] DEBUG org.hibernate.cfg.annotations.PropertyBinder - Building property id
12:23:09.202 [main] [o.h.c.Ejb3Column] DEBUG org.hibernate.cfg.Ejb3Column - Binding column: Ejb3Column{table=org.hibernate.mapping.Table(Party), mappingColumn=address, insertable=true, updatable=true, unique=false}
12:23:09.202 [main] [o.h.c.Ejb3Column] DEBUG org.hibernate.cfg.Ejb3Column - Binding column: Ejb3Column{table=org.hibernate.mapping.Table(Party), mappingColumn=addressLine1, insertable=true, updatable=true, unique=false}
12:23:09.202 [main] [o.h.c.a.PropertyBinder] DEBUG org.hibernate.cfg.annotations.PropertyBinder - MetadataSourceProcessor property addressLine1 with lazy=false
12:23:09.202 [main] [o.h.c.AbstractPropertyHolder] DEBUG org.hibernate.cfg.AbstractPropertyHolder - Attempting to locate auto-apply AttributeConverter for property [org.solent.com504.project.model.party.dto.Party.address:addressLine1]
12:23:09.202 [main] [o.h.c.a.SimpleValueBinder] DEBUG org.hibernate.cfg.annotations.SimpleValueBinder - building SimpleValue for addressLine1
12:23:09.202 [main] [o.h.c.a.PropertyBinder] DEBUG org.hibernate.cfg.annotations.PropertyBinder - Building property addressLine1
12:23:09.202 [main] [o.h.c.Ejb3Column] DEBUG org.hibernate.cfg.Ejb3Column - Binding column: Ejb3Column{table=org.hibernate.mapping.Table(Party), mappingColumn=addressLine2, insertable=true, updatable=true, unique=false}
12:23:09.202 [main] [o.h.c.a.PropertyBinder] DEBUG org.hibernate.cfg.annotations.PropertyBinder - MetadataSourceProcessor property addressLine2 with lazy=false
12:23:09.202 [main] [o.h.c.AbstractPropertyHolder] DEBUG org.hibernate.cfg.AbstractPropertyHolder - Attempting to locate auto-apply AttributeConverter for property [org.solent.com504.project.model.party.dto.Party.address:addressLine2]
12:23:09.202 [main] [o.h.c.a.SimpleValueBinder] DEBUG org.hibernate.cfg.annotations.SimpleValueBinder - building SimpleValue for addressLine2
12:23:09.202 [main] [o.h.c.a.PropertyBinder] DEBUG org.hibernate.cfg.annotations.PropertyBinder - Building property addressLine2
12:23:09.202 [main] [o.h.c.Ejb3Column] DEBUG org.hibernate.cfg.Ejb3Column - Binding column: Ejb3Column{table=org.hibernate.mapping.Table(Party), mappingColumn=country, insertable=true, updatable=true, unique=false}
12:23:09.202 [main] [o.h.c.a.PropertyBinder] DEBUG org.hibernate.cfg.annotations.PropertyBinder - MetadataSourceProcessor property country with lazy=false
12:23:09.202 [main] [o.h.c.AbstractPropertyHolder] DEBUG org.hibernate.cfg.AbstractPropertyHolder - Attempting to locate auto-apply AttributeConverter for property [org.solent.com504.project.model.party.dto.Party.address:country]
12:23:09.202 [main] [o.h.c.a.SimpleValueBinder] DEBUG org.hibernate.cfg.annotations.SimpleValueBinder - building SimpleValue for country
12:23:09.202 [main] [o.h.c.a.PropertyBinder] DEBUG org.hibernate.cfg.annotations.PropertyBinder - Building property country
12:23:09.202 [main] [o.h.c.Ejb3Column] DEBUG org.hibernate.cfg.Ejb3Column - Binding column: Ejb3Column{table=org.hibernate.mapping.Table(Party), mappingColumn=county, insertable=true, updatable=true, unique=false}
12:23:09.202 [main] [o.h.c.a.PropertyBinder] DEBUG org.hibernate.cfg.annotations.PropertyBinder - MetadataSourceProcessor property county with lazy=false
12:23:09.202 [main] [o.h.c.AbstractPropertyHolder] DEBUG org.hibernate.cfg.AbstractPropertyHolder - Attempting to locate auto-apply AttributeConverter for property [org.solent.com504.project.model.party.dto.Party.address:county]
12:23:09.202 [main] [o.h.c.a.SimpleValueBinder] DEBUG org.hibernate.cfg.annotations.SimpleValueBinder - building SimpleValue for county
12:23:09.202 [main] [o.h.c.a.PropertyBinder] DEBUG org.hibernate.cfg.annotations.PropertyBinder - Building property county
12:23:09.202 [main] [o.h.c.Ejb3Column] DEBUG org.hibernate.cfg.Ejb3Column - Binding column: Ejb3Column{table=org.hibernate.mapping.Table(Party), mappingColumn=latitude, insertable=true, updatable=true, unique=false}
12:23:09.202 [main] [o.h.c.a.PropertyBinder] DEBUG org.hibernate.cfg.annotations.PropertyBinder - MetadataSourceProcessor property latitude with lazy=false
12:23:09.202 [main] [o.h.c.AbstractPropertyHolder] DEBUG org.hibernate.cfg.AbstractPropertyHolder - Attempting to locate auto-apply AttributeConverter for property [org.solent.com504.project.model.party.dto.Party.address:latitude]
12:23:09.202 [main] [o.h.c.a.SimpleValueBinder] DEBUG org.hibernate.cfg.annotations.SimpleValueBinder - building SimpleValue for latitude
12:23:09.202 [main] [o.h.c.a.PropertyBinder] DEBUG org.hibernate.cfg.annotations.PropertyBinder - Building property latitude
12:23:09.217 [main] [o.h.c.Ejb3Column] DEBUG org.hibernate.cfg.Ejb3Column - Binding column: Ejb3Column{table=org.hibernate.mapping.Table(Party), mappingColumn=longitude, insertable=true, updatable=true, unique=false}
12:23:09.217 [main] [o.h.c.a.PropertyBinder] DEBUG org.hibernate.cfg.annotations.PropertyBinder - MetadataSourceProcessor property longitude with lazy=false
12:23:09.217 [main] [o.h.c.AbstractPropertyHolder] DEBUG org.hibernate.cfg.AbstractPropertyHolder - Attempting to locate auto-apply AttributeConverter for property [org.solent.com504.project.model.party.dto.Party.address:longitude]
12:23:09.217 [main] [o.h.c.a.SimpleValueBinder] DEBUG org.hibernate.cfg.annotations.SimpleValueBinder - building SimpleValue for longitude
12:23:09.217 [main] [o.h.c.a.PropertyBinder] DEBUG org.hibernate.cfg.annotations.PropertyBinder - Building property longitude
12:23:09.217 [main] [o.h.c.Ejb3Column] DEBUG org.hibernate.cfg.Ejb3Column - Binding column: Ejb3Column{table=org.hibernate.mapping.Table(Party), mappingColumn=mobile, insertable=true, updatable=true, unique=false}
12:23:09.217 [main] [o.h.c.a.PropertyBinder] DEBUG org.hibernate.cfg.annotations.PropertyBinder - MetadataSourceProcessor property mobile with lazy=false
12:23:09.217 [main] [o.h.c.AbstractPropertyHolder] DEBUG org.hibernate.cfg.AbstractPropertyHolder - Attempting to locate auto-apply AttributeConverter for property [org.solent.com504.project.model.party.dto.Party.address:mobile]
12:23:09.217 [main] [o.h.c.a.SimpleValueBinder] DEBUG org.hibernate.cfg.annotations.SimpleValueBinder - building SimpleValue for mobile
12:23:09.217 [main] [o.h.c.a.PropertyBinder] DEBUG org.hibernate.cfg.annotations.PropertyBinder - Building property mobile
12:23:09.217 [main] [o.h.c.Ejb3Column] DEBUG org.hibernate.cfg.Ejb3Column - Binding column: Ejb3Column{table=org.hibernate.mapping.Table(Party), mappingColumn=number, insertable=true, updatable=true, unique=false}
12:23:09.217 [main] [o.h.c.a.PropertyBinder] DEBUG org.hibernate.cfg.annotations.PropertyBinder - MetadataSourceProcessor property number with lazy=false
12:23:09.217 [main] [o.h.c.AbstractPropertyHolder] DEBUG org.hibernate.cfg.AbstractPropertyHolder - Attempting to locate auto-apply AttributeConverter for property [org.solent.com504.project.model.party.dto.Party.address:number]
12:23:09.217 [main] [o.h.c.a.SimpleValueBinder] DEBUG org.hibernate.cfg.annotations.SimpleValueBinder - building SimpleValue for number
12:23:09.217 [main] [o.h.c.a.PropertyBinder] DEBUG org.hibernate.cfg.annotations.PropertyBinder - Building property number
12:23:09.217 [main] [o.h.c.Ejb3Column] DEBUG org.hibernate.cfg.Ejb3Column - Binding column: Ejb3Column{table=org.hibernate.mapping.Table(Party), mappingColumn=postcode, insertable=true, updatable=true, unique=false}
12:23:09.217 [main] [o.h.c.a.PropertyBinder] DEBUG org.hibernate.cfg.annotations.PropertyBinder - MetadataSourceProcessor property postcode with lazy=false
12:23:09.217 [main] [o.h.c.AbstractPropertyHolder] DEBUG org.hibernate.cfg.AbstractPropertyHolder - Attempting to locate auto-apply AttributeConverter for property [org.solent.com504.project.model.party.dto.Party.address:postcode]
12:23:09.217 [main] [o.h.c.a.SimpleValueBinder] DEBUG org.hibernate.cfg.annotations.SimpleValueBinder - building SimpleValue for postcode
12:23:09.217 [main] [o.h.c.a.PropertyBinder] DEBUG org.hibernate.cfg.annotations.PropertyBinder - Building property postcode
12:23:09.217 [main] [o.h.c.Ejb3Column] DEBUG org.hibernate.cfg.Ejb3Column - Binding column: Ejb3Column{table=org.hibernate.mapping.Table(Party), mappingColumn=telephone, insertable=true, updatable=true, unique=false}
12:23:09.217 [main] [o.h.c.a.PropertyBinder] DEBUG org.hibernate.cfg.annotations.PropertyBinder - MetadataSourceProcessor property telephone with lazy=false
12:23:09.217 [main] [o.h.c.AbstractPropertyHolder] DEBUG org.hibernate.cfg.AbstractPropertyHolder - Attempting to locate auto-apply AttributeConverter for property [org.solent.com504.project.model.party.dto.Party.address:telephone]
12:23:09.217 [main] [o.h.c.a.SimpleValueBinder] DEBUG org.hibernate.cfg.annotations.SimpleValueBinder - building SimpleValue for telephone
12:23:09.217 [main] [o.h.c.a.PropertyBinder] DEBUG org.hibernate.cfg.annotations.PropertyBinder - Building property telephone
12:23:09.217 [main] [o.h.c.a.PropertyBinder] DEBUG org.hibernate.cfg.annotations.PropertyBinder - Building property address
12:23:09.217 [main] [o.h.c.Ejb3Column] DEBUG org.hibernate.cfg.Ejb3Column - Binding column: Ejb3Column{table=org.hibernate.mapping.Table(Party), mappingColumn=enabled, insertable=true, updatable=true, unique=false}
12:23:09.217 [main] [o.h.c.a.PropertyBinder] DEBUG org.hibernate.cfg.annotations.PropertyBinder - MetadataSourceProcessor property enabled with lazy=false
12:23:09.217 [main] [o.h.c.AbstractPropertyHolder] DEBUG org.hibernate.cfg.AbstractPropertyHolder - Attempting to locate auto-apply AttributeConverter for property [org.solent.com504.project.model.party.dto.Party:enabled]
12:23:09.217 [main] [o.h.c.a.SimpleValueBinder] DEBUG org.hibernate.cfg.annotations.SimpleValueBinder - building SimpleValue for enabled
12:23:09.217 [main] [o.h.c.a.PropertyBinder] DEBUG org.hibernate.cfg.annotations.PropertyBinder - Building property enabled
12:23:09.217 [main] [o.h.c.Ejb3Column] DEBUG org.hibernate.cfg.Ejb3Column - Binding column: Ejb3Column{table=org.hibernate.mapping.Table(Party), mappingColumn=firstName, insertable=true, updatable=true, unique=false}
12:23:09.217 [main] [o.h.c.a.PropertyBinder] DEBUG org.hibernate.cfg.annotations.PropertyBinder - MetadataSourceProcessor property firstName with lazy=false
12:23:09.217 [main] [o.h.c.AbstractPropertyHolder] DEBUG org.hibernate.cfg.AbstractPropertyHolder - Attempting to locate auto-apply AttributeConverter for property [org.solent.com504.project.model.party.dto.Party:firstName]
12:23:09.217 [main] [o.h.c.a.SimpleValueBinder] DEBUG org.hibernate.cfg.annotations.SimpleValueBinder - building SimpleValue for firstName
12:23:09.217 [main] [o.h.c.a.PropertyBinder] DEBUG org.hibernate.cfg.annotations.PropertyBinder - Building property firstName
12:23:09.217 [main] [o.h.c.Ejb3Column] DEBUG org.hibernate.cfg.Ejb3Column - Binding column: Ejb3Column{table=org.hibernate.mapping.Table(Party), mappingColumn=partyRole, insertable=true, updatable=true, unique=false}
12:23:09.217 [main] [o.h.c.a.PropertyBinder] DEBUG org.hibernate.cfg.annotations.PropertyBinder - MetadataSourceProcessor property partyRole with lazy=false
12:23:09.217 [main] [o.h.c.AbstractPropertyHolder] DEBUG org.hibernate.cfg.AbstractPropertyHolder - Attempting to locate auto-apply AttributeConverter for property [org.solent.com504.project.model.party.dto.Party:partyRole]
12:23:09.217 [main] [o.h.c.a.SimpleValueBinder] DEBUG org.hibernate.cfg.annotations.SimpleValueBinder - building SimpleValue for partyRole
12:23:09.217 [main] [o.h.c.a.PropertyBinder] DEBUG org.hibernate.cfg.annotations.PropertyBinder - Building property partyRole
12:23:09.217 [main] [o.h.c.Ejb3Column] DEBUG org.hibernate.cfg.Ejb3Column - Binding column: Ejb3Column{table=org.hibernate.mapping.Table(Party), mappingColumn=partyStatus, insertable=true, updatable=true, unique=false}
12:23:09.217 [main] [o.h.c.a.PropertyBinder] DEBUG org.hibernate.cfg.annotations.PropertyBinder - MetadataSourceProcessor property partyStatus with lazy=false
12:23:09.217 [main] [o.h.c.AbstractPropertyHolder] DEBUG org.hibernate.cfg.AbstractPropertyHolder - Attempting to locate auto-apply AttributeConverter for property [org.solent.com504.project.model.party.dto.Party:partyStatus]
12:23:09.217 [main] [o.h.c.a.SimpleValueBinder] DEBUG org.hibernate.cfg.annotations.SimpleValueBinder - building SimpleValue for partyStatus
12:23:09.217 [main] [o.h.c.a.PropertyBinder] DEBUG org.hibernate.cfg.annotations.PropertyBinder - Building property partyStatus
12:23:09.217 [main] [o.h.c.Ejb3Column] DEBUG org.hibernate.cfg.Ejb3Column - Binding column: Ejb3Column{table=org.hibernate.mapping.Table(Party), mappingColumn=secondName, insertable=true, updatable=true, unique=false}
12:23:09.217 [main] [o.h.c.a.PropertyBinder] DEBUG org.hibernate.cfg.annotations.PropertyBinder - MetadataSourceProcessor property secondName with lazy=false
12:23:09.217 [main] [o.h.c.AbstractPropertyHolder] DEBUG org.hibernate.cfg.AbstractPropertyHolder - Attempting to locate auto-apply AttributeConverter for property [org.solent.com504.project.model.party.dto.Party:secondName]
12:23:09.217 [main] [o.h.c.a.SimpleValueBinder] DEBUG org.hibernate.cfg.annotations.SimpleValueBinder - building SimpleValue for secondName
12:23:09.217 [main] [o.h.c.a.PropertyBinder] DEBUG org.hibernate.cfg.annotations.PropertyBinder - Building property secondName
12:23:09.217 [main] [o.h.c.Ejb3Column] DEBUG org.hibernate.cfg.Ejb3Column - Binding column: Ejb3Column{table=org.hibernate.mapping.Table(Party), mappingColumn=null, insertable=true, updatable=true, unique=false}
12:23:09.217 [main] [o.h.c.Ejb3Column] DEBUG org.hibernate.cfg.Ejb3Column - Binding column: Ejb3Column{table=org.hibernate.mapping.Table(Party), mappingColumn=element, insertable=true, updatable=true, unique=false}
12:23:09.217 [main] [o.h.c.Ejb3Column] DEBUG org.hibernate.cfg.Ejb3Column - Binding column: Ejb3Column{table=org.hibernate.mapping.Table(Party), mappingColumn=users_KEY, insertable=true, updatable=true, unique=false}
12:23:09.217 [main] [o.h.c.Ejb3Column] DEBUG org.hibernate.cfg.Ejb3Column - Binding column: Ejb3JoinColumn{logicalColumnName=&apos;users_KEY&apos;, referencedColumn=&apos;null&apos;, mappedBy=&apos;null&apos;}
12:23:09.217 [main] [o.h.c.Ejb3Column] DEBUG org.hibernate.cfg.Ejb3Column - Binding column: Ejb3JoinColumn{logicalColumnName=&apos;user_id&apos;, referencedColumn=&apos;&apos;, mappedBy=&apos;&apos;}
12:23:09.217 [main] [o.h.c.Ejb3Column] DEBUG org.hibernate.cfg.Ejb3Column - Binding column: Ejb3JoinColumn{logicalColumnName=&apos;party_id&apos;, referencedColumn=&apos;&apos;, mappedBy=&apos;&apos;}
12:23:09.217 [main] [o.h.c.a.CollectionBinder] DEBUG org.hibernate.cfg.annotations.CollectionBinder - Collection role: org.solent.com504.project.model.party.dto.Party.users
12:23:09.217 [main] [o.h.c.a.PropertyBinder] DEBUG org.hibernate.cfg.annotations.PropertyBinder - Building property users
12:23:09.217 [main] [o.h.c.Ejb3Column] DEBUG org.hibernate.cfg.Ejb3Column - Binding column: Ejb3Column{table=org.hibernate.mapping.Table(Party), mappingColumn=uuid, insertable=true, updatable=true, unique=false}
12:23:09.217 [main] [o.h.c.a.PropertyBinder] DEBUG org.hibernate.cfg.annotations.PropertyBinder - MetadataSourceProcessor property uuid with lazy=false
12:23:09.217 [main] [o.h.c.AbstractPropertyHolder] DEBUG org.hibernate.cfg.AbstractPropertyHolder - Attempting to locate auto-apply AttributeConverter for property [org.solent.com504.project.model.party.dto.Party:uuid]
12:23:09.217 [main] [o.h.c.a.SimpleValueBinder] DEBUG org.hibernate.cfg.annotations.SimpleValueBinder - building SimpleValue for uuid
12:23:09.217 [main] [o.h.c.a.PropertyBinder] DEBUG org.hibernate.cfg.annotations.PropertyBinder - Building property uuid
12:23:09.217 [main] [o.h.c.AnnotationBinder] DEBUG org.hibernate.cfg.AnnotationBinder - Binding entity from annotated class: org.solent.com504.project.model.user.dto.User
12:23:09.217 [main] [o.h.c.Ejb3Column] DEBUG org.hibernate.cfg.Ejb3Column - Binding column: Ejb3DiscriminatorColumn{logicalColumnName&apos;DTYPE&apos;, discriminatorTypeName=&apos;string&apos;}
12:23:09.217 [main] [o.h.c.a.EntityBinder] DEBUG org.hibernate.cfg.annotations.EntityBinder - Import with entity name User
12:23:09.217 [main] [o.h.c.a.EntityBinder] DEBUG org.hibernate.cfg.annotations.EntityBinder - Bind entity org.solent.com504.project.model.user.dto.User on table user
12:23:09.217 [main] [o.h.c.Ejb3Column] DEBUG org.hibernate.cfg.Ejb3Column - Binding column: Ejb3Column{table=org.hibernate.mapping.Table(user), mappingColumn=id, insertable=true, updatable=true, unique=false}
12:23:09.217 [main] [o.h.c.a.PropertyBinder] DEBUG org.hibernate.cfg.annotations.PropertyBinder - MetadataSourceProcessor property id with lazy=false
12:23:09.217 [main] [o.h.c.AbstractPropertyHolder] DEBUG org.hibernate.cfg.AbstractPropertyHolder - Attempting to locate auto-apply AttributeConverter for property [org.solent.com504.project.model.user.dto.User:id]
12:23:09.217 [main] [o.h.c.a.SimpleValueBinder] DEBUG org.hibernate.cfg.annotations.SimpleValueBinder - building SimpleValue for id
12:23:09.217 [main] [o.h.c.a.PropertyBinder] DEBUG org.hibernate.cfg.annotations.PropertyBinder - Building property id
12:23:09.217 [main] [o.h.c.Ejb3Column] DEBUG org.hibernate.cfg.Ejb3Column - Binding column: Ejb3Column{table=org.hibernate.mapping.Table(user), mappingColumn=address, insertable=true, updatable=true, unique=false}
12:23:09.217 [main] [o.h.c.Ejb3Column] DEBUG org.hibernate.cfg.Ejb3Column - Binding column: Ejb3Column{table=org.hibernate.mapping.Table(user), mappingColumn=addressLine1, insertable=true, updatable=true, unique=false}
12:23:09.217 [main] [o.h.c.a.PropertyBinder] DEBUG org.hibernate.cfg.annotations.PropertyBinder - MetadataSourceProcessor property addressLine1 with lazy=false
12:23:09.217 [main] [o.h.c.AbstractPropertyHolder] DEBUG org.hibernate.cfg.AbstractPropertyHolder - Attempting to locate auto-apply AttributeConverter for property [org.solent.com504.project.model.user.dto.User.address:addressLine1]
12:23:09.217 [main] [o.h.c.a.SimpleValueBinder] DEBUG org.hibernate.cfg.annotations.SimpleValueBinder - building SimpleValue for addressLine1
12:23:09.217 [main] [o.h.c.a.PropertyBinder] DEBUG org.hibernate.cfg.annotations.PropertyBinder - Building property addressLine1
12:23:09.217 [main] [o.h.c.Ejb3Column] DEBUG org.hibernate.cfg.Ejb3Column - Binding column: Ejb3Column{table=org.hibernate.mapping.Table(user), mappingColumn=addressLine2, insertable=true, updatable=true, unique=false}
12:23:09.217 [main] [o.h.c.a.PropertyBinder] DEBUG org.hibernate.cfg.annotations.PropertyBinder - MetadataSourceProcessor property addressLine2 with lazy=false
12:23:09.217 [main] [o.h.c.AbstractPropertyHolder] DEBUG org.hibernate.cfg.AbstractPropertyHolder - Attempting to locate auto-apply AttributeConverter for property [org.solent.com504.project.model.user.dto.User.address:addressLine2]
12:23:09.217 [main] [o.h.c.a.SimpleValueBinder] DEBUG org.hibernate.cfg.annotations.SimpleValueBinder - building SimpleValue for addressLine2
12:23:09.217 [main] [o.h.c.a.PropertyBinder] DEBUG org.hibernate.cfg.annotations.PropertyBinder - Building property addressLine2
12:23:09.217 [main] [o.h.c.Ejb3Column] DEBUG org.hibernate.cfg.Ejb3Column - Binding column: Ejb3Column{table=org.hibernate.mapping.Table(user), mappingColumn=country, insertable=true, updatable=true, unique=false}
12:23:09.217 [main] [o.h.c.a.PropertyBinder] DEBUG org.hibernate.cfg.annotations.PropertyBinder - MetadataSourceProcessor property country with lazy=false
12:23:09.217 [main] [o.h.c.AbstractPropertyHolder] DEBUG org.hibernate.cfg.AbstractPropertyHolder - Attempting to locate auto-apply AttributeConverter for property [org.solent.com504.project.model.user.dto.User.address:country]
12:23:09.217 [main] [o.h.c.a.SimpleValueBinder] DEBUG org.hibernate.cfg.annotations.SimpleValueBinder - building SimpleValue for country
12:23:09.217 [main] [o.h.c.a.PropertyBinder] DEBUG org.hibernate.cfg.annotations.PropertyBinder - Building property country
12:23:09.217 [main] [o.h.c.Ejb3Column] DEBUG org.hibernate.cfg.Ejb3Column - Binding column: Ejb3Column{table=org.hibernate.mapping.Table(user), mappingColumn=county, insertable=true, updatable=true, unique=false}
12:23:09.217 [main] [o.h.c.a.PropertyBinder] DEBUG org.hibernate.cfg.annotations.PropertyBinder - MetadataSourceProcessor property county with lazy=false
12:23:09.217 [main] [o.h.c.AbstractPropertyHolder] DEBUG org.hibernate.cfg.AbstractPropertyHolder - Attempting to locate auto-apply AttributeConverter for property [org.solent.com504.project.model.user.dto.User.address:county]
12:23:09.217 [main] [o.h.c.a.SimpleValueBinder] DEBUG org.hibernate.cfg.annotations.SimpleValueBinder - building SimpleValue for county
12:23:09.217 [main] [o.h.c.a.PropertyBinder] DEBUG org.hibernate.cfg.annotations.PropertyBinder - Building property county
12:23:09.217 [main] [o.h.c.Ejb3Column] DEBUG org.hibernate.cfg.Ejb3Column - Binding column: Ejb3Column{table=org.hibernate.mapping.Table(user), mappingColumn=latitude, insertable=true, updatable=true, unique=false}
12:23:09.217 [main] [o.h.c.a.PropertyBinder] DEBUG org.hibernate.cfg.annotations.PropertyBinder - MetadataSourceProcessor property latitude with lazy=false
12:23:09.217 [main] [o.h.c.AbstractPropertyHolder] DEBUG org.hibernate.cfg.AbstractPropertyHolder - Attempting to locate auto-apply AttributeConverter for property [org.solent.com504.project.model.user.dto.User.address:latitude]
12:23:09.217 [main] [o.h.c.a.SimpleValueBinder] DEBUG org.hibernate.cfg.annotations.SimpleValueBinder - building SimpleValue for latitude
12:23:09.217 [main] [o.h.c.a.PropertyBinder] DEBUG org.hibernate.cfg.annotations.PropertyBinder - Building property latitude
12:23:09.217 [main] [o.h.c.Ejb3Column] DEBUG org.hibernate.cfg.Ejb3Column - Binding column: Ejb3Column{table=org.hibernate.mapping.Table(user), mappingColumn=longitude, insertable=true, updatable=true, unique=false}
12:23:09.217 [main] [o.h.c.a.PropertyBinder] DEBUG org.hibernate.cfg.annotations.PropertyBinder - MetadataSourceProcessor property longitude with lazy=false
12:23:09.217 [main] [o.h.c.AbstractPropertyHolder] DEBUG org.hibernate.cfg.AbstractPropertyHolder - Attempting to locate auto-apply AttributeConverter for property [org.solent.com504.project.model.user.dto.User.address:longitude]
12:23:09.217 [main] [o.h.c.a.SimpleValueBinder] DEBUG org.hibernate.cfg.annotations.SimpleValueBinder - building SimpleValue for longitude
12:23:09.217 [main] [o.h.c.a.PropertyBinder] DEBUG org.hibernate.cfg.annotations.PropertyBinder - Building property longitude
12:23:09.217 [main] [o.h.c.Ejb3Column] DEBUG org.hibernate.cfg.Ejb3Column - Binding column: Ejb3Column{table=org.hibernate.mapping.Table(user), mappingColumn=mobile, insertable=true, updatable=true, unique=false}
12:23:09.233 [main] [o.h.c.a.PropertyBinder] DEBUG org.hibernate.cfg.annotations.PropertyBinder - MetadataSourceProcessor property mobile with lazy=false
12:23:09.233 [main] [o.h.c.AbstractPropertyHolder] DEBUG org.hibernate.cfg.AbstractPropertyHolder - Attempting to locate auto-apply AttributeConverter for property [org.solent.com504.project.model.user.dto.User.address:mobile]
12:23:09.233 [main] [o.h.c.a.SimpleValueBinder] DEBUG org.hibernate.cfg.annotations.SimpleValueBinder - building SimpleValue for mobile
12:23:09.233 [main] [o.h.c.a.PropertyBinder] DEBUG org.hibernate.cfg.annotations.PropertyBinder - Building property mobile
12:23:09.233 [main] [o.h.c.Ejb3Column] DEBUG org.hibernate.cfg.Ejb3Column - Binding column: Ejb3Column{table=org.hibernate.mapping.Table(user), mappingColumn=number, insertable=true, updatable=true, unique=false}
12:23:09.233 [main] [o.h.c.a.PropertyBinder] DEBUG org.hibernate.cfg.annotations.PropertyBinder - MetadataSourceProcessor property number with lazy=false
12:23:09.233 [main] [o.h.c.AbstractPropertyHolder] DEBUG org.hibernate.cfg.AbstractPropertyHolder - Attempting to locate auto-apply AttributeConverter for property [org.solent.com504.project.model.user.dto.User.address:number]
12:23:09.233 [main] [o.h.c.a.SimpleValueBinder] DEBUG org.hibernate.cfg.annotations.SimpleValueBinder - building SimpleValue for number
12:23:09.233 [main] [o.h.c.a.PropertyBinder] DEBUG org.hibernate.cfg.annotations.PropertyBinder - Building property number
12:23:09.233 [main] [o.h.c.Ejb3Column] DEBUG org.hibernate.cfg.Ejb3Column - Binding column: Ejb3Column{table=org.hibernate.mapping.Table(user), mappingColumn=postcode, insertable=true, updatable=true, unique=false}
12:23:09.248 [main] [o.h.c.a.PropertyBinder] DEBUG org.hibernate.cfg.annotations.PropertyBinder - MetadataSourceProcessor property postcode with lazy=false
12:23:09.248 [main] [o.h.c.AbstractPropertyHolder] DEBUG org.hibernate.cfg.AbstractPropertyHolder - Attempting to locate auto-apply AttributeConverter for property [org.solent.com504.project.model.user.dto.User.address:postcode]
12:23:09.248 [main] [o.h.c.a.SimpleValueBinder] DEBUG org.hibernate.cfg.annotations.SimpleValueBinder - building SimpleValue for postcode
12:23:09.248 [main] [o.h.c.a.PropertyBinder] DEBUG org.hibernate.cfg.annotations.PropertyBinder - Building property postcode
12:23:09.248 [main] [o.h.c.Ejb3Column] DEBUG org.hibernate.cfg.Ejb3Column - Binding column: Ejb3Column{table=org.hibernate.mapping.Table(user), mappingColumn=telephone, insertable=true, updatable=true, unique=false}
12:23:09.248 [main] [o.h.c.a.PropertyBinder] DEBUG org.hibernate.cfg.annotations.PropertyBinder - MetadataSourceProcessor property telephone with lazy=false
12:23:09.248 [main] [o.h.c.AbstractPropertyHolder] DEBUG org.hibernate.cfg.AbstractPropertyHolder - Attempting to locate auto-apply AttributeConverter for property [org.solent.com504.project.model.user.dto.User.address:telephone]
12:23:09.248 [main] [o.h.c.a.SimpleValueBinder] DEBUG org.hibernate.cfg.annotations.SimpleValueBinder - building SimpleValue for telephone
12:23:09.248 [main] [o.h.c.a.PropertyBinder] DEBUG org.hibernate.cfg.annotations.PropertyBinder - Building property telephone
12:23:09.248 [main] [o.h.c.a.PropertyBinder] DEBUG org.hibernate.cfg.annotations.PropertyBinder - Building property address
12:23:09.248 [main] [o.h.c.Ejb3Column] DEBUG org.hibernate.cfg.Ejb3Column - Binding column: Ejb3Column{table=org.hibernate.mapping.Table(user), mappingColumn=enabled, insertable=true, updatable=true, unique=false}
12:23:09.248 [main] [o.h.c.a.PropertyBinder] DEBUG org.hibernate.cfg.annotations.PropertyBinder - MetadataSourceProcessor property enabled with lazy=false
12:23:09.248 [main] [o.h.c.AbstractPropertyHolder] DEBUG org.hibernate.cfg.AbstractPropertyHolder - Attempting to locate auto-apply AttributeConverter for property [org.solent.com504.project.model.user.dto.User:enabled]
12:23:09.248 [main] [o.h.c.a.SimpleValueBinder] DEBUG org.hibernate.cfg.annotations.SimpleValueBinder - building SimpleValue for enabled
12:23:09.248 [main] [o.h.c.a.PropertyBinder] DEBUG org.hibernate.cfg.annotations.PropertyBinder - Building property enabled
12:23:09.248 [main] [o.h.c.Ejb3Column] DEBUG org.hibernate.cfg.Ejb3Column - Binding column: Ejb3Column{table=org.hibernate.mapping.Table(user), mappingColumn=firstName, insertable=true, updatable=true, unique=false}
12:23:09.248 [main] [o.h.c.a.PropertyBinder] DEBUG org.hibernate.cfg.annotations.PropertyBinder - MetadataSourceProcessor property firstName with lazy=false
12:23:09.248 [main] [o.h.c.AbstractPropertyHolder] DEBUG org.hibernate.cfg.AbstractPropertyHolder - Attempting to locate auto-apply AttributeConverter for property [org.solent.com504.project.model.user.dto.User:firstName]
12:23:09.248 [main] [o.h.c.a.SimpleValueBinder] DEBUG org.hibernate.cfg.annotations.SimpleValueBinder - building SimpleValue for firstName
12:23:09.248 [main] [o.h.c.a.PropertyBinder] DEBUG org.hibernate.cfg.annotations.PropertyBinder - Building property firstName
12:23:09.248 [main] [o.h.c.Ejb3Column] DEBUG org.hibernate.cfg.Ejb3Column - Binding column: Ejb3Column{table=org.hibernate.mapping.Table(user), mappingColumn=null, insertable=true, updatable=true, unique=false}
12:23:09.248 [main] [o.h.c.Ejb3Column] DEBUG org.hibernate.cfg.Ejb3Column - Binding column: Ejb3Column{table=org.hibernate.mapping.Table(user), mappingColumn=element, insertable=true, updatable=true, unique=false}
12:23:09.248 [main] [o.h.c.Ejb3Column] DEBUG org.hibernate.cfg.Ejb3Column - Binding column: Ejb3Column{table=org.hibernate.mapping.Table(user), mappingColumn=parties_KEY, insertable=true, updatable=true, unique=false}
12:23:09.248 [main] [o.h.c.Ejb3Column] DEBUG org.hibernate.cfg.Ejb3Column - Binding column: Ejb3JoinColumn{logicalColumnName=&apos;parties_KEY&apos;, referencedColumn=&apos;null&apos;, mappedBy=&apos;null&apos;}
12:23:09.248 [main] [o.h.c.Ejb3Column] DEBUG org.hibernate.cfg.Ejb3Column - Binding column: Ejb3JoinColumn{logicalColumnName=&apos;null&apos;, referencedColumn=&apos;null&apos;, mappedBy=&apos;users&apos;}
12:23:09.248 [main] [o.h.c.Ejb3Column] DEBUG org.hibernate.cfg.Ejb3Column - Binding column: Ejb3JoinColumn{logicalColumnName=&apos;null&apos;, referencedColumn=&apos;null&apos;, mappedBy=&apos;users&apos;}
12:23:09.248 [main] [o.h.c.a.CollectionBinder] DEBUG org.hibernate.cfg.annotations.CollectionBinder - Collection role: org.solent.com504.project.model.user.dto.User.parties
12:23:09.248 [main] [o.h.c.a.PropertyBinder] DEBUG org.hibernate.cfg.annotations.PropertyBinder - Building property parties
12:23:09.248 [main] [o.h.c.Ejb3Column] DEBUG org.hibernate.cfg.Ejb3Column - Binding column: Ejb3Column{table=org.hibernate.mapping.Table(user), mappingColumn=password, insertable=true, updatable=true, unique=false}
12:23:09.248 [main] [o.h.c.a.PropertyBinder] DEBUG org.hibernate.cfg.annotations.PropertyBinder - MetadataSourceProcessor property password with lazy=false
12:23:09.248 [main] [o.h.c.AbstractPropertyHolder] DEBUG org.hibernate.cfg.AbstractPropertyHolder - Attempting to locate auto-apply AttributeConverter for property [org.solent.com504.project.model.user.dto.User:password]
12:23:09.248 [main] [o.h.c.a.SimpleValueBinder] DEBUG org.hibernate.cfg.annotations.SimpleValueBinder - building SimpleValue for password
12:23:09.248 [main] [o.h.c.a.PropertyBinder] DEBUG org.hibernate.cfg.annotations.PropertyBinder - Building property password
12:23:09.248 [main] [o.h.c.Ejb3Column] DEBUG org.hibernate.cfg.Ejb3Column - Binding column: Ejb3Column{table=org.hibernate.mapping.Table(user), mappingColumn=null, insertable=true, updatable=true, unique=false}
12:23:09.248 [main] [o.h.c.Ejb3Column] DEBUG org.hibernate.cfg.Ejb3Column - Binding column: Ejb3Column{table=org.hibernate.mapping.Table(user), mappingColumn=element, insertable=true, updatable=true, unique=false}
12:23:09.248 [main] [o.h.c.Ejb3Column] DEBUG org.hibernate.cfg.Ejb3Column - Binding column: Ejb3Column{table=org.hibernate.mapping.Table(user), mappingColumn=roles_KEY, insertable=true, updatable=true, unique=false}
12:23:09.248 [main] [o.h.c.Ejb3Column] DEBUG org.hibernate.cfg.Ejb3Column - Binding column: Ejb3JoinColumn{logicalColumnName=&apos;roles_KEY&apos;, referencedColumn=&apos;null&apos;, mappedBy=&apos;null&apos;}
12:23:09.248 [main] [o.h.c.Ejb3Column] DEBUG org.hibernate.cfg.Ejb3Column - Binding column: Ejb3JoinColumn{logicalColumnName=&apos;user_id&apos;, referencedColumn=&apos;&apos;, mappedBy=&apos;&apos;}
12:23:09.248 [main] [o.h.c.Ejb3Column] DEBUG org.hibernate.cfg.Ejb3Column - Binding column: Ejb3JoinColumn{logicalColumnName=&apos;role_id&apos;, referencedColumn=&apos;&apos;, mappedBy=&apos;&apos;}
12:23:09.248 [main] [o.h.c.a.CollectionBinder] DEBUG org.hibernate.cfg.annotations.CollectionBinder - Collection role: org.solent.com504.project.model.user.dto.User.roles
12:23:09.248 [main] [o.h.c.a.PropertyBinder] DEBUG org.hibernate.cfg.annotations.PropertyBinder - Building property roles
12:23:09.248 [main] [o.h.c.Ejb3Column] DEBUG org.hibernate.cfg.Ejb3Column - Binding column: Ejb3Column{table=org.hibernate.mapping.Table(user), mappingColumn=secondName, insertable=true, updatable=true, unique=false}
12:23:09.248 [main] [o.h.c.a.PropertyBinder] DEBUG org.hibernate.cfg.annotations.PropertyBinder - MetadataSourceProcessor property secondName with lazy=false
12:23:09.248 [main] [o.h.c.AbstractPropertyHolder] DEBUG org.hibernate.cfg.AbstractPropertyHolder - Attempting to locate auto-apply AttributeConverter for property [org.solent.com504.project.model.user.dto.User:secondName]
12:23:09.248 [main] [o.h.c.a.SimpleValueBinder] DEBUG org.hibernate.cfg.annotations.SimpleValueBinder - building SimpleValue for secondName
12:23:09.248 [main] [o.h.c.a.PropertyBinder] DEBUG org.hibernate.cfg.annotations.PropertyBinder - Building property secondName
12:23:09.248 [main] [o.h.c.Ejb3Column] DEBUG org.hibernate.cfg.Ejb3Column - Binding column: Ejb3Column{table=org.hibernate.mapping.Table(user), mappingColumn=username, insertable=true, updatable=true, unique=false}
12:23:09.248 [main] [o.h.c.a.PropertyBinder] DEBUG org.hibernate.cfg.annotations.PropertyBinder - MetadataSourceProcessor property username with lazy=false
12:23:09.248 [main] [o.h.c.AbstractPropertyHolder] DEBUG org.hibernate.cfg.AbstractPropertyHolder - Attempting to locate auto-apply AttributeConverter for property [org.solent.com504.project.model.user.dto.User:username]
12:23:09.248 [main] [o.h.c.a.SimpleValueBinder] DEBUG org.hibernate.cfg.annotations.SimpleValueBinder - building SimpleValue for username
12:23:09.248 [main] [o.h.c.a.PropertyBinder] DEBUG org.hibernate.cfg.annotations.PropertyBinder - Building property username
12:23:09.248 [main] [o.h.c.a.SimpleValueBinder] DEBUG org.hibernate.cfg.annotations.SimpleValueBinder - Starting fillSimpleValue for id
12:23:09.248 [main] [o.h.c.a.SimpleValueBinder] DEBUG org.hibernate.cfg.annotations.SimpleValueBinder - Starting fillSimpleValue for partyId
12:23:09.248 [main] [o.h.c.a.SimpleValueBinder] DEBUG org.hibernate.cfg.annotations.SimpleValueBinder - Starting fillSimpleValue for timeStamp
12:23:09.248 [main] [o.h.c.a.SimpleValueBinder] DEBUG org.hibernate.cfg.annotations.SimpleValueBinder - Starting fillSimpleValue for value
12:23:09.248 [main] [o.h.c.a.SimpleValueBinder] DEBUG org.hibernate.cfg.annotations.SimpleValueBinder - Starting fillSimpleValue for id
12:23:09.248 [main] [o.h.c.a.SimpleValueBinder] DEBUG org.hibernate.cfg.annotations.SimpleValueBinder - Starting fillSimpleValue for name
12:23:09.248 [main] [o.h.c.a.SimpleValueBinder] DEBUG org.hibernate.cfg.annotations.SimpleValueBinder - Starting fillSimpleValue for id
12:23:09.248 [main] [o.h.c.a.SimpleValueBinder] DEBUG org.hibernate.cfg.annotations.SimpleValueBinder - Starting fillSimpleValue for auctionType
12:23:09.248 [main] [o.h.c.a.SimpleValueBinder] DEBUG org.hibernate.cfg.annotations.SimpleValueBinder - Starting fillSimpleValue for startTime
12:23:09.248 [main] [o.h.c.a.SimpleValueBinder] DEBUG org.hibernate.cfg.annotations.SimpleValueBinder - Starting fillSimpleValue for type
12:23:09.248 [main] [o.h.c.a.SimpleValueBinder] DEBUG org.hibernate.cfg.annotations.SimpleValueBinder - Starting fillSimpleValue for id
12:23:09.248 [main] [o.h.c.a.SimpleValueBinder] DEBUG org.hibernate.cfg.annotations.SimpleValueBinder - Starting fillSimpleValue for duration
12:23:09.248 [main] [o.h.c.a.SimpleValueBinder] DEBUG org.hibernate.cfg.annotations.SimpleValueBinder - Starting fillSimpleValue for grade
12:23:09.248 [main] [o.h.c.a.SimpleValueBinder] DEBUG org.hibernate.cfg.annotations.SimpleValueBinder - Starting fillSimpleValue for highestBidPrice
12:23:09.248 [main] [o.h.c.a.SimpleValueBinder] DEBUG org.hibernate.cfg.annotations.SimpleValueBinder - Starting fillSimpleValue for life_days
12:23:09.248 [main] [o.h.c.a.SimpleValueBinder] DEBUG org.hibernate.cfg.annotations.SimpleValueBinder - Starting fillSimpleValue for pickdate
12:23:09.248 [main] [o.h.c.a.SimpleValueBinder] DEBUG org.hibernate.cfg.annotations.SimpleValueBinder - Starting fillSimpleValue for quantity
12:23:09.248 [main] [o.h.c.a.SimpleValueBinder] DEBUG org.hibernate.cfg.annotations.SimpleValueBinder - Starting fillSimpleValue for reservedPrice
12:23:09.248 [main] [o.h.c.a.SimpleValueBinder] DEBUG org.hibernate.cfg.annotations.SimpleValueBinder - Starting fillSimpleValue for id
12:23:09.248 [main] [o.h.c.a.SimpleValueBinder] DEBUG org.hibernate.cfg.annotations.SimpleValueBinder - Starting fillSimpleValue for addressLine1
12:23:09.248 [main] [o.h.c.a.SimpleValueBinder] DEBUG org.hibernate.cfg.annotations.SimpleValueBinder - Starting fillSimpleValue for addressLine2
12:23:09.248 [main] [o.h.c.a.SimpleValueBinder] DEBUG org.hibernate.cfg.annotations.SimpleValueBinder - Starting fillSimpleValue for country
12:23:09.248 [main] [o.h.c.a.SimpleValueBinder] DEBUG org.hibernate.cfg.annotations.SimpleValueBinder - Starting fillSimpleValue for county
12:23:09.248 [main] [o.h.c.a.SimpleValueBinder] DEBUG org.hibernate.cfg.annotations.SimpleValueBinder - Starting fillSimpleValue for latitude
12:23:09.248 [main] [o.h.c.a.SimpleValueBinder] DEBUG org.hibernate.cfg.annotations.SimpleValueBinder - Starting fillSimpleValue for longitude
12:23:09.248 [main] [o.h.c.a.SimpleValueBinder] DEBUG org.hibernate.cfg.annotations.SimpleValueBinder - Starting fillSimpleValue for mobile
12:23:09.248 [main] [o.h.c.a.SimpleValueBinder] DEBUG org.hibernate.cfg.annotations.SimpleValueBinder - Starting fillSimpleValue for number
12:23:09.248 [main] [o.h.c.a.SimpleValueBinder] DEBUG org.hibernate.cfg.annotations.SimpleValueBinder - Starting fillSimpleValue for postcode
12:23:09.248 [main] [o.h.c.a.SimpleValueBinder] DEBUG org.hibernate.cfg.annotations.SimpleValueBinder - Starting fillSimpleValue for telephone
12:23:09.248 [main] [o.h.c.a.SimpleValueBinder] DEBUG org.hibernate.cfg.annotations.SimpleValueBinder - Starting fillSimpleValue for enabled
12:23:09.248 [main] [o.h.c.a.SimpleValueBinder] DEBUG org.hibernate.cfg.annotations.SimpleValueBinder - Starting fillSimpleValue for firstName
12:23:09.248 [main] [o.h.c.a.SimpleValueBinder] DEBUG org.hibernate.cfg.annotations.SimpleValueBinder - Starting fillSimpleValue for partyRole
12:23:09.248 [main] [o.h.c.a.SimpleValueBinder] DEBUG org.hibernate.cfg.annotations.SimpleValueBinder - Starting fillSimpleValue for partyStatus
12:23:09.248 [main] [o.h.c.a.SimpleValueBinder] DEBUG org.hibernate.cfg.annotations.SimpleValueBinder - Starting fillSimpleValue for secondName
12:23:09.248 [main] [o.h.c.a.SimpleValueBinder] DEBUG org.hibernate.cfg.annotations.SimpleValueBinder - Starting fillSimpleValue for uuid
12:23:09.248 [main] [o.h.c.a.SimpleValueBinder] DEBUG org.hibernate.cfg.annotations.SimpleValueBinder - Starting fillSimpleValue for id
12:23:09.248 [main] [o.h.c.a.SimpleValueBinder] DEBUG org.hibernate.cfg.annotations.SimpleValueBinder - Starting fillSimpleValue for addressLine1
12:23:09.248 [main] [o.h.c.a.SimpleValueBinder] DEBUG org.hibernate.cfg.annotations.SimpleValueBinder - Starting fillSimpleValue for addressLine2
12:23:09.248 [main] [o.h.c.a.SimpleValueBinder] DEBUG org.hibernate.cfg.annotations.SimpleValueBinder - Starting fillSimpleValue for country
12:23:09.248 [main] [o.h.c.a.SimpleValueBinder] DEBUG org.hibernate.cfg.annotations.SimpleValueBinder - Starting fillSimpleValue for county
12:23:09.248 [main] [o.h.c.a.SimpleValueBinder] DEBUG org.hibernate.cfg.annotations.SimpleValueBinder - Starting fillSimpleValue for latitude
12:23:09.248 [main] [o.h.c.a.SimpleValueBinder] DEBUG org.hibernate.cfg.annotations.SimpleValueBinder - Starting fillSimpleValue for longitude
12:23:09.248 [main] [o.h.c.a.SimpleValueBinder] DEBUG org.hibernate.cfg.annotations.SimpleValueBinder - Starting fillSimpleValue for mobile
12:23:09.248 [main] [o.h.c.a.SimpleValueBinder] DEBUG org.hibernate.cfg.annotations.SimpleValueBinder - Starting fillSimpleValue for number
12:23:09.248 [main] [o.h.c.a.SimpleValueBinder] DEBUG org.hibernate.cfg.annotations.SimpleValueBinder - Starting fillSimpleValue for postcode
12:23:09.248 [main] [o.h.c.a.SimpleValueBinder] DEBUG org.hibernate.cfg.annotations.SimpleValueBinder - Starting fillSimpleValue for telephone
12:23:09.248 [main] [o.h.c.a.SimpleValueBinder] DEBUG org.hibernate.cfg.annotations.SimpleValueBinder - Starting fillSimpleValue for enabled
12:23:09.248 [main] [o.h.c.a.SimpleValueBinder] DEBUG org.hibernate.cfg.annotations.SimpleValueBinder - Starting fillSimpleValue for firstName
12:23:09.248 [main] [o.h.c.a.SimpleValueBinder] DEBUG org.hibernate.cfg.annotations.SimpleValueBinder - Starting fillSimpleValue for password
12:23:09.248 [main] [o.h.c.a.SimpleValueBinder] DEBUG org.hibernate.cfg.annotations.SimpleValueBinder - Starting fillSimpleValue for secondName
12:23:09.248 [main] [o.h.c.a.SimpleValueBinder] DEBUG org.hibernate.cfg.annotations.SimpleValueBinder - Starting fillSimpleValue for username
12:23:09.248 [main] [o.h.m.PrimaryKey] DEBUG org.hibernate.mapping.PrimaryKey - Forcing column [id] to be non-null as it is part of the primary key for table [bid]
12:23:09.248 [main] [o.h.m.PrimaryKey] DEBUG org.hibernate.mapping.PrimaryKey - Forcing column [id] to be non-null as it is part of the primary key for table [role]
12:23:09.248 [main] [o.h.m.PrimaryKey] DEBUG org.hibernate.mapping.PrimaryKey - Forcing column [id] to be non-null as it is part of the primary key for table [auction]
12:23:09.248 [main] [o.h.m.PrimaryKey] DEBUG org.hibernate.mapping.PrimaryKey - Forcing column [id] to be non-null as it is part of the primary key for table [lot]
12:23:09.248 [main] [o.h.m.PrimaryKey] DEBUG org.hibernate.mapping.PrimaryKey - Forcing column [id] to be non-null as it is part of the primary key for table [party]
12:23:09.248 [main] [o.h.m.PrimaryKey] DEBUG org.hibernate.mapping.PrimaryKey - Forcing column [id] to be non-null as it is part of the primary key for table [user]
12:23:09.248 [main] [o.h.c.CollectionSecondPass] DEBUG org.hibernate.cfg.CollectionSecondPass - Second pass for collection: org.solent.com504.project.model.user.dto.User.roles
12:23:09.248 [main] [o.h.c.a.CollectionBinder] DEBUG org.hibernate.cfg.annotations.CollectionBinder - Binding as ManyToMany: org.solent.com504.project.model.user.dto.User.roles
12:23:09.248 [main] [o.h.m.PrimaryKey] DEBUG org.hibernate.mapping.PrimaryKey - Forcing column [user_id] to be non-null as it is part of the primary key for table [user_role]
12:23:09.248 [main] [o.h.m.PrimaryKey] DEBUG org.hibernate.mapping.PrimaryKey - Forcing column [role_id] to be non-null as it is part of the primary key for table [user_role]
12:23:09.248 [main] [o.h.c.CollectionSecondPass] DEBUG org.hibernate.cfg.CollectionSecondPass - Mapped collection key: user_id, element: role_id
12:23:09.248 [main] [o.h.c.CollectionSecondPass] DEBUG org.hibernate.cfg.CollectionSecondPass - Second pass for collection: org.solent.com504.project.model.party.dto.Party.users
12:23:09.248 [main] [o.h.c.a.CollectionBinder] DEBUG org.hibernate.cfg.annotations.CollectionBinder - Binding as ManyToMany: org.solent.com504.project.model.party.dto.Party.users
12:23:09.264 [main] [o.h.m.PrimaryKey] DEBUG org.hibernate.mapping.PrimaryKey - Forcing column [user_id] to be non-null as it is part of the primary key for table [user_party]
12:23:09.264 [main] [o.h.m.PrimaryKey] DEBUG org.hibernate.mapping.PrimaryKey - Forcing column [party_id] to be non-null as it is part of the primary key for table [user_party]
12:23:09.264 [main] [o.h.c.CollectionSecondPass] DEBUG org.hibernate.cfg.CollectionSecondPass - Mapped collection key: user_id, element: party_id
12:23:09.264 [main] [o.h.c.CollectionSecondPass] DEBUG org.hibernate.cfg.CollectionSecondPass - Second pass for collection: org.solent.com504.project.model.lot.dto.Lot.bids
12:23:09.264 [main] [o.h.c.a.CollectionBinder] DEBUG org.hibernate.cfg.annotations.CollectionBinder - Binding a OneToMany: org.solent.com504.project.model.lot.dto.Lot.bids through an association table
12:23:09.264 [main] [o.h.c.CollectionSecondPass] DEBUG org.hibernate.cfg.CollectionSecondPass - Mapped collection key: Lot_id, element: bids_id
12:23:09.264 [main] [o.h.c.CollectionSecondPass] DEBUG org.hibernate.cfg.CollectionSecondPass - Second pass for collection: org.solent.com504.project.model.auction.dto.Auction.lots
12:23:09.264 [main] [o.h.c.a.CollectionBinder] DEBUG org.hibernate.cfg.annotations.CollectionBinder - Binding a OneToMany: org.solent.com504.project.model.auction.dto.Auction.lots through an association table
12:23:09.264 [main] [o.h.m.PrimaryKey] DEBUG org.hibernate.mapping.PrimaryKey - Forcing column [auction_id] to be non-null as it is part of the primary key for table [auction_lot]
12:23:09.264 [main] [o.h.m.PrimaryKey] DEBUG org.hibernate.mapping.PrimaryKey - Forcing column [lots_id] to be non-null as it is part of the primary key for table [auction_lot]
12:23:09.264 [main] [o.h.c.CollectionSecondPass] DEBUG org.hibernate.cfg.CollectionSecondPass - Mapped collection key: Auction_id, element: lots_id
12:23:09.264 [main] [o.h.c.CollectionSecondPass] DEBUG org.hibernate.cfg.CollectionSecondPass - Second pass for collection: org.solent.com504.project.model.user.dto.Role.users
12:23:09.264 [main] [o.h.c.a.CollectionBinder] DEBUG org.hibernate.cfg.annotations.CollectionBinder - Binding as ManyToMany: org.solent.com504.project.model.user.dto.Role.users
12:23:09.264 [main] [o.h.c.a.TableBinder] DEBUG org.hibernate.cfg.annotations.TableBinder - Retrieving property org.solent.com504.project.model.user.dto.User.roles
12:23:09.264 [main] [o.h.c.CollectionSecondPass] DEBUG org.hibernate.cfg.CollectionSecondPass - Mapped collection key: role_id, element: user_id
12:23:09.264 [main] [o.h.c.CollectionSecondPass] DEBUG org.hibernate.cfg.CollectionSecondPass - Second pass for collection: org.solent.com504.project.model.user.dto.User.parties
12:23:09.264 [main] [o.h.c.a.CollectionBinder] DEBUG org.hibernate.cfg.annotations.CollectionBinder - Binding as ManyToMany: org.solent.com504.project.model.user.dto.User.parties
12:23:09.264 [main] [o.h.c.a.TableBinder] DEBUG org.hibernate.cfg.annotations.TableBinder - Retrieving property org.solent.com504.project.model.party.dto.Party.users
12:23:09.264 [main] [o.h.c.CollectionSecondPass] DEBUG org.hibernate.cfg.CollectionSecondPass - Mapped collection key: party_id, element: user_id
12:23:09.264 [main] [o.h.b.i.InFlightMetadataCollectorImpl] DEBUG org.hibernate.boot.internal.InFlightMetadataCollectorImpl - Resolving reference to class: org.solent.com504.project.model.lot.dto.Lot
12:23:09.264 [main] [o.h.b.i.InFlightMetadataCollectorImpl] DEBUG org.hibernate.boot.internal.InFlightMetadataCollectorImpl - Resolving reference to class: org.solent.com504.project.model.auction.dto.Auction
12:23:09.264 [main] [o.h.b.i.InFlightMetadataCollectorImpl] DEBUG org.hibernate.boot.internal.InFlightMetadataCollectorImpl - Resolving reference to class: org.solent.com504.project.model.lot.dto.Lot
12:23:09.264 [main] [o.h.b.i.InFlightMetadataCollectorImpl] DEBUG org.hibernate.boot.internal.InFlightMetadataCollectorImpl - Resolving reference to class: org.solent.com504.project.model.bid.dto.Bid
12:23:09.264 [main] [o.h.b.i.InFlightMetadataCollectorImpl] DEBUG org.hibernate.boot.internal.InFlightMetadataCollectorImpl - Resolving reference to class: org.solent.com504.project.model.lot.dto.Lot
12:23:09.264 [main] [o.h.b.i.InFlightMetadataCollectorImpl] DEBUG org.hibernate.boot.internal.InFlightMetadataCollectorImpl - Resolving reference to class: org.solent.com504.project.model.user.dto.User
12:23:09.264 [main] [o.h.b.i.InFlightMetadataCollectorImpl] DEBUG org.hibernate.boot.internal.InFlightMetadataCollectorImpl - Resolving reference to class: org.solent.com504.project.model.party.dto.Party
12:23:09.264 [main] [o.h.b.i.InFlightMetadataCollectorImpl] DEBUG org.hibernate.boot.internal.InFlightMetadataCollectorImpl - Resolving reference to class: org.solent.com504.project.model.user.dto.Role
12:23:09.264 [main] [o.h.b.i.InFlightMetadataCollectorImpl] DEBUG org.hibernate.boot.internal.InFlightMetadataCollectorImpl - Resolving reference to class: org.solent.com504.project.model.user.dto.User
12:23:09.264 [main] [o.h.b.i.InFlightMetadataCollectorImpl] DEBUG org.hibernate.boot.internal.InFlightMetadataCollectorImpl - Resolving reference to class: org.solent.com504.project.model.lot.dto.Lot
12:23:09.264 [main] [o.h.b.i.InFlightMetadataCollectorImpl] DEBUG org.hibernate.boot.internal.InFlightMetadataCollectorImpl - Resolving reference to class: org.solent.com504.project.model.auction.dto.Auction
12:23:09.264 [main] [o.h.b.i.InFlightMetadataCollectorImpl] DEBUG org.hibernate.boot.internal.InFlightMetadataCollectorImpl - Resolving reference to class: org.solent.com504.project.model.lot.dto.Lot
12:23:09.264 [main] [o.h.b.i.InFlightMetadataCollectorImpl] DEBUG org.hibernate.boot.internal.InFlightMetadataCollectorImpl - Resolving reference to class: org.solent.com504.project.model.bid.dto.Bid
12:23:09.264 [main] [o.h.b.i.InFlightMetadataCollectorImpl] DEBUG org.hibernate.boot.internal.InFlightMetadataCollectorImpl - Resolving reference to class: org.solent.com504.project.model.lot.dto.Lot
12:23:09.264 [main] [o.h.b.i.InFlightMetadataCollectorImpl] DEBUG org.hibernate.boot.internal.InFlightMetadataCollectorImpl - Resolving reference to class: org.solent.com504.project.model.user.dto.User
12:23:09.264 [main] [o.h.b.i.InFlightMetadataCollectorImpl] DEBUG org.hibernate.boot.internal.InFlightMetadataCollectorImpl - Resolving reference to class: org.solent.com504.project.model.party.dto.Party
12:23:09.264 [main] [o.h.b.i.InFlightMetadataCollectorImpl] DEBUG org.hibernate.boot.internal.InFlightMetadataCollectorImpl - Resolving reference to class: org.solent.com504.project.model.user.dto.Role
12:23:09.264 [main] [o.h.b.i.InFlightMetadataCollectorImpl] DEBUG org.hibernate.boot.internal.InFlightMetadataCollectorImpl - Resolving reference to class: org.solent.com504.project.model.user.dto.User
12:23:09.264 [main] [o.h.i.SessionFactoryImpl] DEBUG org.hibernate.internal.SessionFactoryImpl - Building session factory
12:23:09.264 [main] [o.h.c.Settings] DEBUG org.hibernate.cfg.Settings - SessionFactory name : null
12:23:09.264 [main] [o.h.c.Settings] DEBUG org.hibernate.cfg.Settings - Automatic flush during beforeCompletion(): enabled
12:23:09.264 [main] [o.h.c.Settings] DEBUG org.hibernate.cfg.Settings - Automatic session close at end of transaction: disabled
12:23:09.264 [main] [o.h.c.Settings] DEBUG org.hibernate.cfg.Settings - Statistics: disabled
12:23:09.264 [main] [o.h.c.Settings] DEBUG org.hibernate.cfg.Settings - Deleted entity synthetic identifier rollback: disabled
12:23:09.264 [main] [o.h.c.Settings] DEBUG org.hibernate.cfg.Settings - Default entity-mode: pojo
12:23:09.264 [main] [o.h.c.Settings] DEBUG org.hibernate.cfg.Settings - Check Nullability in Core (should be disabled when Bean Validation is on): enabled
12:23:09.264 [main] [o.h.c.Settings] DEBUG org.hibernate.cfg.Settings - Allow initialization of lazy state outside session : disabled
12:23:09.264 [main] [o.h.c.Settings] DEBUG org.hibernate.cfg.Settings - Using BatchFetchStyle : LEGACY
12:23:09.264 [main] [o.h.c.Settings] DEBUG org.hibernate.cfg.Settings - Default batch fetch size: -1
12:23:09.264 [main] [o.h.c.Settings] DEBUG org.hibernate.cfg.Settings - Maximum outer join fetch depth: null
12:23:09.264 [main] [o.h.c.Settings] DEBUG org.hibernate.cfg.Settings - Default null ordering: NONE
12:23:09.264 [main] [o.h.c.Settings] DEBUG org.hibernate.cfg.Settings - Order SQL updates by primary key: disabled
12:23:09.264 [main] [o.h.c.Settings] DEBUG org.hibernate.cfg.Settings - Order SQL inserts for batching: disabled
12:23:09.264 [main] [o.h.c.Settings] DEBUG org.hibernate.cfg.Settings - multi-tenancy strategy : NONE
12:23:09.264 [main] [o.h.c.Settings] DEBUG org.hibernate.cfg.Settings - JTA Track by Thread: enabled
12:23:09.264 [main] [o.h.c.Settings] DEBUG org.hibernate.cfg.Settings - Query language substitutions: {}
12:23:09.264 [main] [o.h.c.Settings] DEBUG org.hibernate.cfg.Settings - JPA query language strict compliance: disabled
12:23:09.264 [main] [o.h.c.Settings] DEBUG org.hibernate.cfg.Settings - Named query checking : enabled
12:23:09.264 [main] [o.h.c.Settings] DEBUG org.hibernate.cfg.Settings - Second-level cache: disabled
12:23:09.264 [main] [o.h.c.Settings] DEBUG org.hibernate.cfg.Settings - Second-level query cache: disabled
12:23:09.264 [main] [o.h.c.Settings] DEBUG org.hibernate.cfg.Settings - Second-level query cache factory: null
12:23:09.264 [main] [o.h.c.Settings] DEBUG org.hibernate.cfg.Settings - Second-level cache region prefix: null
12:23:09.264 [main] [o.h.c.Settings] DEBUG org.hibernate.cfg.Settings - Optimize second-level cache for minimal puts: disabled
12:23:09.264 [main] [o.h.c.Settings] DEBUG org.hibernate.cfg.Settings - Structured second-level cache entries: disabled
12:23:09.264 [main] [o.h.c.Settings] DEBUG org.hibernate.cfg.Settings - Second-level cache direct-reference entries: disabled
12:23:09.264 [main] [o.h.c.Settings] DEBUG org.hibernate.cfg.Settings - Automatic eviction of collection cache: disabled
12:23:09.264 [main] [o.h.c.Settings] DEBUG org.hibernate.cfg.Settings - JDBC batch size: 15
12:23:09.264 [main] [o.h.c.Settings] DEBUG org.hibernate.cfg.Settings - JDBC batch updates for versioned data: enabled
12:23:09.264 [main] [o.h.c.Settings] DEBUG org.hibernate.cfg.Settings - Scrollable result sets: enabled
12:23:09.264 [main] [o.h.c.Settings] DEBUG org.hibernate.cfg.Settings - Wrap result sets: disabled
12:23:09.264 [main] [o.h.c.Settings] DEBUG org.hibernate.cfg.Settings - JDBC3 getGeneratedKeys(): enabled
12:23:09.264 [main] [o.h.c.Settings] DEBUG org.hibernate.cfg.Settings - JDBC result set fetch size: null
12:23:09.264 [main] [o.h.c.Settings] DEBUG org.hibernate.cfg.Settings - Connection release mode: ON_CLOSE
12:23:09.264 [main] [o.h.c.Settings] DEBUG org.hibernate.cfg.Settings - Generate SQL with comments: disabled
12:23:09.280 [main] [o.h.i.SessionFactoryImpl] DEBUG org.hibernate.internal.SessionFactoryImpl - Session factory constructed with filter configurations : {}
12:23:09.280 [main] [o.h.i.SessionFactoryImpl] DEBUG org.hibernate.internal.SessionFactoryImpl - Instantiating session factory with properties: {sun.desktop=windows, awt.toolkit=sun.awt.windows.WToolkit, file.encoding.pkg=sun.io, java.specification.version=1.8, hibernate.connection.handling_mode=DELAYED_ACQUISITION_AND_HOLD, sun.cpu.isalist=amd64, sun.jnu.encoding=Cp1252, hibernate.dialect=org.hibernate.dialect.HSQLDialect, java.class.path=C:\Users\3moulj69\Repos\temp\SOFTWARE-SYSTEMS-DEVELOPMENT\Josh\Andres-Project\project\service\target\test-classes;C:\Users\3moulj69\Repos\temp\SOFTWARE-SYSTEMS-DEVELOPMENT\Josh\Andres-Project\project\service\target\classes;C:\Users\3moulj69\Repos\temp\SOFTWARE-SYSTEMS-DEVELOPMENT\Josh\Andres-Project\project\model\target\project-model-1.5-SNAPSHOT.jar;C:\Users\3moulj69\Repos\temp\SOFTWARE-SYSTEMS-DEVELOPMENT\Josh\Andres-Project\project\dao-springdata-jpa\target\project-dao-springdata-jpa-1.5-SNAPSHOT.jar;C:\Users\3moulj69\.m2\repository\org\springframework\spring-orm\5.2.3.RELEASE\spring-orm-5.2.3.RELEASE.jar;C:\Users\3moulj69\.m2\repository\org\springframework\spring-jdbc\5.2.3.RELEASE\spring-jdbc-5.2.3.RELEASE.jar;C:\Users\3moulj69\.m2\repository\org\springframework\spring-tx\5.2.3.RELEASE\spring-tx-5.2.3.RELEASE.jar;C:\Users\3moulj69\.m2\repository\org\springframework\data\spring-data-jpa\2.2.3.RELEASE\spring-data-jpa-2.2.3.RELEASE.jar;C:\Users\3moulj69\.m2\repository\org\springframework\data\spring-data-commons\2.2.3.RELEASE\spring-data-commons-2.2.3.RELEASE.jar;C:\Users\3moulj69\.m2\repository\org\aspectj\aspectjrt\1.9.5\aspectjrt-1.9.5.jar;C:\Users\3moulj69\.m2\repository\org\hibernate\hibernate-core\5.2.17.Final\hibernate-core-5.2.17.Final.jar;C:\Users\3moulj69\.m2\repository\org\jboss\logging\jboss-logging\3.3.1.Final\jboss-logging-3.3.1.Final.jar;C:\Users\3moulj69\.m2\repository\org\hibernate\javax\persistence\hibernate-jpa-2.1-api\1.0.0.Final\hibernate-jpa-2.1-api-1.0.0.Final.jar;C:\Users\3moulj69\.m2\repository\org\javassist\javassist\3.22.0-GA\javassist-3.22.0-GA.jar;C:\Users\3moulj69\.m2\repository\antlr\antlr\2.7.7\antlr-2.7.7.jar;C:\Users\3moulj69\.m2\repository\org\jboss\spec\javax\transaction\jboss-transaction-api_1.2_spec\1.0.1.Final\jboss-transaction-api_1.2_spec-1.0.1.Final.jar;C:\Users\3moulj69\.m2\repository\org\jboss\jandex\2.0.3.Final\jandex-2.0.3.Final.jar;C:\Users\3moulj69\.m2\repository\com\fasterxml\classmate\1.3.0\classmate-1.3.0.jar;C:\Users\3moulj69\.m2\repository\dom4j\dom4j\1.6.1\dom4j-1.6.1.jar;C:\Users\3moulj69\.m2\repository\org\hibernate\common\hibernate-commons-annotations\5.0.1.Final\hibernate-commons-annotations-5.0.1.Final.jar;C:\Users\3moulj69\.m2\repository\org\hibernate\hibernate-entitymanager\5.2.17.Final\hibernate-entitymanager-5.2.17.Final.jar;C:\Users\3moulj69\.m2\repository\net\bytebuddy\byte-buddy\1.6.14\byte-buddy-1.6.14.jar;C:\Users\3moulj69\.m2\repository\org\hsqldb\hsqldb\2.2.4\hsqldb-2.2.4.jar;C:\Users\3moulj69\.m2\repository\org\springframework\security\spring-security-config\5.2.1.RELEASE\spring-security-config-5.2.1.RELEASE.jar;C:\Users\3moulj69\.m2\repository\org\springframework\security\spring-security-core\5.2.1.RELEASE\spring-security-core-5.2.1.RELEASE.jar;C:\Users\3moulj69\.m2\repository\org\springframework\spring-aop\5.2.1.RELEASE\spring-aop-5.2.1.RELEASE.jar;C:\Users\3moulj69\.m2\repository\org\springframework\spring-beans\5.2.1.RELEASE\spring-beans-5.2.1.RELEASE.jar;C:\Users\3moulj69\.m2\repository\javax\servlet\javax.servlet-api\3.1.0\javax.servlet-api-3.1.0.jar;C:\Users\3moulj69\.m2\repository\org\springframework\spring-core\5.2.3.RELEASE\spring-core-5.2.3.RELEASE.jar;C:\Users\3moulj69\.m2\repository\org\springframework\spring-jcl\5.2.3.RELEASE\spring-jcl-5.2.3.RELEASE.jar;C:\Users\3moulj69\.m2\repository\org\springframework\spring-context\5.2.3.RELEASE\spring-context-5.2.3.RELEASE.jar;C:\Users\3moulj69\.m2\repository\org\springframework\spring-expression\5.2.3.RELEASE\spring-expression-5.2.3.RELEASE.jar;C:\Users\3moulj69\.m2\repository\org\springframework\spring-test\5.2.3.RELEASE\spring-test-5.2.3.RELEASE.jar;C:\Users\3moulj69\.m2\repository\org\slf4j\slf4j-api\1.7.12\slf4j-api-1.7.12.jar;C:\Users\3moulj69\.m2\repository\org\slf4j\jcl-over-slf4j\1.7.12\jcl-over-slf4j-1.7.12.jar;C:\Users\3moulj69\.m2\repository\org\apache\logging\log4j\log4j-slf4j-impl\2.12.1\log4j-slf4j-impl-2.12.1.jar;C:\Users\3moulj69\.m2\repository\org\apache\logging\log4j\log4j-api\2.12.1\log4j-api-2.12.1.jar;C:\Users\3moulj69\.m2\repository\org\apache\logging\log4j\log4j-core\2.12.1\log4j-core-2.12.1.jar;C:\Users\3moulj69\.m2\repository\junit\junit\4.12\junit-4.12.jar;C:\Users\3moulj69\.m2\repository\org\hamcrest\hamcrest-core\1.3\hamcrest-core-1.3.jar;, java.vm.vendor=Oracle Corporation, sun.arch.data.model=64, user.variant=, java.vendor.url=http://java.oracle.com/, user.timezone=Europe/London, os.name=Windows 10, java.vm.specification.version=1.8, org.apache.logging.log4j.assignedSequences=2868, javax.persistence.validation.mode=AUTO, user.country=GB, sun.java.launcher=SUN_STANDARD, sun.boot.library.path=C:\Program Files\Java\jdk1.8.0_202\jre\bin, sun.java.command=C:\Users\3moulj69\Repos\temp\SOFTWARE-SYSTEMS-DEVELOPMENT\Josh\Andres-Project\project\service\target\surefire\surefirebooter3177549076182581859.jar C:\Users\3moulj69\Repos\temp\SOFTWARE-SYSTEMS-DEVELOPMENT\Josh\Andres-Project\project\service\target\surefire\surefire1466935621808437960tmp C:\Users\3moulj69\Repos\temp\SOFTWARE-SYSTEMS-DEVELOPMENT\Josh\Andres-Project\project\service\target\surefire\surefire_21610677784229838450tmp, javax.persistence.sharedCache.mode=UNSPECIFIED, surefire.test.class.path=C:\Users\3moulj69\Repos\temp\SOFTWARE-SYSTEMS-DEVELOPMENT\Josh\Andres-Project\project\service\target\test-classes;C:\Users\3moulj69\Repos\temp\SOFTWARE-SYSTEMS-DEVELOPMENT\Josh\Andres-Project\project\service\target\classes;C:\Users\3moulj69\Repos\temp\SOFTWARE-SYSTEMS-DEVELOPMENT\Josh\Andres-Project\project\model\target\project-model-1.5-SNAPSHOT.jar;C:\Users\3moulj69\Repos\temp\SOFTWARE-SYSTEMS-DEVELOPMENT\Josh\Andres-Project\project\dao-springdata-jpa\target\project-dao-springdata-jpa-1.5-SNAPSHOT.jar;C:\Users\3moulj69\.m2\repository\org\springframework\spring-orm\5.2.3.RELEASE\spring-orm-5.2.3.RELEASE.jar;C:\Users\3moulj69\.m2\repository\org\springframework\spring-jdbc\5.2.3.RELEASE\spring-jdbc-5.2.3.RELEASE.jar;C:\Users\3moulj69\.m2\repository\org\springframework\spring-tx\5.2.3.RELEASE\spring-tx-5.2.3.RELEASE.jar;C:\Users\3moulj69\.m2\repository\org\springframework\data\spring-data-jpa\2.2.3.RELEASE\spring-data-jpa-2.2.3.RELEASE.jar;C:\Users\3moulj69\.m2\repository\org\springframework\data\spring-data-commons\2.2.3.RELEASE\spring-data-commons-2.2.3.RELEASE.jar;C:\Users\3moulj69\.m2\repository\org\aspectj\aspectjrt\1.9.5\aspectjrt-1.9.5.jar;C:\Users\3moulj69\.m2\repository\org\hibernate\hibernate-core\5.2.17.Final\hibernate-core-5.2.17.Final.jar;C:\Users\3moulj69\.m2\repository\org\jboss\logging\jboss-logging\3.3.1.Final\jboss-logging-3.3.1.Final.jar;C:\Users\3moulj69\.m2\repository\org\hibernate\javax\persistence\hibernate-jpa-2.1-api\1.0.0.Final\hibernate-jpa-2.1-api-1.0.0.Final.jar;C:\Users\3moulj69\.m2\repository\org\javassist\javassist\3.22.0-GA\javassist-3.22.0-GA.jar;C:\Users\3moulj69\.m2\repository\antlr\antlr\2.7.7\antlr-2.7.7.jar;C:\Users\3moulj69\.m2\repository\org\jboss\spec\javax\transaction\jboss-transaction-api_1.2_spec\1.0.1.Final\jboss-transaction-api_1.2_spec-1.0.1.Final.jar;C:\Users\3moulj69\.m2\repository\org\jboss\jandex\2.0.3.Final\jandex-2.0.3.Final.jar;C:\Users\3moulj69\.m2\repository\com\fasterxml\classmate\1.3.0\classmate-1.3.0.jar;C:\Users\3moulj69\.m2\repository\dom4j\dom4j\1.6.1\dom4j-1.6.1.jar;C:\Users\3moulj69\.m2\repository\org\hibernate\common\hibernate-commons-annotations\5.0.1.Final\hibernate-commons-annotations-5.0.1.Final.jar;C:\Users\3moulj69\.m2\repository\org\hibernate\hibernate-entitymanager\5.2.17.Final\hibernate-entitymanager-5.2.17.Final.jar;C:\Users\3moulj69\.m2\repository\net\bytebuddy\byte-buddy\1.6.14\byte-buddy-1.6.14.jar;C:\Users\3moulj69\.m2\repository\org\hsqldb\hsqldb\2.2.4\hsqldb-2.2.4.jar;C:\Users\3moulj69\.m2\repository\org\springframework\security\spring-security-config\5.2.1.RELEASE\spring-security-config-5.2.1.RELEASE.jar;C:\Users\3moulj69\.m2\repository\org\springframework\security\spring-security-core\5.2.1.RELEASE\spring-security-core-5.2.1.RELEASE.jar;C:\Users\3moulj69\.m2\repository\org\springframework\spring-aop\5.2.1.RELEASE\spring-aop-5.2.1.RELEASE.jar;C:\Users\3moulj69\.m2\repository\org\springframework\spring-beans\5.2.1.RELEASE\spring-beans-5.2.1.RELEASE.jar;C:\Users\3moulj69\.m2\repository\javax\servlet\javax.servlet-api\3.1.0\javax.servlet-api-3.1.0.jar;C:\Users\3moulj69\.m2\repository\org\springframework\spring-core\5.2.3.RELEASE\spring-core-5.2.3.RELEASE.jar;C:\Users\3moulj69\.m2\repository\org\springframework\spring-jcl\5.2.3.RELEASE\spring-jcl-5.2.3.RELEASE.jar;C:\Users\3moulj69\.m2\repository\org\springframework\spring-context\5.2.3.RELEASE\spring-context-5.2.3.RELEASE.jar;C:\Users\3moulj69\.m2\repository\org\springframework\spring-expression\5.2.3.RELEASE\spring-expression-5.2.3.RELEASE.jar;C:\Users\3moulj69\.m2\repository\org\springframework\spring-test\5.2.3.RELEASE\spring-test-5.2.3.RELEASE.jar;C:\Users\3moulj69\.m2\repository\org\slf4j\slf4j-api\1.7.12\slf4j-api-1.7.12.jar;C:\Users\3moulj69\.m2\repository\org\slf4j\jcl-over-slf4j\1.7.12\jcl-over-slf4j-1.7.12.jar;C:\Users\3moulj69\.m2\repository\org\apache\logging\log4j\log4j-slf4j-impl\2.12.1\log4j-slf4j-impl-2.12.1.jar;C:\Users\3moulj69\.m2\repository\org\apache\logging\log4j\log4j-api\2.12.1\log4j-api-2.12.1.jar;C:\Users\3moulj69\.m2\repository\org\apache\logging\log4j\log4j-core\2.12.1\log4j-core-2.12.1.jar;C:\Users\3moulj69\.m2\repository\junit\junit\4.12\junit-4.12.jar;C:\Users\3moulj69\.m2\repository\org\hamcrest\hamcrest-core\1.3\hamcrest-core-1.3.jar;, sun.cpu.endian=little, user.home=C:\Users\3moulj69, user.language=en, java.specification.vendor=Oracle Corporation, java.home=C:\Program Files\Java\jdk1.8.0_202\jre, basedir=C:\Users\3moulj69\Repos\temp\SOFTWARE-SYSTEMS-DEVELOPMENT\Josh\Andres-Project\project\service, file.separator=\, line.separator=
, java.vm.specification.vendor=Oracle Corporation, java.specification.name=Java Platform API Specification, hibernate.transaction.coordinator_class=class org.hibernate.resource.transaction.backend.jdbc.internal.JdbcResourceLocalTransactionCoordinatorBuilderImpl, java.awt.graphicsenv=sun.awt.Win32GraphicsEnvironment, surefire.real.class.path=C:\Users\3moulj69\Repos\temp\SOFTWARE-SYSTEMS-DEVELOPMENT\Josh\Andres-Project\project\service\target\surefire\surefirebooter3177549076182581859.jar, sun.boot.class.path=C:\Program Files\Java\jdk1.8.0_202\jre\lib\resources.jar;C:\Program Files\Java\jdk1.8.0_202\jre\lib\rt.jar;C:\Program Files\Java\jdk1.8.0_202\jre\lib\sunrsasign.jar;C:\Program Files\Java\jdk1.8.0_202\jre\lib\jsse.jar;C:\Program Files\Java\jdk1.8.0_202\jre\lib\jce.jar;C:\Program Files\Java\jdk1.8.0_202\jre\lib\charsets.jar;C:\Program Files\Java\jdk1.8.0_202\jre\lib\jfr.jar;C:\Program Files\Java\jdk1.8.0_202\jre\classes, hibernate.hbm2ddl.auto=update, user.script=, sun.management.compiler=HotSpot 64-Bit Tiered Compilers, java.runtime.version=1.8.0_202-b08, user.name=3moulj69, path.separator=;, os.version=10.0, java.endorsed.dirs=C:\Program Files\Java\jdk1.8.0_202\jre\lib\endorsed, java.runtime.name=Java(TM) SE Runtime Environment, hibernate.ejb.persistenceUnitName=default, file.encoding=Cp1252, java.vm.name=Java HotSpot(TM) 64-Bit Server VM, hibernate.show_sql=true, localRepository=C:\Users\3moulj69\.m2\repository, java.vendor.url.bug=http://bugreport.sun.com/bugreport/, java.io.tmpdir=C:\Users\3moulj69\AppData\Local\Temp\, java.version=1.8.0_202, user.dir=C:\Users\3moulj69\Repos\temp\SOFTWARE-SYSTEMS-DEVELOPMENT\Josh\Andres-Project\project\service, os.arch=amd64, java.vm.specification.name=Java Virtual Machine Specification, java.awt.printerjob=sun.awt.windows.WPrinterJob, sun.os.patch.level=, hibernate.boot.CfgXmlAccessService.key=org.hibernate.boot.cfgxml.spi.LoadedConfig@6a5e167a, java.library.path=C:\Program Files\Java\jdk1.8.0_202\jre\bin;C:\WINDOWS\Sun\Java\bin;C:\WINDOWS\system32;C:\WINDOWS;C:\Program Files (x86)\Python37-32\Scripts\;C:\Program Files (x86)\Python37-32\;C:\Program Files (x86)\Common Files\Oracle\Java\javapath;C:\Program Files (x86)\NVIDIA Corporation\PhysX\Common;C:\WINDOWS\system32;C:\WINDOWS;C:\WINDOWS\System32\Wbem;C:\WINDOWS\System32\WindowsPowerShell\v1.0\;C:\WINDOWS\System32\OpenSSH\;C:\Program Files\Microsoft SQL Server\120\Tools\Binn\;C:\Program Files (x86)\Brackets\command;C:\Program Files (x86)\Common Files\Sage SData\;C:\Program Files\Csound6_x64\bin;C:\Program Files\Git\cmd;C:\Program Files\MiKTeX 2.9\miktex\bin\x64\;C:\Program Files\nodejs\;C:\Program Files\Microsoft VS Code\bin;C:\Program Files\Java\jdk1.8.0_202\bin;c:\program files\apache\maven\bin;C:\Program Files (x86)\Windows Kits\8.1\Windows Performance Toolkit\;C:\Program Files\MATLAB\R2017a\runtime\win64;C:\Program Files\MATLAB\R2017a\bin;C:\Users\3moulj69\AppData\Local\Microsoft\WindowsApps;;., java.vm.info=mixed mode, java.vendor=Oracle Corporation, java.vm.version=25.202-b08, hibernate.bytecode.use_reflection_optimizer=false, hibernate.connection.datasource=org.springframework.jdbc.datasource.DriverManagerDataSource@44fdce3c, java.ext.dirs=C:\Program Files\Java\jdk1.8.0_202\jre\lib\ext;C:\WINDOWS\Sun\Java\lib\ext, sun.io.unicode.encoding=UnicodeLittle, java.class.version=52.0}
12:23:09.280 [main] [o.h.s.s.JaccIntegrator] DEBUG org.hibernate.secure.spi.JaccIntegrator - Skipping JACC integration as it was not enabled
12:23:09.280 [main] [o.h.e.s.CascadeStyles] DEBUG org.hibernate.engine.spi.CascadeStyles - External cascade style registration [persist : STYLE_PERSIST_SKIPLAZY] overrode base registration [STYLE_PERSIST]
12:23:09.295 [main] [o.h.i.SessionFactoryImpl] DEBUG org.hibernate.internal.SessionFactoryImpl - Instantiated session factory
12:23:09.295 [main] [o.h.b.i.ClassLoaderAccessImpl] DEBUG org.hibernate.boot.internal.ClassLoaderAccessImpl - Not known whether passed class name [org.solent.com504.project.model.bid.dto.Bid] is safe
12:23:09.295 [main] [o.h.b.i.ClassLoaderAccessImpl] DEBUG org.hibernate.boot.internal.ClassLoaderAccessImpl - No temp ClassLoader provided; using live ClassLoader for loading potentially unsafe class : org.solent.com504.project.model.bid.dto.Bid
12:23:09.295 [main] [o.h.b.i.ClassLoaderAccessImpl] DEBUG org.hibernate.boot.internal.ClassLoaderAccessImpl - Not known whether passed class name [org.solent.com504.project.model.bid.dto.Bid] is safe
12:23:09.295 [main] [o.h.b.i.ClassLoaderAccessImpl] DEBUG org.hibernate.boot.internal.ClassLoaderAccessImpl - No temp ClassLoader provided; using live ClassLoader for loading potentially unsafe class : org.solent.com504.project.model.bid.dto.Bid
12:23:09.311 [main] [o.h.b.i.ClassLoaderAccessImpl] DEBUG org.hibernate.boot.internal.ClassLoaderAccessImpl - Not known whether passed class name [org.solent.com504.project.model.user.dto.Role] is safe
12:23:09.311 [main] [o.h.b.i.ClassLoaderAccessImpl] DEBUG org.hibernate.boot.internal.ClassLoaderAccessImpl - No temp ClassLoader provided; using live ClassLoader for loading potentially unsafe class : org.solent.com504.project.model.user.dto.Role
12:23:09.311 [main] [o.h.b.i.ClassLoaderAccessImpl] DEBUG org.hibernate.boot.internal.ClassLoaderAccessImpl - Not known whether passed class name [org.solent.com504.project.model.user.dto.Role] is safe
12:23:09.311 [main] [o.h.b.i.ClassLoaderAccessImpl] DEBUG org.hibernate.boot.internal.ClassLoaderAccessImpl - No temp ClassLoader provided; using live ClassLoader for loading potentially unsafe class : org.solent.com504.project.model.user.dto.Role
12:23:09.311 [main] [o.h.b.i.ClassLoaderAccessImpl] DEBUG org.hibernate.boot.internal.ClassLoaderAccessImpl - Not known whether passed class name [org.solent.com504.project.model.auction.dto.Auction] is safe
12:23:09.311 [main] [o.h.b.i.ClassLoaderAccessImpl] DEBUG org.hibernate.boot.internal.ClassLoaderAccessImpl - No temp ClassLoader provided; using live ClassLoader for loading potentially unsafe class : org.solent.com504.project.model.auction.dto.Auction
12:23:09.311 [main] [o.h.b.i.ClassLoaderAccessImpl] DEBUG org.hibernate.boot.internal.ClassLoaderAccessImpl - Not known whether passed class name [org.solent.com504.project.model.auction.dto.Auction] is safe
12:23:09.311 [main] [o.h.b.i.ClassLoaderAccessImpl] DEBUG org.hibernate.boot.internal.ClassLoaderAccessImpl - No temp ClassLoader provided; using live ClassLoader for loading potentially unsafe class : org.solent.com504.project.model.auction.dto.Auction
12:23:09.311 [main] [o.h.b.i.ClassLoaderAccessImpl] DEBUG org.hibernate.boot.internal.ClassLoaderAccessImpl - Not known whether passed class name [org.solent.com504.project.model.lot.dto.Lot] is safe
12:23:09.311 [main] [o.h.b.i.ClassLoaderAccessImpl] DEBUG org.hibernate.boot.internal.ClassLoaderAccessImpl - No temp ClassLoader provided; using live ClassLoader for loading potentially unsafe class : org.solent.com504.project.model.lot.dto.Lot
12:23:09.311 [main] [o.h.b.i.ClassLoaderAccessImpl] DEBUG org.hibernate.boot.internal.ClassLoaderAccessImpl - Not known whether passed class name [org.solent.com504.project.model.lot.dto.Lot] is safe
12:23:09.311 [main] [o.h.b.i.ClassLoaderAccessImpl] DEBUG org.hibernate.boot.internal.ClassLoaderAccessImpl - No temp ClassLoader provided; using live ClassLoader for loading potentially unsafe class : org.solent.com504.project.model.lot.dto.Lot
12:23:09.311 [main] [o.h.b.i.ClassLoaderAccessImpl] DEBUG org.hibernate.boot.internal.ClassLoaderAccessImpl - Not known whether passed class name [org.solent.com504.project.model.party.dto.Party] is safe
12:23:09.311 [main] [o.h.b.i.ClassLoaderAccessImpl] DEBUG org.hibernate.boot.internal.ClassLoaderAccessImpl - No temp ClassLoader provided; using live ClassLoader for loading potentially unsafe class : org.solent.com504.project.model.party.dto.Party
12:23:09.311 [main] [o.h.b.i.ClassLoaderAccessImpl] DEBUG org.hibernate.boot.internal.ClassLoaderAccessImpl - Not known whether passed class name [org.solent.com504.project.model.party.dto.Party] is safe
12:23:09.311 [main] [o.h.b.i.ClassLoaderAccessImpl] DEBUG org.hibernate.boot.internal.ClassLoaderAccessImpl - No temp ClassLoader provided; using live ClassLoader for loading potentially unsafe class : org.solent.com504.project.model.party.dto.Party
12:23:09.311 [main] [o.h.b.i.ClassLoaderAccessImpl] DEBUG org.hibernate.boot.internal.ClassLoaderAccessImpl - Not known whether passed class name [org.solent.com504.project.model.user.dto.User] is safe
12:23:09.311 [main] [o.h.b.i.ClassLoaderAccessImpl] DEBUG org.hibernate.boot.internal.ClassLoaderAccessImpl - No temp ClassLoader provided; using live ClassLoader for loading potentially unsafe class : org.solent.com504.project.model.user.dto.User
12:23:09.311 [main] [o.h.b.i.ClassLoaderAccessImpl] DEBUG org.hibernate.boot.internal.ClassLoaderAccessImpl - Not known whether passed class name [org.solent.com504.project.model.user.dto.User] is safe
12:23:09.311 [main] [o.h.b.i.ClassLoaderAccessImpl] DEBUG org.hibernate.boot.internal.ClassLoaderAccessImpl - No temp ClassLoader provided; using live ClassLoader for loading potentially unsafe class : org.solent.com504.project.model.user.dto.User
12:23:09.327 [main] [o.h.p.c.AbstractCollectionPersister] DEBUG org.hibernate.persister.collection.AbstractCollectionPersister - Static SQL for collection: org.solent.com504.project.model.user.dto.User.roles
12:23:09.327 [main] [o.h.p.c.AbstractCollectionPersister] DEBUG org.hibernate.persister.collection.AbstractCollectionPersister -  Row insert: insert into user_role (user_id, role_id) values (?, ?)
12:23:09.327 [main] [o.h.p.c.AbstractCollectionPersister] DEBUG org.hibernate.persister.collection.AbstractCollectionPersister -  Row update: update user_role set role_id=? where user_id=? and role_id=?
12:23:09.327 [main] [o.h.p.c.AbstractCollectionPersister] DEBUG org.hibernate.persister.collection.AbstractCollectionPersister -  Row delete: delete from user_role where user_id=? and role_id=?
12:23:09.327 [main] [o.h.p.c.AbstractCollectionPersister] DEBUG org.hibernate.persister.collection.AbstractCollectionPersister -  One-shot delete: delete from user_role where user_id=?
12:23:09.327 [main] [o.h.p.c.AbstractCollectionPersister] DEBUG org.hibernate.persister.collection.AbstractCollectionPersister - Static SQL for collection: org.solent.com504.project.model.user.dto.Role.users
12:23:09.327 [main] [o.h.p.c.AbstractCollectionPersister] DEBUG org.hibernate.persister.collection.AbstractCollectionPersister -  Row insert: insert into user_role (role_id, user_id) values (?, ?)
12:23:09.327 [main] [o.h.p.c.AbstractCollectionPersister] DEBUG org.hibernate.persister.collection.AbstractCollectionPersister -  Row update: update user_role set user_id=? where role_id=? and user_id=?
12:23:09.327 [main] [o.h.p.c.AbstractCollectionPersister] DEBUG org.hibernate.persister.collection.AbstractCollectionPersister -  Row delete: delete from user_role where role_id=? and user_id=?
12:23:09.327 [main] [o.h.p.c.AbstractCollectionPersister] DEBUG org.hibernate.persister.collection.AbstractCollectionPersister -  One-shot delete: delete from user_role where role_id=?
12:23:09.327 [main] [o.h.p.c.AbstractCollectionPersister] DEBUG org.hibernate.persister.collection.AbstractCollectionPersister - Static SQL for collection: org.solent.com504.project.model.auction.dto.Auction.lots
12:23:09.327 [main] [o.h.p.c.AbstractCollectionPersister] DEBUG org.hibernate.persister.collection.AbstractCollectionPersister -  Row insert: insert into Auction_Lot (Auction_id, lots_id) values (?, ?)
12:23:09.327 [main] [o.h.p.c.AbstractCollectionPersister] DEBUG org.hibernate.persister.collection.AbstractCollectionPersister -  Row update: update Auction_Lot set lots_id=? where Auction_id=? and lots_id=?
12:23:09.327 [main] [o.h.p.c.AbstractCollectionPersister] DEBUG org.hibernate.persister.collection.AbstractCollectionPersister -  Row delete: delete from Auction_Lot where Auction_id=? and lots_id=?
12:23:09.327 [main] [o.h.p.c.AbstractCollectionPersister] DEBUG org.hibernate.persister.collection.AbstractCollectionPersister -  One-shot delete: delete from Auction_Lot where Auction_id=?
12:23:09.327 [main] [o.h.p.c.AbstractCollectionPersister] DEBUG org.hibernate.persister.collection.AbstractCollectionPersister - Static SQL for collection: org.solent.com504.project.model.party.dto.Party.users
12:23:09.327 [main] [o.h.p.c.AbstractCollectionPersister] DEBUG org.hibernate.persister.collection.AbstractCollectionPersister -  Row insert: insert into user_party (user_id, party_id) values (?, ?)
12:23:09.327 [main] [o.h.p.c.AbstractCollectionPersister] DEBUG org.hibernate.persister.collection.AbstractCollectionPersister -  Row update: update user_party set party_id=? where user_id=? and party_id=?
12:23:09.327 [main] [o.h.p.c.AbstractCollectionPersister] DEBUG org.hibernate.persister.collection.AbstractCollectionPersister -  Row delete: delete from user_party where user_id=? and party_id=?
12:23:09.327 [main] [o.h.p.c.AbstractCollectionPersister] DEBUG org.hibernate.persister.collection.AbstractCollectionPersister -  One-shot delete: delete from user_party where user_id=?
12:23:09.327 [main] [o.h.p.c.AbstractCollectionPersister] DEBUG org.hibernate.persister.collection.AbstractCollectionPersister - Static SQL for collection: org.solent.com504.project.model.lot.dto.Lot.bids
12:23:09.327 [main] [o.h.p.c.AbstractCollectionPersister] DEBUG org.hibernate.persister.collection.AbstractCollectionPersister -  Row insert: insert into Lot_Bid (Lot_id, bids_id) values (?, ?)
12:23:09.327 [main] [o.h.p.c.AbstractCollectionPersister] DEBUG org.hibernate.persister.collection.AbstractCollectionPersister -  Row update: update Lot_Bid set bids_id=? where Lot_id=? and bids_id=?
12:23:09.327 [main] [o.h.p.c.AbstractCollectionPersister] DEBUG org.hibernate.persister.collection.AbstractCollectionPersister -  Row delete: delete from Lot_Bid where Lot_id=? and bids_id=?
12:23:09.327 [main] [o.h.p.c.AbstractCollectionPersister] DEBUG org.hibernate.persister.collection.AbstractCollectionPersister -  One-shot delete: delete from Lot_Bid where Lot_id=?
12:23:09.327 [main] [o.h.p.c.AbstractCollectionPersister] DEBUG org.hibernate.persister.collection.AbstractCollectionPersister - Static SQL for collection: org.solent.com504.project.model.user.dto.User.parties
12:23:09.327 [main] [o.h.p.c.AbstractCollectionPersister] DEBUG org.hibernate.persister.collection.AbstractCollectionPersister -  Row insert: insert into user_party (party_id, user_id) values (?, ?)
12:23:09.327 [main] [o.h.p.c.AbstractCollectionPersister] DEBUG org.hibernate.persister.collection.AbstractCollectionPersister -  Row update: update user_party set user_id=? where party_id=? and user_id=?
12:23:09.327 [main] [o.h.p.c.AbstractCollectionPersister] DEBUG org.hibernate.persister.collection.AbstractCollectionPersister -  Row delete: delete from user_party where party_id=? and user_id=?
12:23:09.327 [main] [o.h.p.c.AbstractCollectionPersister] DEBUG org.hibernate.persister.collection.AbstractCollectionPersister -  One-shot delete: delete from user_party where party_id=?
12:23:09.327 [main] [o.h.p.e.AbstractEntityPersister] DEBUG org.hibernate.persister.entity.AbstractEntityPersister - Static SQL for entity: org.solent.com504.project.model.bid.dto.Bid
12:23:09.327 [main] [o.h.p.e.AbstractEntityPersister] DEBUG org.hibernate.persister.entity.AbstractEntityPersister -  Version select: select id from Bid where id =?
12:23:09.327 [main] [o.h.p.e.AbstractEntityPersister] DEBUG org.hibernate.persister.entity.AbstractEntityPersister -  Snapshot select: select bid_.id, bid_.lot_id as lot_id5_2_, bid_.partyId as partyId2_2_, bid_.timeStamp as timeStam3_2_, bid_.value as value4_2_ from Bid bid_ where bid_.id=?
12:23:09.327 [main] [o.h.p.e.AbstractEntityPersister] DEBUG org.hibernate.persister.entity.AbstractEntityPersister -  Insert 0: insert into Bid (lot_id, partyId, timeStamp, value, id) values (?, ?, ?, ?, ?)
12:23:09.327 [main] [o.h.p.e.AbstractEntityPersister] DEBUG org.hibernate.persister.entity.AbstractEntityPersister -  Update 0: update Bid set lot_id=?, partyId=?, timeStamp=?, value=? where id=?
12:23:09.327 [main] [o.h.p.e.AbstractEntityPersister] DEBUG org.hibernate.persister.entity.AbstractEntityPersister -  Delete 0: delete from Bid where id=?
12:23:09.327 [main] [o.h.l.p.b.i.s.QuerySpacesImpl] DEBUG org.hibernate.loader.plan.build.internal.spaces.QuerySpacesImpl - Adding QuerySpace : uid = &lt;gen:0&gt; -&gt; org.hibernate.loader.plan.build.internal.spaces.EntityQuerySpaceImpl@7980cf2c]
12:23:09.327 [main] [o.h.p.w.s.MetamodelGraphWalker] DEBUG org.hibernate.persister.walking.spi.MetamodelGraphWalker - Visiting attribute path : lot
12:23:09.327 [main] [o.h.l.p.b.i.s.QuerySpacesImpl] DEBUG org.hibernate.loader.plan.build.internal.spaces.QuerySpacesImpl - Adding QuerySpace : uid = &lt;gen:1&gt; -&gt; org.hibernate.loader.plan.build.internal.spaces.EntityQuerySpaceImpl@759de304]
12:23:09.327 [main] [o.h.p.w.s.MetamodelGraphWalker] DEBUG org.hibernate.persister.walking.spi.MetamodelGraphWalker - Visiting attribute path : lot.bids
12:23:09.327 [main] [o.h.l.p.b.i.s.QuerySpacesImpl] DEBUG org.hibernate.loader.plan.build.internal.spaces.QuerySpacesImpl - Adding QuerySpace : uid = &lt;gen:2&gt; -&gt; org.hibernate.loader.plan.build.internal.spaces.CollectionQuerySpaceImpl@294f9d50]
12:23:09.327 [main] [o.h.l.p.b.i.s.QuerySpacesImpl] DEBUG org.hibernate.loader.plan.build.internal.spaces.QuerySpacesImpl - Adding QuerySpace : uid = &lt;gen:3&gt; -&gt; org.hibernate.loader.plan.build.internal.spaces.EntityQuerySpaceImpl@27443560]
12:23:09.327 [main] [o.h.p.w.s.MetamodelGraphWalker] DEBUG org.hibernate.persister.walking.spi.MetamodelGraphWalker - Visiting attribute path : lot.duration
12:23:09.327 [main] [o.h.p.w.s.MetamodelGraphWalker] DEBUG org.hibernate.persister.walking.spi.MetamodelGraphWalker - Visiting attribute path : lot.grade
12:23:09.327 [main] [o.h.p.w.s.MetamodelGraphWalker] DEBUG org.hibernate.persister.walking.spi.MetamodelGraphWalker - Visiting attribute path : lot.highestBidPrice
12:23:09.327 [main] [o.h.p.w.s.MetamodelGraphWalker] DEBUG org.hibernate.persister.walking.spi.MetamodelGraphWalker - Visiting attribute path : lot.life_days
12:23:09.327 [main] [o.h.p.w.s.MetamodelGraphWalker] DEBUG org.hibernate.persister.walking.spi.MetamodelGraphWalker - Visiting attribute path : lot.pickdate
12:23:09.327 [main] [o.h.p.w.s.MetamodelGraphWalker] DEBUG org.hibernate.persister.walking.spi.MetamodelGraphWalker - Visiting attribute path : lot.quantity
12:23:09.327 [main] [o.h.p.w.s.MetamodelGraphWalker] DEBUG org.hibernate.persister.walking.spi.MetamodelGraphWalker - Visiting attribute path : lot.reservedPrice
12:23:09.327 [main] [o.h.p.w.s.MetamodelGraphWalker] DEBUG org.hibernate.persister.walking.spi.MetamodelGraphWalker - Visiting attribute path : partyId
12:23:09.327 [main] [o.h.p.w.s.MetamodelGraphWalker] DEBUG org.hibernate.persister.walking.spi.MetamodelGraphWalker - Visiting attribute path : timeStamp
12:23:09.327 [main] [o.h.p.w.s.MetamodelGraphWalker] DEBUG org.hibernate.persister.walking.spi.MetamodelGraphWalker - Visiting attribute path : value
12:23:09.327 [main] [o.h.l.p.b.i.FetchStyleLoadPlanBuildingAssociationVisitationStrategy] DEBUG org.hibernate.loader.plan.build.internal.FetchStyleLoadPlanBuildingAssociationVisitationStrategy - Building LoadPlan...
12:23:09.327 [main] [o.h.l.p.e.i.LoadQueryJoinAndFetchProcessor] DEBUG org.hibernate.loader.plan.exec.internal.LoadQueryJoinAndFetchProcessor - processing queryspace &lt;gen:0&gt;
12:23:09.327 [main] [o.h.l.p.b.s.LoadPlanTreePrinter] DEBUG org.hibernate.loader.plan.build.spi.LoadPlanTreePrinter - LoadPlan(entity=org.solent.com504.project.model.bid.dto.Bid)
    - Returns
       - EntityReturnImpl(entity=org.solent.com504.project.model.bid.dto.Bid, querySpaceUid=&lt;gen:0&gt;, path=org.solent.com504.project.model.bid.dto.Bid)
          - EntityAttributeFetchImpl(entity=org.solent.com504.project.model.lot.dto.Lot, querySpaceUid=&lt;gen:1&gt;, path=org.solent.com504.project.model.bid.dto.Bid.lot)
             - CollectionAttributeFetchImpl(collection=org.solent.com504.project.model.lot.dto.Lot.bids, querySpaceUid=&lt;gen:2&gt;, path=org.solent.com504.project.model.bid.dto.Bid.lot.bids)
                - (collection element) CollectionFetchableElementEntityGraph(entity=org.solent.com504.project.model.bid.dto.Bid, querySpaceUid=&lt;gen:3&gt;, path=org.solent.com504.project.model.bid.dto.Bid.lot.bids.&lt;elements&gt;)
    - QuerySpaces
       - EntityQuerySpaceImpl(uid=&lt;gen:0&gt;, entity=org.solent.com504.project.model.bid.dto.Bid)
          - SQL table alias mapping - bid0_
          - alias suffix - 0_
          - suffixed key columns - {id1_2_0_}
          - JOIN (JoinDefinedByMetadata(lot)) : &lt;gen:0&gt; -&gt; &lt;gen:1&gt;
             - EntityQuerySpaceImpl(uid=&lt;gen:1&gt;, entity=org.solent.com504.project.model.lot.dto.Lot)
                - SQL table alias mapping - lot1_
                - alias suffix - 1_
                - suffixed key columns - {id1_3_1_}

12:23:09.327 [main] [o.h.l.e.p.EntityLoader] DEBUG org.hibernate.loader.entity.plan.EntityLoader - Static select for entity org.solent.com504.project.model.bid.dto.Bid [NONE]: select bid0_.id as id1_2_0_, bid0_.lot_id as lot_id5_2_0_, bid0_.partyId as partyId2_2_0_, bid0_.timeStamp as timeStam3_2_0_, bid0_.value as value4_2_0_, lot1_.id as id1_3_1_, lot1_.duration as duration2_3_1_, lot1_.grade as grade3_3_1_, lot1_.highestBidPrice as highestB4_3_1_, lot1_.life_days as life_day5_3_1_, lot1_.pickdate as pickdate6_3_1_, lot1_.quantity as quantity7_3_1_, lot1_.reservedPrice as reserved8_3_1_ from Bid bid0_ left outer join Lot lot1_ on bid0_.lot_id=lot1_.id where bid0_.id=?
12:23:09.327 [main] [o.h.l.p.b.i.s.QuerySpacesImpl] DEBUG org.hibernate.loader.plan.build.internal.spaces.QuerySpacesImpl - Adding QuerySpace : uid = &lt;gen:0&gt; -&gt; org.hibernate.loader.plan.build.internal.spaces.EntityQuerySpaceImpl@3ddb774f]
12:23:09.327 [main] [o.h.p.w.s.MetamodelGraphWalker] DEBUG org.hibernate.persister.walking.spi.MetamodelGraphWalker - Visiting attribute path : lot
12:23:09.327 [main] [o.h.l.p.b.i.s.QuerySpacesImpl] DEBUG org.hibernate.loader.plan.build.internal.spaces.QuerySpacesImpl - Adding QuerySpace : uid = &lt;gen:1&gt; -&gt; org.hibernate.loader.plan.build.internal.spaces.EntityQuerySpaceImpl@70721c12]
12:23:09.327 [main] [o.h.p.w.s.MetamodelGraphWalker] DEBUG org.hibernate.persister.walking.spi.MetamodelGraphWalker - Visiting attribute path : lot.bids
12:23:09.327 [main] [o.h.l.p.b.i.s.QuerySpacesImpl] DEBUG org.hibernate.loader.plan.build.internal.spaces.QuerySpacesImpl - Adding QuerySpace : uid = &lt;gen:2&gt; -&gt; org.hibernate.loader.plan.build.internal.spaces.CollectionQuerySpaceImpl@101ca8da]
12:23:09.327 [main] [o.h.l.p.b.i.s.QuerySpacesImpl] DEBUG org.hibernate.loader.plan.build.internal.spaces.QuerySpacesImpl - Adding QuerySpace : uid = &lt;gen:3&gt; -&gt; org.hibernate.loader.plan.build.internal.spaces.EntityQuerySpaceImpl@20a967fe]
12:23:09.327 [main] [o.h.p.w.s.MetamodelGraphWalker] DEBUG org.hibernate.persister.walking.spi.MetamodelGraphWalker - Visiting attribute path : lot.duration
12:23:09.327 [main] [o.h.p.w.s.MetamodelGraphWalker] DEBUG org.hibernate.persister.walking.spi.MetamodelGraphWalker - Visiting attribute path : lot.grade
12:23:09.327 [main] [o.h.p.w.s.MetamodelGraphWalker] DEBUG org.hibernate.persister.walking.spi.MetamodelGraphWalker - Visiting attribute path : lot.highestBidPrice
12:23:09.327 [main] [o.h.p.w.s.MetamodelGraphWalker] DEBUG org.hibernate.persister.walking.spi.MetamodelGraphWalker - Visiting attribute path : lot.life_days
12:23:09.327 [main] [o.h.p.w.s.MetamodelGraphWalker] DEBUG org.hibernate.persister.walking.spi.MetamodelGraphWalker - Visiting attribute path : lot.pickdate
12:23:09.327 [main] [o.h.p.w.s.MetamodelGraphWalker] DEBUG org.hibernate.persister.walking.spi.MetamodelGraphWalker - Visiting attribute path : lot.quantity
12:23:09.327 [main] [o.h.p.w.s.MetamodelGraphWalker] DEBUG org.hibernate.persister.walking.spi.MetamodelGraphWalker - Visiting attribute path : lot.reservedPrice
12:23:09.327 [main] [o.h.p.w.s.MetamodelGraphWalker] DEBUG org.hibernate.persister.walking.spi.MetamodelGraphWalker - Visiting attribute path : partyId
12:23:09.327 [main] [o.h.p.w.s.MetamodelGraphWalker] DEBUG org.hibernate.persister.walking.spi.MetamodelGraphWalker - Visiting attribute path : timeStamp
12:23:09.327 [main] [o.h.p.w.s.MetamodelGraphWalker] DEBUG org.hibernate.persister.walking.spi.MetamodelGraphWalker - Visiting attribute path : value
12:23:09.327 [main] [o.h.l.p.b.i.FetchStyleLoadPlanBuildingAssociationVisitationStrategy] DEBUG org.hibernate.loader.plan.build.internal.FetchStyleLoadPlanBuildingAssociationVisitationStrategy - Building LoadPlan...
12:23:09.327 [main] [o.h.l.p.e.i.LoadQueryJoinAndFetchProcessor] DEBUG org.hibernate.loader.plan.exec.internal.LoadQueryJoinAndFetchProcessor - processing queryspace &lt;gen:0&gt;
12:23:09.327 [main] [o.h.l.p.b.s.LoadPlanTreePrinter] DEBUG org.hibernate.loader.plan.build.spi.LoadPlanTreePrinter - LoadPlan(entity=org.solent.com504.project.model.bid.dto.Bid)
    - Returns
       - EntityReturnImpl(entity=org.solent.com504.project.model.bid.dto.Bid, querySpaceUid=&lt;gen:0&gt;, path=org.solent.com504.project.model.bid.dto.Bid)
          - EntityAttributeFetchImpl(entity=org.solent.com504.project.model.lot.dto.Lot, querySpaceUid=&lt;gen:1&gt;, path=org.solent.com504.project.model.bid.dto.Bid.lot)
             - CollectionAttributeFetchImpl(collection=org.solent.com504.project.model.lot.dto.Lot.bids, querySpaceUid=&lt;gen:2&gt;, path=org.solent.com504.project.model.bid.dto.Bid.lot.bids)
                - (collection element) CollectionFetchableElementEntityGraph(entity=org.solent.com504.project.model.bid.dto.Bid, querySpaceUid=&lt;gen:3&gt;, path=org.solent.com504.project.model.bid.dto.Bid.lot.bids.&lt;elements&gt;)
    - QuerySpaces
       - EntityQuerySpaceImpl(uid=&lt;gen:0&gt;, entity=org.solent.com504.project.model.bid.dto.Bid)
          - SQL table alias mapping - bid0_
          - alias suffix - 0_
          - suffixed key columns - {id1_2_0_}
          - JOIN (JoinDefinedByMetadata(lot)) : &lt;gen:0&gt; -&gt; &lt;gen:1&gt;
             - EntityQuerySpaceImpl(uid=&lt;gen:1&gt;, entity=org.solent.com504.project.model.lot.dto.Lot)
                - SQL table alias mapping - lot1_
                - alias suffix - 1_
                - suffixed key columns - {id1_3_1_}

12:23:09.327 [main] [o.h.l.e.p.EntityLoader] DEBUG org.hibernate.loader.entity.plan.EntityLoader - Static select for entity org.solent.com504.project.model.bid.dto.Bid [READ]: select bid0_.id as id1_2_0_, bid0_.lot_id as lot_id5_2_0_, bid0_.partyId as partyId2_2_0_, bid0_.timeStamp as timeStam3_2_0_, bid0_.value as value4_2_0_, lot1_.id as id1_3_1_, lot1_.duration as duration2_3_1_, lot1_.grade as grade3_3_1_, lot1_.highestBidPrice as highestB4_3_1_, lot1_.life_days as life_day5_3_1_, lot1_.pickdate as pickdate6_3_1_, lot1_.quantity as quantity7_3_1_, lot1_.reservedPrice as reserved8_3_1_ from Bid bid0_ left outer join Lot lot1_ on bid0_.lot_id=lot1_.id where bid0_.id=?
12:23:09.327 [main] [o.h.l.p.b.i.s.QuerySpacesImpl] DEBUG org.hibernate.loader.plan.build.internal.spaces.QuerySpacesImpl - Adding QuerySpace : uid = &lt;gen:0&gt; -&gt; org.hibernate.loader.plan.build.internal.spaces.EntityQuerySpaceImpl@405b6d75]
12:23:09.327 [main] [o.h.p.w.s.MetamodelGraphWalker] DEBUG org.hibernate.persister.walking.spi.MetamodelGraphWalker - Visiting attribute path : lot
12:23:09.327 [main] [o.h.l.p.b.i.s.QuerySpacesImpl] DEBUG org.hibernate.loader.plan.build.internal.spaces.QuerySpacesImpl - Adding QuerySpace : uid = &lt;gen:1&gt; -&gt; org.hibernate.loader.plan.build.internal.spaces.EntityQuerySpaceImpl@1d858300]
12:23:09.327 [main] [o.h.p.w.s.MetamodelGraphWalker] DEBUG org.hibernate.persister.walking.spi.MetamodelGraphWalker - Visiting attribute path : partyId
12:23:09.327 [main] [o.h.p.w.s.MetamodelGraphWalker] DEBUG org.hibernate.persister.walking.spi.MetamodelGraphWalker - Visiting attribute path : timeStamp
12:23:09.327 [main] [o.h.p.w.s.MetamodelGraphWalker] DEBUG org.hibernate.persister.walking.spi.MetamodelGraphWalker - Visiting attribute path : value
12:23:09.327 [main] [o.h.l.p.b.i.FetchStyleLoadPlanBuildingAssociationVisitationStrategy] DEBUG org.hibernate.loader.plan.build.internal.FetchStyleLoadPlanBuildingAssociationVisitationStrategy - Building LoadPlan...
12:23:09.327 [main] [o.h.l.p.e.i.LoadQueryJoinAndFetchProcessor] DEBUG org.hibernate.loader.plan.exec.internal.LoadQueryJoinAndFetchProcessor - processing queryspace &lt;gen:0&gt;
12:23:09.327 [main] [o.h.l.p.b.s.LoadPlanTreePrinter] DEBUG org.hibernate.loader.plan.build.spi.LoadPlanTreePrinter - LoadPlan(entity=org.solent.com504.project.model.bid.dto.Bid)
    - Returns
       - EntityReturnImpl(entity=org.solent.com504.project.model.bid.dto.Bid, querySpaceUid=&lt;gen:0&gt;, path=org.solent.com504.project.model.bid.dto.Bid)
          - EntityAttributeFetchImpl(entity=org.solent.com504.project.model.lot.dto.Lot, querySpaceUid=&lt;gen:1&gt;, path=org.solent.com504.project.model.bid.dto.Bid.lot)
    - QuerySpaces
       - EntityQuerySpaceImpl(uid=&lt;gen:0&gt;, entity=org.solent.com504.project.model.bid.dto.Bid)
          - SQL table alias mapping - bid0_
          - alias suffix - 0_
          - suffixed key columns - {id1_2_0_}

12:23:09.327 [main] [o.h.l.e.p.EntityLoader] DEBUG org.hibernate.loader.entity.plan.EntityLoader - Static select for entity org.solent.com504.project.model.bid.dto.Bid [UPGRADE]: select bid0_.id as id1_2_0_, bid0_.lot_id as lot_id5_2_0_, bid0_.partyId as partyId2_2_0_, bid0_.timeStamp as timeStam3_2_0_, bid0_.value as value4_2_0_ from Bid bid0_ where bid0_.id=? for update
12:23:09.327 [main] [o.h.l.p.b.i.s.QuerySpacesImpl] DEBUG org.hibernate.loader.plan.build.internal.spaces.QuerySpacesImpl - Adding QuerySpace : uid = &lt;gen:0&gt; -&gt; org.hibernate.loader.plan.build.internal.spaces.EntityQuerySpaceImpl@76f881d9]
12:23:09.327 [main] [o.h.p.w.s.MetamodelGraphWalker] DEBUG org.hibernate.persister.walking.spi.MetamodelGraphWalker - Visiting attribute path : lot
12:23:09.327 [main] [o.h.l.p.b.i.s.QuerySpacesImpl] DEBUG org.hibernate.loader.plan.build.internal.spaces.QuerySpacesImpl - Adding QuerySpace : uid = &lt;gen:1&gt; -&gt; org.hibernate.loader.plan.build.internal.spaces.EntityQuerySpaceImpl@50a13c2f]
12:23:09.327 [main] [o.h.p.w.s.MetamodelGraphWalker] DEBUG org.hibernate.persister.walking.spi.MetamodelGraphWalker - Visiting attribute path : partyId
12:23:09.327 [main] [o.h.p.w.s.MetamodelGraphWalker] DEBUG org.hibernate.persister.walking.spi.MetamodelGraphWalker - Visiting attribute path : timeStamp
12:23:09.327 [main] [o.h.p.w.s.MetamodelGraphWalker] DEBUG org.hibernate.persister.walking.spi.MetamodelGraphWalker - Visiting attribute path : value
12:23:09.327 [main] [o.h.l.p.b.i.FetchStyleLoadPlanBuildingAssociationVisitationStrategy] DEBUG org.hibernate.loader.plan.build.internal.FetchStyleLoadPlanBuildingAssociationVisitationStrategy - Building LoadPlan...
12:23:09.327 [main] [o.h.l.p.e.i.LoadQueryJoinAndFetchProcessor] DEBUG org.hibernate.loader.plan.exec.internal.LoadQueryJoinAndFetchProcessor - processing queryspace &lt;gen:0&gt;
12:23:09.327 [main] [o.h.l.p.b.s.LoadPlanTreePrinter] DEBUG org.hibernate.loader.plan.build.spi.LoadPlanTreePrinter - LoadPlan(entity=org.solent.com504.project.model.bid.dto.Bid)
    - Returns
       - EntityReturnImpl(entity=org.solent.com504.project.model.bid.dto.Bid, querySpaceUid=&lt;gen:0&gt;, path=org.solent.com504.project.model.bid.dto.Bid)
          - EntityAttributeFetchImpl(entity=org.solent.com504.project.model.lot.dto.Lot, querySpaceUid=&lt;gen:1&gt;, path=org.solent.com504.project.model.bid.dto.Bid.lot)
    - QuerySpaces
       - EntityQuerySpaceImpl(uid=&lt;gen:0&gt;, entity=org.solent.com504.project.model.bid.dto.Bid)
          - SQL table alias mapping - bid0_
          - alias suffix - 0_
          - suffixed key columns - {id1_2_0_}

12:23:09.327 [main] [o.h.l.e.p.EntityLoader] DEBUG org.hibernate.loader.entity.plan.EntityLoader - Static select for entity org.solent.com504.project.model.bid.dto.Bid [UPGRADE_NOWAIT]: select bid0_.id as id1_2_0_, bid0_.lot_id as lot_id5_2_0_, bid0_.partyId as partyId2_2_0_, bid0_.timeStamp as timeStam3_2_0_, bid0_.value as value4_2_0_ from Bid bid0_ where bid0_.id=? for update
12:23:09.327 [main] [o.h.l.p.b.i.s.QuerySpacesImpl] DEBUG org.hibernate.loader.plan.build.internal.spaces.QuerySpacesImpl - Adding QuerySpace : uid = &lt;gen:0&gt; -&gt; org.hibernate.loader.plan.build.internal.spaces.EntityQuerySpaceImpl@610d28b8]
12:23:09.327 [main] [o.h.p.w.s.MetamodelGraphWalker] DEBUG org.hibernate.persister.walking.spi.MetamodelGraphWalker - Visiting attribute path : lot
12:23:09.327 [main] [o.h.l.p.b.i.s.QuerySpacesImpl] DEBUG org.hibernate.loader.plan.build.internal.spaces.QuerySpacesImpl - Adding QuerySpace : uid = &lt;gen:1&gt; -&gt; org.hibernate.loader.plan.build.internal.spaces.EntityQuerySpaceImpl@2539cd1c]
12:23:09.327 [main] [o.h.p.w.s.MetamodelGraphWalker] DEBUG org.hibernate.persister.walking.spi.MetamodelGraphWalker - Visiting attribute path : partyId
12:23:09.327 [main] [o.h.p.w.s.MetamodelGraphWalker] DEBUG org.hibernate.persister.walking.spi.MetamodelGraphWalker - Visiting attribute path : timeStamp
12:23:09.327 [main] [o.h.p.w.s.MetamodelGraphWalker] DEBUG org.hibernate.persister.walking.spi.MetamodelGraphWalker - Visiting attribute path : value
12:23:09.327 [main] [o.h.l.p.b.i.FetchStyleLoadPlanBuildingAssociationVisitationStrategy] DEBUG org.hibernate.loader.plan.build.internal.FetchStyleLoadPlanBuildingAssociationVisitationStrategy - Building LoadPlan...
12:23:09.327 [main] [o.h.l.p.e.i.LoadQueryJoinAndFetchProcessor] DEBUG org.hibernate.loader.plan.exec.internal.LoadQueryJoinAndFetchProcessor - processing queryspace &lt;gen:0&gt;
12:23:09.327 [main] [o.h.l.p.b.s.LoadPlanTreePrinter] DEBUG org.hibernate.loader.plan.build.spi.LoadPlanTreePrinter - LoadPlan(entity=org.solent.com504.project.model.bid.dto.Bid)
    - Returns
       - EntityReturnImpl(entity=org.solent.com504.project.model.bid.dto.Bid, querySpaceUid=&lt;gen:0&gt;, path=org.solent.com504.project.model.bid.dto.Bid)
          - EntityAttributeFetchImpl(entity=org.solent.com504.project.model.lot.dto.Lot, querySpaceUid=&lt;gen:1&gt;, path=org.solent.com504.project.model.bid.dto.Bid.lot)
    - QuerySpaces
       - EntityQuerySpaceImpl(uid=&lt;gen:0&gt;, entity=org.solent.com504.project.model.bid.dto.Bid)
          - SQL table alias mapping - bid0_
          - alias suffix - 0_
          - suffixed key columns - {id1_2_0_}

12:23:09.327 [main] [o.h.l.e.p.EntityLoader] DEBUG org.hibernate.loader.entity.plan.EntityLoader - Static select for entity org.solent.com504.project.model.bid.dto.Bid [UPGRADE_SKIPLOCKED]: select bid0_.id as id1_2_0_, bid0_.lot_id as lot_id5_2_0_, bid0_.partyId as partyId2_2_0_, bid0_.timeStamp as timeStam3_2_0_, bid0_.value as value4_2_0_ from Bid bid0_ where bid0_.id=? for update
12:23:09.327 [main] [o.h.l.p.b.i.s.QuerySpacesImpl] DEBUG org.hibernate.loader.plan.build.internal.spaces.QuerySpacesImpl - Adding QuerySpace : uid = &lt;gen:0&gt; -&gt; org.hibernate.loader.plan.build.internal.spaces.EntityQuerySpaceImpl@7c20cdd0]
12:23:09.327 [main] [o.h.p.w.s.MetamodelGraphWalker] DEBUG org.hibernate.persister.walking.spi.MetamodelGraphWalker - Visiting attribute path : lot
12:23:09.327 [main] [o.h.l.p.b.i.s.QuerySpacesImpl] DEBUG org.hibernate.loader.plan.build.internal.spaces.QuerySpacesImpl - Adding QuerySpace : uid = &lt;gen:1&gt; -&gt; org.hibernate.loader.plan.build.internal.spaces.EntityQuerySpaceImpl@6b6eae52]
12:23:09.327 [main] [o.h.p.w.s.MetamodelGraphWalker] DEBUG org.hibernate.persister.walking.spi.MetamodelGraphWalker - Visiting attribute path : partyId
12:23:09.327 [main] [o.h.p.w.s.MetamodelGraphWalker] DEBUG org.hibernate.persister.walking.spi.MetamodelGraphWalker - Visiting attribute path : timeStamp
12:23:09.327 [main] [o.h.p.w.s.MetamodelGraphWalker] DEBUG org.hibernate.persister.walking.spi.MetamodelGraphWalker - Visiting attribute path : value
12:23:09.327 [main] [o.h.l.p.b.i.FetchStyleLoadPlanBuildingAssociationVisitationStrategy] DEBUG org.hibernate.loader.plan.build.internal.FetchStyleLoadPlanBuildingAssociationVisitationStrategy - Building LoadPlan...
12:23:09.327 [main] [o.h.l.p.e.i.LoadQueryJoinAndFetchProcessor] DEBUG org.hibernate.loader.plan.exec.internal.LoadQueryJoinAndFetchProcessor - processing queryspace &lt;gen:0&gt;
12:23:09.327 [main] [o.h.l.p.b.s.LoadPlanTreePrinter] DEBUG org.hibernate.loader.plan.build.spi.LoadPlanTreePrinter - LoadPlan(entity=org.solent.com504.project.model.bid.dto.Bid)
    - Returns
       - EntityReturnImpl(entity=org.solent.com504.project.model.bid.dto.Bid, querySpaceUid=&lt;gen:0&gt;, path=org.solent.com504.project.model.bid.dto.Bid)
          - EntityAttributeFetchImpl(entity=org.solent.com504.project.model.lot.dto.Lot, querySpaceUid=&lt;gen:1&gt;, path=org.solent.com504.project.model.bid.dto.Bid.lot)
    - QuerySpaces
       - EntityQuerySpaceImpl(uid=&lt;gen:0&gt;, entity=org.solent.com504.project.model.bid.dto.Bid)
          - SQL table alias mapping - bid0_
          - alias suffix - 0_
          - suffixed key columns - {id1_2_0_}

12:23:09.327 [main] [o.h.l.e.p.EntityLoader] DEBUG org.hibernate.loader.entity.plan.EntityLoader - Static select for entity org.solent.com504.project.model.bid.dto.Bid [FORCE]: select bid0_.id as id1_2_0_, bid0_.lot_id as lot_id5_2_0_, bid0_.partyId as partyId2_2_0_, bid0_.timeStamp as timeStam3_2_0_, bid0_.value as value4_2_0_ from Bid bid0_ where bid0_.id=? for update
12:23:09.327 [main] [o.h.l.p.b.i.s.QuerySpacesImpl] DEBUG org.hibernate.loader.plan.build.internal.spaces.QuerySpacesImpl - Adding QuerySpace : uid = &lt;gen:0&gt; -&gt; org.hibernate.loader.plan.build.internal.spaces.EntityQuerySpaceImpl@d4df0e]
12:23:09.327 [main] [o.h.p.w.s.MetamodelGraphWalker] DEBUG org.hibernate.persister.walking.spi.MetamodelGraphWalker - Visiting attribute path : lot
12:23:09.327 [main] [o.h.l.p.b.i.s.QuerySpacesImpl] DEBUG org.hibernate.loader.plan.build.internal.spaces.QuerySpacesImpl - Adding QuerySpace : uid = &lt;gen:1&gt; -&gt; org.hibernate.loader.plan.build.internal.spaces.EntityQuerySpaceImpl@de7e193]
12:23:09.327 [main] [o.h.p.w.s.MetamodelGraphWalker] DEBUG org.hibernate.persister.walking.spi.MetamodelGraphWalker - Visiting attribute path : partyId
12:23:09.327 [main] [o.h.p.w.s.MetamodelGraphWalker] DEBUG org.hibernate.persister.walking.spi.MetamodelGraphWalker - Visiting attribute path : timeStamp
12:23:09.327 [main] [o.h.p.w.s.MetamodelGraphWalker] DEBUG org.hibernate.persister.walking.spi.MetamodelGraphWalker - Visiting attribute path : value
12:23:09.327 [main] [o.h.l.p.b.i.FetchStyleLoadPlanBuildingAssociationVisitationStrategy] DEBUG org.hibernate.loader.plan.build.internal.FetchStyleLoadPlanBuildingAssociationVisitationStrategy - Building LoadPlan...
12:23:09.327 [main] [o.h.l.p.e.i.LoadQueryJoinAndFetchProcessor] DEBUG org.hibernate.loader.plan.exec.internal.LoadQueryJoinAndFetchProcessor - processing queryspace &lt;gen:0&gt;
12:23:09.327 [main] [o.h.l.p.b.s.LoadPlanTreePrinter] DEBUG org.hibernate.loader.plan.build.spi.LoadPlanTreePrinter - LoadPlan(entity=org.solent.com504.project.model.bid.dto.Bid)
    - Returns
       - EntityReturnImpl(entity=org.solent.com504.project.model.bid.dto.Bid, querySpaceUid=&lt;gen:0&gt;, path=org.solent.com504.project.model.bid.dto.Bid)
          - EntityAttributeFetchImpl(entity=org.solent.com504.project.model.lot.dto.Lot, querySpaceUid=&lt;gen:1&gt;, path=org.solent.com504.project.model.bid.dto.Bid.lot)
    - QuerySpaces
       - EntityQuerySpaceImpl(uid=&lt;gen:0&gt;, entity=org.solent.com504.project.model.bid.dto.Bid)
          - SQL table alias mapping - bid0_
          - alias suffix - 0_
          - suffixed key columns - {id1_2_0_}

12:23:09.327 [main] [o.h.l.e.p.EntityLoader] DEBUG org.hibernate.loader.entity.plan.EntityLoader - Static select for entity org.solent.com504.project.model.bid.dto.Bid [PESSIMISTIC_READ]: select bid0_.id as id1_2_0_, bid0_.lot_id as lot_id5_2_0_, bid0_.partyId as partyId2_2_0_, bid0_.timeStamp as timeStam3_2_0_, bid0_.value as value4_2_0_ from Bid bid0_ where bid0_.id=? for update
12:23:09.327 [main] [o.h.l.p.b.i.s.QuerySpacesImpl] DEBUG org.hibernate.loader.plan.build.internal.spaces.QuerySpacesImpl - Adding QuerySpace : uid = &lt;gen:0&gt; -&gt; org.hibernate.loader.plan.build.internal.spaces.EntityQuerySpaceImpl@13e5d243]
12:23:09.327 [main] [o.h.p.w.s.MetamodelGraphWalker] DEBUG org.hibernate.persister.walking.spi.MetamodelGraphWalker - Visiting attribute path : lot
12:23:09.327 [main] [o.h.l.p.b.i.s.QuerySpacesImpl] DEBUG org.hibernate.loader.plan.build.internal.spaces.QuerySpacesImpl - Adding QuerySpace : uid = &lt;gen:1&gt; -&gt; org.hibernate.loader.plan.build.internal.spaces.EntityQuerySpaceImpl@4997552e]
12:23:09.327 [main] [o.h.p.w.s.MetamodelGraphWalker] DEBUG org.hibernate.persister.walking.spi.MetamodelGraphWalker - Visiting attribute path : partyId
12:23:09.327 [main] [o.h.p.w.s.MetamodelGraphWalker] DEBUG org.hibernate.persister.walking.spi.MetamodelGraphWalker - Visiting attribute path : timeStamp
12:23:09.327 [main] [o.h.p.w.s.MetamodelGraphWalker] DEBUG org.hibernate.persister.walking.spi.MetamodelGraphWalker - Visiting attribute path : value
12:23:09.327 [main] [o.h.l.p.b.i.FetchStyleLoadPlanBuildingAssociationVisitationStrategy] DEBUG org.hibernate.loader.plan.build.internal.FetchStyleLoadPlanBuildingAssociationVisitationStrategy - Building LoadPlan...
12:23:09.327 [main] [o.h.l.p.e.i.LoadQueryJoinAndFetchProcessor] DEBUG org.hibernate.loader.plan.exec.internal.LoadQueryJoinAndFetchProcessor - processing queryspace &lt;gen:0&gt;
12:23:09.327 [main] [o.h.l.p.b.s.LoadPlanTreePrinter] DEBUG org.hibernate.loader.plan.build.spi.LoadPlanTreePrinter - LoadPlan(entity=org.solent.com504.project.model.bid.dto.Bid)
    - Returns
       - EntityReturnImpl(entity=org.solent.com504.project.model.bid.dto.Bid, querySpaceUid=&lt;gen:0&gt;, path=org.solent.com504.project.model.bid.dto.Bid)
          - EntityAttributeFetchImpl(entity=org.solent.com504.project.model.lot.dto.Lot, querySpaceUid=&lt;gen:1&gt;, path=org.solent.com504.project.model.bid.dto.Bid.lot)
    - QuerySpaces
       - EntityQuerySpaceImpl(uid=&lt;gen:0&gt;, entity=org.solent.com504.project.model.bid.dto.Bid)
          - SQL table alias mapping - bid0_
          - alias suffix - 0_
          - suffixed key columns - {id1_2_0_}

12:23:09.327 [main] [o.h.l.e.p.EntityLoader] DEBUG org.hibernate.loader.entity.plan.EntityLoader - Static select for entity org.solent.com504.project.model.bid.dto.Bid [PESSIMISTIC_WRITE]: select bid0_.id as id1_2_0_, bid0_.lot_id as lot_id5_2_0_, bid0_.partyId as partyId2_2_0_, bid0_.timeStamp as timeStam3_2_0_, bid0_.value as value4_2_0_ from Bid bid0_ where bid0_.id=? for update
12:23:09.327 [main] [o.h.l.p.b.i.s.QuerySpacesImpl] DEBUG org.hibernate.loader.plan.build.internal.spaces.QuerySpacesImpl - Adding QuerySpace : uid = &lt;gen:0&gt; -&gt; org.hibernate.loader.plan.build.internal.spaces.EntityQuerySpaceImpl@7bcecef6]
12:23:09.327 [main] [o.h.p.w.s.MetamodelGraphWalker] DEBUG org.hibernate.persister.walking.spi.MetamodelGraphWalker - Visiting attribute path : lot
12:23:09.327 [main] [o.h.l.p.b.i.s.QuerySpacesImpl] DEBUG org.hibernate.loader.plan.build.internal.spaces.QuerySpacesImpl - Adding QuerySpace : uid = &lt;gen:1&gt; -&gt; org.hibernate.loader.plan.build.internal.spaces.EntityQuerySpaceImpl@93824eb]
12:23:09.327 [main] [o.h.p.w.s.MetamodelGraphWalker] DEBUG org.hibernate.persister.walking.spi.MetamodelGraphWalker - Visiting attribute path : partyId
12:23:09.327 [main] [o.h.p.w.s.MetamodelGraphWalker] DEBUG org.hibernate.persister.walking.spi.MetamodelGraphWalker - Visiting attribute path : timeStamp
12:23:09.327 [main] [o.h.p.w.s.MetamodelGraphWalker] DEBUG org.hibernate.persister.walking.spi.MetamodelGraphWalker - Visiting attribute path : value
12:23:09.327 [main] [o.h.l.p.b.i.FetchStyleLoadPlanBuildingAssociationVisitationStrategy] DEBUG org.hibernate.loader.plan.build.internal.FetchStyleLoadPlanBuildingAssociationVisitationStrategy - Building LoadPlan...
12:23:09.327 [main] [o.h.l.p.e.i.LoadQueryJoinAndFetchProcessor] DEBUG org.hibernate.loader.plan.exec.internal.LoadQueryJoinAndFetchProcessor - processing queryspace &lt;gen:0&gt;
12:23:09.327 [main] [o.h.l.p.b.s.LoadPlanTreePrinter] DEBUG org.hibernate.loader.plan.build.spi.LoadPlanTreePrinter - LoadPlan(entity=org.solent.com504.project.model.bid.dto.Bid)
    - Returns
       - EntityReturnImpl(entity=org.solent.com504.project.model.bid.dto.Bid, querySpaceUid=&lt;gen:0&gt;, path=org.solent.com504.project.model.bid.dto.Bid)
          - EntityAttributeFetchImpl(entity=org.solent.com504.project.model.lot.dto.Lot, querySpaceUid=&lt;gen:1&gt;, path=org.solent.com504.project.model.bid.dto.Bid.lot)
    - QuerySpaces
       - EntityQuerySpaceImpl(uid=&lt;gen:0&gt;, entity=org.solent.com504.project.model.bid.dto.Bid)
          - SQL table alias mapping - bid0_
          - alias suffix - 0_
          - suffixed key columns - {id1_2_0_}

12:23:09.327 [main] [o.h.l.e.p.EntityLoader] DEBUG org.hibernate.loader.entity.plan.EntityLoader - Static select for entity org.solent.com504.project.model.bid.dto.Bid [PESSIMISTIC_FORCE_INCREMENT]: select bid0_.id as id1_2_0_, bid0_.lot_id as lot_id5_2_0_, bid0_.partyId as partyId2_2_0_, bid0_.timeStamp as timeStam3_2_0_, bid0_.value as value4_2_0_ from Bid bid0_ where bid0_.id=? for update
12:23:09.327 [main] [o.h.l.p.b.i.s.QuerySpacesImpl] DEBUG org.hibernate.loader.plan.build.internal.spaces.QuerySpacesImpl - Adding QuerySpace : uid = &lt;gen:0&gt; -&gt; org.hibernate.loader.plan.build.internal.spaces.EntityQuerySpaceImpl@7af52ec7]
12:23:09.327 [main] [o.h.p.w.s.MetamodelGraphWalker] DEBUG org.hibernate.persister.walking.spi.MetamodelGraphWalker - Visiting attribute path : lot
12:23:09.327 [main] [o.h.l.p.b.i.s.QuerySpacesImpl] DEBUG org.hibernate.loader.plan.build.internal.spaces.QuerySpacesImpl - Adding QuerySpace : uid = &lt;gen:1&gt; -&gt; org.hibernate.loader.plan.build.internal.spaces.EntityQuerySpaceImpl@12c0c0b3]
12:23:09.327 [main] [o.h.p.w.s.MetamodelGraphWalker] DEBUG org.hibernate.persister.walking.spi.MetamodelGraphWalker - Visiting attribute path : partyId
12:23:09.327 [main] [o.h.p.w.s.MetamodelGraphWalker] DEBUG org.hibernate.persister.walking.spi.MetamodelGraphWalker - Visiting attribute path : timeStamp
12:23:09.327 [main] [o.h.p.w.s.MetamodelGraphWalker] DEBUG org.hibernate.persister.walking.spi.MetamodelGraphWalker - Visiting attribute path : value
12:23:09.327 [main] [o.h.l.p.b.i.FetchStyleLoadPlanBuildingAssociationVisitationStrategy] DEBUG org.hibernate.loader.plan.build.internal.FetchStyleLoadPlanBuildingAssociationVisitationStrategy - Building LoadPlan...
12:23:09.327 [main] [o.h.l.p.e.i.LoadQueryJoinAndFetchProcessor] DEBUG org.hibernate.loader.plan.exec.internal.LoadQueryJoinAndFetchProcessor - processing queryspace &lt;gen:0&gt;
12:23:09.327 [main] [o.h.l.p.b.s.LoadPlanTreePrinter] DEBUG org.hibernate.loader.plan.build.spi.LoadPlanTreePrinter - LoadPlan(entity=org.solent.com504.project.model.bid.dto.Bid)
    - Returns
       - EntityReturnImpl(entity=org.solent.com504.project.model.bid.dto.Bid, querySpaceUid=&lt;gen:0&gt;, path=org.solent.com504.project.model.bid.dto.Bid)
          - EntityAttributeFetchImpl(entity=org.solent.com504.project.model.lot.dto.Lot, querySpaceUid=&lt;gen:1&gt;, path=org.solent.com504.project.model.bid.dto.Bid.lot)
    - QuerySpaces
       - EntityQuerySpaceImpl(uid=&lt;gen:0&gt;, entity=org.solent.com504.project.model.bid.dto.Bid)
          - SQL table alias mapping - bid0_
          - alias suffix - 0_
          - suffixed key columns - {id1_2_0_}

12:23:09.327 [main] [o.h.l.e.p.EntityLoader] DEBUG org.hibernate.loader.entity.plan.EntityLoader - Static select for entity org.solent.com504.project.model.bid.dto.Bid [OPTIMISTIC]: select bid0_.id as id1_2_0_, bid0_.lot_id as lot_id5_2_0_, bid0_.partyId as partyId2_2_0_, bid0_.timeStamp as timeStam3_2_0_, bid0_.value as value4_2_0_ from Bid bid0_ where bid0_.id=?
12:23:09.327 [main] [o.h.l.p.b.i.s.QuerySpacesImpl] DEBUG org.hibernate.loader.plan.build.internal.spaces.QuerySpacesImpl - Adding QuerySpace : uid = &lt;gen:0&gt; -&gt; org.hibernate.loader.plan.build.internal.spaces.EntityQuerySpaceImpl@5a97b17c]
12:23:09.342 [main] [o.h.p.w.s.MetamodelGraphWalker] DEBUG org.hibernate.persister.walking.spi.MetamodelGraphWalker - Visiting attribute path : lot
12:23:09.342 [main] [o.h.l.p.b.i.s.QuerySpacesImpl] DEBUG org.hibernate.loader.plan.build.internal.spaces.QuerySpacesImpl - Adding QuerySpace : uid = &lt;gen:1&gt; -&gt; org.hibernate.loader.plan.build.internal.spaces.EntityQuerySpaceImpl@71cea1b8]
12:23:09.342 [main] [o.h.p.w.s.MetamodelGraphWalker] DEBUG org.hibernate.persister.walking.spi.MetamodelGraphWalker - Visiting attribute path : partyId
12:23:09.342 [main] [o.h.p.w.s.MetamodelGraphWalker] DEBUG org.hibernate.persister.walking.spi.MetamodelGraphWalker - Visiting attribute path : timeStamp
12:23:09.342 [main] [o.h.p.w.s.MetamodelGraphWalker] DEBUG org.hibernate.persister.walking.spi.MetamodelGraphWalker - Visiting attribute path : value
12:23:09.342 [main] [o.h.l.p.b.i.FetchStyleLoadPlanBuildingAssociationVisitationStrategy] DEBUG org.hibernate.loader.plan.build.internal.FetchStyleLoadPlanBuildingAssociationVisitationStrategy - Building LoadPlan...
12:23:09.342 [main] [o.h.l.p.e.i.LoadQueryJoinAndFetchProcessor] DEBUG org.hibernate.loader.plan.exec.internal.LoadQueryJoinAndFetchProcessor - processing queryspace &lt;gen:0&gt;
12:23:09.342 [main] [o.h.l.p.b.s.LoadPlanTreePrinter] DEBUG org.hibernate.loader.plan.build.spi.LoadPlanTreePrinter - LoadPlan(entity=org.solent.com504.project.model.bid.dto.Bid)
    - Returns
       - EntityReturnImpl(entity=org.solent.com504.project.model.bid.dto.Bid, querySpaceUid=&lt;gen:0&gt;, path=org.solent.com504.project.model.bid.dto.Bid)
          - EntityAttributeFetchImpl(entity=org.solent.com504.project.model.lot.dto.Lot, querySpaceUid=&lt;gen:1&gt;, path=org.solent.com504.project.model.bid.dto.Bid.lot)
    - QuerySpaces
       - EntityQuerySpaceImpl(uid=&lt;gen:0&gt;, entity=org.solent.com504.project.model.bid.dto.Bid)
          - SQL table alias mapping - bid0_
          - alias suffix - 0_
          - suffixed key columns - {id1_2_0_}

12:23:09.342 [main] [o.h.l.e.p.EntityLoader] DEBUG org.hibernate.loader.entity.plan.EntityLoader - Static select for entity org.solent.com504.project.model.bid.dto.Bid [OPTIMISTIC_FORCE_INCREMENT]: select bid0_.id as id1_2_0_, bid0_.lot_id as lot_id5_2_0_, bid0_.partyId as partyId2_2_0_, bid0_.timeStamp as timeStam3_2_0_, bid0_.value as value4_2_0_ from Bid bid0_ where bid0_.id=?
12:23:09.342 [main] [o.h.l.Loader] DEBUG org.hibernate.loader.Loader - Static select for action ACTION_MERGE on entity org.solent.com504.project.model.bid.dto.Bid: select bid0_.id as id1_2_0_, bid0_.lot_id as lot_id5_2_0_, bid0_.partyId as partyId2_2_0_, bid0_.timeStamp as timeStam3_2_0_, bid0_.value as value4_2_0_ from Bid bid0_ where bid0_.id=?
12:23:09.342 [main] [o.h.l.Loader] DEBUG org.hibernate.loader.Loader - Static select for action ACTION_REFRESH on entity org.solent.com504.project.model.bid.dto.Bid: select bid0_.id as id1_2_0_, bid0_.lot_id as lot_id5_2_0_, bid0_.partyId as partyId2_2_0_, bid0_.timeStamp as timeStam3_2_0_, bid0_.value as value4_2_0_ from Bid bid0_ where bid0_.id=?
12:23:09.342 [main] [o.h.p.e.AbstractEntityPersister] DEBUG org.hibernate.persister.entity.AbstractEntityPersister - Static SQL for entity: org.solent.com504.project.model.user.dto.Role
12:23:09.342 [main] [o.h.p.e.AbstractEntityPersister] DEBUG org.hibernate.persister.entity.AbstractEntityPersister -  Version select: select id from role where id =?
12:23:09.342 [main] [o.h.p.e.AbstractEntityPersister] DEBUG org.hibernate.persister.entity.AbstractEntityPersister -  Snapshot select: select role_.id, role_.name as name2_6_ from role role_ where role_.id=?
12:23:09.342 [main] [o.h.p.e.AbstractEntityPersister] DEBUG org.hibernate.persister.entity.AbstractEntityPersister -  Insert 0: insert into role (name, id) values (?, ?)
12:23:09.342 [main] [o.h.p.e.AbstractEntityPersister] DEBUG org.hibernate.persister.entity.AbstractEntityPersister -  Update 0: update role set name=? where id=?
12:23:09.342 [main] [o.h.p.e.AbstractEntityPersister] DEBUG org.hibernate.persister.entity.AbstractEntityPersister -  Delete 0: delete from role where id=?
12:23:09.342 [main] [o.h.l.p.b.i.s.QuerySpacesImpl] DEBUG org.hibernate.loader.plan.build.internal.spaces.QuerySpacesImpl - Adding QuerySpace : uid = &lt;gen:0&gt; -&gt; org.hibernate.loader.plan.build.internal.spaces.EntityQuerySpaceImpl@659f226a]
12:23:09.342 [main] [o.h.p.w.s.MetamodelGraphWalker] DEBUG org.hibernate.persister.walking.spi.MetamodelGraphWalker - Visiting attribute path : name
12:23:09.342 [main] [o.h.p.w.s.MetamodelGraphWalker] DEBUG org.hibernate.persister.walking.spi.MetamodelGraphWalker - Visiting attribute path : users
12:23:09.342 [main] [o.h.l.p.b.i.s.QuerySpacesImpl] DEBUG org.hibernate.loader.plan.build.internal.spaces.QuerySpacesImpl - Adding QuerySpace : uid = &lt;gen:1&gt; -&gt; org.hibernate.loader.plan.build.internal.spaces.CollectionQuerySpaceImpl@32ec9c90]
12:23:09.342 [main] [o.h.l.p.b.i.s.QuerySpacesImpl] DEBUG org.hibernate.loader.plan.build.internal.spaces.QuerySpacesImpl - Adding QuerySpace : uid = &lt;gen:2&gt; -&gt; org.hibernate.loader.plan.build.internal.spaces.EntityQuerySpaceImpl@36ab3814]
12:23:09.342 [main] [o.h.l.p.b.i.FetchStyleLoadPlanBuildingAssociationVisitationStrategy] DEBUG org.hibernate.loader.plan.build.internal.FetchStyleLoadPlanBuildingAssociationVisitationStrategy - Building LoadPlan...
12:23:09.342 [main] [o.h.l.p.e.i.LoadQueryJoinAndFetchProcessor] DEBUG org.hibernate.loader.plan.exec.internal.LoadQueryJoinAndFetchProcessor - processing queryspace &lt;gen:0&gt;
12:23:09.342 [main] [o.h.l.p.b.s.LoadPlanTreePrinter] DEBUG org.hibernate.loader.plan.build.spi.LoadPlanTreePrinter - LoadPlan(entity=org.solent.com504.project.model.user.dto.Role)
    - Returns
       - EntityReturnImpl(entity=org.solent.com504.project.model.user.dto.Role, querySpaceUid=&lt;gen:0&gt;, path=org.solent.com504.project.model.user.dto.Role)
          - CollectionAttributeFetchImpl(collection=org.solent.com504.project.model.user.dto.Role.users, querySpaceUid=&lt;gen:1&gt;, path=org.solent.com504.project.model.user.dto.Role.users)
             - (collection element) CollectionFetchableElementEntityGraph(entity=org.solent.com504.project.model.user.dto.User, querySpaceUid=&lt;gen:2&gt;, path=org.solent.com504.project.model.user.dto.Role.users.&lt;elements&gt;)
    - QuerySpaces
       - EntityQuerySpaceImpl(uid=&lt;gen:0&gt;, entity=org.solent.com504.project.model.user.dto.Role)
          - SQL table alias mapping - role0_
          - alias suffix - 0_
          - suffixed key columns - {id1_6_0_}

12:23:09.342 [main] [o.h.l.e.p.EntityLoader] DEBUG org.hibernate.loader.entity.plan.EntityLoader - Static select for entity org.solent.com504.project.model.user.dto.Role [NONE]: select role0_.id as id1_6_0_, role0_.name as name2_6_0_ from role role0_ where role0_.id=?
12:23:09.342 [main] [o.h.l.p.b.i.s.QuerySpacesImpl] DEBUG org.hibernate.loader.plan.build.internal.spaces.QuerySpacesImpl - Adding QuerySpace : uid = &lt;gen:0&gt; -&gt; org.hibernate.loader.plan.build.internal.spaces.EntityQuerySpaceImpl@2abbd0d9]
12:23:09.342 [main] [o.h.p.w.s.MetamodelGraphWalker] DEBUG org.hibernate.persister.walking.spi.MetamodelGraphWalker - Visiting attribute path : name
12:23:09.342 [main] [o.h.p.w.s.MetamodelGraphWalker] DEBUG org.hibernate.persister.walking.spi.MetamodelGraphWalker - Visiting attribute path : users
12:23:09.342 [main] [o.h.l.p.b.i.s.QuerySpacesImpl] DEBUG org.hibernate.loader.plan.build.internal.spaces.QuerySpacesImpl - Adding QuerySpace : uid = &lt;gen:1&gt; -&gt; org.hibernate.loader.plan.build.internal.spaces.CollectionQuerySpaceImpl@5d3ff859]
12:23:09.342 [main] [o.h.l.p.b.i.s.QuerySpacesImpl] DEBUG org.hibernate.loader.plan.build.internal.spaces.QuerySpacesImpl - Adding QuerySpace : uid = &lt;gen:2&gt; -&gt; org.hibernate.loader.plan.build.internal.spaces.EntityQuerySpaceImpl@32bb0072]
12:23:09.342 [main] [o.h.l.p.b.i.FetchStyleLoadPlanBuildingAssociationVisitationStrategy] DEBUG org.hibernate.loader.plan.build.internal.FetchStyleLoadPlanBuildingAssociationVisitationStrategy - Building LoadPlan...
12:23:09.342 [main] [o.h.l.p.e.i.LoadQueryJoinAndFetchProcessor] DEBUG org.hibernate.loader.plan.exec.internal.LoadQueryJoinAndFetchProcessor - processing queryspace &lt;gen:0&gt;
12:23:09.342 [main] [o.h.l.p.b.s.LoadPlanTreePrinter] DEBUG org.hibernate.loader.plan.build.spi.LoadPlanTreePrinter - LoadPlan(entity=org.solent.com504.project.model.user.dto.Role)
    - Returns
       - EntityReturnImpl(entity=org.solent.com504.project.model.user.dto.Role, querySpaceUid=&lt;gen:0&gt;, path=org.solent.com504.project.model.user.dto.Role)
          - CollectionAttributeFetchImpl(collection=org.solent.com504.project.model.user.dto.Role.users, querySpaceUid=&lt;gen:1&gt;, path=org.solent.com504.project.model.user.dto.Role.users)
             - (collection element) CollectionFetchableElementEntityGraph(entity=org.solent.com504.project.model.user.dto.User, querySpaceUid=&lt;gen:2&gt;, path=org.solent.com504.project.model.user.dto.Role.users.&lt;elements&gt;)
    - QuerySpaces
       - EntityQuerySpaceImpl(uid=&lt;gen:0&gt;, entity=org.solent.com504.project.model.user.dto.Role)
          - SQL table alias mapping - role0_
          - alias suffix - 0_
          - suffixed key columns - {id1_6_0_}

12:23:09.342 [main] [o.h.l.e.p.EntityLoader] DEBUG org.hibernate.loader.entity.plan.EntityLoader - Static select for entity org.solent.com504.project.model.user.dto.Role [READ]: select role0_.id as id1_6_0_, role0_.name as name2_6_0_ from role role0_ where role0_.id=?
12:23:09.342 [main] [o.h.l.p.b.i.s.QuerySpacesImpl] DEBUG org.hibernate.loader.plan.build.internal.spaces.QuerySpacesImpl - Adding QuerySpace : uid = &lt;gen:0&gt; -&gt; org.hibernate.loader.plan.build.internal.spaces.EntityQuerySpaceImpl@467233e4]
12:23:09.342 [main] [o.h.p.w.s.MetamodelGraphWalker] DEBUG org.hibernate.persister.walking.spi.MetamodelGraphWalker - Visiting attribute path : name
12:23:09.342 [main] [o.h.p.w.s.MetamodelGraphWalker] DEBUG org.hibernate.persister.walking.spi.MetamodelGraphWalker - Visiting attribute path : users
12:23:09.342 [main] [o.h.l.p.b.i.s.QuerySpacesImpl] DEBUG org.hibernate.loader.plan.build.internal.spaces.QuerySpacesImpl - Adding QuerySpace : uid = &lt;gen:1&gt; -&gt; org.hibernate.loader.plan.build.internal.spaces.CollectionQuerySpaceImpl@6025d790]
12:23:09.342 [main] [o.h.l.p.b.i.s.QuerySpacesImpl] DEBUG org.hibernate.loader.plan.build.internal.spaces.QuerySpacesImpl - Adding QuerySpace : uid = &lt;gen:2&gt; -&gt; org.hibernate.loader.plan.build.internal.spaces.EntityQuerySpaceImpl@af7e376]
12:23:09.342 [main] [o.h.l.p.b.i.FetchStyleLoadPlanBuildingAssociationVisitationStrategy] DEBUG org.hibernate.loader.plan.build.internal.FetchStyleLoadPlanBuildingAssociationVisitationStrategy - Building LoadPlan...
12:23:09.342 [main] [o.h.l.p.e.i.LoadQueryJoinAndFetchProcessor] DEBUG org.hibernate.loader.plan.exec.internal.LoadQueryJoinAndFetchProcessor - processing queryspace &lt;gen:0&gt;
12:23:09.342 [main] [o.h.l.p.b.s.LoadPlanTreePrinter] DEBUG org.hibernate.loader.plan.build.spi.LoadPlanTreePrinter - LoadPlan(entity=org.solent.com504.project.model.user.dto.Role)
    - Returns
       - EntityReturnImpl(entity=org.solent.com504.project.model.user.dto.Role, querySpaceUid=&lt;gen:0&gt;, path=org.solent.com504.project.model.user.dto.Role)
          - CollectionAttributeFetchImpl(collection=org.solent.com504.project.model.user.dto.Role.users, querySpaceUid=&lt;gen:1&gt;, path=org.solent.com504.project.model.user.dto.Role.users)
             - (collection element) CollectionFetchableElementEntityGraph(entity=org.solent.com504.project.model.user.dto.User, querySpaceUid=&lt;gen:2&gt;, path=org.solent.com504.project.model.user.dto.Role.users.&lt;elements&gt;)
    - QuerySpaces
       - EntityQuerySpaceImpl(uid=&lt;gen:0&gt;, entity=org.solent.com504.project.model.user.dto.Role)
          - SQL table alias mapping - role0_
          - alias suffix - 0_
          - suffixed key columns - {id1_6_0_}

12:23:09.342 [main] [o.h.l.e.p.EntityLoader] DEBUG org.hibernate.loader.entity.plan.EntityLoader - Static select for entity org.solent.com504.project.model.user.dto.Role [UPGRADE]: select role0_.id as id1_6_0_, role0_.name as name2_6_0_ from role role0_ where role0_.id=? for update
12:23:09.342 [main] [o.h.l.p.b.i.s.QuerySpacesImpl] DEBUG org.hibernate.loader.plan.build.internal.spaces.QuerySpacesImpl - Adding QuerySpace : uid = &lt;gen:0&gt; -&gt; org.hibernate.loader.plan.build.internal.spaces.EntityQuerySpaceImpl@5dcd0cdf]
12:23:09.342 [main] [o.h.p.w.s.MetamodelGraphWalker] DEBUG org.hibernate.persister.walking.spi.MetamodelGraphWalker - Visiting attribute path : name
12:23:09.342 [main] [o.h.p.w.s.MetamodelGraphWalker] DEBUG org.hibernate.persister.walking.spi.MetamodelGraphWalker - Visiting attribute path : users
12:23:09.342 [main] [o.h.l.p.b.i.s.QuerySpacesImpl] DEBUG org.hibernate.loader.plan.build.internal.spaces.QuerySpacesImpl - Adding QuerySpace : uid = &lt;gen:1&gt; -&gt; org.hibernate.loader.plan.build.internal.spaces.CollectionQuerySpaceImpl@1e79d43]
12:23:09.342 [main] [o.h.l.p.b.i.s.QuerySpacesImpl] DEBUG org.hibernate.loader.plan.build.internal.spaces.QuerySpacesImpl - Adding QuerySpace : uid = &lt;gen:2&gt; -&gt; org.hibernate.loader.plan.build.internal.spaces.EntityQuerySpaceImpl@343e225a]
12:23:09.342 [main] [o.h.l.p.b.i.FetchStyleLoadPlanBuildingAssociationVisitationStrategy] DEBUG org.hibernate.loader.plan.build.internal.FetchStyleLoadPlanBuildingAssociationVisitationStrategy - Building LoadPlan...
12:23:09.342 [main] [o.h.l.p.e.i.LoadQueryJoinAndFetchProcessor] DEBUG org.hibernate.loader.plan.exec.internal.LoadQueryJoinAndFetchProcessor - processing queryspace &lt;gen:0&gt;
12:23:09.342 [main] [o.h.l.p.b.s.LoadPlanTreePrinter] DEBUG org.hibernate.loader.plan.build.spi.LoadPlanTreePrinter - LoadPlan(entity=org.solent.com504.project.model.user.dto.Role)
    - Returns
       - EntityReturnImpl(entity=org.solent.com504.project.model.user.dto.Role, querySpaceUid=&lt;gen:0&gt;, path=org.solent.com504.project.model.user.dto.Role)
          - CollectionAttributeFetchImpl(collection=org.solent.com504.project.model.user.dto.Role.users, querySpaceUid=&lt;gen:1&gt;, path=org.solent.com504.project.model.user.dto.Role.users)
             - (collection element) CollectionFetchableElementEntityGraph(entity=org.solent.com504.project.model.user.dto.User, querySpaceUid=&lt;gen:2&gt;, path=org.solent.com504.project.model.user.dto.Role.users.&lt;elements&gt;)
    - QuerySpaces
       - EntityQuerySpaceImpl(uid=&lt;gen:0&gt;, entity=org.solent.com504.project.model.user.dto.Role)
          - SQL table alias mapping - role0_
          - alias suffix - 0_
          - suffixed key columns - {id1_6_0_}

12:23:09.342 [main] [o.h.l.e.p.EntityLoader] DEBUG org.hibernate.loader.entity.plan.EntityLoader - Static select for entity org.solent.com504.project.model.user.dto.Role [UPGRADE_NOWAIT]: select role0_.id as id1_6_0_, role0_.name as name2_6_0_ from role role0_ where role0_.id=? for update
12:23:09.342 [main] [o.h.l.p.b.i.s.QuerySpacesImpl] DEBUG org.hibernate.loader.plan.build.internal.spaces.QuerySpacesImpl - Adding QuerySpace : uid = &lt;gen:0&gt; -&gt; org.hibernate.loader.plan.build.internal.spaces.EntityQuerySpaceImpl@1a07bf6]
12:23:09.342 [main] [o.h.p.w.s.MetamodelGraphWalker] DEBUG org.hibernate.persister.walking.spi.MetamodelGraphWalker - Visiting attribute path : name
12:23:09.342 [main] [o.h.p.w.s.MetamodelGraphWalker] DEBUG org.hibernate.persister.walking.spi.MetamodelGraphWalker - Visiting attribute path : users
12:23:09.342 [main] [o.h.l.p.b.i.s.QuerySpacesImpl] DEBUG org.hibernate.loader.plan.build.internal.spaces.QuerySpacesImpl - Adding QuerySpace : uid = &lt;gen:1&gt; -&gt; org.hibernate.loader.plan.build.internal.spaces.CollectionQuerySpaceImpl@713ec32d]
12:23:09.342 [main] [o.h.l.p.b.i.s.QuerySpacesImpl] DEBUG org.hibernate.loader.plan.build.internal.spaces.QuerySpacesImpl - Adding QuerySpace : uid = &lt;gen:2&gt; -&gt; org.hibernate.loader.plan.build.internal.spaces.EntityQuerySpaceImpl@34d713a2]
12:23:09.342 [main] [o.h.l.p.b.i.FetchStyleLoadPlanBuildingAssociationVisitationStrategy] DEBUG org.hibernate.loader.plan.build.internal.FetchStyleLoadPlanBuildingAssociationVisitationStrategy - Building LoadPlan...
12:23:09.342 [main] [o.h.l.p.e.i.LoadQueryJoinAndFetchProcessor] DEBUG org.hibernate.loader.plan.exec.internal.LoadQueryJoinAndFetchProcessor - processing queryspace &lt;gen:0&gt;
12:23:09.342 [main] [o.h.l.p.b.s.LoadPlanTreePrinter] DEBUG org.hibernate.loader.plan.build.spi.LoadPlanTreePrinter - LoadPlan(entity=org.solent.com504.project.model.user.dto.Role)
    - Returns
       - EntityReturnImpl(entity=org.solent.com504.project.model.user.dto.Role, querySpaceUid=&lt;gen:0&gt;, path=org.solent.com504.project.model.user.dto.Role)
          - CollectionAttributeFetchImpl(collection=org.solent.com504.project.model.user.dto.Role.users, querySpaceUid=&lt;gen:1&gt;, path=org.solent.com504.project.model.user.dto.Role.users)
             - (collection element) CollectionFetchableElementEntityGraph(entity=org.solent.com504.project.model.user.dto.User, querySpaceUid=&lt;gen:2&gt;, path=org.solent.com504.project.model.user.dto.Role.users.&lt;elements&gt;)
    - QuerySpaces
       - EntityQuerySpaceImpl(uid=&lt;gen:0&gt;, entity=org.solent.com504.project.model.user.dto.Role)
          - SQL table alias mapping - role0_
          - alias suffix - 0_
          - suffixed key columns - {id1_6_0_}

12:23:09.342 [main] [o.h.l.e.p.EntityLoader] DEBUG org.hibernate.loader.entity.plan.EntityLoader - Static select for entity org.solent.com504.project.model.user.dto.Role [UPGRADE_SKIPLOCKED]: select role0_.id as id1_6_0_, role0_.name as name2_6_0_ from role role0_ where role0_.id=? for update
12:23:09.342 [main] [o.h.l.p.b.i.s.QuerySpacesImpl] DEBUG org.hibernate.loader.plan.build.internal.spaces.QuerySpacesImpl - Adding QuerySpace : uid = &lt;gen:0&gt; -&gt; org.hibernate.loader.plan.build.internal.spaces.EntityQuerySpaceImpl@36aab105]
12:23:09.342 [main] [o.h.p.w.s.MetamodelGraphWalker] DEBUG org.hibernate.persister.walking.spi.MetamodelGraphWalker - Visiting attribute path : name
12:23:09.342 [main] [o.h.p.w.s.MetamodelGraphWalker] DEBUG org.hibernate.persister.walking.spi.MetamodelGraphWalker - Visiting attribute path : users
12:23:09.342 [main] [o.h.l.p.b.i.s.QuerySpacesImpl] DEBUG org.hibernate.loader.plan.build.internal.spaces.QuerySpacesImpl - Adding QuerySpace : uid = &lt;gen:1&gt; -&gt; org.hibernate.loader.plan.build.internal.spaces.CollectionQuerySpaceImpl@f29353f]
12:23:09.342 [main] [o.h.l.p.b.i.s.QuerySpacesImpl] DEBUG org.hibernate.loader.plan.build.internal.spaces.QuerySpacesImpl - Adding QuerySpace : uid = &lt;gen:2&gt; -&gt; org.hibernate.loader.plan.build.internal.spaces.EntityQuerySpaceImpl@36f7d7b]
12:23:09.342 [main] [o.h.l.p.b.i.FetchStyleLoadPlanBuildingAssociationVisitationStrategy] DEBUG org.hibernate.loader.plan.build.internal.FetchStyleLoadPlanBuildingAssociationVisitationStrategy - Building LoadPlan...
12:23:09.342 [main] [o.h.l.p.e.i.LoadQueryJoinAndFetchProcessor] DEBUG org.hibernate.loader.plan.exec.internal.LoadQueryJoinAndFetchProcessor - processing queryspace &lt;gen:0&gt;
12:23:09.342 [main] [o.h.l.p.b.s.LoadPlanTreePrinter] DEBUG org.hibernate.loader.plan.build.spi.LoadPlanTreePrinter - LoadPlan(entity=org.solent.com504.project.model.user.dto.Role)
    - Returns
       - EntityReturnImpl(entity=org.solent.com504.project.model.user.dto.Role, querySpaceUid=&lt;gen:0&gt;, path=org.solent.com504.project.model.user.dto.Role)
          - CollectionAttributeFetchImpl(collection=org.solent.com504.project.model.user.dto.Role.users, querySpaceUid=&lt;gen:1&gt;, path=org.solent.com504.project.model.user.dto.Role.users)
             - (collection element) CollectionFetchableElementEntityGraph(entity=org.solent.com504.project.model.user.dto.User, querySpaceUid=&lt;gen:2&gt;, path=org.solent.com504.project.model.user.dto.Role.users.&lt;elements&gt;)
    - QuerySpaces
       - EntityQuerySpaceImpl(uid=&lt;gen:0&gt;, entity=org.solent.com504.project.model.user.dto.Role)
          - SQL table alias mapping - role0_
          - alias suffix - 0_
          - suffixed key columns - {id1_6_0_}

12:23:09.342 [main] [o.h.l.e.p.EntityLoader] DEBUG org.hibernate.loader.entity.plan.EntityLoader - Static select for entity org.solent.com504.project.model.user.dto.Role [FORCE]: select role0_.id as id1_6_0_, role0_.name as name2_6_0_ from role role0_ where role0_.id=? for update
12:23:09.342 [main] [o.h.l.p.b.i.s.QuerySpacesImpl] DEBUG org.hibernate.loader.plan.build.internal.spaces.QuerySpacesImpl - Adding QuerySpace : uid = &lt;gen:0&gt; -&gt; org.hibernate.loader.plan.build.internal.spaces.EntityQuerySpaceImpl@60aec68a]
12:23:09.342 [main] [o.h.p.w.s.MetamodelGraphWalker] DEBUG org.hibernate.persister.walking.spi.MetamodelGraphWalker - Visiting attribute path : name
12:23:09.342 [main] [o.h.p.w.s.MetamodelGraphWalker] DEBUG org.hibernate.persister.walking.spi.MetamodelGraphWalker - Visiting attribute path : users
12:23:09.342 [main] [o.h.l.p.b.i.s.QuerySpacesImpl] DEBUG org.hibernate.loader.plan.build.internal.spaces.QuerySpacesImpl - Adding QuerySpace : uid = &lt;gen:1&gt; -&gt; org.hibernate.loader.plan.build.internal.spaces.CollectionQuerySpaceImpl@6361b799]
12:23:09.342 [main] [o.h.l.p.b.i.s.QuerySpacesImpl] DEBUG org.hibernate.loader.plan.build.internal.spaces.QuerySpacesImpl - Adding QuerySpace : uid = &lt;gen:2&gt; -&gt; org.hibernate.loader.plan.build.internal.spaces.EntityQuerySpaceImpl@1b9d9a2b]
12:23:09.342 [main] [o.h.l.p.b.i.FetchStyleLoadPlanBuildingAssociationVisitationStrategy] DEBUG org.hibernate.loader.plan.build.internal.FetchStyleLoadPlanBuildingAssociationVisitationStrategy - Building LoadPlan...
12:23:09.342 [main] [o.h.l.p.e.i.LoadQueryJoinAndFetchProcessor] DEBUG org.hibernate.loader.plan.exec.internal.LoadQueryJoinAndFetchProcessor - processing queryspace &lt;gen:0&gt;
12:23:09.342 [main] [o.h.l.p.b.s.LoadPlanTreePrinter] DEBUG org.hibernate.loader.plan.build.spi.LoadPlanTreePrinter - LoadPlan(entity=org.solent.com504.project.model.user.dto.Role)
    - Returns
       - EntityReturnImpl(entity=org.solent.com504.project.model.user.dto.Role, querySpaceUid=&lt;gen:0&gt;, path=org.solent.com504.project.model.user.dto.Role)
          - CollectionAttributeFetchImpl(collection=org.solent.com504.project.model.user.dto.Role.users, querySpaceUid=&lt;gen:1&gt;, path=org.solent.com504.project.model.user.dto.Role.users)
             - (collection element) CollectionFetchableElementEntityGraph(entity=org.solent.com504.project.model.user.dto.User, querySpaceUid=&lt;gen:2&gt;, path=org.solent.com504.project.model.user.dto.Role.users.&lt;elements&gt;)
    - QuerySpaces
       - EntityQuerySpaceImpl(uid=&lt;gen:0&gt;, entity=org.solent.com504.project.model.user.dto.Role)
          - SQL table alias mapping - role0_
          - alias suffix - 0_
          - suffixed key columns - {id1_6_0_}

12:23:09.342 [main] [o.h.l.e.p.EntityLoader] DEBUG org.hibernate.loader.entity.plan.EntityLoader - Static select for entity org.solent.com504.project.model.user.dto.Role [PESSIMISTIC_READ]: select role0_.id as id1_6_0_, role0_.name as name2_6_0_ from role role0_ where role0_.id=? for update
12:23:09.342 [main] [o.h.l.p.b.i.s.QuerySpacesImpl] DEBUG org.hibernate.loader.plan.build.internal.spaces.QuerySpacesImpl - Adding QuerySpace : uid = &lt;gen:0&gt; -&gt; org.hibernate.loader.plan.build.internal.spaces.EntityQuerySpaceImpl@d919544]
12:23:09.342 [main] [o.h.p.w.s.MetamodelGraphWalker] DEBUG org.hibernate.persister.walking.spi.MetamodelGraphWalker - Visiting attribute path : name
12:23:09.342 [main] [o.h.p.w.s.MetamodelGraphWalker] DEBUG org.hibernate.persister.walking.spi.MetamodelGraphWalker - Visiting attribute path : users
12:23:09.342 [main] [o.h.l.p.b.i.s.QuerySpacesImpl] DEBUG org.hibernate.loader.plan.build.internal.spaces.QuerySpacesImpl - Adding QuerySpace : uid = &lt;gen:1&gt; -&gt; org.hibernate.loader.plan.build.internal.spaces.CollectionQuerySpaceImpl@79696332]
12:23:09.342 [main] [o.h.l.p.b.i.s.QuerySpacesImpl] DEBUG org.hibernate.loader.plan.build.internal.spaces.QuerySpacesImpl - Adding QuerySpace : uid = &lt;gen:2&gt; -&gt; org.hibernate.loader.plan.build.internal.spaces.EntityQuerySpaceImpl@ed2f2f6]
12:23:09.342 [main] [o.h.l.p.b.i.FetchStyleLoadPlanBuildingAssociationVisitationStrategy] DEBUG org.hibernate.loader.plan.build.internal.FetchStyleLoadPlanBuildingAssociationVisitationStrategy - Building LoadPlan...
12:23:09.342 [main] [o.h.l.p.e.i.LoadQueryJoinAndFetchProcessor] DEBUG org.hibernate.loader.plan.exec.internal.LoadQueryJoinAndFetchProcessor - processing queryspace &lt;gen:0&gt;
12:23:09.342 [main] [o.h.l.p.b.s.LoadPlanTreePrinter] DEBUG org.hibernate.loader.plan.build.spi.LoadPlanTreePrinter - LoadPlan(entity=org.solent.com504.project.model.user.dto.Role)
    - Returns
       - EntityReturnImpl(entity=org.solent.com504.project.model.user.dto.Role, querySpaceUid=&lt;gen:0&gt;, path=org.solent.com504.project.model.user.dto.Role)
          - CollectionAttributeFetchImpl(collection=org.solent.com504.project.model.user.dto.Role.users, querySpaceUid=&lt;gen:1&gt;, path=org.solent.com504.project.model.user.dto.Role.users)
             - (collection element) CollectionFetchableElementEntityGraph(entity=org.solent.com504.project.model.user.dto.User, querySpaceUid=&lt;gen:2&gt;, path=org.solent.com504.project.model.user.dto.Role.users.&lt;elements&gt;)
    - QuerySpaces
       - EntityQuerySpaceImpl(uid=&lt;gen:0&gt;, entity=org.solent.com504.project.model.user.dto.Role)
          - SQL table alias mapping - role0_
          - alias suffix - 0_
          - suffixed key columns - {id1_6_0_}

12:23:09.342 [main] [o.h.l.e.p.EntityLoader] DEBUG org.hibernate.loader.entity.plan.EntityLoader - Static select for entity org.solent.com504.project.model.user.dto.Role [PESSIMISTIC_WRITE]: select role0_.id as id1_6_0_, role0_.name as name2_6_0_ from role role0_ where role0_.id=? for update
12:23:09.342 [main] [o.h.l.p.b.i.s.QuerySpacesImpl] DEBUG org.hibernate.loader.plan.build.internal.spaces.QuerySpacesImpl - Adding QuerySpace : uid = &lt;gen:0&gt; -&gt; org.hibernate.loader.plan.build.internal.spaces.EntityQuerySpaceImpl@fe87ddd]
12:23:09.342 [main] [o.h.p.w.s.MetamodelGraphWalker] DEBUG org.hibernate.persister.walking.spi.MetamodelGraphWalker - Visiting attribute path : name
12:23:09.342 [main] [o.h.p.w.s.MetamodelGraphWalker] DEBUG org.hibernate.persister.walking.spi.MetamodelGraphWalker - Visiting attribute path : users
12:23:09.342 [main] [o.h.l.p.b.i.s.QuerySpacesImpl] DEBUG org.hibernate.loader.plan.build.internal.spaces.QuerySpacesImpl - Adding QuerySpace : uid = &lt;gen:1&gt; -&gt; org.hibernate.loader.plan.build.internal.spaces.CollectionQuerySpaceImpl@7c281eb8]
12:23:09.342 [main] [o.h.l.p.b.i.s.QuerySpacesImpl] DEBUG org.hibernate.loader.plan.build.internal.spaces.QuerySpacesImpl - Adding QuerySpace : uid = &lt;gen:2&gt; -&gt; org.hibernate.loader.plan.build.internal.spaces.EntityQuerySpaceImpl@65f40689]
12:23:09.342 [main] [o.h.l.p.b.i.FetchStyleLoadPlanBuildingAssociationVisitationStrategy] DEBUG org.hibernate.loader.plan.build.internal.FetchStyleLoadPlanBuildingAssociationVisitationStrategy - Building LoadPlan...
12:23:09.342 [main] [o.h.l.p.e.i.LoadQueryJoinAndFetchProcessor] DEBUG org.hibernate.loader.plan.exec.internal.LoadQueryJoinAndFetchProcessor - processing queryspace &lt;gen:0&gt;
12:23:09.342 [main] [o.h.l.p.b.s.LoadPlanTreePrinter] DEBUG org.hibernate.loader.plan.build.spi.LoadPlanTreePrinter - LoadPlan(entity=org.solent.com504.project.model.user.dto.Role)
    - Returns
       - EntityReturnImpl(entity=org.solent.com504.project.model.user.dto.Role, querySpaceUid=&lt;gen:0&gt;, path=org.solent.com504.project.model.user.dto.Role)
          - CollectionAttributeFetchImpl(collection=org.solent.com504.project.model.user.dto.Role.users, querySpaceUid=&lt;gen:1&gt;, path=org.solent.com504.project.model.user.dto.Role.users)
             - (collection element) CollectionFetchableElementEntityGraph(entity=org.solent.com504.project.model.user.dto.User, querySpaceUid=&lt;gen:2&gt;, path=org.solent.com504.project.model.user.dto.Role.users.&lt;elements&gt;)
    - QuerySpaces
       - EntityQuerySpaceImpl(uid=&lt;gen:0&gt;, entity=org.solent.com504.project.model.user.dto.Role)
          - SQL table alias mapping - role0_
          - alias suffix - 0_
          - suffixed key columns - {id1_6_0_}

12:23:09.342 [main] [o.h.l.e.p.EntityLoader] DEBUG org.hibernate.loader.entity.plan.EntityLoader - Static select for entity org.solent.com504.project.model.user.dto.Role [PESSIMISTIC_FORCE_INCREMENT]: select role0_.id as id1_6_0_, role0_.name as name2_6_0_ from role role0_ where role0_.id=? for update
12:23:09.342 [main] [o.h.l.p.b.i.s.QuerySpacesImpl] DEBUG org.hibernate.loader.plan.build.internal.spaces.QuerySpacesImpl - Adding QuerySpace : uid = &lt;gen:0&gt; -&gt; org.hibernate.loader.plan.build.internal.spaces.EntityQuerySpaceImpl@29be997f]
12:23:09.342 [main] [o.h.p.w.s.MetamodelGraphWalker] DEBUG org.hibernate.persister.walking.spi.MetamodelGraphWalker - Visiting attribute path : name
12:23:09.342 [main] [o.h.p.w.s.MetamodelGraphWalker] DEBUG org.hibernate.persister.walking.spi.MetamodelGraphWalker - Visiting attribute path : users
12:23:09.342 [main] [o.h.l.p.b.i.s.QuerySpacesImpl] DEBUG org.hibernate.loader.plan.build.internal.spaces.QuerySpacesImpl - Adding QuerySpace : uid = &lt;gen:1&gt; -&gt; org.hibernate.loader.plan.build.internal.spaces.CollectionQuerySpaceImpl@f8a6243]
12:23:09.342 [main] [o.h.l.p.b.i.s.QuerySpacesImpl] DEBUG org.hibernate.loader.plan.build.internal.spaces.QuerySpacesImpl - Adding QuerySpace : uid = &lt;gen:2&gt; -&gt; org.hibernate.loader.plan.build.internal.spaces.EntityQuerySpaceImpl@4a8ffd75]
12:23:09.342 [main] [o.h.l.p.b.i.FetchStyleLoadPlanBuildingAssociationVisitationStrategy] DEBUG org.hibernate.loader.plan.build.internal.FetchStyleLoadPlanBuildingAssociationVisitationStrategy - Building LoadPlan...
12:23:09.342 [main] [o.h.l.p.e.i.LoadQueryJoinAndFetchProcessor] DEBUG org.hibernate.loader.plan.exec.internal.LoadQueryJoinAndFetchProcessor - processing queryspace &lt;gen:0&gt;
12:23:09.342 [main] [o.h.l.p.b.s.LoadPlanTreePrinter] DEBUG org.hibernate.loader.plan.build.spi.LoadPlanTreePrinter - LoadPlan(entity=org.solent.com504.project.model.user.dto.Role)
    - Returns
       - EntityReturnImpl(entity=org.solent.com504.project.model.user.dto.Role, querySpaceUid=&lt;gen:0&gt;, path=org.solent.com504.project.model.user.dto.Role)
          - CollectionAttributeFetchImpl(collection=org.solent.com504.project.model.user.dto.Role.users, querySpaceUid=&lt;gen:1&gt;, path=org.solent.com504.project.model.user.dto.Role.users)
             - (collection element) CollectionFetchableElementEntityGraph(entity=org.solent.com504.project.model.user.dto.User, querySpaceUid=&lt;gen:2&gt;, path=org.solent.com504.project.model.user.dto.Role.users.&lt;elements&gt;)
    - QuerySpaces
       - EntityQuerySpaceImpl(uid=&lt;gen:0&gt;, entity=org.solent.com504.project.model.user.dto.Role)
          - SQL table alias mapping - role0_
          - alias suffix - 0_
          - suffixed key columns - {id1_6_0_}

12:23:09.342 [main] [o.h.l.e.p.EntityLoader] DEBUG org.hibernate.loader.entity.plan.EntityLoader - Static select for entity org.solent.com504.project.model.user.dto.Role [OPTIMISTIC]: select role0_.id as id1_6_0_, role0_.name as name2_6_0_ from role role0_ where role0_.id=?
12:23:09.342 [main] [o.h.l.p.b.i.s.QuerySpacesImpl] DEBUG org.hibernate.loader.plan.build.internal.spaces.QuerySpacesImpl - Adding QuerySpace : uid = &lt;gen:0&gt; -&gt; org.hibernate.loader.plan.build.internal.spaces.EntityQuerySpaceImpl@1727e03a]
12:23:09.342 [main] [o.h.p.w.s.MetamodelGraphWalker] DEBUG org.hibernate.persister.walking.spi.MetamodelGraphWalker - Visiting attribute path : name
12:23:09.342 [main] [o.h.p.w.s.MetamodelGraphWalker] DEBUG org.hibernate.persister.walking.spi.MetamodelGraphWalker - Visiting attribute path : users
12:23:09.342 [main] [o.h.l.p.b.i.s.QuerySpacesImpl] DEBUG org.hibernate.loader.plan.build.internal.spaces.QuerySpacesImpl - Adding QuerySpace : uid = &lt;gen:1&gt; -&gt; org.hibernate.loader.plan.build.internal.spaces.CollectionQuerySpaceImpl@23da79eb]
12:23:09.342 [main] [o.h.l.p.b.i.s.QuerySpacesImpl] DEBUG org.hibernate.loader.plan.build.internal.spaces.QuerySpacesImpl - Adding QuerySpace : uid = &lt;gen:2&gt; -&gt; org.hibernate.loader.plan.build.internal.spaces.EntityQuerySpaceImpl@168b4cb0]
12:23:09.342 [main] [o.h.l.p.b.i.FetchStyleLoadPlanBuildingAssociationVisitationStrategy] DEBUG org.hibernate.loader.plan.build.internal.FetchStyleLoadPlanBuildingAssociationVisitationStrategy - Building LoadPlan...
12:23:09.358 [main] [o.h.l.p.e.i.LoadQueryJoinAndFetchProcessor] DEBUG org.hibernate.loader.plan.exec.internal.LoadQueryJoinAndFetchProcessor - processing queryspace &lt;gen:0&gt;
12:23:09.358 [main] [o.h.l.p.b.s.LoadPlanTreePrinter] DEBUG org.hibernate.loader.plan.build.spi.LoadPlanTreePrinter - LoadPlan(entity=org.solent.com504.project.model.user.dto.Role)
    - Returns
       - EntityReturnImpl(entity=org.solent.com504.project.model.user.dto.Role, querySpaceUid=&lt;gen:0&gt;, path=org.solent.com504.project.model.user.dto.Role)
          - CollectionAttributeFetchImpl(collection=org.solent.com504.project.model.user.dto.Role.users, querySpaceUid=&lt;gen:1&gt;, path=org.solent.com504.project.model.user.dto.Role.users)
             - (collection element) CollectionFetchableElementEntityGraph(entity=org.solent.com504.project.model.user.dto.User, querySpaceUid=&lt;gen:2&gt;, path=org.solent.com504.project.model.user.dto.Role.users.&lt;elements&gt;)
    - QuerySpaces
       - EntityQuerySpaceImpl(uid=&lt;gen:0&gt;, entity=org.solent.com504.project.model.user.dto.Role)
          - SQL table alias mapping - role0_
          - alias suffix - 0_
          - suffixed key columns - {id1_6_0_}

12:23:09.358 [main] [o.h.l.e.p.EntityLoader] DEBUG org.hibernate.loader.entity.plan.EntityLoader - Static select for entity org.solent.com504.project.model.user.dto.Role [OPTIMISTIC_FORCE_INCREMENT]: select role0_.id as id1_6_0_, role0_.name as name2_6_0_ from role role0_ where role0_.id=?
12:23:09.358 [main] [o.h.l.Loader] DEBUG org.hibernate.loader.Loader - Static select for action ACTION_MERGE on entity org.solent.com504.project.model.user.dto.Role: select role0_.id as id1_6_0_, role0_.name as name2_6_0_ from role role0_ where role0_.id=?
12:23:09.358 [main] [o.h.l.Loader] DEBUG org.hibernate.loader.Loader - Static select for action ACTION_REFRESH on entity org.solent.com504.project.model.user.dto.Role: select role0_.id as id1_6_0_, role0_.name as name2_6_0_ from role role0_ where role0_.id=?
12:23:09.358 [main] [o.h.p.e.AbstractEntityPersister] DEBUG org.hibernate.persister.entity.AbstractEntityPersister - Static SQL for entity: org.solent.com504.project.model.auction.dto.Auction
12:23:09.358 [main] [o.h.p.e.AbstractEntityPersister] DEBUG org.hibernate.persister.entity.AbstractEntityPersister -  Version select: select id from Auction where id =?
12:23:09.358 [main] [o.h.p.e.AbstractEntityPersister] DEBUG org.hibernate.persister.entity.AbstractEntityPersister -  Snapshot select: select auction_.id, auction_.auctionType as auctionT2_0_, auction_.startTime as startTim3_0_, auction_.type as type4_0_ from Auction auction_ where auction_.id=?
12:23:09.358 [main] [o.h.p.e.AbstractEntityPersister] DEBUG org.hibernate.persister.entity.AbstractEntityPersister -  Insert 0: insert into Auction (auctionType, startTime, type, id) values (?, ?, ?, ?)
12:23:09.358 [main] [o.h.p.e.AbstractEntityPersister] DEBUG org.hibernate.persister.entity.AbstractEntityPersister -  Update 0: update Auction set auctionType=?, startTime=?, type=? where id=?
12:23:09.358 [main] [o.h.p.e.AbstractEntityPersister] DEBUG org.hibernate.persister.entity.AbstractEntityPersister -  Delete 0: delete from Auction where id=?
12:23:09.358 [main] [o.h.p.e.AbstractEntityPersister] DEBUG org.hibernate.persister.entity.AbstractEntityPersister -  Identity insert: insert into Auction (id, auctionType, startTime, type) values (default, ?, ?, ?)
12:23:09.358 [main] [o.h.l.p.b.i.s.QuerySpacesImpl] DEBUG org.hibernate.loader.plan.build.internal.spaces.QuerySpacesImpl - Adding QuerySpace : uid = &lt;gen:0&gt; -&gt; org.hibernate.loader.plan.build.internal.spaces.EntityQuerySpaceImpl@3e05586b]
12:23:09.358 [main] [o.h.p.w.s.MetamodelGraphWalker] DEBUG org.hibernate.persister.walking.spi.MetamodelGraphWalker - Visiting attribute path : auctionType
12:23:09.358 [main] [o.h.p.w.s.MetamodelGraphWalker] DEBUG org.hibernate.persister.walking.spi.MetamodelGraphWalker - Visiting attribute path : lots
12:23:09.358 [main] [o.h.l.p.b.i.s.QuerySpacesImpl] DEBUG org.hibernate.loader.plan.build.internal.spaces.QuerySpacesImpl - Adding QuerySpace : uid = &lt;gen:1&gt; -&gt; org.hibernate.loader.plan.build.internal.spaces.CollectionQuerySpaceImpl@45545e7a]
12:23:09.358 [main] [o.h.l.p.b.i.s.QuerySpacesImpl] DEBUG org.hibernate.loader.plan.build.internal.spaces.QuerySpacesImpl - Adding QuerySpace : uid = &lt;gen:2&gt; -&gt; org.hibernate.loader.plan.build.internal.spaces.EntityQuerySpaceImpl@9f674ac]
12:23:09.358 [main] [o.h.p.w.s.MetamodelGraphWalker] DEBUG org.hibernate.persister.walking.spi.MetamodelGraphWalker - Visiting attribute path : lots.bids
12:23:09.358 [main] [o.h.l.p.b.i.s.QuerySpacesImpl] DEBUG org.hibernate.loader.plan.build.internal.spaces.QuerySpacesImpl - Adding QuerySpace : uid = &lt;gen:3&gt; -&gt; org.hibernate.loader.plan.build.internal.spaces.CollectionQuerySpaceImpl@448b808a]
12:23:09.358 [main] [o.h.l.p.b.i.s.QuerySpacesImpl] DEBUG org.hibernate.loader.plan.build.internal.spaces.QuerySpacesImpl - Adding QuerySpace : uid = &lt;gen:4&gt; -&gt; org.hibernate.loader.plan.build.internal.spaces.EntityQuerySpaceImpl@7e62cfa3]
12:23:09.358 [main] [o.h.p.w.s.MetamodelGraphWalker] DEBUG org.hibernate.persister.walking.spi.MetamodelGraphWalker - Visiting attribute path : lots.duration
12:23:09.358 [main] [o.h.p.w.s.MetamodelGraphWalker] DEBUG org.hibernate.persister.walking.spi.MetamodelGraphWalker - Visiting attribute path : lots.grade
12:23:09.358 [main] [o.h.p.w.s.MetamodelGraphWalker] DEBUG org.hibernate.persister.walking.spi.MetamodelGraphWalker - Visiting attribute path : lots.highestBidPrice
12:23:09.358 [main] [o.h.p.w.s.MetamodelGraphWalker] DEBUG org.hibernate.persister.walking.spi.MetamodelGraphWalker - Visiting attribute path : lots.life_days
12:23:09.358 [main] [o.h.p.w.s.MetamodelGraphWalker] DEBUG org.hibernate.persister.walking.spi.MetamodelGraphWalker - Visiting attribute path : lots.pickdate
12:23:09.358 [main] [o.h.p.w.s.MetamodelGraphWalker] DEBUG org.hibernate.persister.walking.spi.MetamodelGraphWalker - Visiting attribute path : lots.quantity
12:23:09.358 [main] [o.h.p.w.s.MetamodelGraphWalker] DEBUG org.hibernate.persister.walking.spi.MetamodelGraphWalker - Visiting attribute path : lots.reservedPrice
12:23:09.358 [main] [o.h.p.w.s.MetamodelGraphWalker] DEBUG org.hibernate.persister.walking.spi.MetamodelGraphWalker - Visiting attribute path : startTime
12:23:09.358 [main] [o.h.p.w.s.MetamodelGraphWalker] DEBUG org.hibernate.persister.walking.spi.MetamodelGraphWalker - Visiting attribute path : type
12:23:09.358 [main] [o.h.l.p.b.i.FetchStyleLoadPlanBuildingAssociationVisitationStrategy] DEBUG org.hibernate.loader.plan.build.internal.FetchStyleLoadPlanBuildingAssociationVisitationStrategy - Building LoadPlan...
12:23:09.358 [main] [o.h.l.p.e.i.LoadQueryJoinAndFetchProcessor] DEBUG org.hibernate.loader.plan.exec.internal.LoadQueryJoinAndFetchProcessor - processing queryspace &lt;gen:0&gt;
12:23:09.358 [main] [o.h.l.p.b.s.LoadPlanTreePrinter] DEBUG org.hibernate.loader.plan.build.spi.LoadPlanTreePrinter - LoadPlan(entity=org.solent.com504.project.model.auction.dto.Auction)
    - Returns
       - EntityReturnImpl(entity=org.solent.com504.project.model.auction.dto.Auction, querySpaceUid=&lt;gen:0&gt;, path=org.solent.com504.project.model.auction.dto.Auction)
          - CollectionAttributeFetchImpl(collection=org.solent.com504.project.model.auction.dto.Auction.lots, querySpaceUid=&lt;gen:1&gt;, path=org.solent.com504.project.model.auction.dto.Auction.lots)
             - (collection element) CollectionFetchableElementEntityGraph(entity=org.solent.com504.project.model.lot.dto.Lot, querySpaceUid=&lt;gen:2&gt;, path=org.solent.com504.project.model.auction.dto.Auction.lots.&lt;elements&gt;)
                - CollectionAttributeFetchImpl(collection=org.solent.com504.project.model.lot.dto.Lot.bids, querySpaceUid=&lt;gen:3&gt;, path=org.solent.com504.project.model.auction.dto.Auction.lots.&lt;elements&gt;.bids)
                   - (collection element) CollectionFetchableElementEntityGraph(entity=org.solent.com504.project.model.bid.dto.Bid, querySpaceUid=&lt;gen:4&gt;, path=org.solent.com504.project.model.auction.dto.Auction.lots.&lt;elements&gt;.bids.&lt;elements&gt;)
    - QuerySpaces
       - EntityQuerySpaceImpl(uid=&lt;gen:0&gt;, entity=org.solent.com504.project.model.auction.dto.Auction)
          - SQL table alias mapping - auction0_
          - alias suffix - 0_
          - suffixed key columns - {id1_0_0_}
          - JOIN (JoinDefinedByMetadata(lots)) : &lt;gen:0&gt; -&gt; &lt;gen:1&gt;
             - CollectionQuerySpaceImpl(uid=&lt;gen:1&gt;, collection=org.solent.com504.project.model.auction.dto.Auction.lots)
                - SQL table alias mapping - lots1_
                - alias suffix - 1_
                - suffixed key columns - {Auction_1_1_1_}
                - entity-element alias suffix - 2_
                - 2_entity-element suffixed key columns - id1_3_2_
                - JOIN (JoinDefinedByMetadata(elements)) : &lt;gen:1&gt; -&gt; &lt;gen:2&gt;
                   - EntityQuerySpaceImpl(uid=&lt;gen:2&gt;, entity=org.solent.com504.project.model.lot.dto.Lot)
                      - SQL table alias mapping - lot2_
                      - alias suffix - 2_
                      - suffixed key columns - {id1_3_2_}

12:23:09.358 [main] [o.h.l.e.p.EntityLoader] DEBUG org.hibernate.loader.entity.plan.EntityLoader - Static select for entity org.solent.com504.project.model.auction.dto.Auction [NONE]: select auction0_.id as id1_0_0_, auction0_.auctionType as auctionT2_0_0_, auction0_.startTime as startTim3_0_0_, auction0_.type as type4_0_0_, lots1_.Auction_id as Auction_1_1_1_, lot2_.id as lots_id2_1_1_, lot2_.id as id1_3_2_, lot2_.duration as duration2_3_2_, lot2_.grade as grade3_3_2_, lot2_.highestBidPrice as highestB4_3_2_, lot2_.life_days as life_day5_3_2_, lot2_.pickdate as pickdate6_3_2_, lot2_.quantity as quantity7_3_2_, lot2_.reservedPrice as reserved8_3_2_ from Auction auction0_ left outer join Auction_Lot lots1_ on auction0_.id=lots1_.Auction_id left outer join Lot lot2_ on lots1_.lots_id=lot2_.id where auction0_.id=?
12:23:09.358 [main] [o.h.l.p.b.i.s.QuerySpacesImpl] DEBUG org.hibernate.loader.plan.build.internal.spaces.QuerySpacesImpl - Adding QuerySpace : uid = &lt;gen:0&gt; -&gt; org.hibernate.loader.plan.build.internal.spaces.EntityQuerySpaceImpl@46e190ed]
12:23:09.358 [main] [o.h.p.w.s.MetamodelGraphWalker] DEBUG org.hibernate.persister.walking.spi.MetamodelGraphWalker - Visiting attribute path : auctionType
12:23:09.358 [main] [o.h.p.w.s.MetamodelGraphWalker] DEBUG org.hibernate.persister.walking.spi.MetamodelGraphWalker - Visiting attribute path : lots
12:23:09.358 [main] [o.h.l.p.b.i.s.QuerySpacesImpl] DEBUG org.hibernate.loader.plan.build.internal.spaces.QuerySpacesImpl - Adding QuerySpace : uid = &lt;gen:1&gt; -&gt; org.hibernate.loader.plan.build.internal.spaces.CollectionQuerySpaceImpl@20ab76ee]
12:23:09.358 [main] [o.h.l.p.b.i.s.QuerySpacesImpl] DEBUG org.hibernate.loader.plan.build.internal.spaces.QuerySpacesImpl - Adding QuerySpace : uid = &lt;gen:2&gt; -&gt; org.hibernate.loader.plan.build.internal.spaces.EntityQuerySpaceImpl@485caa8f]
12:23:09.358 [main] [o.h.p.w.s.MetamodelGraphWalker] DEBUG org.hibernate.persister.walking.spi.MetamodelGraphWalker - Visiting attribute path : lots.bids
12:23:09.358 [main] [o.h.l.p.b.i.s.QuerySpacesImpl] DEBUG org.hibernate.loader.plan.build.internal.spaces.QuerySpacesImpl - Adding QuerySpace : uid = &lt;gen:3&gt; -&gt; org.hibernate.loader.plan.build.internal.spaces.CollectionQuerySpaceImpl@2007435e]
12:23:09.358 [main] [o.h.l.p.b.i.s.QuerySpacesImpl] DEBUG org.hibernate.loader.plan.build.internal.spaces.QuerySpacesImpl - Adding QuerySpace : uid = &lt;gen:4&gt; -&gt; org.hibernate.loader.plan.build.internal.spaces.EntityQuerySpaceImpl@da28d03]
12:23:09.358 [main] [o.h.p.w.s.MetamodelGraphWalker] DEBUG org.hibernate.persister.walking.spi.MetamodelGraphWalker - Visiting attribute path : lots.duration
12:23:09.358 [main] [o.h.p.w.s.MetamodelGraphWalker] DEBUG org.hibernate.persister.walking.spi.MetamodelGraphWalker - Visiting attribute path : lots.grade
12:23:09.358 [main] [o.h.p.w.s.MetamodelGraphWalker] DEBUG org.hibernate.persister.walking.spi.MetamodelGraphWalker - Visiting attribute path : lots.highestBidPrice
12:23:09.358 [main] [o.h.p.w.s.MetamodelGraphWalker] DEBUG org.hibernate.persister.walking.spi.MetamodelGraphWalker - Visiting attribute path : lots.life_days
12:23:09.358 [main] [o.h.p.w.s.MetamodelGraphWalker] DEBUG org.hibernate.persister.walking.spi.MetamodelGraphWalker - Visiting attribute path : lots.pickdate
12:23:09.358 [main] [o.h.p.w.s.MetamodelGraphWalker] DEBUG org.hibernate.persister.walking.spi.MetamodelGraphWalker - Visiting attribute path : lots.quantity
12:23:09.358 [main] [o.h.p.w.s.MetamodelGraphWalker] DEBUG org.hibernate.persister.walking.spi.MetamodelGraphWalker - Visiting attribute path : lots.reservedPrice
12:23:09.358 [main] [o.h.p.w.s.MetamodelGraphWalker] DEBUG org.hibernate.persister.walking.spi.MetamodelGraphWalker - Visiting attribute path : startTime
12:23:09.358 [main] [o.h.p.w.s.MetamodelGraphWalker] DEBUG org.hibernate.persister.walking.spi.MetamodelGraphWalker - Visiting attribute path : type
12:23:09.358 [main] [o.h.l.p.b.i.FetchStyleLoadPlanBuildingAssociationVisitationStrategy] DEBUG org.hibernate.loader.plan.build.internal.FetchStyleLoadPlanBuildingAssociationVisitationStrategy - Building LoadPlan...
12:23:09.358 [main] [o.h.l.p.e.i.LoadQueryJoinAndFetchProcessor] DEBUG org.hibernate.loader.plan.exec.internal.LoadQueryJoinAndFetchProcessor - processing queryspace &lt;gen:0&gt;
12:23:09.358 [main] [o.h.l.p.b.s.LoadPlanTreePrinter] DEBUG org.hibernate.loader.plan.build.spi.LoadPlanTreePrinter - LoadPlan(entity=org.solent.com504.project.model.auction.dto.Auction)
    - Returns
       - EntityReturnImpl(entity=org.solent.com504.project.model.auction.dto.Auction, querySpaceUid=&lt;gen:0&gt;, path=org.solent.com504.project.model.auction.dto.Auction)
          - CollectionAttributeFetchImpl(collection=org.solent.com504.project.model.auction.dto.Auction.lots, querySpaceUid=&lt;gen:1&gt;, path=org.solent.com504.project.model.auction.dto.Auction.lots)
             - (collection element) CollectionFetchableElementEntityGraph(entity=org.solent.com504.project.model.lot.dto.Lot, querySpaceUid=&lt;gen:2&gt;, path=org.solent.com504.project.model.auction.dto.Auction.lots.&lt;elements&gt;)
                - CollectionAttributeFetchImpl(collection=org.solent.com504.project.model.lot.dto.Lot.bids, querySpaceUid=&lt;gen:3&gt;, path=org.solent.com504.project.model.auction.dto.Auction.lots.&lt;elements&gt;.bids)
                   - (collection element) CollectionFetchableElementEntityGraph(entity=org.solent.com504.project.model.bid.dto.Bid, querySpaceUid=&lt;gen:4&gt;, path=org.solent.com504.project.model.auction.dto.Auction.lots.&lt;elements&gt;.bids.&lt;elements&gt;)
    - QuerySpaces
       - EntityQuerySpaceImpl(uid=&lt;gen:0&gt;, entity=org.solent.com504.project.model.auction.dto.Auction)
          - SQL table alias mapping - auction0_
          - alias suffix - 0_
          - suffixed key columns - {id1_0_0_}
          - JOIN (JoinDefinedByMetadata(lots)) : &lt;gen:0&gt; -&gt; &lt;gen:1&gt;
             - CollectionQuerySpaceImpl(uid=&lt;gen:1&gt;, collection=org.solent.com504.project.model.auction.dto.Auction.lots)
                - SQL table alias mapping - lots1_
                - alias suffix - 1_
                - suffixed key columns - {Auction_1_1_1_}
                - entity-element alias suffix - 2_
                - 2_entity-element suffixed key columns - id1_3_2_
                - JOIN (JoinDefinedByMetadata(elements)) : &lt;gen:1&gt; -&gt; &lt;gen:2&gt;
                   - EntityQuerySpaceImpl(uid=&lt;gen:2&gt;, entity=org.solent.com504.project.model.lot.dto.Lot)
                      - SQL table alias mapping - lot2_
                      - alias suffix - 2_
                      - suffixed key columns - {id1_3_2_}

12:23:09.358 [main] [o.h.l.e.p.EntityLoader] DEBUG org.hibernate.loader.entity.plan.EntityLoader - Static select for entity org.solent.com504.project.model.auction.dto.Auction [READ]: select auction0_.id as id1_0_0_, auction0_.auctionType as auctionT2_0_0_, auction0_.startTime as startTim3_0_0_, auction0_.type as type4_0_0_, lots1_.Auction_id as Auction_1_1_1_, lot2_.id as lots_id2_1_1_, lot2_.id as id1_3_2_, lot2_.duration as duration2_3_2_, lot2_.grade as grade3_3_2_, lot2_.highestBidPrice as highestB4_3_2_, lot2_.life_days as life_day5_3_2_, lot2_.pickdate as pickdate6_3_2_, lot2_.quantity as quantity7_3_2_, lot2_.reservedPrice as reserved8_3_2_ from Auction auction0_ left outer join Auction_Lot lots1_ on auction0_.id=lots1_.Auction_id left outer join Lot lot2_ on lots1_.lots_id=lot2_.id where auction0_.id=?
12:23:09.358 [main] [o.h.l.p.b.i.s.QuerySpacesImpl] DEBUG org.hibernate.loader.plan.build.internal.spaces.QuerySpacesImpl - Adding QuerySpace : uid = &lt;gen:0&gt; -&gt; org.hibernate.loader.plan.build.internal.spaces.EntityQuerySpaceImpl@ebda593]
12:23:09.358 [main] [o.h.p.w.s.MetamodelGraphWalker] DEBUG org.hibernate.persister.walking.spi.MetamodelGraphWalker - Visiting attribute path : auctionType
12:23:09.358 [main] [o.h.p.w.s.MetamodelGraphWalker] DEBUG org.hibernate.persister.walking.spi.MetamodelGraphWalker - Visiting attribute path : lots
12:23:09.358 [main] [o.h.l.p.b.i.s.QuerySpacesImpl] DEBUG org.hibernate.loader.plan.build.internal.spaces.QuerySpacesImpl - Adding QuerySpace : uid = &lt;gen:1&gt; -&gt; org.hibernate.loader.plan.build.internal.spaces.CollectionQuerySpaceImpl@4d157493]
12:23:09.358 [main] [o.h.l.p.b.i.s.QuerySpacesImpl] DEBUG org.hibernate.loader.plan.build.internal.spaces.QuerySpacesImpl - Adding QuerySpace : uid = &lt;gen:2&gt; -&gt; org.hibernate.loader.plan.build.internal.spaces.EntityQuerySpaceImpl@54c622a7]
12:23:09.358 [main] [o.h.p.w.s.MetamodelGraphWalker] DEBUG org.hibernate.persister.walking.spi.MetamodelGraphWalker - Visiting attribute path : startTime
12:23:09.358 [main] [o.h.p.w.s.MetamodelGraphWalker] DEBUG org.hibernate.persister.walking.spi.MetamodelGraphWalker - Visiting attribute path : type
12:23:09.358 [main] [o.h.l.p.b.i.FetchStyleLoadPlanBuildingAssociationVisitationStrategy] DEBUG org.hibernate.loader.plan.build.internal.FetchStyleLoadPlanBuildingAssociationVisitationStrategy - Building LoadPlan...
12:23:09.358 [main] [o.h.l.p.e.i.LoadQueryJoinAndFetchProcessor] DEBUG org.hibernate.loader.plan.exec.internal.LoadQueryJoinAndFetchProcessor - processing queryspace &lt;gen:0&gt;
12:23:09.358 [main] [o.h.l.p.b.s.LoadPlanTreePrinter] DEBUG org.hibernate.loader.plan.build.spi.LoadPlanTreePrinter - LoadPlan(entity=org.solent.com504.project.model.auction.dto.Auction)
    - Returns
       - EntityReturnImpl(entity=org.solent.com504.project.model.auction.dto.Auction, querySpaceUid=&lt;gen:0&gt;, path=org.solent.com504.project.model.auction.dto.Auction)
          - CollectionAttributeFetchImpl(collection=org.solent.com504.project.model.auction.dto.Auction.lots, querySpaceUid=&lt;gen:1&gt;, path=org.solent.com504.project.model.auction.dto.Auction.lots)
             - (collection element) CollectionFetchableElementEntityGraph(entity=org.solent.com504.project.model.lot.dto.Lot, querySpaceUid=&lt;gen:2&gt;, path=org.solent.com504.project.model.auction.dto.Auction.lots.&lt;elements&gt;)
    - QuerySpaces
       - EntityQuerySpaceImpl(uid=&lt;gen:0&gt;, entity=org.solent.com504.project.model.auction.dto.Auction)
          - SQL table alias mapping - auction0_
          - alias suffix - 0_
          - suffixed key columns - {id1_0_0_}

12:23:09.358 [main] [o.h.l.e.p.EntityLoader] DEBUG org.hibernate.loader.entity.plan.EntityLoader - Static select for entity org.solent.com504.project.model.auction.dto.Auction [UPGRADE]: select auction0_.id as id1_0_0_, auction0_.auctionType as auctionT2_0_0_, auction0_.startTime as startTim3_0_0_, auction0_.type as type4_0_0_ from Auction auction0_ where auction0_.id=? for update
12:23:09.358 [main] [o.h.l.p.b.i.s.QuerySpacesImpl] DEBUG org.hibernate.loader.plan.build.internal.spaces.QuerySpacesImpl - Adding QuerySpace : uid = &lt;gen:0&gt; -&gt; org.hibernate.loader.plan.build.internal.spaces.EntityQuerySpaceImpl@37348491]
12:23:09.358 [main] [o.h.p.w.s.MetamodelGraphWalker] DEBUG org.hibernate.persister.walking.spi.MetamodelGraphWalker - Visiting attribute path : auctionType
12:23:09.358 [main] [o.h.p.w.s.MetamodelGraphWalker] DEBUG org.hibernate.persister.walking.spi.MetamodelGraphWalker - Visiting attribute path : lots
12:23:09.358 [main] [o.h.l.p.b.i.s.QuerySpacesImpl] DEBUG org.hibernate.loader.plan.build.internal.spaces.QuerySpacesImpl - Adding QuerySpace : uid = &lt;gen:1&gt; -&gt; org.hibernate.loader.plan.build.internal.spaces.CollectionQuerySpaceImpl@10b4e7f8]
12:23:09.358 [main] [o.h.l.p.b.i.s.QuerySpacesImpl] DEBUG org.hibernate.loader.plan.build.internal.spaces.QuerySpacesImpl - Adding QuerySpace : uid = &lt;gen:2&gt; -&gt; org.hibernate.loader.plan.build.internal.spaces.EntityQuerySpaceImpl@75023c53]
12:23:09.358 [main] [o.h.p.w.s.MetamodelGraphWalker] DEBUG org.hibernate.persister.walking.spi.MetamodelGraphWalker - Visiting attribute path : startTime
12:23:09.358 [main] [o.h.p.w.s.MetamodelGraphWalker] DEBUG org.hibernate.persister.walking.spi.MetamodelGraphWalker - Visiting attribute path : type
12:23:09.358 [main] [o.h.l.p.b.i.FetchStyleLoadPlanBuildingAssociationVisitationStrategy] DEBUG org.hibernate.loader.plan.build.internal.FetchStyleLoadPlanBuildingAssociationVisitationStrategy - Building LoadPlan...
12:23:09.358 [main] [o.h.l.p.e.i.LoadQueryJoinAndFetchProcessor] DEBUG org.hibernate.loader.plan.exec.internal.LoadQueryJoinAndFetchProcessor - processing queryspace &lt;gen:0&gt;
12:23:09.358 [main] [o.h.l.p.b.s.LoadPlanTreePrinter] DEBUG org.hibernate.loader.plan.build.spi.LoadPlanTreePrinter - LoadPlan(entity=org.solent.com504.project.model.auction.dto.Auction)
    - Returns
       - EntityReturnImpl(entity=org.solent.com504.project.model.auction.dto.Auction, querySpaceUid=&lt;gen:0&gt;, path=org.solent.com504.project.model.auction.dto.Auction)
          - CollectionAttributeFetchImpl(collection=org.solent.com504.project.model.auction.dto.Auction.lots, querySpaceUid=&lt;gen:1&gt;, path=org.solent.com504.project.model.auction.dto.Auction.lots)
             - (collection element) CollectionFetchableElementEntityGraph(entity=org.solent.com504.project.model.lot.dto.Lot, querySpaceUid=&lt;gen:2&gt;, path=org.solent.com504.project.model.auction.dto.Auction.lots.&lt;elements&gt;)
    - QuerySpaces
       - EntityQuerySpaceImpl(uid=&lt;gen:0&gt;, entity=org.solent.com504.project.model.auction.dto.Auction)
          - SQL table alias mapping - auction0_
          - alias suffix - 0_
          - suffixed key columns - {id1_0_0_}

12:23:09.358 [main] [o.h.l.e.p.EntityLoader] DEBUG org.hibernate.loader.entity.plan.EntityLoader - Static select for entity org.solent.com504.project.model.auction.dto.Auction [UPGRADE_NOWAIT]: select auction0_.id as id1_0_0_, auction0_.auctionType as auctionT2_0_0_, auction0_.startTime as startTim3_0_0_, auction0_.type as type4_0_0_ from Auction auction0_ where auction0_.id=? for update
12:23:09.358 [main] [o.h.l.p.b.i.s.QuerySpacesImpl] DEBUG org.hibernate.loader.plan.build.internal.spaces.QuerySpacesImpl - Adding QuerySpace : uid = &lt;gen:0&gt; -&gt; org.hibernate.loader.plan.build.internal.spaces.EntityQuerySpaceImpl@66813e6e]
12:23:09.358 [main] [o.h.p.w.s.MetamodelGraphWalker] DEBUG org.hibernate.persister.walking.spi.MetamodelGraphWalker - Visiting attribute path : auctionType
12:23:09.358 [main] [o.h.p.w.s.MetamodelGraphWalker] DEBUG org.hibernate.persister.walking.spi.MetamodelGraphWalker - Visiting attribute path : lots
12:23:09.358 [main] [o.h.l.p.b.i.s.QuerySpacesImpl] DEBUG org.hibernate.loader.plan.build.internal.spaces.QuerySpacesImpl - Adding QuerySpace : uid = &lt;gen:1&gt; -&gt; org.hibernate.loader.plan.build.internal.spaces.CollectionQuerySpaceImpl@3a17b2e3]
12:23:09.358 [main] [o.h.l.p.b.i.s.QuerySpacesImpl] DEBUG org.hibernate.loader.plan.build.internal.spaces.QuerySpacesImpl - Adding QuerySpace : uid = &lt;gen:2&gt; -&gt; org.hibernate.loader.plan.build.internal.spaces.EntityQuerySpaceImpl@5e13f156]
12:23:09.358 [main] [o.h.p.w.s.MetamodelGraphWalker] DEBUG org.hibernate.persister.walking.spi.MetamodelGraphWalker - Visiting attribute path : startTime
12:23:09.358 [main] [o.h.p.w.s.MetamodelGraphWalker] DEBUG org.hibernate.persister.walking.spi.MetamodelGraphWalker - Visiting attribute path : type
12:23:09.358 [main] [o.h.l.p.b.i.FetchStyleLoadPlanBuildingAssociationVisitationStrategy] DEBUG org.hibernate.loader.plan.build.internal.FetchStyleLoadPlanBuildingAssociationVisitationStrategy - Building LoadPlan...
12:23:09.358 [main] [o.h.l.p.e.i.LoadQueryJoinAndFetchProcessor] DEBUG org.hibernate.loader.plan.exec.internal.LoadQueryJoinAndFetchProcessor - processing queryspace &lt;gen:0&gt;
12:23:09.358 [main] [o.h.l.p.b.s.LoadPlanTreePrinter] DEBUG org.hibernate.loader.plan.build.spi.LoadPlanTreePrinter - LoadPlan(entity=org.solent.com504.project.model.auction.dto.Auction)
    - Returns
       - EntityReturnImpl(entity=org.solent.com504.project.model.auction.dto.Auction, querySpaceUid=&lt;gen:0&gt;, path=org.solent.com504.project.model.auction.dto.Auction)
          - CollectionAttributeFetchImpl(collection=org.solent.com504.project.model.auction.dto.Auction.lots, querySpaceUid=&lt;gen:1&gt;, path=org.solent.com504.project.model.auction.dto.Auction.lots)
             - (collection element) CollectionFetchableElementEntityGraph(entity=org.solent.com504.project.model.lot.dto.Lot, querySpaceUid=&lt;gen:2&gt;, path=org.solent.com504.project.model.auction.dto.Auction.lots.&lt;elements&gt;)
    - QuerySpaces
       - EntityQuerySpaceImpl(uid=&lt;gen:0&gt;, entity=org.solent.com504.project.model.auction.dto.Auction)
          - SQL table alias mapping - auction0_
          - alias suffix - 0_
          - suffixed key columns - {id1_0_0_}

12:23:09.358 [main] [o.h.l.e.p.EntityLoader] DEBUG org.hibernate.loader.entity.plan.EntityLoader - Static select for entity org.solent.com504.project.model.auction.dto.Auction [UPGRADE_SKIPLOCKED]: select auction0_.id as id1_0_0_, auction0_.auctionType as auctionT2_0_0_, auction0_.startTime as startTim3_0_0_, auction0_.type as type4_0_0_ from Auction auction0_ where auction0_.id=? for update
12:23:09.358 [main] [o.h.l.p.b.i.s.QuerySpacesImpl] DEBUG org.hibernate.loader.plan.build.internal.spaces.QuerySpacesImpl - Adding QuerySpace : uid = &lt;gen:0&gt; -&gt; org.hibernate.loader.plan.build.internal.spaces.EntityQuerySpaceImpl@310ed6b4]
12:23:09.358 [main] [o.h.p.w.s.MetamodelGraphWalker] DEBUG org.hibernate.persister.walking.spi.MetamodelGraphWalker - Visiting attribute path : auctionType
12:23:09.358 [main] [o.h.p.w.s.MetamodelGraphWalker] DEBUG org.hibernate.persister.walking.spi.MetamodelGraphWalker - Visiting attribute path : lots
12:23:09.358 [main] [o.h.l.p.b.i.s.QuerySpacesImpl] DEBUG org.hibernate.loader.plan.build.internal.spaces.QuerySpacesImpl - Adding QuerySpace : uid = &lt;gen:1&gt; -&gt; org.hibernate.loader.plan.build.internal.spaces.CollectionQuerySpaceImpl@630bf683]
12:23:09.358 [main] [o.h.l.p.b.i.s.QuerySpacesImpl] DEBUG org.hibernate.loader.plan.build.internal.spaces.QuerySpacesImpl - Adding QuerySpace : uid = &lt;gen:2&gt; -&gt; org.hibernate.loader.plan.build.internal.spaces.EntityQuerySpaceImpl@22d322f5]
12:23:09.358 [main] [o.h.p.w.s.MetamodelGraphWalker] DEBUG org.hibernate.persister.walking.spi.MetamodelGraphWalker - Visiting attribute path : startTime
12:23:09.358 [main] [o.h.p.w.s.MetamodelGraphWalker] DEBUG org.hibernate.persister.walking.spi.MetamodelGraphWalker - Visiting attribute path : type
12:23:09.358 [main] [o.h.l.p.b.i.FetchStyleLoadPlanBuildingAssociationVisitationStrategy] DEBUG org.hibernate.loader.plan.build.internal.FetchStyleLoadPlanBuildingAssociationVisitationStrategy - Building LoadPlan...
12:23:09.358 [main] [o.h.l.p.e.i.LoadQueryJoinAndFetchProcessor] DEBUG org.hibernate.loader.plan.exec.internal.LoadQueryJoinAndFetchProcessor - processing queryspace &lt;gen:0&gt;
12:23:09.358 [main] [o.h.l.p.b.s.LoadPlanTreePrinter] DEBUG org.hibernate.loader.plan.build.spi.LoadPlanTreePrinter - LoadPlan(entity=org.solent.com504.project.model.auction.dto.Auction)
    - Returns
       - EntityReturnImpl(entity=org.solent.com504.project.model.auction.dto.Auction, querySpaceUid=&lt;gen:0&gt;, path=org.solent.com504.project.model.auction.dto.Auction)
          - CollectionAttributeFetchImpl(collection=org.solent.com504.project.model.auction.dto.Auction.lots, querySpaceUid=&lt;gen:1&gt;, path=org.solent.com504.project.model.auction.dto.Auction.lots)
             - (collection element) CollectionFetchableElementEntityGraph(entity=org.solent.com504.project.model.lot.dto.Lot, querySpaceUid=&lt;gen:2&gt;, path=org.solent.com504.project.model.auction.dto.Auction.lots.&lt;elements&gt;)
    - QuerySpaces
       - EntityQuerySpaceImpl(uid=&lt;gen:0&gt;, entity=org.solent.com504.project.model.auction.dto.Auction)
          - SQL table alias mapping - auction0_
          - alias suffix - 0_
          - suffixed key columns - {id1_0_0_}

12:23:09.358 [main] [o.h.l.e.p.EntityLoader] DEBUG org.hibernate.loader.entity.plan.EntityLoader - Static select for entity org.solent.com504.project.model.auction.dto.Auction [FORCE]: select auction0_.id as id1_0_0_, auction0_.auctionType as auctionT2_0_0_, auction0_.startTime as startTim3_0_0_, auction0_.type as type4_0_0_ from Auction auction0_ where auction0_.id=? for update
12:23:09.358 [main] [o.h.l.p.b.i.s.QuerySpacesImpl] DEBUG org.hibernate.loader.plan.build.internal.spaces.QuerySpacesImpl - Adding QuerySpace : uid = &lt;gen:0&gt; -&gt; org.hibernate.loader.plan.build.internal.spaces.EntityQuerySpaceImpl@65afeb6d]
12:23:09.358 [main] [o.h.p.w.s.MetamodelGraphWalker] DEBUG org.hibernate.persister.walking.spi.MetamodelGraphWalker - Visiting attribute path : auctionType
12:23:09.358 [main] [o.h.p.w.s.MetamodelGraphWalker] DEBUG org.hibernate.persister.walking.spi.MetamodelGraphWalker - Visiting attribute path : lots
12:23:09.358 [main] [o.h.l.p.b.i.s.QuerySpacesImpl] DEBUG org.hibernate.loader.plan.build.internal.spaces.QuerySpacesImpl - Adding QuerySpace : uid = &lt;gen:1&gt; -&gt; org.hibernate.loader.plan.build.internal.spaces.CollectionQuerySpaceImpl@5ba03c82]
12:23:09.358 [main] [o.h.l.p.b.i.s.QuerySpacesImpl] DEBUG org.hibernate.loader.plan.build.internal.spaces.QuerySpacesImpl - Adding QuerySpace : uid = &lt;gen:2&gt; -&gt; org.hibernate.loader.plan.build.internal.spaces.EntityQuerySpaceImpl@60df7989]
12:23:09.358 [main] [o.h.p.w.s.MetamodelGraphWalker] DEBUG org.hibernate.persister.walking.spi.MetamodelGraphWalker - Visiting attribute path : startTime
12:23:09.358 [main] [o.h.p.w.s.MetamodelGraphWalker] DEBUG org.hibernate.persister.walking.spi.MetamodelGraphWalker - Visiting attribute path : type
12:23:09.358 [main] [o.h.l.p.b.i.FetchStyleLoadPlanBuildingAssociationVisitationStrategy] DEBUG org.hibernate.loader.plan.build.internal.FetchStyleLoadPlanBuildingAssociationVisitationStrategy - Building LoadPlan...
12:23:09.358 [main] [o.h.l.p.e.i.LoadQueryJoinAndFetchProcessor] DEBUG org.hibernate.loader.plan.exec.internal.LoadQueryJoinAndFetchProcessor - processing queryspace &lt;gen:0&gt;
12:23:09.358 [main] [o.h.l.p.b.s.LoadPlanTreePrinter] DEBUG org.hibernate.loader.plan.build.spi.LoadPlanTreePrinter - LoadPlan(entity=org.solent.com504.project.model.auction.dto.Auction)
    - Returns
       - EntityReturnImpl(entity=org.solent.com504.project.model.auction.dto.Auction, querySpaceUid=&lt;gen:0&gt;, path=org.solent.com504.project.model.auction.dto.Auction)
          - CollectionAttributeFetchImpl(collection=org.solent.com504.project.model.auction.dto.Auction.lots, querySpaceUid=&lt;gen:1&gt;, path=org.solent.com504.project.model.auction.dto.Auction.lots)
             - (collection element) CollectionFetchableElementEntityGraph(entity=org.solent.com504.project.model.lot.dto.Lot, querySpaceUid=&lt;gen:2&gt;, path=org.solent.com504.project.model.auction.dto.Auction.lots.&lt;elements&gt;)
    - QuerySpaces
       - EntityQuerySpaceImpl(uid=&lt;gen:0&gt;, entity=org.solent.com504.project.model.auction.dto.Auction)
          - SQL table alias mapping - auction0_
          - alias suffix - 0_
          - suffixed key columns - {id1_0_0_}

12:23:09.358 [main] [o.h.l.e.p.EntityLoader] DEBUG org.hibernate.loader.entity.plan.EntityLoader - Static select for entity org.solent.com504.project.model.auction.dto.Auction [PESSIMISTIC_READ]: select auction0_.id as id1_0_0_, auction0_.auctionType as auctionT2_0_0_, auction0_.startTime as startTim3_0_0_, auction0_.type as type4_0_0_ from Auction auction0_ where auction0_.id=? for update
12:23:09.358 [main] [o.h.l.p.b.i.s.QuerySpacesImpl] DEBUG org.hibernate.loader.plan.build.internal.spaces.QuerySpacesImpl - Adding QuerySpace : uid = &lt;gen:0&gt; -&gt; org.hibernate.loader.plan.build.internal.spaces.EntityQuerySpaceImpl@7ab1127c]
12:23:09.358 [main] [o.h.p.w.s.MetamodelGraphWalker] DEBUG org.hibernate.persister.walking.spi.MetamodelGraphWalker - Visiting attribute path : auctionType
12:23:09.358 [main] [o.h.p.w.s.MetamodelGraphWalker] DEBUG org.hibernate.persister.walking.spi.MetamodelGraphWalker - Visiting attribute path : lots
12:23:09.358 [main] [o.h.l.p.b.i.s.QuerySpacesImpl] DEBUG org.hibernate.loader.plan.build.internal.spaces.QuerySpacesImpl - Adding QuerySpace : uid = &lt;gen:1&gt; -&gt; org.hibernate.loader.plan.build.internal.spaces.CollectionQuerySpaceImpl@5cf8676a]
12:23:09.358 [main] [o.h.l.p.b.i.s.QuerySpacesImpl] DEBUG org.hibernate.loader.plan.build.internal.spaces.QuerySpacesImpl - Adding QuerySpace : uid = &lt;gen:2&gt; -&gt; org.hibernate.loader.plan.build.internal.spaces.EntityQuerySpaceImpl@47f04e4d]
12:23:09.358 [main] [o.h.p.w.s.MetamodelGraphWalker] DEBUG org.hibernate.persister.walking.spi.MetamodelGraphWalker - Visiting attribute path : startTime
12:23:09.358 [main] [o.h.p.w.s.MetamodelGraphWalker] DEBUG org.hibernate.persister.walking.spi.MetamodelGraphWalker - Visiting attribute path : type
12:23:09.358 [main] [o.h.l.p.b.i.FetchStyleLoadPlanBuildingAssociationVisitationStrategy] DEBUG org.hibernate.loader.plan.build.internal.FetchStyleLoadPlanBuildingAssociationVisitationStrategy - Building LoadPlan...
12:23:09.358 [main] [o.h.l.p.e.i.LoadQueryJoinAndFetchProcessor] DEBUG org.hibernate.loader.plan.exec.internal.LoadQueryJoinAndFetchProcessor - processing queryspace &lt;gen:0&gt;
12:23:09.358 [main] [o.h.l.p.b.s.LoadPlanTreePrinter] DEBUG org.hibernate.loader.plan.build.spi.LoadPlanTreePrinter - LoadPlan(entity=org.solent.com504.project.model.auction.dto.Auction)
    - Returns
       - EntityReturnImpl(entity=org.solent.com504.project.model.auction.dto.Auction, querySpaceUid=&lt;gen:0&gt;, path=org.solent.com504.project.model.auction.dto.Auction)
          - CollectionAttributeFetchImpl(collection=org.solent.com504.project.model.auction.dto.Auction.lots, querySpaceUid=&lt;gen:1&gt;, path=org.solent.com504.project.model.auction.dto.Auction.lots)
             - (collection element) CollectionFetchableElementEntityGraph(entity=org.solent.com504.project.model.lot.dto.Lot, querySpaceUid=&lt;gen:2&gt;, path=org.solent.com504.project.model.auction.dto.Auction.lots.&lt;elements&gt;)
    - QuerySpaces
       - EntityQuerySpaceImpl(uid=&lt;gen:0&gt;, entity=org.solent.com504.project.model.auction.dto.Auction)
          - SQL table alias mapping - auction0_
          - alias suffix - 0_
          - suffixed key columns - {id1_0_0_}

12:23:09.358 [main] [o.h.l.e.p.EntityLoader] DEBUG org.hibernate.loader.entity.plan.EntityLoader - Static select for entity org.solent.com504.project.model.auction.dto.Auction [PESSIMISTIC_WRITE]: select auction0_.id as id1_0_0_, auction0_.auctionType as auctionT2_0_0_, auction0_.startTime as startTim3_0_0_, auction0_.type as type4_0_0_ from Auction auction0_ where auction0_.id=? for update
12:23:09.358 [main] [o.h.l.p.b.i.s.QuerySpacesImpl] DEBUG org.hibernate.loader.plan.build.internal.spaces.QuerySpacesImpl - Adding QuerySpace : uid = &lt;gen:0&gt; -&gt; org.hibernate.loader.plan.build.internal.spaces.EntityQuerySpaceImpl@3520963d]
12:23:09.358 [main] [o.h.p.w.s.MetamodelGraphWalker] DEBUG org.hibernate.persister.walking.spi.MetamodelGraphWalker - Visiting attribute path : auctionType
12:23:09.358 [main] [o.h.p.w.s.MetamodelGraphWalker] DEBUG org.hibernate.persister.walking.spi.MetamodelGraphWalker - Visiting attribute path : lots
12:23:09.358 [main] [o.h.l.p.b.i.s.QuerySpacesImpl] DEBUG org.hibernate.loader.plan.build.internal.spaces.QuerySpacesImpl - Adding QuerySpace : uid = &lt;gen:1&gt; -&gt; org.hibernate.loader.plan.build.internal.spaces.CollectionQuerySpaceImpl@1cd43562]
12:23:09.358 [main] [o.h.l.p.b.i.s.QuerySpacesImpl] DEBUG org.hibernate.loader.plan.build.internal.spaces.QuerySpacesImpl - Adding QuerySpace : uid = &lt;gen:2&gt; -&gt; org.hibernate.loader.plan.build.internal.spaces.EntityQuerySpaceImpl@59939293]
12:23:09.358 [main] [o.h.p.w.s.MetamodelGraphWalker] DEBUG org.hibernate.persister.walking.spi.MetamodelGraphWalker - Visiting attribute path : startTime
12:23:09.358 [main] [o.h.p.w.s.MetamodelGraphWalker] DEBUG org.hibernate.persister.walking.spi.MetamodelGraphWalker - Visiting attribute path : type
12:23:09.358 [main] [o.h.l.p.b.i.FetchStyleLoadPlanBuildingAssociationVisitationStrategy] DEBUG org.hibernate.loader.plan.build.internal.FetchStyleLoadPlanBuildingAssociationVisitationStrategy - Building LoadPlan...
12:23:09.358 [main] [o.h.l.p.e.i.LoadQueryJoinAndFetchProcessor] DEBUG org.hibernate.loader.plan.exec.internal.LoadQueryJoinAndFetchProcessor - processing queryspace &lt;gen:0&gt;
12:23:09.358 [main] [o.h.l.p.b.s.LoadPlanTreePrinter] DEBUG org.hibernate.loader.plan.build.spi.LoadPlanTreePrinter - LoadPlan(entity=org.solent.com504.project.model.auction.dto.Auction)
    - Returns
       - EntityReturnImpl(entity=org.solent.com504.project.model.auction.dto.Auction, querySpaceUid=&lt;gen:0&gt;, path=org.solent.com504.project.model.auction.dto.Auction)
          - CollectionAttributeFetchImpl(collection=org.solent.com504.project.model.auction.dto.Auction.lots, querySpaceUid=&lt;gen:1&gt;, path=org.solent.com504.project.model.auction.dto.Auction.lots)
             - (collection element) CollectionFetchableElementEntityGraph(entity=org.solent.com504.project.model.lot.dto.Lot, querySpaceUid=&lt;gen:2&gt;, path=org.solent.com504.project.model.auction.dto.Auction.lots.&lt;elements&gt;)
    - QuerySpaces
       - EntityQuerySpaceImpl(uid=&lt;gen:0&gt;, entity=org.solent.com504.project.model.auction.dto.Auction)
          - SQL table alias mapping - auction0_
          - alias suffix - 0_
          - suffixed key columns - {id1_0_0_}

12:23:09.358 [main] [o.h.l.e.p.EntityLoader] DEBUG org.hibernate.loader.entity.plan.EntityLoader - Static select for entity org.solent.com504.project.model.auction.dto.Auction [PESSIMISTIC_FORCE_INCREMENT]: select auction0_.id as id1_0_0_, auction0_.auctionType as auctionT2_0_0_, auction0_.startTime as startTim3_0_0_, auction0_.type as type4_0_0_ from Auction auction0_ where auction0_.id=? for update
12:23:09.358 [main] [o.h.l.p.b.i.s.QuerySpacesImpl] DEBUG org.hibernate.loader.plan.build.internal.spaces.QuerySpacesImpl - Adding QuerySpace : uid = &lt;gen:0&gt; -&gt; org.hibernate.loader.plan.build.internal.spaces.EntityQuerySpaceImpl@68b366e2]
12:23:09.373 [main] [o.h.p.w.s.MetamodelGraphWalker] DEBUG org.hibernate.persister.walking.spi.MetamodelGraphWalker - Visiting attribute path : auctionType
12:23:09.373 [main] [o.h.p.w.s.MetamodelGraphWalker] DEBUG org.hibernate.persister.walking.spi.MetamodelGraphWalker - Visiting attribute path : lots
12:23:09.373 [main] [o.h.l.p.b.i.s.QuerySpacesImpl] DEBUG org.hibernate.loader.plan.build.internal.spaces.QuerySpacesImpl - Adding QuerySpace : uid = &lt;gen:1&gt; -&gt; org.hibernate.loader.plan.build.internal.spaces.CollectionQuerySpaceImpl@10b687f2]
12:23:09.373 [main] [o.h.l.p.b.i.s.QuerySpacesImpl] DEBUG org.hibernate.loader.plan.build.internal.spaces.QuerySpacesImpl - Adding QuerySpace : uid = &lt;gen:2&gt; -&gt; org.hibernate.loader.plan.build.internal.spaces.EntityQuerySpaceImpl@55f4887d]
12:23:09.373 [main] [o.h.p.w.s.MetamodelGraphWalker] DEBUG org.hibernate.persister.walking.spi.MetamodelGraphWalker - Visiting attribute path : startTime
12:23:09.373 [main] [o.h.p.w.s.MetamodelGraphWalker] DEBUG org.hibernate.persister.walking.spi.MetamodelGraphWalker - Visiting attribute path : type
12:23:09.373 [main] [o.h.l.p.b.i.FetchStyleLoadPlanBuildingAssociationVisitationStrategy] DEBUG org.hibernate.loader.plan.build.internal.FetchStyleLoadPlanBuildingAssociationVisitationStrategy - Building LoadPlan...
12:23:09.373 [main] [o.h.l.p.e.i.LoadQueryJoinAndFetchProcessor] DEBUG org.hibernate.loader.plan.exec.internal.LoadQueryJoinAndFetchProcessor - processing queryspace &lt;gen:0&gt;
12:23:09.373 [main] [o.h.l.p.b.s.LoadPlanTreePrinter] DEBUG org.hibernate.loader.plan.build.spi.LoadPlanTreePrinter - LoadPlan(entity=org.solent.com504.project.model.auction.dto.Auction)
    - Returns
       - EntityReturnImpl(entity=org.solent.com504.project.model.auction.dto.Auction, querySpaceUid=&lt;gen:0&gt;, path=org.solent.com504.project.model.auction.dto.Auction)
          - CollectionAttributeFetchImpl(collection=org.solent.com504.project.model.auction.dto.Auction.lots, querySpaceUid=&lt;gen:1&gt;, path=org.solent.com504.project.model.auction.dto.Auction.lots)
             - (collection element) CollectionFetchableElementEntityGraph(entity=org.solent.com504.project.model.lot.dto.Lot, querySpaceUid=&lt;gen:2&gt;, path=org.solent.com504.project.model.auction.dto.Auction.lots.&lt;elements&gt;)
    - QuerySpaces
       - EntityQuerySpaceImpl(uid=&lt;gen:0&gt;, entity=org.solent.com504.project.model.auction.dto.Auction)
          - SQL table alias mapping - auction0_
          - alias suffix - 0_
          - suffixed key columns - {id1_0_0_}

12:23:09.373 [main] [o.h.l.e.p.EntityLoader] DEBUG org.hibernate.loader.entity.plan.EntityLoader - Static select for entity org.solent.com504.project.model.auction.dto.Auction [OPTIMISTIC]: select auction0_.id as id1_0_0_, auction0_.auctionType as auctionT2_0_0_, auction0_.startTime as startTim3_0_0_, auction0_.type as type4_0_0_ from Auction auction0_ where auction0_.id=?
12:23:09.373 [main] [o.h.l.p.b.i.s.QuerySpacesImpl] DEBUG org.hibernate.loader.plan.build.internal.spaces.QuerySpacesImpl - Adding QuerySpace : uid = &lt;gen:0&gt; -&gt; org.hibernate.loader.plan.build.internal.spaces.EntityQuerySpaceImpl@26837057]
12:23:09.373 [main] [o.h.p.w.s.MetamodelGraphWalker] DEBUG org.hibernate.persister.walking.spi.MetamodelGraphWalker - Visiting attribute path : auctionType
12:23:09.373 [main] [o.h.p.w.s.MetamodelGraphWalker] DEBUG org.hibernate.persister.walking.spi.MetamodelGraphWalker - Visiting attribute path : lots
12:23:09.373 [main] [o.h.l.p.b.i.s.QuerySpacesImpl] DEBUG org.hibernate.loader.plan.build.internal.spaces.QuerySpacesImpl - Adding QuerySpace : uid = &lt;gen:1&gt; -&gt; org.hibernate.loader.plan.build.internal.spaces.CollectionQuerySpaceImpl@991cbde]
12:23:09.373 [main] [o.h.l.p.b.i.s.QuerySpacesImpl] DEBUG org.hibernate.loader.plan.build.internal.spaces.QuerySpacesImpl - Adding QuerySpace : uid = &lt;gen:2&gt; -&gt; org.hibernate.loader.plan.build.internal.spaces.EntityQuerySpaceImpl@78d71df1]
12:23:09.373 [main] [o.h.p.w.s.MetamodelGraphWalker] DEBUG org.hibernate.persister.walking.spi.MetamodelGraphWalker - Visiting attribute path : startTime
12:23:09.373 [main] [o.h.p.w.s.MetamodelGraphWalker] DEBUG org.hibernate.persister.walking.spi.MetamodelGraphWalker - Visiting attribute path : type
12:23:09.373 [main] [o.h.l.p.b.i.FetchStyleLoadPlanBuildingAssociationVisitationStrategy] DEBUG org.hibernate.loader.plan.build.internal.FetchStyleLoadPlanBuildingAssociationVisitationStrategy - Building LoadPlan...
12:23:09.373 [main] [o.h.l.p.e.i.LoadQueryJoinAndFetchProcessor] DEBUG org.hibernate.loader.plan.exec.internal.LoadQueryJoinAndFetchProcessor - processing queryspace &lt;gen:0&gt;
12:23:09.373 [main] [o.h.l.p.b.s.LoadPlanTreePrinter] DEBUG org.hibernate.loader.plan.build.spi.LoadPlanTreePrinter - LoadPlan(entity=org.solent.com504.project.model.auction.dto.Auction)
    - Returns
       - EntityReturnImpl(entity=org.solent.com504.project.model.auction.dto.Auction, querySpaceUid=&lt;gen:0&gt;, path=org.solent.com504.project.model.auction.dto.Auction)
          - CollectionAttributeFetchImpl(collection=org.solent.com504.project.model.auction.dto.Auction.lots, querySpaceUid=&lt;gen:1&gt;, path=org.solent.com504.project.model.auction.dto.Auction.lots)
             - (collection element) CollectionFetchableElementEntityGraph(entity=org.solent.com504.project.model.lot.dto.Lot, querySpaceUid=&lt;gen:2&gt;, path=org.solent.com504.project.model.auction.dto.Auction.lots.&lt;elements&gt;)
    - QuerySpaces
       - EntityQuerySpaceImpl(uid=&lt;gen:0&gt;, entity=org.solent.com504.project.model.auction.dto.Auction)
          - SQL table alias mapping - auction0_
          - alias suffix - 0_
          - suffixed key columns - {id1_0_0_}

12:23:09.373 [main] [o.h.l.e.p.EntityLoader] DEBUG org.hibernate.loader.entity.plan.EntityLoader - Static select for entity org.solent.com504.project.model.auction.dto.Auction [OPTIMISTIC_FORCE_INCREMENT]: select auction0_.id as id1_0_0_, auction0_.auctionType as auctionT2_0_0_, auction0_.startTime as startTim3_0_0_, auction0_.type as type4_0_0_ from Auction auction0_ where auction0_.id=?
12:23:09.373 [main] [o.h.l.Loader] DEBUG org.hibernate.loader.Loader - Static select for action ACTION_MERGE on entity org.solent.com504.project.model.auction.dto.Auction: select auction0_.id as id1_0_0_, auction0_.auctionType as auctionT2_0_0_, auction0_.startTime as startTim3_0_0_, auction0_.type as type4_0_0_ from Auction auction0_ where auction0_.id=?
12:23:09.373 [main] [o.h.l.Loader] DEBUG org.hibernate.loader.Loader - Static select for action ACTION_REFRESH on entity org.solent.com504.project.model.auction.dto.Auction: select auction0_.id as id1_0_0_, auction0_.auctionType as auctionT2_0_0_, auction0_.startTime as startTim3_0_0_, auction0_.type as type4_0_0_ from Auction auction0_ where auction0_.id=?
12:23:09.373 [main] [o.h.p.e.AbstractEntityPersister] DEBUG org.hibernate.persister.entity.AbstractEntityPersister - Static SQL for entity: org.solent.com504.project.model.lot.dto.Lot
12:23:09.373 [main] [o.h.p.e.AbstractEntityPersister] DEBUG org.hibernate.persister.entity.AbstractEntityPersister -  Version select: select id from Lot where id =?
12:23:09.373 [main] [o.h.p.e.AbstractEntityPersister] DEBUG org.hibernate.persister.entity.AbstractEntityPersister -  Snapshot select: select lot_.id, lot_.duration as duration2_3_, lot_.grade as grade3_3_, lot_.highestBidPrice as highestB4_3_, lot_.life_days as life_day5_3_, lot_.pickdate as pickdate6_3_, lot_.quantity as quantity7_3_, lot_.reservedPrice as reserved8_3_ from Lot lot_ where lot_.id=?
12:23:09.373 [main] [o.h.p.e.AbstractEntityPersister] DEBUG org.hibernate.persister.entity.AbstractEntityPersister -  Insert 0: insert into Lot (duration, grade, highestBidPrice, life_days, pickdate, quantity, reservedPrice, id) values (?, ?, ?, ?, ?, ?, ?, ?)
12:23:09.373 [main] [o.h.p.e.AbstractEntityPersister] DEBUG org.hibernate.persister.entity.AbstractEntityPersister -  Update 0: update Lot set duration=?, grade=?, highestBidPrice=?, life_days=?, pickdate=?, quantity=?, reservedPrice=? where id=?
12:23:09.373 [main] [o.h.p.e.AbstractEntityPersister] DEBUG org.hibernate.persister.entity.AbstractEntityPersister -  Delete 0: delete from Lot where id=?
12:23:09.373 [main] [o.h.l.p.b.i.s.QuerySpacesImpl] DEBUG org.hibernate.loader.plan.build.internal.spaces.QuerySpacesImpl - Adding QuerySpace : uid = &lt;gen:0&gt; -&gt; org.hibernate.loader.plan.build.internal.spaces.EntityQuerySpaceImpl@456bcb74]
12:23:09.373 [main] [o.h.p.w.s.MetamodelGraphWalker] DEBUG org.hibernate.persister.walking.spi.MetamodelGraphWalker - Visiting attribute path : bids
12:23:09.373 [main] [o.h.l.p.b.i.s.QuerySpacesImpl] DEBUG org.hibernate.loader.plan.build.internal.spaces.QuerySpacesImpl - Adding QuerySpace : uid = &lt;gen:1&gt; -&gt; org.hibernate.loader.plan.build.internal.spaces.CollectionQuerySpaceImpl@dd4aec3]
12:23:09.373 [main] [o.h.l.p.b.i.s.QuerySpacesImpl] DEBUG org.hibernate.loader.plan.build.internal.spaces.QuerySpacesImpl - Adding QuerySpace : uid = &lt;gen:2&gt; -&gt; org.hibernate.loader.plan.build.internal.spaces.EntityQuerySpaceImpl@4dac121d]
12:23:09.373 [main] [o.h.p.w.s.MetamodelGraphWalker] DEBUG org.hibernate.persister.walking.spi.MetamodelGraphWalker - Visiting attribute path : duration
12:23:09.373 [main] [o.h.p.w.s.MetamodelGraphWalker] DEBUG org.hibernate.persister.walking.spi.MetamodelGraphWalker - Visiting attribute path : grade
12:23:09.373 [main] [o.h.p.w.s.MetamodelGraphWalker] DEBUG org.hibernate.persister.walking.spi.MetamodelGraphWalker - Visiting attribute path : highestBidPrice
12:23:09.373 [main] [o.h.p.w.s.MetamodelGraphWalker] DEBUG org.hibernate.persister.walking.spi.MetamodelGraphWalker - Visiting attribute path : life_days
12:23:09.373 [main] [o.h.p.w.s.MetamodelGraphWalker] DEBUG org.hibernate.persister.walking.spi.MetamodelGraphWalker - Visiting attribute path : pickdate
12:23:09.373 [main] [o.h.p.w.s.MetamodelGraphWalker] DEBUG org.hibernate.persister.walking.spi.MetamodelGraphWalker - Visiting attribute path : quantity
12:23:09.373 [main] [o.h.p.w.s.MetamodelGraphWalker] DEBUG org.hibernate.persister.walking.spi.MetamodelGraphWalker - Visiting attribute path : reservedPrice
12:23:09.373 [main] [o.h.l.p.b.i.FetchStyleLoadPlanBuildingAssociationVisitationStrategy] DEBUG org.hibernate.loader.plan.build.internal.FetchStyleLoadPlanBuildingAssociationVisitationStrategy - Building LoadPlan...
12:23:09.373 [main] [o.h.l.p.e.i.LoadQueryJoinAndFetchProcessor] DEBUG org.hibernate.loader.plan.exec.internal.LoadQueryJoinAndFetchProcessor - processing queryspace &lt;gen:0&gt;
12:23:09.373 [main] [o.h.l.p.b.s.LoadPlanTreePrinter] DEBUG org.hibernate.loader.plan.build.spi.LoadPlanTreePrinter - LoadPlan(entity=org.solent.com504.project.model.lot.dto.Lot)
    - Returns
       - EntityReturnImpl(entity=org.solent.com504.project.model.lot.dto.Lot, querySpaceUid=&lt;gen:0&gt;, path=org.solent.com504.project.model.lot.dto.Lot)
          - CollectionAttributeFetchImpl(collection=org.solent.com504.project.model.lot.dto.Lot.bids, querySpaceUid=&lt;gen:1&gt;, path=org.solent.com504.project.model.lot.dto.Lot.bids)
             - (collection element) CollectionFetchableElementEntityGraph(entity=org.solent.com504.project.model.bid.dto.Bid, querySpaceUid=&lt;gen:2&gt;, path=org.solent.com504.project.model.lot.dto.Lot.bids.&lt;elements&gt;)
    - QuerySpaces
       - EntityQuerySpaceImpl(uid=&lt;gen:0&gt;, entity=org.solent.com504.project.model.lot.dto.Lot)
          - SQL table alias mapping - lot0_
          - alias suffix - 0_
          - suffixed key columns - {id1_3_0_}

12:23:09.373 [main] [o.h.l.e.p.EntityLoader] DEBUG org.hibernate.loader.entity.plan.EntityLoader - Static select for entity org.solent.com504.project.model.lot.dto.Lot [NONE]: select lot0_.id as id1_3_0_, lot0_.duration as duration2_3_0_, lot0_.grade as grade3_3_0_, lot0_.highestBidPrice as highestB4_3_0_, lot0_.life_days as life_day5_3_0_, lot0_.pickdate as pickdate6_3_0_, lot0_.quantity as quantity7_3_0_, lot0_.reservedPrice as reserved8_3_0_ from Lot lot0_ where lot0_.id=?
12:23:09.373 [main] [o.h.l.p.b.i.s.QuerySpacesImpl] DEBUG org.hibernate.loader.plan.build.internal.spaces.QuerySpacesImpl - Adding QuerySpace : uid = &lt;gen:0&gt; -&gt; org.hibernate.loader.plan.build.internal.spaces.EntityQuerySpaceImpl@568750b7]
12:23:09.373 [main] [o.h.p.w.s.MetamodelGraphWalker] DEBUG org.hibernate.persister.walking.spi.MetamodelGraphWalker - Visiting attribute path : bids
12:23:09.373 [main] [o.h.l.p.b.i.s.QuerySpacesImpl] DEBUG org.hibernate.loader.plan.build.internal.spaces.QuerySpacesImpl - Adding QuerySpace : uid = &lt;gen:1&gt; -&gt; org.hibernate.loader.plan.build.internal.spaces.CollectionQuerySpaceImpl@16a2ed51]
12:23:09.373 [main] [o.h.l.p.b.i.s.QuerySpacesImpl] DEBUG org.hibernate.loader.plan.build.internal.spaces.QuerySpacesImpl - Adding QuerySpace : uid = &lt;gen:2&gt; -&gt; org.hibernate.loader.plan.build.internal.spaces.EntityQuerySpaceImpl@3b332962]
12:23:09.373 [main] [o.h.p.w.s.MetamodelGraphWalker] DEBUG org.hibernate.persister.walking.spi.MetamodelGraphWalker - Visiting attribute path : duration
12:23:09.373 [main] [o.h.p.w.s.MetamodelGraphWalker] DEBUG org.hibernate.persister.walking.spi.MetamodelGraphWalker - Visiting attribute path : grade
12:23:09.373 [main] [o.h.p.w.s.MetamodelGraphWalker] DEBUG org.hibernate.persister.walking.spi.MetamodelGraphWalker - Visiting attribute path : highestBidPrice
12:23:09.373 [main] [o.h.p.w.s.MetamodelGraphWalker] DEBUG org.hibernate.persister.walking.spi.MetamodelGraphWalker - Visiting attribute path : life_days
12:23:09.373 [main] [o.h.p.w.s.MetamodelGraphWalker] DEBUG org.hibernate.persister.walking.spi.MetamodelGraphWalker - Visiting attribute path : pickdate
12:23:09.373 [main] [o.h.p.w.s.MetamodelGraphWalker] DEBUG org.hibernate.persister.walking.spi.MetamodelGraphWalker - Visiting attribute path : quantity
12:23:09.373 [main] [o.h.p.w.s.MetamodelGraphWalker] DEBUG org.hibernate.persister.walking.spi.MetamodelGraphWalker - Visiting attribute path : reservedPrice
12:23:09.373 [main] [o.h.l.p.b.i.FetchStyleLoadPlanBuildingAssociationVisitationStrategy] DEBUG org.hibernate.loader.plan.build.internal.FetchStyleLoadPlanBuildingAssociationVisitationStrategy - Building LoadPlan...
12:23:09.373 [main] [o.h.l.p.e.i.LoadQueryJoinAndFetchProcessor] DEBUG org.hibernate.loader.plan.exec.internal.LoadQueryJoinAndFetchProcessor - processing queryspace &lt;gen:0&gt;
12:23:09.373 [main] [o.h.l.p.b.s.LoadPlanTreePrinter] DEBUG org.hibernate.loader.plan.build.spi.LoadPlanTreePrinter - LoadPlan(entity=org.solent.com504.project.model.lot.dto.Lot)
    - Returns
       - EntityReturnImpl(entity=org.solent.com504.project.model.lot.dto.Lot, querySpaceUid=&lt;gen:0&gt;, path=org.solent.com504.project.model.lot.dto.Lot)
          - CollectionAttributeFetchImpl(collection=org.solent.com504.project.model.lot.dto.Lot.bids, querySpaceUid=&lt;gen:1&gt;, path=org.solent.com504.project.model.lot.dto.Lot.bids)
             - (collection element) CollectionFetchableElementEntityGraph(entity=org.solent.com504.project.model.bid.dto.Bid, querySpaceUid=&lt;gen:2&gt;, path=org.solent.com504.project.model.lot.dto.Lot.bids.&lt;elements&gt;)
    - QuerySpaces
       - EntityQuerySpaceImpl(uid=&lt;gen:0&gt;, entity=org.solent.com504.project.model.lot.dto.Lot)
          - SQL table alias mapping - lot0_
          - alias suffix - 0_
          - suffixed key columns - {id1_3_0_}

12:23:09.373 [main] [o.h.l.e.p.EntityLoader] DEBUG org.hibernate.loader.entity.plan.EntityLoader - Static select for entity org.solent.com504.project.model.lot.dto.Lot [READ]: select lot0_.id as id1_3_0_, lot0_.duration as duration2_3_0_, lot0_.grade as grade3_3_0_, lot0_.highestBidPrice as highestB4_3_0_, lot0_.life_days as life_day5_3_0_, lot0_.pickdate as pickdate6_3_0_, lot0_.quantity as quantity7_3_0_, lot0_.reservedPrice as reserved8_3_0_ from Lot lot0_ where lot0_.id=?
12:23:09.373 [main] [o.h.l.p.b.i.s.QuerySpacesImpl] DEBUG org.hibernate.loader.plan.build.internal.spaces.QuerySpacesImpl - Adding QuerySpace : uid = &lt;gen:0&gt; -&gt; org.hibernate.loader.plan.build.internal.spaces.EntityQuerySpaceImpl@57ddd45b]
12:23:09.373 [main] [o.h.p.w.s.MetamodelGraphWalker] DEBUG org.hibernate.persister.walking.spi.MetamodelGraphWalker - Visiting attribute path : bids
12:23:09.373 [main] [o.h.l.p.b.i.s.QuerySpacesImpl] DEBUG org.hibernate.loader.plan.build.internal.spaces.QuerySpacesImpl - Adding QuerySpace : uid = &lt;gen:1&gt; -&gt; org.hibernate.loader.plan.build.internal.spaces.CollectionQuerySpaceImpl@2fb25f4c]
12:23:09.373 [main] [o.h.l.p.b.i.s.QuerySpacesImpl] DEBUG org.hibernate.loader.plan.build.internal.spaces.QuerySpacesImpl - Adding QuerySpace : uid = &lt;gen:2&gt; -&gt; org.hibernate.loader.plan.build.internal.spaces.EntityQuerySpaceImpl@de81be1]
12:23:09.373 [main] [o.h.p.w.s.MetamodelGraphWalker] DEBUG org.hibernate.persister.walking.spi.MetamodelGraphWalker - Visiting attribute path : duration
12:23:09.373 [main] [o.h.p.w.s.MetamodelGraphWalker] DEBUG org.hibernate.persister.walking.spi.MetamodelGraphWalker - Visiting attribute path : grade
12:23:09.373 [main] [o.h.p.w.s.MetamodelGraphWalker] DEBUG org.hibernate.persister.walking.spi.MetamodelGraphWalker - Visiting attribute path : highestBidPrice
12:23:09.373 [main] [o.h.p.w.s.MetamodelGraphWalker] DEBUG org.hibernate.persister.walking.spi.MetamodelGraphWalker - Visiting attribute path : life_days
12:23:09.373 [main] [o.h.p.w.s.MetamodelGraphWalker] DEBUG org.hibernate.persister.walking.spi.MetamodelGraphWalker - Visiting attribute path : pickdate
12:23:09.373 [main] [o.h.p.w.s.MetamodelGraphWalker] DEBUG org.hibernate.persister.walking.spi.MetamodelGraphWalker - Visiting attribute path : quantity
12:23:09.373 [main] [o.h.p.w.s.MetamodelGraphWalker] DEBUG org.hibernate.persister.walking.spi.MetamodelGraphWalker - Visiting attribute path : reservedPrice
12:23:09.373 [main] [o.h.l.p.b.i.FetchStyleLoadPlanBuildingAssociationVisitationStrategy] DEBUG org.hibernate.loader.plan.build.internal.FetchStyleLoadPlanBuildingAssociationVisitationStrategy - Building LoadPlan...
12:23:09.373 [main] [o.h.l.p.e.i.LoadQueryJoinAndFetchProcessor] DEBUG org.hibernate.loader.plan.exec.internal.LoadQueryJoinAndFetchProcessor - processing queryspace &lt;gen:0&gt;
12:23:09.373 [main] [o.h.l.p.b.s.LoadPlanTreePrinter] DEBUG org.hibernate.loader.plan.build.spi.LoadPlanTreePrinter - LoadPlan(entity=org.solent.com504.project.model.lot.dto.Lot)
    - Returns
       - EntityReturnImpl(entity=org.solent.com504.project.model.lot.dto.Lot, querySpaceUid=&lt;gen:0&gt;, path=org.solent.com504.project.model.lot.dto.Lot)
          - CollectionAttributeFetchImpl(collection=org.solent.com504.project.model.lot.dto.Lot.bids, querySpaceUid=&lt;gen:1&gt;, path=org.solent.com504.project.model.lot.dto.Lot.bids)
             - (collection element) CollectionFetchableElementEntityGraph(entity=org.solent.com504.project.model.bid.dto.Bid, querySpaceUid=&lt;gen:2&gt;, path=org.solent.com504.project.model.lot.dto.Lot.bids.&lt;elements&gt;)
    - QuerySpaces
       - EntityQuerySpaceImpl(uid=&lt;gen:0&gt;, entity=org.solent.com504.project.model.lot.dto.Lot)
          - SQL table alias mapping - lot0_
          - alias suffix - 0_
          - suffixed key columns - {id1_3_0_}

12:23:09.373 [main] [o.h.l.e.p.EntityLoader] DEBUG org.hibernate.loader.entity.plan.EntityLoader - Static select for entity org.solent.com504.project.model.lot.dto.Lot [UPGRADE]: select lot0_.id as id1_3_0_, lot0_.duration as duration2_3_0_, lot0_.grade as grade3_3_0_, lot0_.highestBidPrice as highestB4_3_0_, lot0_.life_days as life_day5_3_0_, lot0_.pickdate as pickdate6_3_0_, lot0_.quantity as quantity7_3_0_, lot0_.reservedPrice as reserved8_3_0_ from Lot lot0_ where lot0_.id=? for update
12:23:09.373 [main] [o.h.l.p.b.i.s.QuerySpacesImpl] DEBUG org.hibernate.loader.plan.build.internal.spaces.QuerySpacesImpl - Adding QuerySpace : uid = &lt;gen:0&gt; -&gt; org.hibernate.loader.plan.build.internal.spaces.EntityQuerySpaceImpl@342e690b]
12:23:09.373 [main] [o.h.p.w.s.MetamodelGraphWalker] DEBUG org.hibernate.persister.walking.spi.MetamodelGraphWalker - Visiting attribute path : bids
12:23:09.373 [main] [o.h.l.p.b.i.s.QuerySpacesImpl] DEBUG org.hibernate.loader.plan.build.internal.spaces.QuerySpacesImpl - Adding QuerySpace : uid = &lt;gen:1&gt; -&gt; org.hibernate.loader.plan.build.internal.spaces.CollectionQuerySpaceImpl@78ec89a6]
12:23:09.373 [main] [o.h.l.p.b.i.s.QuerySpacesImpl] DEBUG org.hibernate.loader.plan.build.internal.spaces.QuerySpacesImpl - Adding QuerySpace : uid = &lt;gen:2&gt; -&gt; org.hibernate.loader.plan.build.internal.spaces.EntityQuerySpaceImpl@3596b249]
12:23:09.373 [main] [o.h.p.w.s.MetamodelGraphWalker] DEBUG org.hibernate.persister.walking.spi.MetamodelGraphWalker - Visiting attribute path : duration
12:23:09.373 [main] [o.h.p.w.s.MetamodelGraphWalker] DEBUG org.hibernate.persister.walking.spi.MetamodelGraphWalker - Visiting attribute path : grade
12:23:09.373 [main] [o.h.p.w.s.MetamodelGraphWalker] DEBUG org.hibernate.persister.walking.spi.MetamodelGraphWalker - Visiting attribute path : highestBidPrice
12:23:09.389 [main] [o.h.p.w.s.MetamodelGraphWalker] DEBUG org.hibernate.persister.walking.spi.MetamodelGraphWalker - Visiting attribute path : life_days
12:23:09.389 [main] [o.h.p.w.s.MetamodelGraphWalker] DEBUG org.hibernate.persister.walking.spi.MetamodelGraphWalker - Visiting attribute path : pickdate
12:23:09.389 [main] [o.h.p.w.s.MetamodelGraphWalker] DEBUG org.hibernate.persister.walking.spi.MetamodelGraphWalker - Visiting attribute path : quantity
12:23:09.389 [main] [o.h.p.w.s.MetamodelGraphWalker] DEBUG org.hibernate.persister.walking.spi.MetamodelGraphWalker - Visiting attribute path : reservedPrice
12:23:09.389 [main] [o.h.l.p.b.i.FetchStyleLoadPlanBuildingAssociationVisitationStrategy] DEBUG org.hibernate.loader.plan.build.internal.FetchStyleLoadPlanBuildingAssociationVisitationStrategy - Building LoadPlan...
12:23:09.389 [main] [o.h.l.p.e.i.LoadQueryJoinAndFetchProcessor] DEBUG org.hibernate.loader.plan.exec.internal.LoadQueryJoinAndFetchProcessor - processing queryspace &lt;gen:0&gt;
12:23:09.389 [main] [o.h.l.p.b.s.LoadPlanTreePrinter] DEBUG org.hibernate.loader.plan.build.spi.LoadPlanTreePrinter - LoadPlan(entity=org.solent.com504.project.model.lot.dto.Lot)
    - Returns
       - EntityReturnImpl(entity=org.solent.com504.project.model.lot.dto.Lot, querySpaceUid=&lt;gen:0&gt;, path=org.solent.com504.project.model.lot.dto.Lot)
          - CollectionAttributeFetchImpl(collection=org.solent.com504.project.model.lot.dto.Lot.bids, querySpaceUid=&lt;gen:1&gt;, path=org.solent.com504.project.model.lot.dto.Lot.bids)
             - (collection element) CollectionFetchableElementEntityGraph(entity=org.solent.com504.project.model.bid.dto.Bid, querySpaceUid=&lt;gen:2&gt;, path=org.solent.com504.project.model.lot.dto.Lot.bids.&lt;elements&gt;)
    - QuerySpaces
       - EntityQuerySpaceImpl(uid=&lt;gen:0&gt;, entity=org.solent.com504.project.model.lot.dto.Lot)
          - SQL table alias mapping - lot0_
          - alias suffix - 0_
          - suffixed key columns - {id1_3_0_}

12:23:09.389 [main] [o.h.l.e.p.EntityLoader] DEBUG org.hibernate.loader.entity.plan.EntityLoader - Static select for entity org.solent.com504.project.model.lot.dto.Lot [UPGRADE_NOWAIT]: select lot0_.id as id1_3_0_, lot0_.duration as duration2_3_0_, lot0_.grade as grade3_3_0_, lot0_.highestBidPrice as highestB4_3_0_, lot0_.life_days as life_day5_3_0_, lot0_.pickdate as pickdate6_3_0_, lot0_.quantity as quantity7_3_0_, lot0_.reservedPrice as reserved8_3_0_ from Lot lot0_ where lot0_.id=? for update
12:23:09.389 [main] [o.h.l.p.b.i.s.QuerySpacesImpl] DEBUG org.hibernate.loader.plan.build.internal.spaces.QuerySpacesImpl - Adding QuerySpace : uid = &lt;gen:0&gt; -&gt; org.hibernate.loader.plan.build.internal.spaces.EntityQuerySpaceImpl@7237f3c1]
12:23:09.389 [main] [o.h.p.w.s.MetamodelGraphWalker] DEBUG org.hibernate.persister.walking.spi.MetamodelGraphWalker - Visiting attribute path : bids
12:23:09.389 [main] [o.h.l.p.b.i.s.QuerySpacesImpl] DEBUG org.hibernate.loader.plan.build.internal.spaces.QuerySpacesImpl - Adding QuerySpace : uid = &lt;gen:1&gt; -&gt; org.hibernate.loader.plan.build.internal.spaces.CollectionQuerySpaceImpl@642a16aa]
12:23:09.389 [main] [o.h.l.p.b.i.s.QuerySpacesImpl] DEBUG org.hibernate.loader.plan.build.internal.spaces.QuerySpacesImpl - Adding QuerySpace : uid = &lt;gen:2&gt; -&gt; org.hibernate.loader.plan.build.internal.spaces.EntityQuerySpaceImpl@642ee49c]
12:23:09.389 [main] [o.h.p.w.s.MetamodelGraphWalker] DEBUG org.hibernate.persister.walking.spi.MetamodelGraphWalker - Visiting attribute path : duration
12:23:09.389 [main] [o.h.p.w.s.MetamodelGraphWalker] DEBUG org.hibernate.persister.walking.spi.MetamodelGraphWalker - Visiting attribute path : grade
12:23:09.389 [main] [o.h.p.w.s.MetamodelGraphWalker] DEBUG org.hibernate.persister.walking.spi.MetamodelGraphWalker - Visiting attribute path : highestBidPrice
12:23:09.389 [main] [o.h.p.w.s.MetamodelGraphWalker] DEBUG org.hibernate.persister.walking.spi.MetamodelGraphWalker - Visiting attribute path : life_days
12:23:09.389 [main] [o.h.p.w.s.MetamodelGraphWalker] DEBUG org.hibernate.persister.walking.spi.MetamodelGraphWalker - Visiting attribute path : pickdate
12:23:09.389 [main] [o.h.p.w.s.MetamodelGraphWalker] DEBUG org.hibernate.persister.walking.spi.MetamodelGraphWalker - Visiting attribute path : quantity
12:23:09.389 [main] [o.h.p.w.s.MetamodelGraphWalker] DEBUG org.hibernate.persister.walking.spi.MetamodelGraphWalker - Visiting attribute path : reservedPrice
12:23:09.389 [main] [o.h.l.p.b.i.FetchStyleLoadPlanBuildingAssociationVisitationStrategy] DEBUG org.hibernate.loader.plan.build.internal.FetchStyleLoadPlanBuildingAssociationVisitationStrategy - Building LoadPlan...
12:23:09.389 [main] [o.h.l.p.e.i.LoadQueryJoinAndFetchProcessor] DEBUG org.hibernate.loader.plan.exec.internal.LoadQueryJoinAndFetchProcessor - processing queryspace &lt;gen:0&gt;
12:23:09.389 [main] [o.h.l.p.b.s.LoadPlanTreePrinter] DEBUG org.hibernate.loader.plan.build.spi.LoadPlanTreePrinter - LoadPlan(entity=org.solent.com504.project.model.lot.dto.Lot)
    - Returns
       - EntityReturnImpl(entity=org.solent.com504.project.model.lot.dto.Lot, querySpaceUid=&lt;gen:0&gt;, path=org.solent.com504.project.model.lot.dto.Lot)
          - CollectionAttributeFetchImpl(collection=org.solent.com504.project.model.lot.dto.Lot.bids, querySpaceUid=&lt;gen:1&gt;, path=org.solent.com504.project.model.lot.dto.Lot.bids)
             - (collection element) CollectionFetchableElementEntityGraph(entity=org.solent.com504.project.model.bid.dto.Bid, querySpaceUid=&lt;gen:2&gt;, path=org.solent.com504.project.model.lot.dto.Lot.bids.&lt;elements&gt;)
    - QuerySpaces
       - EntityQuerySpaceImpl(uid=&lt;gen:0&gt;, entity=org.solent.com504.project.model.lot.dto.Lot)
          - SQL table alias mapping - lot0_
          - alias suffix - 0_
          - suffixed key columns - {id1_3_0_}

12:23:09.389 [main] [o.h.l.e.p.EntityLoader] DEBUG org.hibernate.loader.entity.plan.EntityLoader - Static select for entity org.solent.com504.project.model.lot.dto.Lot [UPGRADE_SKIPLOCKED]: select lot0_.id as id1_3_0_, lot0_.duration as duration2_3_0_, lot0_.grade as grade3_3_0_, lot0_.highestBidPrice as highestB4_3_0_, lot0_.life_days as life_day5_3_0_, lot0_.pickdate as pickdate6_3_0_, lot0_.quantity as quantity7_3_0_, lot0_.reservedPrice as reserved8_3_0_ from Lot lot0_ where lot0_.id=? for update
12:23:09.389 [main] [o.h.l.p.b.i.s.QuerySpacesImpl] DEBUG org.hibernate.loader.plan.build.internal.spaces.QuerySpacesImpl - Adding QuerySpace : uid = &lt;gen:0&gt; -&gt; org.hibernate.loader.plan.build.internal.spaces.EntityQuerySpaceImpl@294aba23]
12:23:09.389 [main] [o.h.p.w.s.MetamodelGraphWalker] DEBUG org.hibernate.persister.walking.spi.MetamodelGraphWalker - Visiting attribute path : bids
12:23:09.389 [main] [o.h.l.p.b.i.s.QuerySpacesImpl] DEBUG org.hibernate.loader.plan.build.internal.spaces.QuerySpacesImpl - Adding QuerySpace : uid = &lt;gen:1&gt; -&gt; org.hibernate.loader.plan.build.internal.spaces.CollectionQuerySpaceImpl@5d3b58ca]
12:23:09.389 [main] [o.h.l.p.b.i.s.QuerySpacesImpl] DEBUG org.hibernate.loader.plan.build.internal.spaces.QuerySpacesImpl - Adding QuerySpace : uid = &lt;gen:2&gt; -&gt; org.hibernate.loader.plan.build.internal.spaces.EntityQuerySpaceImpl@4e224df5]
12:23:09.389 [main] [o.h.p.w.s.MetamodelGraphWalker] DEBUG org.hibernate.persister.walking.spi.MetamodelGraphWalker - Visiting attribute path : duration
12:23:09.389 [main] [o.h.p.w.s.MetamodelGraphWalker] DEBUG org.hibernate.persister.walking.spi.MetamodelGraphWalker - Visiting attribute path : grade
12:23:09.389 [main] [o.h.p.w.s.MetamodelGraphWalker] DEBUG org.hibernate.persister.walking.spi.MetamodelGraphWalker - Visiting attribute path : highestBidPrice
12:23:09.389 [main] [o.h.p.w.s.MetamodelGraphWalker] DEBUG org.hibernate.persister.walking.spi.MetamodelGraphWalker - Visiting attribute path : life_days
12:23:09.389 [main] [o.h.p.w.s.MetamodelGraphWalker] DEBUG org.hibernate.persister.walking.spi.MetamodelGraphWalker - Visiting attribute path : pickdate
12:23:09.389 [main] [o.h.p.w.s.MetamodelGraphWalker] DEBUG org.hibernate.persister.walking.spi.MetamodelGraphWalker - Visiting attribute path : quantity
12:23:09.389 [main] [o.h.p.w.s.MetamodelGraphWalker] DEBUG org.hibernate.persister.walking.spi.MetamodelGraphWalker - Visiting attribute path : reservedPrice
12:23:09.389 [main] [o.h.l.p.b.i.FetchStyleLoadPlanBuildingAssociationVisitationStrategy] DEBUG org.hibernate.loader.plan.build.internal.FetchStyleLoadPlanBuildingAssociationVisitationStrategy - Building LoadPlan...
12:23:09.389 [main] [o.h.l.p.e.i.LoadQueryJoinAndFetchProcessor] DEBUG org.hibernate.loader.plan.exec.internal.LoadQueryJoinAndFetchProcessor - processing queryspace &lt;gen:0&gt;
12:23:09.389 [main] [o.h.l.p.b.s.LoadPlanTreePrinter] DEBUG org.hibernate.loader.plan.build.spi.LoadPlanTreePrinter - LoadPlan(entity=org.solent.com504.project.model.lot.dto.Lot)
    - Returns
       - EntityReturnImpl(entity=org.solent.com504.project.model.lot.dto.Lot, querySpaceUid=&lt;gen:0&gt;, path=org.solent.com504.project.model.lot.dto.Lot)
          - CollectionAttributeFetchImpl(collection=org.solent.com504.project.model.lot.dto.Lot.bids, querySpaceUid=&lt;gen:1&gt;, path=org.solent.com504.project.model.lot.dto.Lot.bids)
             - (collection element) CollectionFetchableElementEntityGraph(entity=org.solent.com504.project.model.bid.dto.Bid, querySpaceUid=&lt;gen:2&gt;, path=org.solent.com504.project.model.lot.dto.Lot.bids.&lt;elements&gt;)
    - QuerySpaces
       - EntityQuerySpaceImpl(uid=&lt;gen:0&gt;, entity=org.solent.com504.project.model.lot.dto.Lot)
          - SQL table alias mapping - lot0_
          - alias suffix - 0_
          - suffixed key columns - {id1_3_0_}

12:23:09.389 [main] [o.h.l.e.p.EntityLoader] DEBUG org.hibernate.loader.entity.plan.EntityLoader - Static select for entity org.solent.com504.project.model.lot.dto.Lot [FORCE]: select lot0_.id as id1_3_0_, lot0_.duration as duration2_3_0_, lot0_.grade as grade3_3_0_, lot0_.highestBidPrice as highestB4_3_0_, lot0_.life_days as life_day5_3_0_, lot0_.pickdate as pickdate6_3_0_, lot0_.quantity as quantity7_3_0_, lot0_.reservedPrice as reserved8_3_0_ from Lot lot0_ where lot0_.id=? for update
12:23:09.389 [main] [o.h.l.p.b.i.s.QuerySpacesImpl] DEBUG org.hibernate.loader.plan.build.internal.spaces.QuerySpacesImpl - Adding QuerySpace : uid = &lt;gen:0&gt; -&gt; org.hibernate.loader.plan.build.internal.spaces.EntityQuerySpaceImpl@32456db0]
12:23:09.389 [main] [o.h.p.w.s.MetamodelGraphWalker] DEBUG org.hibernate.persister.walking.spi.MetamodelGraphWalker - Visiting attribute path : bids
12:23:09.389 [main] [o.h.l.p.b.i.s.QuerySpacesImpl] DEBUG org.hibernate.loader.plan.build.internal.spaces.QuerySpacesImpl - Adding QuerySpace : uid = &lt;gen:1&gt; -&gt; org.hibernate.loader.plan.build.internal.spaces.CollectionQuerySpaceImpl@58a2d9f9]
12:23:09.389 [main] [o.h.l.p.b.i.s.QuerySpacesImpl] DEBUG org.hibernate.loader.plan.build.internal.spaces.QuerySpacesImpl - Adding QuerySpace : uid = &lt;gen:2&gt; -&gt; org.hibernate.loader.plan.build.internal.spaces.EntityQuerySpaceImpl@4337afd]
12:23:09.389 [main] [o.h.p.w.s.MetamodelGraphWalker] DEBUG org.hibernate.persister.walking.spi.MetamodelGraphWalker - Visiting attribute path : duration
12:23:09.389 [main] [o.h.p.w.s.MetamodelGraphWalker] DEBUG org.hibernate.persister.walking.spi.MetamodelGraphWalker - Visiting attribute path : grade
12:23:09.389 [main] [o.h.p.w.s.MetamodelGraphWalker] DEBUG org.hibernate.persister.walking.spi.MetamodelGraphWalker - Visiting attribute path : highestBidPrice
12:23:09.389 [main] [o.h.p.w.s.MetamodelGraphWalker] DEBUG org.hibernate.persister.walking.spi.MetamodelGraphWalker - Visiting attribute path : life_days
12:23:09.389 [main] [o.h.p.w.s.MetamodelGraphWalker] DEBUG org.hibernate.persister.walking.spi.MetamodelGraphWalker - Visiting attribute path : pickdate
12:23:09.389 [main] [o.h.p.w.s.MetamodelGraphWalker] DEBUG org.hibernate.persister.walking.spi.MetamodelGraphWalker - Visiting attribute path : quantity
12:23:09.389 [main] [o.h.p.w.s.MetamodelGraphWalker] DEBUG org.hibernate.persister.walking.spi.MetamodelGraphWalker - Visiting attribute path : reservedPrice
12:23:09.389 [main] [o.h.l.p.b.i.FetchStyleLoadPlanBuildingAssociationVisitationStrategy] DEBUG org.hibernate.loader.plan.build.internal.FetchStyleLoadPlanBuildingAssociationVisitationStrategy - Building LoadPlan...
12:23:09.389 [main] [o.h.l.p.e.i.LoadQueryJoinAndFetchProcessor] DEBUG org.hibernate.loader.plan.exec.internal.LoadQueryJoinAndFetchProcessor - processing queryspace &lt;gen:0&gt;
12:23:09.389 [main] [o.h.l.p.b.s.LoadPlanTreePrinter] DEBUG org.hibernate.loader.plan.build.spi.LoadPlanTreePrinter - LoadPlan(entity=org.solent.com504.project.model.lot.dto.Lot)
    - Returns
       - EntityReturnImpl(entity=org.solent.com504.project.model.lot.dto.Lot, querySpaceUid=&lt;gen:0&gt;, path=org.solent.com504.project.model.lot.dto.Lot)
          - CollectionAttributeFetchImpl(collection=org.solent.com504.project.model.lot.dto.Lot.bids, querySpaceUid=&lt;gen:1&gt;, path=org.solent.com504.project.model.lot.dto.Lot.bids)
             - (collection element) CollectionFetchableElementEntityGraph(entity=org.solent.com504.project.model.bid.dto.Bid, querySpaceUid=&lt;gen:2&gt;, path=org.solent.com504.project.model.lot.dto.Lot.bids.&lt;elements&gt;)
    - QuerySpaces
       - EntityQuerySpaceImpl(uid=&lt;gen:0&gt;, entity=org.solent.com504.project.model.lot.dto.Lot)
          - SQL table alias mapping - lot0_
          - alias suffix - 0_
          - suffixed key columns - {id1_3_0_}

12:23:09.389 [main] [o.h.l.e.p.EntityLoader] DEBUG org.hibernate.loader.entity.plan.EntityLoader - Static select for entity org.solent.com504.project.model.lot.dto.Lot [PESSIMISTIC_READ]: select lot0_.id as id1_3_0_, lot0_.duration as duration2_3_0_, lot0_.grade as grade3_3_0_, lot0_.highestBidPrice as highestB4_3_0_, lot0_.life_days as life_day5_3_0_, lot0_.pickdate as pickdate6_3_0_, lot0_.quantity as quantity7_3_0_, lot0_.reservedPrice as reserved8_3_0_ from Lot lot0_ where lot0_.id=? for update
12:23:09.389 [main] [o.h.l.p.b.i.s.QuerySpacesImpl] DEBUG org.hibernate.loader.plan.build.internal.spaces.QuerySpacesImpl - Adding QuerySpace : uid = &lt;gen:0&gt; -&gt; org.hibernate.loader.plan.build.internal.spaces.EntityQuerySpaceImpl@1d02af26]
12:23:09.389 [main] [o.h.p.w.s.MetamodelGraphWalker] DEBUG org.hibernate.persister.walking.spi.MetamodelGraphWalker - Visiting attribute path : bids
12:23:09.389 [main] [o.h.l.p.b.i.s.QuerySpacesImpl] DEBUG org.hibernate.loader.plan.build.internal.spaces.QuerySpacesImpl - Adding QuerySpace : uid = &lt;gen:1&gt; -&gt; org.hibernate.loader.plan.build.internal.spaces.CollectionQuerySpaceImpl@4dd90166]
12:23:09.389 [main] [o.h.l.p.b.i.s.QuerySpacesImpl] DEBUG org.hibernate.loader.plan.build.internal.spaces.QuerySpacesImpl - Adding QuerySpace : uid = &lt;gen:2&gt; -&gt; org.hibernate.loader.plan.build.internal.spaces.EntityQuerySpaceImpl@52227eb2]
12:23:09.389 [main] [o.h.p.w.s.MetamodelGraphWalker] DEBUG org.hibernate.persister.walking.spi.MetamodelGraphWalker - Visiting attribute path : duration
12:23:09.389 [main] [o.h.p.w.s.MetamodelGraphWalker] DEBUG org.hibernate.persister.walking.spi.MetamodelGraphWalker - Visiting attribute path : grade
12:23:09.389 [main] [o.h.p.w.s.MetamodelGraphWalker] DEBUG org.hibernate.persister.walking.spi.MetamodelGraphWalker - Visiting attribute path : highestBidPrice
12:23:09.389 [main] [o.h.p.w.s.MetamodelGraphWalker] DEBUG org.hibernate.persister.walking.spi.MetamodelGraphWalker - Visiting attribute path : life_days
12:23:09.389 [main] [o.h.p.w.s.MetamodelGraphWalker] DEBUG org.hibernate.persister.walking.spi.MetamodelGraphWalker - Visiting attribute path : pickdate
12:23:09.389 [main] [o.h.p.w.s.MetamodelGraphWalker] DEBUG org.hibernate.persister.walking.spi.MetamodelGraphWalker - Visiting attribute path : quantity
12:23:09.389 [main] [o.h.p.w.s.MetamodelGraphWalker] DEBUG org.hibernate.persister.walking.spi.MetamodelGraphWalker - Visiting attribute path : reservedPrice
12:23:09.389 [main] [o.h.l.p.b.i.FetchStyleLoadPlanBuildingAssociationVisitationStrategy] DEBUG org.hibernate.loader.plan.build.internal.FetchStyleLoadPlanBuildingAssociationVisitationStrategy - Building LoadPlan...
12:23:09.389 [main] [o.h.l.p.e.i.LoadQueryJoinAndFetchProcessor] DEBUG org.hibernate.loader.plan.exec.internal.LoadQueryJoinAndFetchProcessor - processing queryspace &lt;gen:0&gt;
12:23:09.389 [main] [o.h.l.p.b.s.LoadPlanTreePrinter] DEBUG org.hibernate.loader.plan.build.spi.LoadPlanTreePrinter - LoadPlan(entity=org.solent.com504.project.model.lot.dto.Lot)
    - Returns
       - EntityReturnImpl(entity=org.solent.com504.project.model.lot.dto.Lot, querySpaceUid=&lt;gen:0&gt;, path=org.solent.com504.project.model.lot.dto.Lot)
          - CollectionAttributeFetchImpl(collection=org.solent.com504.project.model.lot.dto.Lot.bids, querySpaceUid=&lt;gen:1&gt;, path=org.solent.com504.project.model.lot.dto.Lot.bids)
             - (collection element) CollectionFetchableElementEntityGraph(entity=org.solent.com504.project.model.bid.dto.Bid, querySpaceUid=&lt;gen:2&gt;, path=org.solent.com504.project.model.lot.dto.Lot.bids.&lt;elements&gt;)
    - QuerySpaces
       - EntityQuerySpaceImpl(uid=&lt;gen:0&gt;, entity=org.solent.com504.project.model.lot.dto.Lot)
          - SQL table alias mapping - lot0_
          - alias suffix - 0_
          - suffixed key columns - {id1_3_0_}

12:23:09.389 [main] [o.h.l.e.p.EntityLoader] DEBUG org.hibernate.loader.entity.plan.EntityLoader - Static select for entity org.solent.com504.project.model.lot.dto.Lot [PESSIMISTIC_WRITE]: select lot0_.id as id1_3_0_, lot0_.duration as duration2_3_0_, lot0_.grade as grade3_3_0_, lot0_.highestBidPrice as highestB4_3_0_, lot0_.life_days as life_day5_3_0_, lot0_.pickdate as pickdate6_3_0_, lot0_.quantity as quantity7_3_0_, lot0_.reservedPrice as reserved8_3_0_ from Lot lot0_ where lot0_.id=? for update
12:23:09.389 [main] [o.h.l.p.b.i.s.QuerySpacesImpl] DEBUG org.hibernate.loader.plan.build.internal.spaces.QuerySpacesImpl - Adding QuerySpace : uid = &lt;gen:0&gt; -&gt; org.hibernate.loader.plan.build.internal.spaces.EntityQuerySpaceImpl@5ad1904f]
12:23:09.389 [main] [o.h.p.w.s.MetamodelGraphWalker] DEBUG org.hibernate.persister.walking.spi.MetamodelGraphWalker - Visiting attribute path : bids
12:23:09.389 [main] [o.h.l.p.b.i.s.QuerySpacesImpl] DEBUG org.hibernate.loader.plan.build.internal.spaces.QuerySpacesImpl - Adding QuerySpace : uid = &lt;gen:1&gt; -&gt; org.hibernate.loader.plan.build.internal.spaces.CollectionQuerySpaceImpl@f438904]
12:23:09.389 [main] [o.h.l.p.b.i.s.QuerySpacesImpl] DEBUG org.hibernate.loader.plan.build.internal.spaces.QuerySpacesImpl - Adding QuerySpace : uid = &lt;gen:2&gt; -&gt; org.hibernate.loader.plan.build.internal.spaces.EntityQuerySpaceImpl@4ed5a1b0]
12:23:09.389 [main] [o.h.p.w.s.MetamodelGraphWalker] DEBUG org.hibernate.persister.walking.spi.MetamodelGraphWalker - Visiting attribute path : duration
12:23:09.389 [main] [o.h.p.w.s.MetamodelGraphWalker] DEBUG org.hibernate.persister.walking.spi.MetamodelGraphWalker - Visiting attribute path : grade
12:23:09.389 [main] [o.h.p.w.s.MetamodelGraphWalker] DEBUG org.hibernate.persister.walking.spi.MetamodelGraphWalker - Visiting attribute path : highestBidPrice
12:23:09.389 [main] [o.h.p.w.s.MetamodelGraphWalker] DEBUG org.hibernate.persister.walking.spi.MetamodelGraphWalker - Visiting attribute path : life_days
12:23:09.389 [main] [o.h.p.w.s.MetamodelGraphWalker] DEBUG org.hibernate.persister.walking.spi.MetamodelGraphWalker - Visiting attribute path : pickdate
12:23:09.389 [main] [o.h.p.w.s.MetamodelGraphWalker] DEBUG org.hibernate.persister.walking.spi.MetamodelGraphWalker - Visiting attribute path : quantity
12:23:09.389 [main] [o.h.p.w.s.MetamodelGraphWalker] DEBUG org.hibernate.persister.walking.spi.MetamodelGraphWalker - Visiting attribute path : reservedPrice
12:23:09.389 [main] [o.h.l.p.b.i.FetchStyleLoadPlanBuildingAssociationVisitationStrategy] DEBUG org.hibernate.loader.plan.build.internal.FetchStyleLoadPlanBuildingAssociationVisitationStrategy - Building LoadPlan...
12:23:09.389 [main] [o.h.l.p.e.i.LoadQueryJoinAndFetchProcessor] DEBUG org.hibernate.loader.plan.exec.internal.LoadQueryJoinAndFetchProcessor - processing queryspace &lt;gen:0&gt;
12:23:09.389 [main] [o.h.l.p.b.s.LoadPlanTreePrinter] DEBUG org.hibernate.loader.plan.build.spi.LoadPlanTreePrinter - LoadPlan(entity=org.solent.com504.project.model.lot.dto.Lot)
    - Returns
       - EntityReturnImpl(entity=org.solent.com504.project.model.lot.dto.Lot, querySpaceUid=&lt;gen:0&gt;, path=org.solent.com504.project.model.lot.dto.Lot)
          - CollectionAttributeFetchImpl(collection=org.solent.com504.project.model.lot.dto.Lot.bids, querySpaceUid=&lt;gen:1&gt;, path=org.solent.com504.project.model.lot.dto.Lot.bids)
             - (collection element) CollectionFetchableElementEntityGraph(entity=org.solent.com504.project.model.bid.dto.Bid, querySpaceUid=&lt;gen:2&gt;, path=org.solent.com504.project.model.lot.dto.Lot.bids.&lt;elements&gt;)
    - QuerySpaces
       - EntityQuerySpaceImpl(uid=&lt;gen:0&gt;, entity=org.solent.com504.project.model.lot.dto.Lot)
          - SQL table alias mapping - lot0_
          - alias suffix - 0_
          - suffixed key columns - {id1_3_0_}

12:23:09.405 [main] [o.h.l.e.p.EntityLoader] DEBUG org.hibernate.loader.entity.plan.EntityLoader - Static select for entity org.solent.com504.project.model.lot.dto.Lot [PESSIMISTIC_FORCE_INCREMENT]: select lot0_.id as id1_3_0_, lot0_.duration as duration2_3_0_, lot0_.grade as grade3_3_0_, lot0_.highestBidPrice as highestB4_3_0_, lot0_.life_days as life_day5_3_0_, lot0_.pickdate as pickdate6_3_0_, lot0_.quantity as quantity7_3_0_, lot0_.reservedPrice as reserved8_3_0_ from Lot lot0_ where lot0_.id=? for update
12:23:09.405 [main] [o.h.l.p.b.i.s.QuerySpacesImpl] DEBUG org.hibernate.loader.plan.build.internal.spaces.QuerySpacesImpl - Adding QuerySpace : uid = &lt;gen:0&gt; -&gt; org.hibernate.loader.plan.build.internal.spaces.EntityQuerySpaceImpl@18d003cd]
12:23:09.405 [main] [o.h.p.w.s.MetamodelGraphWalker] DEBUG org.hibernate.persister.walking.spi.MetamodelGraphWalker - Visiting attribute path : bids
12:23:09.405 [main] [o.h.l.p.b.i.s.QuerySpacesImpl] DEBUG org.hibernate.loader.plan.build.internal.spaces.QuerySpacesImpl - Adding QuerySpace : uid = &lt;gen:1&gt; -&gt; org.hibernate.loader.plan.build.internal.spaces.CollectionQuerySpaceImpl@22ad1bae]
12:23:09.405 [main] [o.h.l.p.b.i.s.QuerySpacesImpl] DEBUG org.hibernate.loader.plan.build.internal.spaces.QuerySpacesImpl - Adding QuerySpace : uid = &lt;gen:2&gt; -&gt; org.hibernate.loader.plan.build.internal.spaces.EntityQuerySpaceImpl@4116f66a]
12:23:09.405 [main] [o.h.p.w.s.MetamodelGraphWalker] DEBUG org.hibernate.persister.walking.spi.MetamodelGraphWalker - Visiting attribute path : duration
12:23:09.405 [main] [o.h.p.w.s.MetamodelGraphWalker] DEBUG org.hibernate.persister.walking.spi.MetamodelGraphWalker - Visiting attribute path : grade
12:23:09.405 [main] [o.h.p.w.s.MetamodelGraphWalker] DEBUG org.hibernate.persister.walking.spi.MetamodelGraphWalker - Visiting attribute path : highestBidPrice
12:23:09.405 [main] [o.h.p.w.s.MetamodelGraphWalker] DEBUG org.hibernate.persister.walking.spi.MetamodelGraphWalker - Visiting attribute path : life_days
12:23:09.405 [main] [o.h.p.w.s.MetamodelGraphWalker] DEBUG org.hibernate.persister.walking.spi.MetamodelGraphWalker - Visiting attribute path : pickdate
12:23:09.405 [main] [o.h.p.w.s.MetamodelGraphWalker] DEBUG org.hibernate.persister.walking.spi.MetamodelGraphWalker - Visiting attribute path : quantity
12:23:09.405 [main] [o.h.p.w.s.MetamodelGraphWalker] DEBUG org.hibernate.persister.walking.spi.MetamodelGraphWalker - Visiting attribute path : reservedPrice
12:23:09.405 [main] [o.h.l.p.b.i.FetchStyleLoadPlanBuildingAssociationVisitationStrategy] DEBUG org.hibernate.loader.plan.build.internal.FetchStyleLoadPlanBuildingAssociationVisitationStrategy - Building LoadPlan...
12:23:09.405 [main] [o.h.l.p.e.i.LoadQueryJoinAndFetchProcessor] DEBUG org.hibernate.loader.plan.exec.internal.LoadQueryJoinAndFetchProcessor - processing queryspace &lt;gen:0&gt;
12:23:09.405 [main] [o.h.l.p.b.s.LoadPlanTreePrinter] DEBUG org.hibernate.loader.plan.build.spi.LoadPlanTreePrinter - LoadPlan(entity=org.solent.com504.project.model.lot.dto.Lot)
    - Returns
       - EntityReturnImpl(entity=org.solent.com504.project.model.lot.dto.Lot, querySpaceUid=&lt;gen:0&gt;, path=org.solent.com504.project.model.lot.dto.Lot)
          - CollectionAttributeFetchImpl(collection=org.solent.com504.project.model.lot.dto.Lot.bids, querySpaceUid=&lt;gen:1&gt;, path=org.solent.com504.project.model.lot.dto.Lot.bids)
             - (collection element) CollectionFetchableElementEntityGraph(entity=org.solent.com504.project.model.bid.dto.Bid, querySpaceUid=&lt;gen:2&gt;, path=org.solent.com504.project.model.lot.dto.Lot.bids.&lt;elements&gt;)
    - QuerySpaces
       - EntityQuerySpaceImpl(uid=&lt;gen:0&gt;, entity=org.solent.com504.project.model.lot.dto.Lot)
          - SQL table alias mapping - lot0_
          - alias suffix - 0_
          - suffixed key columns - {id1_3_0_}

12:23:09.405 [main] [o.h.l.e.p.EntityLoader] DEBUG org.hibernate.loader.entity.plan.EntityLoader - Static select for entity org.solent.com504.project.model.lot.dto.Lot [OPTIMISTIC]: select lot0_.id as id1_3_0_, lot0_.duration as duration2_3_0_, lot0_.grade as grade3_3_0_, lot0_.highestBidPrice as highestB4_3_0_, lot0_.life_days as life_day5_3_0_, lot0_.pickdate as pickdate6_3_0_, lot0_.quantity as quantity7_3_0_, lot0_.reservedPrice as reserved8_3_0_ from Lot lot0_ where lot0_.id=?
12:23:09.405 [main] [o.h.l.p.b.i.s.QuerySpacesImpl] DEBUG org.hibernate.loader.plan.build.internal.spaces.QuerySpacesImpl - Adding QuerySpace : uid = &lt;gen:0&gt; -&gt; org.hibernate.loader.plan.build.internal.spaces.EntityQuerySpaceImpl@59c04bee]
12:23:09.405 [main] [o.h.p.w.s.MetamodelGraphWalker] DEBUG org.hibernate.persister.walking.spi.MetamodelGraphWalker - Visiting attribute path : bids
12:23:09.405 [main] [o.h.l.p.b.i.s.QuerySpacesImpl] DEBUG org.hibernate.loader.plan.build.internal.spaces.QuerySpacesImpl - Adding QuerySpace : uid = &lt;gen:1&gt; -&gt; org.hibernate.loader.plan.build.internal.spaces.CollectionQuerySpaceImpl@f2a1813]
12:23:09.405 [main] [o.h.l.p.b.i.s.QuerySpacesImpl] DEBUG org.hibernate.loader.plan.build.internal.spaces.QuerySpacesImpl - Adding QuerySpace : uid = &lt;gen:2&gt; -&gt; org.hibernate.loader.plan.build.internal.spaces.EntityQuerySpaceImpl@79f90a3a]
12:23:09.405 [main] [o.h.p.w.s.MetamodelGraphWalker] DEBUG org.hibernate.persister.walking.spi.MetamodelGraphWalker - Visiting attribute path : duration
12:23:09.405 [main] [o.h.p.w.s.MetamodelGraphWalker] DEBUG org.hibernate.persister.walking.spi.MetamodelGraphWalker - Visiting attribute path : grade
12:23:09.405 [main] [o.h.p.w.s.MetamodelGraphWalker] DEBUG org.hibernate.persister.walking.spi.MetamodelGraphWalker - Visiting attribute path : highestBidPrice
12:23:09.405 [main] [o.h.p.w.s.MetamodelGraphWalker] DEBUG org.hibernate.persister.walking.spi.MetamodelGraphWalker - Visiting attribute path : life_days
12:23:09.405 [main] [o.h.p.w.s.MetamodelGraphWalker] DEBUG org.hibernate.persister.walking.spi.MetamodelGraphWalker - Visiting attribute path : pickdate
12:23:09.405 [main] [o.h.p.w.s.MetamodelGraphWalker] DEBUG org.hibernate.persister.walking.spi.MetamodelGraphWalker - Visiting attribute path : quantity
12:23:09.405 [main] [o.h.p.w.s.MetamodelGraphWalker] DEBUG org.hibernate.persister.walking.spi.MetamodelGraphWalker - Visiting attribute path : reservedPrice
12:23:09.405 [main] [o.h.l.p.b.i.FetchStyleLoadPlanBuildingAssociationVisitationStrategy] DEBUG org.hibernate.loader.plan.build.internal.FetchStyleLoadPlanBuildingAssociationVisitationStrategy - Building LoadPlan...
12:23:09.405 [main] [o.h.l.p.e.i.LoadQueryJoinAndFetchProcessor] DEBUG org.hibernate.loader.plan.exec.internal.LoadQueryJoinAndFetchProcessor - processing queryspace &lt;gen:0&gt;
12:23:09.405 [main] [o.h.l.p.b.s.LoadPlanTreePrinter] DEBUG org.hibernate.loader.plan.build.spi.LoadPlanTreePrinter - LoadPlan(entity=org.solent.com504.project.model.lot.dto.Lot)
    - Returns
       - EntityReturnImpl(entity=org.solent.com504.project.model.lot.dto.Lot, querySpaceUid=&lt;gen:0&gt;, path=org.solent.com504.project.model.lot.dto.Lot)
          - CollectionAttributeFetchImpl(collection=org.solent.com504.project.model.lot.dto.Lot.bids, querySpaceUid=&lt;gen:1&gt;, path=org.solent.com504.project.model.lot.dto.Lot.bids)
             - (collection element) CollectionFetchableElementEntityGraph(entity=org.solent.com504.project.model.bid.dto.Bid, querySpaceUid=&lt;gen:2&gt;, path=org.solent.com504.project.model.lot.dto.Lot.bids.&lt;elements&gt;)
    - QuerySpaces
       - EntityQuerySpaceImpl(uid=&lt;gen:0&gt;, entity=org.solent.com504.project.model.lot.dto.Lot)
          - SQL table alias mapping - lot0_
          - alias suffix - 0_
          - suffixed key columns - {id1_3_0_}

12:23:09.405 [main] [o.h.l.e.p.EntityLoader] DEBUG org.hibernate.loader.entity.plan.EntityLoader - Static select for entity org.solent.com504.project.model.lot.dto.Lot [OPTIMISTIC_FORCE_INCREMENT]: select lot0_.id as id1_3_0_, lot0_.duration as duration2_3_0_, lot0_.grade as grade3_3_0_, lot0_.highestBidPrice as highestB4_3_0_, lot0_.life_days as life_day5_3_0_, lot0_.pickdate as pickdate6_3_0_, lot0_.quantity as quantity7_3_0_, lot0_.reservedPrice as reserved8_3_0_ from Lot lot0_ where lot0_.id=?
12:23:09.405 [main] [o.h.l.Loader] DEBUG org.hibernate.loader.Loader - Static select for action ACTION_MERGE on entity org.solent.com504.project.model.lot.dto.Lot: select lot0_.id as id1_3_0_, lot0_.duration as duration2_3_0_, lot0_.grade as grade3_3_0_, lot0_.highestBidPrice as highestB4_3_0_, lot0_.life_days as life_day5_3_0_, lot0_.pickdate as pickdate6_3_0_, lot0_.quantity as quantity7_3_0_, lot0_.reservedPrice as reserved8_3_0_ from Lot lot0_ where lot0_.id=?
12:23:09.405 [main] [o.h.l.Loader] DEBUG org.hibernate.loader.Loader - Static select for action ACTION_REFRESH on entity org.solent.com504.project.model.lot.dto.Lot: select lot0_.id as id1_3_0_, lot0_.duration as duration2_3_0_, lot0_.grade as grade3_3_0_, lot0_.highestBidPrice as highestB4_3_0_, lot0_.life_days as life_day5_3_0_, lot0_.pickdate as pickdate6_3_0_, lot0_.quantity as quantity7_3_0_, lot0_.reservedPrice as reserved8_3_0_ from Lot lot0_ where lot0_.id=?
12:23:09.405 [main] [o.h.p.e.AbstractEntityPersister] DEBUG org.hibernate.persister.entity.AbstractEntityPersister - Static SQL for entity: org.solent.com504.project.model.party.dto.Party
12:23:09.405 [main] [o.h.p.e.AbstractEntityPersister] DEBUG org.hibernate.persister.entity.AbstractEntityPersister -  Version select: select id from Party where id =?
12:23:09.405 [main] [o.h.p.e.AbstractEntityPersister] DEBUG org.hibernate.persister.entity.AbstractEntityPersister -  Snapshot select: select party_.id, party_.addressLine1 as addressL2_5_, party_.addressLine2 as addressL3_5_, party_.country as country4_5_, party_.county as county5_5_, party_.latitude as latitude6_5_, party_.longitude as longitud7_5_, party_.mobile as mobile8_5_, party_.number as number9_5_, party_.postcode as postcod10_5_, party_.telephone as telepho11_5_, party_.enabled as enabled12_5_, party_.firstName as firstNa13_5_, party_.partyRole as partyRo14_5_, party_.partyStatus as partySt15_5_, party_.secondName as secondN16_5_, party_.uuid as uuid17_5_ from Party party_ where party_.id=?
12:23:09.405 [main] [o.h.p.e.AbstractEntityPersister] DEBUG org.hibernate.persister.entity.AbstractEntityPersister -  Insert 0: insert into Party (addressLine1, addressLine2, country, county, latitude, longitude, mobile, number, postcode, telephone, enabled, firstName, partyRole, partyStatus, secondName, uuid, id) values (?, ?, ?, ?, ?, ?, ?, ?, ?, ?, ?, ?, ?, ?, ?, ?, ?)
12:23:09.405 [main] [o.h.p.e.AbstractEntityPersister] DEBUG org.hibernate.persister.entity.AbstractEntityPersister -  Update 0: update Party set addressLine1=?, addressLine2=?, country=?, county=?, latitude=?, longitude=?, mobile=?, number=?, postcode=?, telephone=?, enabled=?, firstName=?, partyRole=?, partyStatus=?, secondName=?, uuid=? where id=?
12:23:09.405 [main] [o.h.p.e.AbstractEntityPersister] DEBUG org.hibernate.persister.entity.AbstractEntityPersister -  Delete 0: delete from Party where id=?
12:23:09.405 [main] [o.h.p.e.AbstractEntityPersister] DEBUG org.hibernate.persister.entity.AbstractEntityPersister -  Identity insert: insert into Party (id, addressLine1, addressLine2, country, county, latitude, longitude, mobile, number, postcode, telephone, enabled, firstName, partyRole, partyStatus, secondName, uuid) values (default, ?, ?, ?, ?, ?, ?, ?, ?, ?, ?, ?, ?, ?, ?, ?, ?)
12:23:09.405 [main] [o.h.l.p.b.i.s.QuerySpacesImpl] DEBUG org.hibernate.loader.plan.build.internal.spaces.QuerySpacesImpl - Adding QuerySpace : uid = &lt;gen:0&gt; -&gt; org.hibernate.loader.plan.build.internal.spaces.EntityQuerySpaceImpl@22bdb1d0]
12:23:09.405 [main] [o.h.p.w.s.MetamodelGraphWalker] DEBUG org.hibernate.persister.walking.spi.MetamodelGraphWalker - Visiting attribute path : address
12:23:09.405 [main] [o.h.l.p.b.i.s.QuerySpacesImpl] DEBUG org.hibernate.loader.plan.build.internal.spaces.QuerySpacesImpl - Adding QuerySpace : uid = &lt;gen:1&gt; -&gt; org.hibernate.loader.plan.build.internal.spaces.CompositeQuerySpaceImpl@388623ad]
12:23:09.405 [main] [o.h.p.w.s.MetamodelGraphWalker] DEBUG org.hibernate.persister.walking.spi.MetamodelGraphWalker - Visiting attribute path : address.addressLine1
12:23:09.405 [main] [o.h.p.w.s.MetamodelGraphWalker] DEBUG org.hibernate.persister.walking.spi.MetamodelGraphWalker - Visiting attribute path : address.addressLine2
12:23:09.405 [main] [o.h.p.w.s.MetamodelGraphWalker] DEBUG org.hibernate.persister.walking.spi.MetamodelGraphWalker - Visiting attribute path : address.country
12:23:09.405 [main] [o.h.p.w.s.MetamodelGraphWalker] DEBUG org.hibernate.persister.walking.spi.MetamodelGraphWalker - Visiting attribute path : address.county
12:23:09.405 [main] [o.h.p.w.s.MetamodelGraphWalker] DEBUG org.hibernate.persister.walking.spi.MetamodelGraphWalker - Visiting attribute path : address.latitude
12:23:09.405 [main] [o.h.p.w.s.MetamodelGraphWalker] DEBUG org.hibernate.persister.walking.spi.MetamodelGraphWalker - Visiting attribute path : address.longitude
12:23:09.405 [main] [o.h.p.w.s.MetamodelGraphWalker] DEBUG org.hibernate.persister.walking.spi.MetamodelGraphWalker - Visiting attribute path : address.mobile
12:23:09.405 [main] [o.h.p.w.s.MetamodelGraphWalker] DEBUG org.hibernate.persister.walking.spi.MetamodelGraphWalker - Visiting attribute path : address.number
12:23:09.405 [main] [o.h.p.w.s.MetamodelGraphWalker] DEBUG org.hibernate.persister.walking.spi.MetamodelGraphWalker - Visiting attribute path : address.postcode
12:23:09.405 [main] [o.h.p.w.s.MetamodelGraphWalker] DEBUG org.hibernate.persister.walking.spi.MetamodelGraphWalker - Visiting attribute path : address.telephone
12:23:09.405 [main] [o.h.p.w.s.MetamodelGraphWalker] DEBUG org.hibernate.persister.walking.spi.MetamodelGraphWalker - Visiting attribute path : enabled
12:23:09.405 [main] [o.h.p.w.s.MetamodelGraphWalker] DEBUG org.hibernate.persister.walking.spi.MetamodelGraphWalker - Visiting attribute path : firstName
12:23:09.405 [main] [o.h.p.w.s.MetamodelGraphWalker] DEBUG org.hibernate.persister.walking.spi.MetamodelGraphWalker - Visiting attribute path : partyRole
12:23:09.405 [main] [o.h.p.w.s.MetamodelGraphWalker] DEBUG org.hibernate.persister.walking.spi.MetamodelGraphWalker - Visiting attribute path : partyStatus
12:23:09.405 [main] [o.h.p.w.s.MetamodelGraphWalker] DEBUG org.hibernate.persister.walking.spi.MetamodelGraphWalker - Visiting attribute path : secondName
12:23:09.405 [main] [o.h.p.w.s.MetamodelGraphWalker] DEBUG org.hibernate.persister.walking.spi.MetamodelGraphWalker - Visiting attribute path : users
12:23:09.405 [main] [o.h.l.p.b.i.s.QuerySpacesImpl] DEBUG org.hibernate.loader.plan.build.internal.spaces.QuerySpacesImpl - Adding QuerySpace : uid = &lt;gen:2&gt; -&gt; org.hibernate.loader.plan.build.internal.spaces.CollectionQuerySpaceImpl@46e3559f]
12:23:09.405 [main] [o.h.l.p.b.i.s.QuerySpacesImpl] DEBUG org.hibernate.loader.plan.build.internal.spaces.QuerySpacesImpl - Adding QuerySpace : uid = &lt;gen:3&gt; -&gt; org.hibernate.loader.plan.build.internal.spaces.EntityQuerySpaceImpl@3b83459e]
12:23:09.405 [main] [o.h.p.w.s.MetamodelGraphWalker] DEBUG org.hibernate.persister.walking.spi.MetamodelGraphWalker - Visiting attribute path : users.address
12:23:09.405 [main] [o.h.l.p.b.i.s.QuerySpacesImpl] DEBUG org.hibernate.loader.plan.build.internal.spaces.QuerySpacesImpl - Adding QuerySpace : uid = &lt;gen:4&gt; -&gt; org.hibernate.loader.plan.build.internal.spaces.CompositeQuerySpaceImpl@1ddc6db2]
12:23:09.405 [main] [o.h.p.w.s.MetamodelGraphWalker] DEBUG org.hibernate.persister.walking.spi.MetamodelGraphWalker - Visiting attribute path : users.address.addressLine1
12:23:09.405 [main] [o.h.p.w.s.MetamodelGraphWalker] DEBUG org.hibernate.persister.walking.spi.MetamodelGraphWalker - Visiting attribute path : users.address.addressLine2
12:23:09.405 [main] [o.h.p.w.s.MetamodelGraphWalker] DEBUG org.hibernate.persister.walking.spi.MetamodelGraphWalker - Visiting attribute path : users.address.country
12:23:09.405 [main] [o.h.p.w.s.MetamodelGraphWalker] DEBUG org.hibernate.persister.walking.spi.MetamodelGraphWalker - Visiting attribute path : users.address.county
12:23:09.405 [main] [o.h.p.w.s.MetamodelGraphWalker] DEBUG org.hibernate.persister.walking.spi.MetamodelGraphWalker - Visiting attribute path : users.address.latitude
12:23:09.405 [main] [o.h.p.w.s.MetamodelGraphWalker] DEBUG org.hibernate.persister.walking.spi.MetamodelGraphWalker - Visiting attribute path : users.address.longitude
12:23:09.405 [main] [o.h.p.w.s.MetamodelGraphWalker] DEBUG org.hibernate.persister.walking.spi.MetamodelGraphWalker - Visiting attribute path : users.address.mobile
12:23:09.405 [main] [o.h.p.w.s.MetamodelGraphWalker] DEBUG org.hibernate.persister.walking.spi.MetamodelGraphWalker - Visiting attribute path : users.address.number
12:23:09.405 [main] [o.h.p.w.s.MetamodelGraphWalker] DEBUG org.hibernate.persister.walking.spi.MetamodelGraphWalker - Visiting attribute path : users.address.postcode
12:23:09.405 [main] [o.h.p.w.s.MetamodelGraphWalker] DEBUG org.hibernate.persister.walking.spi.MetamodelGraphWalker - Visiting attribute path : users.address.telephone
12:23:09.405 [main] [o.h.p.w.s.MetamodelGraphWalker] DEBUG org.hibernate.persister.walking.spi.MetamodelGraphWalker - Visiting attribute path : users.enabled
12:23:09.405 [main] [o.h.p.w.s.MetamodelGraphWalker] DEBUG org.hibernate.persister.walking.spi.MetamodelGraphWalker - Visiting attribute path : users.firstName
12:23:09.405 [main] [o.h.p.w.s.MetamodelGraphWalker] DEBUG org.hibernate.persister.walking.spi.MetamodelGraphWalker - Visiting attribute path : users.parties
12:23:09.405 [main] [o.h.p.w.s.MetamodelGraphWalker] DEBUG org.hibernate.persister.walking.spi.MetamodelGraphWalker - Property path deemed to be circular : users.parties
12:23:09.405 [main] [o.h.p.w.s.MetamodelGraphWalker] DEBUG org.hibernate.persister.walking.spi.MetamodelGraphWalker - Visiting attribute path : users.password
12:23:09.405 [main] [o.h.p.w.s.MetamodelGraphWalker] DEBUG org.hibernate.persister.walking.spi.MetamodelGraphWalker - Visiting attribute path : users.roles
12:23:09.405 [main] [o.h.l.p.b.i.s.QuerySpacesImpl] DEBUG org.hibernate.loader.plan.build.internal.spaces.QuerySpacesImpl - Adding QuerySpace : uid = &lt;gen:5&gt; -&gt; org.hibernate.loader.plan.build.internal.spaces.CollectionQuerySpaceImpl@2eda072]
12:23:09.405 [main] [o.h.l.p.b.i.s.QuerySpacesImpl] DEBUG org.hibernate.loader.plan.build.internal.spaces.QuerySpacesImpl - Adding QuerySpace : uid = &lt;gen:6&gt; -&gt; org.hibernate.loader.plan.build.internal.spaces.EntityQuerySpaceImpl@3fa21d49]
12:23:09.405 [main] [o.h.p.w.s.MetamodelGraphWalker] DEBUG org.hibernate.persister.walking.spi.MetamodelGraphWalker - Visiting attribute path : users.roles.name
12:23:09.405 [main] [o.h.p.w.s.MetamodelGraphWalker] DEBUG org.hibernate.persister.walking.spi.MetamodelGraphWalker - Visiting attribute path : users.roles.users
12:23:09.405 [main] [o.h.p.w.s.MetamodelGraphWalker] DEBUG org.hibernate.persister.walking.spi.MetamodelGraphWalker - Property path deemed to be circular : users.roles.users
12:23:09.405 [main] [o.h.p.w.s.MetamodelGraphWalker] DEBUG org.hibernate.persister.walking.spi.MetamodelGraphWalker - Visiting attribute path : users.secondName
12:23:09.405 [main] [o.h.p.w.s.MetamodelGraphWalker] DEBUG org.hibernate.persister.walking.spi.MetamodelGraphWalker - Visiting attribute path : users.username
12:23:09.405 [main] [o.h.p.w.s.MetamodelGraphWalker] DEBUG org.hibernate.persister.walking.spi.MetamodelGraphWalker - Visiting attribute path : uuid
12:23:09.405 [main] [o.h.l.p.b.i.FetchStyleLoadPlanBuildingAssociationVisitationStrategy] DEBUG org.hibernate.loader.plan.build.internal.FetchStyleLoadPlanBuildingAssociationVisitationStrategy - Building LoadPlan...
12:23:09.405 [main] [o.h.l.p.e.i.LoadQueryJoinAndFetchProcessor] DEBUG org.hibernate.loader.plan.exec.internal.LoadQueryJoinAndFetchProcessor - processing queryspace &lt;gen:0&gt;
12:23:09.405 [main] [o.h.l.p.b.s.LoadPlanTreePrinter] DEBUG org.hibernate.loader.plan.build.spi.LoadPlanTreePrinter - LoadPlan(entity=org.solent.com504.project.model.party.dto.Party)
    - Returns
       - EntityReturnImpl(entity=org.solent.com504.project.model.party.dto.Party, querySpaceUid=&lt;gen:0&gt;, path=org.solent.com504.project.model.party.dto.Party)
          - CompositeAttributeFetchImpl(composite=org.solent.com504.project.model.party.dto.Address, querySpaceUid=&lt;gen:1&gt;, path=org.solent.com504.project.model.party.dto.Party.address)
          - CollectionAttributeFetchImpl(collection=org.solent.com504.project.model.party.dto.Party.users, querySpaceUid=&lt;gen:2&gt;, path=org.solent.com504.project.model.party.dto.Party.users)
             - (collection element) CollectionFetchableElementEntityGraph(entity=org.solent.com504.project.model.user.dto.User, querySpaceUid=&lt;gen:3&gt;, path=org.solent.com504.project.model.party.dto.Party.users.&lt;elements&gt;)
                - CompositeAttributeFetchImpl(composite=org.solent.com504.project.model.party.dto.Address, querySpaceUid=&lt;gen:4&gt;, path=org.solent.com504.project.model.party.dto.Party.users.&lt;elements&gt;.address)
                - CollectionAttributeFetchImpl(collection=org.solent.com504.project.model.user.dto.User.roles, querySpaceUid=&lt;gen:5&gt;, path=org.solent.com504.project.model.party.dto.Party.users.&lt;elements&gt;.roles)
                   - (collection element) CollectionFetchableElementEntityGraph(entity=org.solent.com504.project.model.user.dto.Role, querySpaceUid=&lt;gen:6&gt;, path=org.solent.com504.project.model.party.dto.Party.users.&lt;elements&gt;.roles.&lt;elements&gt;)
    - QuerySpaces
       - EntityQuerySpaceImpl(uid=&lt;gen:0&gt;, entity=org.solent.com504.project.model.party.dto.Party)
          - SQL table alias mapping - party0_
          - alias suffix - 0_
          - suffixed key columns - {id1_5_0_}
          - JOIN (JoinDefinedByMetadata(address)) : &lt;gen:0&gt; -&gt; &lt;gen:1&gt;
             - CompositeQuerySpaceImpl(uid=&lt;gen:1&gt;)
                - SQL table alias mapping - party0_
          - JOIN (JoinDefinedByMetadata(users)) : &lt;gen:0&gt; -&gt; &lt;gen:2&gt;
             - CollectionQuerySpaceImpl(uid=&lt;gen:2&gt;, collection=org.solent.com504.project.model.party.dto.Party.users)
                - SQL table alias mapping - users1_
                - alias suffix - 1_
                - suffixed key columns - {user_id1_8_1_}
                - entity-element alias suffix - 2_
                - 2_entity-element suffixed key columns - id1_7_2_
                - JOIN (JoinDefinedByMetadata(elements)) : &lt;gen:2&gt; -&gt; &lt;gen:3&gt;
                   - EntityQuerySpaceImpl(uid=&lt;gen:3&gt;, entity=org.solent.com504.project.model.user.dto.User)
                      - SQL table alias mapping - user2_
                      - alias suffix - 2_
                      - suffixed key columns - {id1_7_2_}
                      - JOIN (JoinDefinedByMetadata(address)) : &lt;gen:3&gt; -&gt; &lt;gen:4&gt;
                         - CompositeQuerySpaceImpl(uid=&lt;gen:4&gt;)
                            - SQL table alias mapping - user2_
                      - JOIN (JoinDefinedByMetadata(roles)) : &lt;gen:3&gt; -&gt; &lt;gen:5&gt;
                         - CollectionQuerySpaceImpl(uid=&lt;gen:5&gt;, collection=org.solent.com504.project.model.user.dto.User.roles)
                            - SQL table alias mapping - roles3_
                            - alias suffix - 3_
                            - suffixed key columns - {user_id1_9_3_}
                            - entity-element alias suffix - 4_
                            - 4_entity-element suffixed key columns - id1_6_4_
                            - JOIN (JoinDefinedByMetadata(elements)) : &lt;gen:5&gt; -&gt; &lt;gen:6&gt;
                               - EntityQuerySpaceImpl(uid=&lt;gen:6&gt;, entity=org.solent.com504.project.model.user.dto.Role)
                                  - SQL table alias mapping - role4_
                                  - alias suffix - 4_
                                  - suffixed key columns - {id1_6_4_}

12:23:09.405 [main] [o.h.l.e.p.EntityLoader] DEBUG org.hibernate.loader.entity.plan.EntityLoader - Static select for entity org.solent.com504.project.model.party.dto.Party [NONE]: select party0_.id as id1_5_0_, party0_.addressLine1 as addressL2_5_0_, party0_.addressLine2 as addressL3_5_0_, party0_.country as country4_5_0_, party0_.county as county5_5_0_, party0_.latitude as latitude6_5_0_, party0_.longitude as longitud7_5_0_, party0_.mobile as mobile8_5_0_, party0_.number as number9_5_0_, party0_.postcode as postcod10_5_0_, party0_.telephone as telepho11_5_0_, party0_.enabled as enabled12_5_0_, party0_.firstName as firstNa13_5_0_, party0_.partyRole as partyRo14_5_0_, party0_.partyStatus as partySt15_5_0_, party0_.secondName as secondN16_5_0_, party0_.uuid as uuid17_5_0_, users1_.user_id as user_id1_8_1_, user2_.id as party_id2_8_1_, user2_.id as id1_7_2_, user2_.addressLine1 as addressL2_7_2_, user2_.addressLine2 as addressL3_7_2_, user2_.country as country4_7_2_, user2_.county as county5_7_2_, user2_.latitude as latitude6_7_2_, user2_.longitude as longitud7_7_2_, user2_.mobile as mobile8_7_2_, user2_.number as number9_7_2_, user2_.postcode as postcod10_7_2_, user2_.telephone as telepho11_7_2_, user2_.enabled as enabled12_7_2_, user2_.firstName as firstNa13_7_2_, user2_.password as passwor14_7_2_, user2_.secondName as secondN15_7_2_, user2_.username as usernam16_7_2_, roles3_.user_id as user_id1_9_3_, role4_.id as role_id2_9_3_, role4_.id as id1_6_4_, role4_.name as name2_6_4_ from Party party0_ left outer join user_party users1_ on party0_.id=users1_.user_id left outer join user user2_ on users1_.party_id=user2_.id left outer join user_role roles3_ on user2_.id=roles3_.user_id left outer join role role4_ on roles3_.role_id=role4_.id where party0_.id=?
12:23:09.405 [main] [o.h.l.p.b.i.s.QuerySpacesImpl] DEBUG org.hibernate.loader.plan.build.internal.spaces.QuerySpacesImpl - Adding QuerySpace : uid = &lt;gen:0&gt; -&gt; org.hibernate.loader.plan.build.internal.spaces.EntityQuerySpaceImpl@1b01a0d]
12:23:09.405 [main] [o.h.p.w.s.MetamodelGraphWalker] DEBUG org.hibernate.persister.walking.spi.MetamodelGraphWalker - Visiting attribute path : address
12:23:09.405 [main] [o.h.l.p.b.i.s.QuerySpacesImpl] DEBUG org.hibernate.loader.plan.build.internal.spaces.QuerySpacesImpl - Adding QuerySpace : uid = &lt;gen:1&gt; -&gt; org.hibernate.loader.plan.build.internal.spaces.CompositeQuerySpaceImpl@5261ec9]
12:23:09.405 [main] [o.h.p.w.s.MetamodelGraphWalker] DEBUG org.hibernate.persister.walking.spi.MetamodelGraphWalker - Visiting attribute path : address.addressLine1
12:23:09.405 [main] [o.h.p.w.s.MetamodelGraphWalker] DEBUG org.hibernate.persister.walking.spi.MetamodelGraphWalker - Visiting attribute path : address.addressLine2
12:23:09.405 [main] [o.h.p.w.s.MetamodelGraphWalker] DEBUG org.hibernate.persister.walking.spi.MetamodelGraphWalker - Visiting attribute path : address.country
12:23:09.405 [main] [o.h.p.w.s.MetamodelGraphWalker] DEBUG org.hibernate.persister.walking.spi.MetamodelGraphWalker - Visiting attribute path : address.county
12:23:09.405 [main] [o.h.p.w.s.MetamodelGraphWalker] DEBUG org.hibernate.persister.walking.spi.MetamodelGraphWalker - Visiting attribute path : address.latitude
12:23:09.405 [main] [o.h.p.w.s.MetamodelGraphWalker] DEBUG org.hibernate.persister.walking.spi.MetamodelGraphWalker - Visiting attribute path : address.longitude
12:23:09.405 [main] [o.h.p.w.s.MetamodelGraphWalker] DEBUG org.hibernate.persister.walking.spi.MetamodelGraphWalker - Visiting attribute path : address.mobile
12:23:09.405 [main] [o.h.p.w.s.MetamodelGraphWalker] DEBUG org.hibernate.persister.walking.spi.MetamodelGraphWalker - Visiting attribute path : address.number
12:23:09.405 [main] [o.h.p.w.s.MetamodelGraphWalker] DEBUG org.hibernate.persister.walking.spi.MetamodelGraphWalker - Visiting attribute path : address.postcode
12:23:09.405 [main] [o.h.p.w.s.MetamodelGraphWalker] DEBUG org.hibernate.persister.walking.spi.MetamodelGraphWalker - Visiting attribute path : address.telephone
12:23:09.405 [main] [o.h.p.w.s.MetamodelGraphWalker] DEBUG org.hibernate.persister.walking.spi.MetamodelGraphWalker - Visiting attribute path : enabled
12:23:09.405 [main] [o.h.p.w.s.MetamodelGraphWalker] DEBUG org.hibernate.persister.walking.spi.MetamodelGraphWalker - Visiting attribute path : firstName
12:23:09.405 [main] [o.h.p.w.s.MetamodelGraphWalker] DEBUG org.hibernate.persister.walking.spi.MetamodelGraphWalker - Visiting attribute path : partyRole
12:23:09.405 [main] [o.h.p.w.s.MetamodelGraphWalker] DEBUG org.hibernate.persister.walking.spi.MetamodelGraphWalker - Visiting attribute path : partyStatus
12:23:09.405 [main] [o.h.p.w.s.MetamodelGraphWalker] DEBUG org.hibernate.persister.walking.spi.MetamodelGraphWalker - Visiting attribute path : secondName
12:23:09.405 [main] [o.h.p.w.s.MetamodelGraphWalker] DEBUG org.hibernate.persister.walking.spi.MetamodelGraphWalker - Visiting attribute path : users
12:23:09.405 [main] [o.h.l.p.b.i.s.QuerySpacesImpl] DEBUG org.hibernate.loader.plan.build.internal.spaces.QuerySpacesImpl - Adding QuerySpace : uid = &lt;gen:2&gt; -&gt; org.hibernate.loader.plan.build.internal.spaces.CollectionQuerySpaceImpl@64da6cbd]
12:23:09.405 [main] [o.h.l.p.b.i.s.QuerySpacesImpl] DEBUG org.hibernate.loader.plan.build.internal.spaces.QuerySpacesImpl - Adding QuerySpace : uid = &lt;gen:3&gt; -&gt; org.hibernate.loader.plan.build.internal.spaces.EntityQuerySpaceImpl@72a2312e]
12:23:09.405 [main] [o.h.p.w.s.MetamodelGraphWalker] DEBUG org.hibernate.persister.walking.spi.MetamodelGraphWalker - Visiting attribute path : users.address
12:23:09.405 [main] [o.h.l.p.b.i.s.QuerySpacesImpl] DEBUG org.hibernate.loader.plan.build.internal.spaces.QuerySpacesImpl - Adding QuerySpace : uid = &lt;gen:4&gt; -&gt; org.hibernate.loader.plan.build.internal.spaces.CompositeQuerySpaceImpl@4ed9f7b1]
12:23:09.405 [main] [o.h.p.w.s.MetamodelGraphWalker] DEBUG org.hibernate.persister.walking.spi.MetamodelGraphWalker - Visiting attribute path : users.address.addressLine1
12:23:09.405 [main] [o.h.p.w.s.MetamodelGraphWalker] DEBUG org.hibernate.persister.walking.spi.MetamodelGraphWalker - Visiting attribute path : users.address.addressLine2
12:23:09.405 [main] [o.h.p.w.s.MetamodelGraphWalker] DEBUG org.hibernate.persister.walking.spi.MetamodelGraphWalker - Visiting attribute path : users.address.country
12:23:09.405 [main] [o.h.p.w.s.MetamodelGraphWalker] DEBUG org.hibernate.persister.walking.spi.MetamodelGraphWalker - Visiting attribute path : users.address.county
12:23:09.405 [main] [o.h.p.w.s.MetamodelGraphWalker] DEBUG org.hibernate.persister.walking.spi.MetamodelGraphWalker - Visiting attribute path : users.address.latitude
12:23:09.405 [main] [o.h.p.w.s.MetamodelGraphWalker] DEBUG org.hibernate.persister.walking.spi.MetamodelGraphWalker - Visiting attribute path : users.address.longitude
12:23:09.405 [main] [o.h.p.w.s.MetamodelGraphWalker] DEBUG org.hibernate.persister.walking.spi.MetamodelGraphWalker - Visiting attribute path : users.address.mobile
12:23:09.405 [main] [o.h.p.w.s.MetamodelGraphWalker] DEBUG org.hibernate.persister.walking.spi.MetamodelGraphWalker - Visiting attribute path : users.address.number
12:23:09.405 [main] [o.h.p.w.s.MetamodelGraphWalker] DEBUG org.hibernate.persister.walking.spi.MetamodelGraphWalker - Visiting attribute path : users.address.postcode
12:23:09.405 [main] [o.h.p.w.s.MetamodelGraphWalker] DEBUG org.hibernate.persister.walking.spi.MetamodelGraphWalker - Visiting attribute path : users.address.telephone
12:23:09.405 [main] [o.h.p.w.s.MetamodelGraphWalker] DEBUG org.hibernate.persister.walking.spi.MetamodelGraphWalker - Visiting attribute path : users.enabled
12:23:09.405 [main] [o.h.p.w.s.MetamodelGraphWalker] DEBUG org.hibernate.persister.walking.spi.MetamodelGraphWalker - Visiting attribute path : users.firstName
12:23:09.405 [main] [o.h.p.w.s.MetamodelGraphWalker] DEBUG org.hibernate.persister.walking.spi.MetamodelGraphWalker - Visiting attribute path : users.parties
12:23:09.405 [main] [o.h.p.w.s.MetamodelGraphWalker] DEBUG org.hibernate.persister.walking.spi.MetamodelGraphWalker - Property path deemed to be circular : users.parties
12:23:09.405 [main] [o.h.p.w.s.MetamodelGraphWalker] DEBUG org.hibernate.persister.walking.spi.MetamodelGraphWalker - Visiting attribute path : users.password
12:23:09.405 [main] [o.h.p.w.s.MetamodelGraphWalker] DEBUG org.hibernate.persister.walking.spi.MetamodelGraphWalker - Visiting attribute path : users.roles
12:23:09.405 [main] [o.h.l.p.b.i.s.QuerySpacesImpl] DEBUG org.hibernate.loader.plan.build.internal.spaces.QuerySpacesImpl - Adding QuerySpace : uid = &lt;gen:5&gt; -&gt; org.hibernate.loader.plan.build.internal.spaces.CollectionQuerySpaceImpl@57e388c3]
12:23:09.405 [main] [o.h.l.p.b.i.s.QuerySpacesImpl] DEBUG org.hibernate.loader.plan.build.internal.spaces.QuerySpacesImpl - Adding QuerySpace : uid = &lt;gen:6&gt; -&gt; org.hibernate.loader.plan.build.internal.spaces.EntityQuerySpaceImpl@20580d4e]
12:23:09.405 [main] [o.h.p.w.s.MetamodelGraphWalker] DEBUG org.hibernate.persister.walking.spi.MetamodelGraphWalker - Visiting attribute path : users.roles.name
12:23:09.405 [main] [o.h.p.w.s.MetamodelGraphWalker] DEBUG org.hibernate.persister.walking.spi.MetamodelGraphWalker - Visiting attribute path : users.roles.users
12:23:09.405 [main] [o.h.p.w.s.MetamodelGraphWalker] DEBUG org.hibernate.persister.walking.spi.MetamodelGraphWalker - Property path deemed to be circular : users.roles.users
12:23:09.420 [main] [o.h.p.w.s.MetamodelGraphWalker] DEBUG org.hibernate.persister.walking.spi.MetamodelGraphWalker - Visiting attribute path : users.secondName
12:23:09.420 [main] [o.h.p.w.s.MetamodelGraphWalker] DEBUG org.hibernate.persister.walking.spi.MetamodelGraphWalker - Visiting attribute path : users.username
12:23:09.420 [main] [o.h.p.w.s.MetamodelGraphWalker] DEBUG org.hibernate.persister.walking.spi.MetamodelGraphWalker - Visiting attribute path : uuid
12:23:09.420 [main] [o.h.l.p.b.i.FetchStyleLoadPlanBuildingAssociationVisitationStrategy] DEBUG org.hibernate.loader.plan.build.internal.FetchStyleLoadPlanBuildingAssociationVisitationStrategy - Building LoadPlan...
12:23:09.420 [main] [o.h.l.p.e.i.LoadQueryJoinAndFetchProcessor] DEBUG org.hibernate.loader.plan.exec.internal.LoadQueryJoinAndFetchProcessor - processing queryspace &lt;gen:0&gt;
12:23:09.420 [main] [o.h.l.p.b.s.LoadPlanTreePrinter] DEBUG org.hibernate.loader.plan.build.spi.LoadPlanTreePrinter - LoadPlan(entity=org.solent.com504.project.model.party.dto.Party)
    - Returns
       - EntityReturnImpl(entity=org.solent.com504.project.model.party.dto.Party, querySpaceUid=&lt;gen:0&gt;, path=org.solent.com504.project.model.party.dto.Party)
          - CompositeAttributeFetchImpl(composite=org.solent.com504.project.model.party.dto.Address, querySpaceUid=&lt;gen:1&gt;, path=org.solent.com504.project.model.party.dto.Party.address)
          - CollectionAttributeFetchImpl(collection=org.solent.com504.project.model.party.dto.Party.users, querySpaceUid=&lt;gen:2&gt;, path=org.solent.com504.project.model.party.dto.Party.users)
             - (collection element) CollectionFetchableElementEntityGraph(entity=org.solent.com504.project.model.user.dto.User, querySpaceUid=&lt;gen:3&gt;, path=org.solent.com504.project.model.party.dto.Party.users.&lt;elements&gt;)
                - CompositeAttributeFetchImpl(composite=org.solent.com504.project.model.party.dto.Address, querySpaceUid=&lt;gen:4&gt;, path=org.solent.com504.project.model.party.dto.Party.users.&lt;elements&gt;.address)
                - CollectionAttributeFetchImpl(collection=org.solent.com504.project.model.user.dto.User.roles, querySpaceUid=&lt;gen:5&gt;, path=org.solent.com504.project.model.party.dto.Party.users.&lt;elements&gt;.roles)
                   - (collection element) CollectionFetchableElementEntityGraph(entity=org.solent.com504.project.model.user.dto.Role, querySpaceUid=&lt;gen:6&gt;, path=org.solent.com504.project.model.party.dto.Party.users.&lt;elements&gt;.roles.&lt;elements&gt;)
    - QuerySpaces
       - EntityQuerySpaceImpl(uid=&lt;gen:0&gt;, entity=org.solent.com504.project.model.party.dto.Party)
          - SQL table alias mapping - party0_
          - alias suffix - 0_
          - suffixed key columns - {id1_5_0_}
          - JOIN (JoinDefinedByMetadata(address)) : &lt;gen:0&gt; -&gt; &lt;gen:1&gt;
             - CompositeQuerySpaceImpl(uid=&lt;gen:1&gt;)
                - SQL table alias mapping - party0_
          - JOIN (JoinDefinedByMetadata(users)) : &lt;gen:0&gt; -&gt; &lt;gen:2&gt;
             - CollectionQuerySpaceImpl(uid=&lt;gen:2&gt;, collection=org.solent.com504.project.model.party.dto.Party.users)
                - SQL table alias mapping - users1_
                - alias suffix - 1_
                - suffixed key columns - {user_id1_8_1_}
                - entity-element alias suffix - 2_
                - 2_entity-element suffixed key columns - id1_7_2_
                - JOIN (JoinDefinedByMetadata(elements)) : &lt;gen:2&gt; -&gt; &lt;gen:3&gt;
                   - EntityQuerySpaceImpl(uid=&lt;gen:3&gt;, entity=org.solent.com504.project.model.user.dto.User)
                      - SQL table alias mapping - user2_
                      - alias suffix - 2_
                      - suffixed key columns - {id1_7_2_}
                      - JOIN (JoinDefinedByMetadata(address)) : &lt;gen:3&gt; -&gt; &lt;gen:4&gt;
                         - CompositeQuerySpaceImpl(uid=&lt;gen:4&gt;)
                            - SQL table alias mapping - user2_
                      - JOIN (JoinDefinedByMetadata(roles)) : &lt;gen:3&gt; -&gt; &lt;gen:5&gt;
                         - CollectionQuerySpaceImpl(uid=&lt;gen:5&gt;, collection=org.solent.com504.project.model.user.dto.User.roles)
                            - SQL table alias mapping - roles3_
                            - alias suffix - 3_
                            - suffixed key columns - {user_id1_9_3_}
                            - entity-element alias suffix - 4_
                            - 4_entity-element suffixed key columns - id1_6_4_
                            - JOIN (JoinDefinedByMetadata(elements)) : &lt;gen:5&gt; -&gt; &lt;gen:6&gt;
                               - EntityQuerySpaceImpl(uid=&lt;gen:6&gt;, entity=org.solent.com504.project.model.user.dto.Role)
                                  - SQL table alias mapping - role4_
                                  - alias suffix - 4_
                                  - suffixed key columns - {id1_6_4_}

12:23:09.420 [main] [o.h.l.e.p.EntityLoader] DEBUG org.hibernate.loader.entity.plan.EntityLoader - Static select for entity org.solent.com504.project.model.party.dto.Party [READ]: select party0_.id as id1_5_0_, party0_.addressLine1 as addressL2_5_0_, party0_.addressLine2 as addressL3_5_0_, party0_.country as country4_5_0_, party0_.county as county5_5_0_, party0_.latitude as latitude6_5_0_, party0_.longitude as longitud7_5_0_, party0_.mobile as mobile8_5_0_, party0_.number as number9_5_0_, party0_.postcode as postcod10_5_0_, party0_.telephone as telepho11_5_0_, party0_.enabled as enabled12_5_0_, party0_.firstName as firstNa13_5_0_, party0_.partyRole as partyRo14_5_0_, party0_.partyStatus as partySt15_5_0_, party0_.secondName as secondN16_5_0_, party0_.uuid as uuid17_5_0_, users1_.user_id as user_id1_8_1_, user2_.id as party_id2_8_1_, user2_.id as id1_7_2_, user2_.addressLine1 as addressL2_7_2_, user2_.addressLine2 as addressL3_7_2_, user2_.country as country4_7_2_, user2_.county as county5_7_2_, user2_.latitude as latitude6_7_2_, user2_.longitude as longitud7_7_2_, user2_.mobile as mobile8_7_2_, user2_.number as number9_7_2_, user2_.postcode as postcod10_7_2_, user2_.telephone as telepho11_7_2_, user2_.enabled as enabled12_7_2_, user2_.firstName as firstNa13_7_2_, user2_.password as passwor14_7_2_, user2_.secondName as secondN15_7_2_, user2_.username as usernam16_7_2_, roles3_.user_id as user_id1_9_3_, role4_.id as role_id2_9_3_, role4_.id as id1_6_4_, role4_.name as name2_6_4_ from Party party0_ left outer join user_party users1_ on party0_.id=users1_.user_id left outer join user user2_ on users1_.party_id=user2_.id left outer join user_role roles3_ on user2_.id=roles3_.user_id left outer join role role4_ on roles3_.role_id=role4_.id where party0_.id=?
12:23:09.420 [main] [o.h.l.p.b.i.s.QuerySpacesImpl] DEBUG org.hibernate.loader.plan.build.internal.spaces.QuerySpacesImpl - Adding QuerySpace : uid = &lt;gen:0&gt; -&gt; org.hibernate.loader.plan.build.internal.spaces.EntityQuerySpaceImpl@4b432e53]
12:23:09.420 [main] [o.h.p.w.s.MetamodelGraphWalker] DEBUG org.hibernate.persister.walking.spi.MetamodelGraphWalker - Visiting attribute path : address
12:23:09.420 [main] [o.h.l.p.b.i.s.QuerySpacesImpl] DEBUG org.hibernate.loader.plan.build.internal.spaces.QuerySpacesImpl - Adding QuerySpace : uid = &lt;gen:1&gt; -&gt; org.hibernate.loader.plan.build.internal.spaces.CompositeQuerySpaceImpl@62f11ebb]
12:23:09.420 [main] [o.h.p.w.s.MetamodelGraphWalker] DEBUG org.hibernate.persister.walking.spi.MetamodelGraphWalker - Visiting attribute path : address.addressLine1
12:23:09.420 [main] [o.h.p.w.s.MetamodelGraphWalker] DEBUG org.hibernate.persister.walking.spi.MetamodelGraphWalker - Visiting attribute path : address.addressLine2
12:23:09.420 [main] [o.h.p.w.s.MetamodelGraphWalker] DEBUG org.hibernate.persister.walking.spi.MetamodelGraphWalker - Visiting attribute path : address.country
12:23:09.420 [main] [o.h.p.w.s.MetamodelGraphWalker] DEBUG org.hibernate.persister.walking.spi.MetamodelGraphWalker - Visiting attribute path : address.county
12:23:09.420 [main] [o.h.p.w.s.MetamodelGraphWalker] DEBUG org.hibernate.persister.walking.spi.MetamodelGraphWalker - Visiting attribute path : address.latitude
12:23:09.420 [main] [o.h.p.w.s.MetamodelGraphWalker] DEBUG org.hibernate.persister.walking.spi.MetamodelGraphWalker - Visiting attribute path : address.longitude
12:23:09.420 [main] [o.h.p.w.s.MetamodelGraphWalker] DEBUG org.hibernate.persister.walking.spi.MetamodelGraphWalker - Visiting attribute path : address.mobile
12:23:09.420 [main] [o.h.p.w.s.MetamodelGraphWalker] DEBUG org.hibernate.persister.walking.spi.MetamodelGraphWalker - Visiting attribute path : address.number
12:23:09.420 [main] [o.h.p.w.s.MetamodelGraphWalker] DEBUG org.hibernate.persister.walking.spi.MetamodelGraphWalker - Visiting attribute path : address.postcode
12:23:09.420 [main] [o.h.p.w.s.MetamodelGraphWalker] DEBUG org.hibernate.persister.walking.spi.MetamodelGraphWalker - Visiting attribute path : address.telephone
12:23:09.420 [main] [o.h.p.w.s.MetamodelGraphWalker] DEBUG org.hibernate.persister.walking.spi.MetamodelGraphWalker - Visiting attribute path : enabled
12:23:09.420 [main] [o.h.p.w.s.MetamodelGraphWalker] DEBUG org.hibernate.persister.walking.spi.MetamodelGraphWalker - Visiting attribute path : firstName
12:23:09.420 [main] [o.h.p.w.s.MetamodelGraphWalker] DEBUG org.hibernate.persister.walking.spi.MetamodelGraphWalker - Visiting attribute path : partyRole
12:23:09.420 [main] [o.h.p.w.s.MetamodelGraphWalker] DEBUG org.hibernate.persister.walking.spi.MetamodelGraphWalker - Visiting attribute path : partyStatus
12:23:09.420 [main] [o.h.p.w.s.MetamodelGraphWalker] DEBUG org.hibernate.persister.walking.spi.MetamodelGraphWalker - Visiting attribute path : secondName
12:23:09.420 [main] [o.h.p.w.s.MetamodelGraphWalker] DEBUG org.hibernate.persister.walking.spi.MetamodelGraphWalker - Visiting attribute path : users
12:23:09.420 [main] [o.h.l.p.b.i.s.QuerySpacesImpl] DEBUG org.hibernate.loader.plan.build.internal.spaces.QuerySpacesImpl - Adding QuerySpace : uid = &lt;gen:2&gt; -&gt; org.hibernate.loader.plan.build.internal.spaces.CollectionQuerySpaceImpl@580fd26b]
12:23:09.420 [main] [o.h.l.p.b.i.s.QuerySpacesImpl] DEBUG org.hibernate.loader.plan.build.internal.spaces.QuerySpacesImpl - Adding QuerySpace : uid = &lt;gen:3&gt; -&gt; org.hibernate.loader.plan.build.internal.spaces.EntityQuerySpaceImpl@78fe204a]
12:23:09.420 [main] [o.h.p.w.s.MetamodelGraphWalker] DEBUG org.hibernate.persister.walking.spi.MetamodelGraphWalker - Visiting attribute path : uuid
12:23:09.420 [main] [o.h.l.p.b.i.FetchStyleLoadPlanBuildingAssociationVisitationStrategy] DEBUG org.hibernate.loader.plan.build.internal.FetchStyleLoadPlanBuildingAssociationVisitationStrategy - Building LoadPlan...
12:23:09.420 [main] [o.h.l.p.e.i.LoadQueryJoinAndFetchProcessor] DEBUG org.hibernate.loader.plan.exec.internal.LoadQueryJoinAndFetchProcessor - processing queryspace &lt;gen:0&gt;
12:23:09.420 [main] [o.h.l.p.b.s.LoadPlanTreePrinter] DEBUG org.hibernate.loader.plan.build.spi.LoadPlanTreePrinter - LoadPlan(entity=org.solent.com504.project.model.party.dto.Party)
    - Returns
       - EntityReturnImpl(entity=org.solent.com504.project.model.party.dto.Party, querySpaceUid=&lt;gen:0&gt;, path=org.solent.com504.project.model.party.dto.Party)
          - CompositeAttributeFetchImpl(composite=org.solent.com504.project.model.party.dto.Address, querySpaceUid=&lt;gen:1&gt;, path=org.solent.com504.project.model.party.dto.Party.address)
          - CollectionAttributeFetchImpl(collection=org.solent.com504.project.model.party.dto.Party.users, querySpaceUid=&lt;gen:2&gt;, path=org.solent.com504.project.model.party.dto.Party.users)
             - (collection element) CollectionFetchableElementEntityGraph(entity=org.solent.com504.project.model.user.dto.User, querySpaceUid=&lt;gen:3&gt;, path=org.solent.com504.project.model.party.dto.Party.users.&lt;elements&gt;)
    - QuerySpaces
       - EntityQuerySpaceImpl(uid=&lt;gen:0&gt;, entity=org.solent.com504.project.model.party.dto.Party)
          - SQL table alias mapping - party0_
          - alias suffix - 0_
          - suffixed key columns - {id1_5_0_}
          - JOIN (JoinDefinedByMetadata(address)) : &lt;gen:0&gt; -&gt; &lt;gen:1&gt;
             - CompositeQuerySpaceImpl(uid=&lt;gen:1&gt;)
                - SQL table alias mapping - party0_

12:23:09.420 [main] [o.h.l.e.p.EntityLoader] DEBUG org.hibernate.loader.entity.plan.EntityLoader - Static select for entity org.solent.com504.project.model.party.dto.Party [UPGRADE]: select party0_.id as id1_5_0_, party0_.addressLine1 as addressL2_5_0_, party0_.addressLine2 as addressL3_5_0_, party0_.country as country4_5_0_, party0_.county as county5_5_0_, party0_.latitude as latitude6_5_0_, party0_.longitude as longitud7_5_0_, party0_.mobile as mobile8_5_0_, party0_.number as number9_5_0_, party0_.postcode as postcod10_5_0_, party0_.telephone as telepho11_5_0_, party0_.enabled as enabled12_5_0_, party0_.firstName as firstNa13_5_0_, party0_.partyRole as partyRo14_5_0_, party0_.partyStatus as partySt15_5_0_, party0_.secondName as secondN16_5_0_, party0_.uuid as uuid17_5_0_ from Party party0_ where party0_.id=? for update
12:23:09.420 [main] [o.h.l.p.b.i.s.QuerySpacesImpl] DEBUG org.hibernate.loader.plan.build.internal.spaces.QuerySpacesImpl - Adding QuerySpace : uid = &lt;gen:0&gt; -&gt; org.hibernate.loader.plan.build.internal.spaces.EntityQuerySpaceImpl@1290ed28]
12:23:09.420 [main] [o.h.p.w.s.MetamodelGraphWalker] DEBUG org.hibernate.persister.walking.spi.MetamodelGraphWalker - Visiting attribute path : address
12:23:09.420 [main] [o.h.l.p.b.i.s.QuerySpacesImpl] DEBUG org.hibernate.loader.plan.build.internal.spaces.QuerySpacesImpl - Adding QuerySpace : uid = &lt;gen:1&gt; -&gt; org.hibernate.loader.plan.build.internal.spaces.CompositeQuerySpaceImpl@5c887052]
12:23:09.420 [main] [o.h.p.w.s.MetamodelGraphWalker] DEBUG org.hibernate.persister.walking.spi.MetamodelGraphWalker - Visiting attribute path : address.addressLine1
12:23:09.420 [main] [o.h.p.w.s.MetamodelGraphWalker] DEBUG org.hibernate.persister.walking.spi.MetamodelGraphWalker - Visiting attribute path : address.addressLine2
12:23:09.420 [main] [o.h.p.w.s.MetamodelGraphWalker] DEBUG org.hibernate.persister.walking.spi.MetamodelGraphWalker - Visiting attribute path : address.country
12:23:09.420 [main] [o.h.p.w.s.MetamodelGraphWalker] DEBUG org.hibernate.persister.walking.spi.MetamodelGraphWalker - Visiting attribute path : address.county
12:23:09.420 [main] [o.h.p.w.s.MetamodelGraphWalker] DEBUG org.hibernate.persister.walking.spi.MetamodelGraphWalker - Visiting attribute path : address.latitude
12:23:09.420 [main] [o.h.p.w.s.MetamodelGraphWalker] DEBUG org.hibernate.persister.walking.spi.MetamodelGraphWalker - Visiting attribute path : address.longitude
12:23:09.420 [main] [o.h.p.w.s.MetamodelGraphWalker] DEBUG org.hibernate.persister.walking.spi.MetamodelGraphWalker - Visiting attribute path : address.mobile
12:23:09.420 [main] [o.h.p.w.s.MetamodelGraphWalker] DEBUG org.hibernate.persister.walking.spi.MetamodelGraphWalker - Visiting attribute path : address.number
12:23:09.420 [main] [o.h.p.w.s.MetamodelGraphWalker] DEBUG org.hibernate.persister.walking.spi.MetamodelGraphWalker - Visiting attribute path : address.postcode
12:23:09.420 [main] [o.h.p.w.s.MetamodelGraphWalker] DEBUG org.hibernate.persister.walking.spi.MetamodelGraphWalker - Visiting attribute path : address.telephone
12:23:09.420 [main] [o.h.p.w.s.MetamodelGraphWalker] DEBUG org.hibernate.persister.walking.spi.MetamodelGraphWalker - Visiting attribute path : enabled
12:23:09.420 [main] [o.h.p.w.s.MetamodelGraphWalker] DEBUG org.hibernate.persister.walking.spi.MetamodelGraphWalker - Visiting attribute path : firstName
12:23:09.420 [main] [o.h.p.w.s.MetamodelGraphWalker] DEBUG org.hibernate.persister.walking.spi.MetamodelGraphWalker - Visiting attribute path : partyRole
12:23:09.420 [main] [o.h.p.w.s.MetamodelGraphWalker] DEBUG org.hibernate.persister.walking.spi.MetamodelGraphWalker - Visiting attribute path : partyStatus
12:23:09.420 [main] [o.h.p.w.s.MetamodelGraphWalker] DEBUG org.hibernate.persister.walking.spi.MetamodelGraphWalker - Visiting attribute path : secondName
12:23:09.420 [main] [o.h.p.w.s.MetamodelGraphWalker] DEBUG org.hibernate.persister.walking.spi.MetamodelGraphWalker - Visiting attribute path : users
12:23:09.420 [main] [o.h.l.p.b.i.s.QuerySpacesImpl] DEBUG org.hibernate.loader.plan.build.internal.spaces.QuerySpacesImpl - Adding QuerySpace : uid = &lt;gen:2&gt; -&gt; org.hibernate.loader.plan.build.internal.spaces.CollectionQuerySpaceImpl@4091b9c3]
12:23:09.420 [main] [o.h.l.p.b.i.s.QuerySpacesImpl] DEBUG org.hibernate.loader.plan.build.internal.spaces.QuerySpacesImpl - Adding QuerySpace : uid = &lt;gen:3&gt; -&gt; org.hibernate.loader.plan.build.internal.spaces.EntityQuerySpaceImpl@29050de5]
12:23:09.420 [main] [o.h.p.w.s.MetamodelGraphWalker] DEBUG org.hibernate.persister.walking.spi.MetamodelGraphWalker - Visiting attribute path : uuid
12:23:09.420 [main] [o.h.l.p.b.i.FetchStyleLoadPlanBuildingAssociationVisitationStrategy] DEBUG org.hibernate.loader.plan.build.internal.FetchStyleLoadPlanBuildingAssociationVisitationStrategy - Building LoadPlan...
12:23:09.420 [main] [o.h.l.p.e.i.LoadQueryJoinAndFetchProcessor] DEBUG org.hibernate.loader.plan.exec.internal.LoadQueryJoinAndFetchProcessor - processing queryspace &lt;gen:0&gt;
12:23:09.420 [main] [o.h.l.p.b.s.LoadPlanTreePrinter] DEBUG org.hibernate.loader.plan.build.spi.LoadPlanTreePrinter - LoadPlan(entity=org.solent.com504.project.model.party.dto.Party)
    - Returns
       - EntityReturnImpl(entity=org.solent.com504.project.model.party.dto.Party, querySpaceUid=&lt;gen:0&gt;, path=org.solent.com504.project.model.party.dto.Party)
          - CompositeAttributeFetchImpl(composite=org.solent.com504.project.model.party.dto.Address, querySpaceUid=&lt;gen:1&gt;, path=org.solent.com504.project.model.party.dto.Party.address)
          - CollectionAttributeFetchImpl(collection=org.solent.com504.project.model.party.dto.Party.users, querySpaceUid=&lt;gen:2&gt;, path=org.solent.com504.project.model.party.dto.Party.users)
             - (collection element) CollectionFetchableElementEntityGraph(entity=org.solent.com504.project.model.user.dto.User, querySpaceUid=&lt;gen:3&gt;, path=org.solent.com504.project.model.party.dto.Party.users.&lt;elements&gt;)
    - QuerySpaces
       - EntityQuerySpaceImpl(uid=&lt;gen:0&gt;, entity=org.solent.com504.project.model.party.dto.Party)
          - SQL table alias mapping - party0_
          - alias suffix - 0_
          - suffixed key columns - {id1_5_0_}
          - JOIN (JoinDefinedByMetadata(address)) : &lt;gen:0&gt; -&gt; &lt;gen:1&gt;
             - CompositeQuerySpaceImpl(uid=&lt;gen:1&gt;)
                - SQL table alias mapping - party0_

12:23:09.420 [main] [o.h.l.e.p.EntityLoader] DEBUG org.hibernate.loader.entity.plan.EntityLoader - Static select for entity org.solent.com504.project.model.party.dto.Party [UPGRADE_NOWAIT]: select party0_.id as id1_5_0_, party0_.addressLine1 as addressL2_5_0_, party0_.addressLine2 as addressL3_5_0_, party0_.country as country4_5_0_, party0_.county as county5_5_0_, party0_.latitude as latitude6_5_0_, party0_.longitude as longitud7_5_0_, party0_.mobile as mobile8_5_0_, party0_.number as number9_5_0_, party0_.postcode as postcod10_5_0_, party0_.telephone as telepho11_5_0_, party0_.enabled as enabled12_5_0_, party0_.firstName as firstNa13_5_0_, party0_.partyRole as partyRo14_5_0_, party0_.partyStatus as partySt15_5_0_, party0_.secondName as secondN16_5_0_, party0_.uuid as uuid17_5_0_ from Party party0_ where party0_.id=? for update
12:23:09.420 [main] [o.h.l.p.b.i.s.QuerySpacesImpl] DEBUG org.hibernate.loader.plan.build.internal.spaces.QuerySpacesImpl - Adding QuerySpace : uid = &lt;gen:0&gt; -&gt; org.hibernate.loader.plan.build.internal.spaces.EntityQuerySpaceImpl@3610f277]
12:23:09.420 [main] [o.h.p.w.s.MetamodelGraphWalker] DEBUG org.hibernate.persister.walking.spi.MetamodelGraphWalker - Visiting attribute path : address
12:23:09.420 [main] [o.h.l.p.b.i.s.QuerySpacesImpl] DEBUG org.hibernate.loader.plan.build.internal.spaces.QuerySpacesImpl - Adding QuerySpace : uid = &lt;gen:1&gt; -&gt; org.hibernate.loader.plan.build.internal.spaces.CompositeQuerySpaceImpl@41fa769c]
12:23:09.420 [main] [o.h.p.w.s.MetamodelGraphWalker] DEBUG org.hibernate.persister.walking.spi.MetamodelGraphWalker - Visiting attribute path : address.addressLine1
12:23:09.420 [main] [o.h.p.w.s.MetamodelGraphWalker] DEBUG org.hibernate.persister.walking.spi.MetamodelGraphWalker - Visiting attribute path : address.addressLine2
12:23:09.420 [main] [o.h.p.w.s.MetamodelGraphWalker] DEBUG org.hibernate.persister.walking.spi.MetamodelGraphWalker - Visiting attribute path : address.country
12:23:09.420 [main] [o.h.p.w.s.MetamodelGraphWalker] DEBUG org.hibernate.persister.walking.spi.MetamodelGraphWalker - Visiting attribute path : address.county
12:23:09.420 [main] [o.h.p.w.s.MetamodelGraphWalker] DEBUG org.hibernate.persister.walking.spi.MetamodelGraphWalker - Visiting attribute path : address.latitude
12:23:09.420 [main] [o.h.p.w.s.MetamodelGraphWalker] DEBUG org.hibernate.persister.walking.spi.MetamodelGraphWalker - Visiting attribute path : address.longitude
12:23:09.420 [main] [o.h.p.w.s.MetamodelGraphWalker] DEBUG org.hibernate.persister.walking.spi.MetamodelGraphWalker - Visiting attribute path : address.mobile
12:23:09.420 [main] [o.h.p.w.s.MetamodelGraphWalker] DEBUG org.hibernate.persister.walking.spi.MetamodelGraphWalker - Visiting attribute path : address.number
12:23:09.420 [main] [o.h.p.w.s.MetamodelGraphWalker] DEBUG org.hibernate.persister.walking.spi.MetamodelGraphWalker - Visiting attribute path : address.postcode
12:23:09.420 [main] [o.h.p.w.s.MetamodelGraphWalker] DEBUG org.hibernate.persister.walking.spi.MetamodelGraphWalker - Visiting attribute path : address.telephone
12:23:09.420 [main] [o.h.p.w.s.MetamodelGraphWalker] DEBUG org.hibernate.persister.walking.spi.MetamodelGraphWalker - Visiting attribute path : enabled
12:23:09.420 [main] [o.h.p.w.s.MetamodelGraphWalker] DEBUG org.hibernate.persister.walking.spi.MetamodelGraphWalker - Visiting attribute path : firstName
12:23:09.420 [main] [o.h.p.w.s.MetamodelGraphWalker] DEBUG org.hibernate.persister.walking.spi.MetamodelGraphWalker - Visiting attribute path : partyRole
12:23:09.420 [main] [o.h.p.w.s.MetamodelGraphWalker] DEBUG org.hibernate.persister.walking.spi.MetamodelGraphWalker - Visiting attribute path : partyStatus
12:23:09.420 [main] [o.h.p.w.s.MetamodelGraphWalker] DEBUG org.hibernate.persister.walking.spi.MetamodelGraphWalker - Visiting attribute path : secondName
12:23:09.420 [main] [o.h.p.w.s.MetamodelGraphWalker] DEBUG org.hibernate.persister.walking.spi.MetamodelGraphWalker - Visiting attribute path : users
12:23:09.420 [main] [o.h.l.p.b.i.s.QuerySpacesImpl] DEBUG org.hibernate.loader.plan.build.internal.spaces.QuerySpacesImpl - Adding QuerySpace : uid = &lt;gen:2&gt; -&gt; org.hibernate.loader.plan.build.internal.spaces.CollectionQuerySpaceImpl@71a3e05c]
12:23:09.420 [main] [o.h.l.p.b.i.s.QuerySpacesImpl] DEBUG org.hibernate.loader.plan.build.internal.spaces.QuerySpacesImpl - Adding QuerySpace : uid = &lt;gen:3&gt; -&gt; org.hibernate.loader.plan.build.internal.spaces.EntityQuerySpaceImpl@39c85c1a]
12:23:09.420 [main] [o.h.p.w.s.MetamodelGraphWalker] DEBUG org.hibernate.persister.walking.spi.MetamodelGraphWalker - Visiting attribute path : uuid
12:23:09.420 [main] [o.h.l.p.b.i.FetchStyleLoadPlanBuildingAssociationVisitationStrategy] DEBUG org.hibernate.loader.plan.build.internal.FetchStyleLoadPlanBuildingAssociationVisitationStrategy - Building LoadPlan...
12:23:09.420 [main] [o.h.l.p.e.i.LoadQueryJoinAndFetchProcessor] DEBUG org.hibernate.loader.plan.exec.internal.LoadQueryJoinAndFetchProcessor - processing queryspace &lt;gen:0&gt;
12:23:09.436 [main] [o.h.l.p.b.s.LoadPlanTreePrinter] DEBUG org.hibernate.loader.plan.build.spi.LoadPlanTreePrinter - LoadPlan(entity=org.solent.com504.project.model.party.dto.Party)
    - Returns
       - EntityReturnImpl(entity=org.solent.com504.project.model.party.dto.Party, querySpaceUid=&lt;gen:0&gt;, path=org.solent.com504.project.model.party.dto.Party)
          - CompositeAttributeFetchImpl(composite=org.solent.com504.project.model.party.dto.Address, querySpaceUid=&lt;gen:1&gt;, path=org.solent.com504.project.model.party.dto.Party.address)
          - CollectionAttributeFetchImpl(collection=org.solent.com504.project.model.party.dto.Party.users, querySpaceUid=&lt;gen:2&gt;, path=org.solent.com504.project.model.party.dto.Party.users)
             - (collection element) CollectionFetchableElementEntityGraph(entity=org.solent.com504.project.model.user.dto.User, querySpaceUid=&lt;gen:3&gt;, path=org.solent.com504.project.model.party.dto.Party.users.&lt;elements&gt;)
    - QuerySpaces
       - EntityQuerySpaceImpl(uid=&lt;gen:0&gt;, entity=org.solent.com504.project.model.party.dto.Party)
          - SQL table alias mapping - party0_
          - alias suffix - 0_
          - suffixed key columns - {id1_5_0_}
          - JOIN (JoinDefinedByMetadata(address)) : &lt;gen:0&gt; -&gt; &lt;gen:1&gt;
             - CompositeQuerySpaceImpl(uid=&lt;gen:1&gt;)
                - SQL table alias mapping - party0_

12:23:09.436 [main] [o.h.l.e.p.EntityLoader] DEBUG org.hibernate.loader.entity.plan.EntityLoader - Static select for entity org.solent.com504.project.model.party.dto.Party [UPGRADE_SKIPLOCKED]: select party0_.id as id1_5_0_, party0_.addressLine1 as addressL2_5_0_, party0_.addressLine2 as addressL3_5_0_, party0_.country as country4_5_0_, party0_.county as county5_5_0_, party0_.latitude as latitude6_5_0_, party0_.longitude as longitud7_5_0_, party0_.mobile as mobile8_5_0_, party0_.number as number9_5_0_, party0_.postcode as postcod10_5_0_, party0_.telephone as telepho11_5_0_, party0_.enabled as enabled12_5_0_, party0_.firstName as firstNa13_5_0_, party0_.partyRole as partyRo14_5_0_, party0_.partyStatus as partySt15_5_0_, party0_.secondName as secondN16_5_0_, party0_.uuid as uuid17_5_0_ from Party party0_ where party0_.id=? for update
12:23:09.436 [main] [o.h.l.p.b.i.s.QuerySpacesImpl] DEBUG org.hibernate.loader.plan.build.internal.spaces.QuerySpacesImpl - Adding QuerySpace : uid = &lt;gen:0&gt; -&gt; org.hibernate.loader.plan.build.internal.spaces.EntityQuerySpaceImpl@2b148329]
12:23:09.436 [main] [o.h.p.w.s.MetamodelGraphWalker] DEBUG org.hibernate.persister.walking.spi.MetamodelGraphWalker - Visiting attribute path : address
12:23:09.436 [main] [o.h.l.p.b.i.s.QuerySpacesImpl] DEBUG org.hibernate.loader.plan.build.internal.spaces.QuerySpacesImpl - Adding QuerySpace : uid = &lt;gen:1&gt; -&gt; org.hibernate.loader.plan.build.internal.spaces.CompositeQuerySpaceImpl@c889805]
12:23:09.436 [main] [o.h.p.w.s.MetamodelGraphWalker] DEBUG org.hibernate.persister.walking.spi.MetamodelGraphWalker - Visiting attribute path : address.addressLine1
12:23:09.436 [main] [o.h.p.w.s.MetamodelGraphWalker] DEBUG org.hibernate.persister.walking.spi.MetamodelGraphWalker - Visiting attribute path : address.addressLine2
12:23:09.436 [main] [o.h.p.w.s.MetamodelGraphWalker] DEBUG org.hibernate.persister.walking.spi.MetamodelGraphWalker - Visiting attribute path : address.country
12:23:09.436 [main] [o.h.p.w.s.MetamodelGraphWalker] DEBUG org.hibernate.persister.walking.spi.MetamodelGraphWalker - Visiting attribute path : address.county
12:23:09.436 [main] [o.h.p.w.s.MetamodelGraphWalker] DEBUG org.hibernate.persister.walking.spi.MetamodelGraphWalker - Visiting attribute path : address.latitude
12:23:09.436 [main] [o.h.p.w.s.MetamodelGraphWalker] DEBUG org.hibernate.persister.walking.spi.MetamodelGraphWalker - Visiting attribute path : address.longitude
12:23:09.436 [main] [o.h.p.w.s.MetamodelGraphWalker] DEBUG org.hibernate.persister.walking.spi.MetamodelGraphWalker - Visiting attribute path : address.mobile
12:23:09.436 [main] [o.h.p.w.s.MetamodelGraphWalker] DEBUG org.hibernate.persister.walking.spi.MetamodelGraphWalker - Visiting attribute path : address.number
12:23:09.436 [main] [o.h.p.w.s.MetamodelGraphWalker] DEBUG org.hibernate.persister.walking.spi.MetamodelGraphWalker - Visiting attribute path : address.postcode
12:23:09.436 [main] [o.h.p.w.s.MetamodelGraphWalker] DEBUG org.hibernate.persister.walking.spi.MetamodelGraphWalker - Visiting attribute path : address.telephone
12:23:09.436 [main] [o.h.p.w.s.MetamodelGraphWalker] DEBUG org.hibernate.persister.walking.spi.MetamodelGraphWalker - Visiting attribute path : enabled
12:23:09.436 [main] [o.h.p.w.s.MetamodelGraphWalker] DEBUG org.hibernate.persister.walking.spi.MetamodelGraphWalker - Visiting attribute path : firstName
12:23:09.436 [main] [o.h.p.w.s.MetamodelGraphWalker] DEBUG org.hibernate.persister.walking.spi.MetamodelGraphWalker - Visiting attribute path : partyRole
12:23:09.436 [main] [o.h.p.w.s.MetamodelGraphWalker] DEBUG org.hibernate.persister.walking.spi.MetamodelGraphWalker - Visiting attribute path : partyStatus
12:23:09.436 [main] [o.h.p.w.s.MetamodelGraphWalker] DEBUG org.hibernate.persister.walking.spi.MetamodelGraphWalker - Visiting attribute path : secondName
12:23:09.436 [main] [o.h.p.w.s.MetamodelGraphWalker] DEBUG org.hibernate.persister.walking.spi.MetamodelGraphWalker - Visiting attribute path : users
12:23:09.436 [main] [o.h.l.p.b.i.s.QuerySpacesImpl] DEBUG org.hibernate.loader.plan.build.internal.spaces.QuerySpacesImpl - Adding QuerySpace : uid = &lt;gen:2&gt; -&gt; org.hibernate.loader.plan.build.internal.spaces.CollectionQuerySpaceImpl@78d9f51b]
12:23:09.436 [main] [o.h.l.p.b.i.s.QuerySpacesImpl] DEBUG org.hibernate.loader.plan.build.internal.spaces.QuerySpacesImpl - Adding QuerySpace : uid = &lt;gen:3&gt; -&gt; org.hibernate.loader.plan.build.internal.spaces.EntityQuerySpaceImpl@23ed382c]
12:23:09.436 [main] [o.h.p.w.s.MetamodelGraphWalker] DEBUG org.hibernate.persister.walking.spi.MetamodelGraphWalker - Visiting attribute path : uuid
12:23:09.436 [main] [o.h.l.p.b.i.FetchStyleLoadPlanBuildingAssociationVisitationStrategy] DEBUG org.hibernate.loader.plan.build.internal.FetchStyleLoadPlanBuildingAssociationVisitationStrategy - Building LoadPlan...
12:23:09.436 [main] [o.h.l.p.e.i.LoadQueryJoinAndFetchProcessor] DEBUG org.hibernate.loader.plan.exec.internal.LoadQueryJoinAndFetchProcessor - processing queryspace &lt;gen:0&gt;
12:23:09.436 [main] [o.h.l.p.b.s.LoadPlanTreePrinter] DEBUG org.hibernate.loader.plan.build.spi.LoadPlanTreePrinter - LoadPlan(entity=org.solent.com504.project.model.party.dto.Party)
    - Returns
       - EntityReturnImpl(entity=org.solent.com504.project.model.party.dto.Party, querySpaceUid=&lt;gen:0&gt;, path=org.solent.com504.project.model.party.dto.Party)
          - CompositeAttributeFetchImpl(composite=org.solent.com504.project.model.party.dto.Address, querySpaceUid=&lt;gen:1&gt;, path=org.solent.com504.project.model.party.dto.Party.address)
          - CollectionAttributeFetchImpl(collection=org.solent.com504.project.model.party.dto.Party.users, querySpaceUid=&lt;gen:2&gt;, path=org.solent.com504.project.model.party.dto.Party.users)
             - (collection element) CollectionFetchableElementEntityGraph(entity=org.solent.com504.project.model.user.dto.User, querySpaceUid=&lt;gen:3&gt;, path=org.solent.com504.project.model.party.dto.Party.users.&lt;elements&gt;)
    - QuerySpaces
       - EntityQuerySpaceImpl(uid=&lt;gen:0&gt;, entity=org.solent.com504.project.model.party.dto.Party)
          - SQL table alias mapping - party0_
          - alias suffix - 0_
          - suffixed key columns - {id1_5_0_}
          - JOIN (JoinDefinedByMetadata(address)) : &lt;gen:0&gt; -&gt; &lt;gen:1&gt;
             - CompositeQuerySpaceImpl(uid=&lt;gen:1&gt;)
                - SQL table alias mapping - party0_

12:23:09.436 [main] [o.h.l.e.p.EntityLoader] DEBUG org.hibernate.loader.entity.plan.EntityLoader - Static select for entity org.solent.com504.project.model.party.dto.Party [FORCE]: select party0_.id as id1_5_0_, party0_.addressLine1 as addressL2_5_0_, party0_.addressLine2 as addressL3_5_0_, party0_.country as country4_5_0_, party0_.county as county5_5_0_, party0_.latitude as latitude6_5_0_, party0_.longitude as longitud7_5_0_, party0_.mobile as mobile8_5_0_, party0_.number as number9_5_0_, party0_.postcode as postcod10_5_0_, party0_.telephone as telepho11_5_0_, party0_.enabled as enabled12_5_0_, party0_.firstName as firstNa13_5_0_, party0_.partyRole as partyRo14_5_0_, party0_.partyStatus as partySt15_5_0_, party0_.secondName as secondN16_5_0_, party0_.uuid as uuid17_5_0_ from Party party0_ where party0_.id=? for update
12:23:09.436 [main] [o.h.l.p.b.i.s.QuerySpacesImpl] DEBUG org.hibernate.loader.plan.build.internal.spaces.QuerySpacesImpl - Adding QuerySpace : uid = &lt;gen:0&gt; -&gt; org.hibernate.loader.plan.build.internal.spaces.EntityQuerySpaceImpl@6bedd4e4]
12:23:09.436 [main] [o.h.p.w.s.MetamodelGraphWalker] DEBUG org.hibernate.persister.walking.spi.MetamodelGraphWalker - Visiting attribute path : address
12:23:09.436 [main] [o.h.l.p.b.i.s.QuerySpacesImpl] DEBUG org.hibernate.loader.plan.build.internal.spaces.QuerySpacesImpl - Adding QuerySpace : uid = &lt;gen:1&gt; -&gt; org.hibernate.loader.plan.build.internal.spaces.CompositeQuerySpaceImpl@72b6832e]
12:23:09.436 [main] [o.h.p.w.s.MetamodelGraphWalker] DEBUG org.hibernate.persister.walking.spi.MetamodelGraphWalker - Visiting attribute path : address.addressLine1
12:23:09.436 [main] [o.h.p.w.s.MetamodelGraphWalker] DEBUG org.hibernate.persister.walking.spi.MetamodelGraphWalker - Visiting attribute path : address.addressLine2
12:23:09.436 [main] [o.h.p.w.s.MetamodelGraphWalker] DEBUG org.hibernate.persister.walking.spi.MetamodelGraphWalker - Visiting attribute path : address.country
12:23:09.436 [main] [o.h.p.w.s.MetamodelGraphWalker] DEBUG org.hibernate.persister.walking.spi.MetamodelGraphWalker - Visiting attribute path : address.county
12:23:09.436 [main] [o.h.p.w.s.MetamodelGraphWalker] DEBUG org.hibernate.persister.walking.spi.MetamodelGraphWalker - Visiting attribute path : address.latitude
12:23:09.436 [main] [o.h.p.w.s.MetamodelGraphWalker] DEBUG org.hibernate.persister.walking.spi.MetamodelGraphWalker - Visiting attribute path : address.longitude
12:23:09.436 [main] [o.h.p.w.s.MetamodelGraphWalker] DEBUG org.hibernate.persister.walking.spi.MetamodelGraphWalker - Visiting attribute path : address.mobile
12:23:09.436 [main] [o.h.p.w.s.MetamodelGraphWalker] DEBUG org.hibernate.persister.walking.spi.MetamodelGraphWalker - Visiting attribute path : address.number
12:23:09.436 [main] [o.h.p.w.s.MetamodelGraphWalker] DEBUG org.hibernate.persister.walking.spi.MetamodelGraphWalker - Visiting attribute path : address.postcode
12:23:09.436 [main] [o.h.p.w.s.MetamodelGraphWalker] DEBUG org.hibernate.persister.walking.spi.MetamodelGraphWalker - Visiting attribute path : address.telephone
12:23:09.436 [main] [o.h.p.w.s.MetamodelGraphWalker] DEBUG org.hibernate.persister.walking.spi.MetamodelGraphWalker - Visiting attribute path : enabled
12:23:09.436 [main] [o.h.p.w.s.MetamodelGraphWalker] DEBUG org.hibernate.persister.walking.spi.MetamodelGraphWalker - Visiting attribute path : firstName
12:23:09.436 [main] [o.h.p.w.s.MetamodelGraphWalker] DEBUG org.hibernate.persister.walking.spi.MetamodelGraphWalker - Visiting attribute path : partyRole
12:23:09.436 [main] [o.h.p.w.s.MetamodelGraphWalker] DEBUG org.hibernate.persister.walking.spi.MetamodelGraphWalker - Visiting attribute path : partyStatus
12:23:09.436 [main] [o.h.p.w.s.MetamodelGraphWalker] DEBUG org.hibernate.persister.walking.spi.MetamodelGraphWalker - Visiting attribute path : secondName
12:23:09.436 [main] [o.h.p.w.s.MetamodelGraphWalker] DEBUG org.hibernate.persister.walking.spi.MetamodelGraphWalker - Visiting attribute path : users
12:23:09.436 [main] [o.h.l.p.b.i.s.QuerySpacesImpl] DEBUG org.hibernate.loader.plan.build.internal.spaces.QuerySpacesImpl - Adding QuerySpace : uid = &lt;gen:2&gt; -&gt; org.hibernate.loader.plan.build.internal.spaces.CollectionQuerySpaceImpl@3d9f5016]
12:23:09.436 [main] [o.h.l.p.b.i.s.QuerySpacesImpl] DEBUG org.hibernate.loader.plan.build.internal.spaces.QuerySpacesImpl - Adding QuerySpace : uid = &lt;gen:3&gt; -&gt; org.hibernate.loader.plan.build.internal.spaces.EntityQuerySpaceImpl@7e91ed74]
12:23:09.436 [main] [o.h.p.w.s.MetamodelGraphWalker] DEBUG org.hibernate.persister.walking.spi.MetamodelGraphWalker - Visiting attribute path : uuid
12:23:09.436 [main] [o.h.l.p.b.i.FetchStyleLoadPlanBuildingAssociationVisitationStrategy] DEBUG org.hibernate.loader.plan.build.internal.FetchStyleLoadPlanBuildingAssociationVisitationStrategy - Building LoadPlan...
12:23:09.436 [main] [o.h.l.p.e.i.LoadQueryJoinAndFetchProcessor] DEBUG org.hibernate.loader.plan.exec.internal.LoadQueryJoinAndFetchProcessor - processing queryspace &lt;gen:0&gt;
12:23:09.436 [main] [o.h.l.p.b.s.LoadPlanTreePrinter] DEBUG org.hibernate.loader.plan.build.spi.LoadPlanTreePrinter - LoadPlan(entity=org.solent.com504.project.model.party.dto.Party)
    - Returns
       - EntityReturnImpl(entity=org.solent.com504.project.model.party.dto.Party, querySpaceUid=&lt;gen:0&gt;, path=org.solent.com504.project.model.party.dto.Party)
          - CompositeAttributeFetchImpl(composite=org.solent.com504.project.model.party.dto.Address, querySpaceUid=&lt;gen:1&gt;, path=org.solent.com504.project.model.party.dto.Party.address)
          - CollectionAttributeFetchImpl(collection=org.solent.com504.project.model.party.dto.Party.users, querySpaceUid=&lt;gen:2&gt;, path=org.solent.com504.project.model.party.dto.Party.users)
             - (collection element) CollectionFetchableElementEntityGraph(entity=org.solent.com504.project.model.user.dto.User, querySpaceUid=&lt;gen:3&gt;, path=org.solent.com504.project.model.party.dto.Party.users.&lt;elements&gt;)
    - QuerySpaces
       - EntityQuerySpaceImpl(uid=&lt;gen:0&gt;, entity=org.solent.com504.project.model.party.dto.Party)
          - SQL table alias mapping - party0_
          - alias suffix - 0_
          - suffixed key columns - {id1_5_0_}
          - JOIN (JoinDefinedByMetadata(address)) : &lt;gen:0&gt; -&gt; &lt;gen:1&gt;
             - CompositeQuerySpaceImpl(uid=&lt;gen:1&gt;)
                - SQL table alias mapping - party0_

12:23:09.436 [main] [o.h.l.e.p.EntityLoader] DEBUG org.hibernate.loader.entity.plan.EntityLoader - Static select for entity org.solent.com504.project.model.party.dto.Party [PESSIMISTIC_READ]: select party0_.id as id1_5_0_, party0_.addressLine1 as addressL2_5_0_, party0_.addressLine2 as addressL3_5_0_, party0_.country as country4_5_0_, party0_.county as county5_5_0_, party0_.latitude as latitude6_5_0_, party0_.longitude as longitud7_5_0_, party0_.mobile as mobile8_5_0_, party0_.number as number9_5_0_, party0_.postcode as postcod10_5_0_, party0_.telephone as telepho11_5_0_, party0_.enabled as enabled12_5_0_, party0_.firstName as firstNa13_5_0_, party0_.partyRole as partyRo14_5_0_, party0_.partyStatus as partySt15_5_0_, party0_.secondName as secondN16_5_0_, party0_.uuid as uuid17_5_0_ from Party party0_ where party0_.id=? for update
12:23:09.436 [main] [o.h.l.p.b.i.s.QuerySpacesImpl] DEBUG org.hibernate.loader.plan.build.internal.spaces.QuerySpacesImpl - Adding QuerySpace : uid = &lt;gen:0&gt; -&gt; org.hibernate.loader.plan.build.internal.spaces.EntityQuerySpaceImpl@3878be7b]
12:23:09.436 [main] [o.h.p.w.s.MetamodelGraphWalker] DEBUG org.hibernate.persister.walking.spi.MetamodelGraphWalker - Visiting attribute path : address
12:23:09.436 [main] [o.h.l.p.b.i.s.QuerySpacesImpl] DEBUG org.hibernate.loader.plan.build.internal.spaces.QuerySpacesImpl - Adding QuerySpace : uid = &lt;gen:1&gt; -&gt; org.hibernate.loader.plan.build.internal.spaces.CompositeQuerySpaceImpl@4087c7fc]
12:23:09.436 [main] [o.h.p.w.s.MetamodelGraphWalker] DEBUG org.hibernate.persister.walking.spi.MetamodelGraphWalker - Visiting attribute path : address.addressLine1
12:23:09.436 [main] [o.h.p.w.s.MetamodelGraphWalker] DEBUG org.hibernate.persister.walking.spi.MetamodelGraphWalker - Visiting attribute path : address.addressLine2
12:23:09.436 [main] [o.h.p.w.s.MetamodelGraphWalker] DEBUG org.hibernate.persister.walking.spi.MetamodelGraphWalker - Visiting attribute path : address.country
12:23:09.436 [main] [o.h.p.w.s.MetamodelGraphWalker] DEBUG org.hibernate.persister.walking.spi.MetamodelGraphWalker - Visiting attribute path : address.county
12:23:09.436 [main] [o.h.p.w.s.MetamodelGraphWalker] DEBUG org.hibernate.persister.walking.spi.MetamodelGraphWalker - Visiting attribute path : address.latitude
12:23:09.436 [main] [o.h.p.w.s.MetamodelGraphWalker] DEBUG org.hibernate.persister.walking.spi.MetamodelGraphWalker - Visiting attribute path : address.longitude
12:23:09.436 [main] [o.h.p.w.s.MetamodelGraphWalker] DEBUG org.hibernate.persister.walking.spi.MetamodelGraphWalker - Visiting attribute path : address.mobile
12:23:09.436 [main] [o.h.p.w.s.MetamodelGraphWalker] DEBUG org.hibernate.persister.walking.spi.MetamodelGraphWalker - Visiting attribute path : address.number
12:23:09.436 [main] [o.h.p.w.s.MetamodelGraphWalker] DEBUG org.hibernate.persister.walking.spi.MetamodelGraphWalker - Visiting attribute path : address.postcode
12:23:09.436 [main] [o.h.p.w.s.MetamodelGraphWalker] DEBUG org.hibernate.persister.walking.spi.MetamodelGraphWalker - Visiting attribute path : address.telephone
12:23:09.436 [main] [o.h.p.w.s.MetamodelGraphWalker] DEBUG org.hibernate.persister.walking.spi.MetamodelGraphWalker - Visiting attribute path : enabled
12:23:09.436 [main] [o.h.p.w.s.MetamodelGraphWalker] DEBUG org.hibernate.persister.walking.spi.MetamodelGraphWalker - Visiting attribute path : firstName
12:23:09.436 [main] [o.h.p.w.s.MetamodelGraphWalker] DEBUG org.hibernate.persister.walking.spi.MetamodelGraphWalker - Visiting attribute path : partyRole
12:23:09.436 [main] [o.h.p.w.s.MetamodelGraphWalker] DEBUG org.hibernate.persister.walking.spi.MetamodelGraphWalker - Visiting attribute path : partyStatus
12:23:09.436 [main] [o.h.p.w.s.MetamodelGraphWalker] DEBUG org.hibernate.persister.walking.spi.MetamodelGraphWalker - Visiting attribute path : secondName
12:23:09.436 [main] [o.h.p.w.s.MetamodelGraphWalker] DEBUG org.hibernate.persister.walking.spi.MetamodelGraphWalker - Visiting attribute path : users
12:23:09.436 [main] [o.h.l.p.b.i.s.QuerySpacesImpl] DEBUG org.hibernate.loader.plan.build.internal.spaces.QuerySpacesImpl - Adding QuerySpace : uid = &lt;gen:2&gt; -&gt; org.hibernate.loader.plan.build.internal.spaces.CollectionQuerySpaceImpl@4cfa83f9]
12:23:09.436 [main] [o.h.l.p.b.i.s.QuerySpacesImpl] DEBUG org.hibernate.loader.plan.build.internal.spaces.QuerySpacesImpl - Adding QuerySpace : uid = &lt;gen:3&gt; -&gt; org.hibernate.loader.plan.build.internal.spaces.EntityQuerySpaceImpl@321ca237]
12:23:09.436 [main] [o.h.p.w.s.MetamodelGraphWalker] DEBUG org.hibernate.persister.walking.spi.MetamodelGraphWalker - Visiting attribute path : uuid
12:23:09.436 [main] [o.h.l.p.b.i.FetchStyleLoadPlanBuildingAssociationVisitationStrategy] DEBUG org.hibernate.loader.plan.build.internal.FetchStyleLoadPlanBuildingAssociationVisitationStrategy - Building LoadPlan...
12:23:09.436 [main] [o.h.l.p.e.i.LoadQueryJoinAndFetchProcessor] DEBUG org.hibernate.loader.plan.exec.internal.LoadQueryJoinAndFetchProcessor - processing queryspace &lt;gen:0&gt;
12:23:09.436 [main] [o.h.l.p.b.s.LoadPlanTreePrinter] DEBUG org.hibernate.loader.plan.build.spi.LoadPlanTreePrinter - LoadPlan(entity=org.solent.com504.project.model.party.dto.Party)
    - Returns
       - EntityReturnImpl(entity=org.solent.com504.project.model.party.dto.Party, querySpaceUid=&lt;gen:0&gt;, path=org.solent.com504.project.model.party.dto.Party)
          - CompositeAttributeFetchImpl(composite=org.solent.com504.project.model.party.dto.Address, querySpaceUid=&lt;gen:1&gt;, path=org.solent.com504.project.model.party.dto.Party.address)
          - CollectionAttributeFetchImpl(collection=org.solent.com504.project.model.party.dto.Party.users, querySpaceUid=&lt;gen:2&gt;, path=org.solent.com504.project.model.party.dto.Party.users)
             - (collection element) CollectionFetchableElementEntityGraph(entity=org.solent.com504.project.model.user.dto.User, querySpaceUid=&lt;gen:3&gt;, path=org.solent.com504.project.model.party.dto.Party.users.&lt;elements&gt;)
    - QuerySpaces
       - EntityQuerySpaceImpl(uid=&lt;gen:0&gt;, entity=org.solent.com504.project.model.party.dto.Party)
          - SQL table alias mapping - party0_
          - alias suffix - 0_
          - suffixed key columns - {id1_5_0_}
          - JOIN (JoinDefinedByMetadata(address)) : &lt;gen:0&gt; -&gt; &lt;gen:1&gt;
             - CompositeQuerySpaceImpl(uid=&lt;gen:1&gt;)
                - SQL table alias mapping - party0_

12:23:09.436 [main] [o.h.l.e.p.EntityLoader] DEBUG org.hibernate.loader.entity.plan.EntityLoader - Static select for entity org.solent.com504.project.model.party.dto.Party [PESSIMISTIC_WRITE]: select party0_.id as id1_5_0_, party0_.addressLine1 as addressL2_5_0_, party0_.addressLine2 as addressL3_5_0_, party0_.country as country4_5_0_, party0_.county as county5_5_0_, party0_.latitude as latitude6_5_0_, party0_.longitude as longitud7_5_0_, party0_.mobile as mobile8_5_0_, party0_.number as number9_5_0_, party0_.postcode as postcod10_5_0_, party0_.telephone as telepho11_5_0_, party0_.enabled as enabled12_5_0_, party0_.firstName as firstNa13_5_0_, party0_.partyRole as partyRo14_5_0_, party0_.partyStatus as partySt15_5_0_, party0_.secondName as secondN16_5_0_, party0_.uuid as uuid17_5_0_ from Party party0_ where party0_.id=? for update
12:23:09.436 [main] [o.h.l.p.b.i.s.QuerySpacesImpl] DEBUG org.hibernate.loader.plan.build.internal.spaces.QuerySpacesImpl - Adding QuerySpace : uid = &lt;gen:0&gt; -&gt; org.hibernate.loader.plan.build.internal.spaces.EntityQuerySpaceImpl@4c5a2baf]
12:23:09.436 [main] [o.h.p.w.s.MetamodelGraphWalker] DEBUG org.hibernate.persister.walking.spi.MetamodelGraphWalker - Visiting attribute path : address
12:23:09.436 [main] [o.h.l.p.b.i.s.QuerySpacesImpl] DEBUG org.hibernate.loader.plan.build.internal.spaces.QuerySpacesImpl - Adding QuerySpace : uid = &lt;gen:1&gt; -&gt; org.hibernate.loader.plan.build.internal.spaces.CompositeQuerySpaceImpl@63f855b]
12:23:09.436 [main] [o.h.p.w.s.MetamodelGraphWalker] DEBUG org.hibernate.persister.walking.spi.MetamodelGraphWalker - Visiting attribute path : address.addressLine1
12:23:09.436 [main] [o.h.p.w.s.MetamodelGraphWalker] DEBUG org.hibernate.persister.walking.spi.MetamodelGraphWalker - Visiting attribute path : address.addressLine2
12:23:09.436 [main] [o.h.p.w.s.MetamodelGraphWalker] DEBUG org.hibernate.persister.walking.spi.MetamodelGraphWalker - Visiting attribute path : address.country
12:23:09.436 [main] [o.h.p.w.s.MetamodelGraphWalker] DEBUG org.hibernate.persister.walking.spi.MetamodelGraphWalker - Visiting attribute path : address.county
12:23:09.436 [main] [o.h.p.w.s.MetamodelGraphWalker] DEBUG org.hibernate.persister.walking.spi.MetamodelGraphWalker - Visiting attribute path : address.latitude
12:23:09.436 [main] [o.h.p.w.s.MetamodelGraphWalker] DEBUG org.hibernate.persister.walking.spi.MetamodelGraphWalker - Visiting attribute path : address.longitude
12:23:09.436 [main] [o.h.p.w.s.MetamodelGraphWalker] DEBUG org.hibernate.persister.walking.spi.MetamodelGraphWalker - Visiting attribute path : address.mobile
12:23:09.436 [main] [o.h.p.w.s.MetamodelGraphWalker] DEBUG org.hibernate.persister.walking.spi.MetamodelGraphWalker - Visiting attribute path : address.number
12:23:09.436 [main] [o.h.p.w.s.MetamodelGraphWalker] DEBUG org.hibernate.persister.walking.spi.MetamodelGraphWalker - Visiting attribute path : address.postcode
12:23:09.436 [main] [o.h.p.w.s.MetamodelGraphWalker] DEBUG org.hibernate.persister.walking.spi.MetamodelGraphWalker - Visiting attribute path : address.telephone
12:23:09.436 [main] [o.h.p.w.s.MetamodelGraphWalker] DEBUG org.hibernate.persister.walking.spi.MetamodelGraphWalker - Visiting attribute path : enabled
12:23:09.436 [main] [o.h.p.w.s.MetamodelGraphWalker] DEBUG org.hibernate.persister.walking.spi.MetamodelGraphWalker - Visiting attribute path : firstName
12:23:09.436 [main] [o.h.p.w.s.MetamodelGraphWalker] DEBUG org.hibernate.persister.walking.spi.MetamodelGraphWalker - Visiting attribute path : partyRole
12:23:09.436 [main] [o.h.p.w.s.MetamodelGraphWalker] DEBUG org.hibernate.persister.walking.spi.MetamodelGraphWalker - Visiting attribute path : partyStatus
12:23:09.436 [main] [o.h.p.w.s.MetamodelGraphWalker] DEBUG org.hibernate.persister.walking.spi.MetamodelGraphWalker - Visiting attribute path : secondName
12:23:09.436 [main] [o.h.p.w.s.MetamodelGraphWalker] DEBUG org.hibernate.persister.walking.spi.MetamodelGraphWalker - Visiting attribute path : users
12:23:09.436 [main] [o.h.l.p.b.i.s.QuerySpacesImpl] DEBUG org.hibernate.loader.plan.build.internal.spaces.QuerySpacesImpl - Adding QuerySpace : uid = &lt;gen:2&gt; -&gt; org.hibernate.loader.plan.build.internal.spaces.CollectionQuerySpaceImpl@4cffcc61]
12:23:09.436 [main] [o.h.l.p.b.i.s.QuerySpacesImpl] DEBUG org.hibernate.loader.plan.build.internal.spaces.QuerySpacesImpl - Adding QuerySpace : uid = &lt;gen:3&gt; -&gt; org.hibernate.loader.plan.build.internal.spaces.EntityQuerySpaceImpl@4373f66f]
12:23:09.436 [main] [o.h.p.w.s.MetamodelGraphWalker] DEBUG org.hibernate.persister.walking.spi.MetamodelGraphWalker - Visiting attribute path : uuid
12:23:09.436 [main] [o.h.l.p.b.i.FetchStyleLoadPlanBuildingAssociationVisitationStrategy] DEBUG org.hibernate.loader.plan.build.internal.FetchStyleLoadPlanBuildingAssociationVisitationStrategy - Building LoadPlan...
12:23:09.436 [main] [o.h.l.p.e.i.LoadQueryJoinAndFetchProcessor] DEBUG org.hibernate.loader.plan.exec.internal.LoadQueryJoinAndFetchProcessor - processing queryspace &lt;gen:0&gt;
12:23:09.436 [main] [o.h.l.p.b.s.LoadPlanTreePrinter] DEBUG org.hibernate.loader.plan.build.spi.LoadPlanTreePrinter - LoadPlan(entity=org.solent.com504.project.model.party.dto.Party)
    - Returns
       - EntityReturnImpl(entity=org.solent.com504.project.model.party.dto.Party, querySpaceUid=&lt;gen:0&gt;, path=org.solent.com504.project.model.party.dto.Party)
          - CompositeAttributeFetchImpl(composite=org.solent.com504.project.model.party.dto.Address, querySpaceUid=&lt;gen:1&gt;, path=org.solent.com504.project.model.party.dto.Party.address)
          - CollectionAttributeFetchImpl(collection=org.solent.com504.project.model.party.dto.Party.users, querySpaceUid=&lt;gen:2&gt;, path=org.solent.com504.project.model.party.dto.Party.users)
             - (collection element) CollectionFetchableElementEntityGraph(entity=org.solent.com504.project.model.user.dto.User, querySpaceUid=&lt;gen:3&gt;, path=org.solent.com504.project.model.party.dto.Party.users.&lt;elements&gt;)
    - QuerySpaces
       - EntityQuerySpaceImpl(uid=&lt;gen:0&gt;, entity=org.solent.com504.project.model.party.dto.Party)
          - SQL table alias mapping - party0_
          - alias suffix - 0_
          - suffixed key columns - {id1_5_0_}
          - JOIN (JoinDefinedByMetadata(address)) : &lt;gen:0&gt; -&gt; &lt;gen:1&gt;
             - CompositeQuerySpaceImpl(uid=&lt;gen:1&gt;)
                - SQL table alias mapping - party0_

12:23:09.436 [main] [o.h.l.e.p.EntityLoader] DEBUG org.hibernate.loader.entity.plan.EntityLoader - Static select for entity org.solent.com504.project.model.party.dto.Party [PESSIMISTIC_FORCE_INCREMENT]: select party0_.id as id1_5_0_, party0_.addressLine1 as addressL2_5_0_, party0_.addressLine2 as addressL3_5_0_, party0_.country as country4_5_0_, party0_.county as county5_5_0_, party0_.latitude as latitude6_5_0_, party0_.longitude as longitud7_5_0_, party0_.mobile as mobile8_5_0_, party0_.number as number9_5_0_, party0_.postcode as postcod10_5_0_, party0_.telephone as telepho11_5_0_, party0_.enabled as enabled12_5_0_, party0_.firstName as firstNa13_5_0_, party0_.partyRole as partyRo14_5_0_, party0_.partyStatus as partySt15_5_0_, party0_.secondName as secondN16_5_0_, party0_.uuid as uuid17_5_0_ from Party party0_ where party0_.id=? for update
12:23:09.436 [main] [o.h.l.p.b.i.s.QuerySpacesImpl] DEBUG org.hibernate.loader.plan.build.internal.spaces.QuerySpacesImpl - Adding QuerySpace : uid = &lt;gen:0&gt; -&gt; org.hibernate.loader.plan.build.internal.spaces.EntityQuerySpaceImpl@399ca607]
12:23:09.436 [main] [o.h.p.w.s.MetamodelGraphWalker] DEBUG org.hibernate.persister.walking.spi.MetamodelGraphWalker - Visiting attribute path : address
12:23:09.436 [main] [o.h.l.p.b.i.s.QuerySpacesImpl] DEBUG org.hibernate.loader.plan.build.internal.spaces.QuerySpacesImpl - Adding QuerySpace : uid = &lt;gen:1&gt; -&gt; org.hibernate.loader.plan.build.internal.spaces.CompositeQuerySpaceImpl@76bf1bb8]
12:23:09.436 [main] [o.h.p.w.s.MetamodelGraphWalker] DEBUG org.hibernate.persister.walking.spi.MetamodelGraphWalker - Visiting attribute path : address.addressLine1
12:23:09.436 [main] [o.h.p.w.s.MetamodelGraphWalker] DEBUG org.hibernate.persister.walking.spi.MetamodelGraphWalker - Visiting attribute path : address.addressLine2
12:23:09.436 [main] [o.h.p.w.s.MetamodelGraphWalker] DEBUG org.hibernate.persister.walking.spi.MetamodelGraphWalker - Visiting attribute path : address.country
12:23:09.436 [main] [o.h.p.w.s.MetamodelGraphWalker] DEBUG org.hibernate.persister.walking.spi.MetamodelGraphWalker - Visiting attribute path : address.county
12:23:09.436 [main] [o.h.p.w.s.MetamodelGraphWalker] DEBUG org.hibernate.persister.walking.spi.MetamodelGraphWalker - Visiting attribute path : address.latitude
12:23:09.436 [main] [o.h.p.w.s.MetamodelGraphWalker] DEBUG org.hibernate.persister.walking.spi.MetamodelGraphWalker - Visiting attribute path : address.longitude
12:23:09.436 [main] [o.h.p.w.s.MetamodelGraphWalker] DEBUG org.hibernate.persister.walking.spi.MetamodelGraphWalker - Visiting attribute path : address.mobile
12:23:09.436 [main] [o.h.p.w.s.MetamodelGraphWalker] DEBUG org.hibernate.persister.walking.spi.MetamodelGraphWalker - Visiting attribute path : address.number
12:23:09.436 [main] [o.h.p.w.s.MetamodelGraphWalker] DEBUG org.hibernate.persister.walking.spi.MetamodelGraphWalker - Visiting attribute path : address.postcode
12:23:09.436 [main] [o.h.p.w.s.MetamodelGraphWalker] DEBUG org.hibernate.persister.walking.spi.MetamodelGraphWalker - Visiting attribute path : address.telephone
12:23:09.436 [main] [o.h.p.w.s.MetamodelGraphWalker] DEBUG org.hibernate.persister.walking.spi.MetamodelGraphWalker - Visiting attribute path : enabled
12:23:09.436 [main] [o.h.p.w.s.MetamodelGraphWalker] DEBUG org.hibernate.persister.walking.spi.MetamodelGraphWalker - Visiting attribute path : firstName
12:23:09.436 [main] [o.h.p.w.s.MetamodelGraphWalker] DEBUG org.hibernate.persister.walking.spi.MetamodelGraphWalker - Visiting attribute path : partyRole
12:23:09.436 [main] [o.h.p.w.s.MetamodelGraphWalker] DEBUG org.hibernate.persister.walking.spi.MetamodelGraphWalker - Visiting attribute path : partyStatus
12:23:09.436 [main] [o.h.p.w.s.MetamodelGraphWalker] DEBUG org.hibernate.persister.walking.spi.MetamodelGraphWalker - Visiting attribute path : secondName
12:23:09.436 [main] [o.h.p.w.s.MetamodelGraphWalker] DEBUG org.hibernate.persister.walking.spi.MetamodelGraphWalker - Visiting attribute path : users
12:23:09.436 [main] [o.h.l.p.b.i.s.QuerySpacesImpl] DEBUG org.hibernate.loader.plan.build.internal.spaces.QuerySpacesImpl - Adding QuerySpace : uid = &lt;gen:2&gt; -&gt; org.hibernate.loader.plan.build.internal.spaces.CollectionQuerySpaceImpl@76536c53]
12:23:09.451 [main] [o.h.l.p.b.i.s.QuerySpacesImpl] DEBUG org.hibernate.loader.plan.build.internal.spaces.QuerySpacesImpl - Adding QuerySpace : uid = &lt;gen:3&gt; -&gt; org.hibernate.loader.plan.build.internal.spaces.EntityQuerySpaceImpl@38d08cb5]
12:23:09.451 [main] [o.h.p.w.s.MetamodelGraphWalker] DEBUG org.hibernate.persister.walking.spi.MetamodelGraphWalker - Visiting attribute path : uuid
12:23:09.451 [main] [o.h.l.p.b.i.FetchStyleLoadPlanBuildingAssociationVisitationStrategy] DEBUG org.hibernate.loader.plan.build.internal.FetchStyleLoadPlanBuildingAssociationVisitationStrategy - Building LoadPlan...
12:23:09.451 [main] [o.h.l.p.e.i.LoadQueryJoinAndFetchProcessor] DEBUG org.hibernate.loader.plan.exec.internal.LoadQueryJoinAndFetchProcessor - processing queryspace &lt;gen:0&gt;
12:23:09.451 [main] [o.h.l.p.b.s.LoadPlanTreePrinter] DEBUG org.hibernate.loader.plan.build.spi.LoadPlanTreePrinter - LoadPlan(entity=org.solent.com504.project.model.party.dto.Party)
    - Returns
       - EntityReturnImpl(entity=org.solent.com504.project.model.party.dto.Party, querySpaceUid=&lt;gen:0&gt;, path=org.solent.com504.project.model.party.dto.Party)
          - CompositeAttributeFetchImpl(composite=org.solent.com504.project.model.party.dto.Address, querySpaceUid=&lt;gen:1&gt;, path=org.solent.com504.project.model.party.dto.Party.address)
          - CollectionAttributeFetchImpl(collection=org.solent.com504.project.model.party.dto.Party.users, querySpaceUid=&lt;gen:2&gt;, path=org.solent.com504.project.model.party.dto.Party.users)
             - (collection element) CollectionFetchableElementEntityGraph(entity=org.solent.com504.project.model.user.dto.User, querySpaceUid=&lt;gen:3&gt;, path=org.solent.com504.project.model.party.dto.Party.users.&lt;elements&gt;)
    - QuerySpaces
       - EntityQuerySpaceImpl(uid=&lt;gen:0&gt;, entity=org.solent.com504.project.model.party.dto.Party)
          - SQL table alias mapping - party0_
          - alias suffix - 0_
          - suffixed key columns - {id1_5_0_}
          - JOIN (JoinDefinedByMetadata(address)) : &lt;gen:0&gt; -&gt; &lt;gen:1&gt;
             - CompositeQuerySpaceImpl(uid=&lt;gen:1&gt;)
                - SQL table alias mapping - party0_

12:23:09.451 [main] [o.h.l.e.p.EntityLoader] DEBUG org.hibernate.loader.entity.plan.EntityLoader - Static select for entity org.solent.com504.project.model.party.dto.Party [OPTIMISTIC]: select party0_.id as id1_5_0_, party0_.addressLine1 as addressL2_5_0_, party0_.addressLine2 as addressL3_5_0_, party0_.country as country4_5_0_, party0_.county as county5_5_0_, party0_.latitude as latitude6_5_0_, party0_.longitude as longitud7_5_0_, party0_.mobile as mobile8_5_0_, party0_.number as number9_5_0_, party0_.postcode as postcod10_5_0_, party0_.telephone as telepho11_5_0_, party0_.enabled as enabled12_5_0_, party0_.firstName as firstNa13_5_0_, party0_.partyRole as partyRo14_5_0_, party0_.partyStatus as partySt15_5_0_, party0_.secondName as secondN16_5_0_, party0_.uuid as uuid17_5_0_ from Party party0_ where party0_.id=?
12:23:09.451 [main] [o.h.l.p.b.i.s.QuerySpacesImpl] DEBUG org.hibernate.loader.plan.build.internal.spaces.QuerySpacesImpl - Adding QuerySpace : uid = &lt;gen:0&gt; -&gt; org.hibernate.loader.plan.build.internal.spaces.EntityQuerySpaceImpl@363c32cc]
12:23:09.451 [main] [o.h.p.w.s.MetamodelGraphWalker] DEBUG org.hibernate.persister.walking.spi.MetamodelGraphWalker - Visiting attribute path : address
12:23:09.451 [main] [o.h.l.p.b.i.s.QuerySpacesImpl] DEBUG org.hibernate.loader.plan.build.internal.spaces.QuerySpacesImpl - Adding QuerySpace : uid = &lt;gen:1&gt; -&gt; org.hibernate.loader.plan.build.internal.spaces.CompositeQuerySpaceImpl@6baf25d7]
12:23:09.451 [main] [o.h.p.w.s.MetamodelGraphWalker] DEBUG org.hibernate.persister.walking.spi.MetamodelGraphWalker - Visiting attribute path : address.addressLine1
12:23:09.451 [main] [o.h.p.w.s.MetamodelGraphWalker] DEBUG org.hibernate.persister.walking.spi.MetamodelGraphWalker - Visiting attribute path : address.addressLine2
12:23:09.451 [main] [o.h.p.w.s.MetamodelGraphWalker] DEBUG org.hibernate.persister.walking.spi.MetamodelGraphWalker - Visiting attribute path : address.country
12:23:09.451 [main] [o.h.p.w.s.MetamodelGraphWalker] DEBUG org.hibernate.persister.walking.spi.MetamodelGraphWalker - Visiting attribute path : address.county
12:23:09.451 [main] [o.h.p.w.s.MetamodelGraphWalker] DEBUG org.hibernate.persister.walking.spi.MetamodelGraphWalker - Visiting attribute path : address.latitude
12:23:09.451 [main] [o.h.p.w.s.MetamodelGraphWalker] DEBUG org.hibernate.persister.walking.spi.MetamodelGraphWalker - Visiting attribute path : address.longitude
12:23:09.451 [main] [o.h.p.w.s.MetamodelGraphWalker] DEBUG org.hibernate.persister.walking.spi.MetamodelGraphWalker - Visiting attribute path : address.mobile
12:23:09.451 [main] [o.h.p.w.s.MetamodelGraphWalker] DEBUG org.hibernate.persister.walking.spi.MetamodelGraphWalker - Visiting attribute path : address.number
12:23:09.451 [main] [o.h.p.w.s.MetamodelGraphWalker] DEBUG org.hibernate.persister.walking.spi.MetamodelGraphWalker - Visiting attribute path : address.postcode
12:23:09.451 [main] [o.h.p.w.s.MetamodelGraphWalker] DEBUG org.hibernate.persister.walking.spi.MetamodelGraphWalker - Visiting attribute path : address.telephone
12:23:09.451 [main] [o.h.p.w.s.MetamodelGraphWalker] DEBUG org.hibernate.persister.walking.spi.MetamodelGraphWalker - Visiting attribute path : enabled
12:23:09.451 [main] [o.h.p.w.s.MetamodelGraphWalker] DEBUG org.hibernate.persister.walking.spi.MetamodelGraphWalker - Visiting attribute path : firstName
12:23:09.451 [main] [o.h.p.w.s.MetamodelGraphWalker] DEBUG org.hibernate.persister.walking.spi.MetamodelGraphWalker - Visiting attribute path : partyRole
12:23:09.451 [main] [o.h.p.w.s.MetamodelGraphWalker] DEBUG org.hibernate.persister.walking.spi.MetamodelGraphWalker - Visiting attribute path : partyStatus
12:23:09.451 [main] [o.h.p.w.s.MetamodelGraphWalker] DEBUG org.hibernate.persister.walking.spi.MetamodelGraphWalker - Visiting attribute path : secondName
12:23:09.451 [main] [o.h.p.w.s.MetamodelGraphWalker] DEBUG org.hibernate.persister.walking.spi.MetamodelGraphWalker - Visiting attribute path : users
12:23:09.451 [main] [o.h.l.p.b.i.s.QuerySpacesImpl] DEBUG org.hibernate.loader.plan.build.internal.spaces.QuerySpacesImpl - Adding QuerySpace : uid = &lt;gen:2&gt; -&gt; org.hibernate.loader.plan.build.internal.spaces.CollectionQuerySpaceImpl@5b5b59]
12:23:09.451 [main] [o.h.l.p.b.i.s.QuerySpacesImpl] DEBUG org.hibernate.loader.plan.build.internal.spaces.QuerySpacesImpl - Adding QuerySpace : uid = &lt;gen:3&gt; -&gt; org.hibernate.loader.plan.build.internal.spaces.EntityQuerySpaceImpl@1934ad7c]
12:23:09.451 [main] [o.h.p.w.s.MetamodelGraphWalker] DEBUG org.hibernate.persister.walking.spi.MetamodelGraphWalker - Visiting attribute path : uuid
12:23:09.451 [main] [o.h.l.p.b.i.FetchStyleLoadPlanBuildingAssociationVisitationStrategy] DEBUG org.hibernate.loader.plan.build.internal.FetchStyleLoadPlanBuildingAssociationVisitationStrategy - Building LoadPlan...
12:23:09.451 [main] [o.h.l.p.e.i.LoadQueryJoinAndFetchProcessor] DEBUG org.hibernate.loader.plan.exec.internal.LoadQueryJoinAndFetchProcessor - processing queryspace &lt;gen:0&gt;
12:23:09.451 [main] [o.h.l.p.b.s.LoadPlanTreePrinter] DEBUG org.hibernate.loader.plan.build.spi.LoadPlanTreePrinter - LoadPlan(entity=org.solent.com504.project.model.party.dto.Party)
    - Returns
       - EntityReturnImpl(entity=org.solent.com504.project.model.party.dto.Party, querySpaceUid=&lt;gen:0&gt;, path=org.solent.com504.project.model.party.dto.Party)
          - CompositeAttributeFetchImpl(composite=org.solent.com504.project.model.party.dto.Address, querySpaceUid=&lt;gen:1&gt;, path=org.solent.com504.project.model.party.dto.Party.address)
          - CollectionAttributeFetchImpl(collection=org.solent.com504.project.model.party.dto.Party.users, querySpaceUid=&lt;gen:2&gt;, path=org.solent.com504.project.model.party.dto.Party.users)
             - (collection element) CollectionFetchableElementEntityGraph(entity=org.solent.com504.project.model.user.dto.User, querySpaceUid=&lt;gen:3&gt;, path=org.solent.com504.project.model.party.dto.Party.users.&lt;elements&gt;)
    - QuerySpaces
       - EntityQuerySpaceImpl(uid=&lt;gen:0&gt;, entity=org.solent.com504.project.model.party.dto.Party)
          - SQL table alias mapping - party0_
          - alias suffix - 0_
          - suffixed key columns - {id1_5_0_}
          - JOIN (JoinDefinedByMetadata(address)) : &lt;gen:0&gt; -&gt; &lt;gen:1&gt;
             - CompositeQuerySpaceImpl(uid=&lt;gen:1&gt;)
                - SQL table alias mapping - party0_

12:23:09.451 [main] [o.h.l.e.p.EntityLoader] DEBUG org.hibernate.loader.entity.plan.EntityLoader - Static select for entity org.solent.com504.project.model.party.dto.Party [OPTIMISTIC_FORCE_INCREMENT]: select party0_.id as id1_5_0_, party0_.addressLine1 as addressL2_5_0_, party0_.addressLine2 as addressL3_5_0_, party0_.country as country4_5_0_, party0_.county as county5_5_0_, party0_.latitude as latitude6_5_0_, party0_.longitude as longitud7_5_0_, party0_.mobile as mobile8_5_0_, party0_.number as number9_5_0_, party0_.postcode as postcod10_5_0_, party0_.telephone as telepho11_5_0_, party0_.enabled as enabled12_5_0_, party0_.firstName as firstNa13_5_0_, party0_.partyRole as partyRo14_5_0_, party0_.partyStatus as partySt15_5_0_, party0_.secondName as secondN16_5_0_, party0_.uuid as uuid17_5_0_ from Party party0_ where party0_.id=?
12:23:09.451 [main] [o.h.l.Loader] DEBUG org.hibernate.loader.Loader - Static select for action ACTION_MERGE on entity org.solent.com504.project.model.party.dto.Party: select party0_.id as id1_5_1_, party0_.addressLine1 as addressL2_5_1_, party0_.addressLine2 as addressL3_5_1_, party0_.country as country4_5_1_, party0_.county as county5_5_1_, party0_.latitude as latitude6_5_1_, party0_.longitude as longitud7_5_1_, party0_.mobile as mobile8_5_1_, party0_.number as number9_5_1_, party0_.postcode as postcod10_5_1_, party0_.telephone as telepho11_5_1_, party0_.enabled as enabled12_5_1_, party0_.firstName as firstNa13_5_1_, party0_.partyRole as partyRo14_5_1_, party0_.partyStatus as partySt15_5_1_, party0_.secondName as secondN16_5_1_, party0_.uuid as uuid17_5_1_, users1_.user_id as user_id1_8_3_, user2_.id as party_id2_8_3_, user2_.id as id1_7_0_, user2_.addressLine1 as addressL2_7_0_, user2_.addressLine2 as addressL3_7_0_, user2_.country as country4_7_0_, user2_.county as county5_7_0_, user2_.latitude as latitude6_7_0_, user2_.longitude as longitud7_7_0_, user2_.mobile as mobile8_7_0_, user2_.number as number9_7_0_, user2_.postcode as postcod10_7_0_, user2_.telephone as telepho11_7_0_, user2_.enabled as enabled12_7_0_, user2_.firstName as firstNa13_7_0_, user2_.password as passwor14_7_0_, user2_.secondName as secondN15_7_0_, user2_.username as usernam16_7_0_ from Party party0_ left outer join user_party users1_ on party0_.id=users1_.user_id left outer join user user2_ on users1_.party_id=user2_.id where party0_.id=?
12:23:09.451 [main] [o.h.l.Loader] DEBUG org.hibernate.loader.Loader - Static select for action ACTION_REFRESH on entity org.solent.com504.project.model.party.dto.Party: select party0_.id as id1_5_0_, party0_.addressLine1 as addressL2_5_0_, party0_.addressLine2 as addressL3_5_0_, party0_.country as country4_5_0_, party0_.county as county5_5_0_, party0_.latitude as latitude6_5_0_, party0_.longitude as longitud7_5_0_, party0_.mobile as mobile8_5_0_, party0_.number as number9_5_0_, party0_.postcode as postcod10_5_0_, party0_.telephone as telepho11_5_0_, party0_.enabled as enabled12_5_0_, party0_.firstName as firstNa13_5_0_, party0_.partyRole as partyRo14_5_0_, party0_.partyStatus as partySt15_5_0_, party0_.secondName as secondN16_5_0_, party0_.uuid as uuid17_5_0_ from Party party0_ where party0_.id=?
12:23:09.451 [main] [o.h.p.e.AbstractEntityPersister] DEBUG org.hibernate.persister.entity.AbstractEntityPersister - Static SQL for entity: org.solent.com504.project.model.user.dto.User
12:23:09.451 [main] [o.h.p.e.AbstractEntityPersister] DEBUG org.hibernate.persister.entity.AbstractEntityPersister -  Version select: select id from user where id =?
12:23:09.451 [main] [o.h.p.e.AbstractEntityPersister] DEBUG org.hibernate.persister.entity.AbstractEntityPersister -  Snapshot select: select user_.id, user_.addressLine1 as addressL2_7_, user_.addressLine2 as addressL3_7_, user_.country as country4_7_, user_.county as county5_7_, user_.latitude as latitude6_7_, user_.longitude as longitud7_7_, user_.mobile as mobile8_7_, user_.number as number9_7_, user_.postcode as postcod10_7_, user_.telephone as telepho11_7_, user_.enabled as enabled12_7_, user_.firstName as firstNa13_7_, user_.password as passwor14_7_, user_.secondName as secondN15_7_, user_.username as usernam16_7_ from user user_ where user_.id=?
12:23:09.451 [main] [o.h.p.e.AbstractEntityPersister] DEBUG org.hibernate.persister.entity.AbstractEntityPersister -  Insert 0: insert into user (addressLine1, addressLine2, country, county, latitude, longitude, mobile, number, postcode, telephone, enabled, firstName, password, secondName, username, id) values (?, ?, ?, ?, ?, ?, ?, ?, ?, ?, ?, ?, ?, ?, ?, ?)
12:23:09.451 [main] [o.h.p.e.AbstractEntityPersister] DEBUG org.hibernate.persister.entity.AbstractEntityPersister -  Update 0: update user set addressLine1=?, addressLine2=?, country=?, county=?, latitude=?, longitude=?, mobile=?, number=?, postcode=?, telephone=?, enabled=?, firstName=?, password=?, secondName=?, username=? where id=?
12:23:09.451 [main] [o.h.p.e.AbstractEntityPersister] DEBUG org.hibernate.persister.entity.AbstractEntityPersister -  Delete 0: delete from user where id=?
12:23:09.451 [main] [o.h.l.p.b.i.s.QuerySpacesImpl] DEBUG org.hibernate.loader.plan.build.internal.spaces.QuerySpacesImpl - Adding QuerySpace : uid = &lt;gen:0&gt; -&gt; org.hibernate.loader.plan.build.internal.spaces.EntityQuerySpaceImpl@b27b210]
12:23:09.451 [main] [o.h.p.w.s.MetamodelGraphWalker] DEBUG org.hibernate.persister.walking.spi.MetamodelGraphWalker - Visiting attribute path : address
12:23:09.451 [main] [o.h.l.p.b.i.s.QuerySpacesImpl] DEBUG org.hibernate.loader.plan.build.internal.spaces.QuerySpacesImpl - Adding QuerySpace : uid = &lt;gen:1&gt; -&gt; org.hibernate.loader.plan.build.internal.spaces.CompositeQuerySpaceImpl@33f17289]
12:23:09.451 [main] [o.h.p.w.s.MetamodelGraphWalker] DEBUG org.hibernate.persister.walking.spi.MetamodelGraphWalker - Visiting attribute path : address.addressLine1
12:23:09.451 [main] [o.h.p.w.s.MetamodelGraphWalker] DEBUG org.hibernate.persister.walking.spi.MetamodelGraphWalker - Visiting attribute path : address.addressLine2
12:23:09.451 [main] [o.h.p.w.s.MetamodelGraphWalker] DEBUG org.hibernate.persister.walking.spi.MetamodelGraphWalker - Visiting attribute path : address.country
12:23:09.451 [main] [o.h.p.w.s.MetamodelGraphWalker] DEBUG org.hibernate.persister.walking.spi.MetamodelGraphWalker - Visiting attribute path : address.county
12:23:09.451 [main] [o.h.p.w.s.MetamodelGraphWalker] DEBUG org.hibernate.persister.walking.spi.MetamodelGraphWalker - Visiting attribute path : address.latitude
12:23:09.451 [main] [o.h.p.w.s.MetamodelGraphWalker] DEBUG org.hibernate.persister.walking.spi.MetamodelGraphWalker - Visiting attribute path : address.longitude
12:23:09.451 [main] [o.h.p.w.s.MetamodelGraphWalker] DEBUG org.hibernate.persister.walking.spi.MetamodelGraphWalker - Visiting attribute path : address.mobile
12:23:09.451 [main] [o.h.p.w.s.MetamodelGraphWalker] DEBUG org.hibernate.persister.walking.spi.MetamodelGraphWalker - Visiting attribute path : address.number
12:23:09.451 [main] [o.h.p.w.s.MetamodelGraphWalker] DEBUG org.hibernate.persister.walking.spi.MetamodelGraphWalker - Visiting attribute path : address.postcode
12:23:09.451 [main] [o.h.p.w.s.MetamodelGraphWalker] DEBUG org.hibernate.persister.walking.spi.MetamodelGraphWalker - Visiting attribute path : address.telephone
12:23:09.451 [main] [o.h.p.w.s.MetamodelGraphWalker] DEBUG org.hibernate.persister.walking.spi.MetamodelGraphWalker - Visiting attribute path : enabled
12:23:09.451 [main] [o.h.p.w.s.MetamodelGraphWalker] DEBUG org.hibernate.persister.walking.spi.MetamodelGraphWalker - Visiting attribute path : firstName
12:23:09.451 [main] [o.h.p.w.s.MetamodelGraphWalker] DEBUG org.hibernate.persister.walking.spi.MetamodelGraphWalker - Visiting attribute path : parties
12:23:09.451 [main] [o.h.l.p.b.i.s.QuerySpacesImpl] DEBUG org.hibernate.loader.plan.build.internal.spaces.QuerySpacesImpl - Adding QuerySpace : uid = &lt;gen:2&gt; -&gt; org.hibernate.loader.plan.build.internal.spaces.CollectionQuerySpaceImpl@3913f206]
12:23:09.451 [main] [o.h.l.p.b.i.s.QuerySpacesImpl] DEBUG org.hibernate.loader.plan.build.internal.spaces.QuerySpacesImpl - Adding QuerySpace : uid = &lt;gen:3&gt; -&gt; org.hibernate.loader.plan.build.internal.spaces.EntityQuerySpaceImpl@3e8799f]
12:23:09.451 [main] [o.h.p.w.s.MetamodelGraphWalker] DEBUG org.hibernate.persister.walking.spi.MetamodelGraphWalker - Visiting attribute path : parties.address
12:23:09.451 [main] [o.h.l.p.b.i.s.QuerySpacesImpl] DEBUG org.hibernate.loader.plan.build.internal.spaces.QuerySpacesImpl - Adding QuerySpace : uid = &lt;gen:4&gt; -&gt; org.hibernate.loader.plan.build.internal.spaces.CompositeQuerySpaceImpl@1280682]
12:23:09.451 [main] [o.h.p.w.s.MetamodelGraphWalker] DEBUG org.hibernate.persister.walking.spi.MetamodelGraphWalker - Visiting attribute path : parties.address.addressLine1
12:23:09.451 [main] [o.h.p.w.s.MetamodelGraphWalker] DEBUG org.hibernate.persister.walking.spi.MetamodelGraphWalker - Visiting attribute path : parties.address.addressLine2
12:23:09.451 [main] [o.h.p.w.s.MetamodelGraphWalker] DEBUG org.hibernate.persister.walking.spi.MetamodelGraphWalker - Visiting attribute path : parties.address.country
12:23:09.451 [main] [o.h.p.w.s.MetamodelGraphWalker] DEBUG org.hibernate.persister.walking.spi.MetamodelGraphWalker - Visiting attribute path : parties.address.county
12:23:09.451 [main] [o.h.p.w.s.MetamodelGraphWalker] DEBUG org.hibernate.persister.walking.spi.MetamodelGraphWalker - Visiting attribute path : parties.address.latitude
12:23:09.451 [main] [o.h.p.w.s.MetamodelGraphWalker] DEBUG org.hibernate.persister.walking.spi.MetamodelGraphWalker - Visiting attribute path : parties.address.longitude
12:23:09.451 [main] [o.h.p.w.s.MetamodelGraphWalker] DEBUG org.hibernate.persister.walking.spi.MetamodelGraphWalker - Visiting attribute path : parties.address.mobile
12:23:09.451 [main] [o.h.p.w.s.MetamodelGraphWalker] DEBUG org.hibernate.persister.walking.spi.MetamodelGraphWalker - Visiting attribute path : parties.address.number
12:23:09.451 [main] [o.h.p.w.s.MetamodelGraphWalker] DEBUG org.hibernate.persister.walking.spi.MetamodelGraphWalker - Visiting attribute path : parties.address.postcode
12:23:09.451 [main] [o.h.p.w.s.MetamodelGraphWalker] DEBUG org.hibernate.persister.walking.spi.MetamodelGraphWalker - Visiting attribute path : parties.address.telephone
12:23:09.451 [main] [o.h.p.w.s.MetamodelGraphWalker] DEBUG org.hibernate.persister.walking.spi.MetamodelGraphWalker - Visiting attribute path : parties.enabled
12:23:09.451 [main] [o.h.p.w.s.MetamodelGraphWalker] DEBUG org.hibernate.persister.walking.spi.MetamodelGraphWalker - Visiting attribute path : parties.firstName
12:23:09.451 [main] [o.h.p.w.s.MetamodelGraphWalker] DEBUG org.hibernate.persister.walking.spi.MetamodelGraphWalker - Visiting attribute path : parties.partyRole
12:23:09.451 [main] [o.h.p.w.s.MetamodelGraphWalker] DEBUG org.hibernate.persister.walking.spi.MetamodelGraphWalker - Visiting attribute path : parties.partyStatus
12:23:09.451 [main] [o.h.p.w.s.MetamodelGraphWalker] DEBUG org.hibernate.persister.walking.spi.MetamodelGraphWalker - Visiting attribute path : parties.secondName
12:23:09.451 [main] [o.h.p.w.s.MetamodelGraphWalker] DEBUG org.hibernate.persister.walking.spi.MetamodelGraphWalker - Visiting attribute path : parties.users
12:23:09.451 [main] [o.h.p.w.s.MetamodelGraphWalker] DEBUG org.hibernate.persister.walking.spi.MetamodelGraphWalker - Property path deemed to be circular : parties.users
12:23:09.451 [main] [o.h.p.w.s.MetamodelGraphWalker] DEBUG org.hibernate.persister.walking.spi.MetamodelGraphWalker - Visiting attribute path : parties.uuid
12:23:09.451 [main] [o.h.p.w.s.MetamodelGraphWalker] DEBUG org.hibernate.persister.walking.spi.MetamodelGraphWalker - Visiting attribute path : password
12:23:09.451 [main] [o.h.p.w.s.MetamodelGraphWalker] DEBUG org.hibernate.persister.walking.spi.MetamodelGraphWalker - Visiting attribute path : roles
12:23:09.451 [main] [o.h.l.p.b.i.s.QuerySpacesImpl] DEBUG org.hibernate.loader.plan.build.internal.spaces.QuerySpacesImpl - Adding QuerySpace : uid = &lt;gen:5&gt; -&gt; org.hibernate.loader.plan.build.internal.spaces.CollectionQuerySpaceImpl@53d9826f]
12:23:09.451 [main] [o.h.l.p.b.i.s.QuerySpacesImpl] DEBUG org.hibernate.loader.plan.build.internal.spaces.QuerySpacesImpl - Adding QuerySpace : uid = &lt;gen:6&gt; -&gt; org.hibernate.loader.plan.build.internal.spaces.EntityQuerySpaceImpl@1e84f3c8]
12:23:09.467 [main] [o.h.p.w.s.MetamodelGraphWalker] DEBUG org.hibernate.persister.walking.spi.MetamodelGraphWalker - Visiting attribute path : roles.name
12:23:09.467 [main] [o.h.p.w.s.MetamodelGraphWalker] DEBUG org.hibernate.persister.walking.spi.MetamodelGraphWalker - Visiting attribute path : roles.users
12:23:09.467 [main] [o.h.p.w.s.MetamodelGraphWalker] DEBUG org.hibernate.persister.walking.spi.MetamodelGraphWalker - Property path deemed to be circular : roles.users
12:23:09.467 [main] [o.h.p.w.s.MetamodelGraphWalker] DEBUG org.hibernate.persister.walking.spi.MetamodelGraphWalker - Visiting attribute path : secondName
12:23:09.467 [main] [o.h.p.w.s.MetamodelGraphWalker] DEBUG org.hibernate.persister.walking.spi.MetamodelGraphWalker - Visiting attribute path : username
12:23:09.467 [main] [o.h.l.p.b.i.FetchStyleLoadPlanBuildingAssociationVisitationStrategy] DEBUG org.hibernate.loader.plan.build.internal.FetchStyleLoadPlanBuildingAssociationVisitationStrategy - Building LoadPlan...
12:23:09.467 [main] [o.h.l.p.e.i.LoadQueryJoinAndFetchProcessor] DEBUG org.hibernate.loader.plan.exec.internal.LoadQueryJoinAndFetchProcessor - processing queryspace &lt;gen:0&gt;
12:23:09.467 [main] [o.h.l.p.b.s.LoadPlanTreePrinter] DEBUG org.hibernate.loader.plan.build.spi.LoadPlanTreePrinter - LoadPlan(entity=org.solent.com504.project.model.user.dto.User)
    - Returns
       - EntityReturnImpl(entity=org.solent.com504.project.model.user.dto.User, querySpaceUid=&lt;gen:0&gt;, path=org.solent.com504.project.model.user.dto.User)
          - CompositeAttributeFetchImpl(composite=org.solent.com504.project.model.party.dto.Address, querySpaceUid=&lt;gen:1&gt;, path=org.solent.com504.project.model.user.dto.User.address)
          - CollectionAttributeFetchImpl(collection=org.solent.com504.project.model.user.dto.User.parties, querySpaceUid=&lt;gen:2&gt;, path=org.solent.com504.project.model.user.dto.User.parties)
             - (collection element) CollectionFetchableElementEntityGraph(entity=org.solent.com504.project.model.party.dto.Party, querySpaceUid=&lt;gen:3&gt;, path=org.solent.com504.project.model.user.dto.User.parties.&lt;elements&gt;)
                - CompositeAttributeFetchImpl(composite=org.solent.com504.project.model.party.dto.Address, querySpaceUid=&lt;gen:4&gt;, path=org.solent.com504.project.model.user.dto.User.parties.&lt;elements&gt;.address)
          - CollectionAttributeFetchImpl(collection=org.solent.com504.project.model.user.dto.User.roles, querySpaceUid=&lt;gen:5&gt;, path=org.solent.com504.project.model.user.dto.User.roles)
             - (collection element) CollectionFetchableElementEntityGraph(entity=org.solent.com504.project.model.user.dto.Role, querySpaceUid=&lt;gen:6&gt;, path=org.solent.com504.project.model.user.dto.User.roles.&lt;elements&gt;)
    - QuerySpaces
       - EntityQuerySpaceImpl(uid=&lt;gen:0&gt;, entity=org.solent.com504.project.model.user.dto.User)
          - SQL table alias mapping - user0_
          - alias suffix - 0_
          - suffixed key columns - {id1_7_0_}
          - JOIN (JoinDefinedByMetadata(address)) : &lt;gen:0&gt; -&gt; &lt;gen:1&gt;
             - CompositeQuerySpaceImpl(uid=&lt;gen:1&gt;)
                - SQL table alias mapping - user0_
          - JOIN (JoinDefinedByMetadata(parties)) : &lt;gen:0&gt; -&gt; &lt;gen:2&gt;
             - CollectionQuerySpaceImpl(uid=&lt;gen:2&gt;, collection=org.solent.com504.project.model.user.dto.User.parties)
                - SQL table alias mapping - parties1_
                - alias suffix - 1_
                - suffixed key columns - {party_id2_8_1_}
                - entity-element alias suffix - 2_
                - 2_entity-element suffixed key columns - id1_5_2_
                - JOIN (JoinDefinedByMetadata(elements)) : &lt;gen:2&gt; -&gt; &lt;gen:3&gt;
                   - EntityQuerySpaceImpl(uid=&lt;gen:3&gt;, entity=org.solent.com504.project.model.party.dto.Party)
                      - SQL table alias mapping - party2_
                      - alias suffix - 2_
                      - suffixed key columns - {id1_5_2_}
                      - JOIN (JoinDefinedByMetadata(address)) : &lt;gen:3&gt; -&gt; &lt;gen:4&gt;
                         - CompositeQuerySpaceImpl(uid=&lt;gen:4&gt;)
                            - SQL table alias mapping - party2_
          - JOIN (JoinDefinedByMetadata(roles)) : &lt;gen:0&gt; -&gt; &lt;gen:5&gt;
             - CollectionQuerySpaceImpl(uid=&lt;gen:5&gt;, collection=org.solent.com504.project.model.user.dto.User.roles)
                - SQL table alias mapping - roles3_
                - alias suffix - 3_
                - suffixed key columns - {user_id1_9_3_}
                - entity-element alias suffix - 4_
                - 4_entity-element suffixed key columns - id1_6_4_
                - JOIN (JoinDefinedByMetadata(elements)) : &lt;gen:5&gt; -&gt; &lt;gen:6&gt;
                   - EntityQuerySpaceImpl(uid=&lt;gen:6&gt;, entity=org.solent.com504.project.model.user.dto.Role)
                      - SQL table alias mapping - role4_
                      - alias suffix - 4_
                      - suffixed key columns - {id1_6_4_}

12:23:09.467 [main] [o.h.l.e.p.EntityLoader] DEBUG org.hibernate.loader.entity.plan.EntityLoader - Static select for entity org.solent.com504.project.model.user.dto.User [NONE]: select user0_.id as id1_7_0_, user0_.addressLine1 as addressL2_7_0_, user0_.addressLine2 as addressL3_7_0_, user0_.country as country4_7_0_, user0_.county as county5_7_0_, user0_.latitude as latitude6_7_0_, user0_.longitude as longitud7_7_0_, user0_.mobile as mobile8_7_0_, user0_.number as number9_7_0_, user0_.postcode as postcod10_7_0_, user0_.telephone as telepho11_7_0_, user0_.enabled as enabled12_7_0_, user0_.firstName as firstNa13_7_0_, user0_.password as passwor14_7_0_, user0_.secondName as secondN15_7_0_, user0_.username as usernam16_7_0_, parties1_.party_id as party_id2_8_1_, party2_.id as user_id1_8_1_, party2_.id as id1_5_2_, party2_.addressLine1 as addressL2_5_2_, party2_.addressLine2 as addressL3_5_2_, party2_.country as country4_5_2_, party2_.county as county5_5_2_, party2_.latitude as latitude6_5_2_, party2_.longitude as longitud7_5_2_, party2_.mobile as mobile8_5_2_, party2_.number as number9_5_2_, party2_.postcode as postcod10_5_2_, party2_.telephone as telepho11_5_2_, party2_.enabled as enabled12_5_2_, party2_.firstName as firstNa13_5_2_, party2_.partyRole as partyRo14_5_2_, party2_.partyStatus as partySt15_5_2_, party2_.secondName as secondN16_5_2_, party2_.uuid as uuid17_5_2_, roles3_.user_id as user_id1_9_3_, role4_.id as role_id2_9_3_, role4_.id as id1_6_4_, role4_.name as name2_6_4_ from user user0_ left outer join user_party parties1_ on user0_.id=parties1_.party_id left outer join Party party2_ on parties1_.user_id=party2_.id left outer join user_role roles3_ on user0_.id=roles3_.user_id left outer join role role4_ on roles3_.role_id=role4_.id where user0_.id=?
12:23:09.467 [main] [o.h.l.p.b.i.s.QuerySpacesImpl] DEBUG org.hibernate.loader.plan.build.internal.spaces.QuerySpacesImpl - Adding QuerySpace : uid = &lt;gen:0&gt; -&gt; org.hibernate.loader.plan.build.internal.spaces.EntityQuerySpaceImpl@64f9f455]
12:23:09.467 [main] [o.h.p.w.s.MetamodelGraphWalker] DEBUG org.hibernate.persister.walking.spi.MetamodelGraphWalker - Visiting attribute path : address
12:23:09.467 [main] [o.h.l.p.b.i.s.QuerySpacesImpl] DEBUG org.hibernate.loader.plan.build.internal.spaces.QuerySpacesImpl - Adding QuerySpace : uid = &lt;gen:1&gt; -&gt; org.hibernate.loader.plan.build.internal.spaces.CompositeQuerySpaceImpl@4dc7cd1c]
12:23:09.467 [main] [o.h.p.w.s.MetamodelGraphWalker] DEBUG org.hibernate.persister.walking.spi.MetamodelGraphWalker - Visiting attribute path : address.addressLine1
12:23:09.467 [main] [o.h.p.w.s.MetamodelGraphWalker] DEBUG org.hibernate.persister.walking.spi.MetamodelGraphWalker - Visiting attribute path : address.addressLine2
12:23:09.467 [main] [o.h.p.w.s.MetamodelGraphWalker] DEBUG org.hibernate.persister.walking.spi.MetamodelGraphWalker - Visiting attribute path : address.country
12:23:09.467 [main] [o.h.p.w.s.MetamodelGraphWalker] DEBUG org.hibernate.persister.walking.spi.MetamodelGraphWalker - Visiting attribute path : address.county
12:23:09.467 [main] [o.h.p.w.s.MetamodelGraphWalker] DEBUG org.hibernate.persister.walking.spi.MetamodelGraphWalker - Visiting attribute path : address.latitude
12:23:09.467 [main] [o.h.p.w.s.MetamodelGraphWalker] DEBUG org.hibernate.persister.walking.spi.MetamodelGraphWalker - Visiting attribute path : address.longitude
12:23:09.467 [main] [o.h.p.w.s.MetamodelGraphWalker] DEBUG org.hibernate.persister.walking.spi.MetamodelGraphWalker - Visiting attribute path : address.mobile
12:23:09.467 [main] [o.h.p.w.s.MetamodelGraphWalker] DEBUG org.hibernate.persister.walking.spi.MetamodelGraphWalker - Visiting attribute path : address.number
12:23:09.467 [main] [o.h.p.w.s.MetamodelGraphWalker] DEBUG org.hibernate.persister.walking.spi.MetamodelGraphWalker - Visiting attribute path : address.postcode
12:23:09.467 [main] [o.h.p.w.s.MetamodelGraphWalker] DEBUG org.hibernate.persister.walking.spi.MetamodelGraphWalker - Visiting attribute path : address.telephone
12:23:09.467 [main] [o.h.p.w.s.MetamodelGraphWalker] DEBUG org.hibernate.persister.walking.spi.MetamodelGraphWalker - Visiting attribute path : enabled
12:23:09.467 [main] [o.h.p.w.s.MetamodelGraphWalker] DEBUG org.hibernate.persister.walking.spi.MetamodelGraphWalker - Visiting attribute path : firstName
12:23:09.467 [main] [o.h.p.w.s.MetamodelGraphWalker] DEBUG org.hibernate.persister.walking.spi.MetamodelGraphWalker - Visiting attribute path : parties
12:23:09.467 [main] [o.h.l.p.b.i.s.QuerySpacesImpl] DEBUG org.hibernate.loader.plan.build.internal.spaces.QuerySpacesImpl - Adding QuerySpace : uid = &lt;gen:2&gt; -&gt; org.hibernate.loader.plan.build.internal.spaces.CollectionQuerySpaceImpl@7b5b5bfe]
12:23:09.467 [main] [o.h.l.p.b.i.s.QuerySpacesImpl] DEBUG org.hibernate.loader.plan.build.internal.spaces.QuerySpacesImpl - Adding QuerySpace : uid = &lt;gen:3&gt; -&gt; org.hibernate.loader.plan.build.internal.spaces.EntityQuerySpaceImpl@74834afd]
12:23:09.467 [main] [o.h.p.w.s.MetamodelGraphWalker] DEBUG org.hibernate.persister.walking.spi.MetamodelGraphWalker - Visiting attribute path : parties.address
12:23:09.467 [main] [o.h.l.p.b.i.s.QuerySpacesImpl] DEBUG org.hibernate.loader.plan.build.internal.spaces.QuerySpacesImpl - Adding QuerySpace : uid = &lt;gen:4&gt; -&gt; org.hibernate.loader.plan.build.internal.spaces.CompositeQuerySpaceImpl@2ceca2ef]
12:23:09.467 [main] [o.h.p.w.s.MetamodelGraphWalker] DEBUG org.hibernate.persister.walking.spi.MetamodelGraphWalker - Visiting attribute path : parties.address.addressLine1
12:23:09.467 [main] [o.h.p.w.s.MetamodelGraphWalker] DEBUG org.hibernate.persister.walking.spi.MetamodelGraphWalker - Visiting attribute path : parties.address.addressLine2
12:23:09.467 [main] [o.h.p.w.s.MetamodelGraphWalker] DEBUG org.hibernate.persister.walking.spi.MetamodelGraphWalker - Visiting attribute path : parties.address.country
12:23:09.467 [main] [o.h.p.w.s.MetamodelGraphWalker] DEBUG org.hibernate.persister.walking.spi.MetamodelGraphWalker - Visiting attribute path : parties.address.county
12:23:09.467 [main] [o.h.p.w.s.MetamodelGraphWalker] DEBUG org.hibernate.persister.walking.spi.MetamodelGraphWalker - Visiting attribute path : parties.address.latitude
12:23:09.467 [main] [o.h.p.w.s.MetamodelGraphWalker] DEBUG org.hibernate.persister.walking.spi.MetamodelGraphWalker - Visiting attribute path : parties.address.longitude
12:23:09.467 [main] [o.h.p.w.s.MetamodelGraphWalker] DEBUG org.hibernate.persister.walking.spi.MetamodelGraphWalker - Visiting attribute path : parties.address.mobile
12:23:09.467 [main] [o.h.p.w.s.MetamodelGraphWalker] DEBUG org.hibernate.persister.walking.spi.MetamodelGraphWalker - Visiting attribute path : parties.address.number
12:23:09.467 [main] [o.h.p.w.s.MetamodelGraphWalker] DEBUG org.hibernate.persister.walking.spi.MetamodelGraphWalker - Visiting attribute path : parties.address.postcode
12:23:09.467 [main] [o.h.p.w.s.MetamodelGraphWalker] DEBUG org.hibernate.persister.walking.spi.MetamodelGraphWalker - Visiting attribute path : parties.address.telephone
12:23:09.467 [main] [o.h.p.w.s.MetamodelGraphWalker] DEBUG org.hibernate.persister.walking.spi.MetamodelGraphWalker - Visiting attribute path : parties.enabled
12:23:09.467 [main] [o.h.p.w.s.MetamodelGraphWalker] DEBUG org.hibernate.persister.walking.spi.MetamodelGraphWalker - Visiting attribute path : parties.firstName
12:23:09.467 [main] [o.h.p.w.s.MetamodelGraphWalker] DEBUG org.hibernate.persister.walking.spi.MetamodelGraphWalker - Visiting attribute path : parties.partyRole
12:23:09.467 [main] [o.h.p.w.s.MetamodelGraphWalker] DEBUG org.hibernate.persister.walking.spi.MetamodelGraphWalker - Visiting attribute path : parties.partyStatus
12:23:09.467 [main] [o.h.p.w.s.MetamodelGraphWalker] DEBUG org.hibernate.persister.walking.spi.MetamodelGraphWalker - Visiting attribute path : parties.secondName
12:23:09.467 [main] [o.h.p.w.s.MetamodelGraphWalker] DEBUG org.hibernate.persister.walking.spi.MetamodelGraphWalker - Visiting attribute path : parties.users
12:23:09.467 [main] [o.h.p.w.s.MetamodelGraphWalker] DEBUG org.hibernate.persister.walking.spi.MetamodelGraphWalker - Property path deemed to be circular : parties.users
12:23:09.467 [main] [o.h.p.w.s.MetamodelGraphWalker] DEBUG org.hibernate.persister.walking.spi.MetamodelGraphWalker - Visiting attribute path : parties.uuid
12:23:09.467 [main] [o.h.p.w.s.MetamodelGraphWalker] DEBUG org.hibernate.persister.walking.spi.MetamodelGraphWalker - Visiting attribute path : password
12:23:09.467 [main] [o.h.p.w.s.MetamodelGraphWalker] DEBUG org.hibernate.persister.walking.spi.MetamodelGraphWalker - Visiting attribute path : roles
12:23:09.467 [main] [o.h.l.p.b.i.s.QuerySpacesImpl] DEBUG org.hibernate.loader.plan.build.internal.spaces.QuerySpacesImpl - Adding QuerySpace : uid = &lt;gen:5&gt; -&gt; org.hibernate.loader.plan.build.internal.spaces.CollectionQuerySpaceImpl@3b42121d]
12:23:09.467 [main] [o.h.l.p.b.i.s.QuerySpacesImpl] DEBUG org.hibernate.loader.plan.build.internal.spaces.QuerySpacesImpl - Adding QuerySpace : uid = &lt;gen:6&gt; -&gt; org.hibernate.loader.plan.build.internal.spaces.EntityQuerySpaceImpl@7a2ab862]
12:23:09.467 [main] [o.h.p.w.s.MetamodelGraphWalker] DEBUG org.hibernate.persister.walking.spi.MetamodelGraphWalker - Visiting attribute path : roles.name
12:23:09.467 [main] [o.h.p.w.s.MetamodelGraphWalker] DEBUG org.hibernate.persister.walking.spi.MetamodelGraphWalker - Visiting attribute path : roles.users
12:23:09.467 [main] [o.h.p.w.s.MetamodelGraphWalker] DEBUG org.hibernate.persister.walking.spi.MetamodelGraphWalker - Property path deemed to be circular : roles.users
12:23:09.467 [main] [o.h.p.w.s.MetamodelGraphWalker] DEBUG org.hibernate.persister.walking.spi.MetamodelGraphWalker - Visiting attribute path : secondName
12:23:09.467 [main] [o.h.p.w.s.MetamodelGraphWalker] DEBUG org.hibernate.persister.walking.spi.MetamodelGraphWalker - Visiting attribute path : username
12:23:09.467 [main] [o.h.l.p.b.i.FetchStyleLoadPlanBuildingAssociationVisitationStrategy] DEBUG org.hibernate.loader.plan.build.internal.FetchStyleLoadPlanBuildingAssociationVisitationStrategy - Building LoadPlan...
12:23:09.467 [main] [o.h.l.p.e.i.LoadQueryJoinAndFetchProcessor] DEBUG org.hibernate.loader.plan.exec.internal.LoadQueryJoinAndFetchProcessor - processing queryspace &lt;gen:0&gt;
12:23:09.483 [main] [o.h.l.p.b.s.LoadPlanTreePrinter] DEBUG org.hibernate.loader.plan.build.spi.LoadPlanTreePrinter - LoadPlan(entity=org.solent.com504.project.model.user.dto.User)
    - Returns
       - EntityReturnImpl(entity=org.solent.com504.project.model.user.dto.User, querySpaceUid=&lt;gen:0&gt;, path=org.solent.com504.project.model.user.dto.User)
          - CompositeAttributeFetchImpl(composite=org.solent.com504.project.model.party.dto.Address, querySpaceUid=&lt;gen:1&gt;, path=org.solent.com504.project.model.user.dto.User.address)
          - CollectionAttributeFetchImpl(collection=org.solent.com504.project.model.user.dto.User.parties, querySpaceUid=&lt;gen:2&gt;, path=org.solent.com504.project.model.user.dto.User.parties)
             - (collection element) CollectionFetchableElementEntityGraph(entity=org.solent.com504.project.model.party.dto.Party, querySpaceUid=&lt;gen:3&gt;, path=org.solent.com504.project.model.user.dto.User.parties.&lt;elements&gt;)
                - CompositeAttributeFetchImpl(composite=org.solent.com504.project.model.party.dto.Address, querySpaceUid=&lt;gen:4&gt;, path=org.solent.com504.project.model.user.dto.User.parties.&lt;elements&gt;.address)
          - CollectionAttributeFetchImpl(collection=org.solent.com504.project.model.user.dto.User.roles, querySpaceUid=&lt;gen:5&gt;, path=org.solent.com504.project.model.user.dto.User.roles)
             - (collection element) CollectionFetchableElementEntityGraph(entity=org.solent.com504.project.model.user.dto.Role, querySpaceUid=&lt;gen:6&gt;, path=org.solent.com504.project.model.user.dto.User.roles.&lt;elements&gt;)
    - QuerySpaces
       - EntityQuerySpaceImpl(uid=&lt;gen:0&gt;, entity=org.solent.com504.project.model.user.dto.User)
          - SQL table alias mapping - user0_
          - alias suffix - 0_
          - suffixed key columns - {id1_7_0_}
          - JOIN (JoinDefinedByMetadata(address)) : &lt;gen:0&gt; -&gt; &lt;gen:1&gt;
             - CompositeQuerySpaceImpl(uid=&lt;gen:1&gt;)
                - SQL table alias mapping - user0_
          - JOIN (JoinDefinedByMetadata(parties)) : &lt;gen:0&gt; -&gt; &lt;gen:2&gt;
             - CollectionQuerySpaceImpl(uid=&lt;gen:2&gt;, collection=org.solent.com504.project.model.user.dto.User.parties)
                - SQL table alias mapping - parties1_
                - alias suffix - 1_
                - suffixed key columns - {party_id2_8_1_}
                - entity-element alias suffix - 2_
                - 2_entity-element suffixed key columns - id1_5_2_
                - JOIN (JoinDefinedByMetadata(elements)) : &lt;gen:2&gt; -&gt; &lt;gen:3&gt;
                   - EntityQuerySpaceImpl(uid=&lt;gen:3&gt;, entity=org.solent.com504.project.model.party.dto.Party)
                      - SQL table alias mapping - party2_
                      - alias suffix - 2_
                      - suffixed key columns - {id1_5_2_}
                      - JOIN (JoinDefinedByMetadata(address)) : &lt;gen:3&gt; -&gt; &lt;gen:4&gt;
                         - CompositeQuerySpaceImpl(uid=&lt;gen:4&gt;)
                            - SQL table alias mapping - party2_
          - JOIN (JoinDefinedByMetadata(roles)) : &lt;gen:0&gt; -&gt; &lt;gen:5&gt;
             - CollectionQuerySpaceImpl(uid=&lt;gen:5&gt;, collection=org.solent.com504.project.model.user.dto.User.roles)
                - SQL table alias mapping - roles3_
                - alias suffix - 3_
                - suffixed key columns - {user_id1_9_3_}
                - entity-element alias suffix - 4_
                - 4_entity-element suffixed key columns - id1_6_4_
                - JOIN (JoinDefinedByMetadata(elements)) : &lt;gen:5&gt; -&gt; &lt;gen:6&gt;
                   - EntityQuerySpaceImpl(uid=&lt;gen:6&gt;, entity=org.solent.com504.project.model.user.dto.Role)
                      - SQL table alias mapping - role4_
                      - alias suffix - 4_
                      - suffixed key columns - {id1_6_4_}

12:23:09.483 [main] [o.h.l.e.p.EntityLoader] DEBUG org.hibernate.loader.entity.plan.EntityLoader - Static select for entity org.solent.com504.project.model.user.dto.User [READ]: select user0_.id as id1_7_0_, user0_.addressLine1 as addressL2_7_0_, user0_.addressLine2 as addressL3_7_0_, user0_.country as country4_7_0_, user0_.county as county5_7_0_, user0_.latitude as latitude6_7_0_, user0_.longitude as longitud7_7_0_, user0_.mobile as mobile8_7_0_, user0_.number as number9_7_0_, user0_.postcode as postcod10_7_0_, user0_.telephone as telepho11_7_0_, user0_.enabled as enabled12_7_0_, user0_.firstName as firstNa13_7_0_, user0_.password as passwor14_7_0_, user0_.secondName as secondN15_7_0_, user0_.username as usernam16_7_0_, parties1_.party_id as party_id2_8_1_, party2_.id as user_id1_8_1_, party2_.id as id1_5_2_, party2_.addressLine1 as addressL2_5_2_, party2_.addressLine2 as addressL3_5_2_, party2_.country as country4_5_2_, party2_.county as county5_5_2_, party2_.latitude as latitude6_5_2_, party2_.longitude as longitud7_5_2_, party2_.mobile as mobile8_5_2_, party2_.number as number9_5_2_, party2_.postcode as postcod10_5_2_, party2_.telephone as telepho11_5_2_, party2_.enabled as enabled12_5_2_, party2_.firstName as firstNa13_5_2_, party2_.partyRole as partyRo14_5_2_, party2_.partyStatus as partySt15_5_2_, party2_.secondName as secondN16_5_2_, party2_.uuid as uuid17_5_2_, roles3_.user_id as user_id1_9_3_, role4_.id as role_id2_9_3_, role4_.id as id1_6_4_, role4_.name as name2_6_4_ from user user0_ left outer join user_party parties1_ on user0_.id=parties1_.party_id left outer join Party party2_ on parties1_.user_id=party2_.id left outer join user_role roles3_ on user0_.id=roles3_.user_id left outer join role role4_ on roles3_.role_id=role4_.id where user0_.id=?
12:23:09.483 [main] [o.h.l.p.b.i.s.QuerySpacesImpl] DEBUG org.hibernate.loader.plan.build.internal.spaces.QuerySpacesImpl - Adding QuerySpace : uid = &lt;gen:0&gt; -&gt; org.hibernate.loader.plan.build.internal.spaces.EntityQuerySpaceImpl@6ccac6f4]
12:23:09.483 [main] [o.h.p.w.s.MetamodelGraphWalker] DEBUG org.hibernate.persister.walking.spi.MetamodelGraphWalker - Visiting attribute path : address
12:23:09.483 [main] [o.h.l.p.b.i.s.QuerySpacesImpl] DEBUG org.hibernate.loader.plan.build.internal.spaces.QuerySpacesImpl - Adding QuerySpace : uid = &lt;gen:1&gt; -&gt; org.hibernate.loader.plan.build.internal.spaces.CompositeQuerySpaceImpl@3453acd2]
12:23:09.483 [main] [o.h.p.w.s.MetamodelGraphWalker] DEBUG org.hibernate.persister.walking.spi.MetamodelGraphWalker - Visiting attribute path : address.addressLine1
12:23:09.483 [main] [o.h.p.w.s.MetamodelGraphWalker] DEBUG org.hibernate.persister.walking.spi.MetamodelGraphWalker - Visiting attribute path : address.addressLine2
12:23:09.483 [main] [o.h.p.w.s.MetamodelGraphWalker] DEBUG org.hibernate.persister.walking.spi.MetamodelGraphWalker - Visiting attribute path : address.country
12:23:09.483 [main] [o.h.p.w.s.MetamodelGraphWalker] DEBUG org.hibernate.persister.walking.spi.MetamodelGraphWalker - Visiting attribute path : address.county
12:23:09.483 [main] [o.h.p.w.s.MetamodelGraphWalker] DEBUG org.hibernate.persister.walking.spi.MetamodelGraphWalker - Visiting attribute path : address.latitude
12:23:09.483 [main] [o.h.p.w.s.MetamodelGraphWalker] DEBUG org.hibernate.persister.walking.spi.MetamodelGraphWalker - Visiting attribute path : address.longitude
12:23:09.483 [main] [o.h.p.w.s.MetamodelGraphWalker] DEBUG org.hibernate.persister.walking.spi.MetamodelGraphWalker - Visiting attribute path : address.mobile
12:23:09.483 [main] [o.h.p.w.s.MetamodelGraphWalker] DEBUG org.hibernate.persister.walking.spi.MetamodelGraphWalker - Visiting attribute path : address.number
12:23:09.483 [main] [o.h.p.w.s.MetamodelGraphWalker] DEBUG org.hibernate.persister.walking.spi.MetamodelGraphWalker - Visiting attribute path : address.postcode
12:23:09.483 [main] [o.h.p.w.s.MetamodelGraphWalker] DEBUG org.hibernate.persister.walking.spi.MetamodelGraphWalker - Visiting attribute path : address.telephone
12:23:09.483 [main] [o.h.p.w.s.MetamodelGraphWalker] DEBUG org.hibernate.persister.walking.spi.MetamodelGraphWalker - Visiting attribute path : enabled
12:23:09.483 [main] [o.h.p.w.s.MetamodelGraphWalker] DEBUG org.hibernate.persister.walking.spi.MetamodelGraphWalker - Visiting attribute path : firstName
12:23:09.483 [main] [o.h.p.w.s.MetamodelGraphWalker] DEBUG org.hibernate.persister.walking.spi.MetamodelGraphWalker - Visiting attribute path : parties
12:23:09.483 [main] [o.h.l.p.b.i.s.QuerySpacesImpl] DEBUG org.hibernate.loader.plan.build.internal.spaces.QuerySpacesImpl - Adding QuerySpace : uid = &lt;gen:2&gt; -&gt; org.hibernate.loader.plan.build.internal.spaces.CollectionQuerySpaceImpl@56c8e6f0]
12:23:09.483 [main] [o.h.l.p.b.i.s.QuerySpacesImpl] DEBUG org.hibernate.loader.plan.build.internal.spaces.QuerySpacesImpl - Adding QuerySpace : uid = &lt;gen:3&gt; -&gt; org.hibernate.loader.plan.build.internal.spaces.EntityQuerySpaceImpl@71b6172c]
12:23:09.483 [main] [o.h.p.w.s.MetamodelGraphWalker] DEBUG org.hibernate.persister.walking.spi.MetamodelGraphWalker - Visiting attribute path : password
12:23:09.483 [main] [o.h.p.w.s.MetamodelGraphWalker] DEBUG org.hibernate.persister.walking.spi.MetamodelGraphWalker - Visiting attribute path : roles
12:23:09.483 [main] [o.h.l.p.b.i.s.QuerySpacesImpl] DEBUG org.hibernate.loader.plan.build.internal.spaces.QuerySpacesImpl - Adding QuerySpace : uid = &lt;gen:4&gt; -&gt; org.hibernate.loader.plan.build.internal.spaces.CollectionQuerySpaceImpl@58aa10f4]
12:23:09.483 [main] [o.h.l.p.b.i.s.QuerySpacesImpl] DEBUG org.hibernate.loader.plan.build.internal.spaces.QuerySpacesImpl - Adding QuerySpace : uid = &lt;gen:5&gt; -&gt; org.hibernate.loader.plan.build.internal.spaces.EntityQuerySpaceImpl@4fb56bea]
12:23:09.483 [main] [o.h.p.w.s.MetamodelGraphWalker] DEBUG org.hibernate.persister.walking.spi.MetamodelGraphWalker - Visiting attribute path : secondName
12:23:09.483 [main] [o.h.p.w.s.MetamodelGraphWalker] DEBUG org.hibernate.persister.walking.spi.MetamodelGraphWalker - Visiting attribute path : username
12:23:09.483 [main] [o.h.l.p.b.i.FetchStyleLoadPlanBuildingAssociationVisitationStrategy] DEBUG org.hibernate.loader.plan.build.internal.FetchStyleLoadPlanBuildingAssociationVisitationStrategy - Building LoadPlan...
12:23:09.483 [main] [o.h.l.p.e.i.LoadQueryJoinAndFetchProcessor] DEBUG org.hibernate.loader.plan.exec.internal.LoadQueryJoinAndFetchProcessor - processing queryspace &lt;gen:0&gt;
12:23:09.483 [main] [o.h.l.p.b.s.LoadPlanTreePrinter] DEBUG org.hibernate.loader.plan.build.spi.LoadPlanTreePrinter - LoadPlan(entity=org.solent.com504.project.model.user.dto.User)
    - Returns
       - EntityReturnImpl(entity=org.solent.com504.project.model.user.dto.User, querySpaceUid=&lt;gen:0&gt;, path=org.solent.com504.project.model.user.dto.User)
          - CompositeAttributeFetchImpl(composite=org.solent.com504.project.model.party.dto.Address, querySpaceUid=&lt;gen:1&gt;, path=org.solent.com504.project.model.user.dto.User.address)
          - CollectionAttributeFetchImpl(collection=org.solent.com504.project.model.user.dto.User.parties, querySpaceUid=&lt;gen:2&gt;, path=org.solent.com504.project.model.user.dto.User.parties)
             - (collection element) CollectionFetchableElementEntityGraph(entity=org.solent.com504.project.model.party.dto.Party, querySpaceUid=&lt;gen:3&gt;, path=org.solent.com504.project.model.user.dto.User.parties.&lt;elements&gt;)
          - CollectionAttributeFetchImpl(collection=org.solent.com504.project.model.user.dto.User.roles, querySpaceUid=&lt;gen:4&gt;, path=org.solent.com504.project.model.user.dto.User.roles)
             - (collection element) CollectionFetchableElementEntityGraph(entity=org.solent.com504.project.model.user.dto.Role, querySpaceUid=&lt;gen:5&gt;, path=org.solent.com504.project.model.user.dto.User.roles.&lt;elements&gt;)
    - QuerySpaces
       - EntityQuerySpaceImpl(uid=&lt;gen:0&gt;, entity=org.solent.com504.project.model.user.dto.User)
          - SQL table alias mapping - user0_
          - alias suffix - 0_
          - suffixed key columns - {id1_7_0_}
          - JOIN (JoinDefinedByMetadata(address)) : &lt;gen:0&gt; -&gt; &lt;gen:1&gt;
             - CompositeQuerySpaceImpl(uid=&lt;gen:1&gt;)
                - SQL table alias mapping - user0_

12:23:09.483 [main] [o.h.l.e.p.EntityLoader] DEBUG org.hibernate.loader.entity.plan.EntityLoader - Static select for entity org.solent.com504.project.model.user.dto.User [UPGRADE]: select user0_.id as id1_7_0_, user0_.addressLine1 as addressL2_7_0_, user0_.addressLine2 as addressL3_7_0_, user0_.country as country4_7_0_, user0_.county as county5_7_0_, user0_.latitude as latitude6_7_0_, user0_.longitude as longitud7_7_0_, user0_.mobile as mobile8_7_0_, user0_.number as number9_7_0_, user0_.postcode as postcod10_7_0_, user0_.telephone as telepho11_7_0_, user0_.enabled as enabled12_7_0_, user0_.firstName as firstNa13_7_0_, user0_.password as passwor14_7_0_, user0_.secondName as secondN15_7_0_, user0_.username as usernam16_7_0_ from user user0_ where user0_.id=? for update
12:23:09.483 [main] [o.h.l.p.b.i.s.QuerySpacesImpl] DEBUG org.hibernate.loader.plan.build.internal.spaces.QuerySpacesImpl - Adding QuerySpace : uid = &lt;gen:0&gt; -&gt; org.hibernate.loader.plan.build.internal.spaces.EntityQuerySpaceImpl@5e5beb8a]
12:23:09.483 [main] [o.h.p.w.s.MetamodelGraphWalker] DEBUG org.hibernate.persister.walking.spi.MetamodelGraphWalker - Visiting attribute path : address
12:23:09.483 [main] [o.h.l.p.b.i.s.QuerySpacesImpl] DEBUG org.hibernate.loader.plan.build.internal.spaces.QuerySpacesImpl - Adding QuerySpace : uid = &lt;gen:1&gt; -&gt; org.hibernate.loader.plan.build.internal.spaces.CompositeQuerySpaceImpl@17b016ac]
12:23:09.483 [main] [o.h.p.w.s.MetamodelGraphWalker] DEBUG org.hibernate.persister.walking.spi.MetamodelGraphWalker - Visiting attribute path : address.addressLine1
12:23:09.483 [main] [o.h.p.w.s.MetamodelGraphWalker] DEBUG org.hibernate.persister.walking.spi.MetamodelGraphWalker - Visiting attribute path : address.addressLine2
12:23:09.483 [main] [o.h.p.w.s.MetamodelGraphWalker] DEBUG org.hibernate.persister.walking.spi.MetamodelGraphWalker - Visiting attribute path : address.country
12:23:09.483 [main] [o.h.p.w.s.MetamodelGraphWalker] DEBUG org.hibernate.persister.walking.spi.MetamodelGraphWalker - Visiting attribute path : address.county
12:23:09.483 [main] [o.h.p.w.s.MetamodelGraphWalker] DEBUG org.hibernate.persister.walking.spi.MetamodelGraphWalker - Visiting attribute path : address.latitude
12:23:09.483 [main] [o.h.p.w.s.MetamodelGraphWalker] DEBUG org.hibernate.persister.walking.spi.MetamodelGraphWalker - Visiting attribute path : address.longitude
12:23:09.483 [main] [o.h.p.w.s.MetamodelGraphWalker] DEBUG org.hibernate.persister.walking.spi.MetamodelGraphWalker - Visiting attribute path : address.mobile
12:23:09.483 [main] [o.h.p.w.s.MetamodelGraphWalker] DEBUG org.hibernate.persister.walking.spi.MetamodelGraphWalker - Visiting attribute path : address.number
12:23:09.483 [main] [o.h.p.w.s.MetamodelGraphWalker] DEBUG org.hibernate.persister.walking.spi.MetamodelGraphWalker - Visiting attribute path : address.postcode
12:23:09.483 [main] [o.h.p.w.s.MetamodelGraphWalker] DEBUG org.hibernate.persister.walking.spi.MetamodelGraphWalker - Visiting attribute path : address.telephone
12:23:09.483 [main] [o.h.p.w.s.MetamodelGraphWalker] DEBUG org.hibernate.persister.walking.spi.MetamodelGraphWalker - Visiting attribute path : enabled
12:23:09.483 [main] [o.h.p.w.s.MetamodelGraphWalker] DEBUG org.hibernate.persister.walking.spi.MetamodelGraphWalker - Visiting attribute path : firstName
12:23:09.483 [main] [o.h.p.w.s.MetamodelGraphWalker] DEBUG org.hibernate.persister.walking.spi.MetamodelGraphWalker - Visiting attribute path : parties
12:23:09.483 [main] [o.h.l.p.b.i.s.QuerySpacesImpl] DEBUG org.hibernate.loader.plan.build.internal.spaces.QuerySpacesImpl - Adding QuerySpace : uid = &lt;gen:2&gt; -&gt; org.hibernate.loader.plan.build.internal.spaces.CollectionQuerySpaceImpl@723877dd]
12:23:09.483 [main] [o.h.l.p.b.i.s.QuerySpacesImpl] DEBUG org.hibernate.loader.plan.build.internal.spaces.QuerySpacesImpl - Adding QuerySpace : uid = &lt;gen:3&gt; -&gt; org.hibernate.loader.plan.build.internal.spaces.EntityQuerySpaceImpl@415ef4d8]
12:23:09.483 [main] [o.h.p.w.s.MetamodelGraphWalker] DEBUG org.hibernate.persister.walking.spi.MetamodelGraphWalker - Visiting attribute path : password
12:23:09.483 [main] [o.h.p.w.s.MetamodelGraphWalker] DEBUG org.hibernate.persister.walking.spi.MetamodelGraphWalker - Visiting attribute path : roles
12:23:09.483 [main] [o.h.l.p.b.i.s.QuerySpacesImpl] DEBUG org.hibernate.loader.plan.build.internal.spaces.QuerySpacesImpl - Adding QuerySpace : uid = &lt;gen:4&gt; -&gt; org.hibernate.loader.plan.build.internal.spaces.CollectionQuerySpaceImpl@56cc9f29]
12:23:09.483 [main] [o.h.l.p.b.i.s.QuerySpacesImpl] DEBUG org.hibernate.loader.plan.build.internal.spaces.QuerySpacesImpl - Adding QuerySpace : uid = &lt;gen:5&gt; -&gt; org.hibernate.loader.plan.build.internal.spaces.EntityQuerySpaceImpl@535b1ae6]
12:23:09.483 [main] [o.h.p.w.s.MetamodelGraphWalker] DEBUG org.hibernate.persister.walking.spi.MetamodelGraphWalker - Visiting attribute path : secondName
12:23:09.483 [main] [o.h.p.w.s.MetamodelGraphWalker] DEBUG org.hibernate.persister.walking.spi.MetamodelGraphWalker - Visiting attribute path : username
12:23:09.483 [main] [o.h.l.p.b.i.FetchStyleLoadPlanBuildingAssociationVisitationStrategy] DEBUG org.hibernate.loader.plan.build.internal.FetchStyleLoadPlanBuildingAssociationVisitationStrategy - Building LoadPlan...
12:23:09.483 [main] [o.h.l.p.e.i.LoadQueryJoinAndFetchProcessor] DEBUG org.hibernate.loader.plan.exec.internal.LoadQueryJoinAndFetchProcessor - processing queryspace &lt;gen:0&gt;
12:23:09.483 [main] [o.h.l.p.b.s.LoadPlanTreePrinter] DEBUG org.hibernate.loader.plan.build.spi.LoadPlanTreePrinter - LoadPlan(entity=org.solent.com504.project.model.user.dto.User)
    - Returns
       - EntityReturnImpl(entity=org.solent.com504.project.model.user.dto.User, querySpaceUid=&lt;gen:0&gt;, path=org.solent.com504.project.model.user.dto.User)
          - CompositeAttributeFetchImpl(composite=org.solent.com504.project.model.party.dto.Address, querySpaceUid=&lt;gen:1&gt;, path=org.solent.com504.project.model.user.dto.User.address)
          - CollectionAttributeFetchImpl(collection=org.solent.com504.project.model.user.dto.User.parties, querySpaceUid=&lt;gen:2&gt;, path=org.solent.com504.project.model.user.dto.User.parties)
             - (collection element) CollectionFetchableElementEntityGraph(entity=org.solent.com504.project.model.party.dto.Party, querySpaceUid=&lt;gen:3&gt;, path=org.solent.com504.project.model.user.dto.User.parties.&lt;elements&gt;)
          - CollectionAttributeFetchImpl(collection=org.solent.com504.project.model.user.dto.User.roles, querySpaceUid=&lt;gen:4&gt;, path=org.solent.com504.project.model.user.dto.User.roles)
             - (collection element) CollectionFetchableElementEntityGraph(entity=org.solent.com504.project.model.user.dto.Role, querySpaceUid=&lt;gen:5&gt;, path=org.solent.com504.project.model.user.dto.User.roles.&lt;elements&gt;)
    - QuerySpaces
       - EntityQuerySpaceImpl(uid=&lt;gen:0&gt;, entity=org.solent.com504.project.model.user.dto.User)
          - SQL table alias mapping - user0_
          - alias suffix - 0_
          - suffixed key columns - {id1_7_0_}
          - JOIN (JoinDefinedByMetadata(address)) : &lt;gen:0&gt; -&gt; &lt;gen:1&gt;
             - CompositeQuerySpaceImpl(uid=&lt;gen:1&gt;)
                - SQL table alias mapping - user0_

12:23:09.483 [main] [o.h.l.e.p.EntityLoader] DEBUG org.hibernate.loader.entity.plan.EntityLoader - Static select for entity org.solent.com504.project.model.user.dto.User [UPGRADE_NOWAIT]: select user0_.id as id1_7_0_, user0_.addressLine1 as addressL2_7_0_, user0_.addressLine2 as addressL3_7_0_, user0_.country as country4_7_0_, user0_.county as county5_7_0_, user0_.latitude as latitude6_7_0_, user0_.longitude as longitud7_7_0_, user0_.mobile as mobile8_7_0_, user0_.number as number9_7_0_, user0_.postcode as postcod10_7_0_, user0_.telephone as telepho11_7_0_, user0_.enabled as enabled12_7_0_, user0_.firstName as firstNa13_7_0_, user0_.password as passwor14_7_0_, user0_.secondName as secondN15_7_0_, user0_.username as usernam16_7_0_ from user user0_ where user0_.id=? for update
12:23:09.483 [main] [o.h.l.p.b.i.s.QuerySpacesImpl] DEBUG org.hibernate.loader.plan.build.internal.spaces.QuerySpacesImpl - Adding QuerySpace : uid = &lt;gen:0&gt; -&gt; org.hibernate.loader.plan.build.internal.spaces.EntityQuerySpaceImpl@626c19cf]
12:23:09.483 [main] [o.h.p.w.s.MetamodelGraphWalker] DEBUG org.hibernate.persister.walking.spi.MetamodelGraphWalker - Visiting attribute path : address
12:23:09.483 [main] [o.h.l.p.b.i.s.QuerySpacesImpl] DEBUG org.hibernate.loader.plan.build.internal.spaces.QuerySpacesImpl - Adding QuerySpace : uid = &lt;gen:1&gt; -&gt; org.hibernate.loader.plan.build.internal.spaces.CompositeQuerySpaceImpl@66a53104]
12:23:09.483 [main] [o.h.p.w.s.MetamodelGraphWalker] DEBUG org.hibernate.persister.walking.spi.MetamodelGraphWalker - Visiting attribute path : address.addressLine1
12:23:09.483 [main] [o.h.p.w.s.MetamodelGraphWalker] DEBUG org.hibernate.persister.walking.spi.MetamodelGraphWalker - Visiting attribute path : address.addressLine2
12:23:09.483 [main] [o.h.p.w.s.MetamodelGraphWalker] DEBUG org.hibernate.persister.walking.spi.MetamodelGraphWalker - Visiting attribute path : address.country
12:23:09.483 [main] [o.h.p.w.s.MetamodelGraphWalker] DEBUG org.hibernate.persister.walking.spi.MetamodelGraphWalker - Visiting attribute path : address.county
12:23:09.483 [main] [o.h.p.w.s.MetamodelGraphWalker] DEBUG org.hibernate.persister.walking.spi.MetamodelGraphWalker - Visiting attribute path : address.latitude
12:23:09.483 [main] [o.h.p.w.s.MetamodelGraphWalker] DEBUG org.hibernate.persister.walking.spi.MetamodelGraphWalker - Visiting attribute path : address.longitude
12:23:09.483 [main] [o.h.p.w.s.MetamodelGraphWalker] DEBUG org.hibernate.persister.walking.spi.MetamodelGraphWalker - Visiting attribute path : address.mobile
12:23:09.483 [main] [o.h.p.w.s.MetamodelGraphWalker] DEBUG org.hibernate.persister.walking.spi.MetamodelGraphWalker - Visiting attribute path : address.number
12:23:09.483 [main] [o.h.p.w.s.MetamodelGraphWalker] DEBUG org.hibernate.persister.walking.spi.MetamodelGraphWalker - Visiting attribute path : address.postcode
12:23:09.483 [main] [o.h.p.w.s.MetamodelGraphWalker] DEBUG org.hibernate.persister.walking.spi.MetamodelGraphWalker - Visiting attribute path : address.telephone
12:23:09.483 [main] [o.h.p.w.s.MetamodelGraphWalker] DEBUG org.hibernate.persister.walking.spi.MetamodelGraphWalker - Visiting attribute path : enabled
12:23:09.483 [main] [o.h.p.w.s.MetamodelGraphWalker] DEBUG org.hibernate.persister.walking.spi.MetamodelGraphWalker - Visiting attribute path : firstName
12:23:09.483 [main] [o.h.p.w.s.MetamodelGraphWalker] DEBUG org.hibernate.persister.walking.spi.MetamodelGraphWalker - Visiting attribute path : parties
12:23:09.483 [main] [o.h.l.p.b.i.s.QuerySpacesImpl] DEBUG org.hibernate.loader.plan.build.internal.spaces.QuerySpacesImpl - Adding QuerySpace : uid = &lt;gen:2&gt; -&gt; org.hibernate.loader.plan.build.internal.spaces.CollectionQuerySpaceImpl@6f825516]
12:23:09.483 [main] [o.h.l.p.b.i.s.QuerySpacesImpl] DEBUG org.hibernate.loader.plan.build.internal.spaces.QuerySpacesImpl - Adding QuerySpace : uid = &lt;gen:3&gt; -&gt; org.hibernate.loader.plan.build.internal.spaces.EntityQuerySpaceImpl@2da99821]
12:23:09.483 [main] [o.h.p.w.s.MetamodelGraphWalker] DEBUG org.hibernate.persister.walking.spi.MetamodelGraphWalker - Visiting attribute path : password
12:23:09.483 [main] [o.h.p.w.s.MetamodelGraphWalker] DEBUG org.hibernate.persister.walking.spi.MetamodelGraphWalker - Visiting attribute path : roles
12:23:09.483 [main] [o.h.l.p.b.i.s.QuerySpacesImpl] DEBUG org.hibernate.loader.plan.build.internal.spaces.QuerySpacesImpl - Adding QuerySpace : uid = &lt;gen:4&gt; -&gt; org.hibernate.loader.plan.build.internal.spaces.CollectionQuerySpaceImpl@62cba181]
12:23:09.483 [main] [o.h.l.p.b.i.s.QuerySpacesImpl] DEBUG org.hibernate.loader.plan.build.internal.spaces.QuerySpacesImpl - Adding QuerySpace : uid = &lt;gen:5&gt; -&gt; org.hibernate.loader.plan.build.internal.spaces.EntityQuerySpaceImpl@1b482cbf]
12:23:09.483 [main] [o.h.p.w.s.MetamodelGraphWalker] DEBUG org.hibernate.persister.walking.spi.MetamodelGraphWalker - Visiting attribute path : secondName
12:23:09.483 [main] [o.h.p.w.s.MetamodelGraphWalker] DEBUG org.hibernate.persister.walking.spi.MetamodelGraphWalker - Visiting attribute path : username
12:23:09.483 [main] [o.h.l.p.b.i.FetchStyleLoadPlanBuildingAssociationVisitationStrategy] DEBUG org.hibernate.loader.plan.build.internal.FetchStyleLoadPlanBuildingAssociationVisitationStrategy - Building LoadPlan...
12:23:09.483 [main] [o.h.l.p.e.i.LoadQueryJoinAndFetchProcessor] DEBUG org.hibernate.loader.plan.exec.internal.LoadQueryJoinAndFetchProcessor - processing queryspace &lt;gen:0&gt;
12:23:09.483 [main] [o.h.l.p.b.s.LoadPlanTreePrinter] DEBUG org.hibernate.loader.plan.build.spi.LoadPlanTreePrinter - LoadPlan(entity=org.solent.com504.project.model.user.dto.User)
    - Returns
       - EntityReturnImpl(entity=org.solent.com504.project.model.user.dto.User, querySpaceUid=&lt;gen:0&gt;, path=org.solent.com504.project.model.user.dto.User)
          - CompositeAttributeFetchImpl(composite=org.solent.com504.project.model.party.dto.Address, querySpaceUid=&lt;gen:1&gt;, path=org.solent.com504.project.model.user.dto.User.address)
          - CollectionAttributeFetchImpl(collection=org.solent.com504.project.model.user.dto.User.parties, querySpaceUid=&lt;gen:2&gt;, path=org.solent.com504.project.model.user.dto.User.parties)
             - (collection element) CollectionFetchableElementEntityGraph(entity=org.solent.com504.project.model.party.dto.Party, querySpaceUid=&lt;gen:3&gt;, path=org.solent.com504.project.model.user.dto.User.parties.&lt;elements&gt;)
          - CollectionAttributeFetchImpl(collection=org.solent.com504.project.model.user.dto.User.roles, querySpaceUid=&lt;gen:4&gt;, path=org.solent.com504.project.model.user.dto.User.roles)
             - (collection element) CollectionFetchableElementEntityGraph(entity=org.solent.com504.project.model.user.dto.Role, querySpaceUid=&lt;gen:5&gt;, path=org.solent.com504.project.model.user.dto.User.roles.&lt;elements&gt;)
    - QuerySpaces
       - EntityQuerySpaceImpl(uid=&lt;gen:0&gt;, entity=org.solent.com504.project.model.user.dto.User)
          - SQL table alias mapping - user0_
          - alias suffix - 0_
          - suffixed key columns - {id1_7_0_}
          - JOIN (JoinDefinedByMetadata(address)) : &lt;gen:0&gt; -&gt; &lt;gen:1&gt;
             - CompositeQuerySpaceImpl(uid=&lt;gen:1&gt;)
                - SQL table alias mapping - user0_

12:23:09.483 [main] [o.h.l.e.p.EntityLoader] DEBUG org.hibernate.loader.entity.plan.EntityLoader - Static select for entity org.solent.com504.project.model.user.dto.User [UPGRADE_SKIPLOCKED]: select user0_.id as id1_7_0_, user0_.addressLine1 as addressL2_7_0_, user0_.addressLine2 as addressL3_7_0_, user0_.country as country4_7_0_, user0_.county as county5_7_0_, user0_.latitude as latitude6_7_0_, user0_.longitude as longitud7_7_0_, user0_.mobile as mobile8_7_0_, user0_.number as number9_7_0_, user0_.postcode as postcod10_7_0_, user0_.telephone as telepho11_7_0_, user0_.enabled as enabled12_7_0_, user0_.firstName as firstNa13_7_0_, user0_.password as passwor14_7_0_, user0_.secondName as secondN15_7_0_, user0_.username as usernam16_7_0_ from user user0_ where user0_.id=? for update
12:23:09.483 [main] [o.h.l.p.b.i.s.QuerySpacesImpl] DEBUG org.hibernate.loader.plan.build.internal.spaces.QuerySpacesImpl - Adding QuerySpace : uid = &lt;gen:0&gt; -&gt; org.hibernate.loader.plan.build.internal.spaces.EntityQuerySpaceImpl@661fe025]
12:23:09.483 [main] [o.h.p.w.s.MetamodelGraphWalker] DEBUG org.hibernate.persister.walking.spi.MetamodelGraphWalker - Visiting attribute path : address
12:23:09.483 [main] [o.h.l.p.b.i.s.QuerySpacesImpl] DEBUG org.hibernate.loader.plan.build.internal.spaces.QuerySpacesImpl - Adding QuerySpace : uid = &lt;gen:1&gt; -&gt; org.hibernate.loader.plan.build.internal.spaces.CompositeQuerySpaceImpl@38ee7a9d]
12:23:09.483 [main] [o.h.p.w.s.MetamodelGraphWalker] DEBUG org.hibernate.persister.walking.spi.MetamodelGraphWalker - Visiting attribute path : address.addressLine1
12:23:09.483 [main] [o.h.p.w.s.MetamodelGraphWalker] DEBUG org.hibernate.persister.walking.spi.MetamodelGraphWalker - Visiting attribute path : address.addressLine2
12:23:09.483 [main] [o.h.p.w.s.MetamodelGraphWalker] DEBUG org.hibernate.persister.walking.spi.MetamodelGraphWalker - Visiting attribute path : address.country
12:23:09.483 [main] [o.h.p.w.s.MetamodelGraphWalker] DEBUG org.hibernate.persister.walking.spi.MetamodelGraphWalker - Visiting attribute path : address.county
12:23:09.483 [main] [o.h.p.w.s.MetamodelGraphWalker] DEBUG org.hibernate.persister.walking.spi.MetamodelGraphWalker - Visiting attribute path : address.latitude
12:23:09.483 [main] [o.h.p.w.s.MetamodelGraphWalker] DEBUG org.hibernate.persister.walking.spi.MetamodelGraphWalker - Visiting attribute path : address.longitude
12:23:09.483 [main] [o.h.p.w.s.MetamodelGraphWalker] DEBUG org.hibernate.persister.walking.spi.MetamodelGraphWalker - Visiting attribute path : address.mobile
12:23:09.483 [main] [o.h.p.w.s.MetamodelGraphWalker] DEBUG org.hibernate.persister.walking.spi.MetamodelGraphWalker - Visiting attribute path : address.number
12:23:09.483 [main] [o.h.p.w.s.MetamodelGraphWalker] DEBUG org.hibernate.persister.walking.spi.MetamodelGraphWalker - Visiting attribute path : address.postcode
12:23:09.483 [main] [o.h.p.w.s.MetamodelGraphWalker] DEBUG org.hibernate.persister.walking.spi.MetamodelGraphWalker - Visiting attribute path : address.telephone
12:23:09.483 [main] [o.h.p.w.s.MetamodelGraphWalker] DEBUG org.hibernate.persister.walking.spi.MetamodelGraphWalker - Visiting attribute path : enabled
12:23:09.483 [main] [o.h.p.w.s.MetamodelGraphWalker] DEBUG org.hibernate.persister.walking.spi.MetamodelGraphWalker - Visiting attribute path : firstName
12:23:09.483 [main] [o.h.p.w.s.MetamodelGraphWalker] DEBUG org.hibernate.persister.walking.spi.MetamodelGraphWalker - Visiting attribute path : parties
12:23:09.483 [main] [o.h.l.p.b.i.s.QuerySpacesImpl] DEBUG org.hibernate.loader.plan.build.internal.spaces.QuerySpacesImpl - Adding QuerySpace : uid = &lt;gen:2&gt; -&gt; org.hibernate.loader.plan.build.internal.spaces.CollectionQuerySpaceImpl@7b1e5e55]
12:23:09.483 [main] [o.h.l.p.b.i.s.QuerySpacesImpl] DEBUG org.hibernate.loader.plan.build.internal.spaces.QuerySpacesImpl - Adding QuerySpace : uid = &lt;gen:3&gt; -&gt; org.hibernate.loader.plan.build.internal.spaces.EntityQuerySpaceImpl@4c1d59cd]
12:23:09.483 [main] [o.h.p.w.s.MetamodelGraphWalker] DEBUG org.hibernate.persister.walking.spi.MetamodelGraphWalker - Visiting attribute path : password
12:23:09.483 [main] [o.h.p.w.s.MetamodelGraphWalker] DEBUG org.hibernate.persister.walking.spi.MetamodelGraphWalker - Visiting attribute path : roles
12:23:09.483 [main] [o.h.l.p.b.i.s.QuerySpacesImpl] DEBUG org.hibernate.loader.plan.build.internal.spaces.QuerySpacesImpl - Adding QuerySpace : uid = &lt;gen:4&gt; -&gt; org.hibernate.loader.plan.build.internal.spaces.CollectionQuerySpaceImpl@76cf841]
12:23:09.483 [main] [o.h.l.p.b.i.s.QuerySpacesImpl] DEBUG org.hibernate.loader.plan.build.internal.spaces.QuerySpacesImpl - Adding QuerySpace : uid = &lt;gen:5&gt; -&gt; org.hibernate.loader.plan.build.internal.spaces.EntityQuerySpaceImpl@297c9a9b]
12:23:09.483 [main] [o.h.p.w.s.MetamodelGraphWalker] DEBUG org.hibernate.persister.walking.spi.MetamodelGraphWalker - Visiting attribute path : secondName
12:23:09.483 [main] [o.h.p.w.s.MetamodelGraphWalker] DEBUG org.hibernate.persister.walking.spi.MetamodelGraphWalker - Visiting attribute path : username
12:23:09.483 [main] [o.h.l.p.b.i.FetchStyleLoadPlanBuildingAssociationVisitationStrategy] DEBUG org.hibernate.loader.plan.build.internal.FetchStyleLoadPlanBuildingAssociationVisitationStrategy - Building LoadPlan...
12:23:09.483 [main] [o.h.l.p.e.i.LoadQueryJoinAndFetchProcessor] DEBUG org.hibernate.loader.plan.exec.internal.LoadQueryJoinAndFetchProcessor - processing queryspace &lt;gen:0&gt;
12:23:09.483 [main] [o.h.l.p.b.s.LoadPlanTreePrinter] DEBUG org.hibernate.loader.plan.build.spi.LoadPlanTreePrinter - LoadPlan(entity=org.solent.com504.project.model.user.dto.User)
    - Returns
       - EntityReturnImpl(entity=org.solent.com504.project.model.user.dto.User, querySpaceUid=&lt;gen:0&gt;, path=org.solent.com504.project.model.user.dto.User)
          - CompositeAttributeFetchImpl(composite=org.solent.com504.project.model.party.dto.Address, querySpaceUid=&lt;gen:1&gt;, path=org.solent.com504.project.model.user.dto.User.address)
          - CollectionAttributeFetchImpl(collection=org.solent.com504.project.model.user.dto.User.parties, querySpaceUid=&lt;gen:2&gt;, path=org.solent.com504.project.model.user.dto.User.parties)
             - (collection element) CollectionFetchableElementEntityGraph(entity=org.solent.com504.project.model.party.dto.Party, querySpaceUid=&lt;gen:3&gt;, path=org.solent.com504.project.model.user.dto.User.parties.&lt;elements&gt;)
          - CollectionAttributeFetchImpl(collection=org.solent.com504.project.model.user.dto.User.roles, querySpaceUid=&lt;gen:4&gt;, path=org.solent.com504.project.model.user.dto.User.roles)
             - (collection element) CollectionFetchableElementEntityGraph(entity=org.solent.com504.project.model.user.dto.Role, querySpaceUid=&lt;gen:5&gt;, path=org.solent.com504.project.model.user.dto.User.roles.&lt;elements&gt;)
    - QuerySpaces
       - EntityQuerySpaceImpl(uid=&lt;gen:0&gt;, entity=org.solent.com504.project.model.user.dto.User)
          - SQL table alias mapping - user0_
          - alias suffix - 0_
          - suffixed key columns - {id1_7_0_}
          - JOIN (JoinDefinedByMetadata(address)) : &lt;gen:0&gt; -&gt; &lt;gen:1&gt;
             - CompositeQuerySpaceImpl(uid=&lt;gen:1&gt;)
                - SQL table alias mapping - user0_

12:23:09.483 [main] [o.h.l.e.p.EntityLoader] DEBUG org.hibernate.loader.entity.plan.EntityLoader - Static select for entity org.solent.com504.project.model.user.dto.User [FORCE]: select user0_.id as id1_7_0_, user0_.addressLine1 as addressL2_7_0_, user0_.addressLine2 as addressL3_7_0_, user0_.country as country4_7_0_, user0_.county as county5_7_0_, user0_.latitude as latitude6_7_0_, user0_.longitude as longitud7_7_0_, user0_.mobile as mobile8_7_0_, user0_.number as number9_7_0_, user0_.postcode as postcod10_7_0_, user0_.telephone as telepho11_7_0_, user0_.enabled as enabled12_7_0_, user0_.firstName as firstNa13_7_0_, user0_.password as passwor14_7_0_, user0_.secondName as secondN15_7_0_, user0_.username as usernam16_7_0_ from user user0_ where user0_.id=? for update
12:23:09.483 [main] [o.h.l.p.b.i.s.QuerySpacesImpl] DEBUG org.hibernate.loader.plan.build.internal.spaces.QuerySpacesImpl - Adding QuerySpace : uid = &lt;gen:0&gt; -&gt; org.hibernate.loader.plan.build.internal.spaces.EntityQuerySpaceImpl@20999517]
12:23:09.483 [main] [o.h.p.w.s.MetamodelGraphWalker] DEBUG org.hibernate.persister.walking.spi.MetamodelGraphWalker - Visiting attribute path : address
12:23:09.483 [main] [o.h.l.p.b.i.s.QuerySpacesImpl] DEBUG org.hibernate.loader.plan.build.internal.spaces.QuerySpacesImpl - Adding QuerySpace : uid = &lt;gen:1&gt; -&gt; org.hibernate.loader.plan.build.internal.spaces.CompositeQuerySpaceImpl@66223d94]
12:23:09.483 [main] [o.h.p.w.s.MetamodelGraphWalker] DEBUG org.hibernate.persister.walking.spi.MetamodelGraphWalker - Visiting attribute path : address.addressLine1
12:23:09.483 [main] [o.h.p.w.s.MetamodelGraphWalker] DEBUG org.hibernate.persister.walking.spi.MetamodelGraphWalker - Visiting attribute path : address.addressLine2
12:23:09.483 [main] [o.h.p.w.s.MetamodelGraphWalker] DEBUG org.hibernate.persister.walking.spi.MetamodelGraphWalker - Visiting attribute path : address.country
12:23:09.483 [main] [o.h.p.w.s.MetamodelGraphWalker] DEBUG org.hibernate.persister.walking.spi.MetamodelGraphWalker - Visiting attribute path : address.county
12:23:09.483 [main] [o.h.p.w.s.MetamodelGraphWalker] DEBUG org.hibernate.persister.walking.spi.MetamodelGraphWalker - Visiting attribute path : address.latitude
12:23:09.483 [main] [o.h.p.w.s.MetamodelGraphWalker] DEBUG org.hibernate.persister.walking.spi.MetamodelGraphWalker - Visiting attribute path : address.longitude
12:23:09.483 [main] [o.h.p.w.s.MetamodelGraphWalker] DEBUG org.hibernate.persister.walking.spi.MetamodelGraphWalker - Visiting attribute path : address.mobile
12:23:09.483 [main] [o.h.p.w.s.MetamodelGraphWalker] DEBUG org.hibernate.persister.walking.spi.MetamodelGraphWalker - Visiting attribute path : address.number
12:23:09.483 [main] [o.h.p.w.s.MetamodelGraphWalker] DEBUG org.hibernate.persister.walking.spi.MetamodelGraphWalker - Visiting attribute path : address.postcode
12:23:09.483 [main] [o.h.p.w.s.MetamodelGraphWalker] DEBUG org.hibernate.persister.walking.spi.MetamodelGraphWalker - Visiting attribute path : address.telephone
12:23:09.483 [main] [o.h.p.w.s.MetamodelGraphWalker] DEBUG org.hibernate.persister.walking.spi.MetamodelGraphWalker - Visiting attribute path : enabled
12:23:09.483 [main] [o.h.p.w.s.MetamodelGraphWalker] DEBUG org.hibernate.persister.walking.spi.MetamodelGraphWalker - Visiting attribute path : firstName
12:23:09.483 [main] [o.h.p.w.s.MetamodelGraphWalker] DEBUG org.hibernate.persister.walking.spi.MetamodelGraphWalker - Visiting attribute path : parties
12:23:09.483 [main] [o.h.l.p.b.i.s.QuerySpacesImpl] DEBUG org.hibernate.loader.plan.build.internal.spaces.QuerySpacesImpl - Adding QuerySpace : uid = &lt;gen:2&gt; -&gt; org.hibernate.loader.plan.build.internal.spaces.CollectionQuerySpaceImpl@479ac2cb]
12:23:09.483 [main] [o.h.l.p.b.i.s.QuerySpacesImpl] DEBUG org.hibernate.loader.plan.build.internal.spaces.QuerySpacesImpl - Adding QuerySpace : uid = &lt;gen:3&gt; -&gt; org.hibernate.loader.plan.build.internal.spaces.EntityQuerySpaceImpl@220c9a63]
12:23:09.483 [main] [o.h.p.w.s.MetamodelGraphWalker] DEBUG org.hibernate.persister.walking.spi.MetamodelGraphWalker - Visiting attribute path : password
12:23:09.483 [main] [o.h.p.w.s.MetamodelGraphWalker] DEBUG org.hibernate.persister.walking.spi.MetamodelGraphWalker - Visiting attribute path : roles
12:23:09.483 [main] [o.h.l.p.b.i.s.QuerySpacesImpl] DEBUG org.hibernate.loader.plan.build.internal.spaces.QuerySpacesImpl - Adding QuerySpace : uid = &lt;gen:4&gt; -&gt; org.hibernate.loader.plan.build.internal.spaces.CollectionQuerySpaceImpl@55b5cd2b]
12:23:09.483 [main] [o.h.l.p.b.i.s.QuerySpacesImpl] DEBUG org.hibernate.loader.plan.build.internal.spaces.QuerySpacesImpl - Adding QuerySpace : uid = &lt;gen:5&gt; -&gt; org.hibernate.loader.plan.build.internal.spaces.EntityQuerySpaceImpl@40bb4f87]
12:23:09.483 [main] [o.h.p.w.s.MetamodelGraphWalker] DEBUG org.hibernate.persister.walking.spi.MetamodelGraphWalker - Visiting attribute path : secondName
12:23:09.483 [main] [o.h.p.w.s.MetamodelGraphWalker] DEBUG org.hibernate.persister.walking.spi.MetamodelGraphWalker - Visiting attribute path : username
12:23:09.483 [main] [o.h.l.p.b.i.FetchStyleLoadPlanBuildingAssociationVisitationStrategy] DEBUG org.hibernate.loader.plan.build.internal.FetchStyleLoadPlanBuildingAssociationVisitationStrategy - Building LoadPlan...
12:23:09.483 [main] [o.h.l.p.e.i.LoadQueryJoinAndFetchProcessor] DEBUG org.hibernate.loader.plan.exec.internal.LoadQueryJoinAndFetchProcessor - processing queryspace &lt;gen:0&gt;
12:23:09.483 [main] [o.h.l.p.b.s.LoadPlanTreePrinter] DEBUG org.hibernate.loader.plan.build.spi.LoadPlanTreePrinter - LoadPlan(entity=org.solent.com504.project.model.user.dto.User)
    - Returns
       - EntityReturnImpl(entity=org.solent.com504.project.model.user.dto.User, querySpaceUid=&lt;gen:0&gt;, path=org.solent.com504.project.model.user.dto.User)
          - CompositeAttributeFetchImpl(composite=org.solent.com504.project.model.party.dto.Address, querySpaceUid=&lt;gen:1&gt;, path=org.solent.com504.project.model.user.dto.User.address)
          - CollectionAttributeFetchImpl(collection=org.solent.com504.project.model.user.dto.User.parties, querySpaceUid=&lt;gen:2&gt;, path=org.solent.com504.project.model.user.dto.User.parties)
             - (collection element) CollectionFetchableElementEntityGraph(entity=org.solent.com504.project.model.party.dto.Party, querySpaceUid=&lt;gen:3&gt;, path=org.solent.com504.project.model.user.dto.User.parties.&lt;elements&gt;)
          - CollectionAttributeFetchImpl(collection=org.solent.com504.project.model.user.dto.User.roles, querySpaceUid=&lt;gen:4&gt;, path=org.solent.com504.project.model.user.dto.User.roles)
             - (collection element) CollectionFetchableElementEntityGraph(entity=org.solent.com504.project.model.user.dto.Role, querySpaceUid=&lt;gen:5&gt;, path=org.solent.com504.project.model.user.dto.User.roles.&lt;elements&gt;)
    - QuerySpaces
       - EntityQuerySpaceImpl(uid=&lt;gen:0&gt;, entity=org.solent.com504.project.model.user.dto.User)
          - SQL table alias mapping - user0_
          - alias suffix - 0_
          - suffixed key columns - {id1_7_0_}
          - JOIN (JoinDefinedByMetadata(address)) : &lt;gen:0&gt; -&gt; &lt;gen:1&gt;
             - CompositeQuerySpaceImpl(uid=&lt;gen:1&gt;)
                - SQL table alias mapping - user0_

12:23:09.483 [main] [o.h.l.e.p.EntityLoader] DEBUG org.hibernate.loader.entity.plan.EntityLoader - Static select for entity org.solent.com504.project.model.user.dto.User [PESSIMISTIC_READ]: select user0_.id as id1_7_0_, user0_.addressLine1 as addressL2_7_0_, user0_.addressLine2 as addressL3_7_0_, user0_.country as country4_7_0_, user0_.county as county5_7_0_, user0_.latitude as latitude6_7_0_, user0_.longitude as longitud7_7_0_, user0_.mobile as mobile8_7_0_, user0_.number as number9_7_0_, user0_.postcode as postcod10_7_0_, user0_.telephone as telepho11_7_0_, user0_.enabled as enabled12_7_0_, user0_.firstName as firstNa13_7_0_, user0_.password as passwor14_7_0_, user0_.secondName as secondN15_7_0_, user0_.username as usernam16_7_0_ from user user0_ where user0_.id=? for update
12:23:09.483 [main] [o.h.l.p.b.i.s.QuerySpacesImpl] DEBUG org.hibernate.loader.plan.build.internal.spaces.QuerySpacesImpl - Adding QuerySpace : uid = &lt;gen:0&gt; -&gt; org.hibernate.loader.plan.build.internal.spaces.EntityQuerySpaceImpl@51a651c1]
12:23:09.483 [main] [o.h.p.w.s.MetamodelGraphWalker] DEBUG org.hibernate.persister.walking.spi.MetamodelGraphWalker - Visiting attribute path : address
12:23:09.483 [main] [o.h.l.p.b.i.s.QuerySpacesImpl] DEBUG org.hibernate.loader.plan.build.internal.spaces.QuerySpacesImpl - Adding QuerySpace : uid = &lt;gen:1&gt; -&gt; org.hibernate.loader.plan.build.internal.spaces.CompositeQuerySpaceImpl@6c184d4d]
12:23:09.483 [main] [o.h.p.w.s.MetamodelGraphWalker] DEBUG org.hibernate.persister.walking.spi.MetamodelGraphWalker - Visiting attribute path : address.addressLine1
12:23:09.483 [main] [o.h.p.w.s.MetamodelGraphWalker] DEBUG org.hibernate.persister.walking.spi.MetamodelGraphWalker - Visiting attribute path : address.addressLine2
12:23:09.483 [main] [o.h.p.w.s.MetamodelGraphWalker] DEBUG org.hibernate.persister.walking.spi.MetamodelGraphWalker - Visiting attribute path : address.country
12:23:09.483 [main] [o.h.p.w.s.MetamodelGraphWalker] DEBUG org.hibernate.persister.walking.spi.MetamodelGraphWalker - Visiting attribute path : address.county
12:23:09.483 [main] [o.h.p.w.s.MetamodelGraphWalker] DEBUG org.hibernate.persister.walking.spi.MetamodelGraphWalker - Visiting attribute path : address.latitude
12:23:09.483 [main] [o.h.p.w.s.MetamodelGraphWalker] DEBUG org.hibernate.persister.walking.spi.MetamodelGraphWalker - Visiting attribute path : address.longitude
12:23:09.483 [main] [o.h.p.w.s.MetamodelGraphWalker] DEBUG org.hibernate.persister.walking.spi.MetamodelGraphWalker - Visiting attribute path : address.mobile
12:23:09.483 [main] [o.h.p.w.s.MetamodelGraphWalker] DEBUG org.hibernate.persister.walking.spi.MetamodelGraphWalker - Visiting attribute path : address.number
12:23:09.483 [main] [o.h.p.w.s.MetamodelGraphWalker] DEBUG org.hibernate.persister.walking.spi.MetamodelGraphWalker - Visiting attribute path : address.postcode
12:23:09.483 [main] [o.h.p.w.s.MetamodelGraphWalker] DEBUG org.hibernate.persister.walking.spi.MetamodelGraphWalker - Visiting attribute path : address.telephone
12:23:09.483 [main] [o.h.p.w.s.MetamodelGraphWalker] DEBUG org.hibernate.persister.walking.spi.MetamodelGraphWalker - Visiting attribute path : enabled
12:23:09.483 [main] [o.h.p.w.s.MetamodelGraphWalker] DEBUG org.hibernate.persister.walking.spi.MetamodelGraphWalker - Visiting attribute path : firstName
12:23:09.483 [main] [o.h.p.w.s.MetamodelGraphWalker] DEBUG org.hibernate.persister.walking.spi.MetamodelGraphWalker - Visiting attribute path : parties
12:23:09.483 [main] [o.h.l.p.b.i.s.QuerySpacesImpl] DEBUG org.hibernate.loader.plan.build.internal.spaces.QuerySpacesImpl - Adding QuerySpace : uid = &lt;gen:2&gt; -&gt; org.hibernate.loader.plan.build.internal.spaces.CollectionQuerySpaceImpl@158e9f6e]
12:23:09.483 [main] [o.h.l.p.b.i.s.QuerySpacesImpl] DEBUG org.hibernate.loader.plan.build.internal.spaces.QuerySpacesImpl - Adding QuerySpace : uid = &lt;gen:3&gt; -&gt; org.hibernate.loader.plan.build.internal.spaces.EntityQuerySpaceImpl@7a6ea47d]
12:23:09.483 [main] [o.h.p.w.s.MetamodelGraphWalker] DEBUG org.hibernate.persister.walking.spi.MetamodelGraphWalker - Visiting attribute path : password
12:23:09.483 [main] [o.h.p.w.s.MetamodelGraphWalker] DEBUG org.hibernate.persister.walking.spi.MetamodelGraphWalker - Visiting attribute path : roles
12:23:09.483 [main] [o.h.l.p.b.i.s.QuerySpacesImpl] DEBUG org.hibernate.loader.plan.build.internal.spaces.QuerySpacesImpl - Adding QuerySpace : uid = &lt;gen:4&gt; -&gt; org.hibernate.loader.plan.build.internal.spaces.CollectionQuerySpaceImpl@54b2fc58]
12:23:09.483 [main] [o.h.l.p.b.i.s.QuerySpacesImpl] DEBUG org.hibernate.loader.plan.build.internal.spaces.QuerySpacesImpl - Adding QuerySpace : uid = &lt;gen:5&gt; -&gt; org.hibernate.loader.plan.build.internal.spaces.EntityQuerySpaceImpl@daf22f0]
12:23:09.483 [main] [o.h.p.w.s.MetamodelGraphWalker] DEBUG org.hibernate.persister.walking.spi.MetamodelGraphWalker - Visiting attribute path : secondName
12:23:09.483 [main] [o.h.p.w.s.MetamodelGraphWalker] DEBUG org.hibernate.persister.walking.spi.MetamodelGraphWalker - Visiting attribute path : username
12:23:09.483 [main] [o.h.l.p.b.i.FetchStyleLoadPlanBuildingAssociationVisitationStrategy] DEBUG org.hibernate.loader.plan.build.internal.FetchStyleLoadPlanBuildingAssociationVisitationStrategy - Building LoadPlan...
12:23:09.483 [main] [o.h.l.p.e.i.LoadQueryJoinAndFetchProcessor] DEBUG org.hibernate.loader.plan.exec.internal.LoadQueryJoinAndFetchProcessor - processing queryspace &lt;gen:0&gt;
12:23:09.483 [main] [o.h.l.p.b.s.LoadPlanTreePrinter] DEBUG org.hibernate.loader.plan.build.spi.LoadPlanTreePrinter - LoadPlan(entity=org.solent.com504.project.model.user.dto.User)
    - Returns
       - EntityReturnImpl(entity=org.solent.com504.project.model.user.dto.User, querySpaceUid=&lt;gen:0&gt;, path=org.solent.com504.project.model.user.dto.User)
          - CompositeAttributeFetchImpl(composite=org.solent.com504.project.model.party.dto.Address, querySpaceUid=&lt;gen:1&gt;, path=org.solent.com504.project.model.user.dto.User.address)
          - CollectionAttributeFetchImpl(collection=org.solent.com504.project.model.user.dto.User.parties, querySpaceUid=&lt;gen:2&gt;, path=org.solent.com504.project.model.user.dto.User.parties)
             - (collection element) CollectionFetchableElementEntityGraph(entity=org.solent.com504.project.model.party.dto.Party, querySpaceUid=&lt;gen:3&gt;, path=org.solent.com504.project.model.user.dto.User.parties.&lt;elements&gt;)
          - CollectionAttributeFetchImpl(collection=org.solent.com504.project.model.user.dto.User.roles, querySpaceUid=&lt;gen:4&gt;, path=org.solent.com504.project.model.user.dto.User.roles)
             - (collection element) CollectionFetchableElementEntityGraph(entity=org.solent.com504.project.model.user.dto.Role, querySpaceUid=&lt;gen:5&gt;, path=org.solent.com504.project.model.user.dto.User.roles.&lt;elements&gt;)
    - QuerySpaces
       - EntityQuerySpaceImpl(uid=&lt;gen:0&gt;, entity=org.solent.com504.project.model.user.dto.User)
          - SQL table alias mapping - user0_
          - alias suffix - 0_
          - suffixed key columns - {id1_7_0_}
          - JOIN (JoinDefinedByMetadata(address)) : &lt;gen:0&gt; -&gt; &lt;gen:1&gt;
             - CompositeQuerySpaceImpl(uid=&lt;gen:1&gt;)
                - SQL table alias mapping - user0_

12:23:09.483 [main] [o.h.l.e.p.EntityLoader] DEBUG org.hibernate.loader.entity.plan.EntityLoader - Static select for entity org.solent.com504.project.model.user.dto.User [PESSIMISTIC_WRITE]: select user0_.id as id1_7_0_, user0_.addressLine1 as addressL2_7_0_, user0_.addressLine2 as addressL3_7_0_, user0_.country as country4_7_0_, user0_.county as county5_7_0_, user0_.latitude as latitude6_7_0_, user0_.longitude as longitud7_7_0_, user0_.mobile as mobile8_7_0_, user0_.number as number9_7_0_, user0_.postcode as postcod10_7_0_, user0_.telephone as telepho11_7_0_, user0_.enabled as enabled12_7_0_, user0_.firstName as firstNa13_7_0_, user0_.password as passwor14_7_0_, user0_.secondName as secondN15_7_0_, user0_.username as usernam16_7_0_ from user user0_ where user0_.id=? for update
12:23:09.483 [main] [o.h.l.p.b.i.s.QuerySpacesImpl] DEBUG org.hibernate.loader.plan.build.internal.spaces.QuerySpacesImpl - Adding QuerySpace : uid = &lt;gen:0&gt; -&gt; org.hibernate.loader.plan.build.internal.spaces.EntityQuerySpaceImpl@6cbbb9c4]
12:23:09.483 [main] [o.h.p.w.s.MetamodelGraphWalker] DEBUG org.hibernate.persister.walking.spi.MetamodelGraphWalker - Visiting attribute path : address
12:23:09.498 [main] [o.h.l.p.b.i.s.QuerySpacesImpl] DEBUG org.hibernate.loader.plan.build.internal.spaces.QuerySpacesImpl - Adding QuerySpace : uid = &lt;gen:1&gt; -&gt; org.hibernate.loader.plan.build.internal.spaces.CompositeQuerySpaceImpl@20ead579]
12:23:09.498 [main] [o.h.p.w.s.MetamodelGraphWalker] DEBUG org.hibernate.persister.walking.spi.MetamodelGraphWalker - Visiting attribute path : address.addressLine1
12:23:09.498 [main] [o.h.p.w.s.MetamodelGraphWalker] DEBUG org.hibernate.persister.walking.spi.MetamodelGraphWalker - Visiting attribute path : address.addressLine2
12:23:09.498 [main] [o.h.p.w.s.MetamodelGraphWalker] DEBUG org.hibernate.persister.walking.spi.MetamodelGraphWalker - Visiting attribute path : address.country
12:23:09.498 [main] [o.h.p.w.s.MetamodelGraphWalker] DEBUG org.hibernate.persister.walking.spi.MetamodelGraphWalker - Visiting attribute path : address.county
12:23:09.498 [main] [o.h.p.w.s.MetamodelGraphWalker] DEBUG org.hibernate.persister.walking.spi.MetamodelGraphWalker - Visiting attribute path : address.latitude
12:23:09.498 [main] [o.h.p.w.s.MetamodelGraphWalker] DEBUG org.hibernate.persister.walking.spi.MetamodelGraphWalker - Visiting attribute path : address.longitude
12:23:09.498 [main] [o.h.p.w.s.MetamodelGraphWalker] DEBUG org.hibernate.persister.walking.spi.MetamodelGraphWalker - Visiting attribute path : address.mobile
12:23:09.498 [main] [o.h.p.w.s.MetamodelGraphWalker] DEBUG org.hibernate.persister.walking.spi.MetamodelGraphWalker - Visiting attribute path : address.number
12:23:09.498 [main] [o.h.p.w.s.MetamodelGraphWalker] DEBUG org.hibernate.persister.walking.spi.MetamodelGraphWalker - Visiting attribute path : address.postcode
12:23:09.498 [main] [o.h.p.w.s.MetamodelGraphWalker] DEBUG org.hibernate.persister.walking.spi.MetamodelGraphWalker - Visiting attribute path : address.telephone
12:23:09.498 [main] [o.h.p.w.s.MetamodelGraphWalker] DEBUG org.hibernate.persister.walking.spi.MetamodelGraphWalker - Visiting attribute path : enabled
12:23:09.498 [main] [o.h.p.w.s.MetamodelGraphWalker] DEBUG org.hibernate.persister.walking.spi.MetamodelGraphWalker - Visiting attribute path : firstName
12:23:09.498 [main] [o.h.p.w.s.MetamodelGraphWalker] DEBUG org.hibernate.persister.walking.spi.MetamodelGraphWalker - Visiting attribute path : parties
12:23:09.498 [main] [o.h.l.p.b.i.s.QuerySpacesImpl] DEBUG org.hibernate.loader.plan.build.internal.spaces.QuerySpacesImpl - Adding QuerySpace : uid = &lt;gen:2&gt; -&gt; org.hibernate.loader.plan.build.internal.spaces.CollectionQuerySpaceImpl@65e22def]
12:23:09.498 [main] [o.h.l.p.b.i.s.QuerySpacesImpl] DEBUG org.hibernate.loader.plan.build.internal.spaces.QuerySpacesImpl - Adding QuerySpace : uid = &lt;gen:3&gt; -&gt; org.hibernate.loader.plan.build.internal.spaces.EntityQuerySpaceImpl@4b1ec694]
12:23:09.498 [main] [o.h.p.w.s.MetamodelGraphWalker] DEBUG org.hibernate.persister.walking.spi.MetamodelGraphWalker - Visiting attribute path : password
12:23:09.498 [main] [o.h.p.w.s.MetamodelGraphWalker] DEBUG org.hibernate.persister.walking.spi.MetamodelGraphWalker - Visiting attribute path : roles
12:23:09.498 [main] [o.h.l.p.b.i.s.QuerySpacesImpl] DEBUG org.hibernate.loader.plan.build.internal.spaces.QuerySpacesImpl - Adding QuerySpace : uid = &lt;gen:4&gt; -&gt; org.hibernate.loader.plan.build.internal.spaces.CollectionQuerySpaceImpl@3d299393]
12:23:09.498 [main] [o.h.l.p.b.i.s.QuerySpacesImpl] DEBUG org.hibernate.loader.plan.build.internal.spaces.QuerySpacesImpl - Adding QuerySpace : uid = &lt;gen:5&gt; -&gt; org.hibernate.loader.plan.build.internal.spaces.EntityQuerySpaceImpl@5f34907b]
12:23:09.498 [main] [o.h.p.w.s.MetamodelGraphWalker] DEBUG org.hibernate.persister.walking.spi.MetamodelGraphWalker - Visiting attribute path : secondName
12:23:09.498 [main] [o.h.p.w.s.MetamodelGraphWalker] DEBUG org.hibernate.persister.walking.spi.MetamodelGraphWalker - Visiting attribute path : username
12:23:09.498 [main] [o.h.l.p.b.i.FetchStyleLoadPlanBuildingAssociationVisitationStrategy] DEBUG org.hibernate.loader.plan.build.internal.FetchStyleLoadPlanBuildingAssociationVisitationStrategy - Building LoadPlan...
12:23:09.498 [main] [o.h.l.p.e.i.LoadQueryJoinAndFetchProcessor] DEBUG org.hibernate.loader.plan.exec.internal.LoadQueryJoinAndFetchProcessor - processing queryspace &lt;gen:0&gt;
12:23:09.498 [main] [o.h.l.p.b.s.LoadPlanTreePrinter] DEBUG org.hibernate.loader.plan.build.spi.LoadPlanTreePrinter - LoadPlan(entity=org.solent.com504.project.model.user.dto.User)
    - Returns
       - EntityReturnImpl(entity=org.solent.com504.project.model.user.dto.User, querySpaceUid=&lt;gen:0&gt;, path=org.solent.com504.project.model.user.dto.User)
          - CompositeAttributeFetchImpl(composite=org.solent.com504.project.model.party.dto.Address, querySpaceUid=&lt;gen:1&gt;, path=org.solent.com504.project.model.user.dto.User.address)
          - CollectionAttributeFetchImpl(collection=org.solent.com504.project.model.user.dto.User.parties, querySpaceUid=&lt;gen:2&gt;, path=org.solent.com504.project.model.user.dto.User.parties)
             - (collection element) CollectionFetchableElementEntityGraph(entity=org.solent.com504.project.model.party.dto.Party, querySpaceUid=&lt;gen:3&gt;, path=org.solent.com504.project.model.user.dto.User.parties.&lt;elements&gt;)
          - CollectionAttributeFetchImpl(collection=org.solent.com504.project.model.user.dto.User.roles, querySpaceUid=&lt;gen:4&gt;, path=org.solent.com504.project.model.user.dto.User.roles)
             - (collection element) CollectionFetchableElementEntityGraph(entity=org.solent.com504.project.model.user.dto.Role, querySpaceUid=&lt;gen:5&gt;, path=org.solent.com504.project.model.user.dto.User.roles.&lt;elements&gt;)
    - QuerySpaces
       - EntityQuerySpaceImpl(uid=&lt;gen:0&gt;, entity=org.solent.com504.project.model.user.dto.User)
          - SQL table alias mapping - user0_
          - alias suffix - 0_
          - suffixed key columns - {id1_7_0_}
          - JOIN (JoinDefinedByMetadata(address)) : &lt;gen:0&gt; -&gt; &lt;gen:1&gt;
             - CompositeQuerySpaceImpl(uid=&lt;gen:1&gt;)
                - SQL table alias mapping - user0_

12:23:09.498 [main] [o.h.l.e.p.EntityLoader] DEBUG org.hibernate.loader.entity.plan.EntityLoader - Static select for entity org.solent.com504.project.model.user.dto.User [PESSIMISTIC_FORCE_INCREMENT]: select user0_.id as id1_7_0_, user0_.addressLine1 as addressL2_7_0_, user0_.addressLine2 as addressL3_7_0_, user0_.country as country4_7_0_, user0_.county as county5_7_0_, user0_.latitude as latitude6_7_0_, user0_.longitude as longitud7_7_0_, user0_.mobile as mobile8_7_0_, user0_.number as number9_7_0_, user0_.postcode as postcod10_7_0_, user0_.telephone as telepho11_7_0_, user0_.enabled as enabled12_7_0_, user0_.firstName as firstNa13_7_0_, user0_.password as passwor14_7_0_, user0_.secondName as secondN15_7_0_, user0_.username as usernam16_7_0_ from user user0_ where user0_.id=? for update
12:23:09.498 [main] [o.h.l.p.b.i.s.QuerySpacesImpl] DEBUG org.hibernate.loader.plan.build.internal.spaces.QuerySpacesImpl - Adding QuerySpace : uid = &lt;gen:0&gt; -&gt; org.hibernate.loader.plan.build.internal.spaces.EntityQuerySpaceImpl@2b4d4327]
12:23:09.498 [main] [o.h.p.w.s.MetamodelGraphWalker] DEBUG org.hibernate.persister.walking.spi.MetamodelGraphWalker - Visiting attribute path : address
12:23:09.498 [main] [o.h.l.p.b.i.s.QuerySpacesImpl] DEBUG org.hibernate.loader.plan.build.internal.spaces.QuerySpacesImpl - Adding QuerySpace : uid = &lt;gen:1&gt; -&gt; org.hibernate.loader.plan.build.internal.spaces.CompositeQuerySpaceImpl@671ea6ff]
12:23:09.498 [main] [o.h.p.w.s.MetamodelGraphWalker] DEBUG org.hibernate.persister.walking.spi.MetamodelGraphWalker - Visiting attribute path : address.addressLine1
12:23:09.498 [main] [o.h.p.w.s.MetamodelGraphWalker] DEBUG org.hibernate.persister.walking.spi.MetamodelGraphWalker - Visiting attribute path : address.addressLine2
12:23:09.498 [main] [o.h.p.w.s.MetamodelGraphWalker] DEBUG org.hibernate.persister.walking.spi.MetamodelGraphWalker - Visiting attribute path : address.country
12:23:09.498 [main] [o.h.p.w.s.MetamodelGraphWalker] DEBUG org.hibernate.persister.walking.spi.MetamodelGraphWalker - Visiting attribute path : address.county
12:23:09.498 [main] [o.h.p.w.s.MetamodelGraphWalker] DEBUG org.hibernate.persister.walking.spi.MetamodelGraphWalker - Visiting attribute path : address.latitude
12:23:09.498 [main] [o.h.p.w.s.MetamodelGraphWalker] DEBUG org.hibernate.persister.walking.spi.MetamodelGraphWalker - Visiting attribute path : address.longitude
12:23:09.498 [main] [o.h.p.w.s.MetamodelGraphWalker] DEBUG org.hibernate.persister.walking.spi.MetamodelGraphWalker - Visiting attribute path : address.mobile
12:23:09.498 [main] [o.h.p.w.s.MetamodelGraphWalker] DEBUG org.hibernate.persister.walking.spi.MetamodelGraphWalker - Visiting attribute path : address.number
12:23:09.498 [main] [o.h.p.w.s.MetamodelGraphWalker] DEBUG org.hibernate.persister.walking.spi.MetamodelGraphWalker - Visiting attribute path : address.postcode
12:23:09.498 [main] [o.h.p.w.s.MetamodelGraphWalker] DEBUG org.hibernate.persister.walking.spi.MetamodelGraphWalker - Visiting attribute path : address.telephone
12:23:09.498 [main] [o.h.p.w.s.MetamodelGraphWalker] DEBUG org.hibernate.persister.walking.spi.MetamodelGraphWalker - Visiting attribute path : enabled
12:23:09.498 [main] [o.h.p.w.s.MetamodelGraphWalker] DEBUG org.hibernate.persister.walking.spi.MetamodelGraphWalker - Visiting attribute path : firstName
12:23:09.498 [main] [o.h.p.w.s.MetamodelGraphWalker] DEBUG org.hibernate.persister.walking.spi.MetamodelGraphWalker - Visiting attribute path : parties
12:23:09.498 [main] [o.h.l.p.b.i.s.QuerySpacesImpl] DEBUG org.hibernate.loader.plan.build.internal.spaces.QuerySpacesImpl - Adding QuerySpace : uid = &lt;gen:2&gt; -&gt; org.hibernate.loader.plan.build.internal.spaces.CollectionQuerySpaceImpl@5dc769f9]
12:23:09.498 [main] [o.h.l.p.b.i.s.QuerySpacesImpl] DEBUG org.hibernate.loader.plan.build.internal.spaces.QuerySpacesImpl - Adding QuerySpace : uid = &lt;gen:3&gt; -&gt; org.hibernate.loader.plan.build.internal.spaces.EntityQuerySpaceImpl@1b0e9707]
12:23:09.498 [main] [o.h.p.w.s.MetamodelGraphWalker] DEBUG org.hibernate.persister.walking.spi.MetamodelGraphWalker - Visiting attribute path : password
12:23:09.498 [main] [o.h.p.w.s.MetamodelGraphWalker] DEBUG org.hibernate.persister.walking.spi.MetamodelGraphWalker - Visiting attribute path : roles
12:23:09.498 [main] [o.h.l.p.b.i.s.QuerySpacesImpl] DEBUG org.hibernate.loader.plan.build.internal.spaces.QuerySpacesImpl - Adding QuerySpace : uid = &lt;gen:4&gt; -&gt; org.hibernate.loader.plan.build.internal.spaces.CollectionQuerySpaceImpl@9b5f3c7]
12:23:09.498 [main] [o.h.l.p.b.i.s.QuerySpacesImpl] DEBUG org.hibernate.loader.plan.build.internal.spaces.QuerySpacesImpl - Adding QuerySpace : uid = &lt;gen:5&gt; -&gt; org.hibernate.loader.plan.build.internal.spaces.EntityQuerySpaceImpl@74024f3]
12:23:09.498 [main] [o.h.p.w.s.MetamodelGraphWalker] DEBUG org.hibernate.persister.walking.spi.MetamodelGraphWalker - Visiting attribute path : secondName
12:23:09.498 [main] [o.h.p.w.s.MetamodelGraphWalker] DEBUG org.hibernate.persister.walking.spi.MetamodelGraphWalker - Visiting attribute path : username
12:23:09.498 [main] [o.h.l.p.b.i.FetchStyleLoadPlanBuildingAssociationVisitationStrategy] DEBUG org.hibernate.loader.plan.build.internal.FetchStyleLoadPlanBuildingAssociationVisitationStrategy - Building LoadPlan...
12:23:09.498 [main] [o.h.l.p.e.i.LoadQueryJoinAndFetchProcessor] DEBUG org.hibernate.loader.plan.exec.internal.LoadQueryJoinAndFetchProcessor - processing queryspace &lt;gen:0&gt;
12:23:09.498 [main] [o.h.l.p.b.s.LoadPlanTreePrinter] DEBUG org.hibernate.loader.plan.build.spi.LoadPlanTreePrinter - LoadPlan(entity=org.solent.com504.project.model.user.dto.User)
    - Returns
       - EntityReturnImpl(entity=org.solent.com504.project.model.user.dto.User, querySpaceUid=&lt;gen:0&gt;, path=org.solent.com504.project.model.user.dto.User)
          - CompositeAttributeFetchImpl(composite=org.solent.com504.project.model.party.dto.Address, querySpaceUid=&lt;gen:1&gt;, path=org.solent.com504.project.model.user.dto.User.address)
          - CollectionAttributeFetchImpl(collection=org.solent.com504.project.model.user.dto.User.parties, querySpaceUid=&lt;gen:2&gt;, path=org.solent.com504.project.model.user.dto.User.parties)
             - (collection element) CollectionFetchableElementEntityGraph(entity=org.solent.com504.project.model.party.dto.Party, querySpaceUid=&lt;gen:3&gt;, path=org.solent.com504.project.model.user.dto.User.parties.&lt;elements&gt;)
          - CollectionAttributeFetchImpl(collection=org.solent.com504.project.model.user.dto.User.roles, querySpaceUid=&lt;gen:4&gt;, path=org.solent.com504.project.model.user.dto.User.roles)
             - (collection element) CollectionFetchableElementEntityGraph(entity=org.solent.com504.project.model.user.dto.Role, querySpaceUid=&lt;gen:5&gt;, path=org.solent.com504.project.model.user.dto.User.roles.&lt;elements&gt;)
    - QuerySpaces
       - EntityQuerySpaceImpl(uid=&lt;gen:0&gt;, entity=org.solent.com504.project.model.user.dto.User)
          - SQL table alias mapping - user0_
          - alias suffix - 0_
          - suffixed key columns - {id1_7_0_}
          - JOIN (JoinDefinedByMetadata(address)) : &lt;gen:0&gt; -&gt; &lt;gen:1&gt;
             - CompositeQuerySpaceImpl(uid=&lt;gen:1&gt;)
                - SQL table alias mapping - user0_

12:23:09.498 [main] [o.h.l.e.p.EntityLoader] DEBUG org.hibernate.loader.entity.plan.EntityLoader - Static select for entity org.solent.com504.project.model.user.dto.User [OPTIMISTIC]: select user0_.id as id1_7_0_, user0_.addressLine1 as addressL2_7_0_, user0_.addressLine2 as addressL3_7_0_, user0_.country as country4_7_0_, user0_.county as county5_7_0_, user0_.latitude as latitude6_7_0_, user0_.longitude as longitud7_7_0_, user0_.mobile as mobile8_7_0_, user0_.number as number9_7_0_, user0_.postcode as postcod10_7_0_, user0_.telephone as telepho11_7_0_, user0_.enabled as enabled12_7_0_, user0_.firstName as firstNa13_7_0_, user0_.password as passwor14_7_0_, user0_.secondName as secondN15_7_0_, user0_.username as usernam16_7_0_ from user user0_ where user0_.id=?
12:23:09.498 [main] [o.h.l.p.b.i.s.QuerySpacesImpl] DEBUG org.hibernate.loader.plan.build.internal.spaces.QuerySpacesImpl - Adding QuerySpace : uid = &lt;gen:0&gt; -&gt; org.hibernate.loader.plan.build.internal.spaces.EntityQuerySpaceImpl@61ae0d43]
12:23:09.498 [main] [o.h.p.w.s.MetamodelGraphWalker] DEBUG org.hibernate.persister.walking.spi.MetamodelGraphWalker - Visiting attribute path : address
12:23:09.498 [main] [o.h.l.p.b.i.s.QuerySpacesImpl] DEBUG org.hibernate.loader.plan.build.internal.spaces.QuerySpacesImpl - Adding QuerySpace : uid = &lt;gen:1&gt; -&gt; org.hibernate.loader.plan.build.internal.spaces.CompositeQuerySpaceImpl@287ae90c]
12:23:09.498 [main] [o.h.p.w.s.MetamodelGraphWalker] DEBUG org.hibernate.persister.walking.spi.MetamodelGraphWalker - Visiting attribute path : address.addressLine1
12:23:09.498 [main] [o.h.p.w.s.MetamodelGraphWalker] DEBUG org.hibernate.persister.walking.spi.MetamodelGraphWalker - Visiting attribute path : address.addressLine2
12:23:09.498 [main] [o.h.p.w.s.MetamodelGraphWalker] DEBUG org.hibernate.persister.walking.spi.MetamodelGraphWalker - Visiting attribute path : address.country
12:23:09.498 [main] [o.h.p.w.s.MetamodelGraphWalker] DEBUG org.hibernate.persister.walking.spi.MetamodelGraphWalker - Visiting attribute path : address.county
12:23:09.498 [main] [o.h.p.w.s.MetamodelGraphWalker] DEBUG org.hibernate.persister.walking.spi.MetamodelGraphWalker - Visiting attribute path : address.latitude
12:23:09.498 [main] [o.h.p.w.s.MetamodelGraphWalker] DEBUG org.hibernate.persister.walking.spi.MetamodelGraphWalker - Visiting attribute path : address.longitude
12:23:09.498 [main] [o.h.p.w.s.MetamodelGraphWalker] DEBUG org.hibernate.persister.walking.spi.MetamodelGraphWalker - Visiting attribute path : address.mobile
12:23:09.498 [main] [o.h.p.w.s.MetamodelGraphWalker] DEBUG org.hibernate.persister.walking.spi.MetamodelGraphWalker - Visiting attribute path : address.number
12:23:09.498 [main] [o.h.p.w.s.MetamodelGraphWalker] DEBUG org.hibernate.persister.walking.spi.MetamodelGraphWalker - Visiting attribute path : address.postcode
12:23:09.498 [main] [o.h.p.w.s.MetamodelGraphWalker] DEBUG org.hibernate.persister.walking.spi.MetamodelGraphWalker - Visiting attribute path : address.telephone
12:23:09.498 [main] [o.h.p.w.s.MetamodelGraphWalker] DEBUG org.hibernate.persister.walking.spi.MetamodelGraphWalker - Visiting attribute path : enabled
12:23:09.498 [main] [o.h.p.w.s.MetamodelGraphWalker] DEBUG org.hibernate.persister.walking.spi.MetamodelGraphWalker - Visiting attribute path : firstName
12:23:09.498 [main] [o.h.p.w.s.MetamodelGraphWalker] DEBUG org.hibernate.persister.walking.spi.MetamodelGraphWalker - Visiting attribute path : parties
12:23:09.498 [main] [o.h.l.p.b.i.s.QuerySpacesImpl] DEBUG org.hibernate.loader.plan.build.internal.spaces.QuerySpacesImpl - Adding QuerySpace : uid = &lt;gen:2&gt; -&gt; org.hibernate.loader.plan.build.internal.spaces.CollectionQuerySpaceImpl@3fcee3d9]
12:23:09.498 [main] [o.h.l.p.b.i.s.QuerySpacesImpl] DEBUG org.hibernate.loader.plan.build.internal.spaces.QuerySpacesImpl - Adding QuerySpace : uid = &lt;gen:3&gt; -&gt; org.hibernate.loader.plan.build.internal.spaces.EntityQuerySpaceImpl@9c93d16]
12:23:09.498 [main] [o.h.p.w.s.MetamodelGraphWalker] DEBUG org.hibernate.persister.walking.spi.MetamodelGraphWalker - Visiting attribute path : password
12:23:09.498 [main] [o.h.p.w.s.MetamodelGraphWalker] DEBUG org.hibernate.persister.walking.spi.MetamodelGraphWalker - Visiting attribute path : roles
12:23:09.498 [main] [o.h.l.p.b.i.s.QuerySpacesImpl] DEBUG org.hibernate.loader.plan.build.internal.spaces.QuerySpacesImpl - Adding QuerySpace : uid = &lt;gen:4&gt; -&gt; org.hibernate.loader.plan.build.internal.spaces.CollectionQuerySpaceImpl@760487aa]
12:23:09.498 [main] [o.h.l.p.b.i.s.QuerySpacesImpl] DEBUG org.hibernate.loader.plan.build.internal.spaces.QuerySpacesImpl - Adding QuerySpace : uid = &lt;gen:5&gt; -&gt; org.hibernate.loader.plan.build.internal.spaces.EntityQuerySpaceImpl@1526f71]
12:23:09.498 [main] [o.h.p.w.s.MetamodelGraphWalker] DEBUG org.hibernate.persister.walking.spi.MetamodelGraphWalker - Visiting attribute path : secondName
12:23:09.498 [main] [o.h.p.w.s.MetamodelGraphWalker] DEBUG org.hibernate.persister.walking.spi.MetamodelGraphWalker - Visiting attribute path : username
12:23:09.498 [main] [o.h.l.p.b.i.FetchStyleLoadPlanBuildingAssociationVisitationStrategy] DEBUG org.hibernate.loader.plan.build.internal.FetchStyleLoadPlanBuildingAssociationVisitationStrategy - Building LoadPlan...
12:23:09.498 [main] [o.h.l.p.e.i.LoadQueryJoinAndFetchProcessor] DEBUG org.hibernate.loader.plan.exec.internal.LoadQueryJoinAndFetchProcessor - processing queryspace &lt;gen:0&gt;
12:23:09.498 [main] [o.h.l.p.b.s.LoadPlanTreePrinter] DEBUG org.hibernate.loader.plan.build.spi.LoadPlanTreePrinter - LoadPlan(entity=org.solent.com504.project.model.user.dto.User)
    - Returns
       - EntityReturnImpl(entity=org.solent.com504.project.model.user.dto.User, querySpaceUid=&lt;gen:0&gt;, path=org.solent.com504.project.model.user.dto.User)
          - CompositeAttributeFetchImpl(composite=org.solent.com504.project.model.party.dto.Address, querySpaceUid=&lt;gen:1&gt;, path=org.solent.com504.project.model.user.dto.User.address)
          - CollectionAttributeFetchImpl(collection=org.solent.com504.project.model.user.dto.User.parties, querySpaceUid=&lt;gen:2&gt;, path=org.solent.com504.project.model.user.dto.User.parties)
             - (collection element) CollectionFetchableElementEntityGraph(entity=org.solent.com504.project.model.party.dto.Party, querySpaceUid=&lt;gen:3&gt;, path=org.solent.com504.project.model.user.dto.User.parties.&lt;elements&gt;)
          - CollectionAttributeFetchImpl(collection=org.solent.com504.project.model.user.dto.User.roles, querySpaceUid=&lt;gen:4&gt;, path=org.solent.com504.project.model.user.dto.User.roles)
             - (collection element) CollectionFetchableElementEntityGraph(entity=org.solent.com504.project.model.user.dto.Role, querySpaceUid=&lt;gen:5&gt;, path=org.solent.com504.project.model.user.dto.User.roles.&lt;elements&gt;)
    - QuerySpaces
       - EntityQuerySpaceImpl(uid=&lt;gen:0&gt;, entity=org.solent.com504.project.model.user.dto.User)
          - SQL table alias mapping - user0_
          - alias suffix - 0_
          - suffixed key columns - {id1_7_0_}
          - JOIN (JoinDefinedByMetadata(address)) : &lt;gen:0&gt; -&gt; &lt;gen:1&gt;
             - CompositeQuerySpaceImpl(uid=&lt;gen:1&gt;)
                - SQL table alias mapping - user0_

12:23:09.498 [main] [o.h.l.e.p.EntityLoader] DEBUG org.hibernate.loader.entity.plan.EntityLoader - Static select for entity org.solent.com504.project.model.user.dto.User [OPTIMISTIC_FORCE_INCREMENT]: select user0_.id as id1_7_0_, user0_.addressLine1 as addressL2_7_0_, user0_.addressLine2 as addressL3_7_0_, user0_.country as country4_7_0_, user0_.county as county5_7_0_, user0_.latitude as latitude6_7_0_, user0_.longitude as longitud7_7_0_, user0_.mobile as mobile8_7_0_, user0_.number as number9_7_0_, user0_.postcode as postcod10_7_0_, user0_.telephone as telepho11_7_0_, user0_.enabled as enabled12_7_0_, user0_.firstName as firstNa13_7_0_, user0_.password as passwor14_7_0_, user0_.secondName as secondN15_7_0_, user0_.username as usernam16_7_0_ from user user0_ where user0_.id=?
12:23:09.498 [main] [o.h.l.Loader] DEBUG org.hibernate.loader.Loader - Static select for action ACTION_MERGE on entity org.solent.com504.project.model.user.dto.User: select user0_.id as id1_7_0_, user0_.addressLine1 as addressL2_7_0_, user0_.addressLine2 as addressL3_7_0_, user0_.country as country4_7_0_, user0_.county as county5_7_0_, user0_.latitude as latitude6_7_0_, user0_.longitude as longitud7_7_0_, user0_.mobile as mobile8_7_0_, user0_.number as number9_7_0_, user0_.postcode as postcod10_7_0_, user0_.telephone as telepho11_7_0_, user0_.enabled as enabled12_7_0_, user0_.firstName as firstNa13_7_0_, user0_.password as passwor14_7_0_, user0_.secondName as secondN15_7_0_, user0_.username as usernam16_7_0_ from user user0_ where user0_.id=?
12:23:09.498 [main] [o.h.l.Loader] DEBUG org.hibernate.loader.Loader - Static select for action ACTION_REFRESH on entity org.solent.com504.project.model.user.dto.User: select user0_.id as id1_7_0_, user0_.addressLine1 as addressL2_7_0_, user0_.addressLine2 as addressL3_7_0_, user0_.country as country4_7_0_, user0_.county as county5_7_0_, user0_.latitude as latitude6_7_0_, user0_.longitude as longitud7_7_0_, user0_.mobile as mobile8_7_0_, user0_.number as number9_7_0_, user0_.postcode as postcod10_7_0_, user0_.telephone as telepho11_7_0_, user0_.enabled as enabled12_7_0_, user0_.firstName as firstNa13_7_0_, user0_.password as passwor14_7_0_, user0_.secondName as secondN15_7_0_, user0_.username as usernam16_7_0_ from user user0_ where user0_.id=?
12:23:09.498 [main] [o.h.l.p.b.i.s.QuerySpacesImpl] DEBUG org.hibernate.loader.plan.build.internal.spaces.QuerySpacesImpl - Adding QuerySpace : uid = &lt;gen:0&gt; -&gt; org.hibernate.loader.plan.build.internal.spaces.CollectionQuerySpaceImpl@49ca94a9]
12:23:09.498 [main] [o.h.l.p.b.i.s.QuerySpacesImpl] DEBUG org.hibernate.loader.plan.build.internal.spaces.QuerySpacesImpl - Adding QuerySpace : uid = &lt;gen:1&gt; -&gt; org.hibernate.loader.plan.build.internal.spaces.EntityQuerySpaceImpl@9ab310b]
12:23:09.498 [main] [o.h.p.w.s.MetamodelGraphWalker] DEBUG org.hibernate.persister.walking.spi.MetamodelGraphWalker - Visiting attribute path : name
12:23:09.498 [main] [o.h.p.w.s.MetamodelGraphWalker] DEBUG org.hibernate.persister.walking.spi.MetamodelGraphWalker - Visiting attribute path : users
12:23:09.498 [main] [o.h.p.w.s.MetamodelGraphWalker] DEBUG org.hibernate.persister.walking.spi.MetamodelGraphWalker - Property path deemed to be circular : users
12:23:09.498 [main] [o.h.l.p.b.i.FetchStyleLoadPlanBuildingAssociationVisitationStrategy] DEBUG org.hibernate.loader.plan.build.internal.FetchStyleLoadPlanBuildingAssociationVisitationStrategy - Building LoadPlan...
12:23:09.498 [main] [o.h.l.p.e.i.LoadQueryJoinAndFetchProcessor] DEBUG org.hibernate.loader.plan.exec.internal.LoadQueryJoinAndFetchProcessor - processing queryspace &lt;gen:0&gt;
12:23:09.498 [main] [o.h.l.p.b.s.LoadPlanTreePrinter] DEBUG org.hibernate.loader.plan.build.spi.LoadPlanTreePrinter - LoadPlan(collection=org.solent.com504.project.model.user.dto.User.roles)
    - Returns
       - CollectionReturnImpl(collection=org.solent.com504.project.model.user.dto.User.roles, querySpaceUid=&lt;gen:0&gt;, path=[org.solent.com504.project.model.user.dto.User.roles])
          - (collection element) CollectionFetchableElementEntityGraph(entity=org.solent.com504.project.model.user.dto.Role, querySpaceUid=&lt;gen:1&gt;, path=[org.solent.com504.project.model.user.dto.User.roles].&lt;elements&gt;)
    - QuerySpaces
       - CollectionQuerySpaceImpl(uid=&lt;gen:0&gt;, collection=org.solent.com504.project.model.user.dto.User.roles)
          - SQL table alias mapping - roles0_
          - alias suffix - 0_
          - suffixed key columns - {user_id1_9_0_}
          - entity-element alias suffix - 1_
          - 1_entity-element suffixed key columns - id1_6_1_
          - JOIN (JoinDefinedByMetadata(elements)) : &lt;gen:0&gt; -&gt; &lt;gen:1&gt;
             - EntityQuerySpaceImpl(uid=&lt;gen:1&gt;, entity=org.solent.com504.project.model.user.dto.Role)
                - SQL table alias mapping - role1_
                - alias suffix - 1_
                - suffixed key columns - {id1_6_1_}

12:23:09.498 [main] [o.h.l.c.p.CollectionLoader] DEBUG org.hibernate.loader.collection.plan.CollectionLoader - Static select for collection org.solent.com504.project.model.user.dto.User.roles: select roles0_.user_id as user_id1_9_0_, roles0_.role_id as role_id2_9_0_, role1_.id as id1_6_1_, role1_.name as name2_6_1_ from user_role roles0_ inner join role role1_ on roles0_.role_id=role1_.id where roles0_.user_id=?
12:23:09.498 [main] [o.h.l.p.b.i.s.QuerySpacesImpl] DEBUG org.hibernate.loader.plan.build.internal.spaces.QuerySpacesImpl - Adding QuerySpace : uid = &lt;gen:0&gt; -&gt; org.hibernate.loader.plan.build.internal.spaces.CollectionQuerySpaceImpl@5489b1f7]
12:23:09.498 [main] [o.h.l.p.b.i.s.QuerySpacesImpl] DEBUG org.hibernate.loader.plan.build.internal.spaces.QuerySpacesImpl - Adding QuerySpace : uid = &lt;gen:1&gt; -&gt; org.hibernate.loader.plan.build.internal.spaces.EntityQuerySpaceImpl@4faf104]
12:23:09.498 [main] [o.h.p.w.s.MetamodelGraphWalker] DEBUG org.hibernate.persister.walking.spi.MetamodelGraphWalker - Visiting attribute path : address
12:23:09.498 [main] [o.h.l.p.b.i.s.QuerySpacesImpl] DEBUG org.hibernate.loader.plan.build.internal.spaces.QuerySpacesImpl - Adding QuerySpace : uid = &lt;gen:2&gt; -&gt; org.hibernate.loader.plan.build.internal.spaces.CompositeQuerySpaceImpl@51bddd98]
12:23:09.498 [main] [o.h.p.w.s.MetamodelGraphWalker] DEBUG org.hibernate.persister.walking.spi.MetamodelGraphWalker - Visiting attribute path : address.addressLine1
12:23:09.498 [main] [o.h.p.w.s.MetamodelGraphWalker] DEBUG org.hibernate.persister.walking.spi.MetamodelGraphWalker - Visiting attribute path : address.addressLine2
12:23:09.498 [main] [o.h.p.w.s.MetamodelGraphWalker] DEBUG org.hibernate.persister.walking.spi.MetamodelGraphWalker - Visiting attribute path : address.country
12:23:09.498 [main] [o.h.p.w.s.MetamodelGraphWalker] DEBUG org.hibernate.persister.walking.spi.MetamodelGraphWalker - Visiting attribute path : address.county
12:23:09.498 [main] [o.h.p.w.s.MetamodelGraphWalker] DEBUG org.hibernate.persister.walking.spi.MetamodelGraphWalker - Visiting attribute path : address.latitude
12:23:09.498 [main] [o.h.p.w.s.MetamodelGraphWalker] DEBUG org.hibernate.persister.walking.spi.MetamodelGraphWalker - Visiting attribute path : address.longitude
12:23:09.498 [main] [o.h.p.w.s.MetamodelGraphWalker] DEBUG org.hibernate.persister.walking.spi.MetamodelGraphWalker - Visiting attribute path : address.mobile
12:23:09.498 [main] [o.h.p.w.s.MetamodelGraphWalker] DEBUG org.hibernate.persister.walking.spi.MetamodelGraphWalker - Visiting attribute path : address.number
12:23:09.498 [main] [o.h.p.w.s.MetamodelGraphWalker] DEBUG org.hibernate.persister.walking.spi.MetamodelGraphWalker - Visiting attribute path : address.postcode
12:23:09.498 [main] [o.h.p.w.s.MetamodelGraphWalker] DEBUG org.hibernate.persister.walking.spi.MetamodelGraphWalker - Visiting attribute path : address.telephone
12:23:09.498 [main] [o.h.p.w.s.MetamodelGraphWalker] DEBUG org.hibernate.persister.walking.spi.MetamodelGraphWalker - Visiting attribute path : enabled
12:23:09.498 [main] [o.h.p.w.s.MetamodelGraphWalker] DEBUG org.hibernate.persister.walking.spi.MetamodelGraphWalker - Visiting attribute path : firstName
12:23:09.498 [main] [o.h.p.w.s.MetamodelGraphWalker] DEBUG org.hibernate.persister.walking.spi.MetamodelGraphWalker - Visiting attribute path : parties
12:23:09.498 [main] [o.h.l.p.b.i.s.QuerySpacesImpl] DEBUG org.hibernate.loader.plan.build.internal.spaces.QuerySpacesImpl - Adding QuerySpace : uid = &lt;gen:3&gt; -&gt; org.hibernate.loader.plan.build.internal.spaces.CollectionQuerySpaceImpl@77d4ac52]
12:23:09.498 [main] [o.h.l.p.b.i.s.QuerySpacesImpl] DEBUG org.hibernate.loader.plan.build.internal.spaces.QuerySpacesImpl - Adding QuerySpace : uid = &lt;gen:4&gt; -&gt; org.hibernate.loader.plan.build.internal.spaces.EntityQuerySpaceImpl@29f38091]
12:23:09.498 [main] [o.h.p.w.s.MetamodelGraphWalker] DEBUG org.hibernate.persister.walking.spi.MetamodelGraphWalker - Visiting attribute path : password
12:23:09.498 [main] [o.h.p.w.s.MetamodelGraphWalker] DEBUG org.hibernate.persister.walking.spi.MetamodelGraphWalker - Visiting attribute path : roles
12:23:09.498 [main] [o.h.p.w.s.MetamodelGraphWalker] DEBUG org.hibernate.persister.walking.spi.MetamodelGraphWalker - Property path deemed to be circular : roles
12:23:09.498 [main] [o.h.p.w.s.MetamodelGraphWalker] DEBUG org.hibernate.persister.walking.spi.MetamodelGraphWalker - Visiting attribute path : secondName
12:23:09.498 [main] [o.h.p.w.s.MetamodelGraphWalker] DEBUG org.hibernate.persister.walking.spi.MetamodelGraphWalker - Visiting attribute path : username
12:23:09.498 [main] [o.h.l.p.b.i.FetchStyleLoadPlanBuildingAssociationVisitationStrategy] DEBUG org.hibernate.loader.plan.build.internal.FetchStyleLoadPlanBuildingAssociationVisitationStrategy - Building LoadPlan...
12:23:09.498 [main] [o.h.l.p.e.i.LoadQueryJoinAndFetchProcessor] DEBUG org.hibernate.loader.plan.exec.internal.LoadQueryJoinAndFetchProcessor - processing queryspace &lt;gen:0&gt;
12:23:09.498 [main] [o.h.l.p.b.s.LoadPlanTreePrinter] DEBUG org.hibernate.loader.plan.build.spi.LoadPlanTreePrinter - LoadPlan(collection=org.solent.com504.project.model.user.dto.Role.users)
    - Returns
       - CollectionReturnImpl(collection=org.solent.com504.project.model.user.dto.Role.users, querySpaceUid=&lt;gen:0&gt;, path=[org.solent.com504.project.model.user.dto.Role.users])
          - (collection element) CollectionFetchableElementEntityGraph(entity=org.solent.com504.project.model.user.dto.User, querySpaceUid=&lt;gen:1&gt;, path=[org.solent.com504.project.model.user.dto.Role.users].&lt;elements&gt;)
             - CompositeAttributeFetchImpl(composite=org.solent.com504.project.model.party.dto.Address, querySpaceUid=&lt;gen:2&gt;, path=[org.solent.com504.project.model.user.dto.Role.users].&lt;elements&gt;.address)
             - CollectionAttributeFetchImpl(collection=org.solent.com504.project.model.user.dto.User.parties, querySpaceUid=&lt;gen:3&gt;, path=[org.solent.com504.project.model.user.dto.Role.users].&lt;elements&gt;.parties)
                - (collection element) CollectionFetchableElementEntityGraph(entity=org.solent.com504.project.model.party.dto.Party, querySpaceUid=&lt;gen:4&gt;, path=[org.solent.com504.project.model.user.dto.Role.users].&lt;elements&gt;.parties.&lt;elements&gt;)
    - QuerySpaces
       - CollectionQuerySpaceImpl(uid=&lt;gen:0&gt;, collection=org.solent.com504.project.model.user.dto.Role.users)
          - SQL table alias mapping - users0_
          - alias suffix - 0_
          - suffixed key columns - {role_id2_9_0_}
          - entity-element alias suffix - 1_
          - 1_entity-element suffixed key columns - id1_7_1_
          - JOIN (JoinDefinedByMetadata(elements)) : &lt;gen:0&gt; -&gt; &lt;gen:1&gt;
             - EntityQuerySpaceImpl(uid=&lt;gen:1&gt;, entity=org.solent.com504.project.model.user.dto.User)
                - SQL table alias mapping - user1_
                - alias suffix - 1_
                - suffixed key columns - {id1_7_1_}
                - JOIN (JoinDefinedByMetadata(address)) : &lt;gen:1&gt; -&gt; &lt;gen:2&gt;
                   - CompositeQuerySpaceImpl(uid=&lt;gen:2&gt;)
                      - SQL table alias mapping - user1_

12:23:09.498 [main] [o.h.l.c.p.CollectionLoader] DEBUG org.hibernate.loader.collection.plan.CollectionLoader - Static select for collection org.solent.com504.project.model.user.dto.Role.users: select users0_.role_id as role_id2_9_0_, users0_.user_id as user_id1_9_0_, user1_.id as id1_7_1_, user1_.addressLine1 as addressL2_7_1_, user1_.addressLine2 as addressL3_7_1_, user1_.country as country4_7_1_, user1_.county as county5_7_1_, user1_.latitude as latitude6_7_1_, user1_.longitude as longitud7_7_1_, user1_.mobile as mobile8_7_1_, user1_.number as number9_7_1_, user1_.postcode as postcod10_7_1_, user1_.telephone as telepho11_7_1_, user1_.enabled as enabled12_7_1_, user1_.firstName as firstNa13_7_1_, user1_.password as passwor14_7_1_, user1_.secondName as secondN15_7_1_, user1_.username as usernam16_7_1_ from user_role users0_ inner join user user1_ on users0_.user_id=user1_.id where users0_.role_id=?
12:23:09.498 [main] [o.h.l.p.b.i.s.QuerySpacesImpl] DEBUG org.hibernate.loader.plan.build.internal.spaces.QuerySpacesImpl - Adding QuerySpace : uid = &lt;gen:0&gt; -&gt; org.hibernate.loader.plan.build.internal.spaces.CollectionQuerySpaceImpl@161dd92a]
12:23:09.498 [main] [o.h.l.p.b.i.s.QuerySpacesImpl] DEBUG org.hibernate.loader.plan.build.internal.spaces.QuerySpacesImpl - Adding QuerySpace : uid = &lt;gen:1&gt; -&gt; org.hibernate.loader.plan.build.internal.spaces.EntityQuerySpaceImpl@77c3c037]
12:23:09.498 [main] [o.h.p.w.s.MetamodelGraphWalker] DEBUG org.hibernate.persister.walking.spi.MetamodelGraphWalker - Visiting attribute path : bids
12:23:09.498 [main] [o.h.l.p.b.i.s.QuerySpacesImpl] DEBUG org.hibernate.loader.plan.build.internal.spaces.QuerySpacesImpl - Adding QuerySpace : uid = &lt;gen:2&gt; -&gt; org.hibernate.loader.plan.build.internal.spaces.CollectionQuerySpaceImpl@68c9e023]
12:23:09.498 [main] [o.h.l.p.b.i.s.QuerySpacesImpl] DEBUG org.hibernate.loader.plan.build.internal.spaces.QuerySpacesImpl - Adding QuerySpace : uid = &lt;gen:3&gt; -&gt; org.hibernate.loader.plan.build.internal.spaces.EntityQuerySpaceImpl@1624775]
12:23:09.498 [main] [o.h.p.w.s.MetamodelGraphWalker] DEBUG org.hibernate.persister.walking.spi.MetamodelGraphWalker - Visiting attribute path : duration
12:23:09.498 [main] [o.h.p.w.s.MetamodelGraphWalker] DEBUG org.hibernate.persister.walking.spi.MetamodelGraphWalker - Visiting attribute path : grade
12:23:09.498 [main] [o.h.p.w.s.MetamodelGraphWalker] DEBUG org.hibernate.persister.walking.spi.MetamodelGraphWalker - Visiting attribute path : highestBidPrice
12:23:09.498 [main] [o.h.p.w.s.MetamodelGraphWalker] DEBUG org.hibernate.persister.walking.spi.MetamodelGraphWalker - Visiting attribute path : life_days
12:23:09.498 [main] [o.h.p.w.s.MetamodelGraphWalker] DEBUG org.hibernate.persister.walking.spi.MetamodelGraphWalker - Visiting attribute path : pickdate
12:23:09.498 [main] [o.h.p.w.s.MetamodelGraphWalker] DEBUG org.hibernate.persister.walking.spi.MetamodelGraphWalker - Visiting attribute path : quantity
12:23:09.498 [main] [o.h.p.w.s.MetamodelGraphWalker] DEBUG org.hibernate.persister.walking.spi.MetamodelGraphWalker - Visiting attribute path : reservedPrice
12:23:09.498 [main] [o.h.l.p.b.i.FetchStyleLoadPlanBuildingAssociationVisitationStrategy] DEBUG org.hibernate.loader.plan.build.internal.FetchStyleLoadPlanBuildingAssociationVisitationStrategy - Building LoadPlan...
12:23:09.498 [main] [o.h.l.p.e.i.LoadQueryJoinAndFetchProcessor] DEBUG org.hibernate.loader.plan.exec.internal.LoadQueryJoinAndFetchProcessor - processing queryspace &lt;gen:0&gt;
12:23:09.514 [main] [o.h.l.p.b.s.LoadPlanTreePrinter] DEBUG org.hibernate.loader.plan.build.spi.LoadPlanTreePrinter - LoadPlan(collection=org.solent.com504.project.model.auction.dto.Auction.lots)
    - Returns
       - CollectionReturnImpl(collection=org.solent.com504.project.model.auction.dto.Auction.lots, querySpaceUid=&lt;gen:0&gt;, path=[org.solent.com504.project.model.auction.dto.Auction.lots])
          - (collection element) CollectionFetchableElementEntityGraph(entity=org.solent.com504.project.model.lot.dto.Lot, querySpaceUid=&lt;gen:1&gt;, path=[org.solent.com504.project.model.auction.dto.Auction.lots].&lt;elements&gt;)
             - CollectionAttributeFetchImpl(collection=org.solent.com504.project.model.lot.dto.Lot.bids, querySpaceUid=&lt;gen:2&gt;, path=[org.solent.com504.project.model.auction.dto.Auction.lots].&lt;elements&gt;.bids)
                - (collection element) CollectionFetchableElementEntityGraph(entity=org.solent.com504.project.model.bid.dto.Bid, querySpaceUid=&lt;gen:3&gt;, path=[org.solent.com504.project.model.auction.dto.Auction.lots].&lt;elements&gt;.bids.&lt;elements&gt;)
    - QuerySpaces
       - CollectionQuerySpaceImpl(uid=&lt;gen:0&gt;, collection=org.solent.com504.project.model.auction.dto.Auction.lots)
          - SQL table alias mapping - lots0_
          - alias suffix - 0_
          - suffixed key columns - {Auction_1_1_0_}
          - entity-element alias suffix - 1_
          - 1_entity-element suffixed key columns - id1_3_1_
          - JOIN (JoinDefinedByMetadata(elements)) : &lt;gen:0&gt; -&gt; &lt;gen:1&gt;
             - EntityQuerySpaceImpl(uid=&lt;gen:1&gt;, entity=org.solent.com504.project.model.lot.dto.Lot)
                - SQL table alias mapping - lot1_
                - alias suffix - 1_
                - suffixed key columns - {id1_3_1_}

12:23:09.514 [main] [o.h.l.c.p.CollectionLoader] DEBUG org.hibernate.loader.collection.plan.CollectionLoader - Static select for collection org.solent.com504.project.model.auction.dto.Auction.lots: select lots0_.Auction_id as Auction_1_1_0_, lots0_.lots_id as lots_id2_1_0_, lot1_.id as id1_3_1_, lot1_.duration as duration2_3_1_, lot1_.grade as grade3_3_1_, lot1_.highestBidPrice as highestB4_3_1_, lot1_.life_days as life_day5_3_1_, lot1_.pickdate as pickdate6_3_1_, lot1_.quantity as quantity7_3_1_, lot1_.reservedPrice as reserved8_3_1_ from Auction_Lot lots0_ inner join Lot lot1_ on lots0_.lots_id=lot1_.id where lots0_.Auction_id=?
12:23:09.514 [main] [o.h.l.p.b.i.s.QuerySpacesImpl] DEBUG org.hibernate.loader.plan.build.internal.spaces.QuerySpacesImpl - Adding QuerySpace : uid = &lt;gen:0&gt; -&gt; org.hibernate.loader.plan.build.internal.spaces.CollectionQuerySpaceImpl@1e7f19b4]
12:23:09.514 [main] [o.h.l.p.b.i.s.QuerySpacesImpl] DEBUG org.hibernate.loader.plan.build.internal.spaces.QuerySpacesImpl - Adding QuerySpace : uid = &lt;gen:1&gt; -&gt; org.hibernate.loader.plan.build.internal.spaces.EntityQuerySpaceImpl@235b4cb8]
12:23:09.514 [main] [o.h.p.w.s.MetamodelGraphWalker] DEBUG org.hibernate.persister.walking.spi.MetamodelGraphWalker - Visiting attribute path : address
12:23:09.514 [main] [o.h.l.p.b.i.s.QuerySpacesImpl] DEBUG org.hibernate.loader.plan.build.internal.spaces.QuerySpacesImpl - Adding QuerySpace : uid = &lt;gen:2&gt; -&gt; org.hibernate.loader.plan.build.internal.spaces.CompositeQuerySpaceImpl@712ac7e6]
12:23:09.514 [main] [o.h.p.w.s.MetamodelGraphWalker] DEBUG org.hibernate.persister.walking.spi.MetamodelGraphWalker - Visiting attribute path : address.addressLine1
12:23:09.514 [main] [o.h.p.w.s.MetamodelGraphWalker] DEBUG org.hibernate.persister.walking.spi.MetamodelGraphWalker - Visiting attribute path : address.addressLine2
12:23:09.514 [main] [o.h.p.w.s.MetamodelGraphWalker] DEBUG org.hibernate.persister.walking.spi.MetamodelGraphWalker - Visiting attribute path : address.country
12:23:09.514 [main] [o.h.p.w.s.MetamodelGraphWalker] DEBUG org.hibernate.persister.walking.spi.MetamodelGraphWalker - Visiting attribute path : address.county
12:23:09.514 [main] [o.h.p.w.s.MetamodelGraphWalker] DEBUG org.hibernate.persister.walking.spi.MetamodelGraphWalker - Visiting attribute path : address.latitude
12:23:09.514 [main] [o.h.p.w.s.MetamodelGraphWalker] DEBUG org.hibernate.persister.walking.spi.MetamodelGraphWalker - Visiting attribute path : address.longitude
12:23:09.514 [main] [o.h.p.w.s.MetamodelGraphWalker] DEBUG org.hibernate.persister.walking.spi.MetamodelGraphWalker - Visiting attribute path : address.mobile
12:23:09.514 [main] [o.h.p.w.s.MetamodelGraphWalker] DEBUG org.hibernate.persister.walking.spi.MetamodelGraphWalker - Visiting attribute path : address.number
12:23:09.514 [main] [o.h.p.w.s.MetamodelGraphWalker] DEBUG org.hibernate.persister.walking.spi.MetamodelGraphWalker - Visiting attribute path : address.postcode
12:23:09.514 [main] [o.h.p.w.s.MetamodelGraphWalker] DEBUG org.hibernate.persister.walking.spi.MetamodelGraphWalker - Visiting attribute path : address.telephone
12:23:09.514 [main] [o.h.p.w.s.MetamodelGraphWalker] DEBUG org.hibernate.persister.walking.spi.MetamodelGraphWalker - Visiting attribute path : enabled
12:23:09.514 [main] [o.h.p.w.s.MetamodelGraphWalker] DEBUG org.hibernate.persister.walking.spi.MetamodelGraphWalker - Visiting attribute path : firstName
12:23:09.514 [main] [o.h.p.w.s.MetamodelGraphWalker] DEBUG org.hibernate.persister.walking.spi.MetamodelGraphWalker - Visiting attribute path : parties
12:23:09.514 [main] [o.h.p.w.s.MetamodelGraphWalker] DEBUG org.hibernate.persister.walking.spi.MetamodelGraphWalker - Property path deemed to be circular : parties
12:23:09.514 [main] [o.h.p.w.s.MetamodelGraphWalker] DEBUG org.hibernate.persister.walking.spi.MetamodelGraphWalker - Visiting attribute path : password
12:23:09.514 [main] [o.h.p.w.s.MetamodelGraphWalker] DEBUG org.hibernate.persister.walking.spi.MetamodelGraphWalker - Visiting attribute path : roles
12:23:09.514 [main] [o.h.l.p.b.i.s.QuerySpacesImpl] DEBUG org.hibernate.loader.plan.build.internal.spaces.QuerySpacesImpl - Adding QuerySpace : uid = &lt;gen:3&gt; -&gt; org.hibernate.loader.plan.build.internal.spaces.CollectionQuerySpaceImpl@2fbe26da]
12:23:09.514 [main] [o.h.l.p.b.i.s.QuerySpacesImpl] DEBUG org.hibernate.loader.plan.build.internal.spaces.QuerySpacesImpl - Adding QuerySpace : uid = &lt;gen:4&gt; -&gt; org.hibernate.loader.plan.build.internal.spaces.EntityQuerySpaceImpl@4ed15347]
12:23:09.514 [main] [o.h.p.w.s.MetamodelGraphWalker] DEBUG org.hibernate.persister.walking.spi.MetamodelGraphWalker - Visiting attribute path : secondName
12:23:09.514 [main] [o.h.p.w.s.MetamodelGraphWalker] DEBUG org.hibernate.persister.walking.spi.MetamodelGraphWalker - Visiting attribute path : username
12:23:09.514 [main] [o.h.l.p.b.i.FetchStyleLoadPlanBuildingAssociationVisitationStrategy] DEBUG org.hibernate.loader.plan.build.internal.FetchStyleLoadPlanBuildingAssociationVisitationStrategy - Building LoadPlan...
12:23:09.514 [main] [o.h.l.p.e.i.LoadQueryJoinAndFetchProcessor] DEBUG org.hibernate.loader.plan.exec.internal.LoadQueryJoinAndFetchProcessor - processing queryspace &lt;gen:0&gt;
12:23:09.514 [main] [o.h.l.p.b.s.LoadPlanTreePrinter] DEBUG org.hibernate.loader.plan.build.spi.LoadPlanTreePrinter - LoadPlan(collection=org.solent.com504.project.model.party.dto.Party.users)
    - Returns
       - CollectionReturnImpl(collection=org.solent.com504.project.model.party.dto.Party.users, querySpaceUid=&lt;gen:0&gt;, path=[org.solent.com504.project.model.party.dto.Party.users])
          - (collection element) CollectionFetchableElementEntityGraph(entity=org.solent.com504.project.model.user.dto.User, querySpaceUid=&lt;gen:1&gt;, path=[org.solent.com504.project.model.party.dto.Party.users].&lt;elements&gt;)
             - CompositeAttributeFetchImpl(composite=org.solent.com504.project.model.party.dto.Address, querySpaceUid=&lt;gen:2&gt;, path=[org.solent.com504.project.model.party.dto.Party.users].&lt;elements&gt;.address)
             - CollectionAttributeFetchImpl(collection=org.solent.com504.project.model.user.dto.User.roles, querySpaceUid=&lt;gen:3&gt;, path=[org.solent.com504.project.model.party.dto.Party.users].&lt;elements&gt;.roles)
                - (collection element) CollectionFetchableElementEntityGraph(entity=org.solent.com504.project.model.user.dto.Role, querySpaceUid=&lt;gen:4&gt;, path=[org.solent.com504.project.model.party.dto.Party.users].&lt;elements&gt;.roles.&lt;elements&gt;)
    - QuerySpaces
       - CollectionQuerySpaceImpl(uid=&lt;gen:0&gt;, collection=org.solent.com504.project.model.party.dto.Party.users)
          - SQL table alias mapping - users0_
          - alias suffix - 0_
          - suffixed key columns - {user_id1_8_0_}
          - entity-element alias suffix - 1_
          - 1_entity-element suffixed key columns - id1_7_1_
          - JOIN (JoinDefinedByMetadata(elements)) : &lt;gen:0&gt; -&gt; &lt;gen:1&gt;
             - EntityQuerySpaceImpl(uid=&lt;gen:1&gt;, entity=org.solent.com504.project.model.user.dto.User)
                - SQL table alias mapping - user1_
                - alias suffix - 1_
                - suffixed key columns - {id1_7_1_}
                - JOIN (JoinDefinedByMetadata(address)) : &lt;gen:1&gt; -&gt; &lt;gen:2&gt;
                   - CompositeQuerySpaceImpl(uid=&lt;gen:2&gt;)
                      - SQL table alias mapping - user1_

12:23:09.514 [main] [o.h.l.c.p.CollectionLoader] DEBUG org.hibernate.loader.collection.plan.CollectionLoader - Static select for collection org.solent.com504.project.model.party.dto.Party.users: select users0_.user_id as user_id1_8_0_, users0_.party_id as party_id2_8_0_, user1_.id as id1_7_1_, user1_.addressLine1 as addressL2_7_1_, user1_.addressLine2 as addressL3_7_1_, user1_.country as country4_7_1_, user1_.county as county5_7_1_, user1_.latitude as latitude6_7_1_, user1_.longitude as longitud7_7_1_, user1_.mobile as mobile8_7_1_, user1_.number as number9_7_1_, user1_.postcode as postcod10_7_1_, user1_.telephone as telepho11_7_1_, user1_.enabled as enabled12_7_1_, user1_.firstName as firstNa13_7_1_, user1_.password as passwor14_7_1_, user1_.secondName as secondN15_7_1_, user1_.username as usernam16_7_1_ from user_party users0_ inner join user user1_ on users0_.party_id=user1_.id where users0_.user_id=?
12:23:09.514 [main] [o.h.l.p.b.i.s.QuerySpacesImpl] DEBUG org.hibernate.loader.plan.build.internal.spaces.QuerySpacesImpl - Adding QuerySpace : uid = &lt;gen:0&gt; -&gt; org.hibernate.loader.plan.build.internal.spaces.CollectionQuerySpaceImpl@6963b88c]
12:23:09.514 [main] [o.h.l.p.b.i.s.QuerySpacesImpl] DEBUG org.hibernate.loader.plan.build.internal.spaces.QuerySpacesImpl - Adding QuerySpace : uid = &lt;gen:1&gt; -&gt; org.hibernate.loader.plan.build.internal.spaces.EntityQuerySpaceImpl@ab24484]
12:23:09.514 [main] [o.h.p.w.s.MetamodelGraphWalker] DEBUG org.hibernate.persister.walking.spi.MetamodelGraphWalker - Visiting attribute path : lot
12:23:09.514 [main] [o.h.l.p.b.i.s.QuerySpacesImpl] DEBUG org.hibernate.loader.plan.build.internal.spaces.QuerySpacesImpl - Adding QuerySpace : uid = &lt;gen:2&gt; -&gt; org.hibernate.loader.plan.build.internal.spaces.EntityQuerySpaceImpl@64387c17]
12:23:09.514 [main] [o.h.p.w.s.MetamodelGraphWalker] DEBUG org.hibernate.persister.walking.spi.MetamodelGraphWalker - Visiting attribute path : lot.bids
12:23:09.514 [main] [o.h.p.w.s.MetamodelGraphWalker] DEBUG org.hibernate.persister.walking.spi.MetamodelGraphWalker - Property path deemed to be circular : lot.bids
12:23:09.514 [main] [o.h.p.w.s.MetamodelGraphWalker] DEBUG org.hibernate.persister.walking.spi.MetamodelGraphWalker - Visiting attribute path : lot.duration
12:23:09.514 [main] [o.h.p.w.s.MetamodelGraphWalker] DEBUG org.hibernate.persister.walking.spi.MetamodelGraphWalker - Visiting attribute path : lot.grade
12:23:09.514 [main] [o.h.p.w.s.MetamodelGraphWalker] DEBUG org.hibernate.persister.walking.spi.MetamodelGraphWalker - Visiting attribute path : lot.highestBidPrice
12:23:09.514 [main] [o.h.p.w.s.MetamodelGraphWalker] DEBUG org.hibernate.persister.walking.spi.MetamodelGraphWalker - Visiting attribute path : lot.life_days
12:23:09.514 [main] [o.h.p.w.s.MetamodelGraphWalker] DEBUG org.hibernate.persister.walking.spi.MetamodelGraphWalker - Visiting attribute path : lot.pickdate
12:23:09.514 [main] [o.h.p.w.s.MetamodelGraphWalker] DEBUG org.hibernate.persister.walking.spi.MetamodelGraphWalker - Visiting attribute path : lot.quantity
12:23:09.514 [main] [o.h.p.w.s.MetamodelGraphWalker] DEBUG org.hibernate.persister.walking.spi.MetamodelGraphWalker - Visiting attribute path : lot.reservedPrice
12:23:09.514 [main] [o.h.p.w.s.MetamodelGraphWalker] DEBUG org.hibernate.persister.walking.spi.MetamodelGraphWalker - Visiting attribute path : partyId
12:23:09.514 [main] [o.h.p.w.s.MetamodelGraphWalker] DEBUG org.hibernate.persister.walking.spi.MetamodelGraphWalker - Visiting attribute path : timeStamp
12:23:09.514 [main] [o.h.p.w.s.MetamodelGraphWalker] DEBUG org.hibernate.persister.walking.spi.MetamodelGraphWalker - Visiting attribute path : value
12:23:09.514 [main] [o.h.l.p.b.i.FetchStyleLoadPlanBuildingAssociationVisitationStrategy] DEBUG org.hibernate.loader.plan.build.internal.FetchStyleLoadPlanBuildingAssociationVisitationStrategy - Building LoadPlan...
12:23:09.514 [main] [o.h.l.p.e.i.LoadQueryJoinAndFetchProcessor] DEBUG org.hibernate.loader.plan.exec.internal.LoadQueryJoinAndFetchProcessor - processing queryspace &lt;gen:0&gt;
12:23:09.514 [main] [o.h.l.p.b.s.LoadPlanTreePrinter] DEBUG org.hibernate.loader.plan.build.spi.LoadPlanTreePrinter - LoadPlan(collection=org.solent.com504.project.model.lot.dto.Lot.bids)
    - Returns
       - CollectionReturnImpl(collection=org.solent.com504.project.model.lot.dto.Lot.bids, querySpaceUid=&lt;gen:0&gt;, path=[org.solent.com504.project.model.lot.dto.Lot.bids])
          - (collection element) CollectionFetchableElementEntityGraph(entity=org.solent.com504.project.model.bid.dto.Bid, querySpaceUid=&lt;gen:1&gt;, path=[org.solent.com504.project.model.lot.dto.Lot.bids].&lt;elements&gt;)
             - EntityAttributeFetchImpl(entity=org.solent.com504.project.model.lot.dto.Lot, querySpaceUid=&lt;gen:2&gt;, path=[org.solent.com504.project.model.lot.dto.Lot.bids].&lt;elements&gt;.lot)
    - QuerySpaces
       - CollectionQuerySpaceImpl(uid=&lt;gen:0&gt;, collection=org.solent.com504.project.model.lot.dto.Lot.bids)
          - SQL table alias mapping - bids0_
          - alias suffix - 0_
          - suffixed key columns - {Lot_id1_4_0_}
          - entity-element alias suffix - 1_
          - 1_entity-element suffixed key columns - id1_2_1_
          - JOIN (JoinDefinedByMetadata(elements)) : &lt;gen:0&gt; -&gt; &lt;gen:1&gt;
             - EntityQuerySpaceImpl(uid=&lt;gen:1&gt;, entity=org.solent.com504.project.model.bid.dto.Bid)
                - SQL table alias mapping - bid1_
                - alias suffix - 1_
                - suffixed key columns - {id1_2_1_}
                - JOIN (JoinDefinedByMetadata(lot)) : &lt;gen:1&gt; -&gt; &lt;gen:2&gt;
                   - EntityQuerySpaceImpl(uid=&lt;gen:2&gt;, entity=org.solent.com504.project.model.lot.dto.Lot)
                      - SQL table alias mapping - lot2_
                      - alias suffix - 2_
                      - suffixed key columns - {id1_3_2_}

12:23:09.514 [main] [o.h.l.c.p.CollectionLoader] DEBUG org.hibernate.loader.collection.plan.CollectionLoader - Static select for collection org.solent.com504.project.model.lot.dto.Lot.bids: select bids0_.Lot_id as Lot_id1_4_0_, bids0_.bids_id as bids_id2_4_0_, bid1_.id as id1_2_1_, bid1_.lot_id as lot_id5_2_1_, bid1_.partyId as partyId2_2_1_, bid1_.timeStamp as timeStam3_2_1_, bid1_.value as value4_2_1_, lot2_.id as id1_3_2_, lot2_.duration as duration2_3_2_, lot2_.grade as grade3_3_2_, lot2_.highestBidPrice as highestB4_3_2_, lot2_.life_days as life_day5_3_2_, lot2_.pickdate as pickdate6_3_2_, lot2_.quantity as quantity7_3_2_, lot2_.reservedPrice as reserved8_3_2_ from Lot_Bid bids0_ inner join Bid bid1_ on bids0_.bids_id=bid1_.id left outer join Lot lot2_ on bid1_.lot_id=lot2_.id where bids0_.Lot_id=?
12:23:09.514 [main] [o.h.l.p.b.i.s.QuerySpacesImpl] DEBUG org.hibernate.loader.plan.build.internal.spaces.QuerySpacesImpl - Adding QuerySpace : uid = &lt;gen:0&gt; -&gt; org.hibernate.loader.plan.build.internal.spaces.CollectionQuerySpaceImpl@9f86dc3]
12:23:09.514 [main] [o.h.l.p.b.i.s.QuerySpacesImpl] DEBUG org.hibernate.loader.plan.build.internal.spaces.QuerySpacesImpl - Adding QuerySpace : uid = &lt;gen:1&gt; -&gt; org.hibernate.loader.plan.build.internal.spaces.EntityQuerySpaceImpl@41d16cc3]
12:23:09.514 [main] [o.h.p.w.s.MetamodelGraphWalker] DEBUG org.hibernate.persister.walking.spi.MetamodelGraphWalker - Visiting attribute path : address
12:23:09.514 [main] [o.h.l.p.b.i.s.QuerySpacesImpl] DEBUG org.hibernate.loader.plan.build.internal.spaces.QuerySpacesImpl - Adding QuerySpace : uid = &lt;gen:2&gt; -&gt; org.hibernate.loader.plan.build.internal.spaces.CompositeQuerySpaceImpl@649f25f3]
12:23:09.514 [main] [o.h.p.w.s.MetamodelGraphWalker] DEBUG org.hibernate.persister.walking.spi.MetamodelGraphWalker - Visiting attribute path : address.addressLine1
12:23:09.514 [main] [o.h.p.w.s.MetamodelGraphWalker] DEBUG org.hibernate.persister.walking.spi.MetamodelGraphWalker - Visiting attribute path : address.addressLine2
12:23:09.514 [main] [o.h.p.w.s.MetamodelGraphWalker] DEBUG org.hibernate.persister.walking.spi.MetamodelGraphWalker - Visiting attribute path : address.country
12:23:09.514 [main] [o.h.p.w.s.MetamodelGraphWalker] DEBUG org.hibernate.persister.walking.spi.MetamodelGraphWalker - Visiting attribute path : address.county
12:23:09.514 [main] [o.h.p.w.s.MetamodelGraphWalker] DEBUG org.hibernate.persister.walking.spi.MetamodelGraphWalker - Visiting attribute path : address.latitude
12:23:09.514 [main] [o.h.p.w.s.MetamodelGraphWalker] DEBUG org.hibernate.persister.walking.spi.MetamodelGraphWalker - Visiting attribute path : address.longitude
12:23:09.514 [main] [o.h.p.w.s.MetamodelGraphWalker] DEBUG org.hibernate.persister.walking.spi.MetamodelGraphWalker - Visiting attribute path : address.mobile
12:23:09.514 [main] [o.h.p.w.s.MetamodelGraphWalker] DEBUG org.hibernate.persister.walking.spi.MetamodelGraphWalker - Visiting attribute path : address.number
12:23:09.514 [main] [o.h.p.w.s.MetamodelGraphWalker] DEBUG org.hibernate.persister.walking.spi.MetamodelGraphWalker - Visiting attribute path : address.postcode
12:23:09.514 [main] [o.h.p.w.s.MetamodelGraphWalker] DEBUG org.hibernate.persister.walking.spi.MetamodelGraphWalker - Visiting attribute path : address.telephone
12:23:09.514 [main] [o.h.p.w.s.MetamodelGraphWalker] DEBUG org.hibernate.persister.walking.spi.MetamodelGraphWalker - Visiting attribute path : enabled
12:23:09.514 [main] [o.h.p.w.s.MetamodelGraphWalker] DEBUG org.hibernate.persister.walking.spi.MetamodelGraphWalker - Visiting attribute path : firstName
12:23:09.514 [main] [o.h.p.w.s.MetamodelGraphWalker] DEBUG org.hibernate.persister.walking.spi.MetamodelGraphWalker - Visiting attribute path : partyRole
12:23:09.514 [main] [o.h.p.w.s.MetamodelGraphWalker] DEBUG org.hibernate.persister.walking.spi.MetamodelGraphWalker - Visiting attribute path : partyStatus
12:23:09.514 [main] [o.h.p.w.s.MetamodelGraphWalker] DEBUG org.hibernate.persister.walking.spi.MetamodelGraphWalker - Visiting attribute path : secondName
12:23:09.514 [main] [o.h.p.w.s.MetamodelGraphWalker] DEBUG org.hibernate.persister.walking.spi.MetamodelGraphWalker - Visiting attribute path : users
12:23:09.514 [main] [o.h.p.w.s.MetamodelGraphWalker] DEBUG org.hibernate.persister.walking.spi.MetamodelGraphWalker - Property path deemed to be circular : users
12:23:09.514 [main] [o.h.p.w.s.MetamodelGraphWalker] DEBUG org.hibernate.persister.walking.spi.MetamodelGraphWalker - Visiting attribute path : uuid
12:23:09.514 [main] [o.h.l.p.b.i.FetchStyleLoadPlanBuildingAssociationVisitationStrategy] DEBUG org.hibernate.loader.plan.build.internal.FetchStyleLoadPlanBuildingAssociationVisitationStrategy - Building LoadPlan...
12:23:09.514 [main] [o.h.l.p.e.i.LoadQueryJoinAndFetchProcessor] DEBUG org.hibernate.loader.plan.exec.internal.LoadQueryJoinAndFetchProcessor - processing queryspace &lt;gen:0&gt;
12:23:09.514 [main] [o.h.l.p.b.s.LoadPlanTreePrinter] DEBUG org.hibernate.loader.plan.build.spi.LoadPlanTreePrinter - LoadPlan(collection=org.solent.com504.project.model.user.dto.User.parties)
    - Returns
       - CollectionReturnImpl(collection=org.solent.com504.project.model.user.dto.User.parties, querySpaceUid=&lt;gen:0&gt;, path=[org.solent.com504.project.model.user.dto.User.parties])
          - (collection element) CollectionFetchableElementEntityGraph(entity=org.solent.com504.project.model.party.dto.Party, querySpaceUid=&lt;gen:1&gt;, path=[org.solent.com504.project.model.user.dto.User.parties].&lt;elements&gt;)
             - CompositeAttributeFetchImpl(composite=org.solent.com504.project.model.party.dto.Address, querySpaceUid=&lt;gen:2&gt;, path=[org.solent.com504.project.model.user.dto.User.parties].&lt;elements&gt;.address)
    - QuerySpaces
       - CollectionQuerySpaceImpl(uid=&lt;gen:0&gt;, collection=org.solent.com504.project.model.user.dto.User.parties)
          - SQL table alias mapping - parties0_
          - alias suffix - 0_
          - suffixed key columns - {party_id2_8_0_}
          - entity-element alias suffix - 1_
          - 1_entity-element suffixed key columns - id1_5_1_
          - JOIN (JoinDefinedByMetadata(elements)) : &lt;gen:0&gt; -&gt; &lt;gen:1&gt;
             - EntityQuerySpaceImpl(uid=&lt;gen:1&gt;, entity=org.solent.com504.project.model.party.dto.Party)
                - SQL table alias mapping - party1_
                - alias suffix - 1_
                - suffixed key columns - {id1_5_1_}
                - JOIN (JoinDefinedByMetadata(address)) : &lt;gen:1&gt; -&gt; &lt;gen:2&gt;
                   - CompositeQuerySpaceImpl(uid=&lt;gen:2&gt;)
                      - SQL table alias mapping - party1_

12:23:09.514 [main] [o.h.l.c.p.CollectionLoader] DEBUG org.hibernate.loader.collection.plan.CollectionLoader - Static select for collection org.solent.com504.project.model.user.dto.User.parties: select parties0_.party_id as party_id2_8_0_, parties0_.user_id as user_id1_8_0_, party1_.id as id1_5_1_, party1_.addressLine1 as addressL2_5_1_, party1_.addressLine2 as addressL3_5_1_, party1_.country as country4_5_1_, party1_.county as county5_5_1_, party1_.latitude as latitude6_5_1_, party1_.longitude as longitud7_5_1_, party1_.mobile as mobile8_5_1_, party1_.number as number9_5_1_, party1_.postcode as postcod10_5_1_, party1_.telephone as telepho11_5_1_, party1_.enabled as enabled12_5_1_, party1_.firstName as firstNa13_5_1_, party1_.partyRole as partyRo14_5_1_, party1_.partyStatus as partySt15_5_1_, party1_.secondName as secondN16_5_1_, party1_.uuid as uuid17_5_1_ from user_party parties0_ inner join Party party1_ on parties0_.user_id=party1_.id where parties0_.party_id=?
12:23:09.530 [main] [o.s.j.d.DriverManagerDataSource] DEBUG org.springframework.jdbc.datasource.DriverManagerDataSource - Creating new JDBC DriverManager Connection to [jdbc:hsqldb:file:C:\Users\3moulj69\AppData\Local\Temp\/hsqldb/productDb;shutdown=true]
12:23:09.592 [main] [o.h.m.Table] DEBUG org.hibernate.mapping.Table - No alter strings for table : Auction
12:23:09.608 [main] [o.h.m.Table] DEBUG org.hibernate.mapping.Table - No alter strings for table : Auction_Lot
12:23:09.608 [main] [o.h.m.Table] DEBUG org.hibernate.mapping.Table - No alter strings for table : Bid
12:23:09.608 [main] [o.h.m.Table] DEBUG org.hibernate.mapping.Table - No alter strings for table : Lot
12:23:09.608 [main] [o.h.m.Table] DEBUG org.hibernate.mapping.Table - No alter strings for table : Lot_Bid
12:23:09.608 [main] [o.h.m.Table] DEBUG org.hibernate.mapping.Table - No alter strings for table : Party
12:23:09.608 [main] [o.h.m.Table] DEBUG org.hibernate.mapping.Table - No alter strings for table : role
12:23:09.608 [main] [o.h.m.Table] DEBUG org.hibernate.mapping.Table - No alter strings for table : user
12:23:09.608 [main] [o.h.m.Table] DEBUG org.hibernate.mapping.Table - No alter strings for table : user_party
12:23:09.608 [main] [o.h.m.Table] DEBUG org.hibernate.mapping.Table - No alter strings for table : user_role
12:23:09.608 [main] [o.h.SQL] DEBUG org.hibernate.SQL - alter table Auction_Lot drop constraint UK_coa4u7ju4h1s2v3vaxc5fxr4k
Hibernate: alter table Auction_Lot drop constraint UK_coa4u7ju4h1s2v3vaxc5fxr4k
12:23:09.608 [main] [o.h.SQL] DEBUG org.hibernate.SQL - alter table Auction_Lot add constraint UK_coa4u7ju4h1s2v3vaxc5fxr4k unique (lots_id)
Hibernate: alter table Auction_Lot add constraint UK_coa4u7ju4h1s2v3vaxc5fxr4k unique (lots_id)
12:23:09.608 [main] [o.h.SQL] DEBUG org.hibernate.SQL - alter table Lot_Bid drop constraint UK_ppfjw263md5dd2rro8d0f7qbt
Hibernate: alter table Lot_Bid drop constraint UK_ppfjw263md5dd2rro8d0f7qbt
12:23:09.608 [main] [o.h.SQL] DEBUG org.hibernate.SQL - alter table Lot_Bid add constraint UK_ppfjw263md5dd2rro8d0f7qbt unique (bids_id)
Hibernate: alter table Lot_Bid add constraint UK_ppfjw263md5dd2rro8d0f7qbt unique (bids_id)
12:23:09.936 [main] [o.h.e.t.j.p.i.JtaPlatformInitiator] DEBUG org.hibernate.engine.transaction.jta.platform.internal.JtaPlatformInitiator - No JtaPlatform was specified, checking resolver
12:23:09.936 [main] [o.h.e.t.j.p.i.JtaPlatformResolverInitiator] DEBUG org.hibernate.engine.transaction.jta.platform.internal.JtaPlatformResolverInitiator - No JtaPlatformResolver was specified, using default [org.hibernate.engine.transaction.jta.platform.internal.StandardJtaPlatformResolver]
12:23:09.936 [main] [o.h.e.t.j.p.i.StandardJtaPlatformResolver] DEBUG org.hibernate.engine.transaction.jta.platform.internal.StandardJtaPlatformResolver - Could not resolve JtaPlatform, using default [org.hibernate.engine.transaction.jta.platform.internal.NoJtaPlatform]
12:23:09.951 [main] [o.h.q.s.NamedQueryRepository] DEBUG org.hibernate.query.spi.NamedQueryRepository - Checking 0 named HQL queries
12:23:09.951 [main] [o.h.q.s.NamedQueryRepository] DEBUG org.hibernate.query.spi.NamedQueryRepository - Checking 0 named SQL queries
12:23:09.951 [main] [o.h.i.SessionFactoryRegistry] DEBUG org.hibernate.internal.SessionFactoryRegistry - Registering SessionFactory: 0be0216d-7e18-4995-8bd1-faca6cca4b59 (&lt;unnamed&gt;)
12:23:09.951 [main] [o.h.i.SessionFactoryRegistry] DEBUG org.hibernate.internal.SessionFactoryRegistry - Not binding SessionFactory to JNDI, no JNDI name configured
12:23:09.951 [main] [o.s.o.j.LocalContainerEntityManagerFactoryBean] INFO  org.springframework.orm.jpa.LocalContainerEntityManagerFactoryBean - Initialized JPA EntityManagerFactory for persistence unit &apos;default&apos;
12:23:09.951 [main] [o.s.b.f.s.DefaultListableBeanFactory] DEBUG org.springframework.beans.factory.support.DefaultListableBeanFactory - Creating shared instance of singleton bean &apos;auctionService&apos;
12:23:09.951 [main] [o.s.b.f.s.DefaultListableBeanFactory] DEBUG org.springframework.beans.factory.support.DefaultListableBeanFactory - Creating shared instance of singleton bean &apos;auctionDAOImplSpring&apos;
12:23:09.951 [main] [o.s.c.s.GenericApplicationContext] WARN  org.springframework.context.support.GenericApplicationContext - Exception encountered during context initialization - cancelling refresh attempt: org.springframework.beans.factory.UnsatisfiedDependencyException: Error creating bean with name &apos;auctionService&apos;: Unsatisfied dependency expressed through field &apos;auctionDao&apos;; nested exception is org.springframework.beans.factory.UnsatisfiedDependencyException: Error creating bean with name &apos;auctionDAOImplSpring&apos;: Unsatisfied dependency expressed through field &apos;auctionRepository&apos;; nested exception is org.springframework.beans.factory.NoSuchBeanDefinitionException: No qualifying bean of type &apos;org.solent.com504.project.impl.dao.auction.springdata.AuctionRepository&apos; available: expected at least 1 bean which qualifies as autowire candidate. Dependency annotations: {@org.springframework.beans.factory.annotation.Autowired(required=true)}
12:23:09.951 [main] [o.s.o.j.LocalContainerEntityManagerFactoryBean] INFO  org.springframework.orm.jpa.LocalContainerEntityManagerFactoryBean - Closing JPA EntityManagerFactory for persistence unit &apos;default&apos;
12:23:09.951 [main] [o.h.i.SessionFactoryImpl] DEBUG org.hibernate.internal.SessionFactoryImpl - HHH000031: Closing
12:23:09.951 [main] [o.h.e.s.CascadeStyles] DEBUG org.hibernate.engine.spi.CascadeStyles - External cascade style registration [persist : STYLE_PERSIST] overrode base registration [STYLE_PERSIST_SKIPLAZY]
12:23:09.951 [main] [o.h.s.i.AbstractServiceRegistryImpl] DEBUG org.hibernate.service.internal.AbstractServiceRegistryImpl - Implicitly destroying ServiceRegistry on de-registration of all child ServiceRegistries
12:23:09.951 [main] [o.h.b.r.i.BootstrapServiceRegistryImpl] DEBUG org.hibernate.boot.registry.internal.BootstrapServiceRegistryImpl - Implicitly destroying Boot-strap registry on de-registration of all child ServiceRegistries
12:23:09.951 [main] [o.s.t.c.TestContextManager] ERROR org.springframework.test.context.TestContextManager - Caught exception while allowing TestExecutionListener [org.springframework.test.context.support.DependencyInjectionTestExecutionListener@40a4337a] to prepare test instance [org.solent.com504.project.impl.service.test.ServiceFacadeJpaTest@76130a29]
java.lang.IllegalStateException: Failed to load ApplicationContext
	at org.springframework.test.context.cache.DefaultCacheAwareContextLoaderDelegate.loadContext(DefaultCacheAwareContextLoaderDelegate.java:132) ~[spring-test-5.2.3.RELEASE.jar:5.2.3.RELEASE]
	at org.springframework.test.context.support.DefaultTestContext.getApplicationContext(DefaultTestContext.java:123) ~[spring-test-5.2.3.RELEASE.jar:5.2.3.RELEASE]
	at org.springframework.test.context.support.DependencyInjectionTestExecutionListener.injectDependencies(DependencyInjectionTestExecutionListener.java:118) ~[spring-test-5.2.3.RELEASE.jar:5.2.3.RELEASE]
	at org.springframework.test.context.support.DependencyInjectionTestExecutionListener.prepareTestInstance(DependencyInjectionTestExecutionListener.java:83) ~[spring-test-5.2.3.RELEASE.jar:5.2.3.RELEASE]
	at org.springframework.test.context.TestContextManager.prepareTestInstance(TestContextManager.java:244) [spring-test-5.2.3.RELEASE.jar:5.2.3.RELEASE]
	at org.springframework.test.context.junit4.SpringJUnit4ClassRunner.createTest(SpringJUnit4ClassRunner.java:227) [spring-test-5.2.3.RELEASE.jar:5.2.3.RELEASE]
	at org.springframework.test.context.junit4.SpringJUnit4ClassRunner$1.runReflectiveCall(SpringJUnit4ClassRunner.java:289) [spring-test-5.2.3.RELEASE.jar:5.2.3.RELEASE]
	at org.junit.internal.runners.model.ReflectiveCallable.run(ReflectiveCallable.java:12) [junit-4.12.jar:4.12]
	at org.springframework.test.context.junit4.SpringJUnit4ClassRunner.methodBlock(SpringJUnit4ClassRunner.java:291) [spring-test-5.2.3.RELEASE.jar:5.2.3.RELEASE]
	at org.springframework.test.context.junit4.SpringJUnit4ClassRunner.runChild(SpringJUnit4ClassRunner.java:246) [spring-test-5.2.3.RELEASE.jar:5.2.3.RELEASE]
	at org.springframework.test.context.junit4.SpringJUnit4ClassRunner.runChild(SpringJUnit4ClassRunner.java:97) [spring-test-5.2.3.RELEASE.jar:5.2.3.RELEASE]
	at org.junit.runners.ParentRunner$3.run(ParentRunner.java:290) [junit-4.12.jar:4.12]
	at org.junit.runners.ParentRunner$1.schedule(ParentRunner.java:71) [junit-4.12.jar:4.12]
	at org.junit.runners.ParentRunner.runChildren(ParentRunner.java:288) [junit-4.12.jar:4.12]
	at org.junit.runners.ParentRunner.access$000(ParentRunner.java:58) [junit-4.12.jar:4.12]
	at org.junit.runners.ParentRunner$2.evaluate(ParentRunner.java:268) [junit-4.12.jar:4.12]
	at org.springframework.test.context.junit4.statements.RunBeforeTestClassCallbacks.evaluate(RunBeforeTestClassCallbacks.java:61) [spring-test-5.2.3.RELEASE.jar:5.2.3.RELEASE]
	at org.springframework.test.context.junit4.statements.RunAfterTestClassCallbacks.evaluate(RunAfterTestClassCallbacks.java:70) [spring-test-5.2.3.RELEASE.jar:5.2.3.RELEASE]
	at org.junit.runners.ParentRunner.run(ParentRunner.java:363) [junit-4.12.jar:4.12]
	at org.springframework.test.context.junit4.SpringJUnit4ClassRunner.run(SpringJUnit4ClassRunner.java:190) [spring-test-5.2.3.RELEASE.jar:5.2.3.RELEASE]
	at org.apache.maven.surefire.junit4.JUnit4Provider.execute(JUnit4Provider.java:252) [surefire-junit4-2.12.4.jar:2.12.4]
	at org.apache.maven.surefire.junit4.JUnit4Provider.executeTestSet(JUnit4Provider.java:141) [surefire-junit4-2.12.4.jar:2.12.4]
	at org.apache.maven.surefire.junit4.JUnit4Provider.invoke(JUnit4Provider.java:112) [surefire-junit4-2.12.4.jar:2.12.4]
	at sun.reflect.NativeMethodAccessorImpl.invoke0(Native Method) ~[?:1.8.0_202]
	at sun.reflect.NativeMethodAccessorImpl.invoke(NativeMethodAccessorImpl.java:62) ~[?:1.8.0_202]
	at sun.reflect.DelegatingMethodAccessorImpl.invoke(DelegatingMethodAccessorImpl.java:43) ~[?:1.8.0_202]
	at java.lang.reflect.Method.invoke(Method.java:498) ~[?:1.8.0_202]
	at org.apache.maven.surefire.util.ReflectionUtils.invokeMethodWithArray(ReflectionUtils.java:189) [surefire-api-2.12.4.jar:2.12.4]
	at org.apache.maven.surefire.booter.ProviderFactory$ProviderProxy.invoke(ProviderFactory.java:165) [surefire-booter-2.12.4.jar:2.12.4]
	at org.apache.maven.surefire.booter.ProviderFactory.invokeProvider(ProviderFactory.java:85) [surefire-booter-2.12.4.jar:2.12.4]
	at org.apache.maven.surefire.booter.ForkedBooter.runSuitesInProcess(ForkedBooter.java:115) [surefire-booter-2.12.4.jar:2.12.4]
	at org.apache.maven.surefire.booter.ForkedBooter.main(ForkedBooter.java:75) [surefire-booter-2.12.4.jar:2.12.4]
Caused by: org.springframework.beans.factory.UnsatisfiedDependencyException: Error creating bean with name &apos;auctionService&apos;: Unsatisfied dependency expressed through field &apos;auctionDao&apos;; nested exception is org.springframework.beans.factory.UnsatisfiedDependencyException: Error creating bean with name &apos;auctionDAOImplSpring&apos;: Unsatisfied dependency expressed through field &apos;auctionRepository&apos;; nested exception is org.springframework.beans.factory.NoSuchBeanDefinitionException: No qualifying bean of type &apos;org.solent.com504.project.impl.dao.auction.springdata.AuctionRepository&apos; available: expected at least 1 bean which qualifies as autowire candidate. Dependency annotations: {@org.springframework.beans.factory.annotation.Autowired(required=true)}
	at org.springframework.beans.factory.annotation.AutowiredAnnotationBeanPostProcessor$AutowiredFieldElement.inject(AutowiredAnnotationBeanPostProcessor.java:639) ~[spring-beans-5.2.1.RELEASE.jar:5.2.1.RELEASE]
	at org.springframework.beans.factory.annotation.InjectionMetadata.inject(InjectionMetadata.java:116) ~[spring-beans-5.2.1.RELEASE.jar:5.2.1.RELEASE]
	at org.springframework.beans.factory.annotation.AutowiredAnnotationBeanPostProcessor.postProcessProperties(AutowiredAnnotationBeanPostProcessor.java:397) ~[spring-beans-5.2.1.RELEASE.jar:5.2.1.RELEASE]
	at org.springframework.beans.factory.support.AbstractAutowireCapableBeanFactory.populateBean(AbstractAutowireCapableBeanFactory.java:1429) ~[spring-beans-5.2.1.RELEASE.jar:5.2.1.RELEASE]
	at org.springframework.beans.factory.support.AbstractAutowireCapableBeanFactory.doCreateBean(AbstractAutowireCapableBeanFactory.java:594) ~[spring-beans-5.2.1.RELEASE.jar:5.2.1.RELEASE]
	at org.springframework.beans.factory.support.AbstractAutowireCapableBeanFactory.createBean(AbstractAutowireCapableBeanFactory.java:517) ~[spring-beans-5.2.1.RELEASE.jar:5.2.1.RELEASE]
	at org.springframework.beans.factory.support.AbstractBeanFactory.lambda$doGetBean$0(AbstractBeanFactory.java:323) ~[spring-beans-5.2.1.RELEASE.jar:5.2.1.RELEASE]
	at org.springframework.beans.factory.support.DefaultSingletonBeanRegistry.getSingleton(DefaultSingletonBeanRegistry.java:222) ~[spring-beans-5.2.1.RELEASE.jar:5.2.1.RELEASE]
	at org.springframework.beans.factory.support.AbstractBeanFactory.doGetBean(AbstractBeanFactory.java:321) ~[spring-beans-5.2.1.RELEASE.jar:5.2.1.RELEASE]
	at org.springframework.beans.factory.support.AbstractBeanFactory.getBean(AbstractBeanFactory.java:202) ~[spring-beans-5.2.1.RELEASE.jar:5.2.1.RELEASE]
	at org.springframework.beans.factory.support.DefaultListableBeanFactory.preInstantiateSingletons(DefaultListableBeanFactory.java:879) ~[spring-beans-5.2.1.RELEASE.jar:5.2.1.RELEASE]
	at org.springframework.context.support.AbstractApplicationContext.finishBeanFactoryInitialization(AbstractApplicationContext.java:878) ~[spring-context-5.2.3.RELEASE.jar:5.2.3.RELEASE]
	at org.springframework.context.support.AbstractApplicationContext.refresh(AbstractApplicationContext.java:550) ~[spring-context-5.2.3.RELEASE.jar:5.2.3.RELEASE]
	at org.springframework.test.context.support.AbstractGenericContextLoader.loadContext(AbstractGenericContextLoader.java:128) ~[spring-test-5.2.3.RELEASE.jar:5.2.3.RELEASE]
	at org.springframework.test.context.support.AbstractGenericContextLoader.loadContext(AbstractGenericContextLoader.java:60) ~[spring-test-5.2.3.RELEASE.jar:5.2.3.RELEASE]
	at org.springframework.test.context.support.AbstractDelegatingSmartContextLoader.delegateLoading(AbstractDelegatingSmartContextLoader.java:275) ~[spring-test-5.2.3.RELEASE.jar:5.2.3.RELEASE]
	at org.springframework.test.context.support.AbstractDelegatingSmartContextLoader.loadContext(AbstractDelegatingSmartContextLoader.java:243) ~[spring-test-5.2.3.RELEASE.jar:5.2.3.RELEASE]
	at org.springframework.test.context.cache.DefaultCacheAwareContextLoaderDelegate.loadContextInternal(DefaultCacheAwareContextLoaderDelegate.java:99) ~[spring-test-5.2.3.RELEASE.jar:5.2.3.RELEASE]
	at org.springframework.test.context.cache.DefaultCacheAwareContextLoaderDelegate.loadContext(DefaultCacheAwareContextLoaderDelegate.java:124) ~[spring-test-5.2.3.RELEASE.jar:5.2.3.RELEASE]
	... 31 more
Caused by: org.springframework.beans.factory.UnsatisfiedDependencyException: Error creating bean with name &apos;auctionDAOImplSpring&apos;: Unsatisfied dependency expressed through field &apos;auctionRepository&apos;; nested exception is org.springframework.beans.factory.NoSuchBeanDefinitionException: No qualifying bean of type &apos;org.solent.com504.project.impl.dao.auction.springdata.AuctionRepository&apos; available: expected at least 1 bean which qualifies as autowire candidate. Dependency annotations: {@org.springframework.beans.factory.annotation.Autowired(required=true)}
	at org.springframework.beans.factory.annotation.AutowiredAnnotationBeanPostProcessor$AutowiredFieldElement.inject(AutowiredAnnotationBeanPostProcessor.java:639) ~[spring-beans-5.2.1.RELEASE.jar:5.2.1.RELEASE]
	at org.springframework.beans.factory.annotation.InjectionMetadata.inject(InjectionMetadata.java:116) ~[spring-beans-5.2.1.RELEASE.jar:5.2.1.RELEASE]
	at org.springframework.beans.factory.annotation.AutowiredAnnotationBeanPostProcessor.postProcessProperties(AutowiredAnnotationBeanPostProcessor.java:397) ~[spring-beans-5.2.1.RELEASE.jar:5.2.1.RELEASE]
	at org.springframework.beans.factory.support.AbstractAutowireCapableBeanFactory.populateBean(AbstractAutowireCapableBeanFactory.java:1429) ~[spring-beans-5.2.1.RELEASE.jar:5.2.1.RELEASE]
	at org.springframework.beans.factory.support.AbstractAutowireCapableBeanFactory.doCreateBean(AbstractAutowireCapableBeanFactory.java:594) ~[spring-beans-5.2.1.RELEASE.jar:5.2.1.RELEASE]
	at org.springframework.beans.factory.support.AbstractAutowireCapableBeanFactory.createBean(AbstractAutowireCapableBeanFactory.java:517) ~[spring-beans-5.2.1.RELEASE.jar:5.2.1.RELEASE]
	at org.springframework.beans.factory.support.AbstractBeanFactory.lambda$doGetBean$0(AbstractBeanFactory.java:323) ~[spring-beans-5.2.1.RELEASE.jar:5.2.1.RELEASE]
	at org.springframework.beans.factory.support.DefaultSingletonBeanRegistry.getSingleton(DefaultSingletonBeanRegistry.java:222) ~[spring-beans-5.2.1.RELEASE.jar:5.2.1.RELEASE]
	at org.springframework.beans.factory.support.AbstractBeanFactory.doGetBean(AbstractBeanFactory.java:321) ~[spring-beans-5.2.1.RELEASE.jar:5.2.1.RELEASE]
	at org.springframework.beans.factory.support.AbstractBeanFactory.getBean(AbstractBeanFactory.java:202) ~[spring-beans-5.2.1.RELEASE.jar:5.2.1.RELEASE]
	at org.springframework.beans.factory.config.DependencyDescriptor.resolveCandidate(DependencyDescriptor.java:276) ~[spring-beans-5.2.1.RELEASE.jar:5.2.1.RELEASE]
	at org.springframework.beans.factory.support.DefaultListableBeanFactory.doResolveDependency(DefaultListableBeanFactory.java:1287) ~[spring-beans-5.2.1.RELEASE.jar:5.2.1.RELEASE]
	at org.springframework.beans.factory.support.DefaultListableBeanFactory.resolveDependency(DefaultListableBeanFactory.java:1207) ~[spring-beans-5.2.1.RELEASE.jar:5.2.1.RELEASE]
	at org.springframework.beans.factory.annotation.AutowiredAnnotationBeanPostProcessor$AutowiredFieldElement.inject(AutowiredAnnotationBeanPostProcessor.java:636) ~[spring-beans-5.2.1.RELEASE.jar:5.2.1.RELEASE]
	at org.springframework.beans.factory.annotation.InjectionMetadata.inject(InjectionMetadata.java:116) ~[spring-beans-5.2.1.RELEASE.jar:5.2.1.RELEASE]
	at org.springframework.beans.factory.annotation.AutowiredAnnotationBeanPostProcessor.postProcessProperties(AutowiredAnnotationBeanPostProcessor.java:397) ~[spring-beans-5.2.1.RELEASE.jar:5.2.1.RELEASE]
	at org.springframework.beans.factory.support.AbstractAutowireCapableBeanFactory.populateBean(AbstractAutowireCapableBeanFactory.java:1429) ~[spring-beans-5.2.1.RELEASE.jar:5.2.1.RELEASE]
	at org.springframework.beans.factory.support.AbstractAutowireCapableBeanFactory.doCreateBean(AbstractAutowireCapableBeanFactory.java:594) ~[spring-beans-5.2.1.RELEASE.jar:5.2.1.RELEASE]
	at org.springframework.beans.factory.support.AbstractAutowireCapableBeanFactory.createBean(AbstractAutowireCapableBeanFactory.java:517) ~[spring-beans-5.2.1.RELEASE.jar:5.2.1.RELEASE]
	at org.springframework.beans.factory.support.AbstractBeanFactory.lambda$doGetBean$0(AbstractBeanFactory.java:323) ~[spring-beans-5.2.1.RELEASE.jar:5.2.1.RELEASE]
	at org.springframework.beans.factory.support.DefaultSingletonBeanRegistry.getSingleton(DefaultSingletonBeanRegistry.java:222) ~[spring-beans-5.2.1.RELEASE.jar:5.2.1.RELEASE]
	at org.springframework.beans.factory.support.AbstractBeanFactory.doGetBean(AbstractBeanFactory.java:321) ~[spring-beans-5.2.1.RELEASE.jar:5.2.1.RELEASE]
	at org.springframework.beans.factory.support.AbstractBeanFactory.getBean(AbstractBeanFactory.java:202) ~[spring-beans-5.2.1.RELEASE.jar:5.2.1.RELEASE]
	at org.springframework.beans.factory.support.DefaultListableBeanFactory.preInstantiateSingletons(DefaultListableBeanFactory.java:879) ~[spring-beans-5.2.1.RELEASE.jar:5.2.1.RELEASE]
	at org.springframework.context.support.AbstractApplicationContext.finishBeanFactoryInitialization(AbstractApplicationContext.java:878) ~[spring-context-5.2.3.RELEASE.jar:5.2.3.RELEASE]
	at org.springframework.context.support.AbstractApplicationContext.refresh(AbstractApplicationContext.java:550) ~[spring-context-5.2.3.RELEASE.jar:5.2.3.RELEASE]
	at org.springframework.test.context.support.AbstractGenericContextLoader.loadContext(AbstractGenericContextLoader.java:128) ~[spring-test-5.2.3.RELEASE.jar:5.2.3.RELEASE]
	at org.springframework.test.context.support.AbstractGenericContextLoader.loadContext(AbstractGenericContextLoader.java:60) ~[spring-test-5.2.3.RELEASE.jar:5.2.3.RELEASE]
	at org.springframework.test.context.support.AbstractDelegatingSmartContextLoader.delegateLoading(AbstractDelegatingSmartContextLoader.java:275) ~[spring-test-5.2.3.RELEASE.jar:5.2.3.RELEASE]
	at org.springframework.test.context.support.AbstractDelegatingSmartContextLoader.loadContext(AbstractDelegatingSmartContextLoader.java:243) ~[spring-test-5.2.3.RELEASE.jar:5.2.3.RELEASE]
	at org.springframework.test.context.cache.DefaultCacheAwareContextLoaderDelegate.loadContextInternal(DefaultCacheAwareContextLoaderDelegate.java:99) ~[spring-test-5.2.3.RELEASE.jar:5.2.3.RELEASE]
	at org.springframework.test.context.cache.DefaultCacheAwareContextLoaderDelegate.loadContext(DefaultCacheAwareContextLoaderDelegate.java:124) ~[spring-test-5.2.3.RELEASE.jar:5.2.3.RELEASE]
	... 31 more
Caused by: org.springframework.beans.factory.NoSuchBeanDefinitionException: No qualifying bean of type &apos;org.solent.com504.project.impl.dao.auction.springdata.AuctionRepository&apos; available: expected at least 1 bean which qualifies as autowire candidate. Dependency annotations: {@org.springframework.beans.factory.annotation.Autowired(required=true)}
	at org.springframework.beans.factory.support.DefaultListableBeanFactory.raiseNoMatchingBeanFound(DefaultListableBeanFactory.java:1695) ~[spring-beans-5.2.1.RELEASE.jar:5.2.1.RELEASE]
	at org.springframework.beans.factory.support.DefaultListableBeanFactory.doResolveDependency(DefaultListableBeanFactory.java:1253) ~[spring-beans-5.2.1.RELEASE.jar:5.2.1.RELEASE]
	at org.springframework.beans.factory.support.DefaultListableBeanFactory.resolveDependency(DefaultListableBeanFactory.java:1207) ~[spring-beans-5.2.1.RELEASE.jar:5.2.1.RELEASE]
	at org.springframework.beans.factory.annotation.AutowiredAnnotationBeanPostProcessor$AutowiredFieldElement.inject(AutowiredAnnotationBeanPostProcessor.java:636) ~[spring-beans-5.2.1.RELEASE.jar:5.2.1.RELEASE]
	at org.springframework.beans.factory.annotation.InjectionMetadata.inject(InjectionMetadata.java:116) ~[spring-beans-5.2.1.RELEASE.jar:5.2.1.RELEASE]
	at org.springframework.beans.factory.annotation.AutowiredAnnotationBeanPostProcessor.postProcessProperties(AutowiredAnnotationBeanPostProcessor.java:397) ~[spring-beans-5.2.1.RELEASE.jar:5.2.1.RELEASE]
	at org.springframework.beans.factory.support.AbstractAutowireCapableBeanFactory.populateBean(AbstractAutowireCapableBeanFactory.java:1429) ~[spring-beans-5.2.1.RELEASE.jar:5.2.1.RELEASE]
	at org.springframework.beans.factory.support.AbstractAutowireCapableBeanFactory.doCreateBean(AbstractAutowireCapableBeanFactory.java:594) ~[spring-beans-5.2.1.RELEASE.jar:5.2.1.RELEASE]
	at org.springframework.beans.factory.support.AbstractAutowireCapableBeanFactory.createBean(AbstractAutowireCapableBeanFactory.java:517) ~[spring-beans-5.2.1.RELEASE.jar:5.2.1.RELEASE]
	at org.springframework.beans.factory.support.AbstractBeanFactory.lambda$doGetBean$0(AbstractBeanFactory.java:323) ~[spring-beans-5.2.1.RELEASE.jar:5.2.1.RELEASE]
	at org.springframework.beans.factory.support.DefaultSingletonBeanRegistry.getSingleton(DefaultSingletonBeanRegistry.java:222) ~[spring-beans-5.2.1.RELEASE.jar:5.2.1.RELEASE]
	at org.springframework.beans.factory.support.AbstractBeanFactory.doGetBean(AbstractBeanFactory.java:321) ~[spring-beans-5.2.1.RELEASE.jar:5.2.1.RELEASE]
	at org.springframework.beans.factory.support.AbstractBeanFactory.getBean(AbstractBeanFactory.java:202) ~[spring-beans-5.2.1.RELEASE.jar:5.2.1.RELEASE]
	at org.springframework.beans.factory.config.DependencyDescriptor.resolveCandidate(DependencyDescriptor.java:276) ~[spring-beans-5.2.1.RELEASE.jar:5.2.1.RELEASE]
	at org.springframework.beans.factory.support.DefaultListableBeanFactory.doResolveDependency(DefaultListableBeanFactory.java:1287) ~[spring-beans-5.2.1.RELEASE.jar:5.2.1.RELEASE]
	at org.springframework.beans.factory.support.DefaultListableBeanFactory.resolveDependency(DefaultListableBeanFactory.java:1207) ~[spring-beans-5.2.1.RELEASE.jar:5.2.1.RELEASE]
	at org.springframework.beans.factory.annotation.AutowiredAnnotationBeanPostProcessor$AutowiredFieldElement.inject(AutowiredAnnotationBeanPostProcessor.java:636) ~[spring-beans-5.2.1.RELEASE.jar:5.2.1.RELEASE]
	at org.springframework.beans.factory.annotation.InjectionMetadata.inject(InjectionMetadata.java:116) ~[spring-beans-5.2.1.RELEASE.jar:5.2.1.RELEASE]
	at org.springframework.beans.factory.annotation.AutowiredAnnotationBeanPostProcessor.postProcessProperties(AutowiredAnnotationBeanPostProcessor.java:397) ~[spring-beans-5.2.1.RELEASE.jar:5.2.1.RELEASE]
	at org.springframework.beans.factory.support.AbstractAutowireCapableBeanFactory.populateBean(AbstractAutowireCapableBeanFactory.java:1429) ~[spring-beans-5.2.1.RELEASE.jar:5.2.1.RELEASE]
	at org.springframework.beans.factory.support.AbstractAutowireCapableBeanFactory.doCreateBean(AbstractAutowireCapableBeanFactory.java:594) ~[spring-beans-5.2.1.RELEASE.jar:5.2.1.RELEASE]
	at org.springframework.beans.factory.support.AbstractAutowireCapableBeanFactory.createBean(AbstractAutowireCapableBeanFactory.java:517) ~[spring-beans-5.2.1.RELEASE.jar:5.2.1.RELEASE]
	at org.springframework.beans.factory.support.AbstractBeanFactory.lambda$doGetBean$0(AbstractBeanFactory.java:323) ~[spring-beans-5.2.1.RELEASE.jar:5.2.1.RELEASE]
	at org.springframework.beans.factory.support.DefaultSingletonBeanRegistry.getSingleton(DefaultSingletonBeanRegistry.java:222) ~[spring-beans-5.2.1.RELEASE.jar:5.2.1.RELEASE]
	at org.springframework.beans.factory.support.AbstractBeanFactory.doGetBean(AbstractBeanFactory.java:321) ~[spring-beans-5.2.1.RELEASE.jar:5.2.1.RELEASE]
	at org.springframework.beans.factory.support.AbstractBeanFactory.getBean(AbstractBeanFactory.java:202) ~[spring-beans-5.2.1.RELEASE.jar:5.2.1.RELEASE]
	at org.springframework.beans.factory.support.DefaultListableBeanFactory.preInstantiateSingletons(DefaultListableBeanFactory.java:879) ~[spring-beans-5.2.1.RELEASE.jar:5.2.1.RELEASE]
	at org.springframework.context.support.AbstractApplicationContext.finishBeanFactoryInitialization(AbstractApplicationContext.java:878) ~[spring-context-5.2.3.RELEASE.jar:5.2.3.RELEASE]
	at org.springframework.context.support.AbstractApplicationContext.refresh(AbstractApplicationContext.java:550) ~[spring-context-5.2.3.RELEASE.jar:5.2.3.RELEASE]
	at org.springframework.test.context.support.AbstractGenericContextLoader.loadContext(AbstractGenericContextLoader.java:128) ~[spring-test-5.2.3.RELEASE.jar:5.2.3.RELEASE]
	at org.springframework.test.context.support.AbstractGenericContextLoader.loadContext(AbstractGenericContextLoader.java:60) ~[spring-test-5.2.3.RELEASE.jar:5.2.3.RELEASE]
	at org.springframework.test.context.support.AbstractDelegatingSmartContextLoader.delegateLoading(AbstractDelegatingSmartContextLoader.java:275) ~[spring-test-5.2.3.RELEASE.jar:5.2.3.RELEASE]
	at org.springframework.test.context.support.AbstractDelegatingSmartContextLoader.loadContext(AbstractDelegatingSmartContextLoader.java:243) ~[spring-test-5.2.3.RELEASE.jar:5.2.3.RELEASE]
	at org.springframework.test.context.cache.DefaultCacheAwareContextLoaderDelegate.loadContextInternal(DefaultCacheAwareContextLoaderDelegate.java:99) ~[spring-test-5.2.3.RELEASE.jar:5.2.3.RELEASE]
	at org.springframework.test.context.cache.DefaultCacheAwareContextLoaderDelegate.loadContext(DefaultCacheAwareContextLoaderDelegate.java:124) ~[spring-test-5.2.3.RELEASE.jar:5.2.3.RELEASE]
	... 31 more
</system-out>
  </testcase>
</testsuite>